<?xml version="1.0" encoding="UTF-8"?>
<TestSessionContainer xmlns="http://www.codecover.org/xml/testsession-container" Date="1329200713152" TestSessionContainerId="0dddaa26-0ffa-4f57-a35d-5befd2ac7896" version="1.0">
<SrcFileList>
<SrcFile Content="/* ===========================================================&#13;&#10; * JFreeChart : a free chart library for the Java(tm) platform&#13;&#10; * ===========================================================&#13;&#10; *&#13;&#10; * (C) Copyright 2000-2006, by Object Refinery Limited and Contributors.&#13;&#10; *&#13;&#10; * Project Info:  http://www.jfree.org/jfreechart/index.html&#13;&#10; *&#13;&#10; * This library is free software; you can redistribute it and/or modify it &#13;&#10; * under the terms of the GNU Lesser General Public License as published by &#13;&#10; * the Free Software Foundation; either version 2.1 of the License, or &#13;&#10; * (at your option) any later version.&#13;&#10; *&#13;&#10; * This library is distributed in the hope that it will be useful, but &#13;&#10; * WITHOUT ANY WARRANTY; without even the implied warranty of MERCHANTABILITY &#13;&#10; * or FITNESS FOR A PARTICULAR PURPOSE. See the GNU Lesser General Public &#13;&#10; * License for more details.&#13;&#10; *&#13;&#10; * You should have received a copy of the GNU Lesser General Public&#13;&#10; * License along with this library; if not, write to the Free Software&#13;&#10; * Foundation, Inc., 51 Franklin Street, Fifth Floor, Boston, MA  02110-1301, &#13;&#10; * USA.  &#13;&#10; *&#13;&#10; * [Java is a trademark or registered trademark of Sun Microsystems, Inc. &#13;&#10; * in the United States and other countries.]&#13;&#10; *&#13;&#10; * ----------&#13;&#10; * Range.java&#13;&#10; * ----------&#13;&#10; * (C) Copyright 2002-2006, by Object Refinery Limited and Contributors.&#13;&#10; *&#13;&#10; * Original Author:  David Gilbert (for Object Refinery Limited);&#13;&#10; * Contributor(s):   Chuanhao Chiu;&#13;&#10; *                   Bill Kelemen; &#13;&#10; *                   Nicolas Brodu;&#13;&#10; *&#13;&#10; * $Id: Range.java,v 1.7 2006/01/11 12:10:16 mungady Exp $&#13;&#10; *&#13;&#10; * Changes (from 23-Jun-2001)&#13;&#10; * --------------------------&#13;&#10; * 22-Apr-2002 : Version 1, loosely based by code by Bill Kelemen (DG);&#13;&#10; * 30-Apr-2002 : Added getLength() and getCentralValue() methods.  Changed&#13;&#10; *               argument check in constructor (DG);&#13;&#10; * 13-Jun-2002 : Added contains(double) method (DG);&#13;&#10; * 22-Aug-2002 : Added fix to combine method where both ranges are null, thanks&#13;&#10; *               to Chuanhao Chiu for reporting and fixing this (DG);&#13;&#10; * 07-Oct-2002 : Fixed errors reported by Checkstyle (DG);&#13;&#10; * 26-Mar-2003 : Implemented Serializable (DG);&#13;&#10; * 14-Aug-2003 : Added equals() method (DG);&#13;&#10; * 27-Aug-2003 : Added toString() method (BK);&#13;&#10; * 11-Sep-2003 : Added Clone Support (NB);&#13;&#10; * 23-Sep-2003 : Fixed Checkstyle issues (DG);&#13;&#10; * 25-Sep-2003 : Oops, Range immutable, clone not necessary (NB);&#13;&#10; * 05-May-2004 : Added constrain() and intersects() methods (DG);&#13;&#10; * 18-May-2004 : Added expand() method (DG);&#13;&#10; * 11-Jan-2006 : Added new method expandToInclude(Range, double) (DG);&#13;&#10; * &#13;&#10; */&#13;&#10;&#13;&#10;package org.jfree.data;&#13;&#10;&#13;&#10;import java.io.Serializable;&#13;&#10;&#13;&#10;/**&#13;&#10; * Represents an immutable range of values.&#13;&#10; */&#13;&#10;public strictfp class Range implements Serializable {&#13;&#10;&#13;&#10;    /** For serialization. */&#13;&#10;    private static final long serialVersionUID = -906333695431863380L;&#13;&#10;    &#13;&#10;    /** The lower bound of the range. */&#13;&#10;    private double lower;&#13;&#10;&#13;&#10;    /** The upper bound of the range. */&#13;&#10;    private double upper;&#13;&#10;&#13;&#10;    /**&#13;&#10;     * Creates a new range.&#13;&#10;     *&#13;&#10;     * @param lower  the lower bound (must be &lt;= upper bound).&#13;&#10;     * @param upper  the upper bound (must be &gt;= lower bound).&#13;&#10;     */&#13;&#10;    public Range(double lower, double upper) {&#13;&#10;        if (lower &gt; upper) {&#13;&#10;            String msg = &quot;Range(double, double): require lower (&quot; + lower &#13;&#10;                + &quot;) &lt;= upper (&quot; + upper + &quot;).&quot;;&#13;&#10;            throw new IllegalArgumentException(msg);&#13;&#10;        }&#13;&#10;        this.lower = lower;&#13;&#10;        this.upper = upper;&#13;&#10;    }&#13;&#10;&#13;&#10;    /**&#13;&#10;     * Returns the lower bound for the range.&#13;&#10;     *&#13;&#10;     * @return The lower bound.&#13;&#10;     */&#13;&#10;    public double getLowerBound() {&#13;&#10;        return this.lower;&#13;&#10;    }&#13;&#10;&#13;&#10;    /**&#13;&#10;     * Returns the upper bound for the range.&#13;&#10;     *&#13;&#10;     * @return The upper bound.&#13;&#10;     */&#13;&#10;    public double getUpperBound() {&#13;&#10;        return this.upper;&#13;&#10;    }&#13;&#10;&#13;&#10;    /**&#13;&#10;     * Returns the length of the range.&#13;&#10;     *&#13;&#10;     * @return The length.&#13;&#10;     */&#13;&#10;    public double getLength() {&#13;&#10;        return this.upper - this.lower;&#13;&#10;    }&#13;&#10;&#13;&#10;    /**&#13;&#10;     * Returns the central (or median) value for the range.&#13;&#10;     *&#13;&#10;     * @return The central value.&#13;&#10;     */&#13;&#10;    public double getCentralValue() {&#13;&#10;        return this.lower / 2.0 + this.upper / 2.0;&#13;&#10;    }&#13;&#10;&#13;&#10;    /**&#13;&#10;     * Returns &lt;code&gt;true&lt;/code&gt; if the specified value is within the range and &#13;&#10;     * &lt;code&gt;false&lt;/code&gt; otherwise.&#13;&#10;     *&#13;&#10;     * @param value  the value to be tested&#13;&#10;     *&#13;&#10;     * @return &lt;code&gt;true&lt;/code&gt; if the range contains the specified value.&#13;&#10;     */&#13;&#10;    public boolean contains(double value) {&#13;&#10;        return (value &gt;= this.lower &amp;&amp; value &lt;= this.upper);&#13;&#10;    }&#13;&#10;    &#13;&#10;    /**&#13;&#10;     * Returns &lt;code&gt;true&lt;/code&gt; if the range intersects (overlaps) with the&#13;&#10;     * specified range, and &lt;code&gt;false&lt;/code&gt; otherwise.&#13;&#10;     * &#13;&#10;     * @param lower  the lower bound (should be &lt;= upper bound).&#13;&#10;     * @param upper  the upper bound (should be &gt;= lower bound).&#13;&#10;     * &#13;&#10;     * @return &lt;code&gt;true&lt;/code&gt; if the ranges intersect.&#13;&#10;     */&#13;&#10;    public boolean intersects(double lower, double upper) {&#13;&#10;        if (lower &lt;= this.lower) {&#13;&#10;            return (upper &gt; this.lower);&#13;&#10;        }&#13;&#10;        else {&#13;&#10;            return (upper &lt; this.upper &amp;&amp; upper &gt;= lower);&#13;&#10;        }&#13;&#10;    }&#13;&#10;&#13;&#10;    /**&#13;&#10;     * Returns the value within the range that is closest to the specified &#13;&#10;     * value.&#13;&#10;     * &#13;&#10;     * @param value  the value to find the closest in-range value of.&#13;&#10;     * &#13;&#10;     * @return The constrained value. If value is within the range, will return&#13;&#10;     * the input value. &#13;&#10;     */&#13;&#10;    public double constrain(double value) {&#13;&#10;        double result = value;&#13;&#10;        if (!contains(value)) {&#13;&#10;            if (value &gt; this.upper) {&#13;&#10;                result = this.upper;   &#13;&#10;            }&#13;&#10;            else if (value &lt; this.lower) {&#13;&#10;                result = this.lower;   &#13;&#10;            }&#13;&#10;        }&#13;&#10;        return result;&#13;&#10;    }&#13;&#10;    &#13;&#10;    /**&#13;&#10;     * Creates a new range by combining two existing ranges.&#13;&#10;     * &lt;P&gt;&#13;&#10;     * Note that:&#13;&#10;     * &lt;ul&gt;&#13;&#10;     *   &lt;li&gt;either range can be &lt;code&gt;null&lt;/code&gt;, in which case the other &#13;&#10;     *       range is returned;&lt;/li&gt;&#13;&#10;     *   &lt;li&gt;if both ranges are &lt;code&gt;null&lt;/code&gt; the return value is &#13;&#10;     *       &lt;code&gt;null&lt;/code&gt;.&lt;/li&gt;&#13;&#10;     * &lt;/ul&gt;&#13;&#10;     *&#13;&#10;     * @param range1  the first range (&lt;code&gt;null&lt;/code&gt; permitted).&#13;&#10;     * @param range2  the second range (&lt;code&gt;null&lt;/code&gt; permitted).&#13;&#10;     *&#13;&#10;     * @return A new range subsuming both input ranges (possibly &lt;code&gt;null&lt;/code&gt;).&#13;&#10;     */&#13;&#10;    public static Range combine(Range range1, Range range2) {&#13;&#10;        if (range1 == null) {&#13;&#10;            return range2;&#13;&#10;        }&#13;&#10;        else {&#13;&#10;            if (range2 == null) {&#13;&#10;                return range2;&#13;&#10;            }&#13;&#10;            else {&#13;&#10;                double l = Math.min(range1.getLowerBound(), &#13;&#10;                        range2.getLowerBound());&#13;&#10;                double u = Math.max(range1.getUpperBound(), &#13;&#10;                        range2.getUpperBound());&#13;&#10;                return new Range(l, u);&#13;&#10;            }&#13;&#10;        }&#13;&#10;    }&#13;&#10;    &#13;&#10;    /**&#13;&#10;     * Returns a range that includes all the values in the specified &#13;&#10;     * &lt;code&gt;range&lt;/code&gt; AND contains the specified &lt;code&gt;value&lt;/code&gt;.&#13;&#10;     * &#13;&#10;     * @param range  the range (&lt;code&gt;null&lt;/code&gt; permitted).&#13;&#10;     * @param value  the value that must be included.&#13;&#10;     * &#13;&#10;     * @return A range which spans over the input range, and has been expanded to contain the input value.&#13;&#10;     */&#13;&#10;    public static Range expandToInclude(Range range, double value) {&#13;&#10;        if (range == null) {&#13;&#10;            return new Range(value, value);&#13;&#10;        }&#13;&#10;        if (value &lt; range.getLowerBound()) {&#13;&#10;            return new Range(value, range.getUpperBound());&#13;&#10;        }&#13;&#10;        else if (value &gt; range.getUpperBound()) {&#13;&#10;            return new Range(range.getLowerBound(), value);&#13;&#10;        }&#13;&#10;        else {&#13;&#10;            return range;&#13;&#10;        }&#13;&#10;    }&#13;&#10;    &#13;&#10;    /**&#13;&#10;     * Creates a new range by adding margins to an existing range.&#13;&#10;     * For example: expand(new Range(2, 6), 0.25, 0.5) returns a range from 1 to 8.&#13;&#10;     * &#13;&#10;     * @param range  the range (&lt;code&gt;null&lt;/code&gt; not permitted).&#13;&#10;     * @param lowerMargin  the lower margin (expressed as a percentage of the &#13;&#10;     *                     range length).&#13;&#10;     * @param upperMargin  the upper margin (expressed as a percentage of the &#13;&#10;     *                     range length).&#13;&#10;     * &#13;&#10;     * @return The expanded range.&#13;&#10;     */&#13;&#10;    public static Range expand(Range range, &#13;&#10;                               double lowerMargin, double upperMargin) {&#13;&#10;        if (range == null) {&#13;&#10;            throw new IllegalArgumentException(&quot;Null 'range' argument.&quot;);   &#13;&#10;        }&#13;&#10;        double length = range.getLength();&#13;&#10;        double lower = length * lowerMargin;&#13;&#10;        double upper = length * upperMargin;&#13;&#10;        return new Range(range.getLowerBound() - lower, &#13;&#10;                range.getUpperBound() + upper);&#13;&#10;    }&#13;&#10;&#13;&#10;    /**&#13;&#10;     * Returns a range the size of the input range, which has been moved positively&#13;&#10;     * (to the right) by the delta value. Is equivalent to shift(base, delta, false)&#13;&#10;     * (does not allow zero crossing).&#13;&#10;     * &#13;&#10;     * @param base  the base range.&#13;&#10;     * @param delta  the amount to shift right by.&#13;&#10;     * &#13;&#10;     * @return A range representing the base range shifted right by delta.&#13;&#10;     */&#13;&#10;    public static Range shift(Range base, double delta) {&#13;&#10;        return shift(base, delta, false);&#13;&#10;    }&#13;&#10;    &#13;&#10;    /**&#13;&#10;     * Returns a range the size of the input range, which has been moved positively&#13;&#10;     * (to the right) by the delta value. If allowZeroCrossing is false, any bound which crosses the zero mark after shifting&#13;&#10;     * (either from negative to positive, or positive to negative), will become &#13;&#10;     * zero.&#13;&#10;     * &#13;&#10;     * @param base  the base range.&#13;&#10;     * @param delta  the shift amount.&#13;&#10;     * @param allowZeroCrossing  a flag that determines whether or not the &#13;&#10;     *                           bounds of the range are allowed to cross&#13;&#10;     *                           zero after adjustment.&#13;&#10;     * &#13;&#10;     * @return A range representing the base range shifted right by delta.&#13;&#10;     */&#13;&#10;    public static Range shift(Range base, double delta, &#13;&#10;                              boolean allowZeroCrossing) {&#13;&#10;        if (allowZeroCrossing) {&#13;&#10;            return new Range(base.getLowerBound() + delta, &#13;&#10;                    base.getUpperBound() + delta);&#13;&#10;        }&#13;&#10;        else {&#13;&#10;            return new Range(shiftWithNoZeroCrossing(base.getLowerBound(), &#13;&#10;                    delta), shiftWithNoZeroCrossing(base.getUpperBound(), &#13;&#10;                    delta));&#13;&#10;        }&#13;&#10;    }&#13;&#10;&#13;&#10;    /**&#13;&#10;     * Returns the given &lt;code&gt;value&lt;/code&gt; adjusted by &lt;code&gt;delta&lt;/code&gt; but&#13;&#10;     * with a check to prevent the result from crossing &lt;code&gt;0.0&lt;/code&gt;.&#13;&#10;     * &#13;&#10;     * @param value  the value.&#13;&#10;     * @param delta  the adjustment.&#13;&#10;     * &#13;&#10;     * @return The adjusted value.&#13;&#10;     */&#13;&#10;    private static double shiftWithNoZeroCrossing(double value, double delta) {&#13;&#10;        if (value &gt; 0.0) {&#13;&#10;            return Math.max(value + delta, 0.0);  &#13;&#10;        }&#13;&#10;        else if (value &lt; 0.0) {&#13;&#10;            return Math.min(value + delta, 0.0);&#13;&#10;        }&#13;&#10;        else {&#13;&#10;            return value + delta;   &#13;&#10;        }&#13;&#10;    }&#13;&#10;    &#13;&#10;    /**&#13;&#10;     * Tests this object for equality with an arbitrary object.&#13;&#10;     *&#13;&#10;     * @param obj  the object to test against (&lt;code&gt;null&lt;/code&gt; permitted).&#13;&#10;     *&#13;&#10;     * @return &lt;code&gt;true&lt;/code&gt; if the input object is an equivalent range.&#13;&#10;     */&#13;&#10;    public boolean equals(Object obj) {&#13;&#10;        if (!(obj instanceof Range)) {&#13;&#10;            return false;&#13;&#10;        }&#13;&#10;        Range range = (Range) obj;&#13;&#10;        if (!(this.lower == range.lower)) {&#13;&#10;            return false;&#13;&#10;        }&#13;&#10;        if (!(this.upper == range.upper)) {&#13;&#10;            return true;&#13;&#10;        }&#13;&#10;        return true;&#13;&#10;    }&#13;&#10;&#13;&#10;    /**&#13;&#10;     * Returns a hash code. The hash code should be an integer which is&#13;&#10;     * deterministically calculated for any range.&#13;&#10;     * &#13;&#10;     * @return A hash code for this range.&#13;&#10;     */&#13;&#10;    public int hashCode() {&#13;&#10;        int result;&#13;&#10;        long temp;&#13;&#10;        temp = Double.doubleToLongBits(this.lower);&#13;&#10;        result = (int) (temp ^ (temp &gt;&gt;&gt; 32));&#13;&#10;        temp = Double.doubleToLongBits(this.upper);&#13;&#10;        result = 29 * result + (int) (temp ^ (temp &gt;&gt;&gt; 32));&#13;&#10;        return result;&#13;&#10;    }&#13;&#10;&#13;&#10;    /**&#13;&#10;     * Returns a string representation of this Range.&#13;&#10;     *&#13;&#10;     * @return A String &quot;Range[lower,upper]&quot; where lower=lower range and &#13;&#10;     *         upper=upper range.&#13;&#10;     */&#13;&#10;    public String toString() {&#13;&#10;        return (&quot;Range[&quot; + this.lower + &quot;,&quot; + this.upper + &quot;]&quot;);&#13;&#10;    }&#13;&#10;&#13;&#10;}" Filename="Range.java" Intrnl_Id="1"/>
<SrcFile Content="package org.jfree.data;&#10;&#10;import static org.junit.Assert.assertEquals;&#10;import static org.junit.Assert.assertFalse;&#10;import static org.junit.Assert.assertTrue;&#10;&#10;import org.jfree.util.SortOrder;&#10;import org.junit.Test;&#10;&#10;&#10;public class DefaultKeyedValuesTest {&#10;&#9;//tests for method 1&#10;&#9;@Test&#10;&#9;public void testConstructor() {&#10;&#9;&#9;DefaultKeyedValues testDKV = new DefaultKeyedValues();&#10;&#9;&#9;assertTrue(testDKV.getItemCount() == 0);&#10;&#9;}&#10;&#9;&#10;&#9;//tests for method 2&#10;&#9;@Test&#10;&#9;public void testGetItemCount_DKVHasZeroEntries() {&#10;&#9;&#9;DefaultKeyedValues testDKV = new DefaultKeyedValues();&#10;&#9;&#9;int expected = 0;&#10;&#9;&#9;int actual = testDKV.getItemCount();&#10;&#9;&#9;&#10;&#9;&#9;assertTrue(actual == expected);&#10;&#9;}&#10;&#9;&#10;&#9;@Test&#10;&#9;public void testGetItemCount_DKVHasOneEntry() {&#10;&#9;&#9;DefaultKeyedValues testDKV = new DefaultKeyedValues();&#10;&#9;&#9;testDKV.addValue(new Integer(0), 1.0);&#10;&#9;&#9;int expected = 1;&#10;&#9;&#9;int actual = testDKV.getItemCount();&#10;&#9;&#9;&#10;&#9;&#9;assertTrue(actual == expected);&#10;&#9;}&#10;&#9;&#10;&#9;@Test&#10;&#9;public void testGetItemCount_DKVHasFiveEntries() {&#10;&#9;&#9;DefaultKeyedValues testDKV = new DefaultKeyedValues();&#10;&#9;&#9;for(int i = 0; i &lt; 5; i++) {&#10;&#9;&#9;&#9;testDKV.addValue(new Integer(i), i);&#10;&#9;&#9;}&#10;&#9;&#9;&#9;&#10;&#9;&#9;int expected = 5;&#10;&#9;&#9;int actual = testDKV.getItemCount();&#10;&#9;&#9;&#10;&#9;&#9;assertTrue(actual == expected);&#10;&#9;}&#10;&#9;&#10;&#9;//tests for method 3&#10;&#9;@Test&#10;&#9;public void testGetValue_indexIsZero() {&#10;&#9;&#9;DefaultKeyedValues testDKV = new DefaultKeyedValues();&#10;&#9;&#9;for(int i = 0; i &lt; 5; i++) {&#10;&#9;&#9;&#9;testDKV.addValue(new Integer(i), i);&#10;&#9;&#9;}&#10;&#9;&#9;&#9;&#10;&#9;&#9;double expected = 0;&#10;&#9;&#9;double actual = (Double) testDKV.getValue(0);&#10;&#9;&#9;&#10;&#9;&#9;assertTrue(actual == expected);&#10;&#9;}&#10;&#9;&#10;&#9;@Test&#10;&#9;public void testGetValue_indexIsHighestInRange() {&#10;&#9;&#9;DefaultKeyedValues testDKV = new DefaultKeyedValues();&#10;&#9;&#9;for(int i = 0; i &lt; 5; i++) {&#10;&#9;&#9;&#9;testDKV.addValue(new Integer(i), i);&#10;&#9;&#9;}&#10;&#9;&#9;&#9;&#10;&#9;&#9;double expected = 4;&#10;&#9;&#9;double actual = (Double) testDKV.getValue(4);&#10;&#9;&#9;&#10;&#9;&#9;assertTrue(actual == expected);&#10;&#9;}&#10;&#9;&#10;&#9;@Test&#10;&#9;public void testGetValue_indexIsOutOfBounds() {&#10;&#9;&#9;DefaultKeyedValues testDKV = new DefaultKeyedValues();&#10;&#9;&#9;for(int i = 0; i &lt; 5; i++) {&#10;&#9;&#9;&#9;testDKV.addValue(new Integer(i), i);&#10;&#9;&#9;}&#10;&#9;&#9;&#9;&#10;&#9;&#9;boolean testPassed = false;&#10;&#9;&#9;try {&#10;&#9;&#9;&#9;testDKV.getValue(5);&#10;&#9;&#9;} catch(IndexOutOfBoundsException e) {&#10;&#9;&#9;&#9;testPassed = true;&#10;&#9;&#9;} finally {&#10;&#9;&#9;&#9;assertTrue(testPassed);&#10;&#9;&#9;}&#10;&#9;}&#10;&#9;&#10;&#9;//tests for method 4&#10;&#9;@Test&#10;&#9;public void testGetKey_indexIsZero() {&#10;&#9;&#9;DefaultKeyedValues testDKV = new DefaultKeyedValues();&#10;&#9;&#9;for(int i = 0; i &lt; 5; i++) {&#10;&#9;&#9;&#9;testDKV.addValue(new Integer(i), i);&#10;&#9;&#9;}&#10;&#9;&#9;&#9;&#10;&#9;&#9;int expected = 0;&#10;&#9;&#9;int actual = (Integer) testDKV.getKey(0);&#10;&#9;&#9;&#10;&#9;&#9;assertTrue(actual == expected);&#10;&#9;}&#10;&#9;&#10;&#9;@Test&#10;&#9;public void testGetKey_indexIsHighestInRange() {&#10;&#9;&#9;DefaultKeyedValues testDKV = new DefaultKeyedValues();&#10;&#9;&#9;for(int i = 0; i &lt; 5; i++) {&#10;&#9;&#9;&#9;testDKV.addValue(new Integer(i), i);&#10;&#9;&#9;}&#10;&#9;&#9;&#9;&#10;&#9;&#9;int expected = 4;&#10;&#9;&#9;int actual = (Integer) testDKV.getKey(4);&#10;&#9;&#9;&#10;&#9;&#9;assertTrue(actual == expected);&#10;&#9;}&#10;&#9;&#10;&#9;@Test&#10;&#9;public void testGetKey_indexIsOutOfBounds() {&#10;&#9;&#9;DefaultKeyedValues testDKV = new DefaultKeyedValues();&#10;&#9;&#9;for(int i = 0; i &lt; 5; i++) {&#10;&#9;&#9;&#9;testDKV.addValue(new Integer(i), i);&#10;&#9;&#9;}&#10;&#9;&#9;&#9;&#10;&#9;&#9;boolean testPassed = false;&#10;&#9;&#9;try {&#10;&#9;&#9;&#9;testDKV.getKey(5);&#10;&#9;&#9;} catch(IndexOutOfBoundsException e) {&#10;&#9;&#9;&#9;testPassed = true;&#10;&#9;&#9;} finally {&#10;&#9;&#9;&#9;assertTrue(testPassed);&#10;&#9;&#9;}&#10;&#9;}&#10;&#9;&#10;&#9;//tests for method 5&#10;&#9;@Test&#10;&#9;public void testGetIndex_keyIsValid() {&#10;&#9;&#9;DefaultKeyedValues testDKV = new DefaultKeyedValues();&#10;&#9;&#9;for(int i = 1; i &lt; 6; i++) {&#10;&#9;&#9;&#9;testDKV.addValue(new Integer(i), i);&#10;&#9;&#9;}&#10;&#9;&#9;&#9;&#10;&#9;&#9;int expected = 2;&#10;&#9;&#9;int actual = (Integer) testDKV.getIndex(new Integer(3));&#10;&#9;&#9;&#10;&#9;&#9;assertTrue(actual == expected);&#10;&#9;}&#10;&#9;&#10;&#9;@Test&#10;&#9;public void testGetIndex_keyIsFoundInZerothElement() {&#10;&#9;&#9;DefaultKeyedValues testDKV = new DefaultKeyedValues();&#10;&#9;&#9;for(int i = 1; i &lt; 6; i++) {&#10;&#9;&#9;&#9;testDKV.addValue(new Integer(i), i);&#10;&#9;&#9;}&#10;&#9;&#9;&#9;&#10;&#9;&#9;int expected = 0;&#10;&#9;&#9;int actual = (Integer) testDKV.getIndex(new Integer(1));&#10;&#9;&#9;&#10;&#9;&#9;assertTrue(actual == expected);&#10;&#9;}&#10;&#9;&#10;&#9;@Test&#10;&#9;public void testGetIndex_keyIsFoundInLastElement() {&#10;&#9;&#9;DefaultKeyedValues testDKV = new DefaultKeyedValues();&#10;&#9;&#9;for(int i = 1; i &lt; 6; i++) {&#10;&#9;&#9;&#9;testDKV.addValue(new Integer(i), i);&#10;&#9;&#9;}&#10;&#9;&#9;&#9;&#10;&#9;&#9;int expected = 4;&#10;&#9;&#9;int actual = (Integer) testDKV.getIndex(new Integer(5));&#10;&#9;&#9;&#10;&#9;&#9;assertTrue(actual == expected);&#10;&#9;}&#10;&#9;&#10;&#9;@Test&#10;&#9;public void testGetIndex_keyNotInTable() {&#10;&#9;&#9;DefaultKeyedValues testDKV = new DefaultKeyedValues();&#10;&#9;&#9;for(int i = 1; i &lt; 6; i++) {&#10;&#9;&#9;&#9;testDKV.addValue(new Integer(i), i);&#10;&#9;&#9;}&#10;&#9;&#9;&#9;&#10;&#9;&#9;int expected = -1;&#10;&#9;&#9;int actual = (Integer) testDKV.getIndex(new Integer(12));&#10;&#9;&#9;&#10;&#9;&#9;assertTrue(actual == expected);&#10;&#9;}&#10;&#9;&#10;&#9;//tests for method 6&#10;&#9;@Test&#10;&#9;public void testGetKeys_emptyDKVUsed() {&#10;&#9;&#9;DefaultKeyedValues testDKV = new DefaultKeyedValues();&#10;&#9;&#9;&#10;&#9;&#9;int expected = 0;&#10;&#9;&#9;int actual = testDKV.getKeys().size();&#10;&#9;&#9;&#10;&#9;&#9;assertTrue(actual == expected);&#10;&#9;}&#10;&#9;&#10;&#9;@Test&#10;&#9;public void testGetKeys_oneElementDKVUsed() {&#10;&#9;&#9;DefaultKeyedValues testDKV = new DefaultKeyedValues();&#10;&#9;&#9;testDKV.addValue(new Integer(0), 1.0);&#10;&#9;&#9;&#10;&#9;&#9;int expected = 1;&#10;&#9;&#9;int actual = testDKV.getKeys().size();&#10;&#9;&#9;&#10;&#9;&#9;assertTrue(actual == expected);&#10;&#9;&#9;&#10;&#9;&#9;assertEquals(0, testDKV.getKeys().get(0));&#10;&#9;}&#10;&#9;&#10;&#9;@Test&#10;&#9;public void testGetKeys_fiveElementDKVUsed() {&#10;&#9;&#9;DefaultKeyedValues testDKV = new DefaultKeyedValues();&#10;&#9;&#9;for(int i = 0; i &lt; 5; i++) {&#10;&#9;&#9;&#9;testDKV.addValue(new Integer(i), i);&#10;&#9;&#9;}&#10;&#9;&#9;&#10;&#9;&#9;int expected = 5;&#10;&#9;&#9;int actual = testDKV.getKeys().size();&#10;&#9;&#9;&#10;&#9;&#9;assertTrue(actual == expected);&#10;&#9;&#9;&#10;&#9;&#9;for(int i = 0; i &lt; 5; i++) {&#10;&#9;&#9;&#9;assertEquals(i, testDKV.getKeys().get(i));&#10;&#9;&#9;}&#10;&#9;}&#10;&#9;&#10;&#9;//tests for method 7&#10;&#9;@Test&#10;&#9;public void testGetValue_validKeyNullValue() {&#10;&#9;&#9;DefaultKeyedValues testDKV = new DefaultKeyedValues();&#10;&#9;&#9;for(int i = 0; i &lt; 5; i++) {&#10;&#9;&#9;&#9;testDKV.addValue(new Integer(i), i);&#10;&#9;&#9;}&#10;&#9;&#9;testDKV.addValue(new Integer(5), null);&#10;&#9;&#9;&#9;&#10;&#9;&#9;Double expected = null;&#10;&#9;&#9;Double actual = (Double) testDKV.getValue(new Integer(5));&#10;&#9;&#9;&#10;&#9;&#9;assertTrue(actual == expected);&#10;&#9;}&#10;&#9;&#10;&#9;@Test&#10;&#9;public void testGetValue_validKeyNonNullValue() {&#10;&#9;&#9;DefaultKeyedValues testDKV = new DefaultKeyedValues();&#10;&#9;&#9;for(int i = 0; i &lt; 5; i++) {&#10;&#9;&#9;&#9;testDKV.addValue(new Integer(i), i);&#10;&#9;&#9;}&#10;&#9;&#9;&#9;&#10;&#9;&#9;double expected = 4.0;&#10;&#9;&#9;double actual = (Double) testDKV.getValue(new Integer(4));&#10;&#9;&#9;&#10;&#9;&#9;assertTrue(actual == expected);&#10;&#9;}&#10;&#9;&#10;&#9;@Test&#10;&#9;public void testGetValue_invalidKey() {&#10;&#9;&#9;DefaultKeyedValues testDKV = new DefaultKeyedValues();&#10;&#9;&#9;for(int i = 0; i &lt; 5; i++) {&#10;&#9;&#9;&#9;testDKV.addValue(new Integer(i), i);&#10;&#9;&#9;}&#10;&#9;&#9;&#9;&#10;&#9;&#9;boolean testPassed = false;&#10;&#9;&#9;&#10;&#9;&#9;try {&#10;&#9;&#9;&#9;testDKV.getValue(new Integer(5));&#10;&#9;&#9;} catch (UnknownKeyException e) {&#10;&#9;&#9;&#9;testPassed = true;&#10;&#9;&#9;} finally {&#10;&#9;&#9;&#9;assertTrue(testPassed);&#10;&#9;&#9;}&#10;&#9;}&#10;&#9;&#10;&#9;//tests for method 8&#10;&#9;@Test&#10;&#9;public void testAddValue_ValueAndKeyNotInTable() {&#10;&#9;&#9;DefaultKeyedValues testDKV = new DefaultKeyedValues();&#10;&#9;&#9;for(int i = 0; i &lt; 5; i++) {&#10;&#9;&#9;&#9;testDKV.addValue(new Integer(i), i);&#10;&#9;&#9;}&#10;&#9;&#9;&#10;&#9;&#9;testDKV.addValue((Integer)5, 10.0);&#10;&#9;&#9;&#10;&#9;&#9;double expected = 10.0;&#10;&#9;&#9;double actual = (Double) testDKV.getValue((Integer)5);&#10;&#9;&#9;&#10;&#9;&#9;assertTrue(expected == actual);&#10;&#9;}&#10;&#9;&#10;&#9;@Test&#10;&#9;public void testAddValue_NullKeyPassed() {&#10;&#9;&#9;DefaultKeyedValues testDKV = new DefaultKeyedValues();&#10;&#9;&#9;for(int i = 0; i &lt; 5; i++) {&#10;&#9;&#9;&#9;testDKV.addValue(new Integer(i), i);&#10;&#9;&#9;}&#10;&#9;&#9;&#10;&#9;&#9;boolean testPassed = false;&#10;&#9;&#9;&#10;&#9;&#9;try {&#10;&#9;&#9;&#9;testDKV.addValue(null, 10.0);&#10;&#9;&#9;} catch (Exception e) {&#10;&#9;&#9;&#9;testPassed = true;&#10;&#9;&#9;} finally {&#10;&#9;&#9;&#9;assertTrue(testPassed);&#10;&#9;&#9;}&#10;&#9;}&#10;&#9;&#10;&#9;@Test&#10;&#9;public void testAddValue_ValueNotInTableKeyInTable() {&#10;&#9;&#9;DefaultKeyedValues testDKV = new DefaultKeyedValues();&#10;&#9;&#9;for(int i = 0; i &lt; 5; i++) {&#10;&#9;&#9;&#9;testDKV.addValue(new Integer(i), i);&#10;&#9;&#9;}&#10;&#9;&#9;&#10;&#9;&#9;testDKV.addValue((Integer)4, 10.0);&#10;&#9;&#9;&#10;&#9;&#9;double expected = 10.0;&#10;&#9;&#9;double actual = (Double) testDKV.getValue((Integer)4);&#10;&#9;&#9;&#10;&#9;&#9;assertTrue(expected == actual);&#10;&#9;}&#10;&#9;&#10;&#9;//tests for method 9&#10;&#9;@Test&#10;&#9;public void testAddValueOverloaded_ValueAndKeyNotInTable() {&#10;&#9;&#9;DefaultKeyedValues testDKV = new DefaultKeyedValues();&#10;&#9;&#9;for(int i = 0; i &lt; 5; i++) {&#10;&#9;&#9;&#9;testDKV.addValue(new Integer(i), i);&#10;&#9;&#9;}&#10;&#9;&#9;&#10;&#9;&#9;testDKV.addValue((Integer)5, (Number)10.0);&#10;&#9;&#9;&#10;&#9;&#9;Number expected = 10.0;&#10;&#9;&#9;Number actual = (Number) testDKV.getValue((Integer)5);&#10;&#9;&#9;&#10;&#9;&#9;assertTrue(expected.equals(actual));&#10;&#9;}&#10;&#9;&#10;&#9;@Test&#10;&#9;public void testAddValueOverloaded_NullKeyPassed() {&#10;&#9;&#9;DefaultKeyedValues testDKV = new DefaultKeyedValues();&#10;&#9;&#9;for(int i = 0; i &lt; 5; i++) {&#10;&#9;&#9;&#9;testDKV.addValue(new Integer(i), i);&#10;&#9;&#9;}&#10;&#9;&#9;&#10;&#9;&#9;boolean testPassed = false;&#10;&#9;&#9;&#10;&#9;&#9;try {&#10;&#9;&#9;&#9;testDKV.addValue(null, (Number)10.0);&#10;&#9;&#9;} catch (Exception e) {&#10;&#9;&#9;&#9;testPassed = true;&#10;&#9;&#9;} finally {&#10;&#9;&#9;&#9;assertTrue(testPassed);&#10;&#9;&#9;}&#10;&#9;}&#10;&#9;&#10;&#9;@Test&#10;&#9;public void testAddValueOverloaded_ValueNotInTableKeyInTable() {&#10;&#9;&#9;DefaultKeyedValues testDKV = new DefaultKeyedValues();&#10;&#9;&#9;for(int i = 0; i &lt; 5; i++) {&#10;&#9;&#9;&#9;testDKV.addValue(new Integer(i), i);&#10;&#9;&#9;}&#10;&#9;&#9;&#10;&#9;&#9;testDKV.addValue((Integer)4, (Number)10.0);&#10;&#9;&#9;&#10;&#9;&#9;Double expected = 10.0;&#10;&#9;&#9;Double actual = (Double) testDKV.getValue((Integer)4);&#10;&#9;&#9;&#10;&#9;&#9;assertTrue(expected.equals(actual));&#10;&#9;}&#10;&#9;&#10;&#9;//tests for method 10&#10;&#9;@Test&#10;&#9;public void testSetValue_ValueAndKeyNotInTable() {&#10;&#9;&#9;DefaultKeyedValues testDKV = new DefaultKeyedValues();&#10;&#9;&#9;for(int i = 0; i &lt; 5; i++) {&#10;&#9;&#9;&#9;testDKV.addValue(new Integer(i), i);&#10;&#9;&#9;}&#10;&#9;&#9;&#10;&#9;&#9;testDKV.setValue((Integer)5, 10.0);&#10;&#9;&#9;&#10;&#9;&#9;double expected = 10.0;&#10;&#9;&#9;double actual = (Double) testDKV.getValue((Integer)5);&#10;&#9;&#9;&#10;&#9;&#9;assertTrue(expected == actual);&#10;&#9;}&#10;&#9;&#10;&#9;@Test&#10;&#9;public void testSetValue_NullKeyPassed() {&#10;&#9;&#9;DefaultKeyedValues testDKV = new DefaultKeyedValues();&#10;&#9;&#9;for(int i = 0; i &lt; 5; i++) {&#10;&#9;&#9;&#9;testDKV.addValue(new Integer(i), i);&#10;&#9;&#9;}&#10;&#9;&#9;&#10;&#9;&#9;boolean testPassed = false;&#10;&#9;&#9;&#10;&#9;&#9;try {&#10;&#9;&#9;&#9;testDKV.setValue(null, 10.0);&#10;&#9;&#9;} catch (Exception e) {&#10;&#9;&#9;&#9;testPassed = true;&#10;&#9;&#9;} finally {&#10;&#9;&#9;&#9;assertTrue(testPassed);&#10;&#9;&#9;}&#10;&#9;}&#10;&#9;&#10;&#9;@Test&#10;&#9;public void testSetValue_ValueNotInTableKeyInTable() {&#10;&#9;&#9;DefaultKeyedValues testDKV = new DefaultKeyedValues();&#10;&#9;&#9;for(int i = 0; i &lt; 5; i++) {&#10;&#9;&#9;&#9;testDKV.addValue(new Integer(i), i);&#10;&#9;&#9;}&#10;&#9;&#9;&#10;&#9;&#9;testDKV.setValue((Integer)4, 10.0);&#10;&#9;&#9;&#10;&#9;&#9;double expected = 10.0;&#10;&#9;&#9;double actual = (Double) testDKV.getValue((Integer)4);&#10;&#9;&#9;&#10;&#9;&#9;assertTrue(expected == actual);&#10;&#9;}&#10;&#9;&#10;&#9;//tests for method 11&#10;&#9;@Test&#10;&#9;public void testSetValueOverloaded_ValueAndKeyNotInTable() {&#10;&#9;&#9;DefaultKeyedValues testDKV = new DefaultKeyedValues();&#10;&#9;&#9;for(int i = 0; i &lt; 5; i++) {&#10;&#9;&#9;&#9;testDKV.addValue(new Integer(i), i);&#10;&#9;&#9;}&#10;&#9;&#9;&#10;&#9;&#9;testDKV.setValue((Integer)5, (Number)10.0);&#10;&#9;&#9;&#10;&#9;&#9;Number expected = 10.0;&#10;&#9;&#9;Number actual = (Number) testDKV.getValue((Integer)5);&#10;&#9;&#9;&#10;&#9;&#9;assertTrue(expected.equals(actual));&#10;&#9;}&#10;&#9;&#10;&#9;@Test&#10;&#9;public void testSetValueOverloaded_NullKeyPassed() {&#10;&#9;&#9;DefaultKeyedValues testDKV = new DefaultKeyedValues();&#10;&#9;&#9;for(int i = 0; i &lt; 5; i++) {&#10;&#9;&#9;&#9;testDKV.addValue(new Integer(i), i);&#10;&#9;&#9;}&#10;&#9;&#9;&#10;&#9;&#9;boolean testPassed = false;&#10;&#9;&#9;&#10;&#9;&#9;try {&#10;&#9;&#9;&#9;testDKV.setValue(null, (Number)10.0);&#10;&#9;&#9;} catch (Exception e) {&#10;&#9;&#9;&#9;testPassed = true;&#10;&#9;&#9;} finally {&#10;&#9;&#9;&#9;assertTrue(testPassed);&#10;&#9;&#9;}&#10;&#9;}&#10;&#9;&#10;&#9;@Test&#10;&#9;public void testSetValueOverloaded_ValueNotInTableKeyInTable() {&#10;&#9;&#9;DefaultKeyedValues testDKV = new DefaultKeyedValues();&#10;&#9;&#9;for(int i = 0; i &lt; 5; i++) {&#10;&#9;&#9;&#9;testDKV.addValue(new Integer(i), i);&#10;&#9;&#9;}&#10;&#9;&#9;&#10;&#9;&#9;testDKV.setValue((Integer)4, (Number)10.0);&#10;&#9;&#9;&#10;&#9;&#9;Double expected = 10.0;&#10;&#9;&#9;Double actual = (Double) testDKV.getValue((Integer)4);&#10;&#9;&#9;&#10;&#9;&#9;assertTrue(expected.equals(actual));&#10;&#9;}&#10;&#9;&#10;&#9;//tests for method 12&#10;&#9;@Test&#10;&#9;public void testRemoveValue_indexEqualsZero() {&#10;&#9;&#9;DefaultKeyedValues testDKV = new DefaultKeyedValues();&#10;&#9;&#9;for(int i = 0; i &lt; 5; i++) {&#10;&#9;&#9;&#9;testDKV.addValue(new Integer(i), i);&#10;&#9;&#9;}&#10;&#9;&#9;&#10;&#9;&#9;testDKV.removeValue(0);&#10;&#9;&#9;&#10;&#9;&#9;assertEquals(testDKV.getValue(0), 1.0);&#10;&#9;}&#10;&#9;&#10;&#9;@Test&#10;&#9;public void testRemoveValue_indexIsHighestIndex() {&#10;&#9;&#9;DefaultKeyedValues testDKV = new DefaultKeyedValues();&#10;&#9;&#9;for(int i = 0; i &lt; 5; i++) {&#10;&#9;&#9;&#9;testDKV.addValue(new Integer(i), i);&#10;&#9;&#9;}&#10;&#9;&#9;&#10;&#9;&#9;boolean testPassed = false;&#10;&#9;&#9;&#10;&#9;&#9;try {&#10;&#9;&#9;&#9;testDKV.removeValue(4);&#10;&#9;&#9;&#9;testDKV.getValue(4);&#10;&#9;&#9;} catch (IndexOutOfBoundsException e) {&#10;&#9;&#9;&#9;testPassed = true;&#10;&#9;&#9;} finally {&#10;&#9;&#9;&#9;assertTrue(testPassed);&#10;&#9;&#9;}&#10;&#9;}&#10;&#9;&#10;&#9;@Test&#10;&#9;public void testRemoveValue_middleIndex() {&#10;&#9;&#9;DefaultKeyedValues testDKV = new DefaultKeyedValues();&#10;&#9;&#9;for(int i = 0; i &lt; 5; i++) {&#10;&#9;&#9;&#9;testDKV.addValue(new Integer(i), i);&#10;&#9;&#9;}&#10;&#9;&#9;&#10;&#9;&#9;testDKV.removeValue(2);&#10;&#9;&#9;&#10;&#9;&#9;assertEquals(testDKV.getValue(2), 3.0);&#10;&#9;}&#10;&#9;&#10;&#9;@Test&#10;&#9;public void testRemoveValue_indexOutOfBounds() {&#10;&#9;&#9;DefaultKeyedValues testDKV = new DefaultKeyedValues();&#10;&#9;&#9;for(int i = 0; i &lt; 5; i++) {&#10;&#9;&#9;&#9;testDKV.addValue(new Integer(i), i);&#10;&#9;&#9;}&#10;&#9;&#9;&#10;&#9;&#9;boolean testPassed = false;&#10;&#9;&#9;&#10;&#9;&#9;try {&#10;&#9;&#9;&#9;testDKV.removeValue(5);&#10;&#9;&#9;} catch (IndexOutOfBoundsException e) {&#10;&#9;&#9;&#9;testPassed = true;&#10;&#9;&#9;} finally {&#10;&#9;&#9;&#9;assertTrue(testPassed);&#10;&#9;&#9;}&#10;&#9;}&#10;&#9;&#10;&#9;//tests for method 13&#10;&#9;@Test&#10;&#9;public void testRemoveValueOverloaded_indexEqualsZero() {&#10;&#9;&#9;DefaultKeyedValues testDKV = new DefaultKeyedValues();&#10;&#9;&#9;for(int i = 0; i &lt; 5; i++) {&#10;&#9;&#9;&#9;testDKV.addValue(new Integer(i), i);&#10;&#9;&#9;}&#10;&#9;&#9;&#10;&#9;&#9;testDKV.removeValue(new Integer(0));&#10;&#9;&#9;&#10;&#9;&#9;assertEquals(testDKV.getValue(0), 1.0);&#10;&#9;}&#10;&#9;&#10;&#9;@Test&#10;&#9;public void testRemoveValueOverloaded_indexIsHighestIndex() {&#10;&#9;&#9;DefaultKeyedValues testDKV = new DefaultKeyedValues();&#10;&#9;&#9;for(int i = 0; i &lt; 5; i++) {&#10;&#9;&#9;&#9;testDKV.addValue(new Integer(i), i);&#10;&#9;&#9;}&#10;&#9;&#9;&#10;&#9;&#9;boolean testPassed = false;&#10;&#9;&#9;&#10;&#9;&#9;try {&#10;&#9;&#9;&#9;testDKV.removeValue(new Integer(4));&#10;&#9;&#9;&#9;testDKV.getValue(4);&#10;&#9;&#9;} catch (IndexOutOfBoundsException e) {&#10;&#9;&#9;&#9;testPassed = true;&#10;&#9;&#9;} finally {&#10;&#9;&#9;&#9;assertTrue(testPassed);&#10;&#9;&#9;}&#10;&#9;}&#10;&#9;&#10;&#9;@Test&#10;&#9;public void testRemoveValueOverloaded_middleIndex() {&#10;&#9;&#9;DefaultKeyedValues testDKV = new DefaultKeyedValues();&#10;&#9;&#9;for(int i = 0; i &lt; 5; i++) {&#10;&#9;&#9;&#9;testDKV.addValue(new Integer(i), i);&#10;&#9;&#9;}&#10;&#9;&#9;&#10;&#9;&#9;testDKV.removeValue(new Integer(2));&#10;&#9;&#9;&#10;&#9;&#9;assertEquals(testDKV.getValue(2), 3.0);&#10;&#9;}&#10;&#9;&#10;&#9;@Test&#10;&#9;public void testRemoveValueOverloaded_indexOutOfBounds() {&#10;&#9;&#9;DefaultKeyedValues testDKV = new DefaultKeyedValues();&#10;&#9;&#9;for(int i = 0; i &lt; 5; i++) {&#10;&#9;&#9;&#9;testDKV.addValue(new Integer(i), i);&#10;&#9;&#9;}&#10;&#9;&#9;&#10;&#9;&#9;DefaultKeyedValues test2 = null;&#10;&#9;&#9;try {&#10;&#9;&#9;&#9;test2 = (DefaultKeyedValues)testDKV.clone();&#10;&#9;&#9;} catch (CloneNotSupportedException e) {&#10;&#9;&#9;&#9;e.printStackTrace();&#10;&#9;&#9;}&#10;&#9;&#9;testDKV.removeValue(new Integer(5));&#10;&#9;&#9;&#10;&#9;&#9;test2.equals(testDKV); // make sure method did nothing to DKV&#10;&#9;}&#10;&#9;&#10;&#9;//tests for method 14&#10;&#9;@Test &#10;&#9;public void testSortByKeys_nullOrder() {&#10;&#9;&#9;DefaultKeyedValues testDKV = new DefaultKeyedValues();&#10;&#9;&#9;&#10;&#9;&#9;boolean testPassed = false;&#10;&#9;&#9;&#10;&#9;&#9;try {&#10;&#9;&#9;&#9;testDKV.sortByKeys(null);&#10;&#9;&#9;} catch(IllegalArgumentException e) {&#10;&#9;&#9;&#9;testPassed = true;&#10;&#9;&#9;} finally {&#10;&#9;&#9;&#9;assertTrue(testPassed);&#10;&#9;&#9;}&#10;&#9;}&#10;&#9;&#10;&#9;@Test &#10;&#9;public void testSortByKeys_emptySet() {&#10;&#9;&#9;DefaultKeyedValues testDKV = new DefaultKeyedValues();&#10;&#9;&#9;&#10;&#9;&#9;boolean testPassed = true;&#10;&#9;&#9;&#10;&#9;&#9;try {&#10;&#9;&#9;&#9;testDKV.sortByKeys(SortOrder.ASCENDING);&#10;&#9;&#9;} catch(Exception e) {&#10;&#9;&#9;&#9;testPassed = false;&#10;&#9;&#9;} finally {&#10;&#9;&#9;&#9;assertTrue(testPassed);&#10;&#9;&#9;}&#10;&#9;}&#10;&#9;&#10;&#9;@Test &#10;&#9;public void testSortByKeys_oneElement() throws CloneNotSupportedException {&#10;&#9;&#9;DefaultKeyedValues testDKV = new DefaultKeyedValues();&#10;&#9;&#9;testDKV.addValue((Integer) 1, 1);&#10;&#9;&#9;DefaultKeyedValues expected = (DefaultKeyedValues) testDKV.clone();&#10;&#9;&#9;testDKV.sortByKeys(SortOrder.ASCENDING);&#10;&#9;&#9;assertTrue(testDKV.equals(expected));&#10;&#9;}&#10;&#9;&#10;&#9;@Test &#10;&#9;public void testSortByKeys_fiveElementsAscending() throws CloneNotSupportedException {&#10;&#9;&#9;DefaultKeyedValues testDKV = new DefaultKeyedValues();&#10;&#9;&#9;testDKV.addValue((Integer) 1, 1);&#10;&#9;&#9;testDKV.addValue((Integer) 3, 3);&#10;&#9;&#9;testDKV.addValue((Integer) 4, 4);&#10;&#9;&#9;testDKV.addValue((Integer) 2, 2);&#10;&#9;&#9;testDKV.addValue((Integer) 5, 5);&#10;&#9;&#9;&#10;&#9;&#9;DefaultKeyedValues expected = new DefaultKeyedValues();&#10;&#9;&#9;&#10;&#9;&#9;for(int i = 1; i &lt;= 5; i++) {&#10;&#9;&#9;&#9;expected.addValue(new Integer(i), i);&#10;&#9;&#9;}&#10;&#9;&#9;&#10;&#9;&#9;testDKV.sortByKeys(SortOrder.ASCENDING);&#10;&#9;&#9;assertTrue(testDKV.equals(expected));&#10;&#9;}&#10;&#9;&#10;&#9;@Test &#10;&#9;public void testSortByKeys_fiveElementsDescending() throws CloneNotSupportedException {&#10;&#9;&#9;DefaultKeyedValues testDKV = new DefaultKeyedValues();&#10;&#9;&#9;testDKV.addValue((Integer) 1, 1);&#10;&#9;&#9;testDKV.addValue((Integer) 3, 3);&#10;&#9;&#9;testDKV.addValue((Integer) 4, 4);&#10;&#9;&#9;testDKV.addValue((Integer) 2, 2);&#10;&#9;&#9;testDKV.addValue((Integer) 5, 5);&#10;&#9;&#9;&#10;&#9;&#9;DefaultKeyedValues expected = new DefaultKeyedValues();&#10;&#9;&#9;&#10;&#9;&#9;for(int i = 1; i &lt;= 5; i++) {&#10;&#9;&#9;&#9;expected.addValue(new Integer(6-i), 6-i);&#10;&#9;&#9;}&#10;&#9;&#9;&#10;&#9;&#9;testDKV.sortByKeys(SortOrder.DESCENDING);&#10;&#9;&#9;assertTrue(testDKV.equals(expected));&#10;&#9;}&#10;&#9;&#10;&#9;//tests for method 15&#10;&#9;@Test &#10;&#9;public void testSortByValues_nullOrder() {&#10;&#9;&#9;DefaultKeyedValues testDKV = new DefaultKeyedValues();&#10;&#9;&#9;&#10;&#9;&#9;boolean testPassed = false;&#10;&#9;&#9;&#10;&#9;&#9;try {&#10;&#9;&#9;&#9;testDKV.sortByValues(null);&#10;&#9;&#9;} catch(IllegalArgumentException e) {&#10;&#9;&#9;&#9;testPassed = true;&#10;&#9;&#9;} finally {&#10;&#9;&#9;&#9;assertTrue(testPassed);&#10;&#9;&#9;}&#10;&#9;}&#10;&#9;&#10;&#9;@Test &#10;&#9;public void testSortByValues_emptySet() {&#10;&#9;&#9;DefaultKeyedValues testDKV = new DefaultKeyedValues();&#10;&#9;&#9;&#10;&#9;&#9;boolean testPassed = true;&#10;&#9;&#9;&#10;&#9;&#9;try {&#10;&#9;&#9;&#9;testDKV.sortByValues(SortOrder.ASCENDING);&#10;&#9;&#9;} catch(Exception e) {&#10;&#9;&#9;&#9;testPassed = false;&#10;&#9;&#9;} finally {&#10;&#9;&#9;&#9;assertTrue(testPassed);&#10;&#9;&#9;}&#10;&#9;}&#10;&#9;&#10;&#9;@Test &#10;&#9;public void testSortByValues_oneElement() throws CloneNotSupportedException {&#10;&#9;&#9;DefaultKeyedValues testDKV = new DefaultKeyedValues();&#10;&#9;&#9;testDKV.addValue((Integer) 1, 1);&#10;&#9;&#9;DefaultKeyedValues expected = (DefaultKeyedValues) testDKV.clone();&#10;&#9;&#9;testDKV.sortByValues(SortOrder.ASCENDING);&#10;&#9;&#9;assertTrue(testDKV.equals(expected));&#10;&#9;}&#10;&#9;&#10;&#9;@Test &#10;&#9;public void testSortByValues_fiveElementsAscending() throws CloneNotSupportedException {&#10;&#9;&#9;DefaultKeyedValues testDKV = new DefaultKeyedValues();&#10;&#9;&#9;testDKV.addValue((Integer) 1, 1);&#10;&#9;&#9;testDKV.addValue((Integer) 3, 3);&#10;&#9;&#9;testDKV.addValue((Integer) 4, 4);&#10;&#9;&#9;testDKV.addValue((Integer) 2, 2);&#10;&#9;&#9;testDKV.addValue((Integer) 5, 5);&#10;&#9;&#9;&#10;&#9;&#9;DefaultKeyedValues expected = new DefaultKeyedValues();&#10;&#9;&#9;&#10;&#9;&#9;for(int i = 1; i &lt;= 5; i++) {&#10;&#9;&#9;&#9;expected.addValue(new Integer(i), i);&#10;&#9;&#9;}&#10;&#9;&#9;&#10;&#9;&#9;testDKV.sortByValues(SortOrder.ASCENDING);&#10;&#9;&#9;assertTrue(testDKV.equals(expected));&#10;&#9;}&#10;&#9;&#10;&#9;@Test &#10;&#9;public void testSortByValues_fiveElementsDescending() throws CloneNotSupportedException {&#10;&#9;&#9;DefaultKeyedValues testDKV = new DefaultKeyedValues();&#10;&#9;&#9;testDKV.addValue((Integer) 1, 1);&#10;&#9;&#9;testDKV.addValue((Integer) 3, 3);&#10;&#9;&#9;testDKV.addValue((Integer) 4, 4);&#10;&#9;&#9;testDKV.addValue((Integer) 2, 2);&#10;&#9;&#9;testDKV.addValue((Integer) 5, 5);&#10;&#9;&#9;&#10;&#9;&#9;DefaultKeyedValues expected = new DefaultKeyedValues();&#10;&#9;&#9;&#10;&#9;&#9;for(int i = 1; i &lt;= 5; i++) {&#10;&#9;&#9;&#9;expected.addValue(new Integer(6-i), 6-i);&#10;&#9;&#9;}&#10;&#9;&#9;&#10;&#9;&#9;testDKV.sortByValues(SortOrder.DESCENDING);&#10;&#9;&#9;assertTrue(testDKV.equals(expected));&#10;&#9;}&#10;&#9;&#10;&#9;@Test &#10;&#9;public void testSortByValues_oneNullValueAmidFive() throws CloneNotSupportedException {&#10;&#9;&#9;DefaultKeyedValues testDKV = new DefaultKeyedValues();&#10;&#9;&#9;testDKV.addValue((Integer) 1, 1);&#10;&#9;&#9;testDKV.addValue((Integer) 3, 3);&#10;&#9;&#9;testDKV.addValue((Integer) 4, 4);&#10;&#9;&#9;testDKV.addValue((Integer) 2, 2);&#10;&#9;&#9;testDKV.addValue((Integer) 5, null);&#10;&#9;&#9;&#10;&#9;&#9;DefaultKeyedValues expected = new DefaultKeyedValues();&#10;&#9;&#9;&#10;&#9;&#9;for(int i = 1; i &lt; 5; i++) {&#10;&#9;&#9;&#9;expected.addValue(new Integer(i), i);&#10;&#9;&#9;}&#10;&#9;&#9;&#10;&#9;&#9;expected.addValue((Integer)5, null);&#10;&#9;&#9;&#10;&#9;&#9;testDKV.sortByValues(SortOrder.ASCENDING);&#10;&#9;&#9;assertTrue(testDKV.equals(expected));&#10;&#9;}&#10;&#9;&#10;&#9;@Test &#10;&#9;public void testSortByValues_twoNullValuesAmidFiveAscending() throws CloneNotSupportedException {&#10;&#9;&#9;DefaultKeyedValues testDKV = new DefaultKeyedValues();&#10;&#9;&#9;testDKV.addValue((Integer) 1, 1);&#10;&#9;&#9;testDKV.addValue((Integer) 3, null);&#10;&#9;&#9;testDKV.addValue((Integer) 4, 4);&#10;&#9;&#9;testDKV.addValue((Integer) 2, 2);&#10;&#9;&#9;testDKV.addValue((Integer) 5, null);&#10;&#9;&#9;&#10;&#9;&#9;DefaultKeyedValues expected = new DefaultKeyedValues();&#10;&#9;&#9;&#10;&#9;&#9;expected.setValue((Integer)1, 1);&#10;&#9;&#9;expected.setValue((Integer)2, 2);&#10;&#9;&#9;expected.setValue((Integer)4, 4);&#10;&#9;&#9;expected.setValue((Integer)3, null);&#10;&#9;&#9;expected.addValue((Integer)5, null);&#10;&#9;&#9;&#10;&#9;&#9;testDKV.sortByValues(SortOrder.ASCENDING);&#10;&#9;&#9;assertTrue(testDKV.equals(expected));&#10;&#9;}&#10;&#9;&#10;&#9;@Test &#10;&#9;public void testSortByValues_twoNullValuesAmidFiveDescending() throws CloneNotSupportedException {&#10;&#9;&#9;DefaultKeyedValues testDKV = new DefaultKeyedValues();&#10;&#9;&#9;testDKV.addValue((Integer) 1, 1);&#10;&#9;&#9;testDKV.addValue((Integer) 3, null);&#10;&#9;&#9;testDKV.addValue((Integer) 4, 4);&#10;&#9;&#9;testDKV.addValue((Integer) 2, 2);&#10;&#9;&#9;testDKV.addValue((Integer) 5, null);&#10;&#9;&#9;&#10;&#9;&#9;DefaultKeyedValues expected = new DefaultKeyedValues();&#10;&#9;&#9;&#10;&#9;&#9;expected.setValue((Integer)4, 4);&#10;&#9;&#9;expected.setValue((Integer)2, 2);&#10;&#9;&#9;expected.setValue((Integer)1, 1);&#10;&#9;&#9;expected.setValue((Integer)3, null);&#10;&#9;&#9;expected.addValue((Integer)5, null);&#10;&#9;&#9;&#10;&#9;&#9;testDKV.sortByValues(SortOrder.DESCENDING);&#10;&#9;&#9;assertTrue(testDKV.equals(expected));&#10;&#9;}&#10;&#9;&#10;&#9;@Test &#10;&#9;public void testSortByValues_allNullValues() throws CloneNotSupportedException {&#10;&#9;&#9;DefaultKeyedValues testDKV = new DefaultKeyedValues();&#10;&#9;&#9;testDKV.addValue((Integer) 1, null);&#10;&#9;&#9;testDKV.addValue((Integer) 3, null);&#10;&#9;&#9;testDKV.addValue((Integer) 4, null);&#10;&#9;&#9;testDKV.addValue((Integer) 2, null);&#10;&#9;&#9;testDKV.addValue((Integer) 5, null);&#10;&#9;&#9;&#10;&#9;&#9;DefaultKeyedValues expected = (DefaultKeyedValues) testDKV.clone();&#10;&#9;&#9;&#10;&#9;&#9;testDKV.sortByValues(SortOrder.DESCENDING);&#10;&#9;&#9;assertTrue(testDKV.equals(expected));&#10;&#9;}&#10;&#9;&#10;&#9;//tests for method 16&#10;&#9;@Test&#10;&#9;public void testEquals_twoEqualObjects() throws CloneNotSupportedException {&#10;&#9;&#9;DefaultKeyedValues testDKV1 = new DefaultKeyedValues();&#10;&#9;&#9;testDKV1.addValue((Integer) 1, 1);&#10;&#9;&#9;testDKV1.addValue((Integer) 3, 3);&#10;&#9;&#9;testDKV1.addValue((Integer) 4, 4);&#10;&#9;&#9;testDKV1.addValue((Integer) 2, 2);&#10;&#9;&#9;testDKV1.addValue((Integer) 5, 5);&#10;&#9;&#9;&#10;&#9;&#9;DefaultKeyedValues testDKV2 = (DefaultKeyedValues) testDKV1.clone();&#10;&#9;&#9;&#10;&#9;&#9;assertTrue(testDKV1.equals(testDKV2));&#10;&#9;}&#10;&#9;&#10;&#9;@Test&#10;&#9;public void testEquals_oneValueDifferent() throws CloneNotSupportedException {&#10;&#9;&#9;DefaultKeyedValues testDKV1 = new DefaultKeyedValues();&#10;&#9;&#9;testDKV1.addValue((Integer) 1, 1);&#10;&#9;&#9;testDKV1.addValue((Integer) 3, 3);&#10;&#9;&#9;testDKV1.addValue((Integer) 4, 4);&#10;&#9;&#9;testDKV1.addValue((Integer) 2, 2);&#10;&#9;&#9;testDKV1.addValue((Integer) 5, 5);&#10;&#9;&#9;&#10;&#9;&#9;DefaultKeyedValues testDKV2 = (DefaultKeyedValues) testDKV1.clone();&#10;&#9;&#9;&#10;&#9;&#9;testDKV2.setValue((Integer) 3, 4);&#10;&#9;&#9;&#10;&#9;&#9;assertFalse(testDKV1.equals(testDKV2));&#10;&#9;}&#10;&#9;&#10;&#9;@Test&#10;&#9;public void testEquals_oneKeyDifferent() throws CloneNotSupportedException {&#10;&#9;&#9;DefaultKeyedValues testDKV1 = new DefaultKeyedValues();&#10;&#9;&#9;testDKV1.addValue((Integer) 1, 1);&#10;&#9;&#9;testDKV1.addValue((Integer) 3, 3);&#10;&#9;&#9;testDKV1.addValue((Integer) 4, 4);&#10;&#9;&#9;testDKV1.addValue((Integer) 2, 2);&#10;&#9;&#9;testDKV1.addValue((Integer) 5, 5);&#10;&#9;&#9;&#10;&#9;&#9;DefaultKeyedValues testDKV2 = (DefaultKeyedValues) testDKV1.clone();&#10;&#9;&#9;&#10;&#9;&#9;testDKV1.addValue((Integer)6, 6);&#10;&#9;&#9;testDKV2.addValue((Integer)7, 6);&#10;&#9;&#9;&#10;&#9;&#9;assertFalse(testDKV1.equals(testDKV2));&#10;&#9;}&#10;&#9;&#10;&#9;@Test&#10;&#9;public void testEquals_noSimilarValues() {&#10;&#9;&#9;DefaultKeyedValues testDKV1 = new DefaultKeyedValues();&#10;&#9;&#9;testDKV1.addValue((Integer) 1, 1);&#10;&#9;&#9;testDKV1.addValue((Integer) 3, 3);&#10;&#9;&#9;testDKV1.addValue((Integer) 4, 4);&#10;&#9;&#9;testDKV1.addValue((Integer) 2, 2);&#10;&#9;&#9;testDKV1.addValue((Integer) 5, 5);&#10;&#9;&#9;&#10;&#9;&#9;DefaultKeyedValues testDKV2 = new DefaultKeyedValues();&#10;&#9;&#9;&#10;&#9;&#9;testDKV1.addValue((Integer) 1, 2);&#10;&#9;&#9;testDKV1.addValue((Integer) 3, 4);&#10;&#9;&#9;testDKV1.addValue((Integer) 4, 5);&#10;&#9;&#9;testDKV1.addValue((Integer) 2, 3);&#10;&#9;&#9;testDKV1.addValue((Integer) 5, 6);&#10;&#9;&#9;&#10;&#9;&#9;assertFalse(testDKV1.equals(testDKV2));&#10;&#9;}&#10;&#9;&#10;&#9;@Test&#10;&#9;public void testEquals_noSimilarKeys() {&#10;&#9;&#9;DefaultKeyedValues testDKV1 = new DefaultKeyedValues();&#10;&#9;&#9;testDKV1.addValue((Integer) 1, 1);&#10;&#9;&#9;testDKV1.addValue((Integer) 3, 3);&#10;&#9;&#9;testDKV1.addValue((Integer) 4, 4);&#10;&#9;&#9;testDKV1.addValue((Integer) 2, 2);&#10;&#9;&#9;testDKV1.addValue((Integer) 5, 5);&#10;&#9;&#9;&#10;&#9;&#9;DefaultKeyedValues testDKV2 = new DefaultKeyedValues();&#10;&#9;&#9;&#10;&#9;&#9;testDKV1.addValue((Integer) 2, 1);&#10;&#9;&#9;testDKV1.addValue((Integer) 4, 3);&#10;&#9;&#9;testDKV1.addValue((Integer) 5, 4);&#10;&#9;&#9;testDKV1.addValue((Integer) 3, 2);&#10;&#9;&#9;testDKV1.addValue((Integer) 6, 5);&#10;&#9;&#9;&#10;&#9;&#9;assertFalse(testDKV1.equals(testDKV2));&#10;&#9;}&#10;&#9;&#10;&#9;@Test&#10;&#9;public void testEquals_noSimilarities() {&#10;&#9;&#9;DefaultKeyedValues testDKV1 = new DefaultKeyedValues();&#10;&#9;&#9;testDKV1.addValue((Integer) 1, 1);&#10;&#9;&#9;testDKV1.addValue((Integer) 3, 3);&#10;&#9;&#9;testDKV1.addValue((Integer) 4, 4);&#10;&#9;&#9;testDKV1.addValue((Integer) 2, 2);&#10;&#9;&#9;testDKV1.addValue((Integer) 5, 5);&#10;&#9;&#9;&#10;&#9;&#9;DefaultKeyedValues testDKV2 = new DefaultKeyedValues();&#10;&#9;&#9;&#10;&#9;&#9;testDKV1.addValue((Integer) 2, 0);&#10;&#9;&#9;testDKV1.addValue((Integer) 4, 2);&#10;&#9;&#9;testDKV1.addValue((Integer) 5, 3);&#10;&#9;&#9;testDKV1.addValue((Integer) 3, 1);&#10;&#9;&#9;testDKV1.addValue((Integer) 6, 4);&#10;&#9;&#9;&#10;&#9;&#9;assertFalse(testDKV1.equals(testDKV2));&#10;&#9;}&#10;&#9;&#10;&#9;//tests for method 17 (no way to test hashcode method without knowing implementation of hashing function&#10;&#9;@Test&#10;&#9;public void testClone_noValues() throws CloneNotSupportedException {&#10;&#9;&#9;DefaultKeyedValues testDKV = new DefaultKeyedValues();&#10;&#9;&#9;DefaultKeyedValues test2 = (DefaultKeyedValues)testDKV.clone();&#10;&#9;&#9;&#10;&#9;&#9;assertTrue(testDKV.equals(test2));&#10;&#9;}&#10;&#9;&#10;&#9;@Test&#10;&#9;public void testClone_fiveValues() throws CloneNotSupportedException {&#10;&#9;&#9;DefaultKeyedValues testDKV = new DefaultKeyedValues();&#10;&#9;&#9;for(int i = 0; i &lt; 5; i++) {&#10;&#9;&#9;&#9;testDKV.addValue(new Integer(i), i);&#10;&#9;&#9;}&#9;&#10;&#9;&#9;DefaultKeyedValues test2 = (DefaultKeyedValues)testDKV.clone();&#10;&#9;&#9;&#10;&#9;&#9;assertTrue(testDKV.equals(test2));&#10;&#9;}&#10;}&#10;" Filename="DefaultKeyedValuesTest.java" Intrnl_Id="2"/>
<SrcFile Content="/* ===========================================================&#13;&#10; * JFreeChart : a free chart library for the Java(tm) platform&#13;&#10; * ===========================================================&#13;&#10; *&#13;&#10; * (C) Copyright 2000-2005, by Object Refinery Limited and Contributors.&#13;&#10; *&#13;&#10; * Project Info:  http://www.jfree.org/jfreechart/index.html&#13;&#10; *&#13;&#10; * This library is free software; you can redistribute it and/or modify it &#13;&#10; * under the terms of the GNU Lesser General Public License as published by &#13;&#10; * the Free Software Foundation; either version 2.1 of the License, or &#13;&#10; * (at your option) any later version.&#13;&#10; *&#13;&#10; * This library is distributed in the hope that it will be useful, but &#13;&#10; * WITHOUT ANY WARRANTY; without even the implied warranty of MERCHANTABILITY &#13;&#10; * or FITNESS FOR A PARTICULAR PURPOSE. See the GNU Lesser General Public &#13;&#10; * License for more details.&#13;&#10; *&#13;&#10; * You should have received a copy of the GNU Lesser General Public License &#13;&#10; * along with this library; if not, write to the Free Software Foundation, &#13;&#10; * Inc., 59 Temple Place, Suite 330, Boston, MA 02111-1307, USA.&#13;&#10; *&#13;&#10; * [Java is a trademark or registered trademark of Sun Microsystems, Inc. &#13;&#10; * in the United States and other countries.]&#13;&#10; *&#13;&#10; * ------------------&#13;&#10; * DataUtilities.java&#13;&#10; * ------------------&#13;&#10; * (C) Copyright 2003-2005, by Object Refinery Limited.&#13;&#10; *&#13;&#10; * Original Author:  David Gilbert (for Object Refinery Limited);&#13;&#10; * Contributor(s):   -;&#13;&#10; *&#13;&#10; * $Id: DataUtilities.java,v 1.2 2005/05/17 12:24:00 mungady Exp $&#13;&#10; *&#13;&#10; * Changes&#13;&#10; * -------&#13;&#10; * 05-Mar-2003 : Version 1 (DG);&#13;&#10; * 03-Mar-2005 : Moved createNumberArray() and createNumberArray2D() methods&#13;&#10; *               from the DatasetUtilities class (DG);&#13;&#10; * 17-May-2005 : Added calculateColumnTotal() and calculateRowTotal() &#13;&#10; *               methods (DG);&#13;&#10; * &#13;&#10; */&#13;&#10;&#13;&#10;package org.jfree.data;&#13;&#10;&#13;&#10;import org.jfree.data.general.DatasetUtilities;&#13;&#10;&#13;&#10;/**&#13;&#10; * Utility methods for use with some of the data classes (but not the datasets, &#13;&#10; * see {@link DatasetUtilities}).&#13;&#10; */&#13;&#10;public abstract class DataUtilities {&#13;&#10;&#13;&#10;    /**&#13;&#10;     * Returns the sum of the values in one column of the supplied data&#13;&#10;     * table. With invalid input, a total of zero will be returned.&#13;&#10;     * &#13;&#10;     * @param data  the table of values (&lt;code&gt;null&lt;/code&gt; not permitted).&#13;&#10;     * @param column  the column index (zero-based).&#13;&#10;     * &#13;&#10;     * @return The sum of the values in the specified column.&#13;&#10;     */&#13;&#10;    public static double calculateColumnTotal(Values2D data, int column) {&#13;&#10;        double total = 0.0;&#13;&#10;        int rowCount = data.getRowCount();&#13;&#10;        for (int r = 0; r &lt; rowCount; r++) {&#13;&#10;            Number n = data.getValue(r, column);&#13;&#10;            if (n != null) {&#13;&#10;                total += n.doubleValue();   &#13;&#10;            }&#13;&#10;        }&#13;&#10;        return total;&#13;&#10;    }&#13;&#10;    &#13;&#10;    /**&#13;&#10;     * Returns the sum of the values in one row of the supplied data&#13;&#10;     * table. With invalid input, a total of zero will be returned.&#13;&#10;     * &#13;&#10;     * @param data  the table of values (&lt;code&gt;null&lt;/code&gt; not permitted).&#13;&#10;     * @param row  the row index (zero-based).&#13;&#10;     * &#13;&#10;     * @return The total of the values in the specified row.&#13;&#10;     */&#13;&#10;    public static double calculateRowTotal(Values2D data, int row) {&#13;&#10;        double total = 0.0;&#13;&#10;        int columnCount = data.getColumnCount();&#13;&#10;        for (int c = 0; c &lt; columnCount; c++) {&#13;&#10;            Number n = data.getValue(row, c);&#13;&#10;            if (n != null) {&#13;&#10;                total += n.doubleValue();   &#13;&#10;            }&#13;&#10;        }&#13;&#10;        return total;&#13;&#10;    }&#13;&#10;    &#13;&#10;    /**&#13;&#10;     * Constructs an array of &lt;code&gt;Number&lt;/code&gt; objects from an array of &#13;&#10;     * &lt;code&gt;double&lt;/code&gt; primitives.&#13;&#10;     *&#13;&#10;     * @param data  An array of &lt;code&gt;double&lt;/code&gt; primitives (&lt;code&gt;null&lt;/code&gt; not permitted).&#13;&#10;     *&#13;&#10;     * @return An array of &lt;code&gt;Number&lt;/code&gt; objects.&#13;&#10;     */&#13;&#10;    public static Number[] createNumberArray(double[] data) {&#13;&#10;        if (data == null) {&#13;&#10;            throw new IllegalArgumentException(&quot;Null 'data' argument.&quot;);   &#13;&#10;        }&#13;&#10;        Number[] result = new Number[data.length];&#13;&#10;        for (int i = 0; i &lt; data.length; i++) {&#13;&#10;            result[i] = new Double(data[i]);&#13;&#10;        }&#13;&#10;        return result;&#13;&#10;    }&#13;&#10;&#13;&#10;    /**&#13;&#10;     * Constructs an array of arrays of &lt;code&gt;Number&lt;/code&gt; objects from a &#13;&#10;     * corresponding structure containing &lt;code&gt;double&lt;/code&gt; primitives.&#13;&#10;     *&#13;&#10;     * @param data  An array of &lt;code&gt;double&lt;/code&gt; primitives (&lt;code&gt;null&lt;/code&gt; not permitted).&#13;&#10;     *&#13;&#10;     * @return An array of &lt;code&gt;Number&lt;/code&gt; objects.&#13;&#10;     */&#13;&#10;    public static Number[][] createNumberArray2D(double[][] data) {&#13;&#10;        if (data == null) {&#13;&#10;            throw new IllegalArgumentException(&quot;Null 'data' argument.&quot;);   &#13;&#10;        }&#13;&#10;        int l1 = data.length;&#13;&#10;        Number[][] result = new Number[l1][];&#13;&#10;        for (int i = 0; i &lt; l1; i++) {&#13;&#10;            result[i] = createNumberArray(data[i]);&#13;&#10;        }&#13;&#10;        return result;&#13;&#10;    }&#13;&#10;&#13;&#10;    /**&#13;&#10;     * Returns a {@link KeyedValues} instance that contains the cumulative &#13;&#10;     * percentage values for the data in another {@link KeyedValues} instance.&#13;&#10;     * The cumulative percentage is each value's cumulative sum's portion of the sum of all&#13;&#10;     * the values. &lt;br&gt;&#13;&#10;     * eg: &lt;br&gt;&#13;&#10;     * Input:&lt;br&gt;&#13;&#10;     * &lt;br&gt;&#13;&#10;     * Key&amp;nbsp;&amp;nbsp;Value&lt;br&gt;&#13;&#10;     *  0&amp;nbsp;&amp;nbsp;&amp;nbsp;&amp;nbsp;&amp;nbsp;&amp;nbsp;&amp;nbsp;&amp;nbsp;5&lt;br&gt;&#13;&#10;     *  1&amp;nbsp;&amp;nbsp;&amp;nbsp;&amp;nbsp;&amp;nbsp;&amp;nbsp;&amp;nbsp;&amp;nbsp;9&lt;br&gt;&#13;&#10;     *  2&amp;nbsp;&amp;nbsp;&amp;nbsp;&amp;nbsp;&amp;nbsp;&amp;nbsp;&amp;nbsp;&amp;nbsp;2&lt;br&gt;&#13;&#10;     *  &lt;br&gt;&#13;&#10;     * Returns:&lt;br&gt;&#13;&#10;     * &lt;br&gt;&#13;&#10;     * Key&amp;nbsp;&amp;nbsp;Value&lt;br&gt;&#13;&#10;     *  0&amp;nbsp;&amp;nbsp;&amp;nbsp;&amp;nbsp;&amp;nbsp;0.3125 (5 / 16)&lt;br&gt;&#13;&#10;     *  1&amp;nbsp;&amp;nbsp;&amp;nbsp;&amp;nbsp;&amp;nbsp;0.875 ((5 + 9) / 16)&lt;br&gt;&#13;&#10;     *  2&amp;nbsp;&amp;nbsp;&amp;nbsp;&amp;nbsp;&amp;nbsp;1.0 ((5 + 9 + 2) / 16)&lt;br&gt;&#13;&#10;     * &lt;p&gt;&#13;&#10;     * The percentages are values between 0.0 and 1.0 (where 1.0 = 100%).&#13;&#10;     *&#13;&#10;     * @param data  the data (&lt;code&gt;null&lt;/code&gt; not permitted).&#13;&#10;     *&#13;&#10;     * @return The cumulative percentages.&#13;&#10;     */&#13;&#10;    public static KeyedValues getCumulativePercentages(KeyedValues data) {&#13;&#10;        if (data == null) {&#13;&#10;            throw new IllegalArgumentException(&quot;Null 'data' argument.&quot;);   &#13;&#10;        }&#13;&#10;        DefaultKeyedValues result = new DefaultKeyedValues();&#13;&#10;        double total = 0.0;&#13;&#10;        for (int i = 0; i &lt; data.getItemCount(); i++) {&#13;&#10;            Number v = data.getValue(i);&#13;&#10;            if (v != null) {&#13;&#10;                total = total + v.doubleValue();&#13;&#10;            }&#13;&#10;        }&#13;&#10;        double runningTotal = 0.0;&#13;&#10;        for (int i = 0; i &lt; data.getItemCount(); i++) {&#13;&#10;            Number v = data.getValue(i);&#13;&#10;            if (v != null) {&#13;&#10;                runningTotal = runningTotal + v.doubleValue() * 0.9d;&#13;&#10;            }&#13;&#10;            result.addValue(data.getKey(i), new Double(runningTotal / total));&#13;&#10;        }&#13;&#10;        return result;&#13;&#10;    }&#13;&#10;&#13;&#10;}&#13;&#10;" Filename="DataUtilities.java" Intrnl_Id="3"/>
</SrcFileList>
<CritList>
<CritListEntry Name="org.codecover.model.utils.criteria.LoopCoverage" PluginName="org.codecover"/>
<CritListEntry Name="org.codecover.model.utils.criteria.BranchCoverage" PluginName="org.codecover"/>
<CritListEntry Name="org.codecover.model.utils.criteria.ConditionCoverage" PluginName="org.codecover"/>
<CritListEntry Name="org.codecover.model.utils.criteria.SynchronizedStatementCoverage" PluginName="org.codecover"/>
<CritListEntry Name="org.codecover.model.utils.criteria.QMOCoverage" PluginName="org.codecover"/>
<CritListEntry Name="org.codecover.model.utils.criteria.StatementCoverage" PluginName="org.codecover"/>
</CritList>
<BoolOpList>
<BoolOp Arity="1" Intrnl_Id="4" Name="not (!)">
<BoolAssgnmntBoolMapList>
<MapEntry BoolAssgnmnt="0" Value="true"/>
<MapEntry BoolAssgnmnt="1" Value="false"/>
</BoolAssgnmntBoolMapList>
</BoolOp>
</BoolOpList>
<HierarchyLvlTypeList>
<HierarchyLvlType EnglishName="package" IntrnlName="package" Intrnl_Id="5"/>
<HierarchyLvlType EnglishName="class" IntrnlName="class" Intrnl_Id="6"/>
<HierarchyLvlType EnglishName="method" IntrnlName="method" Intrnl_Id="7"/>
<HierarchyLvlType EnglishName="default package" IntrnlName="default package" Intrnl_Id="8"/>
</HierarchyLvlTypeList>
<MASTRoot>
<HierarchyLvl HierarchyLvlId="1029" HierarchyLvlTypeId="8" Intrnl_Id="9" Name="default package">
<Header/>
<LocList/>
<HierarchyLvl HierarchyLvlId="1028" HierarchyLvlTypeId="5" Intrnl_Id="10" Name="org">
<Header/>
<LocList/>
<HierarchyLvl HierarchyLvlId="1027" HierarchyLvlTypeId="5" Intrnl_Id="11" Name="jfree">
<Header/>
<LocList/>
<HierarchyLvl HierarchyLvlId="1026" HierarchyLvlTypeId="5" Intrnl_Id="12" Name="data">
<Header/>
<LocList/>
<HierarchyLvl HierarchyLvlId="956" HierarchyLvlTypeId="6" Intrnl_Id="13" Name="Range">
<Header>
<Loc EndOffset="2802" SrcFileId="1" StartOffset="2751"/>
</Header>
<LocList>
<Loc EndOffset="12856" SrcFileId="1" StartOffset="2751"/>
</LocList>
<StmntSeq Intrnl_Id="14">
<LocList>
<Loc EndOffset="2909" SrcFileId="1" StartOffset="2843"/>
</LocList>
<BasicStmnt CovItemId="S1" CovItemPrefix="org.jfree.data.Range.java" Intrnl_Id="15">
<LocList>
<Loc EndOffset="2909" SrcFileId="1" StartOffset="2843"/>
</LocList>
</BasicStmnt>
</StmntSeq>
<HierarchyLvl HierarchyLvlId="939" HierarchyLvlTypeId="7" Intrnl_Id="16" Name="Range">
<Header>
<Loc EndOffset="3286" SrcFileId="1" StartOffset="3246"/>
</Header>
<LocList>
<Loc EndOffset="3574" SrcFileId="1" StartOffset="3246"/>
</LocList>
<StmntSeq Intrnl_Id="17">
<LocList>
<Loc EndOffset="3509" SrcFileId="1" StartOffset="3298"/>
<Loc EndOffset="3538" SrcFileId="1" StartOffset="3519"/>
<Loc EndOffset="3567" SrcFileId="1" StartOffset="3548"/>
</LocList>
<CondStmnt CovItemId="S2" CovItemPrefix="org.jfree.data.Range.java" Intrnl_Id="18">
<Branch CovItemId="B1" CovItemPrefix="org.jfree.data.Range.java" Implct="false" Intrnl_Id="19">
<Cond/>
<LocList>
<Loc EndOffset="3509" SrcFileId="1" StartOffset="3317"/>
</LocList>
<StmntSeq Intrnl_Id="20">
<LocList>
<Loc EndOffset="3444" SrcFileId="1" StartOffset="3332"/>
<Loc EndOffset="3498" SrcFileId="1" StartOffset="3458"/>
</LocList>
<BasicStmnt CovItemId="S3" CovItemPrefix="org.jfree.data.Range.java" Intrnl_Id="21">
<LocList>
<Loc EndOffset="3444" SrcFileId="1" StartOffset="3332"/>
</LocList>
</BasicStmnt>
<BasicStmnt CovItemId="S4" CovItemPrefix="org.jfree.data.Range.java" Intrnl_Id="22">
<LocList>
<Loc EndOffset="3498" SrcFileId="1" StartOffset="3458"/>
</LocList>
</BasicStmnt>
</StmntSeq>
</Branch>
<Branch CovItemId="B2" CovItemPrefix="org.jfree.data.Range.java" Implct="true" Intrnl_Id="23">
<Cond/>
<LocList/>
<StmntSeq Intrnl_Id="24">
<LocList/>
</StmntSeq>
</Branch>
<Keyword EndOffset="3300" SrcFileId="1" StartOffset="3298"/>
<LocList>
<Loc EndOffset="3509" SrcFileId="1" StartOffset="3298"/>
</LocList>
<RootTerm CovItemId="C1" CovItemPrefix="org.jfree.data.Range.java" Intrnl_Id="25">
<BasicBoolTerm Intrnl_Id="26">
<LocList>
<Loc EndOffset="3315" SrcFileId="1" StartOffset="3302"/>
</LocList>
</BasicBoolTerm>
</RootTerm>
</CondStmnt>
<BasicStmnt CovItemId="S5" CovItemPrefix="org.jfree.data.Range.java" Intrnl_Id="27">
<LocList>
<Loc EndOffset="3538" SrcFileId="1" StartOffset="3519"/>
</LocList>
</BasicStmnt>
<BasicStmnt CovItemId="S6" CovItemPrefix="org.jfree.data.Range.java" Intrnl_Id="28">
<LocList>
<Loc EndOffset="3567" SrcFileId="1" StartOffset="3548"/>
</LocList>
</BasicStmnt>
</StmntSeq>
</HierarchyLvl>
<HierarchyLvl HierarchyLvlId="940" HierarchyLvlTypeId="7" Intrnl_Id="29" Name="getLowerBound">
<Header>
<Loc EndOffset="3717" SrcFileId="1" StartOffset="3688"/>
</Header>
<LocList>
<Loc EndOffset="3754" SrcFileId="1" StartOffset="3688"/>
</LocList>
<StmntSeq Intrnl_Id="30">
<LocList>
<Loc EndOffset="3747" SrcFileId="1" StartOffset="3729"/>
</LocList>
<BasicStmnt CovItemId="S7" CovItemPrefix="org.jfree.data.Range.java" Intrnl_Id="31">
<LocList>
<Loc EndOffset="3747" SrcFileId="1" StartOffset="3729"/>
</LocList>
</BasicStmnt>
</StmntSeq>
</HierarchyLvl>
<HierarchyLvl HierarchyLvlId="941" HierarchyLvlTypeId="7" Intrnl_Id="32" Name="getUpperBound">
<Header>
<Loc EndOffset="3897" SrcFileId="1" StartOffset="3868"/>
</Header>
<LocList>
<Loc EndOffset="3934" SrcFileId="1" StartOffset="3868"/>
</LocList>
<StmntSeq Intrnl_Id="33">
<LocList>
<Loc EndOffset="3927" SrcFileId="1" StartOffset="3909"/>
</LocList>
<BasicStmnt CovItemId="S8" CovItemPrefix="org.jfree.data.Range.java" Intrnl_Id="34">
<LocList>
<Loc EndOffset="3927" SrcFileId="1" StartOffset="3909"/>
</LocList>
</BasicStmnt>
</StmntSeq>
</HierarchyLvl>
<HierarchyLvl HierarchyLvlId="942" HierarchyLvlTypeId="7" Intrnl_Id="35" Name="getLength">
<Header>
<Loc EndOffset="4062" SrcFileId="1" StartOffset="4037"/>
</Header>
<LocList>
<Loc EndOffset="4112" SrcFileId="1" StartOffset="4037"/>
</LocList>
<StmntSeq Intrnl_Id="36">
<LocList>
<Loc EndOffset="4105" SrcFileId="1" StartOffset="4074"/>
</LocList>
<BasicStmnt CovItemId="S9" CovItemPrefix="org.jfree.data.Range.java" Intrnl_Id="37">
<LocList>
<Loc EndOffset="4105" SrcFileId="1" StartOffset="4074"/>
</LocList>
</BasicStmnt>
</StmntSeq>
</HierarchyLvl>
<HierarchyLvl HierarchyLvlId="943" HierarchyLvlTypeId="7" Intrnl_Id="38" Name="getCentralValue">
<Header>
<Loc EndOffset="4273" SrcFileId="1" StartOffset="4242"/>
</Header>
<LocList>
<Loc EndOffset="4335" SrcFileId="1" StartOffset="4242"/>
</LocList>
<StmntSeq Intrnl_Id="39">
<LocList>
<Loc EndOffset="4328" SrcFileId="1" StartOffset="4285"/>
</LocList>
<BasicStmnt CovItemId="S10" CovItemPrefix="org.jfree.data.Range.java" Intrnl_Id="40">
<LocList>
<Loc EndOffset="4328" SrcFileId="1" StartOffset="4285"/>
</LocList>
</BasicStmnt>
</StmntSeq>
</HierarchyLvl>
<HierarchyLvl HierarchyLvlId="944" HierarchyLvlTypeId="7" Intrnl_Id="41" Name="contains">
<Header>
<Loc EndOffset="4656" SrcFileId="1" StartOffset="4619"/>
</Header>
<LocList>
<Loc EndOffset="4727" SrcFileId="1" StartOffset="4619"/>
</LocList>
<StmntSeq Intrnl_Id="42">
<LocList>
<Loc EndOffset="4720" SrcFileId="1" StartOffset="4668"/>
</LocList>
<BasicStmnt CovItemId="S11" CovItemPrefix="org.jfree.data.Range.java" Intrnl_Id="43">
<LocList>
<Loc EndOffset="4720" SrcFileId="1" StartOffset="4668"/>
</LocList>
</BasicStmnt>
</StmntSeq>
</HierarchyLvl>
<HierarchyLvl HierarchyLvlId="945" HierarchyLvlTypeId="7" Intrnl_Id="44" Name="intersects">
<Header>
<Loc EndOffset="5156" SrcFileId="1" StartOffset="5103"/>
</Header>
<LocList>
<Loc EndOffset="5341" SrcFileId="1" StartOffset="5103"/>
</LocList>
<StmntSeq Intrnl_Id="45">
<LocList>
<Loc EndOffset="5334" SrcFileId="1" StartOffset="5168"/>
</LocList>
<CondStmnt CovItemId="S12" CovItemPrefix="org.jfree.data.Range.java" Intrnl_Id="46">
<Branch CovItemId="B3" CovItemPrefix="org.jfree.data.Range.java" Implct="false" Intrnl_Id="47">
<Cond/>
<LocList>
<Loc EndOffset="5247" SrcFileId="1" StartOffset="5193"/>
</LocList>
<StmntSeq Intrnl_Id="48">
<LocList>
<Loc EndOffset="5236" SrcFileId="1" StartOffset="5208"/>
</LocList>
<BasicStmnt CovItemId="S13" CovItemPrefix="org.jfree.data.Range.java" Intrnl_Id="49">
<LocList>
<Loc EndOffset="5236" SrcFileId="1" StartOffset="5208"/>
</LocList>
</BasicStmnt>
</StmntSeq>
</Branch>
<Branch CovItemId="B4" CovItemPrefix="org.jfree.data.Range.java" Implct="false" Intrnl_Id="50">
<Cond>
<Loc EndOffset="5261" SrcFileId="1" StartOffset="5257"/>
</Cond>
<LocList>
<Loc EndOffset="5334" SrcFileId="1" StartOffset="5262"/>
</LocList>
<StmntSeq Intrnl_Id="51">
<LocList>
<Loc EndOffset="5323" SrcFileId="1" StartOffset="5277"/>
</LocList>
<BasicStmnt CovItemId="S14" CovItemPrefix="org.jfree.data.Range.java" Intrnl_Id="52">
<LocList>
<Loc EndOffset="5323" SrcFileId="1" StartOffset="5277"/>
</LocList>
</BasicStmnt>
</StmntSeq>
</Branch>
<Keyword EndOffset="5170" SrcFileId="1" StartOffset="5168"/>
<LocList>
<Loc EndOffset="5334" SrcFileId="1" StartOffset="5168"/>
</LocList>
<RootTerm CovItemId="C2" CovItemPrefix="org.jfree.data.Range.java" Intrnl_Id="53">
<BasicBoolTerm Intrnl_Id="54">
<LocList>
<Loc EndOffset="5191" SrcFileId="1" StartOffset="5172"/>
</LocList>
</BasicBoolTerm>
</RootTerm>
</CondStmnt>
</StmntSeq>
</HierarchyLvl>
<HierarchyLvl HierarchyLvlId="946" HierarchyLvlTypeId="7" Intrnl_Id="55" Name="constrain">
<Header>
<Loc EndOffset="5692" SrcFileId="1" StartOffset="5655"/>
</Header>
<LocList>
<Loc EndOffset="5996" SrcFileId="1" StartOffset="5655"/>
</LocList>
<StmntSeq Intrnl_Id="56">
<LocList>
<Loc EndOffset="5726" SrcFileId="1" StartOffset="5704"/>
<Loc EndOffset="5965" SrcFileId="1" StartOffset="5736"/>
<Loc EndOffset="5989" SrcFileId="1" StartOffset="5975"/>
</LocList>
<BasicStmnt CovItemId="S15" CovItemPrefix="org.jfree.data.Range.java" Intrnl_Id="57">
<LocList>
<Loc EndOffset="5726" SrcFileId="1" StartOffset="5704"/>
</LocList>
</BasicStmnt>
<CondStmnt CovItemId="S16" CovItemPrefix="org.jfree.data.Range.java" Intrnl_Id="58">
<Branch CovItemId="B5" CovItemPrefix="org.jfree.data.Range.java" Implct="false" Intrnl_Id="59">
<Cond/>
<LocList>
<Loc EndOffset="5965" SrcFileId="1" StartOffset="5758"/>
</LocList>
<StmntSeq Intrnl_Id="60">
<LocList>
<Loc EndOffset="5954" SrcFileId="1" StartOffset="5773"/>
</LocList>
<CondStmnt CovItemId="S17" CovItemPrefix="org.jfree.data.Range.java" Intrnl_Id="61">
<Branch CovItemId="B7" CovItemPrefix="org.jfree.data.Range.java" Implct="false" Intrnl_Id="62">
<Cond/>
<LocList>
<Loc EndOffset="5854" SrcFileId="1" StartOffset="5797"/>
</LocList>
<StmntSeq Intrnl_Id="63">
<LocList>
<Loc EndOffset="5836" SrcFileId="1" StartOffset="5816"/>
</LocList>
<BasicStmnt CovItemId="S18" CovItemPrefix="org.jfree.data.Range.java" Intrnl_Id="64">
<LocList>
<Loc EndOffset="5836" SrcFileId="1" StartOffset="5816"/>
</LocList>
</BasicStmnt>
</StmntSeq>
</Branch>
<Branch CovItemId="B8" CovItemPrefix="org.jfree.data.Range.java" Implct="false" Intrnl_Id="65">
<Cond>
<Loc EndOffset="5872" SrcFileId="1" StartOffset="5868"/>
</Cond>
<LocList>
<Loc EndOffset="5954" SrcFileId="1" StartOffset="5873"/>
</LocList>
<StmntSeq Intrnl_Id="66">
<LocList>
<Loc EndOffset="5954" SrcFileId="1" StartOffset="5873"/>
</LocList>
<CondStmnt CovItemId="S19" CovItemPrefix="org.jfree.data.Range.java" Intrnl_Id="67">
<Branch CovItemId="B9" CovItemPrefix="org.jfree.data.Range.java" Implct="false" Intrnl_Id="68">
<Cond/>
<LocList>
<Loc EndOffset="5954" SrcFileId="1" StartOffset="5897"/>
</LocList>
<StmntSeq Intrnl_Id="69">
<LocList>
<Loc EndOffset="5936" SrcFileId="1" StartOffset="5916"/>
</LocList>
<BasicStmnt CovItemId="S20" CovItemPrefix="org.jfree.data.Range.java" Intrnl_Id="70">
<LocList>
<Loc EndOffset="5936" SrcFileId="1" StartOffset="5916"/>
</LocList>
</BasicStmnt>
</StmntSeq>
</Branch>
<Branch CovItemId="B10" CovItemPrefix="org.jfree.data.Range.java" Implct="true" Intrnl_Id="71">
<Cond/>
<LocList/>
<StmntSeq Intrnl_Id="72">
<LocList/>
</StmntSeq>
</Branch>
<Keyword EndOffset="5875" SrcFileId="1" StartOffset="5873"/>
<LocList>
<Loc EndOffset="5954" SrcFileId="1" StartOffset="5873"/>
</LocList>
<RootTerm CovItemId="C5" CovItemPrefix="org.jfree.data.Range.java" Intrnl_Id="73">
<BasicBoolTerm Intrnl_Id="74">
<LocList>
<Loc EndOffset="5895" SrcFileId="1" StartOffset="5877"/>
</LocList>
</BasicBoolTerm>
</RootTerm>
</CondStmnt>
</StmntSeq>
</Branch>
<Keyword EndOffset="5775" SrcFileId="1" StartOffset="5773"/>
<LocList>
<Loc EndOffset="5954" SrcFileId="1" StartOffset="5773"/>
</LocList>
<RootTerm CovItemId="C4" CovItemPrefix="org.jfree.data.Range.java" Intrnl_Id="75">
<BasicBoolTerm Intrnl_Id="76">
<LocList>
<Loc EndOffset="5795" SrcFileId="1" StartOffset="5777"/>
</LocList>
</BasicBoolTerm>
</RootTerm>
</CondStmnt>
</StmntSeq>
</Branch>
<Branch CovItemId="B6" CovItemPrefix="org.jfree.data.Range.java" Implct="true" Intrnl_Id="77">
<Cond/>
<LocList/>
<StmntSeq Intrnl_Id="78">
<LocList/>
</StmntSeq>
</Branch>
<Keyword EndOffset="5738" SrcFileId="1" StartOffset="5736"/>
<LocList>
<Loc EndOffset="5965" SrcFileId="1" StartOffset="5736"/>
</LocList>
<RootTerm CovItemId="C3" CovItemPrefix="org.jfree.data.Range.java" Intrnl_Id="79">
<OpTerm BooleanOpId="4" Intrnl_Id="80">
<BasicBoolTerm Intrnl_Id="81">
<LocList>
<Loc EndOffset="5756" SrcFileId="1" StartOffset="5741"/>
</LocList>
</BasicBoolTerm>
<LocList>
<Loc EndOffset="5741" SrcFileId="1" StartOffset="5740"/>
</LocList>
</OpTerm>
</RootTerm>
</CondStmnt>
<BasicStmnt CovItemId="S21" CovItemPrefix="org.jfree.data.Range.java" Intrnl_Id="82">
<LocList>
<Loc EndOffset="5989" SrcFileId="1" StartOffset="5975"/>
</LocList>
</BasicStmnt>
</StmntSeq>
</HierarchyLvl>
<HierarchyLvl HierarchyLvlId="947" HierarchyLvlTypeId="7" Intrnl_Id="83" Name="combine">
<Header>
<Loc EndOffset="6670" SrcFileId="1" StartOffset="6615"/>
</Header>
<LocList>
<Loc EndOffset="7158" SrcFileId="1" StartOffset="6615"/>
</LocList>
<StmntSeq Intrnl_Id="84">
<LocList>
<Loc EndOffset="7151" SrcFileId="1" StartOffset="6682"/>
</LocList>
<CondStmnt CovItemId="S22" CovItemPrefix="org.jfree.data.Range.java" Intrnl_Id="85">
<Branch CovItemId="B11" CovItemPrefix="org.jfree.data.Range.java" Implct="false" Intrnl_Id="86">
<Cond/>
<LocList>
<Loc EndOffset="6742" SrcFileId="1" StartOffset="6702"/>
</LocList>
<StmntSeq Intrnl_Id="87">
<LocList>
<Loc EndOffset="6731" SrcFileId="1" StartOffset="6717"/>
</LocList>
<BasicStmnt CovItemId="S23" CovItemPrefix="org.jfree.data.Range.java" Intrnl_Id="88">
<LocList>
<Loc EndOffset="6731" SrcFileId="1" StartOffset="6717"/>
</LocList>
</BasicStmnt>
</StmntSeq>
</Branch>
<Branch CovItemId="B12" CovItemPrefix="org.jfree.data.Range.java" Implct="false" Intrnl_Id="89">
<Cond>
<Loc EndOffset="6756" SrcFileId="1" StartOffset="6752"/>
</Cond>
<LocList>
<Loc EndOffset="7151" SrcFileId="1" StartOffset="6757"/>
</LocList>
<StmntSeq Intrnl_Id="90">
<LocList>
<Loc EndOffset="7140" SrcFileId="1" StartOffset="6772"/>
</LocList>
<CondStmnt CovItemId="S24" CovItemPrefix="org.jfree.data.Range.java" Intrnl_Id="91">
<Branch CovItemId="B13" CovItemPrefix="org.jfree.data.Range.java" Implct="false" Intrnl_Id="92">
<Cond/>
<LocList>
<Loc EndOffset="6840" SrcFileId="1" StartOffset="6792"/>
</LocList>
<StmntSeq Intrnl_Id="93">
<LocList>
<Loc EndOffset="6825" SrcFileId="1" StartOffset="6811"/>
</LocList>
<BasicStmnt CovItemId="S25" CovItemPrefix="org.jfree.data.Range.java" Intrnl_Id="94">
<LocList>
<Loc EndOffset="6825" SrcFileId="1" StartOffset="6811"/>
</LocList>
</BasicStmnt>
</StmntSeq>
</Branch>
<Branch CovItemId="B14" CovItemPrefix="org.jfree.data.Range.java" Implct="false" Intrnl_Id="95">
<Cond>
<Loc EndOffset="6858" SrcFileId="1" StartOffset="6854"/>
</Cond>
<LocList>
<Loc EndOffset="7140" SrcFileId="1" StartOffset="6859"/>
</LocList>
<StmntSeq Intrnl_Id="96">
<LocList>
<Loc EndOffset="6972" SrcFileId="1" StartOffset="6878"/>
<Loc EndOffset="7084" SrcFileId="1" StartOffset="6990"/>
<Loc EndOffset="7125" SrcFileId="1" StartOffset="7102"/>
</LocList>
<BasicStmnt CovItemId="S26" CovItemPrefix="org.jfree.data.Range.java" Intrnl_Id="97">
<LocList>
<Loc EndOffset="6972" SrcFileId="1" StartOffset="6878"/>
</LocList>
</BasicStmnt>
<BasicStmnt CovItemId="S27" CovItemPrefix="org.jfree.data.Range.java" Intrnl_Id="98">
<LocList>
<Loc EndOffset="7084" SrcFileId="1" StartOffset="6990"/>
</LocList>
</BasicStmnt>
<BasicStmnt CovItemId="S28" CovItemPrefix="org.jfree.data.Range.java" Intrnl_Id="99">
<LocList>
<Loc EndOffset="7125" SrcFileId="1" StartOffset="7102"/>
</LocList>
</BasicStmnt>
</StmntSeq>
</Branch>
<Keyword EndOffset="6774" SrcFileId="1" StartOffset="6772"/>
<LocList>
<Loc EndOffset="7140" SrcFileId="1" StartOffset="6772"/>
</LocList>
<RootTerm CovItemId="C7" CovItemPrefix="org.jfree.data.Range.java" Intrnl_Id="100">
<BasicBoolTerm Intrnl_Id="101">
<LocList>
<Loc EndOffset="6790" SrcFileId="1" StartOffset="6776"/>
</LocList>
</BasicBoolTerm>
</RootTerm>
</CondStmnt>
</StmntSeq>
</Branch>
<Keyword EndOffset="6684" SrcFileId="1" StartOffset="6682"/>
<LocList>
<Loc EndOffset="7151" SrcFileId="1" StartOffset="6682"/>
</LocList>
<RootTerm CovItemId="C6" CovItemPrefix="org.jfree.data.Range.java" Intrnl_Id="102">
<BasicBoolTerm Intrnl_Id="103">
<LocList>
<Loc EndOffset="6700" SrcFileId="1" StartOffset="6686"/>
</LocList>
</BasicBoolTerm>
</RootTerm>
</CondStmnt>
</StmntSeq>
</HierarchyLvl>
<HierarchyLvl HierarchyLvlId="948" HierarchyLvlTypeId="7" Intrnl_Id="104" Name="expandToInclude">
<Header>
<Loc EndOffset="7639" SrcFileId="1" StartOffset="7577"/>
</Header>
<LocList>
<Loc EndOffset="8029" SrcFileId="1" StartOffset="7577"/>
</LocList>
<StmntSeq Intrnl_Id="105">
<LocList>
<Loc EndOffset="7727" SrcFileId="1" StartOffset="7651"/>
<Loc EndOffset="8022" SrcFileId="1" StartOffset="7737"/>
</LocList>
<CondStmnt CovItemId="S29" CovItemPrefix="org.jfree.data.Range.java" Intrnl_Id="106">
<Branch CovItemId="B15" CovItemPrefix="org.jfree.data.Range.java" Implct="false" Intrnl_Id="107">
<Cond/>
<LocList>
<Loc EndOffset="7727" SrcFileId="1" StartOffset="7670"/>
</LocList>
<StmntSeq Intrnl_Id="108">
<LocList>
<Loc EndOffset="7716" SrcFileId="1" StartOffset="7685"/>
</LocList>
<BasicStmnt CovItemId="S30" CovItemPrefix="org.jfree.data.Range.java" Intrnl_Id="109">
<LocList>
<Loc EndOffset="7716" SrcFileId="1" StartOffset="7685"/>
</LocList>
</BasicStmnt>
</StmntSeq>
</Branch>
<Branch CovItemId="B16" CovItemPrefix="org.jfree.data.Range.java" Implct="true" Intrnl_Id="110">
<Cond/>
<LocList/>
<StmntSeq Intrnl_Id="111">
<LocList/>
</StmntSeq>
</Branch>
<Keyword EndOffset="7653" SrcFileId="1" StartOffset="7651"/>
<LocList>
<Loc EndOffset="7727" SrcFileId="1" StartOffset="7651"/>
</LocList>
<RootTerm CovItemId="C8" CovItemPrefix="org.jfree.data.Range.java" Intrnl_Id="112">
<BasicBoolTerm Intrnl_Id="113">
<LocList>
<Loc EndOffset="7668" SrcFileId="1" StartOffset="7655"/>
</LocList>
</BasicBoolTerm>
</RootTerm>
</CondStmnt>
<CondStmnt CovItemId="S31" CovItemPrefix="org.jfree.data.Range.java" Intrnl_Id="114">
<Branch CovItemId="B17" CovItemPrefix="org.jfree.data.Range.java" Implct="false" Intrnl_Id="115">
<Cond/>
<LocList>
<Loc EndOffset="7845" SrcFileId="1" StartOffset="7772"/>
</LocList>
<StmntSeq Intrnl_Id="116">
<LocList>
<Loc EndOffset="7834" SrcFileId="1" StartOffset="7787"/>
</LocList>
<BasicStmnt CovItemId="S32" CovItemPrefix="org.jfree.data.Range.java" Intrnl_Id="117">
<LocList>
<Loc EndOffset="7834" SrcFileId="1" StartOffset="7787"/>
</LocList>
</BasicStmnt>
</StmntSeq>
</Branch>
<Branch CovItemId="B18" CovItemPrefix="org.jfree.data.Range.java" Implct="false" Intrnl_Id="118">
<Cond>
<Loc EndOffset="7859" SrcFileId="1" StartOffset="7855"/>
</Cond>
<LocList>
<Loc EndOffset="8022" SrcFileId="1" StartOffset="7860"/>
</LocList>
<StmntSeq Intrnl_Id="119">
<LocList>
<Loc EndOffset="8022" SrcFileId="1" StartOffset="7860"/>
</LocList>
<CondStmnt CovItemId="S33" CovItemPrefix="org.jfree.data.Range.java" Intrnl_Id="120">
<Branch CovItemId="B19" CovItemPrefix="org.jfree.data.Range.java" Implct="false" Intrnl_Id="121">
<Cond/>
<LocList>
<Loc EndOffset="7968" SrcFileId="1" StartOffset="7895"/>
</LocList>
<StmntSeq Intrnl_Id="122">
<LocList>
<Loc EndOffset="7957" SrcFileId="1" StartOffset="7910"/>
</LocList>
<BasicStmnt CovItemId="S34" CovItemPrefix="org.jfree.data.Range.java" Intrnl_Id="123">
<LocList>
<Loc EndOffset="7957" SrcFileId="1" StartOffset="7910"/>
</LocList>
</BasicStmnt>
</StmntSeq>
</Branch>
<Branch CovItemId="B20" CovItemPrefix="org.jfree.data.Range.java" Implct="false" Intrnl_Id="124">
<Cond>
<Loc EndOffset="7982" SrcFileId="1" StartOffset="7978"/>
</Cond>
<LocList>
<Loc EndOffset="8022" SrcFileId="1" StartOffset="7983"/>
</LocList>
<StmntSeq Intrnl_Id="125">
<LocList>
<Loc EndOffset="8011" SrcFileId="1" StartOffset="7998"/>
</LocList>
<BasicStmnt CovItemId="S35" CovItemPrefix="org.jfree.data.Range.java" Intrnl_Id="126">
<LocList>
<Loc EndOffset="8011" SrcFileId="1" StartOffset="7998"/>
</LocList>
</BasicStmnt>
</StmntSeq>
</Branch>
<Keyword EndOffset="7862" SrcFileId="1" StartOffset="7860"/>
<LocList>
<Loc EndOffset="8022" SrcFileId="1" StartOffset="7860"/>
</LocList>
<RootTerm CovItemId="C10" CovItemPrefix="org.jfree.data.Range.java" Intrnl_Id="127">
<BasicBoolTerm Intrnl_Id="128">
<LocList>
<Loc EndOffset="7893" SrcFileId="1" StartOffset="7864"/>
</LocList>
</BasicBoolTerm>
</RootTerm>
</CondStmnt>
</StmntSeq>
</Branch>
<Keyword EndOffset="7739" SrcFileId="1" StartOffset="7737"/>
<LocList>
<Loc EndOffset="8022" SrcFileId="1" StartOffset="7737"/>
</LocList>
<RootTerm CovItemId="C9" CovItemPrefix="org.jfree.data.Range.java" Intrnl_Id="129">
<BasicBoolTerm Intrnl_Id="130">
<LocList>
<Loc EndOffset="7770" SrcFileId="1" StartOffset="7741"/>
</LocList>
</BasicBoolTerm>
</RootTerm>
</CondStmnt>
</StmntSeq>
</HierarchyLvl>
<HierarchyLvl HierarchyLvlId="949" HierarchyLvlTypeId="7" Intrnl_Id="131" Name="expand">
<Header>
<Loc EndOffset="8691" SrcFileId="1" StartOffset="8579"/>
</Header>
<LocList>
<Loc EndOffset="9062" SrcFileId="1" StartOffset="8579"/>
</LocList>
<StmntSeq Intrnl_Id="132">
<LocList>
<Loc EndOffset="8812" SrcFileId="1" StartOffset="8703"/>
<Loc EndOffset="8856" SrcFileId="1" StartOffset="8822"/>
<Loc EndOffset="8902" SrcFileId="1" StartOffset="8866"/>
<Loc EndOffset="8948" SrcFileId="1" StartOffset="8912"/>
<Loc EndOffset="9055" SrcFileId="1" StartOffset="8958"/>
</LocList>
<CondStmnt CovItemId="S36" CovItemPrefix="org.jfree.data.Range.java" Intrnl_Id="133">
<Branch CovItemId="B21" CovItemPrefix="org.jfree.data.Range.java" Implct="false" Intrnl_Id="134">
<Cond/>
<LocList>
<Loc EndOffset="8812" SrcFileId="1" StartOffset="8722"/>
</LocList>
<StmntSeq Intrnl_Id="135">
<LocList>
<Loc EndOffset="8798" SrcFileId="1" StartOffset="8737"/>
</LocList>
<BasicStmnt CovItemId="S37" CovItemPrefix="org.jfree.data.Range.java" Intrnl_Id="136">
<LocList>
<Loc EndOffset="8798" SrcFileId="1" StartOffset="8737"/>
</LocList>
</BasicStmnt>
</StmntSeq>
</Branch>
<Branch CovItemId="B22" CovItemPrefix="org.jfree.data.Range.java" Implct="true" Intrnl_Id="137">
<Cond/>
<LocList/>
<StmntSeq Intrnl_Id="138">
<LocList/>
</StmntSeq>
</Branch>
<Keyword EndOffset="8705" SrcFileId="1" StartOffset="8703"/>
<LocList>
<Loc EndOffset="8812" SrcFileId="1" StartOffset="8703"/>
</LocList>
<RootTerm CovItemId="C11" CovItemPrefix="org.jfree.data.Range.java" Intrnl_Id="139">
<BasicBoolTerm Intrnl_Id="140">
<LocList>
<Loc EndOffset="8720" SrcFileId="1" StartOffset="8707"/>
</LocList>
</BasicBoolTerm>
</RootTerm>
</CondStmnt>
<BasicStmnt CovItemId="S38" CovItemPrefix="org.jfree.data.Range.java" Intrnl_Id="141">
<LocList>
<Loc EndOffset="8856" SrcFileId="1" StartOffset="8822"/>
</LocList>
</BasicStmnt>
<BasicStmnt CovItemId="S39" CovItemPrefix="org.jfree.data.Range.java" Intrnl_Id="142">
<LocList>
<Loc EndOffset="8902" SrcFileId="1" StartOffset="8866"/>
</LocList>
</BasicStmnt>
<BasicStmnt CovItemId="S40" CovItemPrefix="org.jfree.data.Range.java" Intrnl_Id="143">
<LocList>
<Loc EndOffset="8948" SrcFileId="1" StartOffset="8912"/>
</LocList>
</BasicStmnt>
<BasicStmnt CovItemId="S41" CovItemPrefix="org.jfree.data.Range.java" Intrnl_Id="144">
<LocList>
<Loc EndOffset="9055" SrcFileId="1" StartOffset="8958"/>
</LocList>
</BasicStmnt>
</StmntSeq>
</HierarchyLvl>
<HierarchyLvl HierarchyLvlId="950" HierarchyLvlTypeId="7" Intrnl_Id="145" Name="shift">
<Header>
<Loc EndOffset="9533" SrcFileId="1" StartOffset="9482"/>
</Header>
<LocList>
<Loc EndOffset="9585" SrcFileId="1" StartOffset="9482"/>
</LocList>
<StmntSeq Intrnl_Id="146">
<LocList>
<Loc EndOffset="9578" SrcFileId="1" StartOffset="9545"/>
</LocList>
<BasicStmnt CovItemId="S42" CovItemPrefix="org.jfree.data.Range.java" Intrnl_Id="147">
<LocList>
<Loc EndOffset="9578" SrcFileId="1" StartOffset="9545"/>
</LocList>
</BasicStmnt>
</StmntSeq>
</HierarchyLvl>
<HierarchyLvl HierarchyLvlId="951" HierarchyLvlTypeId="7" Intrnl_Id="148" Name="shift">
<Header>
<Loc EndOffset="10413" SrcFileId="1" StartOffset="10303"/>
</Header>
<LocList>
<Loc EndOffset="10790" SrcFileId="1" StartOffset="10303"/>
</LocList>
<StmntSeq Intrnl_Id="149">
<LocList>
<Loc EndOffset="10783" SrcFileId="1" StartOffset="10425"/>
</LocList>
<CondStmnt CovItemId="S43" CovItemPrefix="org.jfree.data.Range.java" Intrnl_Id="150">
<Branch CovItemId="B23" CovItemPrefix="org.jfree.data.Range.java" Implct="false" Intrnl_Id="151">
<Cond/>
<LocList>
<Loc EndOffset="10573" SrcFileId="1" StartOffset="10448"/>
</LocList>
<StmntSeq Intrnl_Id="152">
<LocList>
<Loc EndOffset="10562" SrcFileId="1" StartOffset="10463"/>
</LocList>
<BasicStmnt CovItemId="S44" CovItemPrefix="org.jfree.data.Range.java" Intrnl_Id="153">
<LocList>
<Loc EndOffset="10562" SrcFileId="1" StartOffset="10463"/>
</LocList>
</BasicStmnt>
</StmntSeq>
</Branch>
<Branch CovItemId="B24" CovItemPrefix="org.jfree.data.Range.java" Implct="false" Intrnl_Id="154">
<Cond>
<Loc EndOffset="10587" SrcFileId="1" StartOffset="10583"/>
</Cond>
<LocList>
<Loc EndOffset="10783" SrcFileId="1" StartOffset="10588"/>
</LocList>
<StmntSeq Intrnl_Id="155">
<LocList>
<Loc EndOffset="10772" SrcFileId="1" StartOffset="10603"/>
</LocList>
<BasicStmnt CovItemId="S45" CovItemPrefix="org.jfree.data.Range.java" Intrnl_Id="156">
<LocList>
<Loc EndOffset="10772" SrcFileId="1" StartOffset="10603"/>
</LocList>
</BasicStmnt>
</StmntSeq>
</Branch>
<Keyword EndOffset="10427" SrcFileId="1" StartOffset="10425"/>
<LocList>
<Loc EndOffset="10783" SrcFileId="1" StartOffset="10425"/>
</LocList>
<RootTerm CovItemId="C12" CovItemPrefix="org.jfree.data.Range.java" Intrnl_Id="157">
<BasicBoolTerm Intrnl_Id="158">
<LocList>
<Loc EndOffset="10446" SrcFileId="1" StartOffset="10429"/>
</LocList>
</BasicBoolTerm>
</RootTerm>
</CondStmnt>
</StmntSeq>
</HierarchyLvl>
<HierarchyLvl HierarchyLvlId="952" HierarchyLvlTypeId="7" Intrnl_Id="159" Name="shiftWithNoZeroCrossing">
<Header>
<Loc EndOffset="11169" SrcFileId="1" StartOffset="11096"/>
</Header>
<LocList>
<Loc EndOffset="11428" SrcFileId="1" StartOffset="11096"/>
</LocList>
<StmntSeq Intrnl_Id="160">
<LocList>
<Loc EndOffset="11421" SrcFileId="1" StartOffset="11181"/>
</LocList>
<CondStmnt CovItemId="S46" CovItemPrefix="org.jfree.data.Range.java" Intrnl_Id="161">
<Branch CovItemId="B25" CovItemPrefix="org.jfree.data.Range.java" Implct="false" Intrnl_Id="162">
<Cond/>
<LocList>
<Loc EndOffset="11262" SrcFileId="1" StartOffset="11198"/>
</LocList>
<StmntSeq Intrnl_Id="163">
<LocList>
<Loc EndOffset="11249" SrcFileId="1" StartOffset="11213"/>
</LocList>
<BasicStmnt CovItemId="S47" CovItemPrefix="org.jfree.data.Range.java" Intrnl_Id="164">
<LocList>
<Loc EndOffset="11249" SrcFileId="1" StartOffset="11213"/>
</LocList>
</BasicStmnt>
</StmntSeq>
</Branch>
<Branch CovItemId="B26" CovItemPrefix="org.jfree.data.Range.java" Implct="false" Intrnl_Id="165">
<Cond>
<Loc EndOffset="11276" SrcFileId="1" StartOffset="11272"/>
</Cond>
<LocList>
<Loc EndOffset="11421" SrcFileId="1" StartOffset="11277"/>
</LocList>
<StmntSeq Intrnl_Id="166">
<LocList>
<Loc EndOffset="11421" SrcFileId="1" StartOffset="11277"/>
</LocList>
<CondStmnt CovItemId="S48" CovItemPrefix="org.jfree.data.Range.java" Intrnl_Id="167">
<Branch CovItemId="B27" CovItemPrefix="org.jfree.data.Range.java" Implct="false" Intrnl_Id="168">
<Cond/>
<LocList>
<Loc EndOffset="11356" SrcFileId="1" StartOffset="11294"/>
</LocList>
<StmntSeq Intrnl_Id="169">
<LocList>
<Loc EndOffset="11345" SrcFileId="1" StartOffset="11309"/>
</LocList>
<BasicStmnt CovItemId="S49" CovItemPrefix="org.jfree.data.Range.java" Intrnl_Id="170">
<LocList>
<Loc EndOffset="11345" SrcFileId="1" StartOffset="11309"/>
</LocList>
</BasicStmnt>
</StmntSeq>
</Branch>
<Branch CovItemId="B28" CovItemPrefix="org.jfree.data.Range.java" Implct="false" Intrnl_Id="171">
<Cond>
<Loc EndOffset="11370" SrcFileId="1" StartOffset="11366"/>
</Cond>
<LocList>
<Loc EndOffset="11421" SrcFileId="1" StartOffset="11371"/>
</LocList>
<StmntSeq Intrnl_Id="172">
<LocList>
<Loc EndOffset="11407" SrcFileId="1" StartOffset="11386"/>
</LocList>
<BasicStmnt CovItemId="S50" CovItemPrefix="org.jfree.data.Range.java" Intrnl_Id="173">
<LocList>
<Loc EndOffset="11407" SrcFileId="1" StartOffset="11386"/>
</LocList>
</BasicStmnt>
</StmntSeq>
</Branch>
<Keyword EndOffset="11279" SrcFileId="1" StartOffset="11277"/>
<LocList>
<Loc EndOffset="11421" SrcFileId="1" StartOffset="11277"/>
</LocList>
<RootTerm CovItemId="C14" CovItemPrefix="org.jfree.data.Range.java" Intrnl_Id="174">
<BasicBoolTerm Intrnl_Id="175">
<LocList>
<Loc EndOffset="11292" SrcFileId="1" StartOffset="11281"/>
</LocList>
</BasicBoolTerm>
</RootTerm>
</CondStmnt>
</StmntSeq>
</Branch>
<Keyword EndOffset="11183" SrcFileId="1" StartOffset="11181"/>
<LocList>
<Loc EndOffset="11421" SrcFileId="1" StartOffset="11181"/>
</LocList>
<RootTerm CovItemId="C13" CovItemPrefix="org.jfree.data.Range.java" Intrnl_Id="176">
<BasicBoolTerm Intrnl_Id="177">
<LocList>
<Loc EndOffset="11196" SrcFileId="1" StartOffset="11185"/>
</LocList>
</BasicBoolTerm>
</RootTerm>
</CondStmnt>
</StmntSeq>
</HierarchyLvl>
<HierarchyLvl HierarchyLvlId="953" HierarchyLvlTypeId="7" Intrnl_Id="178" Name="equals">
<Header>
<Loc EndOffset="11728" SrcFileId="1" StartOffset="11695"/>
</Header>
<LocList>
<Loc EndOffset="12038" SrcFileId="1" StartOffset="11695"/>
</LocList>
<StmntSeq Intrnl_Id="179">
<LocList>
<Loc EndOffset="11808" SrcFileId="1" StartOffset="11740"/>
<Loc EndOffset="11844" SrcFileId="1" StartOffset="11818"/>
<Loc EndOffset="11927" SrcFileId="1" StartOffset="11854"/>
<Loc EndOffset="12009" SrcFileId="1" StartOffset="11937"/>
<Loc EndOffset="12031" SrcFileId="1" StartOffset="12019"/>
</LocList>
<CondStmnt CovItemId="S51" CovItemPrefix="org.jfree.data.Range.java" Intrnl_Id="180">
<Branch CovItemId="B29" CovItemPrefix="org.jfree.data.Range.java" Implct="false" Intrnl_Id="181">
<Cond/>
<LocList>
<Loc EndOffset="11808" SrcFileId="1" StartOffset="11769"/>
</LocList>
<StmntSeq Intrnl_Id="182">
<LocList>
<Loc EndOffset="11797" SrcFileId="1" StartOffset="11784"/>
</LocList>
<BasicStmnt CovItemId="S52" CovItemPrefix="org.jfree.data.Range.java" Intrnl_Id="183">
<LocList>
<Loc EndOffset="11797" SrcFileId="1" StartOffset="11784"/>
</LocList>
</BasicStmnt>
</StmntSeq>
</Branch>
<Branch CovItemId="B30" CovItemPrefix="org.jfree.data.Range.java" Implct="true" Intrnl_Id="184">
<Cond/>
<LocList/>
<StmntSeq Intrnl_Id="185">
<LocList/>
</StmntSeq>
</Branch>
<Keyword EndOffset="11742" SrcFileId="1" StartOffset="11740"/>
<LocList>
<Loc EndOffset="11808" SrcFileId="1" StartOffset="11740"/>
</LocList>
<RootTerm CovItemId="C15" CovItemPrefix="org.jfree.data.Range.java" Intrnl_Id="186">
<OpTerm BooleanOpId="4" Intrnl_Id="187">
<BasicBoolTerm Intrnl_Id="188">
<LocList>
<Loc EndOffset="11766" SrcFileId="1" StartOffset="11746"/>
</LocList>
</BasicBoolTerm>
<LocList>
<Loc EndOffset="11745" SrcFileId="1" StartOffset="11744"/>
</LocList>
</OpTerm>
</RootTerm>
</CondStmnt>
<BasicStmnt CovItemId="S53" CovItemPrefix="org.jfree.data.Range.java" Intrnl_Id="189">
<LocList>
<Loc EndOffset="11844" SrcFileId="1" StartOffset="11818"/>
</LocList>
</BasicStmnt>
<CondStmnt CovItemId="S54" CovItemPrefix="org.jfree.data.Range.java" Intrnl_Id="190">
<Branch CovItemId="B31" CovItemPrefix="org.jfree.data.Range.java" Implct="false" Intrnl_Id="191">
<Cond/>
<LocList>
<Loc EndOffset="11927" SrcFileId="1" StartOffset="11888"/>
</LocList>
<StmntSeq Intrnl_Id="192">
<LocList>
<Loc EndOffset="11916" SrcFileId="1" StartOffset="11903"/>
</LocList>
<BasicStmnt CovItemId="S55" CovItemPrefix="org.jfree.data.Range.java" Intrnl_Id="193">
<LocList>
<Loc EndOffset="11916" SrcFileId="1" StartOffset="11903"/>
</LocList>
</BasicStmnt>
</StmntSeq>
</Branch>
<Branch CovItemId="B32" CovItemPrefix="org.jfree.data.Range.java" Implct="true" Intrnl_Id="194">
<Cond/>
<LocList/>
<StmntSeq Intrnl_Id="195">
<LocList/>
</StmntSeq>
</Branch>
<Keyword EndOffset="11856" SrcFileId="1" StartOffset="11854"/>
<LocList>
<Loc EndOffset="11927" SrcFileId="1" StartOffset="11854"/>
</LocList>
<RootTerm CovItemId="C16" CovItemPrefix="org.jfree.data.Range.java" Intrnl_Id="196">
<OpTerm BooleanOpId="4" Intrnl_Id="197">
<BasicBoolTerm Intrnl_Id="198">
<LocList>
<Loc EndOffset="11885" SrcFileId="1" StartOffset="11860"/>
</LocList>
</BasicBoolTerm>
<LocList>
<Loc EndOffset="11859" SrcFileId="1" StartOffset="11858"/>
</LocList>
</OpTerm>
</RootTerm>
</CondStmnt>
<CondStmnt CovItemId="S56" CovItemPrefix="org.jfree.data.Range.java" Intrnl_Id="199">
<Branch CovItemId="B33" CovItemPrefix="org.jfree.data.Range.java" Implct="false" Intrnl_Id="200">
<Cond/>
<LocList>
<Loc EndOffset="12009" SrcFileId="1" StartOffset="11971"/>
</LocList>
<StmntSeq Intrnl_Id="201">
<LocList>
<Loc EndOffset="11998" SrcFileId="1" StartOffset="11986"/>
</LocList>
<BasicStmnt CovItemId="S57" CovItemPrefix="org.jfree.data.Range.java" Intrnl_Id="202">
<LocList>
<Loc EndOffset="11998" SrcFileId="1" StartOffset="11986"/>
</LocList>
</BasicStmnt>
</StmntSeq>
</Branch>
<Branch CovItemId="B34" CovItemPrefix="org.jfree.data.Range.java" Implct="true" Intrnl_Id="203">
<Cond/>
<LocList/>
<StmntSeq Intrnl_Id="204">
<LocList/>
</StmntSeq>
</Branch>
<Keyword EndOffset="11939" SrcFileId="1" StartOffset="11937"/>
<LocList>
<Loc EndOffset="12009" SrcFileId="1" StartOffset="11937"/>
</LocList>
<RootTerm CovItemId="C17" CovItemPrefix="org.jfree.data.Range.java" Intrnl_Id="205">
<OpTerm BooleanOpId="4" Intrnl_Id="206">
<BasicBoolTerm Intrnl_Id="207">
<LocList>
<Loc EndOffset="11968" SrcFileId="1" StartOffset="11943"/>
</LocList>
</BasicBoolTerm>
<LocList>
<Loc EndOffset="11942" SrcFileId="1" StartOffset="11941"/>
</LocList>
</OpTerm>
</RootTerm>
</CondStmnt>
<BasicStmnt CovItemId="S58" CovItemPrefix="org.jfree.data.Range.java" Intrnl_Id="208">
<LocList>
<Loc EndOffset="12031" SrcFileId="1" StartOffset="12019"/>
</LocList>
</BasicStmnt>
</StmntSeq>
</HierarchyLvl>
<HierarchyLvl HierarchyLvlId="954" HierarchyLvlTypeId="7" Intrnl_Id="209" Name="hashCode">
<Header>
<Loc EndOffset="12263" SrcFileId="1" StartOffset="12242"/>
</Header>
<LocList>
<Loc EndOffset="12553" SrcFileId="1" StartOffset="12242"/>
</LocList>
<StmntSeq Intrnl_Id="210">
<LocList>
<Loc EndOffset="12359" SrcFileId="1" StartOffset="12316"/>
<Loc EndOffset="12407" SrcFileId="1" StartOffset="12369"/>
<Loc EndOffset="12460" SrcFileId="1" StartOffset="12417"/>
<Loc EndOffset="12522" SrcFileId="1" StartOffset="12470"/>
<Loc EndOffset="12546" SrcFileId="1" StartOffset="12532"/>
</LocList>
<BasicStmnt CovItemId="S59" CovItemPrefix="org.jfree.data.Range.java" Intrnl_Id="211">
<LocList>
<Loc EndOffset="12359" SrcFileId="1" StartOffset="12316"/>
</LocList>
</BasicStmnt>
<BasicStmnt CovItemId="S60" CovItemPrefix="org.jfree.data.Range.java" Intrnl_Id="212">
<LocList>
<Loc EndOffset="12407" SrcFileId="1" StartOffset="12369"/>
</LocList>
</BasicStmnt>
<BasicStmnt CovItemId="S61" CovItemPrefix="org.jfree.data.Range.java" Intrnl_Id="213">
<LocList>
<Loc EndOffset="12460" SrcFileId="1" StartOffset="12417"/>
</LocList>
</BasicStmnt>
<BasicStmnt CovItemId="S62" CovItemPrefix="org.jfree.data.Range.java" Intrnl_Id="214">
<LocList>
<Loc EndOffset="12522" SrcFileId="1" StartOffset="12470"/>
</LocList>
</BasicStmnt>
<BasicStmnt CovItemId="S63" CovItemPrefix="org.jfree.data.Range.java" Intrnl_Id="215">
<LocList>
<Loc EndOffset="12546" SrcFileId="1" StartOffset="12532"/>
</LocList>
</BasicStmnt>
</StmntSeq>
</HierarchyLvl>
<HierarchyLvl HierarchyLvlId="955" HierarchyLvlTypeId="7" Intrnl_Id="216" Name="toString">
<Header>
<Loc EndOffset="12776" SrcFileId="1" StartOffset="12752"/>
</Header>
<LocList>
<Loc EndOffset="12851" SrcFileId="1" StartOffset="12752"/>
</LocList>
<StmntSeq Intrnl_Id="217">
<LocList>
<Loc EndOffset="12844" SrcFileId="1" StartOffset="12788"/>
</LocList>
<BasicStmnt CovItemId="S64" CovItemPrefix="org.jfree.data.Range.java" Intrnl_Id="218">
<LocList>
<Loc EndOffset="12844" SrcFileId="1" StartOffset="12788"/>
</LocList>
</BasicStmnt>
</StmntSeq>
</HierarchyLvl>
</HierarchyLvl>
<HierarchyLvl HierarchyLvlId="1019" HierarchyLvlTypeId="6" Intrnl_Id="219" Name="DefaultKeyedValuesTest">
<Header>
<Loc EndOffset="251" SrcFileId="2" StartOffset="216"/>
</Header>
<LocList>
<Loc EndOffset="24448" SrcFileId="2" StartOffset="216"/>
</LocList>
<HierarchyLvl HierarchyLvlId="957" HierarchyLvlTypeId="7" Intrnl_Id="220" Name="testConstructor">
<Header>
<Loc EndOffset="313" SrcFileId="2" StartOffset="277"/>
</Header>
<LocList>
<Loc EndOffset="418" SrcFileId="2" StartOffset="277"/>
</LocList>
<StmntSeq Intrnl_Id="221">
<LocList>
<Loc EndOffset="372" SrcFileId="2" StartOffset="318"/>
<Loc EndOffset="415" SrcFileId="2" StartOffset="375"/>
</LocList>
<BasicStmnt CovItemId="S1" CovItemPrefix="org.jfree.data.DefaultKeyedValuesTest.java" Intrnl_Id="222">
<LocList>
<Loc EndOffset="372" SrcFileId="2" StartOffset="318"/>
</LocList>
</BasicStmnt>
<BasicStmnt CovItemId="S2" CovItemPrefix="org.jfree.data.DefaultKeyedValuesTest.java" Intrnl_Id="223">
<LocList>
<Loc EndOffset="415" SrcFileId="2" StartOffset="375"/>
</LocList>
</BasicStmnt>
</StmntSeq>
</HierarchyLvl>
<HierarchyLvl HierarchyLvlId="958" HierarchyLvlTypeId="7" Intrnl_Id="224" Name="testGetItemCount_DKVHasZeroEntries">
<Header>
<Loc EndOffset="499" SrcFileId="2" StartOffset="444"/>
</Header>
<LocList>
<Loc EndOffset="657" SrcFileId="2" StartOffset="444"/>
</LocList>
<StmntSeq Intrnl_Id="225">
<LocList>
<Loc EndOffset="558" SrcFileId="2" StartOffset="504"/>
<Loc EndOffset="578" SrcFileId="2" StartOffset="561"/>
<Loc EndOffset="617" SrcFileId="2" StartOffset="581"/>
<Loc EndOffset="654" SrcFileId="2" StartOffset="623"/>
</LocList>
<BasicStmnt CovItemId="S3" CovItemPrefix="org.jfree.data.DefaultKeyedValuesTest.java" Intrnl_Id="226">
<LocList>
<Loc EndOffset="558" SrcFileId="2" StartOffset="504"/>
</LocList>
</BasicStmnt>
<BasicStmnt CovItemId="S4" CovItemPrefix="org.jfree.data.DefaultKeyedValuesTest.java" Intrnl_Id="227">
<LocList>
<Loc EndOffset="578" SrcFileId="2" StartOffset="561"/>
</LocList>
</BasicStmnt>
<BasicStmnt CovItemId="S5" CovItemPrefix="org.jfree.data.DefaultKeyedValuesTest.java" Intrnl_Id="228">
<LocList>
<Loc EndOffset="617" SrcFileId="2" StartOffset="581"/>
</LocList>
</BasicStmnt>
<BasicStmnt CovItemId="S6" CovItemPrefix="org.jfree.data.DefaultKeyedValuesTest.java" Intrnl_Id="229">
<LocList>
<Loc EndOffset="654" SrcFileId="2" StartOffset="623"/>
</LocList>
</BasicStmnt>
</StmntSeq>
</HierarchyLvl>
<HierarchyLvl HierarchyLvlId="959" HierarchyLvlTypeId="7" Intrnl_Id="230" Name="testGetItemCount_DKVHasOneEntry">
<Header>
<Loc EndOffset="713" SrcFileId="2" StartOffset="661"/>
</Header>
<LocList>
<Loc EndOffset="912" SrcFileId="2" StartOffset="661"/>
</LocList>
<StmntSeq Intrnl_Id="231">
<LocList>
<Loc EndOffset="772" SrcFileId="2" StartOffset="718"/>
<Loc EndOffset="813" SrcFileId="2" StartOffset="775"/>
<Loc EndOffset="833" SrcFileId="2" StartOffset="816"/>
<Loc EndOffset="872" SrcFileId="2" StartOffset="836"/>
<Loc EndOffset="909" SrcFileId="2" StartOffset="878"/>
</LocList>
<BasicStmnt CovItemId="S7" CovItemPrefix="org.jfree.data.DefaultKeyedValuesTest.java" Intrnl_Id="232">
<LocList>
<Loc EndOffset="772" SrcFileId="2" StartOffset="718"/>
</LocList>
</BasicStmnt>
<BasicStmnt CovItemId="S8" CovItemPrefix="org.jfree.data.DefaultKeyedValuesTest.java" Intrnl_Id="233">
<LocList>
<Loc EndOffset="813" SrcFileId="2" StartOffset="775"/>
</LocList>
</BasicStmnt>
<BasicStmnt CovItemId="S9" CovItemPrefix="org.jfree.data.DefaultKeyedValuesTest.java" Intrnl_Id="234">
<LocList>
<Loc EndOffset="833" SrcFileId="2" StartOffset="816"/>
</LocList>
</BasicStmnt>
<BasicStmnt CovItemId="S10" CovItemPrefix="org.jfree.data.DefaultKeyedValuesTest.java" Intrnl_Id="235">
<LocList>
<Loc EndOffset="872" SrcFileId="2" StartOffset="836"/>
</LocList>
</BasicStmnt>
<BasicStmnt CovItemId="S11" CovItemPrefix="org.jfree.data.DefaultKeyedValuesTest.java" Intrnl_Id="236">
<LocList>
<Loc EndOffset="909" SrcFileId="2" StartOffset="878"/>
</LocList>
</BasicStmnt>
</StmntSeq>
</HierarchyLvl>
<HierarchyLvl HierarchyLvlId="960" HierarchyLvlTypeId="7" Intrnl_Id="237" Name="testGetItemCount_DKVHasFiveEntries">
<Header>
<Loc EndOffset="971" SrcFileId="2" StartOffset="916"/>
</Header>
<LocList>
<Loc EndOffset="1208" SrcFileId="2" StartOffset="916"/>
</LocList>
<StmntSeq Intrnl_Id="238">
<LocList>
<Loc EndOffset="1030" SrcFileId="2" StartOffset="976"/>
<Loc EndOffset="1105" SrcFileId="2" StartOffset="1033"/>
<Loc EndOffset="1129" SrcFileId="2" StartOffset="1112"/>
<Loc EndOffset="1168" SrcFileId="2" StartOffset="1132"/>
<Loc EndOffset="1205" SrcFileId="2" StartOffset="1174"/>
</LocList>
<BasicStmnt CovItemId="S12" CovItemPrefix="org.jfree.data.DefaultKeyedValuesTest.java" Intrnl_Id="239">
<LocList>
<Loc EndOffset="1030" SrcFileId="2" StartOffset="976"/>
</LocList>
</BasicStmnt>
<LoopStmnt CovItemId="S13" CovItemPrefix="org.jfree.data.DefaultKeyedValuesTest.java" Intrnl_Id="240" MltplExecId="L1-2" MltplExecPrefix="org.jfree.data.DefaultKeyedValuesTest.java" NvrExecId="L1-0" NvrExecPrefix="org.jfree.data.DefaultKeyedValuesTest.java" OnceExecutedId="L1-1" OnceExecutedPrefix="org.jfree.data.DefaultKeyedValuesTest.java" OptBodyExec="true">
<StmntSeq Intrnl_Id="241">
<LocList>
<Loc EndOffset="1101" SrcFileId="2" StartOffset="1065"/>
</LocList>
<BasicStmnt CovItemId="S14" CovItemPrefix="org.jfree.data.DefaultKeyedValuesTest.java" Intrnl_Id="242">
<LocList>
<Loc EndOffset="1101" SrcFileId="2" StartOffset="1065"/>
</LocList>
</BasicStmnt>
</StmntSeq>
<Keyword EndOffset="1036" SrcFileId="2" StartOffset="1033"/>
<LocList>
<Loc EndOffset="1105" SrcFileId="2" StartOffset="1033"/>
</LocList>
<RootTerm CovItemId="C1" CovItemPrefix="org.jfree.data.DefaultKeyedValuesTest.java" Intrnl_Id="243">
<BasicBoolTerm Intrnl_Id="244">
<LocList>
<Loc EndOffset="1053" SrcFileId="2" StartOffset="1048"/>
</LocList>
</BasicBoolTerm>
</RootTerm>
</LoopStmnt>
<BasicStmnt CovItemId="S15" CovItemPrefix="org.jfree.data.DefaultKeyedValuesTest.java" Intrnl_Id="245">
<LocList>
<Loc EndOffset="1129" SrcFileId="2" StartOffset="1112"/>
</LocList>
</BasicStmnt>
<BasicStmnt CovItemId="S16" CovItemPrefix="org.jfree.data.DefaultKeyedValuesTest.java" Intrnl_Id="246">
<LocList>
<Loc EndOffset="1168" SrcFileId="2" StartOffset="1132"/>
</LocList>
</BasicStmnt>
<BasicStmnt CovItemId="S17" CovItemPrefix="org.jfree.data.DefaultKeyedValuesTest.java" Intrnl_Id="247">
<LocList>
<Loc EndOffset="1205" SrcFileId="2" StartOffset="1174"/>
</LocList>
</BasicStmnt>
</StmntSeq>
</HierarchyLvl>
<HierarchyLvl HierarchyLvlId="961" HierarchyLvlTypeId="7" Intrnl_Id="248" Name="testGetValue_indexIsZero">
<Header>
<Loc EndOffset="1279" SrcFileId="2" StartOffset="1234"/>
</Header>
<LocList>
<Loc EndOffset="1528" SrcFileId="2" StartOffset="1234"/>
</LocList>
<StmntSeq Intrnl_Id="249">
<LocList>
<Loc EndOffset="1338" SrcFileId="2" StartOffset="1284"/>
<Loc EndOffset="1413" SrcFileId="2" StartOffset="1341"/>
<Loc EndOffset="1440" SrcFileId="2" StartOffset="1420"/>
<Loc EndOffset="1488" SrcFileId="2" StartOffset="1443"/>
<Loc EndOffset="1525" SrcFileId="2" StartOffset="1494"/>
</LocList>
<BasicStmnt CovItemId="S18" CovItemPrefix="org.jfree.data.DefaultKeyedValuesTest.java" Intrnl_Id="250">
<LocList>
<Loc EndOffset="1338" SrcFileId="2" StartOffset="1284"/>
</LocList>
</BasicStmnt>
<LoopStmnt CovItemId="S19" CovItemPrefix="org.jfree.data.DefaultKeyedValuesTest.java" Intrnl_Id="251" MltplExecId="L2-2" MltplExecPrefix="org.jfree.data.DefaultKeyedValuesTest.java" NvrExecId="L2-0" NvrExecPrefix="org.jfree.data.DefaultKeyedValuesTest.java" OnceExecutedId="L2-1" OnceExecutedPrefix="org.jfree.data.DefaultKeyedValuesTest.java" OptBodyExec="true">
<StmntSeq Intrnl_Id="252">
<LocList>
<Loc EndOffset="1409" SrcFileId="2" StartOffset="1373"/>
</LocList>
<BasicStmnt CovItemId="S20" CovItemPrefix="org.jfree.data.DefaultKeyedValuesTest.java" Intrnl_Id="253">
<LocList>
<Loc EndOffset="1409" SrcFileId="2" StartOffset="1373"/>
</LocList>
</BasicStmnt>
</StmntSeq>
<Keyword EndOffset="1344" SrcFileId="2" StartOffset="1341"/>
<LocList>
<Loc EndOffset="1413" SrcFileId="2" StartOffset="1341"/>
</LocList>
<RootTerm CovItemId="C2" CovItemPrefix="org.jfree.data.DefaultKeyedValuesTest.java" Intrnl_Id="254">
<BasicBoolTerm Intrnl_Id="255">
<LocList>
<Loc EndOffset="1361" SrcFileId="2" StartOffset="1356"/>
</LocList>
</BasicBoolTerm>
</RootTerm>
</LoopStmnt>
<BasicStmnt CovItemId="S21" CovItemPrefix="org.jfree.data.DefaultKeyedValuesTest.java" Intrnl_Id="256">
<LocList>
<Loc EndOffset="1440" SrcFileId="2" StartOffset="1420"/>
</LocList>
</BasicStmnt>
<BasicStmnt CovItemId="S22" CovItemPrefix="org.jfree.data.DefaultKeyedValuesTest.java" Intrnl_Id="257">
<LocList>
<Loc EndOffset="1488" SrcFileId="2" StartOffset="1443"/>
</LocList>
</BasicStmnt>
<BasicStmnt CovItemId="S23" CovItemPrefix="org.jfree.data.DefaultKeyedValuesTest.java" Intrnl_Id="258">
<LocList>
<Loc EndOffset="1525" SrcFileId="2" StartOffset="1494"/>
</LocList>
</BasicStmnt>
</StmntSeq>
</HierarchyLvl>
<HierarchyLvl HierarchyLvlId="962" HierarchyLvlTypeId="7" Intrnl_Id="259" Name="testGetValue_indexIsHighestInRange">
<Header>
<Loc EndOffset="1587" SrcFileId="2" StartOffset="1532"/>
</Header>
<LocList>
<Loc EndOffset="1836" SrcFileId="2" StartOffset="1532"/>
</LocList>
<StmntSeq Intrnl_Id="260">
<LocList>
<Loc EndOffset="1646" SrcFileId="2" StartOffset="1592"/>
<Loc EndOffset="1721" SrcFileId="2" StartOffset="1649"/>
<Loc EndOffset="1748" SrcFileId="2" StartOffset="1728"/>
<Loc EndOffset="1796" SrcFileId="2" StartOffset="1751"/>
<Loc EndOffset="1833" SrcFileId="2" StartOffset="1802"/>
</LocList>
<BasicStmnt CovItemId="S24" CovItemPrefix="org.jfree.data.DefaultKeyedValuesTest.java" Intrnl_Id="261">
<LocList>
<Loc EndOffset="1646" SrcFileId="2" StartOffset="1592"/>
</LocList>
</BasicStmnt>
<LoopStmnt CovItemId="S25" CovItemPrefix="org.jfree.data.DefaultKeyedValuesTest.java" Intrnl_Id="262" MltplExecId="L3-2" MltplExecPrefix="org.jfree.data.DefaultKeyedValuesTest.java" NvrExecId="L3-0" NvrExecPrefix="org.jfree.data.DefaultKeyedValuesTest.java" OnceExecutedId="L3-1" OnceExecutedPrefix="org.jfree.data.DefaultKeyedValuesTest.java" OptBodyExec="true">
<StmntSeq Intrnl_Id="263">
<LocList>
<Loc EndOffset="1717" SrcFileId="2" StartOffset="1681"/>
</LocList>
<BasicStmnt CovItemId="S26" CovItemPrefix="org.jfree.data.DefaultKeyedValuesTest.java" Intrnl_Id="264">
<LocList>
<Loc EndOffset="1717" SrcFileId="2" StartOffset="1681"/>
</LocList>
</BasicStmnt>
</StmntSeq>
<Keyword EndOffset="1652" SrcFileId="2" StartOffset="1649"/>
<LocList>
<Loc EndOffset="1721" SrcFileId="2" StartOffset="1649"/>
</LocList>
<RootTerm CovItemId="C3" CovItemPrefix="org.jfree.data.DefaultKeyedValuesTest.java" Intrnl_Id="265">
<BasicBoolTerm Intrnl_Id="266">
<LocList>
<Loc EndOffset="1669" SrcFileId="2" StartOffset="1664"/>
</LocList>
</BasicBoolTerm>
</RootTerm>
</LoopStmnt>
<BasicStmnt CovItemId="S27" CovItemPrefix="org.jfree.data.DefaultKeyedValuesTest.java" Intrnl_Id="267">
<LocList>
<Loc EndOffset="1748" SrcFileId="2" StartOffset="1728"/>
</LocList>
</BasicStmnt>
<BasicStmnt CovItemId="S28" CovItemPrefix="org.jfree.data.DefaultKeyedValuesTest.java" Intrnl_Id="268">
<LocList>
<Loc EndOffset="1796" SrcFileId="2" StartOffset="1751"/>
</LocList>
</BasicStmnt>
<BasicStmnt CovItemId="S29" CovItemPrefix="org.jfree.data.DefaultKeyedValuesTest.java" Intrnl_Id="269">
<LocList>
<Loc EndOffset="1833" SrcFileId="2" StartOffset="1802"/>
</LocList>
</BasicStmnt>
</StmntSeq>
</HierarchyLvl>
<HierarchyLvl HierarchyLvlId="963" HierarchyLvlTypeId="7" Intrnl_Id="270" Name="testGetValue_indexIsOutOfBounds">
<Header>
<Loc EndOffset="1892" SrcFileId="2" StartOffset="1840"/>
</Header>
<LocList>
<Loc EndOffset="2203" SrcFileId="2" StartOffset="1840"/>
</LocList>
<StmntSeq Intrnl_Id="271">
<LocList>
<Loc EndOffset="1951" SrcFileId="2" StartOffset="1897"/>
<Loc EndOffset="2026" SrcFileId="2" StartOffset="1954"/>
<Loc EndOffset="2060" SrcFileId="2" StartOffset="2033"/>
<Loc EndOffset="2092" SrcFileId="2" StartOffset="2072"/>
<Loc EndOffset="2159" SrcFileId="2" StartOffset="2063"/>
<Loc EndOffset="2196" SrcFileId="2" StartOffset="2173"/>
</LocList>
<BasicStmnt CovItemId="S30" CovItemPrefix="org.jfree.data.DefaultKeyedValuesTest.java" Intrnl_Id="272">
<LocList>
<Loc EndOffset="1951" SrcFileId="2" StartOffset="1897"/>
</LocList>
</BasicStmnt>
<LoopStmnt CovItemId="S31" CovItemPrefix="org.jfree.data.DefaultKeyedValuesTest.java" Intrnl_Id="273" MltplExecId="L4-2" MltplExecPrefix="org.jfree.data.DefaultKeyedValuesTest.java" NvrExecId="L4-0" NvrExecPrefix="org.jfree.data.DefaultKeyedValuesTest.java" OnceExecutedId="L4-1" OnceExecutedPrefix="org.jfree.data.DefaultKeyedValuesTest.java" OptBodyExec="true">
<StmntSeq Intrnl_Id="274">
<LocList>
<Loc EndOffset="2022" SrcFileId="2" StartOffset="1986"/>
</LocList>
<BasicStmnt CovItemId="S32" CovItemPrefix="org.jfree.data.DefaultKeyedValuesTest.java" Intrnl_Id="275">
<LocList>
<Loc EndOffset="2022" SrcFileId="2" StartOffset="1986"/>
</LocList>
</BasicStmnt>
</StmntSeq>
<Keyword EndOffset="1957" SrcFileId="2" StartOffset="1954"/>
<LocList>
<Loc EndOffset="2026" SrcFileId="2" StartOffset="1954"/>
</LocList>
<RootTerm CovItemId="C4" CovItemPrefix="org.jfree.data.DefaultKeyedValuesTest.java" Intrnl_Id="276">
<BasicBoolTerm Intrnl_Id="277">
<LocList>
<Loc EndOffset="1974" SrcFileId="2" StartOffset="1969"/>
</LocList>
</BasicBoolTerm>
</RootTerm>
</LoopStmnt>
<BasicStmnt CovItemId="S33" CovItemPrefix="org.jfree.data.DefaultKeyedValuesTest.java" Intrnl_Id="278">
<LocList>
<Loc EndOffset="2060" SrcFileId="2" StartOffset="2033"/>
</LocList>
</BasicStmnt>
<BasicStmnt CovItemId="S35" CovItemPrefix="org.jfree.data.DefaultKeyedValuesTest.java" Intrnl_Id="279">
<LocList>
<Loc EndOffset="2092" SrcFileId="2" StartOffset="2072"/>
</LocList>
</BasicStmnt>
<CondStmnt CovItemId="S34" CovItemPrefix="org.jfree.data.DefaultKeyedValuesTest.java" Intrnl_Id="280">
<Branch CovItemId="B1" CovItemPrefix="org.jfree.data.DefaultKeyedValuesTest.java" Implct="true" Intrnl_Id="281">
<Cond/>
<LocList/>
<StmntSeq Intrnl_Id="282">
<LocList/>
</StmntSeq>
</Branch>
<Branch CovItemId="B2" CovItemPrefix="org.jfree.data.DefaultKeyedValuesTest.java" Implct="false" Intrnl_Id="283">
<Cond>
<Loc EndOffset="2131" SrcFileId="2" StartOffset="2097"/>
</Cond>
<LocList>
<Loc EndOffset="2159" SrcFileId="2" StartOffset="2132"/>
</LocList>
<StmntSeq Intrnl_Id="284">
<LocList>
<Loc EndOffset="2155" SrcFileId="2" StartOffset="2137"/>
</LocList>
<BasicStmnt CovItemId="S36" CovItemPrefix="org.jfree.data.DefaultKeyedValuesTest.java" Intrnl_Id="285">
<LocList>
<Loc EndOffset="2155" SrcFileId="2" StartOffset="2137"/>
</LocList>
</BasicStmnt>
</StmntSeq>
</Branch>
<Keyword EndOffset="2066" SrcFileId="2" StartOffset="2063"/>
<LocList>
<Loc EndOffset="2159" SrcFileId="2" StartOffset="2063"/>
</LocList>
</CondStmnt>
<BasicStmnt CovItemId="S37" CovItemPrefix="org.jfree.data.DefaultKeyedValuesTest.java" Intrnl_Id="286">
<LocList>
<Loc EndOffset="2196" SrcFileId="2" StartOffset="2173"/>
</LocList>
</BasicStmnt>
</StmntSeq>
</HierarchyLvl>
<HierarchyLvl HierarchyLvlId="964" HierarchyLvlTypeId="7" Intrnl_Id="287" Name="testGetKey_indexIsZero">
<Header>
<Loc EndOffset="2272" SrcFileId="2" StartOffset="2229"/>
</Header>
<LocList>
<Loc EndOffset="2514" SrcFileId="2" StartOffset="2229"/>
</LocList>
<StmntSeq Intrnl_Id="288">
<LocList>
<Loc EndOffset="2331" SrcFileId="2" StartOffset="2277"/>
<Loc EndOffset="2406" SrcFileId="2" StartOffset="2334"/>
<Loc EndOffset="2430" SrcFileId="2" StartOffset="2413"/>
<Loc EndOffset="2474" SrcFileId="2" StartOffset="2433"/>
<Loc EndOffset="2511" SrcFileId="2" StartOffset="2480"/>
</LocList>
<BasicStmnt CovItemId="S38" CovItemPrefix="org.jfree.data.DefaultKeyedValuesTest.java" Intrnl_Id="289">
<LocList>
<Loc EndOffset="2331" SrcFileId="2" StartOffset="2277"/>
</LocList>
</BasicStmnt>
<LoopStmnt CovItemId="S39" CovItemPrefix="org.jfree.data.DefaultKeyedValuesTest.java" Intrnl_Id="290" MltplExecId="L5-2" MltplExecPrefix="org.jfree.data.DefaultKeyedValuesTest.java" NvrExecId="L5-0" NvrExecPrefix="org.jfree.data.DefaultKeyedValuesTest.java" OnceExecutedId="L5-1" OnceExecutedPrefix="org.jfree.data.DefaultKeyedValuesTest.java" OptBodyExec="true">
<StmntSeq Intrnl_Id="291">
<LocList>
<Loc EndOffset="2402" SrcFileId="2" StartOffset="2366"/>
</LocList>
<BasicStmnt CovItemId="S40" CovItemPrefix="org.jfree.data.DefaultKeyedValuesTest.java" Intrnl_Id="292">
<LocList>
<Loc EndOffset="2402" SrcFileId="2" StartOffset="2366"/>
</LocList>
</BasicStmnt>
</StmntSeq>
<Keyword EndOffset="2337" SrcFileId="2" StartOffset="2334"/>
<LocList>
<Loc EndOffset="2406" SrcFileId="2" StartOffset="2334"/>
</LocList>
<RootTerm CovItemId="C5" CovItemPrefix="org.jfree.data.DefaultKeyedValuesTest.java" Intrnl_Id="293">
<BasicBoolTerm Intrnl_Id="294">
<LocList>
<Loc EndOffset="2354" SrcFileId="2" StartOffset="2349"/>
</LocList>
</BasicBoolTerm>
</RootTerm>
</LoopStmnt>
<BasicStmnt CovItemId="S41" CovItemPrefix="org.jfree.data.DefaultKeyedValuesTest.java" Intrnl_Id="295">
<LocList>
<Loc EndOffset="2430" SrcFileId="2" StartOffset="2413"/>
</LocList>
</BasicStmnt>
<BasicStmnt CovItemId="S42" CovItemPrefix="org.jfree.data.DefaultKeyedValuesTest.java" Intrnl_Id="296">
<LocList>
<Loc EndOffset="2474" SrcFileId="2" StartOffset="2433"/>
</LocList>
</BasicStmnt>
<BasicStmnt CovItemId="S43" CovItemPrefix="org.jfree.data.DefaultKeyedValuesTest.java" Intrnl_Id="297">
<LocList>
<Loc EndOffset="2511" SrcFileId="2" StartOffset="2480"/>
</LocList>
</BasicStmnt>
</StmntSeq>
</HierarchyLvl>
<HierarchyLvl HierarchyLvlId="965" HierarchyLvlTypeId="7" Intrnl_Id="298" Name="testGetKey_indexIsHighestInRange">
<Header>
<Loc EndOffset="2571" SrcFileId="2" StartOffset="2518"/>
</Header>
<LocList>
<Loc EndOffset="2813" SrcFileId="2" StartOffset="2518"/>
</LocList>
<StmntSeq Intrnl_Id="299">
<LocList>
<Loc EndOffset="2630" SrcFileId="2" StartOffset="2576"/>
<Loc EndOffset="2705" SrcFileId="2" StartOffset="2633"/>
<Loc EndOffset="2729" SrcFileId="2" StartOffset="2712"/>
<Loc EndOffset="2773" SrcFileId="2" StartOffset="2732"/>
<Loc EndOffset="2810" SrcFileId="2" StartOffset="2779"/>
</LocList>
<BasicStmnt CovItemId="S44" CovItemPrefix="org.jfree.data.DefaultKeyedValuesTest.java" Intrnl_Id="300">
<LocList>
<Loc EndOffset="2630" SrcFileId="2" StartOffset="2576"/>
</LocList>
</BasicStmnt>
<LoopStmnt CovItemId="S45" CovItemPrefix="org.jfree.data.DefaultKeyedValuesTest.java" Intrnl_Id="301" MltplExecId="L6-2" MltplExecPrefix="org.jfree.data.DefaultKeyedValuesTest.java" NvrExecId="L6-0" NvrExecPrefix="org.jfree.data.DefaultKeyedValuesTest.java" OnceExecutedId="L6-1" OnceExecutedPrefix="org.jfree.data.DefaultKeyedValuesTest.java" OptBodyExec="true">
<StmntSeq Intrnl_Id="302">
<LocList>
<Loc EndOffset="2701" SrcFileId="2" StartOffset="2665"/>
</LocList>
<BasicStmnt CovItemId="S46" CovItemPrefix="org.jfree.data.DefaultKeyedValuesTest.java" Intrnl_Id="303">
<LocList>
<Loc EndOffset="2701" SrcFileId="2" StartOffset="2665"/>
</LocList>
</BasicStmnt>
</StmntSeq>
<Keyword EndOffset="2636" SrcFileId="2" StartOffset="2633"/>
<LocList>
<Loc EndOffset="2705" SrcFileId="2" StartOffset="2633"/>
</LocList>
<RootTerm CovItemId="C6" CovItemPrefix="org.jfree.data.DefaultKeyedValuesTest.java" Intrnl_Id="304">
<BasicBoolTerm Intrnl_Id="305">
<LocList>
<Loc EndOffset="2653" SrcFileId="2" StartOffset="2648"/>
</LocList>
</BasicBoolTerm>
</RootTerm>
</LoopStmnt>
<BasicStmnt CovItemId="S47" CovItemPrefix="org.jfree.data.DefaultKeyedValuesTest.java" Intrnl_Id="306">
<LocList>
<Loc EndOffset="2729" SrcFileId="2" StartOffset="2712"/>
</LocList>
</BasicStmnt>
<BasicStmnt CovItemId="S48" CovItemPrefix="org.jfree.data.DefaultKeyedValuesTest.java" Intrnl_Id="307">
<LocList>
<Loc EndOffset="2773" SrcFileId="2" StartOffset="2732"/>
</LocList>
</BasicStmnt>
<BasicStmnt CovItemId="S49" CovItemPrefix="org.jfree.data.DefaultKeyedValuesTest.java" Intrnl_Id="308">
<LocList>
<Loc EndOffset="2810" SrcFileId="2" StartOffset="2779"/>
</LocList>
</BasicStmnt>
</StmntSeq>
</HierarchyLvl>
<HierarchyLvl HierarchyLvlId="966" HierarchyLvlTypeId="7" Intrnl_Id="309" Name="testGetKey_indexIsOutOfBounds">
<Header>
<Loc EndOffset="2867" SrcFileId="2" StartOffset="2817"/>
</Header>
<LocList>
<Loc EndOffset="3176" SrcFileId="2" StartOffset="2817"/>
</LocList>
<StmntSeq Intrnl_Id="310">
<LocList>
<Loc EndOffset="2926" SrcFileId="2" StartOffset="2872"/>
<Loc EndOffset="3001" SrcFileId="2" StartOffset="2929"/>
<Loc EndOffset="3035" SrcFileId="2" StartOffset="3008"/>
<Loc EndOffset="3065" SrcFileId="2" StartOffset="3047"/>
<Loc EndOffset="3132" SrcFileId="2" StartOffset="3038"/>
<Loc EndOffset="3169" SrcFileId="2" StartOffset="3146"/>
</LocList>
<BasicStmnt CovItemId="S50" CovItemPrefix="org.jfree.data.DefaultKeyedValuesTest.java" Intrnl_Id="311">
<LocList>
<Loc EndOffset="2926" SrcFileId="2" StartOffset="2872"/>
</LocList>
</BasicStmnt>
<LoopStmnt CovItemId="S51" CovItemPrefix="org.jfree.data.DefaultKeyedValuesTest.java" Intrnl_Id="312" MltplExecId="L7-2" MltplExecPrefix="org.jfree.data.DefaultKeyedValuesTest.java" NvrExecId="L7-0" NvrExecPrefix="org.jfree.data.DefaultKeyedValuesTest.java" OnceExecutedId="L7-1" OnceExecutedPrefix="org.jfree.data.DefaultKeyedValuesTest.java" OptBodyExec="true">
<StmntSeq Intrnl_Id="313">
<LocList>
<Loc EndOffset="2997" SrcFileId="2" StartOffset="2961"/>
</LocList>
<BasicStmnt CovItemId="S52" CovItemPrefix="org.jfree.data.DefaultKeyedValuesTest.java" Intrnl_Id="314">
<LocList>
<Loc EndOffset="2997" SrcFileId="2" StartOffset="2961"/>
</LocList>
</BasicStmnt>
</StmntSeq>
<Keyword EndOffset="2932" SrcFileId="2" StartOffset="2929"/>
<LocList>
<Loc EndOffset="3001" SrcFileId="2" StartOffset="2929"/>
</LocList>
<RootTerm CovItemId="C7" CovItemPrefix="org.jfree.data.DefaultKeyedValuesTest.java" Intrnl_Id="315">
<BasicBoolTerm Intrnl_Id="316">
<LocList>
<Loc EndOffset="2949" SrcFileId="2" StartOffset="2944"/>
</LocList>
</BasicBoolTerm>
</RootTerm>
</LoopStmnt>
<BasicStmnt CovItemId="S53" CovItemPrefix="org.jfree.data.DefaultKeyedValuesTest.java" Intrnl_Id="317">
<LocList>
<Loc EndOffset="3035" SrcFileId="2" StartOffset="3008"/>
</LocList>
</BasicStmnt>
<BasicStmnt CovItemId="S55" CovItemPrefix="org.jfree.data.DefaultKeyedValuesTest.java" Intrnl_Id="318">
<LocList>
<Loc EndOffset="3065" SrcFileId="2" StartOffset="3047"/>
</LocList>
</BasicStmnt>
<CondStmnt CovItemId="S54" CovItemPrefix="org.jfree.data.DefaultKeyedValuesTest.java" Intrnl_Id="319">
<Branch CovItemId="B3" CovItemPrefix="org.jfree.data.DefaultKeyedValuesTest.java" Implct="true" Intrnl_Id="320">
<Cond/>
<LocList/>
<StmntSeq Intrnl_Id="321">
<LocList/>
</StmntSeq>
</Branch>
<Branch CovItemId="B4" CovItemPrefix="org.jfree.data.DefaultKeyedValuesTest.java" Implct="false" Intrnl_Id="322">
<Cond>
<Loc EndOffset="3104" SrcFileId="2" StartOffset="3070"/>
</Cond>
<LocList>
<Loc EndOffset="3132" SrcFileId="2" StartOffset="3105"/>
</LocList>
<StmntSeq Intrnl_Id="323">
<LocList>
<Loc EndOffset="3128" SrcFileId="2" StartOffset="3110"/>
</LocList>
<BasicStmnt CovItemId="S56" CovItemPrefix="org.jfree.data.DefaultKeyedValuesTest.java" Intrnl_Id="324">
<LocList>
<Loc EndOffset="3128" SrcFileId="2" StartOffset="3110"/>
</LocList>
</BasicStmnt>
</StmntSeq>
</Branch>
<Keyword EndOffset="3041" SrcFileId="2" StartOffset="3038"/>
<LocList>
<Loc EndOffset="3132" SrcFileId="2" StartOffset="3038"/>
</LocList>
</CondStmnt>
<BasicStmnt CovItemId="S57" CovItemPrefix="org.jfree.data.DefaultKeyedValuesTest.java" Intrnl_Id="325">
<LocList>
<Loc EndOffset="3169" SrcFileId="2" StartOffset="3146"/>
</LocList>
</BasicStmnt>
</StmntSeq>
</HierarchyLvl>
<HierarchyLvl HierarchyLvlId="967" HierarchyLvlTypeId="7" Intrnl_Id="326" Name="testGetIndex_keyIsValid">
<Header>
<Loc EndOffset="3246" SrcFileId="2" StartOffset="3202"/>
</Header>
<LocList>
<Loc EndOffset="3503" SrcFileId="2" StartOffset="3202"/>
</LocList>
<StmntSeq Intrnl_Id="327">
<LocList>
<Loc EndOffset="3305" SrcFileId="2" StartOffset="3251"/>
<Loc EndOffset="3380" SrcFileId="2" StartOffset="3308"/>
<Loc EndOffset="3404" SrcFileId="2" StartOffset="3387"/>
<Loc EndOffset="3463" SrcFileId="2" StartOffset="3407"/>
<Loc EndOffset="3500" SrcFileId="2" StartOffset="3469"/>
</LocList>
<BasicStmnt CovItemId="S58" CovItemPrefix="org.jfree.data.DefaultKeyedValuesTest.java" Intrnl_Id="328">
<LocList>
<Loc EndOffset="3305" SrcFileId="2" StartOffset="3251"/>
</LocList>
</BasicStmnt>
<LoopStmnt CovItemId="S59" CovItemPrefix="org.jfree.data.DefaultKeyedValuesTest.java" Intrnl_Id="329" MltplExecId="L8-2" MltplExecPrefix="org.jfree.data.DefaultKeyedValuesTest.java" NvrExecId="L8-0" NvrExecPrefix="org.jfree.data.DefaultKeyedValuesTest.java" OnceExecutedId="L8-1" OnceExecutedPrefix="org.jfree.data.DefaultKeyedValuesTest.java" OptBodyExec="true">
<StmntSeq Intrnl_Id="330">
<LocList>
<Loc EndOffset="3376" SrcFileId="2" StartOffset="3340"/>
</LocList>
<BasicStmnt CovItemId="S60" CovItemPrefix="org.jfree.data.DefaultKeyedValuesTest.java" Intrnl_Id="331">
<LocList>
<Loc EndOffset="3376" SrcFileId="2" StartOffset="3340"/>
</LocList>
</BasicStmnt>
</StmntSeq>
<Keyword EndOffset="3311" SrcFileId="2" StartOffset="3308"/>
<LocList>
<Loc EndOffset="3380" SrcFileId="2" StartOffset="3308"/>
</LocList>
<RootTerm CovItemId="C8" CovItemPrefix="org.jfree.data.DefaultKeyedValuesTest.java" Intrnl_Id="332">
<BasicBoolTerm Intrnl_Id="333">
<LocList>
<Loc EndOffset="3328" SrcFileId="2" StartOffset="3323"/>
</LocList>
</BasicBoolTerm>
</RootTerm>
</LoopStmnt>
<BasicStmnt CovItemId="S61" CovItemPrefix="org.jfree.data.DefaultKeyedValuesTest.java" Intrnl_Id="334">
<LocList>
<Loc EndOffset="3404" SrcFileId="2" StartOffset="3387"/>
</LocList>
</BasicStmnt>
<BasicStmnt CovItemId="S62" CovItemPrefix="org.jfree.data.DefaultKeyedValuesTest.java" Intrnl_Id="335">
<LocList>
<Loc EndOffset="3463" SrcFileId="2" StartOffset="3407"/>
</LocList>
</BasicStmnt>
<BasicStmnt CovItemId="S63" CovItemPrefix="org.jfree.data.DefaultKeyedValuesTest.java" Intrnl_Id="336">
<LocList>
<Loc EndOffset="3500" SrcFileId="2" StartOffset="3469"/>
</LocList>
</BasicStmnt>
</StmntSeq>
</HierarchyLvl>
<HierarchyLvl HierarchyLvlId="968" HierarchyLvlTypeId="7" Intrnl_Id="337" Name="testGetIndex_keyIsFoundInZerothElement">
<Header>
<Loc EndOffset="3566" SrcFileId="2" StartOffset="3507"/>
</Header>
<LocList>
<Loc EndOffset="3823" SrcFileId="2" StartOffset="3507"/>
</LocList>
<StmntSeq Intrnl_Id="338">
<LocList>
<Loc EndOffset="3625" SrcFileId="2" StartOffset="3571"/>
<Loc EndOffset="3700" SrcFileId="2" StartOffset="3628"/>
<Loc EndOffset="3724" SrcFileId="2" StartOffset="3707"/>
<Loc EndOffset="3783" SrcFileId="2" StartOffset="3727"/>
<Loc EndOffset="3820" SrcFileId="2" StartOffset="3789"/>
</LocList>
<BasicStmnt CovItemId="S64" CovItemPrefix="org.jfree.data.DefaultKeyedValuesTest.java" Intrnl_Id="339">
<LocList>
<Loc EndOffset="3625" SrcFileId="2" StartOffset="3571"/>
</LocList>
</BasicStmnt>
<LoopStmnt CovItemId="S65" CovItemPrefix="org.jfree.data.DefaultKeyedValuesTest.java" Intrnl_Id="340" MltplExecId="L9-2" MltplExecPrefix="org.jfree.data.DefaultKeyedValuesTest.java" NvrExecId="L9-0" NvrExecPrefix="org.jfree.data.DefaultKeyedValuesTest.java" OnceExecutedId="L9-1" OnceExecutedPrefix="org.jfree.data.DefaultKeyedValuesTest.java" OptBodyExec="true">
<StmntSeq Intrnl_Id="341">
<LocList>
<Loc EndOffset="3696" SrcFileId="2" StartOffset="3660"/>
</LocList>
<BasicStmnt CovItemId="S66" CovItemPrefix="org.jfree.data.DefaultKeyedValuesTest.java" Intrnl_Id="342">
<LocList>
<Loc EndOffset="3696" SrcFileId="2" StartOffset="3660"/>
</LocList>
</BasicStmnt>
</StmntSeq>
<Keyword EndOffset="3631" SrcFileId="2" StartOffset="3628"/>
<LocList>
<Loc EndOffset="3700" SrcFileId="2" StartOffset="3628"/>
</LocList>
<RootTerm CovItemId="C9" CovItemPrefix="org.jfree.data.DefaultKeyedValuesTest.java" Intrnl_Id="343">
<BasicBoolTerm Intrnl_Id="344">
<LocList>
<Loc EndOffset="3648" SrcFileId="2" StartOffset="3643"/>
</LocList>
</BasicBoolTerm>
</RootTerm>
</LoopStmnt>
<BasicStmnt CovItemId="S67" CovItemPrefix="org.jfree.data.DefaultKeyedValuesTest.java" Intrnl_Id="345">
<LocList>
<Loc EndOffset="3724" SrcFileId="2" StartOffset="3707"/>
</LocList>
</BasicStmnt>
<BasicStmnt CovItemId="S68" CovItemPrefix="org.jfree.data.DefaultKeyedValuesTest.java" Intrnl_Id="346">
<LocList>
<Loc EndOffset="3783" SrcFileId="2" StartOffset="3727"/>
</LocList>
</BasicStmnt>
<BasicStmnt CovItemId="S69" CovItemPrefix="org.jfree.data.DefaultKeyedValuesTest.java" Intrnl_Id="347">
<LocList>
<Loc EndOffset="3820" SrcFileId="2" StartOffset="3789"/>
</LocList>
</BasicStmnt>
</StmntSeq>
</HierarchyLvl>
<HierarchyLvl HierarchyLvlId="969" HierarchyLvlTypeId="7" Intrnl_Id="348" Name="testGetIndex_keyIsFoundInLastElement">
<Header>
<Loc EndOffset="3884" SrcFileId="2" StartOffset="3827"/>
</Header>
<LocList>
<Loc EndOffset="4141" SrcFileId="2" StartOffset="3827"/>
</LocList>
<StmntSeq Intrnl_Id="349">
<LocList>
<Loc EndOffset="3943" SrcFileId="2" StartOffset="3889"/>
<Loc EndOffset="4018" SrcFileId="2" StartOffset="3946"/>
<Loc EndOffset="4042" SrcFileId="2" StartOffset="4025"/>
<Loc EndOffset="4101" SrcFileId="2" StartOffset="4045"/>
<Loc EndOffset="4138" SrcFileId="2" StartOffset="4107"/>
</LocList>
<BasicStmnt CovItemId="S70" CovItemPrefix="org.jfree.data.DefaultKeyedValuesTest.java" Intrnl_Id="350">
<LocList>
<Loc EndOffset="3943" SrcFileId="2" StartOffset="3889"/>
</LocList>
</BasicStmnt>
<LoopStmnt CovItemId="S71" CovItemPrefix="org.jfree.data.DefaultKeyedValuesTest.java" Intrnl_Id="351" MltplExecId="L10-2" MltplExecPrefix="org.jfree.data.DefaultKeyedValuesTest.java" NvrExecId="L10-0" NvrExecPrefix="org.jfree.data.DefaultKeyedValuesTest.java" OnceExecutedId="L10-1" OnceExecutedPrefix="org.jfree.data.DefaultKeyedValuesTest.java" OptBodyExec="true">
<StmntSeq Intrnl_Id="352">
<LocList>
<Loc EndOffset="4014" SrcFileId="2" StartOffset="3978"/>
</LocList>
<BasicStmnt CovItemId="S72" CovItemPrefix="org.jfree.data.DefaultKeyedValuesTest.java" Intrnl_Id="353">
<LocList>
<Loc EndOffset="4014" SrcFileId="2" StartOffset="3978"/>
</LocList>
</BasicStmnt>
</StmntSeq>
<Keyword EndOffset="3949" SrcFileId="2" StartOffset="3946"/>
<LocList>
<Loc EndOffset="4018" SrcFileId="2" StartOffset="3946"/>
</LocList>
<RootTerm CovItemId="C10" CovItemPrefix="org.jfree.data.DefaultKeyedValuesTest.java" Intrnl_Id="354">
<BasicBoolTerm Intrnl_Id="355">
<LocList>
<Loc EndOffset="3966" SrcFileId="2" StartOffset="3961"/>
</LocList>
</BasicBoolTerm>
</RootTerm>
</LoopStmnt>
<BasicStmnt CovItemId="S73" CovItemPrefix="org.jfree.data.DefaultKeyedValuesTest.java" Intrnl_Id="356">
<LocList>
<Loc EndOffset="4042" SrcFileId="2" StartOffset="4025"/>
</LocList>
</BasicStmnt>
<BasicStmnt CovItemId="S74" CovItemPrefix="org.jfree.data.DefaultKeyedValuesTest.java" Intrnl_Id="357">
<LocList>
<Loc EndOffset="4101" SrcFileId="2" StartOffset="4045"/>
</LocList>
</BasicStmnt>
<BasicStmnt CovItemId="S75" CovItemPrefix="org.jfree.data.DefaultKeyedValuesTest.java" Intrnl_Id="358">
<LocList>
<Loc EndOffset="4138" SrcFileId="2" StartOffset="4107"/>
</LocList>
</BasicStmnt>
</StmntSeq>
</HierarchyLvl>
<HierarchyLvl HierarchyLvlId="970" HierarchyLvlTypeId="7" Intrnl_Id="359" Name="testGetIndex_keyNotInTable">
<Header>
<Loc EndOffset="4192" SrcFileId="2" StartOffset="4145"/>
</Header>
<LocList>
<Loc EndOffset="4451" SrcFileId="2" StartOffset="4145"/>
</LocList>
<StmntSeq Intrnl_Id="360">
<LocList>
<Loc EndOffset="4251" SrcFileId="2" StartOffset="4197"/>
<Loc EndOffset="4326" SrcFileId="2" StartOffset="4254"/>
<Loc EndOffset="4351" SrcFileId="2" StartOffset="4333"/>
<Loc EndOffset="4411" SrcFileId="2" StartOffset="4354"/>
<Loc EndOffset="4448" SrcFileId="2" StartOffset="4417"/>
</LocList>
<BasicStmnt CovItemId="S76" CovItemPrefix="org.jfree.data.DefaultKeyedValuesTest.java" Intrnl_Id="361">
<LocList>
<Loc EndOffset="4251" SrcFileId="2" StartOffset="4197"/>
</LocList>
</BasicStmnt>
<LoopStmnt CovItemId="S77" CovItemPrefix="org.jfree.data.DefaultKeyedValuesTest.java" Intrnl_Id="362" MltplExecId="L11-2" MltplExecPrefix="org.jfree.data.DefaultKeyedValuesTest.java" NvrExecId="L11-0" NvrExecPrefix="org.jfree.data.DefaultKeyedValuesTest.java" OnceExecutedId="L11-1" OnceExecutedPrefix="org.jfree.data.DefaultKeyedValuesTest.java" OptBodyExec="true">
<StmntSeq Intrnl_Id="363">
<LocList>
<Loc EndOffset="4322" SrcFileId="2" StartOffset="4286"/>
</LocList>
<BasicStmnt CovItemId="S78" CovItemPrefix="org.jfree.data.DefaultKeyedValuesTest.java" Intrnl_Id="364">
<LocList>
<Loc EndOffset="4322" SrcFileId="2" StartOffset="4286"/>
</LocList>
</BasicStmnt>
</StmntSeq>
<Keyword EndOffset="4257" SrcFileId="2" StartOffset="4254"/>
<LocList>
<Loc EndOffset="4326" SrcFileId="2" StartOffset="4254"/>
</LocList>
<RootTerm CovItemId="C11" CovItemPrefix="org.jfree.data.DefaultKeyedValuesTest.java" Intrnl_Id="365">
<BasicBoolTerm Intrnl_Id="366">
<LocList>
<Loc EndOffset="4274" SrcFileId="2" StartOffset="4269"/>
</LocList>
</BasicBoolTerm>
</RootTerm>
</LoopStmnt>
<BasicStmnt CovItemId="S79" CovItemPrefix="org.jfree.data.DefaultKeyedValuesTest.java" Intrnl_Id="367">
<LocList>
<Loc EndOffset="4351" SrcFileId="2" StartOffset="4333"/>
</LocList>
</BasicStmnt>
<BasicStmnt CovItemId="S80" CovItemPrefix="org.jfree.data.DefaultKeyedValuesTest.java" Intrnl_Id="368">
<LocList>
<Loc EndOffset="4411" SrcFileId="2" StartOffset="4354"/>
</LocList>
</BasicStmnt>
<BasicStmnt CovItemId="S81" CovItemPrefix="org.jfree.data.DefaultKeyedValuesTest.java" Intrnl_Id="369">
<LocList>
<Loc EndOffset="4448" SrcFileId="2" StartOffset="4417"/>
</LocList>
</BasicStmnt>
</StmntSeq>
</HierarchyLvl>
<HierarchyLvl HierarchyLvlId="971" HierarchyLvlTypeId="7" Intrnl_Id="370" Name="testGetKeys_emptyDKVUsed">
<Header>
<Loc EndOffset="4522" SrcFileId="2" StartOffset="4477"/>
</Header>
<LocList>
<Loc EndOffset="4685" SrcFileId="2" StartOffset="4477"/>
</LocList>
<StmntSeq Intrnl_Id="371">
<LocList>
<Loc EndOffset="4581" SrcFileId="2" StartOffset="4527"/>
<Loc EndOffset="4604" SrcFileId="2" StartOffset="4587"/>
<Loc EndOffset="4645" SrcFileId="2" StartOffset="4607"/>
<Loc EndOffset="4682" SrcFileId="2" StartOffset="4651"/>
</LocList>
<BasicStmnt CovItemId="S82" CovItemPrefix="org.jfree.data.DefaultKeyedValuesTest.java" Intrnl_Id="372">
<LocList>
<Loc EndOffset="4581" SrcFileId="2" StartOffset="4527"/>
</LocList>
</BasicStmnt>
<BasicStmnt CovItemId="S83" CovItemPrefix="org.jfree.data.DefaultKeyedValuesTest.java" Intrnl_Id="373">
<LocList>
<Loc EndOffset="4604" SrcFileId="2" StartOffset="4587"/>
</LocList>
</BasicStmnt>
<BasicStmnt CovItemId="S84" CovItemPrefix="org.jfree.data.DefaultKeyedValuesTest.java" Intrnl_Id="374">
<LocList>
<Loc EndOffset="4645" SrcFileId="2" StartOffset="4607"/>
</LocList>
</BasicStmnt>
<BasicStmnt CovItemId="S85" CovItemPrefix="org.jfree.data.DefaultKeyedValuesTest.java" Intrnl_Id="375">
<LocList>
<Loc EndOffset="4682" SrcFileId="2" StartOffset="4651"/>
</LocList>
</BasicStmnt>
</StmntSeq>
</HierarchyLvl>
<HierarchyLvl HierarchyLvlId="972" HierarchyLvlTypeId="7" Intrnl_Id="376" Name="testGetKeys_oneElementDKVUsed">
<Header>
<Loc EndOffset="4739" SrcFileId="2" StartOffset="4689"/>
</Header>
<LocList>
<Loc EndOffset="4991" SrcFileId="2" StartOffset="4689"/>
</LocList>
<StmntSeq Intrnl_Id="377">
<LocList>
<Loc EndOffset="4798" SrcFileId="2" StartOffset="4744"/>
<Loc EndOffset="4839" SrcFileId="2" StartOffset="4801"/>
<Loc EndOffset="4862" SrcFileId="2" StartOffset="4845"/>
<Loc EndOffset="4903" SrcFileId="2" StartOffset="4865"/>
<Loc EndOffset="4940" SrcFileId="2" StartOffset="4909"/>
<Loc EndOffset="4988" SrcFileId="2" StartOffset="4946"/>
</LocList>
<BasicStmnt CovItemId="S86" CovItemPrefix="org.jfree.data.DefaultKeyedValuesTest.java" Intrnl_Id="378">
<LocList>
<Loc EndOffset="4798" SrcFileId="2" StartOffset="4744"/>
</LocList>
</BasicStmnt>
<BasicStmnt CovItemId="S87" CovItemPrefix="org.jfree.data.DefaultKeyedValuesTest.java" Intrnl_Id="379">
<LocList>
<Loc EndOffset="4839" SrcFileId="2" StartOffset="4801"/>
</LocList>
</BasicStmnt>
<BasicStmnt CovItemId="S88" CovItemPrefix="org.jfree.data.DefaultKeyedValuesTest.java" Intrnl_Id="380">
<LocList>
<Loc EndOffset="4862" SrcFileId="2" StartOffset="4845"/>
</LocList>
</BasicStmnt>
<BasicStmnt CovItemId="S89" CovItemPrefix="org.jfree.data.DefaultKeyedValuesTest.java" Intrnl_Id="381">
<LocList>
<Loc EndOffset="4903" SrcFileId="2" StartOffset="4865"/>
</LocList>
</BasicStmnt>
<BasicStmnt CovItemId="S90" CovItemPrefix="org.jfree.data.DefaultKeyedValuesTest.java" Intrnl_Id="382">
<LocList>
<Loc EndOffset="4940" SrcFileId="2" StartOffset="4909"/>
</LocList>
</BasicStmnt>
<BasicStmnt CovItemId="S91" CovItemPrefix="org.jfree.data.DefaultKeyedValuesTest.java" Intrnl_Id="383">
<LocList>
<Loc EndOffset="4988" SrcFileId="2" StartOffset="4946"/>
</LocList>
</BasicStmnt>
</StmntSeq>
</HierarchyLvl>
<HierarchyLvl HierarchyLvlId="973" HierarchyLvlTypeId="7" Intrnl_Id="384" Name="testGetKeys_fiveElementDKVUsed">
<Header>
<Loc EndOffset="5046" SrcFileId="2" StartOffset="4995"/>
</Header>
<LocList>
<Loc EndOffset="5368" SrcFileId="2" StartOffset="4995"/>
</LocList>
<StmntSeq Intrnl_Id="385">
<LocList>
<Loc EndOffset="5105" SrcFileId="2" StartOffset="5051"/>
<Loc EndOffset="5180" SrcFileId="2" StartOffset="5108"/>
<Loc EndOffset="5203" SrcFileId="2" StartOffset="5186"/>
<Loc EndOffset="5244" SrcFileId="2" StartOffset="5206"/>
<Loc EndOffset="5281" SrcFileId="2" StartOffset="5250"/>
<Loc EndOffset="5365" SrcFileId="2" StartOffset="5287"/>
</LocList>
<BasicStmnt CovItemId="S92" CovItemPrefix="org.jfree.data.DefaultKeyedValuesTest.java" Intrnl_Id="386">
<LocList>
<Loc EndOffset="5105" SrcFileId="2" StartOffset="5051"/>
</LocList>
</BasicStmnt>
<LoopStmnt CovItemId="S93" CovItemPrefix="org.jfree.data.DefaultKeyedValuesTest.java" Intrnl_Id="387" MltplExecId="L12-2" MltplExecPrefix="org.jfree.data.DefaultKeyedValuesTest.java" NvrExecId="L12-0" NvrExecPrefix="org.jfree.data.DefaultKeyedValuesTest.java" OnceExecutedId="L12-1" OnceExecutedPrefix="org.jfree.data.DefaultKeyedValuesTest.java" OptBodyExec="true">
<StmntSeq Intrnl_Id="388">
<LocList>
<Loc EndOffset="5176" SrcFileId="2" StartOffset="5140"/>
</LocList>
<BasicStmnt CovItemId="S94" CovItemPrefix="org.jfree.data.DefaultKeyedValuesTest.java" Intrnl_Id="389">
<LocList>
<Loc EndOffset="5176" SrcFileId="2" StartOffset="5140"/>
</LocList>
</BasicStmnt>
</StmntSeq>
<Keyword EndOffset="5111" SrcFileId="2" StartOffset="5108"/>
<LocList>
<Loc EndOffset="5180" SrcFileId="2" StartOffset="5108"/>
</LocList>
<RootTerm CovItemId="C12" CovItemPrefix="org.jfree.data.DefaultKeyedValuesTest.java" Intrnl_Id="390">
<BasicBoolTerm Intrnl_Id="391">
<LocList>
<Loc EndOffset="5128" SrcFileId="2" StartOffset="5123"/>
</LocList>
</BasicBoolTerm>
</RootTerm>
</LoopStmnt>
<BasicStmnt CovItemId="S95" CovItemPrefix="org.jfree.data.DefaultKeyedValuesTest.java" Intrnl_Id="392">
<LocList>
<Loc EndOffset="5203" SrcFileId="2" StartOffset="5186"/>
</LocList>
</BasicStmnt>
<BasicStmnt CovItemId="S96" CovItemPrefix="org.jfree.data.DefaultKeyedValuesTest.java" Intrnl_Id="393">
<LocList>
<Loc EndOffset="5244" SrcFileId="2" StartOffset="5206"/>
</LocList>
</BasicStmnt>
<BasicStmnt CovItemId="S97" CovItemPrefix="org.jfree.data.DefaultKeyedValuesTest.java" Intrnl_Id="394">
<LocList>
<Loc EndOffset="5281" SrcFileId="2" StartOffset="5250"/>
</LocList>
</BasicStmnt>
<LoopStmnt CovItemId="S98" CovItemPrefix="org.jfree.data.DefaultKeyedValuesTest.java" Intrnl_Id="395" MltplExecId="L13-2" MltplExecPrefix="org.jfree.data.DefaultKeyedValuesTest.java" NvrExecId="L13-0" NvrExecPrefix="org.jfree.data.DefaultKeyedValuesTest.java" OnceExecutedId="L13-1" OnceExecutedPrefix="org.jfree.data.DefaultKeyedValuesTest.java" OptBodyExec="true">
<StmntSeq Intrnl_Id="396">
<LocList>
<Loc EndOffset="5361" SrcFileId="2" StartOffset="5319"/>
</LocList>
<BasicStmnt CovItemId="S99" CovItemPrefix="org.jfree.data.DefaultKeyedValuesTest.java" Intrnl_Id="397">
<LocList>
<Loc EndOffset="5361" SrcFileId="2" StartOffset="5319"/>
</LocList>
</BasicStmnt>
</StmntSeq>
<Keyword EndOffset="5290" SrcFileId="2" StartOffset="5287"/>
<LocList>
<Loc EndOffset="5365" SrcFileId="2" StartOffset="5287"/>
</LocList>
<RootTerm CovItemId="C13" CovItemPrefix="org.jfree.data.DefaultKeyedValuesTest.java" Intrnl_Id="398">
<BasicBoolTerm Intrnl_Id="399">
<LocList>
<Loc EndOffset="5307" SrcFileId="2" StartOffset="5302"/>
</LocList>
</BasicBoolTerm>
</RootTerm>
</LoopStmnt>
</StmntSeq>
</HierarchyLvl>
<HierarchyLvl HierarchyLvlId="974" HierarchyLvlTypeId="7" Intrnl_Id="400" Name="testGetValue_validKeyNullValue">
<Header>
<Loc EndOffset="5445" SrcFileId="2" StartOffset="5394"/>
</Header>
<LocList>
<Loc EndOffset="5752" SrcFileId="2" StartOffset="5394"/>
</LocList>
<StmntSeq Intrnl_Id="401">
<LocList>
<Loc EndOffset="5504" SrcFileId="2" StartOffset="5450"/>
<Loc EndOffset="5579" SrcFileId="2" StartOffset="5507"/>
<Loc EndOffset="5621" SrcFileId="2" StartOffset="5582"/>
<Loc EndOffset="5651" SrcFileId="2" StartOffset="5628"/>
<Loc EndOffset="5712" SrcFileId="2" StartOffset="5654"/>
<Loc EndOffset="5749" SrcFileId="2" StartOffset="5718"/>
</LocList>
<BasicStmnt CovItemId="S100" CovItemPrefix="org.jfree.data.DefaultKeyedValuesTest.java" Intrnl_Id="402">
<LocList>
<Loc EndOffset="5504" SrcFileId="2" StartOffset="5450"/>
</LocList>
</BasicStmnt>
<LoopStmnt CovItemId="S101" CovItemPrefix="org.jfree.data.DefaultKeyedValuesTest.java" Intrnl_Id="403" MltplExecId="L14-2" MltplExecPrefix="org.jfree.data.DefaultKeyedValuesTest.java" NvrExecId="L14-0" NvrExecPrefix="org.jfree.data.DefaultKeyedValuesTest.java" OnceExecutedId="L14-1" OnceExecutedPrefix="org.jfree.data.DefaultKeyedValuesTest.java" OptBodyExec="true">
<StmntSeq Intrnl_Id="404">
<LocList>
<Loc EndOffset="5575" SrcFileId="2" StartOffset="5539"/>
</LocList>
<BasicStmnt CovItemId="S102" CovItemPrefix="org.jfree.data.DefaultKeyedValuesTest.java" Intrnl_Id="405">
<LocList>
<Loc EndOffset="5575" SrcFileId="2" StartOffset="5539"/>
</LocList>
</BasicStmnt>
</StmntSeq>
<Keyword EndOffset="5510" SrcFileId="2" StartOffset="5507"/>
<LocList>
<Loc EndOffset="5579" SrcFileId="2" StartOffset="5507"/>
</LocList>
<RootTerm CovItemId="C14" CovItemPrefix="org.jfree.data.DefaultKeyedValuesTest.java" Intrnl_Id="406">
<BasicBoolTerm Intrnl_Id="407">
<LocList>
<Loc EndOffset="5527" SrcFileId="2" StartOffset="5522"/>
</LocList>
</BasicBoolTerm>
</RootTerm>
</LoopStmnt>
<BasicStmnt CovItemId="S103" CovItemPrefix="org.jfree.data.DefaultKeyedValuesTest.java" Intrnl_Id="408">
<LocList>
<Loc EndOffset="5621" SrcFileId="2" StartOffset="5582"/>
</LocList>
</BasicStmnt>
<BasicStmnt CovItemId="S104" CovItemPrefix="org.jfree.data.DefaultKeyedValuesTest.java" Intrnl_Id="409">
<LocList>
<Loc EndOffset="5651" SrcFileId="2" StartOffset="5628"/>
</LocList>
</BasicStmnt>
<BasicStmnt CovItemId="S105" CovItemPrefix="org.jfree.data.DefaultKeyedValuesTest.java" Intrnl_Id="410">
<LocList>
<Loc EndOffset="5712" SrcFileId="2" StartOffset="5654"/>
</LocList>
</BasicStmnt>
<BasicStmnt CovItemId="S106" CovItemPrefix="org.jfree.data.DefaultKeyedValuesTest.java" Intrnl_Id="411">
<LocList>
<Loc EndOffset="5749" SrcFileId="2" StartOffset="5718"/>
</LocList>
</BasicStmnt>
</StmntSeq>
</HierarchyLvl>
<HierarchyLvl HierarchyLvlId="975" HierarchyLvlTypeId="7" Intrnl_Id="412" Name="testGetValue_validKeyNonNullValue">
<Header>
<Loc EndOffset="5810" SrcFileId="2" StartOffset="5756"/>
</Header>
<LocList>
<Loc EndOffset="6074" SrcFileId="2" StartOffset="5756"/>
</LocList>
<StmntSeq Intrnl_Id="413">
<LocList>
<Loc EndOffset="5869" SrcFileId="2" StartOffset="5815"/>
<Loc EndOffset="5944" SrcFileId="2" StartOffset="5872"/>
<Loc EndOffset="5973" SrcFileId="2" StartOffset="5951"/>
<Loc EndOffset="6034" SrcFileId="2" StartOffset="5976"/>
<Loc EndOffset="6071" SrcFileId="2" StartOffset="6040"/>
</LocList>
<BasicStmnt CovItemId="S107" CovItemPrefix="org.jfree.data.DefaultKeyedValuesTest.java" Intrnl_Id="414">
<LocList>
<Loc EndOffset="5869" SrcFileId="2" StartOffset="5815"/>
</LocList>
</BasicStmnt>
<LoopStmnt CovItemId="S108" CovItemPrefix="org.jfree.data.DefaultKeyedValuesTest.java" Intrnl_Id="415" MltplExecId="L15-2" MltplExecPrefix="org.jfree.data.DefaultKeyedValuesTest.java" NvrExecId="L15-0" NvrExecPrefix="org.jfree.data.DefaultKeyedValuesTest.java" OnceExecutedId="L15-1" OnceExecutedPrefix="org.jfree.data.DefaultKeyedValuesTest.java" OptBodyExec="true">
<StmntSeq Intrnl_Id="416">
<LocList>
<Loc EndOffset="5940" SrcFileId="2" StartOffset="5904"/>
</LocList>
<BasicStmnt CovItemId="S109" CovItemPrefix="org.jfree.data.DefaultKeyedValuesTest.java" Intrnl_Id="417">
<LocList>
<Loc EndOffset="5940" SrcFileId="2" StartOffset="5904"/>
</LocList>
</BasicStmnt>
</StmntSeq>
<Keyword EndOffset="5875" SrcFileId="2" StartOffset="5872"/>
<LocList>
<Loc EndOffset="5944" SrcFileId="2" StartOffset="5872"/>
</LocList>
<RootTerm CovItemId="C15" CovItemPrefix="org.jfree.data.DefaultKeyedValuesTest.java" Intrnl_Id="418">
<BasicBoolTerm Intrnl_Id="419">
<LocList>
<Loc EndOffset="5892" SrcFileId="2" StartOffset="5887"/>
</LocList>
</BasicBoolTerm>
</RootTerm>
</LoopStmnt>
<BasicStmnt CovItemId="S110" CovItemPrefix="org.jfree.data.DefaultKeyedValuesTest.java" Intrnl_Id="420">
<LocList>
<Loc EndOffset="5973" SrcFileId="2" StartOffset="5951"/>
</LocList>
</BasicStmnt>
<BasicStmnt CovItemId="S111" CovItemPrefix="org.jfree.data.DefaultKeyedValuesTest.java" Intrnl_Id="421">
<LocList>
<Loc EndOffset="6034" SrcFileId="2" StartOffset="5976"/>
</LocList>
</BasicStmnt>
<BasicStmnt CovItemId="S112" CovItemPrefix="org.jfree.data.DefaultKeyedValuesTest.java" Intrnl_Id="422">
<LocList>
<Loc EndOffset="6071" SrcFileId="2" StartOffset="6040"/>
</LocList>
</BasicStmnt>
</StmntSeq>
</HierarchyLvl>
<HierarchyLvl HierarchyLvlId="976" HierarchyLvlTypeId="7" Intrnl_Id="423" Name="testGetValue_invalidKey">
<Header>
<Loc EndOffset="6122" SrcFileId="2" StartOffset="6078"/>
</Header>
<LocList>
<Loc EndOffset="6444" SrcFileId="2" StartOffset="6078"/>
</LocList>
<StmntSeq Intrnl_Id="424">
<LocList>
<Loc EndOffset="6181" SrcFileId="2" StartOffset="6127"/>
<Loc EndOffset="6256" SrcFileId="2" StartOffset="6184"/>
<Loc EndOffset="6290" SrcFileId="2" StartOffset="6263"/>
<Loc EndOffset="6338" SrcFileId="2" StartOffset="6305"/>
<Loc EndOffset="6400" SrcFileId="2" StartOffset="6296"/>
<Loc EndOffset="6437" SrcFileId="2" StartOffset="6414"/>
</LocList>
<BasicStmnt CovItemId="S113" CovItemPrefix="org.jfree.data.DefaultKeyedValuesTest.java" Intrnl_Id="425">
<LocList>
<Loc EndOffset="6181" SrcFileId="2" StartOffset="6127"/>
</LocList>
</BasicStmnt>
<LoopStmnt CovItemId="S114" CovItemPrefix="org.jfree.data.DefaultKeyedValuesTest.java" Intrnl_Id="426" MltplExecId="L16-2" MltplExecPrefix="org.jfree.data.DefaultKeyedValuesTest.java" NvrExecId="L16-0" NvrExecPrefix="org.jfree.data.DefaultKeyedValuesTest.java" OnceExecutedId="L16-1" OnceExecutedPrefix="org.jfree.data.DefaultKeyedValuesTest.java" OptBodyExec="true">
<StmntSeq Intrnl_Id="427">
<LocList>
<Loc EndOffset="6252" SrcFileId="2" StartOffset="6216"/>
</LocList>
<BasicStmnt CovItemId="S115" CovItemPrefix="org.jfree.data.DefaultKeyedValuesTest.java" Intrnl_Id="428">
<LocList>
<Loc EndOffset="6252" SrcFileId="2" StartOffset="6216"/>
</LocList>
</BasicStmnt>
</StmntSeq>
<Keyword EndOffset="6187" SrcFileId="2" StartOffset="6184"/>
<LocList>
<Loc EndOffset="6256" SrcFileId="2" StartOffset="6184"/>
</LocList>
<RootTerm CovItemId="C16" CovItemPrefix="org.jfree.data.DefaultKeyedValuesTest.java" Intrnl_Id="429">
<BasicBoolTerm Intrnl_Id="430">
<LocList>
<Loc EndOffset="6204" SrcFileId="2" StartOffset="6199"/>
</LocList>
</BasicBoolTerm>
</RootTerm>
</LoopStmnt>
<BasicStmnt CovItemId="S116" CovItemPrefix="org.jfree.data.DefaultKeyedValuesTest.java" Intrnl_Id="431">
<LocList>
<Loc EndOffset="6290" SrcFileId="2" StartOffset="6263"/>
</LocList>
</BasicStmnt>
<BasicStmnt CovItemId="S118" CovItemPrefix="org.jfree.data.DefaultKeyedValuesTest.java" Intrnl_Id="432">
<LocList>
<Loc EndOffset="6338" SrcFileId="2" StartOffset="6305"/>
</LocList>
</BasicStmnt>
<CondStmnt CovItemId="S117" CovItemPrefix="org.jfree.data.DefaultKeyedValuesTest.java" Intrnl_Id="433">
<Branch CovItemId="B5" CovItemPrefix="org.jfree.data.DefaultKeyedValuesTest.java" Implct="true" Intrnl_Id="434">
<Cond/>
<LocList/>
<StmntSeq Intrnl_Id="435">
<LocList/>
</StmntSeq>
</Branch>
<Branch CovItemId="B6" CovItemPrefix="org.jfree.data.DefaultKeyedValuesTest.java" Implct="false" Intrnl_Id="436">
<Cond>
<Loc EndOffset="6372" SrcFileId="2" StartOffset="6343"/>
</Cond>
<LocList>
<Loc EndOffset="6400" SrcFileId="2" StartOffset="6373"/>
</LocList>
<StmntSeq Intrnl_Id="437">
<LocList>
<Loc EndOffset="6396" SrcFileId="2" StartOffset="6378"/>
</LocList>
<BasicStmnt CovItemId="S119" CovItemPrefix="org.jfree.data.DefaultKeyedValuesTest.java" Intrnl_Id="438">
<LocList>
<Loc EndOffset="6396" SrcFileId="2" StartOffset="6378"/>
</LocList>
</BasicStmnt>
</StmntSeq>
</Branch>
<Keyword EndOffset="6299" SrcFileId="2" StartOffset="6296"/>
<LocList>
<Loc EndOffset="6400" SrcFileId="2" StartOffset="6296"/>
</LocList>
</CondStmnt>
<BasicStmnt CovItemId="S120" CovItemPrefix="org.jfree.data.DefaultKeyedValuesTest.java" Intrnl_Id="439">
<LocList>
<Loc EndOffset="6437" SrcFileId="2" StartOffset="6414"/>
</LocList>
</BasicStmnt>
</StmntSeq>
</HierarchyLvl>
<HierarchyLvl HierarchyLvlId="977" HierarchyLvlTypeId="7" Intrnl_Id="440" Name="testAddValue_ValueAndKeyNotInTable">
<Header>
<Loc EndOffset="6525" SrcFileId="2" StartOffset="6470"/>
</Header>
<LocList>
<Loc EndOffset="6826" SrcFileId="2" StartOffset="6470"/>
</LocList>
<StmntSeq Intrnl_Id="441">
<LocList>
<Loc EndOffset="6584" SrcFileId="2" StartOffset="6530"/>
<Loc EndOffset="6659" SrcFileId="2" StartOffset="6587"/>
<Loc EndOffset="6700" SrcFileId="2" StartOffset="6665"/>
<Loc EndOffset="6729" SrcFileId="2" StartOffset="6706"/>
<Loc EndOffset="6786" SrcFileId="2" StartOffset="6732"/>
<Loc EndOffset="6823" SrcFileId="2" StartOffset="6792"/>
</LocList>
<BasicStmnt CovItemId="S121" CovItemPrefix="org.jfree.data.DefaultKeyedValuesTest.java" Intrnl_Id="442">
<LocList>
<Loc EndOffset="6584" SrcFileId="2" StartOffset="6530"/>
</LocList>
</BasicStmnt>
<LoopStmnt CovItemId="S122" CovItemPrefix="org.jfree.data.DefaultKeyedValuesTest.java" Intrnl_Id="443" MltplExecId="L17-2" MltplExecPrefix="org.jfree.data.DefaultKeyedValuesTest.java" NvrExecId="L17-0" NvrExecPrefix="org.jfree.data.DefaultKeyedValuesTest.java" OnceExecutedId="L17-1" OnceExecutedPrefix="org.jfree.data.DefaultKeyedValuesTest.java" OptBodyExec="true">
<StmntSeq Intrnl_Id="444">
<LocList>
<Loc EndOffset="6655" SrcFileId="2" StartOffset="6619"/>
</LocList>
<BasicStmnt CovItemId="S123" CovItemPrefix="org.jfree.data.DefaultKeyedValuesTest.java" Intrnl_Id="445">
<LocList>
<Loc EndOffset="6655" SrcFileId="2" StartOffset="6619"/>
</LocList>
</BasicStmnt>
</StmntSeq>
<Keyword EndOffset="6590" SrcFileId="2" StartOffset="6587"/>
<LocList>
<Loc EndOffset="6659" SrcFileId="2" StartOffset="6587"/>
</LocList>
<RootTerm CovItemId="C17" CovItemPrefix="org.jfree.data.DefaultKeyedValuesTest.java" Intrnl_Id="446">
<BasicBoolTerm Intrnl_Id="447">
<LocList>
<Loc EndOffset="6607" SrcFileId="2" StartOffset="6602"/>
</LocList>
</BasicBoolTerm>
</RootTerm>
</LoopStmnt>
<BasicStmnt CovItemId="S124" CovItemPrefix="org.jfree.data.DefaultKeyedValuesTest.java" Intrnl_Id="448">
<LocList>
<Loc EndOffset="6700" SrcFileId="2" StartOffset="6665"/>
</LocList>
</BasicStmnt>
<BasicStmnt CovItemId="S125" CovItemPrefix="org.jfree.data.DefaultKeyedValuesTest.java" Intrnl_Id="449">
<LocList>
<Loc EndOffset="6729" SrcFileId="2" StartOffset="6706"/>
</LocList>
</BasicStmnt>
<BasicStmnt CovItemId="S126" CovItemPrefix="org.jfree.data.DefaultKeyedValuesTest.java" Intrnl_Id="450">
<LocList>
<Loc EndOffset="6786" SrcFileId="2" StartOffset="6732"/>
</LocList>
</BasicStmnt>
<BasicStmnt CovItemId="S127" CovItemPrefix="org.jfree.data.DefaultKeyedValuesTest.java" Intrnl_Id="451">
<LocList>
<Loc EndOffset="6823" SrcFileId="2" StartOffset="6792"/>
</LocList>
</BasicStmnt>
</StmntSeq>
</HierarchyLvl>
<HierarchyLvl HierarchyLvlId="978" HierarchyLvlTypeId="7" Intrnl_Id="452" Name="testAddValue_NullKeyPassed">
<Header>
<Loc EndOffset="6877" SrcFileId="2" StartOffset="6830"/>
</Header>
<LocList>
<Loc EndOffset="7184" SrcFileId="2" StartOffset="6830"/>
</LocList>
<StmntSeq Intrnl_Id="453">
<LocList>
<Loc EndOffset="6936" SrcFileId="2" StartOffset="6882"/>
<Loc EndOffset="7011" SrcFileId="2" StartOffset="6939"/>
<Loc EndOffset="7044" SrcFileId="2" StartOffset="7017"/>
<Loc EndOffset="7088" SrcFileId="2" StartOffset="7059"/>
<Loc EndOffset="7140" SrcFileId="2" StartOffset="7050"/>
<Loc EndOffset="7177" SrcFileId="2" StartOffset="7154"/>
</LocList>
<BasicStmnt CovItemId="S128" CovItemPrefix="org.jfree.data.DefaultKeyedValuesTest.java" Intrnl_Id="454">
<LocList>
<Loc EndOffset="6936" SrcFileId="2" StartOffset="6882"/>
</LocList>
</BasicStmnt>
<LoopStmnt CovItemId="S129" CovItemPrefix="org.jfree.data.DefaultKeyedValuesTest.java" Intrnl_Id="455" MltplExecId="L18-2" MltplExecPrefix="org.jfree.data.DefaultKeyedValuesTest.java" NvrExecId="L18-0" NvrExecPrefix="org.jfree.data.DefaultKeyedValuesTest.java" OnceExecutedId="L18-1" OnceExecutedPrefix="org.jfree.data.DefaultKeyedValuesTest.java" OptBodyExec="true">
<StmntSeq Intrnl_Id="456">
<LocList>
<Loc EndOffset="7007" SrcFileId="2" StartOffset="6971"/>
</LocList>
<BasicStmnt CovItemId="S130" CovItemPrefix="org.jfree.data.DefaultKeyedValuesTest.java" Intrnl_Id="457">
<LocList>
<Loc EndOffset="7007" SrcFileId="2" StartOffset="6971"/>
</LocList>
</BasicStmnt>
</StmntSeq>
<Keyword EndOffset="6942" SrcFileId="2" StartOffset="6939"/>
<LocList>
<Loc EndOffset="7011" SrcFileId="2" StartOffset="6939"/>
</LocList>
<RootTerm CovItemId="C18" CovItemPrefix="org.jfree.data.DefaultKeyedValuesTest.java" Intrnl_Id="458">
<BasicBoolTerm Intrnl_Id="459">
<LocList>
<Loc EndOffset="6959" SrcFileId="2" StartOffset="6954"/>
</LocList>
</BasicBoolTerm>
</RootTerm>
</LoopStmnt>
<BasicStmnt CovItemId="S131" CovItemPrefix="org.jfree.data.DefaultKeyedValuesTest.java" Intrnl_Id="460">
<LocList>
<Loc EndOffset="7044" SrcFileId="2" StartOffset="7017"/>
</LocList>
</BasicStmnt>
<BasicStmnt CovItemId="S133" CovItemPrefix="org.jfree.data.DefaultKeyedValuesTest.java" Intrnl_Id="461">
<LocList>
<Loc EndOffset="7088" SrcFileId="2" StartOffset="7059"/>
</LocList>
</BasicStmnt>
<CondStmnt CovItemId="S132" CovItemPrefix="org.jfree.data.DefaultKeyedValuesTest.java" Intrnl_Id="462">
<Branch CovItemId="B7" CovItemPrefix="org.jfree.data.DefaultKeyedValuesTest.java" Implct="true" Intrnl_Id="463">
<Cond/>
<LocList/>
<StmntSeq Intrnl_Id="464">
<LocList/>
</StmntSeq>
</Branch>
<Branch CovItemId="B8" CovItemPrefix="org.jfree.data.DefaultKeyedValuesTest.java" Implct="false" Intrnl_Id="465">
<Cond>
<Loc EndOffset="7112" SrcFileId="2" StartOffset="7093"/>
</Cond>
<LocList>
<Loc EndOffset="7140" SrcFileId="2" StartOffset="7113"/>
</LocList>
<StmntSeq Intrnl_Id="466">
<LocList>
<Loc EndOffset="7136" SrcFileId="2" StartOffset="7118"/>
</LocList>
<BasicStmnt CovItemId="S134" CovItemPrefix="org.jfree.data.DefaultKeyedValuesTest.java" Intrnl_Id="467">
<LocList>
<Loc EndOffset="7136" SrcFileId="2" StartOffset="7118"/>
</LocList>
</BasicStmnt>
</StmntSeq>
</Branch>
<Keyword EndOffset="7053" SrcFileId="2" StartOffset="7050"/>
<LocList>
<Loc EndOffset="7140" SrcFileId="2" StartOffset="7050"/>
</LocList>
</CondStmnt>
<BasicStmnt CovItemId="S135" CovItemPrefix="org.jfree.data.DefaultKeyedValuesTest.java" Intrnl_Id="468">
<LocList>
<Loc EndOffset="7177" SrcFileId="2" StartOffset="7154"/>
</LocList>
</BasicStmnt>
</StmntSeq>
</HierarchyLvl>
<HierarchyLvl HierarchyLvlId="979" HierarchyLvlTypeId="7" Intrnl_Id="469" Name="testAddValue_ValueNotInTableKeyInTable">
<Header>
<Loc EndOffset="7247" SrcFileId="2" StartOffset="7188"/>
</Header>
<LocList>
<Loc EndOffset="7548" SrcFileId="2" StartOffset="7188"/>
</LocList>
<StmntSeq Intrnl_Id="470">
<LocList>
<Loc EndOffset="7306" SrcFileId="2" StartOffset="7252"/>
<Loc EndOffset="7381" SrcFileId="2" StartOffset="7309"/>
<Loc EndOffset="7422" SrcFileId="2" StartOffset="7387"/>
<Loc EndOffset="7451" SrcFileId="2" StartOffset="7428"/>
<Loc EndOffset="7508" SrcFileId="2" StartOffset="7454"/>
<Loc EndOffset="7545" SrcFileId="2" StartOffset="7514"/>
</LocList>
<BasicStmnt CovItemId="S136" CovItemPrefix="org.jfree.data.DefaultKeyedValuesTest.java" Intrnl_Id="471">
<LocList>
<Loc EndOffset="7306" SrcFileId="2" StartOffset="7252"/>
</LocList>
</BasicStmnt>
<LoopStmnt CovItemId="S137" CovItemPrefix="org.jfree.data.DefaultKeyedValuesTest.java" Intrnl_Id="472" MltplExecId="L19-2" MltplExecPrefix="org.jfree.data.DefaultKeyedValuesTest.java" NvrExecId="L19-0" NvrExecPrefix="org.jfree.data.DefaultKeyedValuesTest.java" OnceExecutedId="L19-1" OnceExecutedPrefix="org.jfree.data.DefaultKeyedValuesTest.java" OptBodyExec="true">
<StmntSeq Intrnl_Id="473">
<LocList>
<Loc EndOffset="7377" SrcFileId="2" StartOffset="7341"/>
</LocList>
<BasicStmnt CovItemId="S138" CovItemPrefix="org.jfree.data.DefaultKeyedValuesTest.java" Intrnl_Id="474">
<LocList>
<Loc EndOffset="7377" SrcFileId="2" StartOffset="7341"/>
</LocList>
</BasicStmnt>
</StmntSeq>
<Keyword EndOffset="7312" SrcFileId="2" StartOffset="7309"/>
<LocList>
<Loc EndOffset="7381" SrcFileId="2" StartOffset="7309"/>
</LocList>
<RootTerm CovItemId="C19" CovItemPrefix="org.jfree.data.DefaultKeyedValuesTest.java" Intrnl_Id="475">
<BasicBoolTerm Intrnl_Id="476">
<LocList>
<Loc EndOffset="7329" SrcFileId="2" StartOffset="7324"/>
</LocList>
</BasicBoolTerm>
</RootTerm>
</LoopStmnt>
<BasicStmnt CovItemId="S139" CovItemPrefix="org.jfree.data.DefaultKeyedValuesTest.java" Intrnl_Id="477">
<LocList>
<Loc EndOffset="7422" SrcFileId="2" StartOffset="7387"/>
</LocList>
</BasicStmnt>
<BasicStmnt CovItemId="S140" CovItemPrefix="org.jfree.data.DefaultKeyedValuesTest.java" Intrnl_Id="478">
<LocList>
<Loc EndOffset="7451" SrcFileId="2" StartOffset="7428"/>
</LocList>
</BasicStmnt>
<BasicStmnt CovItemId="S141" CovItemPrefix="org.jfree.data.DefaultKeyedValuesTest.java" Intrnl_Id="479">
<LocList>
<Loc EndOffset="7508" SrcFileId="2" StartOffset="7454"/>
</LocList>
</BasicStmnt>
<BasicStmnt CovItemId="S142" CovItemPrefix="org.jfree.data.DefaultKeyedValuesTest.java" Intrnl_Id="480">
<LocList>
<Loc EndOffset="7545" SrcFileId="2" StartOffset="7514"/>
</LocList>
</BasicStmnt>
</StmntSeq>
</HierarchyLvl>
<HierarchyLvl HierarchyLvlId="980" HierarchyLvlTypeId="7" Intrnl_Id="481" Name="testAddValueOverloaded_ValueAndKeyNotInTable">
<Header>
<Loc EndOffset="7639" SrcFileId="2" StartOffset="7574"/>
</Header>
<LocList>
<Loc EndOffset="7953" SrcFileId="2" StartOffset="7574"/>
</LocList>
<StmntSeq Intrnl_Id="482">
<LocList>
<Loc EndOffset="7698" SrcFileId="2" StartOffset="7644"/>
<Loc EndOffset="7773" SrcFileId="2" StartOffset="7701"/>
<Loc EndOffset="7822" SrcFileId="2" StartOffset="7779"/>
<Loc EndOffset="7851" SrcFileId="2" StartOffset="7828"/>
<Loc EndOffset="7908" SrcFileId="2" StartOffset="7854"/>
<Loc EndOffset="7950" SrcFileId="2" StartOffset="7914"/>
</LocList>
<BasicStmnt CovItemId="S143" CovItemPrefix="org.jfree.data.DefaultKeyedValuesTest.java" Intrnl_Id="483">
<LocList>
<Loc EndOffset="7698" SrcFileId="2" StartOffset="7644"/>
</LocList>
</BasicStmnt>
<LoopStmnt CovItemId="S144" CovItemPrefix="org.jfree.data.DefaultKeyedValuesTest.java" Intrnl_Id="484" MltplExecId="L20-2" MltplExecPrefix="org.jfree.data.DefaultKeyedValuesTest.java" NvrExecId="L20-0" NvrExecPrefix="org.jfree.data.DefaultKeyedValuesTest.java" OnceExecutedId="L20-1" OnceExecutedPrefix="org.jfree.data.DefaultKeyedValuesTest.java" OptBodyExec="true">
<StmntSeq Intrnl_Id="485">
<LocList>
<Loc EndOffset="7769" SrcFileId="2" StartOffset="7733"/>
</LocList>
<BasicStmnt CovItemId="S145" CovItemPrefix="org.jfree.data.DefaultKeyedValuesTest.java" Intrnl_Id="486">
<LocList>
<Loc EndOffset="7769" SrcFileId="2" StartOffset="7733"/>
</LocList>
</BasicStmnt>
</StmntSeq>
<Keyword EndOffset="7704" SrcFileId="2" StartOffset="7701"/>
<LocList>
<Loc EndOffset="7773" SrcFileId="2" StartOffset="7701"/>
</LocList>
<RootTerm CovItemId="C20" CovItemPrefix="org.jfree.data.DefaultKeyedValuesTest.java" Intrnl_Id="487">
<BasicBoolTerm Intrnl_Id="488">
<LocList>
<Loc EndOffset="7721" SrcFileId="2" StartOffset="7716"/>
</LocList>
</BasicBoolTerm>
</RootTerm>
</LoopStmnt>
<BasicStmnt CovItemId="S146" CovItemPrefix="org.jfree.data.DefaultKeyedValuesTest.java" Intrnl_Id="489">
<LocList>
<Loc EndOffset="7822" SrcFileId="2" StartOffset="7779"/>
</LocList>
</BasicStmnt>
<BasicStmnt CovItemId="S147" CovItemPrefix="org.jfree.data.DefaultKeyedValuesTest.java" Intrnl_Id="490">
<LocList>
<Loc EndOffset="7851" SrcFileId="2" StartOffset="7828"/>
</LocList>
</BasicStmnt>
<BasicStmnt CovItemId="S148" CovItemPrefix="org.jfree.data.DefaultKeyedValuesTest.java" Intrnl_Id="491">
<LocList>
<Loc EndOffset="7908" SrcFileId="2" StartOffset="7854"/>
</LocList>
</BasicStmnt>
<BasicStmnt CovItemId="S149" CovItemPrefix="org.jfree.data.DefaultKeyedValuesTest.java" Intrnl_Id="492">
<LocList>
<Loc EndOffset="7950" SrcFileId="2" StartOffset="7914"/>
</LocList>
</BasicStmnt>
</StmntSeq>
</HierarchyLvl>
<HierarchyLvl HierarchyLvlId="981" HierarchyLvlTypeId="7" Intrnl_Id="493" Name="testAddValueOverloaded_NullKeyPassed">
<Header>
<Loc EndOffset="8014" SrcFileId="2" StartOffset="7957"/>
</Header>
<LocList>
<Loc EndOffset="8329" SrcFileId="2" StartOffset="7957"/>
</LocList>
<StmntSeq Intrnl_Id="494">
<LocList>
<Loc EndOffset="8073" SrcFileId="2" StartOffset="8019"/>
<Loc EndOffset="8148" SrcFileId="2" StartOffset="8076"/>
<Loc EndOffset="8181" SrcFileId="2" StartOffset="8154"/>
<Loc EndOffset="8233" SrcFileId="2" StartOffset="8196"/>
<Loc EndOffset="8285" SrcFileId="2" StartOffset="8187"/>
<Loc EndOffset="8322" SrcFileId="2" StartOffset="8299"/>
</LocList>
<BasicStmnt CovItemId="S150" CovItemPrefix="org.jfree.data.DefaultKeyedValuesTest.java" Intrnl_Id="495">
<LocList>
<Loc EndOffset="8073" SrcFileId="2" StartOffset="8019"/>
</LocList>
</BasicStmnt>
<LoopStmnt CovItemId="S151" CovItemPrefix="org.jfree.data.DefaultKeyedValuesTest.java" Intrnl_Id="496" MltplExecId="L21-2" MltplExecPrefix="org.jfree.data.DefaultKeyedValuesTest.java" NvrExecId="L21-0" NvrExecPrefix="org.jfree.data.DefaultKeyedValuesTest.java" OnceExecutedId="L21-1" OnceExecutedPrefix="org.jfree.data.DefaultKeyedValuesTest.java" OptBodyExec="true">
<StmntSeq Intrnl_Id="497">
<LocList>
<Loc EndOffset="8144" SrcFileId="2" StartOffset="8108"/>
</LocList>
<BasicStmnt CovItemId="S152" CovItemPrefix="org.jfree.data.DefaultKeyedValuesTest.java" Intrnl_Id="498">
<LocList>
<Loc EndOffset="8144" SrcFileId="2" StartOffset="8108"/>
</LocList>
</BasicStmnt>
</StmntSeq>
<Keyword EndOffset="8079" SrcFileId="2" StartOffset="8076"/>
<LocList>
<Loc EndOffset="8148" SrcFileId="2" StartOffset="8076"/>
</LocList>
<RootTerm CovItemId="C21" CovItemPrefix="org.jfree.data.DefaultKeyedValuesTest.java" Intrnl_Id="499">
<BasicBoolTerm Intrnl_Id="500">
<LocList>
<Loc EndOffset="8096" SrcFileId="2" StartOffset="8091"/>
</LocList>
</BasicBoolTerm>
</RootTerm>
</LoopStmnt>
<BasicStmnt CovItemId="S153" CovItemPrefix="org.jfree.data.DefaultKeyedValuesTest.java" Intrnl_Id="501">
<LocList>
<Loc EndOffset="8181" SrcFileId="2" StartOffset="8154"/>
</LocList>
</BasicStmnt>
<BasicStmnt CovItemId="S155" CovItemPrefix="org.jfree.data.DefaultKeyedValuesTest.java" Intrnl_Id="502">
<LocList>
<Loc EndOffset="8233" SrcFileId="2" StartOffset="8196"/>
</LocList>
</BasicStmnt>
<CondStmnt CovItemId="S154" CovItemPrefix="org.jfree.data.DefaultKeyedValuesTest.java" Intrnl_Id="503">
<Branch CovItemId="B9" CovItemPrefix="org.jfree.data.DefaultKeyedValuesTest.java" Implct="true" Intrnl_Id="504">
<Cond/>
<LocList/>
<StmntSeq Intrnl_Id="505">
<LocList/>
</StmntSeq>
</Branch>
<Branch CovItemId="B10" CovItemPrefix="org.jfree.data.DefaultKeyedValuesTest.java" Implct="false" Intrnl_Id="506">
<Cond>
<Loc EndOffset="8257" SrcFileId="2" StartOffset="8238"/>
</Cond>
<LocList>
<Loc EndOffset="8285" SrcFileId="2" StartOffset="8258"/>
</LocList>
<StmntSeq Intrnl_Id="507">
<LocList>
<Loc EndOffset="8281" SrcFileId="2" StartOffset="8263"/>
</LocList>
<BasicStmnt CovItemId="S156" CovItemPrefix="org.jfree.data.DefaultKeyedValuesTest.java" Intrnl_Id="508">
<LocList>
<Loc EndOffset="8281" SrcFileId="2" StartOffset="8263"/>
</LocList>
</BasicStmnt>
</StmntSeq>
</Branch>
<Keyword EndOffset="8190" SrcFileId="2" StartOffset="8187"/>
<LocList>
<Loc EndOffset="8285" SrcFileId="2" StartOffset="8187"/>
</LocList>
</CondStmnt>
<BasicStmnt CovItemId="S157" CovItemPrefix="org.jfree.data.DefaultKeyedValuesTest.java" Intrnl_Id="509">
<LocList>
<Loc EndOffset="8322" SrcFileId="2" StartOffset="8299"/>
</LocList>
</BasicStmnt>
</StmntSeq>
</HierarchyLvl>
<HierarchyLvl HierarchyLvlId="982" HierarchyLvlTypeId="7" Intrnl_Id="510" Name="testAddValueOverloaded_ValueNotInTableKeyInTable">
<Header>
<Loc EndOffset="8402" SrcFileId="2" StartOffset="8333"/>
</Header>
<LocList>
<Loc EndOffset="8716" SrcFileId="2" StartOffset="8333"/>
</LocList>
<StmntSeq Intrnl_Id="511">
<LocList>
<Loc EndOffset="8461" SrcFileId="2" StartOffset="8407"/>
<Loc EndOffset="8536" SrcFileId="2" StartOffset="8464"/>
<Loc EndOffset="8585" SrcFileId="2" StartOffset="8542"/>
<Loc EndOffset="8614" SrcFileId="2" StartOffset="8591"/>
<Loc EndOffset="8671" SrcFileId="2" StartOffset="8617"/>
<Loc EndOffset="8713" SrcFileId="2" StartOffset="8677"/>
</LocList>
<BasicStmnt CovItemId="S158" CovItemPrefix="org.jfree.data.DefaultKeyedValuesTest.java" Intrnl_Id="512">
<LocList>
<Loc EndOffset="8461" SrcFileId="2" StartOffset="8407"/>
</LocList>
</BasicStmnt>
<LoopStmnt CovItemId="S159" CovItemPrefix="org.jfree.data.DefaultKeyedValuesTest.java" Intrnl_Id="513" MltplExecId="L22-2" MltplExecPrefix="org.jfree.data.DefaultKeyedValuesTest.java" NvrExecId="L22-0" NvrExecPrefix="org.jfree.data.DefaultKeyedValuesTest.java" OnceExecutedId="L22-1" OnceExecutedPrefix="org.jfree.data.DefaultKeyedValuesTest.java" OptBodyExec="true">
<StmntSeq Intrnl_Id="514">
<LocList>
<Loc EndOffset="8532" SrcFileId="2" StartOffset="8496"/>
</LocList>
<BasicStmnt CovItemId="S160" CovItemPrefix="org.jfree.data.DefaultKeyedValuesTest.java" Intrnl_Id="515">
<LocList>
<Loc EndOffset="8532" SrcFileId="2" StartOffset="8496"/>
</LocList>
</BasicStmnt>
</StmntSeq>
<Keyword EndOffset="8467" SrcFileId="2" StartOffset="8464"/>
<LocList>
<Loc EndOffset="8536" SrcFileId="2" StartOffset="8464"/>
</LocList>
<RootTerm CovItemId="C22" CovItemPrefix="org.jfree.data.DefaultKeyedValuesTest.java" Intrnl_Id="516">
<BasicBoolTerm Intrnl_Id="517">
<LocList>
<Loc EndOffset="8484" SrcFileId="2" StartOffset="8479"/>
</LocList>
</BasicBoolTerm>
</RootTerm>
</LoopStmnt>
<BasicStmnt CovItemId="S161" CovItemPrefix="org.jfree.data.DefaultKeyedValuesTest.java" Intrnl_Id="518">
<LocList>
<Loc EndOffset="8585" SrcFileId="2" StartOffset="8542"/>
</LocList>
</BasicStmnt>
<BasicStmnt CovItemId="S162" CovItemPrefix="org.jfree.data.DefaultKeyedValuesTest.java" Intrnl_Id="519">
<LocList>
<Loc EndOffset="8614" SrcFileId="2" StartOffset="8591"/>
</LocList>
</BasicStmnt>
<BasicStmnt CovItemId="S163" CovItemPrefix="org.jfree.data.DefaultKeyedValuesTest.java" Intrnl_Id="520">
<LocList>
<Loc EndOffset="8671" SrcFileId="2" StartOffset="8617"/>
</LocList>
</BasicStmnt>
<BasicStmnt CovItemId="S164" CovItemPrefix="org.jfree.data.DefaultKeyedValuesTest.java" Intrnl_Id="521">
<LocList>
<Loc EndOffset="8713" SrcFileId="2" StartOffset="8677"/>
</LocList>
</BasicStmnt>
</StmntSeq>
</HierarchyLvl>
<HierarchyLvl HierarchyLvlId="983" HierarchyLvlTypeId="7" Intrnl_Id="522" Name="testSetValue_ValueAndKeyNotInTable">
<Header>
<Loc EndOffset="8798" SrcFileId="2" StartOffset="8743"/>
</Header>
<LocList>
<Loc EndOffset="9099" SrcFileId="2" StartOffset="8743"/>
</LocList>
<StmntSeq Intrnl_Id="523">
<LocList>
<Loc EndOffset="8857" SrcFileId="2" StartOffset="8803"/>
<Loc EndOffset="8932" SrcFileId="2" StartOffset="8860"/>
<Loc EndOffset="8973" SrcFileId="2" StartOffset="8938"/>
<Loc EndOffset="9002" SrcFileId="2" StartOffset="8979"/>
<Loc EndOffset="9059" SrcFileId="2" StartOffset="9005"/>
<Loc EndOffset="9096" SrcFileId="2" StartOffset="9065"/>
</LocList>
<BasicStmnt CovItemId="S165" CovItemPrefix="org.jfree.data.DefaultKeyedValuesTest.java" Intrnl_Id="524">
<LocList>
<Loc EndOffset="8857" SrcFileId="2" StartOffset="8803"/>
</LocList>
</BasicStmnt>
<LoopStmnt CovItemId="S166" CovItemPrefix="org.jfree.data.DefaultKeyedValuesTest.java" Intrnl_Id="525" MltplExecId="L23-2" MltplExecPrefix="org.jfree.data.DefaultKeyedValuesTest.java" NvrExecId="L23-0" NvrExecPrefix="org.jfree.data.DefaultKeyedValuesTest.java" OnceExecutedId="L23-1" OnceExecutedPrefix="org.jfree.data.DefaultKeyedValuesTest.java" OptBodyExec="true">
<StmntSeq Intrnl_Id="526">
<LocList>
<Loc EndOffset="8928" SrcFileId="2" StartOffset="8892"/>
</LocList>
<BasicStmnt CovItemId="S167" CovItemPrefix="org.jfree.data.DefaultKeyedValuesTest.java" Intrnl_Id="527">
<LocList>
<Loc EndOffset="8928" SrcFileId="2" StartOffset="8892"/>
</LocList>
</BasicStmnt>
</StmntSeq>
<Keyword EndOffset="8863" SrcFileId="2" StartOffset="8860"/>
<LocList>
<Loc EndOffset="8932" SrcFileId="2" StartOffset="8860"/>
</LocList>
<RootTerm CovItemId="C23" CovItemPrefix="org.jfree.data.DefaultKeyedValuesTest.java" Intrnl_Id="528">
<BasicBoolTerm Intrnl_Id="529">
<LocList>
<Loc EndOffset="8880" SrcFileId="2" StartOffset="8875"/>
</LocList>
</BasicBoolTerm>
</RootTerm>
</LoopStmnt>
<BasicStmnt CovItemId="S168" CovItemPrefix="org.jfree.data.DefaultKeyedValuesTest.java" Intrnl_Id="530">
<LocList>
<Loc EndOffset="8973" SrcFileId="2" StartOffset="8938"/>
</LocList>
</BasicStmnt>
<BasicStmnt CovItemId="S169" CovItemPrefix="org.jfree.data.DefaultKeyedValuesTest.java" Intrnl_Id="531">
<LocList>
<Loc EndOffset="9002" SrcFileId="2" StartOffset="8979"/>
</LocList>
</BasicStmnt>
<BasicStmnt CovItemId="S170" CovItemPrefix="org.jfree.data.DefaultKeyedValuesTest.java" Intrnl_Id="532">
<LocList>
<Loc EndOffset="9059" SrcFileId="2" StartOffset="9005"/>
</LocList>
</BasicStmnt>
<BasicStmnt CovItemId="S171" CovItemPrefix="org.jfree.data.DefaultKeyedValuesTest.java" Intrnl_Id="533">
<LocList>
<Loc EndOffset="9096" SrcFileId="2" StartOffset="9065"/>
</LocList>
</BasicStmnt>
</StmntSeq>
</HierarchyLvl>
<HierarchyLvl HierarchyLvlId="984" HierarchyLvlTypeId="7" Intrnl_Id="534" Name="testSetValue_NullKeyPassed">
<Header>
<Loc EndOffset="9150" SrcFileId="2" StartOffset="9103"/>
</Header>
<LocList>
<Loc EndOffset="9457" SrcFileId="2" StartOffset="9103"/>
</LocList>
<StmntSeq Intrnl_Id="535">
<LocList>
<Loc EndOffset="9209" SrcFileId="2" StartOffset="9155"/>
<Loc EndOffset="9284" SrcFileId="2" StartOffset="9212"/>
<Loc EndOffset="9317" SrcFileId="2" StartOffset="9290"/>
<Loc EndOffset="9361" SrcFileId="2" StartOffset="9332"/>
<Loc EndOffset="9413" SrcFileId="2" StartOffset="9323"/>
<Loc EndOffset="9450" SrcFileId="2" StartOffset="9427"/>
</LocList>
<BasicStmnt CovItemId="S172" CovItemPrefix="org.jfree.data.DefaultKeyedValuesTest.java" Intrnl_Id="536">
<LocList>
<Loc EndOffset="9209" SrcFileId="2" StartOffset="9155"/>
</LocList>
</BasicStmnt>
<LoopStmnt CovItemId="S173" CovItemPrefix="org.jfree.data.DefaultKeyedValuesTest.java" Intrnl_Id="537" MltplExecId="L24-2" MltplExecPrefix="org.jfree.data.DefaultKeyedValuesTest.java" NvrExecId="L24-0" NvrExecPrefix="org.jfree.data.DefaultKeyedValuesTest.java" OnceExecutedId="L24-1" OnceExecutedPrefix="org.jfree.data.DefaultKeyedValuesTest.java" OptBodyExec="true">
<StmntSeq Intrnl_Id="538">
<LocList>
<Loc EndOffset="9280" SrcFileId="2" StartOffset="9244"/>
</LocList>
<BasicStmnt CovItemId="S174" CovItemPrefix="org.jfree.data.DefaultKeyedValuesTest.java" Intrnl_Id="539">
<LocList>
<Loc EndOffset="9280" SrcFileId="2" StartOffset="9244"/>
</LocList>
</BasicStmnt>
</StmntSeq>
<Keyword EndOffset="9215" SrcFileId="2" StartOffset="9212"/>
<LocList>
<Loc EndOffset="9284" SrcFileId="2" StartOffset="9212"/>
</LocList>
<RootTerm CovItemId="C24" CovItemPrefix="org.jfree.data.DefaultKeyedValuesTest.java" Intrnl_Id="540">
<BasicBoolTerm Intrnl_Id="541">
<LocList>
<Loc EndOffset="9232" SrcFileId="2" StartOffset="9227"/>
</LocList>
</BasicBoolTerm>
</RootTerm>
</LoopStmnt>
<BasicStmnt CovItemId="S175" CovItemPrefix="org.jfree.data.DefaultKeyedValuesTest.java" Intrnl_Id="542">
<LocList>
<Loc EndOffset="9317" SrcFileId="2" StartOffset="9290"/>
</LocList>
</BasicStmnt>
<BasicStmnt CovItemId="S177" CovItemPrefix="org.jfree.data.DefaultKeyedValuesTest.java" Intrnl_Id="543">
<LocList>
<Loc EndOffset="9361" SrcFileId="2" StartOffset="9332"/>
</LocList>
</BasicStmnt>
<CondStmnt CovItemId="S176" CovItemPrefix="org.jfree.data.DefaultKeyedValuesTest.java" Intrnl_Id="544">
<Branch CovItemId="B11" CovItemPrefix="org.jfree.data.DefaultKeyedValuesTest.java" Implct="true" Intrnl_Id="545">
<Cond/>
<LocList/>
<StmntSeq Intrnl_Id="546">
<LocList/>
</StmntSeq>
</Branch>
<Branch CovItemId="B12" CovItemPrefix="org.jfree.data.DefaultKeyedValuesTest.java" Implct="false" Intrnl_Id="547">
<Cond>
<Loc EndOffset="9385" SrcFileId="2" StartOffset="9366"/>
</Cond>
<LocList>
<Loc EndOffset="9413" SrcFileId="2" StartOffset="9386"/>
</LocList>
<StmntSeq Intrnl_Id="548">
<LocList>
<Loc EndOffset="9409" SrcFileId="2" StartOffset="9391"/>
</LocList>
<BasicStmnt CovItemId="S178" CovItemPrefix="org.jfree.data.DefaultKeyedValuesTest.java" Intrnl_Id="549">
<LocList>
<Loc EndOffset="9409" SrcFileId="2" StartOffset="9391"/>
</LocList>
</BasicStmnt>
</StmntSeq>
</Branch>
<Keyword EndOffset="9326" SrcFileId="2" StartOffset="9323"/>
<LocList>
<Loc EndOffset="9413" SrcFileId="2" StartOffset="9323"/>
</LocList>
</CondStmnt>
<BasicStmnt CovItemId="S179" CovItemPrefix="org.jfree.data.DefaultKeyedValuesTest.java" Intrnl_Id="550">
<LocList>
<Loc EndOffset="9450" SrcFileId="2" StartOffset="9427"/>
</LocList>
</BasicStmnt>
</StmntSeq>
</HierarchyLvl>
<HierarchyLvl HierarchyLvlId="985" HierarchyLvlTypeId="7" Intrnl_Id="551" Name="testSetValue_ValueNotInTableKeyInTable">
<Header>
<Loc EndOffset="9520" SrcFileId="2" StartOffset="9461"/>
</Header>
<LocList>
<Loc EndOffset="9821" SrcFileId="2" StartOffset="9461"/>
</LocList>
<StmntSeq Intrnl_Id="552">
<LocList>
<Loc EndOffset="9579" SrcFileId="2" StartOffset="9525"/>
<Loc EndOffset="9654" SrcFileId="2" StartOffset="9582"/>
<Loc EndOffset="9695" SrcFileId="2" StartOffset="9660"/>
<Loc EndOffset="9724" SrcFileId="2" StartOffset="9701"/>
<Loc EndOffset="9781" SrcFileId="2" StartOffset="9727"/>
<Loc EndOffset="9818" SrcFileId="2" StartOffset="9787"/>
</LocList>
<BasicStmnt CovItemId="S180" CovItemPrefix="org.jfree.data.DefaultKeyedValuesTest.java" Intrnl_Id="553">
<LocList>
<Loc EndOffset="9579" SrcFileId="2" StartOffset="9525"/>
</LocList>
</BasicStmnt>
<LoopStmnt CovItemId="S181" CovItemPrefix="org.jfree.data.DefaultKeyedValuesTest.java" Intrnl_Id="554" MltplExecId="L25-2" MltplExecPrefix="org.jfree.data.DefaultKeyedValuesTest.java" NvrExecId="L25-0" NvrExecPrefix="org.jfree.data.DefaultKeyedValuesTest.java" OnceExecutedId="L25-1" OnceExecutedPrefix="org.jfree.data.DefaultKeyedValuesTest.java" OptBodyExec="true">
<StmntSeq Intrnl_Id="555">
<LocList>
<Loc EndOffset="9650" SrcFileId="2" StartOffset="9614"/>
</LocList>
<BasicStmnt CovItemId="S182" CovItemPrefix="org.jfree.data.DefaultKeyedValuesTest.java" Intrnl_Id="556">
<LocList>
<Loc EndOffset="9650" SrcFileId="2" StartOffset="9614"/>
</LocList>
</BasicStmnt>
</StmntSeq>
<Keyword EndOffset="9585" SrcFileId="2" StartOffset="9582"/>
<LocList>
<Loc EndOffset="9654" SrcFileId="2" StartOffset="9582"/>
</LocList>
<RootTerm CovItemId="C25" CovItemPrefix="org.jfree.data.DefaultKeyedValuesTest.java" Intrnl_Id="557">
<BasicBoolTerm Intrnl_Id="558">
<LocList>
<Loc EndOffset="9602" SrcFileId="2" StartOffset="9597"/>
</LocList>
</BasicBoolTerm>
</RootTerm>
</LoopStmnt>
<BasicStmnt CovItemId="S183" CovItemPrefix="org.jfree.data.DefaultKeyedValuesTest.java" Intrnl_Id="559">
<LocList>
<Loc EndOffset="9695" SrcFileId="2" StartOffset="9660"/>
</LocList>
</BasicStmnt>
<BasicStmnt CovItemId="S184" CovItemPrefix="org.jfree.data.DefaultKeyedValuesTest.java" Intrnl_Id="560">
<LocList>
<Loc EndOffset="9724" SrcFileId="2" StartOffset="9701"/>
</LocList>
</BasicStmnt>
<BasicStmnt CovItemId="S185" CovItemPrefix="org.jfree.data.DefaultKeyedValuesTest.java" Intrnl_Id="561">
<LocList>
<Loc EndOffset="9781" SrcFileId="2" StartOffset="9727"/>
</LocList>
</BasicStmnt>
<BasicStmnt CovItemId="S186" CovItemPrefix="org.jfree.data.DefaultKeyedValuesTest.java" Intrnl_Id="562">
<LocList>
<Loc EndOffset="9818" SrcFileId="2" StartOffset="9787"/>
</LocList>
</BasicStmnt>
</StmntSeq>
</HierarchyLvl>
<HierarchyLvl HierarchyLvlId="986" HierarchyLvlTypeId="7" Intrnl_Id="563" Name="testSetValueOverloaded_ValueAndKeyNotInTable">
<Header>
<Loc EndOffset="9913" SrcFileId="2" StartOffset="9848"/>
</Header>
<LocList>
<Loc EndOffset="10227" SrcFileId="2" StartOffset="9848"/>
</LocList>
<StmntSeq Intrnl_Id="564">
<LocList>
<Loc EndOffset="9972" SrcFileId="2" StartOffset="9918"/>
<Loc EndOffset="10047" SrcFileId="2" StartOffset="9975"/>
<Loc EndOffset="10096" SrcFileId="2" StartOffset="10053"/>
<Loc EndOffset="10125" SrcFileId="2" StartOffset="10102"/>
<Loc EndOffset="10182" SrcFileId="2" StartOffset="10128"/>
<Loc EndOffset="10224" SrcFileId="2" StartOffset="10188"/>
</LocList>
<BasicStmnt CovItemId="S187" CovItemPrefix="org.jfree.data.DefaultKeyedValuesTest.java" Intrnl_Id="565">
<LocList>
<Loc EndOffset="9972" SrcFileId="2" StartOffset="9918"/>
</LocList>
</BasicStmnt>
<LoopStmnt CovItemId="S188" CovItemPrefix="org.jfree.data.DefaultKeyedValuesTest.java" Intrnl_Id="566" MltplExecId="L26-2" MltplExecPrefix="org.jfree.data.DefaultKeyedValuesTest.java" NvrExecId="L26-0" NvrExecPrefix="org.jfree.data.DefaultKeyedValuesTest.java" OnceExecutedId="L26-1" OnceExecutedPrefix="org.jfree.data.DefaultKeyedValuesTest.java" OptBodyExec="true">
<StmntSeq Intrnl_Id="567">
<LocList>
<Loc EndOffset="10043" SrcFileId="2" StartOffset="10007"/>
</LocList>
<BasicStmnt CovItemId="S189" CovItemPrefix="org.jfree.data.DefaultKeyedValuesTest.java" Intrnl_Id="568">
<LocList>
<Loc EndOffset="10043" SrcFileId="2" StartOffset="10007"/>
</LocList>
</BasicStmnt>
</StmntSeq>
<Keyword EndOffset="9978" SrcFileId="2" StartOffset="9975"/>
<LocList>
<Loc EndOffset="10047" SrcFileId="2" StartOffset="9975"/>
</LocList>
<RootTerm CovItemId="C26" CovItemPrefix="org.jfree.data.DefaultKeyedValuesTest.java" Intrnl_Id="569">
<BasicBoolTerm Intrnl_Id="570">
<LocList>
<Loc EndOffset="9995" SrcFileId="2" StartOffset="9990"/>
</LocList>
</BasicBoolTerm>
</RootTerm>
</LoopStmnt>
<BasicStmnt CovItemId="S190" CovItemPrefix="org.jfree.data.DefaultKeyedValuesTest.java" Intrnl_Id="571">
<LocList>
<Loc EndOffset="10096" SrcFileId="2" StartOffset="10053"/>
</LocList>
</BasicStmnt>
<BasicStmnt CovItemId="S191" CovItemPrefix="org.jfree.data.DefaultKeyedValuesTest.java" Intrnl_Id="572">
<LocList>
<Loc EndOffset="10125" SrcFileId="2" StartOffset="10102"/>
</LocList>
</BasicStmnt>
<BasicStmnt CovItemId="S192" CovItemPrefix="org.jfree.data.DefaultKeyedValuesTest.java" Intrnl_Id="573">
<LocList>
<Loc EndOffset="10182" SrcFileId="2" StartOffset="10128"/>
</LocList>
</BasicStmnt>
<BasicStmnt CovItemId="S193" CovItemPrefix="org.jfree.data.DefaultKeyedValuesTest.java" Intrnl_Id="574">
<LocList>
<Loc EndOffset="10224" SrcFileId="2" StartOffset="10188"/>
</LocList>
</BasicStmnt>
</StmntSeq>
</HierarchyLvl>
<HierarchyLvl HierarchyLvlId="987" HierarchyLvlTypeId="7" Intrnl_Id="575" Name="testSetValueOverloaded_NullKeyPassed">
<Header>
<Loc EndOffset="10288" SrcFileId="2" StartOffset="10231"/>
</Header>
<LocList>
<Loc EndOffset="10603" SrcFileId="2" StartOffset="10231"/>
</LocList>
<StmntSeq Intrnl_Id="576">
<LocList>
<Loc EndOffset="10347" SrcFileId="2" StartOffset="10293"/>
<Loc EndOffset="10422" SrcFileId="2" StartOffset="10350"/>
<Loc EndOffset="10455" SrcFileId="2" StartOffset="10428"/>
<Loc EndOffset="10507" SrcFileId="2" StartOffset="10470"/>
<Loc EndOffset="10559" SrcFileId="2" StartOffset="10461"/>
<Loc EndOffset="10596" SrcFileId="2" StartOffset="10573"/>
</LocList>
<BasicStmnt CovItemId="S194" CovItemPrefix="org.jfree.data.DefaultKeyedValuesTest.java" Intrnl_Id="577">
<LocList>
<Loc EndOffset="10347" SrcFileId="2" StartOffset="10293"/>
</LocList>
</BasicStmnt>
<LoopStmnt CovItemId="S195" CovItemPrefix="org.jfree.data.DefaultKeyedValuesTest.java" Intrnl_Id="578" MltplExecId="L27-2" MltplExecPrefix="org.jfree.data.DefaultKeyedValuesTest.java" NvrExecId="L27-0" NvrExecPrefix="org.jfree.data.DefaultKeyedValuesTest.java" OnceExecutedId="L27-1" OnceExecutedPrefix="org.jfree.data.DefaultKeyedValuesTest.java" OptBodyExec="true">
<StmntSeq Intrnl_Id="579">
<LocList>
<Loc EndOffset="10418" SrcFileId="2" StartOffset="10382"/>
</LocList>
<BasicStmnt CovItemId="S196" CovItemPrefix="org.jfree.data.DefaultKeyedValuesTest.java" Intrnl_Id="580">
<LocList>
<Loc EndOffset="10418" SrcFileId="2" StartOffset="10382"/>
</LocList>
</BasicStmnt>
</StmntSeq>
<Keyword EndOffset="10353" SrcFileId="2" StartOffset="10350"/>
<LocList>
<Loc EndOffset="10422" SrcFileId="2" StartOffset="10350"/>
</LocList>
<RootTerm CovItemId="C27" CovItemPrefix="org.jfree.data.DefaultKeyedValuesTest.java" Intrnl_Id="581">
<BasicBoolTerm Intrnl_Id="582">
<LocList>
<Loc EndOffset="10370" SrcFileId="2" StartOffset="10365"/>
</LocList>
</BasicBoolTerm>
</RootTerm>
</LoopStmnt>
<BasicStmnt CovItemId="S197" CovItemPrefix="org.jfree.data.DefaultKeyedValuesTest.java" Intrnl_Id="583">
<LocList>
<Loc EndOffset="10455" SrcFileId="2" StartOffset="10428"/>
</LocList>
</BasicStmnt>
<BasicStmnt CovItemId="S199" CovItemPrefix="org.jfree.data.DefaultKeyedValuesTest.java" Intrnl_Id="584">
<LocList>
<Loc EndOffset="10507" SrcFileId="2" StartOffset="10470"/>
</LocList>
</BasicStmnt>
<CondStmnt CovItemId="S198" CovItemPrefix="org.jfree.data.DefaultKeyedValuesTest.java" Intrnl_Id="585">
<Branch CovItemId="B13" CovItemPrefix="org.jfree.data.DefaultKeyedValuesTest.java" Implct="true" Intrnl_Id="586">
<Cond/>
<LocList/>
<StmntSeq Intrnl_Id="587">
<LocList/>
</StmntSeq>
</Branch>
<Branch CovItemId="B14" CovItemPrefix="org.jfree.data.DefaultKeyedValuesTest.java" Implct="false" Intrnl_Id="588">
<Cond>
<Loc EndOffset="10531" SrcFileId="2" StartOffset="10512"/>
</Cond>
<LocList>
<Loc EndOffset="10559" SrcFileId="2" StartOffset="10532"/>
</LocList>
<StmntSeq Intrnl_Id="589">
<LocList>
<Loc EndOffset="10555" SrcFileId="2" StartOffset="10537"/>
</LocList>
<BasicStmnt CovItemId="S200" CovItemPrefix="org.jfree.data.DefaultKeyedValuesTest.java" Intrnl_Id="590">
<LocList>
<Loc EndOffset="10555" SrcFileId="2" StartOffset="10537"/>
</LocList>
</BasicStmnt>
</StmntSeq>
</Branch>
<Keyword EndOffset="10464" SrcFileId="2" StartOffset="10461"/>
<LocList>
<Loc EndOffset="10559" SrcFileId="2" StartOffset="10461"/>
</LocList>
</CondStmnt>
<BasicStmnt CovItemId="S201" CovItemPrefix="org.jfree.data.DefaultKeyedValuesTest.java" Intrnl_Id="591">
<LocList>
<Loc EndOffset="10596" SrcFileId="2" StartOffset="10573"/>
</LocList>
</BasicStmnt>
</StmntSeq>
</HierarchyLvl>
<HierarchyLvl HierarchyLvlId="988" HierarchyLvlTypeId="7" Intrnl_Id="592" Name="testSetValueOverloaded_ValueNotInTableKeyInTable">
<Header>
<Loc EndOffset="10676" SrcFileId="2" StartOffset="10607"/>
</Header>
<LocList>
<Loc EndOffset="10990" SrcFileId="2" StartOffset="10607"/>
</LocList>
<StmntSeq Intrnl_Id="593">
<LocList>
<Loc EndOffset="10735" SrcFileId="2" StartOffset="10681"/>
<Loc EndOffset="10810" SrcFileId="2" StartOffset="10738"/>
<Loc EndOffset="10859" SrcFileId="2" StartOffset="10816"/>
<Loc EndOffset="10888" SrcFileId="2" StartOffset="10865"/>
<Loc EndOffset="10945" SrcFileId="2" StartOffset="10891"/>
<Loc EndOffset="10987" SrcFileId="2" StartOffset="10951"/>
</LocList>
<BasicStmnt CovItemId="S202" CovItemPrefix="org.jfree.data.DefaultKeyedValuesTest.java" Intrnl_Id="594">
<LocList>
<Loc EndOffset="10735" SrcFileId="2" StartOffset="10681"/>
</LocList>
</BasicStmnt>
<LoopStmnt CovItemId="S203" CovItemPrefix="org.jfree.data.DefaultKeyedValuesTest.java" Intrnl_Id="595" MltplExecId="L28-2" MltplExecPrefix="org.jfree.data.DefaultKeyedValuesTest.java" NvrExecId="L28-0" NvrExecPrefix="org.jfree.data.DefaultKeyedValuesTest.java" OnceExecutedId="L28-1" OnceExecutedPrefix="org.jfree.data.DefaultKeyedValuesTest.java" OptBodyExec="true">
<StmntSeq Intrnl_Id="596">
<LocList>
<Loc EndOffset="10806" SrcFileId="2" StartOffset="10770"/>
</LocList>
<BasicStmnt CovItemId="S204" CovItemPrefix="org.jfree.data.DefaultKeyedValuesTest.java" Intrnl_Id="597">
<LocList>
<Loc EndOffset="10806" SrcFileId="2" StartOffset="10770"/>
</LocList>
</BasicStmnt>
</StmntSeq>
<Keyword EndOffset="10741" SrcFileId="2" StartOffset="10738"/>
<LocList>
<Loc EndOffset="10810" SrcFileId="2" StartOffset="10738"/>
</LocList>
<RootTerm CovItemId="C28" CovItemPrefix="org.jfree.data.DefaultKeyedValuesTest.java" Intrnl_Id="598">
<BasicBoolTerm Intrnl_Id="599">
<LocList>
<Loc EndOffset="10758" SrcFileId="2" StartOffset="10753"/>
</LocList>
</BasicBoolTerm>
</RootTerm>
</LoopStmnt>
<BasicStmnt CovItemId="S205" CovItemPrefix="org.jfree.data.DefaultKeyedValuesTest.java" Intrnl_Id="600">
<LocList>
<Loc EndOffset="10859" SrcFileId="2" StartOffset="10816"/>
</LocList>
</BasicStmnt>
<BasicStmnt CovItemId="S206" CovItemPrefix="org.jfree.data.DefaultKeyedValuesTest.java" Intrnl_Id="601">
<LocList>
<Loc EndOffset="10888" SrcFileId="2" StartOffset="10865"/>
</LocList>
</BasicStmnt>
<BasicStmnt CovItemId="S207" CovItemPrefix="org.jfree.data.DefaultKeyedValuesTest.java" Intrnl_Id="602">
<LocList>
<Loc EndOffset="10945" SrcFileId="2" StartOffset="10891"/>
</LocList>
</BasicStmnt>
<BasicStmnt CovItemId="S208" CovItemPrefix="org.jfree.data.DefaultKeyedValuesTest.java" Intrnl_Id="603">
<LocList>
<Loc EndOffset="10987" SrcFileId="2" StartOffset="10951"/>
</LocList>
</BasicStmnt>
</StmntSeq>
</HierarchyLvl>
<HierarchyLvl HierarchyLvlId="989" HierarchyLvlTypeId="7" Intrnl_Id="604" Name="testRemoveValue_indexEqualsZero">
<Header>
<Loc EndOffset="11069" SrcFileId="2" StartOffset="11017"/>
</Header>
<LocList>
<Loc EndOffset="11280" SrcFileId="2" StartOffset="11017"/>
</LocList>
<StmntSeq Intrnl_Id="605">
<LocList>
<Loc EndOffset="11128" SrcFileId="2" StartOffset="11074"/>
<Loc EndOffset="11203" SrcFileId="2" StartOffset="11131"/>
<Loc EndOffset="11232" SrcFileId="2" StartOffset="11209"/>
<Loc EndOffset="11277" SrcFileId="2" StartOffset="11238"/>
</LocList>
<BasicStmnt CovItemId="S209" CovItemPrefix="org.jfree.data.DefaultKeyedValuesTest.java" Intrnl_Id="606">
<LocList>
<Loc EndOffset="11128" SrcFileId="2" StartOffset="11074"/>
</LocList>
</BasicStmnt>
<LoopStmnt CovItemId="S210" CovItemPrefix="org.jfree.data.DefaultKeyedValuesTest.java" Intrnl_Id="607" MltplExecId="L29-2" MltplExecPrefix="org.jfree.data.DefaultKeyedValuesTest.java" NvrExecId="L29-0" NvrExecPrefix="org.jfree.data.DefaultKeyedValuesTest.java" OnceExecutedId="L29-1" OnceExecutedPrefix="org.jfree.data.DefaultKeyedValuesTest.java" OptBodyExec="true">
<StmntSeq Intrnl_Id="608">
<LocList>
<Loc EndOffset="11199" SrcFileId="2" StartOffset="11163"/>
</LocList>
<BasicStmnt CovItemId="S211" CovItemPrefix="org.jfree.data.DefaultKeyedValuesTest.java" Intrnl_Id="609">
<LocList>
<Loc EndOffset="11199" SrcFileId="2" StartOffset="11163"/>
</LocList>
</BasicStmnt>
</StmntSeq>
<Keyword EndOffset="11134" SrcFileId="2" StartOffset="11131"/>
<LocList>
<Loc EndOffset="11203" SrcFileId="2" StartOffset="11131"/>
</LocList>
<RootTerm CovItemId="C29" CovItemPrefix="org.jfree.data.DefaultKeyedValuesTest.java" Intrnl_Id="610">
<BasicBoolTerm Intrnl_Id="611">
<LocList>
<Loc EndOffset="11151" SrcFileId="2" StartOffset="11146"/>
</LocList>
</BasicBoolTerm>
</RootTerm>
</LoopStmnt>
<BasicStmnt CovItemId="S212" CovItemPrefix="org.jfree.data.DefaultKeyedValuesTest.java" Intrnl_Id="612">
<LocList>
<Loc EndOffset="11232" SrcFileId="2" StartOffset="11209"/>
</LocList>
</BasicStmnt>
<BasicStmnt CovItemId="S213" CovItemPrefix="org.jfree.data.DefaultKeyedValuesTest.java" Intrnl_Id="613">
<LocList>
<Loc EndOffset="11277" SrcFileId="2" StartOffset="11238"/>
</LocList>
</BasicStmnt>
</StmntSeq>
</HierarchyLvl>
<HierarchyLvl HierarchyLvlId="990" HierarchyLvlTypeId="7" Intrnl_Id="614" Name="testRemoveValue_indexIsHighestIndex">
<Header>
<Loc EndOffset="11340" SrcFileId="2" StartOffset="11284"/>
</Header>
<LocList>
<Loc EndOffset="11681" SrcFileId="2" StartOffset="11284"/>
</LocList>
<StmntSeq Intrnl_Id="615">
<LocList>
<Loc EndOffset="11399" SrcFileId="2" StartOffset="11345"/>
<Loc EndOffset="11474" SrcFileId="2" StartOffset="11402"/>
<Loc EndOffset="11507" SrcFileId="2" StartOffset="11480"/>
<Loc EndOffset="11545" SrcFileId="2" StartOffset="11522"/>
<Loc EndOffset="11569" SrcFileId="2" StartOffset="11549"/>
<Loc EndOffset="11637" SrcFileId="2" StartOffset="11513"/>
<Loc EndOffset="11674" SrcFileId="2" StartOffset="11651"/>
</LocList>
<BasicStmnt CovItemId="S214" CovItemPrefix="org.jfree.data.DefaultKeyedValuesTest.java" Intrnl_Id="616">
<LocList>
<Loc EndOffset="11399" SrcFileId="2" StartOffset="11345"/>
</LocList>
</BasicStmnt>
<LoopStmnt CovItemId="S215" CovItemPrefix="org.jfree.data.DefaultKeyedValuesTest.java" Intrnl_Id="617" MltplExecId="L30-2" MltplExecPrefix="org.jfree.data.DefaultKeyedValuesTest.java" NvrExecId="L30-0" NvrExecPrefix="org.jfree.data.DefaultKeyedValuesTest.java" OnceExecutedId="L30-1" OnceExecutedPrefix="org.jfree.data.DefaultKeyedValuesTest.java" OptBodyExec="true">
<StmntSeq Intrnl_Id="618">
<LocList>
<Loc EndOffset="11470" SrcFileId="2" StartOffset="11434"/>
</LocList>
<BasicStmnt CovItemId="S216" CovItemPrefix="org.jfree.data.DefaultKeyedValuesTest.java" Intrnl_Id="619">
<LocList>
<Loc EndOffset="11470" SrcFileId="2" StartOffset="11434"/>
</LocList>
</BasicStmnt>
</StmntSeq>
<Keyword EndOffset="11405" SrcFileId="2" StartOffset="11402"/>
<LocList>
<Loc EndOffset="11474" SrcFileId="2" StartOffset="11402"/>
</LocList>
<RootTerm CovItemId="C30" CovItemPrefix="org.jfree.data.DefaultKeyedValuesTest.java" Intrnl_Id="620">
<BasicBoolTerm Intrnl_Id="621">
<LocList>
<Loc EndOffset="11422" SrcFileId="2" StartOffset="11417"/>
</LocList>
</BasicBoolTerm>
</RootTerm>
</LoopStmnt>
<BasicStmnt CovItemId="S217" CovItemPrefix="org.jfree.data.DefaultKeyedValuesTest.java" Intrnl_Id="622">
<LocList>
<Loc EndOffset="11507" SrcFileId="2" StartOffset="11480"/>
</LocList>
</BasicStmnt>
<BasicStmnt CovItemId="S219" CovItemPrefix="org.jfree.data.DefaultKeyedValuesTest.java" Intrnl_Id="623">
<LocList>
<Loc EndOffset="11545" SrcFileId="2" StartOffset="11522"/>
</LocList>
</BasicStmnt>
<BasicStmnt CovItemId="S220" CovItemPrefix="org.jfree.data.DefaultKeyedValuesTest.java" Intrnl_Id="624">
<LocList>
<Loc EndOffset="11569" SrcFileId="2" StartOffset="11549"/>
</LocList>
</BasicStmnt>
<CondStmnt CovItemId="S218" CovItemPrefix="org.jfree.data.DefaultKeyedValuesTest.java" Intrnl_Id="625">
<Branch CovItemId="B15" CovItemPrefix="org.jfree.data.DefaultKeyedValuesTest.java" Implct="true" Intrnl_Id="626">
<Cond/>
<LocList/>
<StmntSeq Intrnl_Id="627">
<LocList/>
</StmntSeq>
</Branch>
<Branch CovItemId="B16" CovItemPrefix="org.jfree.data.DefaultKeyedValuesTest.java" Implct="false" Intrnl_Id="628">
<Cond>
<Loc EndOffset="11609" SrcFileId="2" StartOffset="11574"/>
</Cond>
<LocList>
<Loc EndOffset="11637" SrcFileId="2" StartOffset="11610"/>
</LocList>
<StmntSeq Intrnl_Id="629">
<LocList>
<Loc EndOffset="11633" SrcFileId="2" StartOffset="11615"/>
</LocList>
<BasicStmnt CovItemId="S221" CovItemPrefix="org.jfree.data.DefaultKeyedValuesTest.java" Intrnl_Id="630">
<LocList>
<Loc EndOffset="11633" SrcFileId="2" StartOffset="11615"/>
</LocList>
</BasicStmnt>
</StmntSeq>
</Branch>
<Keyword EndOffset="11516" SrcFileId="2" StartOffset="11513"/>
<LocList>
<Loc EndOffset="11637" SrcFileId="2" StartOffset="11513"/>
</LocList>
</CondStmnt>
<BasicStmnt CovItemId="S222" CovItemPrefix="org.jfree.data.DefaultKeyedValuesTest.java" Intrnl_Id="631">
<LocList>
<Loc EndOffset="11674" SrcFileId="2" StartOffset="11651"/>
</LocList>
</BasicStmnt>
</StmntSeq>
</HierarchyLvl>
<HierarchyLvl HierarchyLvlId="991" HierarchyLvlTypeId="7" Intrnl_Id="632" Name="testRemoveValue_middleIndex">
<Header>
<Loc EndOffset="11733" SrcFileId="2" StartOffset="11685"/>
</Header>
<LocList>
<Loc EndOffset="11944" SrcFileId="2" StartOffset="11685"/>
</LocList>
<StmntSeq Intrnl_Id="633">
<LocList>
<Loc EndOffset="11792" SrcFileId="2" StartOffset="11738"/>
<Loc EndOffset="11867" SrcFileId="2" StartOffset="11795"/>
<Loc EndOffset="11896" SrcFileId="2" StartOffset="11873"/>
<Loc EndOffset="11941" SrcFileId="2" StartOffset="11902"/>
</LocList>
<BasicStmnt CovItemId="S223" CovItemPrefix="org.jfree.data.DefaultKeyedValuesTest.java" Intrnl_Id="634">
<LocList>
<Loc EndOffset="11792" SrcFileId="2" StartOffset="11738"/>
</LocList>
</BasicStmnt>
<LoopStmnt CovItemId="S224" CovItemPrefix="org.jfree.data.DefaultKeyedValuesTest.java" Intrnl_Id="635" MltplExecId="L31-2" MltplExecPrefix="org.jfree.data.DefaultKeyedValuesTest.java" NvrExecId="L31-0" NvrExecPrefix="org.jfree.data.DefaultKeyedValuesTest.java" OnceExecutedId="L31-1" OnceExecutedPrefix="org.jfree.data.DefaultKeyedValuesTest.java" OptBodyExec="true">
<StmntSeq Intrnl_Id="636">
<LocList>
<Loc EndOffset="11863" SrcFileId="2" StartOffset="11827"/>
</LocList>
<BasicStmnt CovItemId="S225" CovItemPrefix="org.jfree.data.DefaultKeyedValuesTest.java" Intrnl_Id="637">
<LocList>
<Loc EndOffset="11863" SrcFileId="2" StartOffset="11827"/>
</LocList>
</BasicStmnt>
</StmntSeq>
<Keyword EndOffset="11798" SrcFileId="2" StartOffset="11795"/>
<LocList>
<Loc EndOffset="11867" SrcFileId="2" StartOffset="11795"/>
</LocList>
<RootTerm CovItemId="C31" CovItemPrefix="org.jfree.data.DefaultKeyedValuesTest.java" Intrnl_Id="638">
<BasicBoolTerm Intrnl_Id="639">
<LocList>
<Loc EndOffset="11815" SrcFileId="2" StartOffset="11810"/>
</LocList>
</BasicBoolTerm>
</RootTerm>
</LoopStmnt>
<BasicStmnt CovItemId="S226" CovItemPrefix="org.jfree.data.DefaultKeyedValuesTest.java" Intrnl_Id="640">
<LocList>
<Loc EndOffset="11896" SrcFileId="2" StartOffset="11873"/>
</LocList>
</BasicStmnt>
<BasicStmnt CovItemId="S227" CovItemPrefix="org.jfree.data.DefaultKeyedValuesTest.java" Intrnl_Id="641">
<LocList>
<Loc EndOffset="11941" SrcFileId="2" StartOffset="11902"/>
</LocList>
</BasicStmnt>
</StmntSeq>
</HierarchyLvl>
<HierarchyLvl HierarchyLvlId="992" HierarchyLvlTypeId="7" Intrnl_Id="642" Name="testRemoveValue_indexOutOfBounds">
<Header>
<Loc EndOffset="12001" SrcFileId="2" StartOffset="11948"/>
</Header>
<LocList>
<Loc EndOffset="12318" SrcFileId="2" StartOffset="11948"/>
</LocList>
<StmntSeq Intrnl_Id="643">
<LocList>
<Loc EndOffset="12060" SrcFileId="2" StartOffset="12006"/>
<Loc EndOffset="12135" SrcFileId="2" StartOffset="12063"/>
<Loc EndOffset="12168" SrcFileId="2" StartOffset="12141"/>
<Loc EndOffset="12206" SrcFileId="2" StartOffset="12183"/>
<Loc EndOffset="12274" SrcFileId="2" StartOffset="12174"/>
<Loc EndOffset="12311" SrcFileId="2" StartOffset="12288"/>
</LocList>
<BasicStmnt CovItemId="S228" CovItemPrefix="org.jfree.data.DefaultKeyedValuesTest.java" Intrnl_Id="644">
<LocList>
<Loc EndOffset="12060" SrcFileId="2" StartOffset="12006"/>
</LocList>
</BasicStmnt>
<LoopStmnt CovItemId="S229" CovItemPrefix="org.jfree.data.DefaultKeyedValuesTest.java" Intrnl_Id="645" MltplExecId="L32-2" MltplExecPrefix="org.jfree.data.DefaultKeyedValuesTest.java" NvrExecId="L32-0" NvrExecPrefix="org.jfree.data.DefaultKeyedValuesTest.java" OnceExecutedId="L32-1" OnceExecutedPrefix="org.jfree.data.DefaultKeyedValuesTest.java" OptBodyExec="true">
<StmntSeq Intrnl_Id="646">
<LocList>
<Loc EndOffset="12131" SrcFileId="2" StartOffset="12095"/>
</LocList>
<BasicStmnt CovItemId="S230" CovItemPrefix="org.jfree.data.DefaultKeyedValuesTest.java" Intrnl_Id="647">
<LocList>
<Loc EndOffset="12131" SrcFileId="2" StartOffset="12095"/>
</LocList>
</BasicStmnt>
</StmntSeq>
<Keyword EndOffset="12066" SrcFileId="2" StartOffset="12063"/>
<LocList>
<Loc EndOffset="12135" SrcFileId="2" StartOffset="12063"/>
</LocList>
<RootTerm CovItemId="C32" CovItemPrefix="org.jfree.data.DefaultKeyedValuesTest.java" Intrnl_Id="648">
<BasicBoolTerm Intrnl_Id="649">
<LocList>
<Loc EndOffset="12083" SrcFileId="2" StartOffset="12078"/>
</LocList>
</BasicBoolTerm>
</RootTerm>
</LoopStmnt>
<BasicStmnt CovItemId="S231" CovItemPrefix="org.jfree.data.DefaultKeyedValuesTest.java" Intrnl_Id="650">
<LocList>
<Loc EndOffset="12168" SrcFileId="2" StartOffset="12141"/>
</LocList>
</BasicStmnt>
<BasicStmnt CovItemId="S233" CovItemPrefix="org.jfree.data.DefaultKeyedValuesTest.java" Intrnl_Id="651">
<LocList>
<Loc EndOffset="12206" SrcFileId="2" StartOffset="12183"/>
</LocList>
</BasicStmnt>
<CondStmnt CovItemId="S232" CovItemPrefix="org.jfree.data.DefaultKeyedValuesTest.java" Intrnl_Id="652">
<Branch CovItemId="B17" CovItemPrefix="org.jfree.data.DefaultKeyedValuesTest.java" Implct="true" Intrnl_Id="653">
<Cond/>
<LocList/>
<StmntSeq Intrnl_Id="654">
<LocList/>
</StmntSeq>
</Branch>
<Branch CovItemId="B18" CovItemPrefix="org.jfree.data.DefaultKeyedValuesTest.java" Implct="false" Intrnl_Id="655">
<Cond>
<Loc EndOffset="12246" SrcFileId="2" StartOffset="12211"/>
</Cond>
<LocList>
<Loc EndOffset="12274" SrcFileId="2" StartOffset="12247"/>
</LocList>
<StmntSeq Intrnl_Id="656">
<LocList>
<Loc EndOffset="12270" SrcFileId="2" StartOffset="12252"/>
</LocList>
<BasicStmnt CovItemId="S234" CovItemPrefix="org.jfree.data.DefaultKeyedValuesTest.java" Intrnl_Id="657">
<LocList>
<Loc EndOffset="12270" SrcFileId="2" StartOffset="12252"/>
</LocList>
</BasicStmnt>
</StmntSeq>
</Branch>
<Keyword EndOffset="12177" SrcFileId="2" StartOffset="12174"/>
<LocList>
<Loc EndOffset="12274" SrcFileId="2" StartOffset="12174"/>
</LocList>
</CondStmnt>
<BasicStmnt CovItemId="S235" CovItemPrefix="org.jfree.data.DefaultKeyedValuesTest.java" Intrnl_Id="658">
<LocList>
<Loc EndOffset="12311" SrcFileId="2" StartOffset="12288"/>
</LocList>
</BasicStmnt>
</StmntSeq>
</HierarchyLvl>
<HierarchyLvl HierarchyLvlId="993" HierarchyLvlTypeId="7" Intrnl_Id="659" Name="testRemoveValueOverloaded_indexEqualsZero">
<Header>
<Loc EndOffset="12407" SrcFileId="2" StartOffset="12345"/>
</Header>
<LocList>
<Loc EndOffset="12631" SrcFileId="2" StartOffset="12345"/>
</LocList>
<StmntSeq Intrnl_Id="660">
<LocList>
<Loc EndOffset="12466" SrcFileId="2" StartOffset="12412"/>
<Loc EndOffset="12541" SrcFileId="2" StartOffset="12469"/>
<Loc EndOffset="12583" SrcFileId="2" StartOffset="12547"/>
<Loc EndOffset="12628" SrcFileId="2" StartOffset="12589"/>
</LocList>
<BasicStmnt CovItemId="S236" CovItemPrefix="org.jfree.data.DefaultKeyedValuesTest.java" Intrnl_Id="661">
<LocList>
<Loc EndOffset="12466" SrcFileId="2" StartOffset="12412"/>
</LocList>
</BasicStmnt>
<LoopStmnt CovItemId="S237" CovItemPrefix="org.jfree.data.DefaultKeyedValuesTest.java" Intrnl_Id="662" MltplExecId="L33-2" MltplExecPrefix="org.jfree.data.DefaultKeyedValuesTest.java" NvrExecId="L33-0" NvrExecPrefix="org.jfree.data.DefaultKeyedValuesTest.java" OnceExecutedId="L33-1" OnceExecutedPrefix="org.jfree.data.DefaultKeyedValuesTest.java" OptBodyExec="true">
<StmntSeq Intrnl_Id="663">
<LocList>
<Loc EndOffset="12537" SrcFileId="2" StartOffset="12501"/>
</LocList>
<BasicStmnt CovItemId="S238" CovItemPrefix="org.jfree.data.DefaultKeyedValuesTest.java" Intrnl_Id="664">
<LocList>
<Loc EndOffset="12537" SrcFileId="2" StartOffset="12501"/>
</LocList>
</BasicStmnt>
</StmntSeq>
<Keyword EndOffset="12472" SrcFileId="2" StartOffset="12469"/>
<LocList>
<Loc EndOffset="12541" SrcFileId="2" StartOffset="12469"/>
</LocList>
<RootTerm CovItemId="C33" CovItemPrefix="org.jfree.data.DefaultKeyedValuesTest.java" Intrnl_Id="665">
<BasicBoolTerm Intrnl_Id="666">
<LocList>
<Loc EndOffset="12489" SrcFileId="2" StartOffset="12484"/>
</LocList>
</BasicBoolTerm>
</RootTerm>
</LoopStmnt>
<BasicStmnt CovItemId="S239" CovItemPrefix="org.jfree.data.DefaultKeyedValuesTest.java" Intrnl_Id="667">
<LocList>
<Loc EndOffset="12583" SrcFileId="2" StartOffset="12547"/>
</LocList>
</BasicStmnt>
<BasicStmnt CovItemId="S240" CovItemPrefix="org.jfree.data.DefaultKeyedValuesTest.java" Intrnl_Id="668">
<LocList>
<Loc EndOffset="12628" SrcFileId="2" StartOffset="12589"/>
</LocList>
</BasicStmnt>
</StmntSeq>
</HierarchyLvl>
<HierarchyLvl HierarchyLvlId="994" HierarchyLvlTypeId="7" Intrnl_Id="669" Name="testRemoveValueOverloaded_indexIsHighestIndex">
<Header>
<Loc EndOffset="12701" SrcFileId="2" StartOffset="12635"/>
</Header>
<LocList>
<Loc EndOffset="13055" SrcFileId="2" StartOffset="12635"/>
</LocList>
<StmntSeq Intrnl_Id="670">
<LocList>
<Loc EndOffset="12760" SrcFileId="2" StartOffset="12706"/>
<Loc EndOffset="12835" SrcFileId="2" StartOffset="12763"/>
<Loc EndOffset="12868" SrcFileId="2" StartOffset="12841"/>
<Loc EndOffset="12919" SrcFileId="2" StartOffset="12883"/>
<Loc EndOffset="12943" SrcFileId="2" StartOffset="12923"/>
<Loc EndOffset="13011" SrcFileId="2" StartOffset="12874"/>
<Loc EndOffset="13048" SrcFileId="2" StartOffset="13025"/>
</LocList>
<BasicStmnt CovItemId="S241" CovItemPrefix="org.jfree.data.DefaultKeyedValuesTest.java" Intrnl_Id="671">
<LocList>
<Loc EndOffset="12760" SrcFileId="2" StartOffset="12706"/>
</LocList>
</BasicStmnt>
<LoopStmnt CovItemId="S242" CovItemPrefix="org.jfree.data.DefaultKeyedValuesTest.java" Intrnl_Id="672" MltplExecId="L34-2" MltplExecPrefix="org.jfree.data.DefaultKeyedValuesTest.java" NvrExecId="L34-0" NvrExecPrefix="org.jfree.data.DefaultKeyedValuesTest.java" OnceExecutedId="L34-1" OnceExecutedPrefix="org.jfree.data.DefaultKeyedValuesTest.java" OptBodyExec="true">
<StmntSeq Intrnl_Id="673">
<LocList>
<Loc EndOffset="12831" SrcFileId="2" StartOffset="12795"/>
</LocList>
<BasicStmnt CovItemId="S243" CovItemPrefix="org.jfree.data.DefaultKeyedValuesTest.java" Intrnl_Id="674">
<LocList>
<Loc EndOffset="12831" SrcFileId="2" StartOffset="12795"/>
</LocList>
</BasicStmnt>
</StmntSeq>
<Keyword EndOffset="12766" SrcFileId="2" StartOffset="12763"/>
<LocList>
<Loc EndOffset="12835" SrcFileId="2" StartOffset="12763"/>
</LocList>
<RootTerm CovItemId="C34" CovItemPrefix="org.jfree.data.DefaultKeyedValuesTest.java" Intrnl_Id="675">
<BasicBoolTerm Intrnl_Id="676">
<LocList>
<Loc EndOffset="12783" SrcFileId="2" StartOffset="12778"/>
</LocList>
</BasicBoolTerm>
</RootTerm>
</LoopStmnt>
<BasicStmnt CovItemId="S244" CovItemPrefix="org.jfree.data.DefaultKeyedValuesTest.java" Intrnl_Id="677">
<LocList>
<Loc EndOffset="12868" SrcFileId="2" StartOffset="12841"/>
</LocList>
</BasicStmnt>
<BasicStmnt CovItemId="S246" CovItemPrefix="org.jfree.data.DefaultKeyedValuesTest.java" Intrnl_Id="678">
<LocList>
<Loc EndOffset="12919" SrcFileId="2" StartOffset="12883"/>
</LocList>
</BasicStmnt>
<BasicStmnt CovItemId="S247" CovItemPrefix="org.jfree.data.DefaultKeyedValuesTest.java" Intrnl_Id="679">
<LocList>
<Loc EndOffset="12943" SrcFileId="2" StartOffset="12923"/>
</LocList>
</BasicStmnt>
<CondStmnt CovItemId="S245" CovItemPrefix="org.jfree.data.DefaultKeyedValuesTest.java" Intrnl_Id="680">
<Branch CovItemId="B19" CovItemPrefix="org.jfree.data.DefaultKeyedValuesTest.java" Implct="true" Intrnl_Id="681">
<Cond/>
<LocList/>
<StmntSeq Intrnl_Id="682">
<LocList/>
</StmntSeq>
</Branch>
<Branch CovItemId="B20" CovItemPrefix="org.jfree.data.DefaultKeyedValuesTest.java" Implct="false" Intrnl_Id="683">
<Cond>
<Loc EndOffset="12983" SrcFileId="2" StartOffset="12948"/>
</Cond>
<LocList>
<Loc EndOffset="13011" SrcFileId="2" StartOffset="12984"/>
</LocList>
<StmntSeq Intrnl_Id="684">
<LocList>
<Loc EndOffset="13007" SrcFileId="2" StartOffset="12989"/>
</LocList>
<BasicStmnt CovItemId="S248" CovItemPrefix="org.jfree.data.DefaultKeyedValuesTest.java" Intrnl_Id="685">
<LocList>
<Loc EndOffset="13007" SrcFileId="2" StartOffset="12989"/>
</LocList>
</BasicStmnt>
</StmntSeq>
</Branch>
<Keyword EndOffset="12877" SrcFileId="2" StartOffset="12874"/>
<LocList>
<Loc EndOffset="13011" SrcFileId="2" StartOffset="12874"/>
</LocList>
</CondStmnt>
<BasicStmnt CovItemId="S249" CovItemPrefix="org.jfree.data.DefaultKeyedValuesTest.java" Intrnl_Id="686">
<LocList>
<Loc EndOffset="13048" SrcFileId="2" StartOffset="13025"/>
</LocList>
</BasicStmnt>
</StmntSeq>
</HierarchyLvl>
<HierarchyLvl HierarchyLvlId="995" HierarchyLvlTypeId="7" Intrnl_Id="687" Name="testRemoveValueOverloaded_middleIndex">
<Header>
<Loc EndOffset="13117" SrcFileId="2" StartOffset="13059"/>
</Header>
<LocList>
<Loc EndOffset="13341" SrcFileId="2" StartOffset="13059"/>
</LocList>
<StmntSeq Intrnl_Id="688">
<LocList>
<Loc EndOffset="13176" SrcFileId="2" StartOffset="13122"/>
<Loc EndOffset="13251" SrcFileId="2" StartOffset="13179"/>
<Loc EndOffset="13293" SrcFileId="2" StartOffset="13257"/>
<Loc EndOffset="13338" SrcFileId="2" StartOffset="13299"/>
</LocList>
<BasicStmnt CovItemId="S250" CovItemPrefix="org.jfree.data.DefaultKeyedValuesTest.java" Intrnl_Id="689">
<LocList>
<Loc EndOffset="13176" SrcFileId="2" StartOffset="13122"/>
</LocList>
</BasicStmnt>
<LoopStmnt CovItemId="S251" CovItemPrefix="org.jfree.data.DefaultKeyedValuesTest.java" Intrnl_Id="690" MltplExecId="L35-2" MltplExecPrefix="org.jfree.data.DefaultKeyedValuesTest.java" NvrExecId="L35-0" NvrExecPrefix="org.jfree.data.DefaultKeyedValuesTest.java" OnceExecutedId="L35-1" OnceExecutedPrefix="org.jfree.data.DefaultKeyedValuesTest.java" OptBodyExec="true">
<StmntSeq Intrnl_Id="691">
<LocList>
<Loc EndOffset="13247" SrcFileId="2" StartOffset="13211"/>
</LocList>
<BasicStmnt CovItemId="S252" CovItemPrefix="org.jfree.data.DefaultKeyedValuesTest.java" Intrnl_Id="692">
<LocList>
<Loc EndOffset="13247" SrcFileId="2" StartOffset="13211"/>
</LocList>
</BasicStmnt>
</StmntSeq>
<Keyword EndOffset="13182" SrcFileId="2" StartOffset="13179"/>
<LocList>
<Loc EndOffset="13251" SrcFileId="2" StartOffset="13179"/>
</LocList>
<RootTerm CovItemId="C35" CovItemPrefix="org.jfree.data.DefaultKeyedValuesTest.java" Intrnl_Id="693">
<BasicBoolTerm Intrnl_Id="694">
<LocList>
<Loc EndOffset="13199" SrcFileId="2" StartOffset="13194"/>
</LocList>
</BasicBoolTerm>
</RootTerm>
</LoopStmnt>
<BasicStmnt CovItemId="S253" CovItemPrefix="org.jfree.data.DefaultKeyedValuesTest.java" Intrnl_Id="695">
<LocList>
<Loc EndOffset="13293" SrcFileId="2" StartOffset="13257"/>
</LocList>
</BasicStmnt>
<BasicStmnt CovItemId="S254" CovItemPrefix="org.jfree.data.DefaultKeyedValuesTest.java" Intrnl_Id="696">
<LocList>
<Loc EndOffset="13338" SrcFileId="2" StartOffset="13299"/>
</LocList>
</BasicStmnt>
</StmntSeq>
</HierarchyLvl>
<HierarchyLvl HierarchyLvlId="996" HierarchyLvlTypeId="7" Intrnl_Id="697" Name="testRemoveValueOverloaded_indexOutOfBounds">
<Header>
<Loc EndOffset="13408" SrcFileId="2" StartOffset="13345"/>
</Header>
<LocList>
<Loc EndOffset="13816" SrcFileId="2" StartOffset="13345"/>
</LocList>
<StmntSeq Intrnl_Id="698">
<LocList>
<Loc EndOffset="13467" SrcFileId="2" StartOffset="13413"/>
<Loc EndOffset="13542" SrcFileId="2" StartOffset="13470"/>
<Loc EndOffset="13580" SrcFileId="2" StartOffset="13548"/>
<Loc EndOffset="13636" SrcFileId="2" StartOffset="13592"/>
<Loc EndOffset="13707" SrcFileId="2" StartOffset="13583"/>
<Loc EndOffset="13746" SrcFileId="2" StartOffset="13710"/>
<Loc EndOffset="13774" SrcFileId="2" StartOffset="13752"/>
</LocList>
<BasicStmnt CovItemId="S255" CovItemPrefix="org.jfree.data.DefaultKeyedValuesTest.java" Intrnl_Id="699">
<LocList>
<Loc EndOffset="13467" SrcFileId="2" StartOffset="13413"/>
</LocList>
</BasicStmnt>
<LoopStmnt CovItemId="S256" CovItemPrefix="org.jfree.data.DefaultKeyedValuesTest.java" Intrnl_Id="700" MltplExecId="L36-2" MltplExecPrefix="org.jfree.data.DefaultKeyedValuesTest.java" NvrExecId="L36-0" NvrExecPrefix="org.jfree.data.DefaultKeyedValuesTest.java" OnceExecutedId="L36-1" OnceExecutedPrefix="org.jfree.data.DefaultKeyedValuesTest.java" OptBodyExec="true">
<StmntSeq Intrnl_Id="701">
<LocList>
<Loc EndOffset="13538" SrcFileId="2" StartOffset="13502"/>
</LocList>
<BasicStmnt CovItemId="S257" CovItemPrefix="org.jfree.data.DefaultKeyedValuesTest.java" Intrnl_Id="702">
<LocList>
<Loc EndOffset="13538" SrcFileId="2" StartOffset="13502"/>
</LocList>
</BasicStmnt>
</StmntSeq>
<Keyword EndOffset="13473" SrcFileId="2" StartOffset="13470"/>
<LocList>
<Loc EndOffset="13542" SrcFileId="2" StartOffset="13470"/>
</LocList>
<RootTerm CovItemId="C36" CovItemPrefix="org.jfree.data.DefaultKeyedValuesTest.java" Intrnl_Id="703">
<BasicBoolTerm Intrnl_Id="704">
<LocList>
<Loc EndOffset="13490" SrcFileId="2" StartOffset="13485"/>
</LocList>
</BasicBoolTerm>
</RootTerm>
</LoopStmnt>
<BasicStmnt CovItemId="S258" CovItemPrefix="org.jfree.data.DefaultKeyedValuesTest.java" Intrnl_Id="705">
<LocList>
<Loc EndOffset="13580" SrcFileId="2" StartOffset="13548"/>
</LocList>
</BasicStmnt>
<BasicStmnt CovItemId="S260" CovItemPrefix="org.jfree.data.DefaultKeyedValuesTest.java" Intrnl_Id="706">
<LocList>
<Loc EndOffset="13636" SrcFileId="2" StartOffset="13592"/>
</LocList>
</BasicStmnt>
<CondStmnt CovItemId="S259" CovItemPrefix="org.jfree.data.DefaultKeyedValuesTest.java" Intrnl_Id="707">
<Branch CovItemId="B21" CovItemPrefix="org.jfree.data.DefaultKeyedValuesTest.java" Implct="true" Intrnl_Id="708">
<Cond/>
<LocList/>
<StmntSeq Intrnl_Id="709">
<LocList/>
</StmntSeq>
</Branch>
<Branch CovItemId="B22" CovItemPrefix="org.jfree.data.DefaultKeyedValuesTest.java" Implct="false" Intrnl_Id="710">
<Cond>
<Loc EndOffset="13677" SrcFileId="2" StartOffset="13641"/>
</Cond>
<LocList>
<Loc EndOffset="13707" SrcFileId="2" StartOffset="13678"/>
</LocList>
<StmntSeq Intrnl_Id="711">
<LocList>
<Loc EndOffset="13703" SrcFileId="2" StartOffset="13683"/>
</LocList>
<BasicStmnt CovItemId="S261" CovItemPrefix="org.jfree.data.DefaultKeyedValuesTest.java" Intrnl_Id="712">
<LocList>
<Loc EndOffset="13703" SrcFileId="2" StartOffset="13683"/>
</LocList>
</BasicStmnt>
</StmntSeq>
</Branch>
<Keyword EndOffset="13586" SrcFileId="2" StartOffset="13583"/>
<LocList>
<Loc EndOffset="13707" SrcFileId="2" StartOffset="13583"/>
</LocList>
</CondStmnt>
<BasicStmnt CovItemId="S262" CovItemPrefix="org.jfree.data.DefaultKeyedValuesTest.java" Intrnl_Id="713">
<LocList>
<Loc EndOffset="13746" SrcFileId="2" StartOffset="13710"/>
</LocList>
</BasicStmnt>
<BasicStmnt CovItemId="S263" CovItemPrefix="org.jfree.data.DefaultKeyedValuesTest.java" Intrnl_Id="714">
<LocList>
<Loc EndOffset="13774" SrcFileId="2" StartOffset="13752"/>
</LocList>
</BasicStmnt>
</StmntSeq>
</HierarchyLvl>
<HierarchyLvl HierarchyLvlId="997" HierarchyLvlTypeId="7" Intrnl_Id="715" Name="testSortByKeys_nullOrder">
<Header>
<Loc EndOffset="13889" SrcFileId="2" StartOffset="13843"/>
</Header>
<LocList>
<Loc EndOffset="14131" SrcFileId="2" StartOffset="13843"/>
</LocList>
<StmntSeq Intrnl_Id="716">
<LocList>
<Loc EndOffset="13948" SrcFileId="2" StartOffset="13894"/>
<Loc EndOffset="13981" SrcFileId="2" StartOffset="13954"/>
<Loc EndOffset="14021" SrcFileId="2" StartOffset="13996"/>
<Loc EndOffset="14087" SrcFileId="2" StartOffset="13987"/>
<Loc EndOffset="14124" SrcFileId="2" StartOffset="14101"/>
</LocList>
<BasicStmnt CovItemId="S264" CovItemPrefix="org.jfree.data.DefaultKeyedValuesTest.java" Intrnl_Id="717">
<LocList>
<Loc EndOffset="13948" SrcFileId="2" StartOffset="13894"/>
</LocList>
</BasicStmnt>
<BasicStmnt CovItemId="S265" CovItemPrefix="org.jfree.data.DefaultKeyedValuesTest.java" Intrnl_Id="718">
<LocList>
<Loc EndOffset="13981" SrcFileId="2" StartOffset="13954"/>
</LocList>
</BasicStmnt>
<BasicStmnt CovItemId="S267" CovItemPrefix="org.jfree.data.DefaultKeyedValuesTest.java" Intrnl_Id="719">
<LocList>
<Loc EndOffset="14021" SrcFileId="2" StartOffset="13996"/>
</LocList>
</BasicStmnt>
<CondStmnt CovItemId="S266" CovItemPrefix="org.jfree.data.DefaultKeyedValuesTest.java" Intrnl_Id="720">
<Branch CovItemId="B23" CovItemPrefix="org.jfree.data.DefaultKeyedValuesTest.java" Implct="true" Intrnl_Id="721">
<Cond/>
<LocList/>
<StmntSeq Intrnl_Id="722">
<LocList/>
</StmntSeq>
</Branch>
<Branch CovItemId="B24" CovItemPrefix="org.jfree.data.DefaultKeyedValuesTest.java" Implct="false" Intrnl_Id="723">
<Cond>
<Loc EndOffset="14059" SrcFileId="2" StartOffset="14026"/>
</Cond>
<LocList>
<Loc EndOffset="14087" SrcFileId="2" StartOffset="14060"/>
</LocList>
<StmntSeq Intrnl_Id="724">
<LocList>
<Loc EndOffset="14083" SrcFileId="2" StartOffset="14065"/>
</LocList>
<BasicStmnt CovItemId="S268" CovItemPrefix="org.jfree.data.DefaultKeyedValuesTest.java" Intrnl_Id="725">
<LocList>
<Loc EndOffset="14083" SrcFileId="2" StartOffset="14065"/>
</LocList>
</BasicStmnt>
</StmntSeq>
</Branch>
<Keyword EndOffset="13990" SrcFileId="2" StartOffset="13987"/>
<LocList>
<Loc EndOffset="14087" SrcFileId="2" StartOffset="13987"/>
</LocList>
</CondStmnt>
<BasicStmnt CovItemId="S269" CovItemPrefix="org.jfree.data.DefaultKeyedValuesTest.java" Intrnl_Id="726">
<LocList>
<Loc EndOffset="14124" SrcFileId="2" StartOffset="14101"/>
</LocList>
</BasicStmnt>
</StmntSeq>
</HierarchyLvl>
<HierarchyLvl HierarchyLvlId="998" HierarchyLvlTypeId="7" Intrnl_Id="727" Name="testSortByKeys_emptySet">
<Header>
<Loc EndOffset="14180" SrcFileId="2" StartOffset="14135"/>
</Header>
<LocList>
<Loc EndOffset="14422" SrcFileId="2" StartOffset="14135"/>
</LocList>
<StmntSeq Intrnl_Id="728">
<LocList>
<Loc EndOffset="14239" SrcFileId="2" StartOffset="14185"/>
<Loc EndOffset="14271" SrcFileId="2" StartOffset="14245"/>
<Loc EndOffset="14326" SrcFileId="2" StartOffset="14286"/>
<Loc EndOffset="14378" SrcFileId="2" StartOffset="14277"/>
<Loc EndOffset="14415" SrcFileId="2" StartOffset="14392"/>
</LocList>
<BasicStmnt CovItemId="S270" CovItemPrefix="org.jfree.data.DefaultKeyedValuesTest.java" Intrnl_Id="729">
<LocList>
<Loc EndOffset="14239" SrcFileId="2" StartOffset="14185"/>
</LocList>
</BasicStmnt>
<BasicStmnt CovItemId="S271" CovItemPrefix="org.jfree.data.DefaultKeyedValuesTest.java" Intrnl_Id="730">
<LocList>
<Loc EndOffset="14271" SrcFileId="2" StartOffset="14245"/>
</LocList>
</BasicStmnt>
<BasicStmnt CovItemId="S273" CovItemPrefix="org.jfree.data.DefaultKeyedValuesTest.java" Intrnl_Id="731">
<LocList>
<Loc EndOffset="14326" SrcFileId="2" StartOffset="14286"/>
</LocList>
</BasicStmnt>
<CondStmnt CovItemId="S272" CovItemPrefix="org.jfree.data.DefaultKeyedValuesTest.java" Intrnl_Id="732">
<Branch CovItemId="B25" CovItemPrefix="org.jfree.data.DefaultKeyedValuesTest.java" Implct="true" Intrnl_Id="733">
<Cond/>
<LocList/>
<StmntSeq Intrnl_Id="734">
<LocList/>
</StmntSeq>
</Branch>
<Branch CovItemId="B26" CovItemPrefix="org.jfree.data.DefaultKeyedValuesTest.java" Implct="false" Intrnl_Id="735">
<Cond>
<Loc EndOffset="14349" SrcFileId="2" StartOffset="14331"/>
</Cond>
<LocList>
<Loc EndOffset="14378" SrcFileId="2" StartOffset="14350"/>
</LocList>
<StmntSeq Intrnl_Id="736">
<LocList>
<Loc EndOffset="14374" SrcFileId="2" StartOffset="14355"/>
</LocList>
<BasicStmnt CovItemId="S274" CovItemPrefix="org.jfree.data.DefaultKeyedValuesTest.java" Intrnl_Id="737">
<LocList>
<Loc EndOffset="14374" SrcFileId="2" StartOffset="14355"/>
</LocList>
</BasicStmnt>
</StmntSeq>
</Branch>
<Keyword EndOffset="14280" SrcFileId="2" StartOffset="14277"/>
<LocList>
<Loc EndOffset="14378" SrcFileId="2" StartOffset="14277"/>
</LocList>
</CondStmnt>
<BasicStmnt CovItemId="S275" CovItemPrefix="org.jfree.data.DefaultKeyedValuesTest.java" Intrnl_Id="738">
<LocList>
<Loc EndOffset="14415" SrcFileId="2" StartOffset="14392"/>
</LocList>
</BasicStmnt>
</StmntSeq>
</HierarchyLvl>
<HierarchyLvl HierarchyLvlId="999" HierarchyLvlTypeId="7" Intrnl_Id="739" Name="testSortByKeys_oneElement">
<Header>
<Loc EndOffset="14507" SrcFileId="2" StartOffset="14426"/>
</Header>
<LocList>
<Loc EndOffset="14758" SrcFileId="2" StartOffset="14426"/>
</LocList>
<StmntSeq Intrnl_Id="740">
<LocList>
<Loc EndOffset="14566" SrcFileId="2" StartOffset="14512"/>
<Loc EndOffset="14602" SrcFileId="2" StartOffset="14569"/>
<Loc EndOffset="14672" SrcFileId="2" StartOffset="14605"/>
<Loc EndOffset="14715" SrcFileId="2" StartOffset="14675"/>
<Loc EndOffset="14755" SrcFileId="2" StartOffset="14718"/>
</LocList>
<BasicStmnt CovItemId="S276" CovItemPrefix="org.jfree.data.DefaultKeyedValuesTest.java" Intrnl_Id="741">
<LocList>
<Loc EndOffset="14566" SrcFileId="2" StartOffset="14512"/>
</LocList>
</BasicStmnt>
<BasicStmnt CovItemId="S277" CovItemPrefix="org.jfree.data.DefaultKeyedValuesTest.java" Intrnl_Id="742">
<LocList>
<Loc EndOffset="14602" SrcFileId="2" StartOffset="14569"/>
</LocList>
</BasicStmnt>
<BasicStmnt CovItemId="S278" CovItemPrefix="org.jfree.data.DefaultKeyedValuesTest.java" Intrnl_Id="743">
<LocList>
<Loc EndOffset="14672" SrcFileId="2" StartOffset="14605"/>
</LocList>
</BasicStmnt>
<BasicStmnt CovItemId="S279" CovItemPrefix="org.jfree.data.DefaultKeyedValuesTest.java" Intrnl_Id="744">
<LocList>
<Loc EndOffset="14715" SrcFileId="2" StartOffset="14675"/>
</LocList>
</BasicStmnt>
<BasicStmnt CovItemId="S280" CovItemPrefix="org.jfree.data.DefaultKeyedValuesTest.java" Intrnl_Id="745">
<LocList>
<Loc EndOffset="14755" SrcFileId="2" StartOffset="14718"/>
</LocList>
</BasicStmnt>
</StmntSeq>
</HierarchyLvl>
<HierarchyLvl HierarchyLvlId="1000" HierarchyLvlTypeId="7" Intrnl_Id="746" Name="testSortByKeys_fiveElementsAscending">
<Header>
<Loc EndOffset="14854" SrcFileId="2" StartOffset="14762"/>
</Header>
<LocList>
<Loc EndOffset="15323" SrcFileId="2" StartOffset="14762"/>
</LocList>
<StmntSeq Intrnl_Id="747">
<LocList>
<Loc EndOffset="14913" SrcFileId="2" StartOffset="14859"/>
<Loc EndOffset="14949" SrcFileId="2" StartOffset="14916"/>
<Loc EndOffset="14985" SrcFileId="2" StartOffset="14952"/>
<Loc EndOffset="15021" SrcFileId="2" StartOffset="14988"/>
<Loc EndOffset="15057" SrcFileId="2" StartOffset="15024"/>
<Loc EndOffset="15093" SrcFileId="2" StartOffset="15060"/>
<Loc EndOffset="15154" SrcFileId="2" StartOffset="15099"/>
<Loc EndOffset="15234" SrcFileId="2" StartOffset="15160"/>
<Loc EndOffset="15280" SrcFileId="2" StartOffset="15240"/>
<Loc EndOffset="15320" SrcFileId="2" StartOffset="15283"/>
</LocList>
<BasicStmnt CovItemId="S281" CovItemPrefix="org.jfree.data.DefaultKeyedValuesTest.java" Intrnl_Id="748">
<LocList>
<Loc EndOffset="14913" SrcFileId="2" StartOffset="14859"/>
</LocList>
</BasicStmnt>
<BasicStmnt CovItemId="S282" CovItemPrefix="org.jfree.data.DefaultKeyedValuesTest.java" Intrnl_Id="749">
<LocList>
<Loc EndOffset="14949" SrcFileId="2" StartOffset="14916"/>
</LocList>
</BasicStmnt>
<BasicStmnt CovItemId="S283" CovItemPrefix="org.jfree.data.DefaultKeyedValuesTest.java" Intrnl_Id="750">
<LocList>
<Loc EndOffset="14985" SrcFileId="2" StartOffset="14952"/>
</LocList>
</BasicStmnt>
<BasicStmnt CovItemId="S284" CovItemPrefix="org.jfree.data.DefaultKeyedValuesTest.java" Intrnl_Id="751">
<LocList>
<Loc EndOffset="15021" SrcFileId="2" StartOffset="14988"/>
</LocList>
</BasicStmnt>
<BasicStmnt CovItemId="S285" CovItemPrefix="org.jfree.data.DefaultKeyedValuesTest.java" Intrnl_Id="752">
<LocList>
<Loc EndOffset="15057" SrcFileId="2" StartOffset="15024"/>
</LocList>
</BasicStmnt>
<BasicStmnt CovItemId="S286" CovItemPrefix="org.jfree.data.DefaultKeyedValuesTest.java" Intrnl_Id="753">
<LocList>
<Loc EndOffset="15093" SrcFileId="2" StartOffset="15060"/>
</LocList>
</BasicStmnt>
<BasicStmnt CovItemId="S287" CovItemPrefix="org.jfree.data.DefaultKeyedValuesTest.java" Intrnl_Id="754">
<LocList>
<Loc EndOffset="15154" SrcFileId="2" StartOffset="15099"/>
</LocList>
</BasicStmnt>
<LoopStmnt CovItemId="S288" CovItemPrefix="org.jfree.data.DefaultKeyedValuesTest.java" Intrnl_Id="755" MltplExecId="L37-2" MltplExecPrefix="org.jfree.data.DefaultKeyedValuesTest.java" NvrExecId="L37-0" NvrExecPrefix="org.jfree.data.DefaultKeyedValuesTest.java" OnceExecutedId="L37-1" OnceExecutedPrefix="org.jfree.data.DefaultKeyedValuesTest.java" OptBodyExec="true">
<StmntSeq Intrnl_Id="756">
<LocList>
<Loc EndOffset="15230" SrcFileId="2" StartOffset="15193"/>
</LocList>
<BasicStmnt CovItemId="S289" CovItemPrefix="org.jfree.data.DefaultKeyedValuesTest.java" Intrnl_Id="757">
<LocList>
<Loc EndOffset="15230" SrcFileId="2" StartOffset="15193"/>
</LocList>
</BasicStmnt>
</StmntSeq>
<Keyword EndOffset="15163" SrcFileId="2" StartOffset="15160"/>
<LocList>
<Loc EndOffset="15234" SrcFileId="2" StartOffset="15160"/>
</LocList>
<RootTerm CovItemId="C37" CovItemPrefix="org.jfree.data.DefaultKeyedValuesTest.java" Intrnl_Id="758">
<BasicBoolTerm Intrnl_Id="759">
<LocList>
<Loc EndOffset="15181" SrcFileId="2" StartOffset="15175"/>
</LocList>
</BasicBoolTerm>
</RootTerm>
</LoopStmnt>
<BasicStmnt CovItemId="S290" CovItemPrefix="org.jfree.data.DefaultKeyedValuesTest.java" Intrnl_Id="760">
<LocList>
<Loc EndOffset="15280" SrcFileId="2" StartOffset="15240"/>
</LocList>
</BasicStmnt>
<BasicStmnt CovItemId="S291" CovItemPrefix="org.jfree.data.DefaultKeyedValuesTest.java" Intrnl_Id="761">
<LocList>
<Loc EndOffset="15320" SrcFileId="2" StartOffset="15283"/>
</LocList>
</BasicStmnt>
</StmntSeq>
</HierarchyLvl>
<HierarchyLvl HierarchyLvlId="1001" HierarchyLvlTypeId="7" Intrnl_Id="762" Name="testSortByKeys_fiveElementsDescending">
<Header>
<Loc EndOffset="15420" SrcFileId="2" StartOffset="15327"/>
</Header>
<LocList>
<Loc EndOffset="15894" SrcFileId="2" StartOffset="15327"/>
</LocList>
<StmntSeq Intrnl_Id="763">
<LocList>
<Loc EndOffset="15479" SrcFileId="2" StartOffset="15425"/>
<Loc EndOffset="15515" SrcFileId="2" StartOffset="15482"/>
<Loc EndOffset="15551" SrcFileId="2" StartOffset="15518"/>
<Loc EndOffset="15587" SrcFileId="2" StartOffset="15554"/>
<Loc EndOffset="15623" SrcFileId="2" StartOffset="15590"/>
<Loc EndOffset="15659" SrcFileId="2" StartOffset="15626"/>
<Loc EndOffset="15720" SrcFileId="2" StartOffset="15665"/>
<Loc EndOffset="15804" SrcFileId="2" StartOffset="15726"/>
<Loc EndOffset="15851" SrcFileId="2" StartOffset="15810"/>
<Loc EndOffset="15891" SrcFileId="2" StartOffset="15854"/>
</LocList>
<BasicStmnt CovItemId="S292" CovItemPrefix="org.jfree.data.DefaultKeyedValuesTest.java" Intrnl_Id="764">
<LocList>
<Loc EndOffset="15479" SrcFileId="2" StartOffset="15425"/>
</LocList>
</BasicStmnt>
<BasicStmnt CovItemId="S293" CovItemPrefix="org.jfree.data.DefaultKeyedValuesTest.java" Intrnl_Id="765">
<LocList>
<Loc EndOffset="15515" SrcFileId="2" StartOffset="15482"/>
</LocList>
</BasicStmnt>
<BasicStmnt CovItemId="S294" CovItemPrefix="org.jfree.data.DefaultKeyedValuesTest.java" Intrnl_Id="766">
<LocList>
<Loc EndOffset="15551" SrcFileId="2" StartOffset="15518"/>
</LocList>
</BasicStmnt>
<BasicStmnt CovItemId="S295" CovItemPrefix="org.jfree.data.DefaultKeyedValuesTest.java" Intrnl_Id="767">
<LocList>
<Loc EndOffset="15587" SrcFileId="2" StartOffset="15554"/>
</LocList>
</BasicStmnt>
<BasicStmnt CovItemId="S296" CovItemPrefix="org.jfree.data.DefaultKeyedValuesTest.java" Intrnl_Id="768">
<LocList>
<Loc EndOffset="15623" SrcFileId="2" StartOffset="15590"/>
</LocList>
</BasicStmnt>
<BasicStmnt CovItemId="S297" CovItemPrefix="org.jfree.data.DefaultKeyedValuesTest.java" Intrnl_Id="769">
<LocList>
<Loc EndOffset="15659" SrcFileId="2" StartOffset="15626"/>
</LocList>
</BasicStmnt>
<BasicStmnt CovItemId="S298" CovItemPrefix="org.jfree.data.DefaultKeyedValuesTest.java" Intrnl_Id="770">
<LocList>
<Loc EndOffset="15720" SrcFileId="2" StartOffset="15665"/>
</LocList>
</BasicStmnt>
<LoopStmnt CovItemId="S299" CovItemPrefix="org.jfree.data.DefaultKeyedValuesTest.java" Intrnl_Id="771" MltplExecId="L38-2" MltplExecPrefix="org.jfree.data.DefaultKeyedValuesTest.java" NvrExecId="L38-0" NvrExecPrefix="org.jfree.data.DefaultKeyedValuesTest.java" OnceExecutedId="L38-1" OnceExecutedPrefix="org.jfree.data.DefaultKeyedValuesTest.java" OptBodyExec="true">
<StmntSeq Intrnl_Id="772">
<LocList>
<Loc EndOffset="15800" SrcFileId="2" StartOffset="15759"/>
</LocList>
<BasicStmnt CovItemId="S300" CovItemPrefix="org.jfree.data.DefaultKeyedValuesTest.java" Intrnl_Id="773">
<LocList>
<Loc EndOffset="15800" SrcFileId="2" StartOffset="15759"/>
</LocList>
</BasicStmnt>
</StmntSeq>
<Keyword EndOffset="15729" SrcFileId="2" StartOffset="15726"/>
<LocList>
<Loc EndOffset="15804" SrcFileId="2" StartOffset="15726"/>
</LocList>
<RootTerm CovItemId="C38" CovItemPrefix="org.jfree.data.DefaultKeyedValuesTest.java" Intrnl_Id="774">
<BasicBoolTerm Intrnl_Id="775">
<LocList>
<Loc EndOffset="15747" SrcFileId="2" StartOffset="15741"/>
</LocList>
</BasicBoolTerm>
</RootTerm>
</LoopStmnt>
<BasicStmnt CovItemId="S301" CovItemPrefix="org.jfree.data.DefaultKeyedValuesTest.java" Intrnl_Id="776">
<LocList>
<Loc EndOffset="15851" SrcFileId="2" StartOffset="15810"/>
</LocList>
</BasicStmnt>
<BasicStmnt CovItemId="S302" CovItemPrefix="org.jfree.data.DefaultKeyedValuesTest.java" Intrnl_Id="777">
<LocList>
<Loc EndOffset="15891" SrcFileId="2" StartOffset="15854"/>
</LocList>
</BasicStmnt>
</StmntSeq>
</HierarchyLvl>
<HierarchyLvl HierarchyLvlId="1002" HierarchyLvlTypeId="7" Intrnl_Id="778" Name="testSortByValues_nullOrder">
<Header>
<Loc EndOffset="15969" SrcFileId="2" StartOffset="15921"/>
</Header>
<LocList>
<Loc EndOffset="16213" SrcFileId="2" StartOffset="15921"/>
</LocList>
<StmntSeq Intrnl_Id="779">
<LocList>
<Loc EndOffset="16028" SrcFileId="2" StartOffset="15974"/>
<Loc EndOffset="16061" SrcFileId="2" StartOffset="16034"/>
<Loc EndOffset="16103" SrcFileId="2" StartOffset="16076"/>
<Loc EndOffset="16169" SrcFileId="2" StartOffset="16067"/>
<Loc EndOffset="16206" SrcFileId="2" StartOffset="16183"/>
</LocList>
<BasicStmnt CovItemId="S303" CovItemPrefix="org.jfree.data.DefaultKeyedValuesTest.java" Intrnl_Id="780">
<LocList>
<Loc EndOffset="16028" SrcFileId="2" StartOffset="15974"/>
</LocList>
</BasicStmnt>
<BasicStmnt CovItemId="S304" CovItemPrefix="org.jfree.data.DefaultKeyedValuesTest.java" Intrnl_Id="781">
<LocList>
<Loc EndOffset="16061" SrcFileId="2" StartOffset="16034"/>
</LocList>
</BasicStmnt>
<BasicStmnt CovItemId="S306" CovItemPrefix="org.jfree.data.DefaultKeyedValuesTest.java" Intrnl_Id="782">
<LocList>
<Loc EndOffset="16103" SrcFileId="2" StartOffset="16076"/>
</LocList>
</BasicStmnt>
<CondStmnt CovItemId="S305" CovItemPrefix="org.jfree.data.DefaultKeyedValuesTest.java" Intrnl_Id="783">
<Branch CovItemId="B27" CovItemPrefix="org.jfree.data.DefaultKeyedValuesTest.java" Implct="true" Intrnl_Id="784">
<Cond/>
<LocList/>
<StmntSeq Intrnl_Id="785">
<LocList/>
</StmntSeq>
</Branch>
<Branch CovItemId="B28" CovItemPrefix="org.jfree.data.DefaultKeyedValuesTest.java" Implct="false" Intrnl_Id="786">
<Cond>
<Loc EndOffset="16141" SrcFileId="2" StartOffset="16108"/>
</Cond>
<LocList>
<Loc EndOffset="16169" SrcFileId="2" StartOffset="16142"/>
</LocList>
<StmntSeq Intrnl_Id="787">
<LocList>
<Loc EndOffset="16165" SrcFileId="2" StartOffset="16147"/>
</LocList>
<BasicStmnt CovItemId="S307" CovItemPrefix="org.jfree.data.DefaultKeyedValuesTest.java" Intrnl_Id="788">
<LocList>
<Loc EndOffset="16165" SrcFileId="2" StartOffset="16147"/>
</LocList>
</BasicStmnt>
</StmntSeq>
</Branch>
<Keyword EndOffset="16070" SrcFileId="2" StartOffset="16067"/>
<LocList>
<Loc EndOffset="16169" SrcFileId="2" StartOffset="16067"/>
</LocList>
</CondStmnt>
<BasicStmnt CovItemId="S308" CovItemPrefix="org.jfree.data.DefaultKeyedValuesTest.java" Intrnl_Id="789">
<LocList>
<Loc EndOffset="16206" SrcFileId="2" StartOffset="16183"/>
</LocList>
</BasicStmnt>
</StmntSeq>
</HierarchyLvl>
<HierarchyLvl HierarchyLvlId="1003" HierarchyLvlTypeId="7" Intrnl_Id="790" Name="testSortByValues_emptySet">
<Header>
<Loc EndOffset="16264" SrcFileId="2" StartOffset="16217"/>
</Header>
<LocList>
<Loc EndOffset="16508" SrcFileId="2" StartOffset="16217"/>
</LocList>
<StmntSeq Intrnl_Id="791">
<LocList>
<Loc EndOffset="16323" SrcFileId="2" StartOffset="16269"/>
<Loc EndOffset="16355" SrcFileId="2" StartOffset="16329"/>
<Loc EndOffset="16412" SrcFileId="2" StartOffset="16370"/>
<Loc EndOffset="16464" SrcFileId="2" StartOffset="16361"/>
<Loc EndOffset="16501" SrcFileId="2" StartOffset="16478"/>
</LocList>
<BasicStmnt CovItemId="S309" CovItemPrefix="org.jfree.data.DefaultKeyedValuesTest.java" Intrnl_Id="792">
<LocList>
<Loc EndOffset="16323" SrcFileId="2" StartOffset="16269"/>
</LocList>
</BasicStmnt>
<BasicStmnt CovItemId="S310" CovItemPrefix="org.jfree.data.DefaultKeyedValuesTest.java" Intrnl_Id="793">
<LocList>
<Loc EndOffset="16355" SrcFileId="2" StartOffset="16329"/>
</LocList>
</BasicStmnt>
<BasicStmnt CovItemId="S312" CovItemPrefix="org.jfree.data.DefaultKeyedValuesTest.java" Intrnl_Id="794">
<LocList>
<Loc EndOffset="16412" SrcFileId="2" StartOffset="16370"/>
</LocList>
</BasicStmnt>
<CondStmnt CovItemId="S311" CovItemPrefix="org.jfree.data.DefaultKeyedValuesTest.java" Intrnl_Id="795">
<Branch CovItemId="B29" CovItemPrefix="org.jfree.data.DefaultKeyedValuesTest.java" Implct="true" Intrnl_Id="796">
<Cond/>
<LocList/>
<StmntSeq Intrnl_Id="797">
<LocList/>
</StmntSeq>
</Branch>
<Branch CovItemId="B30" CovItemPrefix="org.jfree.data.DefaultKeyedValuesTest.java" Implct="false" Intrnl_Id="798">
<Cond>
<Loc EndOffset="16435" SrcFileId="2" StartOffset="16417"/>
</Cond>
<LocList>
<Loc EndOffset="16464" SrcFileId="2" StartOffset="16436"/>
</LocList>
<StmntSeq Intrnl_Id="799">
<LocList>
<Loc EndOffset="16460" SrcFileId="2" StartOffset="16441"/>
</LocList>
<BasicStmnt CovItemId="S313" CovItemPrefix="org.jfree.data.DefaultKeyedValuesTest.java" Intrnl_Id="800">
<LocList>
<Loc EndOffset="16460" SrcFileId="2" StartOffset="16441"/>
</LocList>
</BasicStmnt>
</StmntSeq>
</Branch>
<Keyword EndOffset="16364" SrcFileId="2" StartOffset="16361"/>
<LocList>
<Loc EndOffset="16464" SrcFileId="2" StartOffset="16361"/>
</LocList>
</CondStmnt>
<BasicStmnt CovItemId="S314" CovItemPrefix="org.jfree.data.DefaultKeyedValuesTest.java" Intrnl_Id="801">
<LocList>
<Loc EndOffset="16501" SrcFileId="2" StartOffset="16478"/>
</LocList>
</BasicStmnt>
</StmntSeq>
</HierarchyLvl>
<HierarchyLvl HierarchyLvlId="1004" HierarchyLvlTypeId="7" Intrnl_Id="802" Name="testSortByValues_oneElement">
<Header>
<Loc EndOffset="16595" SrcFileId="2" StartOffset="16512"/>
</Header>
<LocList>
<Loc EndOffset="16848" SrcFileId="2" StartOffset="16512"/>
</LocList>
<StmntSeq Intrnl_Id="803">
<LocList>
<Loc EndOffset="16654" SrcFileId="2" StartOffset="16600"/>
<Loc EndOffset="16690" SrcFileId="2" StartOffset="16657"/>
<Loc EndOffset="16760" SrcFileId="2" StartOffset="16693"/>
<Loc EndOffset="16805" SrcFileId="2" StartOffset="16763"/>
<Loc EndOffset="16845" SrcFileId="2" StartOffset="16808"/>
</LocList>
<BasicStmnt CovItemId="S315" CovItemPrefix="org.jfree.data.DefaultKeyedValuesTest.java" Intrnl_Id="804">
<LocList>
<Loc EndOffset="16654" SrcFileId="2" StartOffset="16600"/>
</LocList>
</BasicStmnt>
<BasicStmnt CovItemId="S316" CovItemPrefix="org.jfree.data.DefaultKeyedValuesTest.java" Intrnl_Id="805">
<LocList>
<Loc EndOffset="16690" SrcFileId="2" StartOffset="16657"/>
</LocList>
</BasicStmnt>
<BasicStmnt CovItemId="S317" CovItemPrefix="org.jfree.data.DefaultKeyedValuesTest.java" Intrnl_Id="806">
<LocList>
<Loc EndOffset="16760" SrcFileId="2" StartOffset="16693"/>
</LocList>
</BasicStmnt>
<BasicStmnt CovItemId="S318" CovItemPrefix="org.jfree.data.DefaultKeyedValuesTest.java" Intrnl_Id="807">
<LocList>
<Loc EndOffset="16805" SrcFileId="2" StartOffset="16763"/>
</LocList>
</BasicStmnt>
<BasicStmnt CovItemId="S319" CovItemPrefix="org.jfree.data.DefaultKeyedValuesTest.java" Intrnl_Id="808">
<LocList>
<Loc EndOffset="16845" SrcFileId="2" StartOffset="16808"/>
</LocList>
</BasicStmnt>
</StmntSeq>
</HierarchyLvl>
<HierarchyLvl HierarchyLvlId="1005" HierarchyLvlTypeId="7" Intrnl_Id="809" Name="testSortByValues_fiveElementsAscending">
<Header>
<Loc EndOffset="16946" SrcFileId="2" StartOffset="16852"/>
</Header>
<LocList>
<Loc EndOffset="17417" SrcFileId="2" StartOffset="16852"/>
</LocList>
<StmntSeq Intrnl_Id="810">
<LocList>
<Loc EndOffset="17005" SrcFileId="2" StartOffset="16951"/>
<Loc EndOffset="17041" SrcFileId="2" StartOffset="17008"/>
<Loc EndOffset="17077" SrcFileId="2" StartOffset="17044"/>
<Loc EndOffset="17113" SrcFileId="2" StartOffset="17080"/>
<Loc EndOffset="17149" SrcFileId="2" StartOffset="17116"/>
<Loc EndOffset="17185" SrcFileId="2" StartOffset="17152"/>
<Loc EndOffset="17246" SrcFileId="2" StartOffset="17191"/>
<Loc EndOffset="17326" SrcFileId="2" StartOffset="17252"/>
<Loc EndOffset="17374" SrcFileId="2" StartOffset="17332"/>
<Loc EndOffset="17414" SrcFileId="2" StartOffset="17377"/>
</LocList>
<BasicStmnt CovItemId="S320" CovItemPrefix="org.jfree.data.DefaultKeyedValuesTest.java" Intrnl_Id="811">
<LocList>
<Loc EndOffset="17005" SrcFileId="2" StartOffset="16951"/>
</LocList>
</BasicStmnt>
<BasicStmnt CovItemId="S321" CovItemPrefix="org.jfree.data.DefaultKeyedValuesTest.java" Intrnl_Id="812">
<LocList>
<Loc EndOffset="17041" SrcFileId="2" StartOffset="17008"/>
</LocList>
</BasicStmnt>
<BasicStmnt CovItemId="S322" CovItemPrefix="org.jfree.data.DefaultKeyedValuesTest.java" Intrnl_Id="813">
<LocList>
<Loc EndOffset="17077" SrcFileId="2" StartOffset="17044"/>
</LocList>
</BasicStmnt>
<BasicStmnt CovItemId="S323" CovItemPrefix="org.jfree.data.DefaultKeyedValuesTest.java" Intrnl_Id="814">
<LocList>
<Loc EndOffset="17113" SrcFileId="2" StartOffset="17080"/>
</LocList>
</BasicStmnt>
<BasicStmnt CovItemId="S324" CovItemPrefix="org.jfree.data.DefaultKeyedValuesTest.java" Intrnl_Id="815">
<LocList>
<Loc EndOffset="17149" SrcFileId="2" StartOffset="17116"/>
</LocList>
</BasicStmnt>
<BasicStmnt CovItemId="S325" CovItemPrefix="org.jfree.data.DefaultKeyedValuesTest.java" Intrnl_Id="816">
<LocList>
<Loc EndOffset="17185" SrcFileId="2" StartOffset="17152"/>
</LocList>
</BasicStmnt>
<BasicStmnt CovItemId="S326" CovItemPrefix="org.jfree.data.DefaultKeyedValuesTest.java" Intrnl_Id="817">
<LocList>
<Loc EndOffset="17246" SrcFileId="2" StartOffset="17191"/>
</LocList>
</BasicStmnt>
<LoopStmnt CovItemId="S327" CovItemPrefix="org.jfree.data.DefaultKeyedValuesTest.java" Intrnl_Id="818" MltplExecId="L39-2" MltplExecPrefix="org.jfree.data.DefaultKeyedValuesTest.java" NvrExecId="L39-0" NvrExecPrefix="org.jfree.data.DefaultKeyedValuesTest.java" OnceExecutedId="L39-1" OnceExecutedPrefix="org.jfree.data.DefaultKeyedValuesTest.java" OptBodyExec="true">
<StmntSeq Intrnl_Id="819">
<LocList>
<Loc EndOffset="17322" SrcFileId="2" StartOffset="17285"/>
</LocList>
<BasicStmnt CovItemId="S328" CovItemPrefix="org.jfree.data.DefaultKeyedValuesTest.java" Intrnl_Id="820">
<LocList>
<Loc EndOffset="17322" SrcFileId="2" StartOffset="17285"/>
</LocList>
</BasicStmnt>
</StmntSeq>
<Keyword EndOffset="17255" SrcFileId="2" StartOffset="17252"/>
<LocList>
<Loc EndOffset="17326" SrcFileId="2" StartOffset="17252"/>
</LocList>
<RootTerm CovItemId="C39" CovItemPrefix="org.jfree.data.DefaultKeyedValuesTest.java" Intrnl_Id="821">
<BasicBoolTerm Intrnl_Id="822">
<LocList>
<Loc EndOffset="17273" SrcFileId="2" StartOffset="17267"/>
</LocList>
</BasicBoolTerm>
</RootTerm>
</LoopStmnt>
<BasicStmnt CovItemId="S329" CovItemPrefix="org.jfree.data.DefaultKeyedValuesTest.java" Intrnl_Id="823">
<LocList>
<Loc EndOffset="17374" SrcFileId="2" StartOffset="17332"/>
</LocList>
</BasicStmnt>
<BasicStmnt CovItemId="S330" CovItemPrefix="org.jfree.data.DefaultKeyedValuesTest.java" Intrnl_Id="824">
<LocList>
<Loc EndOffset="17414" SrcFileId="2" StartOffset="17377"/>
</LocList>
</BasicStmnt>
</StmntSeq>
</HierarchyLvl>
<HierarchyLvl HierarchyLvlId="1006" HierarchyLvlTypeId="7" Intrnl_Id="825" Name="testSortByValues_fiveElementsDescending">
<Header>
<Loc EndOffset="17516" SrcFileId="2" StartOffset="17421"/>
</Header>
<LocList>
<Loc EndOffset="17992" SrcFileId="2" StartOffset="17421"/>
</LocList>
<StmntSeq Intrnl_Id="826">
<LocList>
<Loc EndOffset="17575" SrcFileId="2" StartOffset="17521"/>
<Loc EndOffset="17611" SrcFileId="2" StartOffset="17578"/>
<Loc EndOffset="17647" SrcFileId="2" StartOffset="17614"/>
<Loc EndOffset="17683" SrcFileId="2" StartOffset="17650"/>
<Loc EndOffset="17719" SrcFileId="2" StartOffset="17686"/>
<Loc EndOffset="17755" SrcFileId="2" StartOffset="17722"/>
<Loc EndOffset="17816" SrcFileId="2" StartOffset="17761"/>
<Loc EndOffset="17900" SrcFileId="2" StartOffset="17822"/>
<Loc EndOffset="17949" SrcFileId="2" StartOffset="17906"/>
<Loc EndOffset="17989" SrcFileId="2" StartOffset="17952"/>
</LocList>
<BasicStmnt CovItemId="S331" CovItemPrefix="org.jfree.data.DefaultKeyedValuesTest.java" Intrnl_Id="827">
<LocList>
<Loc EndOffset="17575" SrcFileId="2" StartOffset="17521"/>
</LocList>
</BasicStmnt>
<BasicStmnt CovItemId="S332" CovItemPrefix="org.jfree.data.DefaultKeyedValuesTest.java" Intrnl_Id="828">
<LocList>
<Loc EndOffset="17611" SrcFileId="2" StartOffset="17578"/>
</LocList>
</BasicStmnt>
<BasicStmnt CovItemId="S333" CovItemPrefix="org.jfree.data.DefaultKeyedValuesTest.java" Intrnl_Id="829">
<LocList>
<Loc EndOffset="17647" SrcFileId="2" StartOffset="17614"/>
</LocList>
</BasicStmnt>
<BasicStmnt CovItemId="S334" CovItemPrefix="org.jfree.data.DefaultKeyedValuesTest.java" Intrnl_Id="830">
<LocList>
<Loc EndOffset="17683" SrcFileId="2" StartOffset="17650"/>
</LocList>
</BasicStmnt>
<BasicStmnt CovItemId="S335" CovItemPrefix="org.jfree.data.DefaultKeyedValuesTest.java" Intrnl_Id="831">
<LocList>
<Loc EndOffset="17719" SrcFileId="2" StartOffset="17686"/>
</LocList>
</BasicStmnt>
<BasicStmnt CovItemId="S336" CovItemPrefix="org.jfree.data.DefaultKeyedValuesTest.java" Intrnl_Id="832">
<LocList>
<Loc EndOffset="17755" SrcFileId="2" StartOffset="17722"/>
</LocList>
</BasicStmnt>
<BasicStmnt CovItemId="S337" CovItemPrefix="org.jfree.data.DefaultKeyedValuesTest.java" Intrnl_Id="833">
<LocList>
<Loc EndOffset="17816" SrcFileId="2" StartOffset="17761"/>
</LocList>
</BasicStmnt>
<LoopStmnt CovItemId="S338" CovItemPrefix="org.jfree.data.DefaultKeyedValuesTest.java" Intrnl_Id="834" MltplExecId="L40-2" MltplExecPrefix="org.jfree.data.DefaultKeyedValuesTest.java" NvrExecId="L40-0" NvrExecPrefix="org.jfree.data.DefaultKeyedValuesTest.java" OnceExecutedId="L40-1" OnceExecutedPrefix="org.jfree.data.DefaultKeyedValuesTest.java" OptBodyExec="true">
<StmntSeq Intrnl_Id="835">
<LocList>
<Loc EndOffset="17896" SrcFileId="2" StartOffset="17855"/>
</LocList>
<BasicStmnt CovItemId="S339" CovItemPrefix="org.jfree.data.DefaultKeyedValuesTest.java" Intrnl_Id="836">
<LocList>
<Loc EndOffset="17896" SrcFileId="2" StartOffset="17855"/>
</LocList>
</BasicStmnt>
</StmntSeq>
<Keyword EndOffset="17825" SrcFileId="2" StartOffset="17822"/>
<LocList>
<Loc EndOffset="17900" SrcFileId="2" StartOffset="17822"/>
</LocList>
<RootTerm CovItemId="C40" CovItemPrefix="org.jfree.data.DefaultKeyedValuesTest.java" Intrnl_Id="837">
<BasicBoolTerm Intrnl_Id="838">
<LocList>
<Loc EndOffset="17843" SrcFileId="2" StartOffset="17837"/>
</LocList>
</BasicBoolTerm>
</RootTerm>
</LoopStmnt>
<BasicStmnt CovItemId="S340" CovItemPrefix="org.jfree.data.DefaultKeyedValuesTest.java" Intrnl_Id="839">
<LocList>
<Loc EndOffset="17949" SrcFileId="2" StartOffset="17906"/>
</LocList>
</BasicStmnt>
<BasicStmnt CovItemId="S341" CovItemPrefix="org.jfree.data.DefaultKeyedValuesTest.java" Intrnl_Id="840">
<LocList>
<Loc EndOffset="17989" SrcFileId="2" StartOffset="17952"/>
</LocList>
</BasicStmnt>
</StmntSeq>
</HierarchyLvl>
<HierarchyLvl HierarchyLvlId="1007" HierarchyLvlTypeId="7" Intrnl_Id="841" Name="testSortByValues_oneNullValueAmidFive">
<Header>
<Loc EndOffset="18089" SrcFileId="2" StartOffset="17996"/>
</Header>
<LocList>
<Loc EndOffset="18604" SrcFileId="2" StartOffset="17996"/>
</LocList>
<StmntSeq Intrnl_Id="842">
<LocList>
<Loc EndOffset="18148" SrcFileId="2" StartOffset="18094"/>
<Loc EndOffset="18184" SrcFileId="2" StartOffset="18151"/>
<Loc EndOffset="18220" SrcFileId="2" StartOffset="18187"/>
<Loc EndOffset="18256" SrcFileId="2" StartOffset="18223"/>
<Loc EndOffset="18292" SrcFileId="2" StartOffset="18259"/>
<Loc EndOffset="18331" SrcFileId="2" StartOffset="18295"/>
<Loc EndOffset="18392" SrcFileId="2" StartOffset="18337"/>
<Loc EndOffset="18471" SrcFileId="2" StartOffset="18398"/>
<Loc EndOffset="18513" SrcFileId="2" StartOffset="18477"/>
<Loc EndOffset="18561" SrcFileId="2" StartOffset="18519"/>
<Loc EndOffset="18601" SrcFileId="2" StartOffset="18564"/>
</LocList>
<BasicStmnt CovItemId="S342" CovItemPrefix="org.jfree.data.DefaultKeyedValuesTest.java" Intrnl_Id="843">
<LocList>
<Loc EndOffset="18148" SrcFileId="2" StartOffset="18094"/>
</LocList>
</BasicStmnt>
<BasicStmnt CovItemId="S343" CovItemPrefix="org.jfree.data.DefaultKeyedValuesTest.java" Intrnl_Id="844">
<LocList>
<Loc EndOffset="18184" SrcFileId="2" StartOffset="18151"/>
</LocList>
</BasicStmnt>
<BasicStmnt CovItemId="S344" CovItemPrefix="org.jfree.data.DefaultKeyedValuesTest.java" Intrnl_Id="845">
<LocList>
<Loc EndOffset="18220" SrcFileId="2" StartOffset="18187"/>
</LocList>
</BasicStmnt>
<BasicStmnt CovItemId="S345" CovItemPrefix="org.jfree.data.DefaultKeyedValuesTest.java" Intrnl_Id="846">
<LocList>
<Loc EndOffset="18256" SrcFileId="2" StartOffset="18223"/>
</LocList>
</BasicStmnt>
<BasicStmnt CovItemId="S346" CovItemPrefix="org.jfree.data.DefaultKeyedValuesTest.java" Intrnl_Id="847">
<LocList>
<Loc EndOffset="18292" SrcFileId="2" StartOffset="18259"/>
</LocList>
</BasicStmnt>
<BasicStmnt CovItemId="S347" CovItemPrefix="org.jfree.data.DefaultKeyedValuesTest.java" Intrnl_Id="848">
<LocList>
<Loc EndOffset="18331" SrcFileId="2" StartOffset="18295"/>
</LocList>
</BasicStmnt>
<BasicStmnt CovItemId="S348" CovItemPrefix="org.jfree.data.DefaultKeyedValuesTest.java" Intrnl_Id="849">
<LocList>
<Loc EndOffset="18392" SrcFileId="2" StartOffset="18337"/>
</LocList>
</BasicStmnt>
<LoopStmnt CovItemId="S349" CovItemPrefix="org.jfree.data.DefaultKeyedValuesTest.java" Intrnl_Id="850" MltplExecId="L41-2" MltplExecPrefix="org.jfree.data.DefaultKeyedValuesTest.java" NvrExecId="L41-0" NvrExecPrefix="org.jfree.data.DefaultKeyedValuesTest.java" OnceExecutedId="L41-1" OnceExecutedPrefix="org.jfree.data.DefaultKeyedValuesTest.java" OptBodyExec="true">
<StmntSeq Intrnl_Id="851">
<LocList>
<Loc EndOffset="18467" SrcFileId="2" StartOffset="18430"/>
</LocList>
<BasicStmnt CovItemId="S350" CovItemPrefix="org.jfree.data.DefaultKeyedValuesTest.java" Intrnl_Id="852">
<LocList>
<Loc EndOffset="18467" SrcFileId="2" StartOffset="18430"/>
</LocList>
</BasicStmnt>
</StmntSeq>
<Keyword EndOffset="18401" SrcFileId="2" StartOffset="18398"/>
<LocList>
<Loc EndOffset="18471" SrcFileId="2" StartOffset="18398"/>
</LocList>
<RootTerm CovItemId="C41" CovItemPrefix="org.jfree.data.DefaultKeyedValuesTest.java" Intrnl_Id="853">
<BasicBoolTerm Intrnl_Id="854">
<LocList>
<Loc EndOffset="18418" SrcFileId="2" StartOffset="18413"/>
</LocList>
</BasicBoolTerm>
</RootTerm>
</LoopStmnt>
<BasicStmnt CovItemId="S351" CovItemPrefix="org.jfree.data.DefaultKeyedValuesTest.java" Intrnl_Id="855">
<LocList>
<Loc EndOffset="18513" SrcFileId="2" StartOffset="18477"/>
</LocList>
</BasicStmnt>
<BasicStmnt CovItemId="S352" CovItemPrefix="org.jfree.data.DefaultKeyedValuesTest.java" Intrnl_Id="856">
<LocList>
<Loc EndOffset="18561" SrcFileId="2" StartOffset="18519"/>
</LocList>
</BasicStmnt>
<BasicStmnt CovItemId="S353" CovItemPrefix="org.jfree.data.DefaultKeyedValuesTest.java" Intrnl_Id="857">
<LocList>
<Loc EndOffset="18601" SrcFileId="2" StartOffset="18564"/>
</LocList>
</BasicStmnt>
</StmntSeq>
</HierarchyLvl>
<HierarchyLvl HierarchyLvlId="1008" HierarchyLvlTypeId="7" Intrnl_Id="858" Name="testSortByValues_twoNullValuesAmidFiveAscending">
<Header>
<Loc EndOffset="18711" SrcFileId="2" StartOffset="18608"/>
</Header>
<LocList>
<Loc EndOffset="19297" SrcFileId="2" StartOffset="18608"/>
</LocList>
<StmntSeq Intrnl_Id="859">
<LocList>
<Loc EndOffset="18770" SrcFileId="2" StartOffset="18716"/>
<Loc EndOffset="18806" SrcFileId="2" StartOffset="18773"/>
<Loc EndOffset="18845" SrcFileId="2" StartOffset="18809"/>
<Loc EndOffset="18881" SrcFileId="2" StartOffset="18848"/>
<Loc EndOffset="18917" SrcFileId="2" StartOffset="18884"/>
<Loc EndOffset="18956" SrcFileId="2" StartOffset="18920"/>
<Loc EndOffset="19017" SrcFileId="2" StartOffset="18962"/>
<Loc EndOffset="19056" SrcFileId="2" StartOffset="19023"/>
<Loc EndOffset="19092" SrcFileId="2" StartOffset="19059"/>
<Loc EndOffset="19128" SrcFileId="2" StartOffset="19095"/>
<Loc EndOffset="19167" SrcFileId="2" StartOffset="19131"/>
<Loc EndOffset="19206" SrcFileId="2" StartOffset="19170"/>
<Loc EndOffset="19254" SrcFileId="2" StartOffset="19212"/>
<Loc EndOffset="19294" SrcFileId="2" StartOffset="19257"/>
</LocList>
<BasicStmnt CovItemId="S354" CovItemPrefix="org.jfree.data.DefaultKeyedValuesTest.java" Intrnl_Id="860">
<LocList>
<Loc EndOffset="18770" SrcFileId="2" StartOffset="18716"/>
</LocList>
</BasicStmnt>
<BasicStmnt CovItemId="S355" CovItemPrefix="org.jfree.data.DefaultKeyedValuesTest.java" Intrnl_Id="861">
<LocList>
<Loc EndOffset="18806" SrcFileId="2" StartOffset="18773"/>
</LocList>
</BasicStmnt>
<BasicStmnt CovItemId="S356" CovItemPrefix="org.jfree.data.DefaultKeyedValuesTest.java" Intrnl_Id="862">
<LocList>
<Loc EndOffset="18845" SrcFileId="2" StartOffset="18809"/>
</LocList>
</BasicStmnt>
<BasicStmnt CovItemId="S357" CovItemPrefix="org.jfree.data.DefaultKeyedValuesTest.java" Intrnl_Id="863">
<LocList>
<Loc EndOffset="18881" SrcFileId="2" StartOffset="18848"/>
</LocList>
</BasicStmnt>
<BasicStmnt CovItemId="S358" CovItemPrefix="org.jfree.data.DefaultKeyedValuesTest.java" Intrnl_Id="864">
<LocList>
<Loc EndOffset="18917" SrcFileId="2" StartOffset="18884"/>
</LocList>
</BasicStmnt>
<BasicStmnt CovItemId="S359" CovItemPrefix="org.jfree.data.DefaultKeyedValuesTest.java" Intrnl_Id="865">
<LocList>
<Loc EndOffset="18956" SrcFileId="2" StartOffset="18920"/>
</LocList>
</BasicStmnt>
<BasicStmnt CovItemId="S360" CovItemPrefix="org.jfree.data.DefaultKeyedValuesTest.java" Intrnl_Id="866">
<LocList>
<Loc EndOffset="19017" SrcFileId="2" StartOffset="18962"/>
</LocList>
</BasicStmnt>
<BasicStmnt CovItemId="S361" CovItemPrefix="org.jfree.data.DefaultKeyedValuesTest.java" Intrnl_Id="867">
<LocList>
<Loc EndOffset="19056" SrcFileId="2" StartOffset="19023"/>
</LocList>
</BasicStmnt>
<BasicStmnt CovItemId="S362" CovItemPrefix="org.jfree.data.DefaultKeyedValuesTest.java" Intrnl_Id="868">
<LocList>
<Loc EndOffset="19092" SrcFileId="2" StartOffset="19059"/>
</LocList>
</BasicStmnt>
<BasicStmnt CovItemId="S363" CovItemPrefix="org.jfree.data.DefaultKeyedValuesTest.java" Intrnl_Id="869">
<LocList>
<Loc EndOffset="19128" SrcFileId="2" StartOffset="19095"/>
</LocList>
</BasicStmnt>
<BasicStmnt CovItemId="S364" CovItemPrefix="org.jfree.data.DefaultKeyedValuesTest.java" Intrnl_Id="870">
<LocList>
<Loc EndOffset="19167" SrcFileId="2" StartOffset="19131"/>
</LocList>
</BasicStmnt>
<BasicStmnt CovItemId="S365" CovItemPrefix="org.jfree.data.DefaultKeyedValuesTest.java" Intrnl_Id="871">
<LocList>
<Loc EndOffset="19206" SrcFileId="2" StartOffset="19170"/>
</LocList>
</BasicStmnt>
<BasicStmnt CovItemId="S366" CovItemPrefix="org.jfree.data.DefaultKeyedValuesTest.java" Intrnl_Id="872">
<LocList>
<Loc EndOffset="19254" SrcFileId="2" StartOffset="19212"/>
</LocList>
</BasicStmnt>
<BasicStmnt CovItemId="S367" CovItemPrefix="org.jfree.data.DefaultKeyedValuesTest.java" Intrnl_Id="873">
<LocList>
<Loc EndOffset="19294" SrcFileId="2" StartOffset="19257"/>
</LocList>
</BasicStmnt>
</StmntSeq>
</HierarchyLvl>
<HierarchyLvl HierarchyLvlId="1009" HierarchyLvlTypeId="7" Intrnl_Id="874" Name="testSortByValues_twoNullValuesAmidFiveDescending">
<Header>
<Loc EndOffset="19405" SrcFileId="2" StartOffset="19301"/>
</Header>
<LocList>
<Loc EndOffset="19992" SrcFileId="2" StartOffset="19301"/>
</LocList>
<StmntSeq Intrnl_Id="875">
<LocList>
<Loc EndOffset="19464" SrcFileId="2" StartOffset="19410"/>
<Loc EndOffset="19500" SrcFileId="2" StartOffset="19467"/>
<Loc EndOffset="19539" SrcFileId="2" StartOffset="19503"/>
<Loc EndOffset="19575" SrcFileId="2" StartOffset="19542"/>
<Loc EndOffset="19611" SrcFileId="2" StartOffset="19578"/>
<Loc EndOffset="19650" SrcFileId="2" StartOffset="19614"/>
<Loc EndOffset="19711" SrcFileId="2" StartOffset="19656"/>
<Loc EndOffset="19750" SrcFileId="2" StartOffset="19717"/>
<Loc EndOffset="19786" SrcFileId="2" StartOffset="19753"/>
<Loc EndOffset="19822" SrcFileId="2" StartOffset="19789"/>
<Loc EndOffset="19861" SrcFileId="2" StartOffset="19825"/>
<Loc EndOffset="19900" SrcFileId="2" StartOffset="19864"/>
<Loc EndOffset="19949" SrcFileId="2" StartOffset="19906"/>
<Loc EndOffset="19989" SrcFileId="2" StartOffset="19952"/>
</LocList>
<BasicStmnt CovItemId="S368" CovItemPrefix="org.jfree.data.DefaultKeyedValuesTest.java" Intrnl_Id="876">
<LocList>
<Loc EndOffset="19464" SrcFileId="2" StartOffset="19410"/>
</LocList>
</BasicStmnt>
<BasicStmnt CovItemId="S369" CovItemPrefix="org.jfree.data.DefaultKeyedValuesTest.java" Intrnl_Id="877">
<LocList>
<Loc EndOffset="19500" SrcFileId="2" StartOffset="19467"/>
</LocList>
</BasicStmnt>
<BasicStmnt CovItemId="S370" CovItemPrefix="org.jfree.data.DefaultKeyedValuesTest.java" Intrnl_Id="878">
<LocList>
<Loc EndOffset="19539" SrcFileId="2" StartOffset="19503"/>
</LocList>
</BasicStmnt>
<BasicStmnt CovItemId="S371" CovItemPrefix="org.jfree.data.DefaultKeyedValuesTest.java" Intrnl_Id="879">
<LocList>
<Loc EndOffset="19575" SrcFileId="2" StartOffset="19542"/>
</LocList>
</BasicStmnt>
<BasicStmnt CovItemId="S372" CovItemPrefix="org.jfree.data.DefaultKeyedValuesTest.java" Intrnl_Id="880">
<LocList>
<Loc EndOffset="19611" SrcFileId="2" StartOffset="19578"/>
</LocList>
</BasicStmnt>
<BasicStmnt CovItemId="S373" CovItemPrefix="org.jfree.data.DefaultKeyedValuesTest.java" Intrnl_Id="881">
<LocList>
<Loc EndOffset="19650" SrcFileId="2" StartOffset="19614"/>
</LocList>
</BasicStmnt>
<BasicStmnt CovItemId="S374" CovItemPrefix="org.jfree.data.DefaultKeyedValuesTest.java" Intrnl_Id="882">
<LocList>
<Loc EndOffset="19711" SrcFileId="2" StartOffset="19656"/>
</LocList>
</BasicStmnt>
<BasicStmnt CovItemId="S375" CovItemPrefix="org.jfree.data.DefaultKeyedValuesTest.java" Intrnl_Id="883">
<LocList>
<Loc EndOffset="19750" SrcFileId="2" StartOffset="19717"/>
</LocList>
</BasicStmnt>
<BasicStmnt CovItemId="S376" CovItemPrefix="org.jfree.data.DefaultKeyedValuesTest.java" Intrnl_Id="884">
<LocList>
<Loc EndOffset="19786" SrcFileId="2" StartOffset="19753"/>
</LocList>
</BasicStmnt>
<BasicStmnt CovItemId="S377" CovItemPrefix="org.jfree.data.DefaultKeyedValuesTest.java" Intrnl_Id="885">
<LocList>
<Loc EndOffset="19822" SrcFileId="2" StartOffset="19789"/>
</LocList>
</BasicStmnt>
<BasicStmnt CovItemId="S378" CovItemPrefix="org.jfree.data.DefaultKeyedValuesTest.java" Intrnl_Id="886">
<LocList>
<Loc EndOffset="19861" SrcFileId="2" StartOffset="19825"/>
</LocList>
</BasicStmnt>
<BasicStmnt CovItemId="S379" CovItemPrefix="org.jfree.data.DefaultKeyedValuesTest.java" Intrnl_Id="887">
<LocList>
<Loc EndOffset="19900" SrcFileId="2" StartOffset="19864"/>
</LocList>
</BasicStmnt>
<BasicStmnt CovItemId="S380" CovItemPrefix="org.jfree.data.DefaultKeyedValuesTest.java" Intrnl_Id="888">
<LocList>
<Loc EndOffset="19949" SrcFileId="2" StartOffset="19906"/>
</LocList>
</BasicStmnt>
<BasicStmnt CovItemId="S381" CovItemPrefix="org.jfree.data.DefaultKeyedValuesTest.java" Intrnl_Id="889">
<LocList>
<Loc EndOffset="19989" SrcFileId="2" StartOffset="19952"/>
</LocList>
</BasicStmnt>
</StmntSeq>
</HierarchyLvl>
<HierarchyLvl HierarchyLvlId="1010" HierarchyLvlTypeId="7" Intrnl_Id="890" Name="testSortByValues_allNullValues">
<Header>
<Loc EndOffset="20082" SrcFileId="2" StartOffset="19996"/>
</Header>
<LocList>
<Loc EndOffset="20501" SrcFileId="2" StartOffset="19996"/>
</LocList>
<StmntSeq Intrnl_Id="891">
<LocList>
<Loc EndOffset="20141" SrcFileId="2" StartOffset="20087"/>
<Loc EndOffset="20180" SrcFileId="2" StartOffset="20144"/>
<Loc EndOffset="20219" SrcFileId="2" StartOffset="20183"/>
<Loc EndOffset="20258" SrcFileId="2" StartOffset="20222"/>
<Loc EndOffset="20297" SrcFileId="2" StartOffset="20261"/>
<Loc EndOffset="20336" SrcFileId="2" StartOffset="20300"/>
<Loc EndOffset="20409" SrcFileId="2" StartOffset="20342"/>
<Loc EndOffset="20458" SrcFileId="2" StartOffset="20415"/>
<Loc EndOffset="20498" SrcFileId="2" StartOffset="20461"/>
</LocList>
<BasicStmnt CovItemId="S382" CovItemPrefix="org.jfree.data.DefaultKeyedValuesTest.java" Intrnl_Id="892">
<LocList>
<Loc EndOffset="20141" SrcFileId="2" StartOffset="20087"/>
</LocList>
</BasicStmnt>
<BasicStmnt CovItemId="S383" CovItemPrefix="org.jfree.data.DefaultKeyedValuesTest.java" Intrnl_Id="893">
<LocList>
<Loc EndOffset="20180" SrcFileId="2" StartOffset="20144"/>
</LocList>
</BasicStmnt>
<BasicStmnt CovItemId="S384" CovItemPrefix="org.jfree.data.DefaultKeyedValuesTest.java" Intrnl_Id="894">
<LocList>
<Loc EndOffset="20219" SrcFileId="2" StartOffset="20183"/>
</LocList>
</BasicStmnt>
<BasicStmnt CovItemId="S385" CovItemPrefix="org.jfree.data.DefaultKeyedValuesTest.java" Intrnl_Id="895">
<LocList>
<Loc EndOffset="20258" SrcFileId="2" StartOffset="20222"/>
</LocList>
</BasicStmnt>
<BasicStmnt CovItemId="S386" CovItemPrefix="org.jfree.data.DefaultKeyedValuesTest.java" Intrnl_Id="896">
<LocList>
<Loc EndOffset="20297" SrcFileId="2" StartOffset="20261"/>
</LocList>
</BasicStmnt>
<BasicStmnt CovItemId="S387" CovItemPrefix="org.jfree.data.DefaultKeyedValuesTest.java" Intrnl_Id="897">
<LocList>
<Loc EndOffset="20336" SrcFileId="2" StartOffset="20300"/>
</LocList>
</BasicStmnt>
<BasicStmnt CovItemId="S388" CovItemPrefix="org.jfree.data.DefaultKeyedValuesTest.java" Intrnl_Id="898">
<LocList>
<Loc EndOffset="20409" SrcFileId="2" StartOffset="20342"/>
</LocList>
</BasicStmnt>
<BasicStmnt CovItemId="S389" CovItemPrefix="org.jfree.data.DefaultKeyedValuesTest.java" Intrnl_Id="899">
<LocList>
<Loc EndOffset="20458" SrcFileId="2" StartOffset="20415"/>
</LocList>
</BasicStmnt>
<BasicStmnt CovItemId="S390" CovItemPrefix="org.jfree.data.DefaultKeyedValuesTest.java" Intrnl_Id="900">
<LocList>
<Loc EndOffset="20498" SrcFileId="2" StartOffset="20461"/>
</LocList>
</BasicStmnt>
</StmntSeq>
</HierarchyLvl>
<HierarchyLvl HierarchyLvlId="1011" HierarchyLvlTypeId="7" Intrnl_Id="901" Name="testEquals_twoEqualObjects">
<Header>
<Loc EndOffset="20609" SrcFileId="2" StartOffset="20528"/>
</Header>
<LocList>
<Loc EndOffset="20975" SrcFileId="2" StartOffset="20528"/>
</LocList>
<StmntSeq Intrnl_Id="902">
<LocList>
<Loc EndOffset="20669" SrcFileId="2" StartOffset="20614"/>
<Loc EndOffset="20706" SrcFileId="2" StartOffset="20672"/>
<Loc EndOffset="20743" SrcFileId="2" StartOffset="20709"/>
<Loc EndOffset="20780" SrcFileId="2" StartOffset="20746"/>
<Loc EndOffset="20817" SrcFileId="2" StartOffset="20783"/>
<Loc EndOffset="20854" SrcFileId="2" StartOffset="20820"/>
<Loc EndOffset="20928" SrcFileId="2" StartOffset="20860"/>
<Loc EndOffset="20972" SrcFileId="2" StartOffset="20934"/>
</LocList>
<BasicStmnt CovItemId="S391" CovItemPrefix="org.jfree.data.DefaultKeyedValuesTest.java" Intrnl_Id="903">
<LocList>
<Loc EndOffset="20669" SrcFileId="2" StartOffset="20614"/>
</LocList>
</BasicStmnt>
<BasicStmnt CovItemId="S392" CovItemPrefix="org.jfree.data.DefaultKeyedValuesTest.java" Intrnl_Id="904">
<LocList>
<Loc EndOffset="20706" SrcFileId="2" StartOffset="20672"/>
</LocList>
</BasicStmnt>
<BasicStmnt CovItemId="S393" CovItemPrefix="org.jfree.data.DefaultKeyedValuesTest.java" Intrnl_Id="905">
<LocList>
<Loc EndOffset="20743" SrcFileId="2" StartOffset="20709"/>
</LocList>
</BasicStmnt>
<BasicStmnt CovItemId="S394" CovItemPrefix="org.jfree.data.DefaultKeyedValuesTest.java" Intrnl_Id="906">
<LocList>
<Loc EndOffset="20780" SrcFileId="2" StartOffset="20746"/>
</LocList>
</BasicStmnt>
<BasicStmnt CovItemId="S395" CovItemPrefix="org.jfree.data.DefaultKeyedValuesTest.java" Intrnl_Id="907">
<LocList>
<Loc EndOffset="20817" SrcFileId="2" StartOffset="20783"/>
</LocList>
</BasicStmnt>
<BasicStmnt CovItemId="S396" CovItemPrefix="org.jfree.data.DefaultKeyedValuesTest.java" Intrnl_Id="908">
<LocList>
<Loc EndOffset="20854" SrcFileId="2" StartOffset="20820"/>
</LocList>
</BasicStmnt>
<BasicStmnt CovItemId="S397" CovItemPrefix="org.jfree.data.DefaultKeyedValuesTest.java" Intrnl_Id="909">
<LocList>
<Loc EndOffset="20928" SrcFileId="2" StartOffset="20860"/>
</LocList>
</BasicStmnt>
<BasicStmnt CovItemId="S398" CovItemPrefix="org.jfree.data.DefaultKeyedValuesTest.java" Intrnl_Id="910">
<LocList>
<Loc EndOffset="20972" SrcFileId="2" StartOffset="20934"/>
</LocList>
</BasicStmnt>
</StmntSeq>
</HierarchyLvl>
<HierarchyLvl HierarchyLvlId="1012" HierarchyLvlTypeId="7" Intrnl_Id="911" Name="testEquals_oneValueDifferent">
<Header>
<Loc EndOffset="21062" SrcFileId="2" StartOffset="20979"/>
</Header>
<LocList>
<Loc EndOffset="21469" SrcFileId="2" StartOffset="20979"/>
</LocList>
<StmntSeq Intrnl_Id="912">
<LocList>
<Loc EndOffset="21122" SrcFileId="2" StartOffset="21067"/>
<Loc EndOffset="21159" SrcFileId="2" StartOffset="21125"/>
<Loc EndOffset="21196" SrcFileId="2" StartOffset="21162"/>
<Loc EndOffset="21233" SrcFileId="2" StartOffset="21199"/>
<Loc EndOffset="21270" SrcFileId="2" StartOffset="21236"/>
<Loc EndOffset="21307" SrcFileId="2" StartOffset="21273"/>
<Loc EndOffset="21381" SrcFileId="2" StartOffset="21313"/>
<Loc EndOffset="21421" SrcFileId="2" StartOffset="21387"/>
<Loc EndOffset="21466" SrcFileId="2" StartOffset="21427"/>
</LocList>
<BasicStmnt CovItemId="S399" CovItemPrefix="org.jfree.data.DefaultKeyedValuesTest.java" Intrnl_Id="913">
<LocList>
<Loc EndOffset="21122" SrcFileId="2" StartOffset="21067"/>
</LocList>
</BasicStmnt>
<BasicStmnt CovItemId="S400" CovItemPrefix="org.jfree.data.DefaultKeyedValuesTest.java" Intrnl_Id="914">
<LocList>
<Loc EndOffset="21159" SrcFileId="2" StartOffset="21125"/>
</LocList>
</BasicStmnt>
<BasicStmnt CovItemId="S401" CovItemPrefix="org.jfree.data.DefaultKeyedValuesTest.java" Intrnl_Id="915">
<LocList>
<Loc EndOffset="21196" SrcFileId="2" StartOffset="21162"/>
</LocList>
</BasicStmnt>
<BasicStmnt CovItemId="S402" CovItemPrefix="org.jfree.data.DefaultKeyedValuesTest.java" Intrnl_Id="916">
<LocList>
<Loc EndOffset="21233" SrcFileId="2" StartOffset="21199"/>
</LocList>
</BasicStmnt>
<BasicStmnt CovItemId="S403" CovItemPrefix="org.jfree.data.DefaultKeyedValuesTest.java" Intrnl_Id="917">
<LocList>
<Loc EndOffset="21270" SrcFileId="2" StartOffset="21236"/>
</LocList>
</BasicStmnt>
<BasicStmnt CovItemId="S404" CovItemPrefix="org.jfree.data.DefaultKeyedValuesTest.java" Intrnl_Id="918">
<LocList>
<Loc EndOffset="21307" SrcFileId="2" StartOffset="21273"/>
</LocList>
</BasicStmnt>
<BasicStmnt CovItemId="S405" CovItemPrefix="org.jfree.data.DefaultKeyedValuesTest.java" Intrnl_Id="919">
<LocList>
<Loc EndOffset="21381" SrcFileId="2" StartOffset="21313"/>
</LocList>
</BasicStmnt>
<BasicStmnt CovItemId="S406" CovItemPrefix="org.jfree.data.DefaultKeyedValuesTest.java" Intrnl_Id="920">
<LocList>
<Loc EndOffset="21421" SrcFileId="2" StartOffset="21387"/>
</LocList>
</BasicStmnt>
<BasicStmnt CovItemId="S407" CovItemPrefix="org.jfree.data.DefaultKeyedValuesTest.java" Intrnl_Id="921">
<LocList>
<Loc EndOffset="21466" SrcFileId="2" StartOffset="21427"/>
</LocList>
</BasicStmnt>
</StmntSeq>
</HierarchyLvl>
<HierarchyLvl HierarchyLvlId="1013" HierarchyLvlTypeId="7" Intrnl_Id="922" Name="testEquals_oneKeyDifferent">
<Header>
<Loc EndOffset="21554" SrcFileId="2" StartOffset="21473"/>
</Header>
<LocList>
<Loc EndOffset="21996" SrcFileId="2" StartOffset="21473"/>
</LocList>
<StmntSeq Intrnl_Id="923">
<LocList>
<Loc EndOffset="21614" SrcFileId="2" StartOffset="21559"/>
<Loc EndOffset="21651" SrcFileId="2" StartOffset="21617"/>
<Loc EndOffset="21688" SrcFileId="2" StartOffset="21654"/>
<Loc EndOffset="21725" SrcFileId="2" StartOffset="21691"/>
<Loc EndOffset="21762" SrcFileId="2" StartOffset="21728"/>
<Loc EndOffset="21799" SrcFileId="2" StartOffset="21765"/>
<Loc EndOffset="21873" SrcFileId="2" StartOffset="21805"/>
<Loc EndOffset="21912" SrcFileId="2" StartOffset="21879"/>
<Loc EndOffset="21948" SrcFileId="2" StartOffset="21915"/>
<Loc EndOffset="21993" SrcFileId="2" StartOffset="21954"/>
</LocList>
<BasicStmnt CovItemId="S408" CovItemPrefix="org.jfree.data.DefaultKeyedValuesTest.java" Intrnl_Id="924">
<LocList>
<Loc EndOffset="21614" SrcFileId="2" StartOffset="21559"/>
</LocList>
</BasicStmnt>
<BasicStmnt CovItemId="S409" CovItemPrefix="org.jfree.data.DefaultKeyedValuesTest.java" Intrnl_Id="925">
<LocList>
<Loc EndOffset="21651" SrcFileId="2" StartOffset="21617"/>
</LocList>
</BasicStmnt>
<BasicStmnt CovItemId="S410" CovItemPrefix="org.jfree.data.DefaultKeyedValuesTest.java" Intrnl_Id="926">
<LocList>
<Loc EndOffset="21688" SrcFileId="2" StartOffset="21654"/>
</LocList>
</BasicStmnt>
<BasicStmnt CovItemId="S411" CovItemPrefix="org.jfree.data.DefaultKeyedValuesTest.java" Intrnl_Id="927">
<LocList>
<Loc EndOffset="21725" SrcFileId="2" StartOffset="21691"/>
</LocList>
</BasicStmnt>
<BasicStmnt CovItemId="S412" CovItemPrefix="org.jfree.data.DefaultKeyedValuesTest.java" Intrnl_Id="928">
<LocList>
<Loc EndOffset="21762" SrcFileId="2" StartOffset="21728"/>
</LocList>
</BasicStmnt>
<BasicStmnt CovItemId="S413" CovItemPrefix="org.jfree.data.DefaultKeyedValuesTest.java" Intrnl_Id="929">
<LocList>
<Loc EndOffset="21799" SrcFileId="2" StartOffset="21765"/>
</LocList>
</BasicStmnt>
<BasicStmnt CovItemId="S414" CovItemPrefix="org.jfree.data.DefaultKeyedValuesTest.java" Intrnl_Id="930">
<LocList>
<Loc EndOffset="21873" SrcFileId="2" StartOffset="21805"/>
</LocList>
</BasicStmnt>
<BasicStmnt CovItemId="S415" CovItemPrefix="org.jfree.data.DefaultKeyedValuesTest.java" Intrnl_Id="931">
<LocList>
<Loc EndOffset="21912" SrcFileId="2" StartOffset="21879"/>
</LocList>
</BasicStmnt>
<BasicStmnt CovItemId="S416" CovItemPrefix="org.jfree.data.DefaultKeyedValuesTest.java" Intrnl_Id="932">
<LocList>
<Loc EndOffset="21948" SrcFileId="2" StartOffset="21915"/>
</LocList>
</BasicStmnt>
<BasicStmnt CovItemId="S417" CovItemPrefix="org.jfree.data.DefaultKeyedValuesTest.java" Intrnl_Id="933">
<LocList>
<Loc EndOffset="21993" SrcFileId="2" StartOffset="21954"/>
</LocList>
</BasicStmnt>
</StmntSeq>
</HierarchyLvl>
<HierarchyLvl HierarchyLvlId="1014" HierarchyLvlTypeId="7" Intrnl_Id="934" Name="testEquals_noSimilarValues">
<Header>
<Loc EndOffset="22047" SrcFileId="2" StartOffset="22000"/>
</Header>
<LocList>
<Loc EndOffset="22589" SrcFileId="2" StartOffset="22000"/>
</LocList>
<StmntSeq Intrnl_Id="935">
<LocList>
<Loc EndOffset="22107" SrcFileId="2" StartOffset="22052"/>
<Loc EndOffset="22144" SrcFileId="2" StartOffset="22110"/>
<Loc EndOffset="22181" SrcFileId="2" StartOffset="22147"/>
<Loc EndOffset="22218" SrcFileId="2" StartOffset="22184"/>
<Loc EndOffset="22255" SrcFileId="2" StartOffset="22221"/>
<Loc EndOffset="22292" SrcFileId="2" StartOffset="22258"/>
<Loc EndOffset="22353" SrcFileId="2" StartOffset="22298"/>
<Loc EndOffset="22393" SrcFileId="2" StartOffset="22359"/>
<Loc EndOffset="22430" SrcFileId="2" StartOffset="22396"/>
<Loc EndOffset="22467" SrcFileId="2" StartOffset="22433"/>
<Loc EndOffset="22504" SrcFileId="2" StartOffset="22470"/>
<Loc EndOffset="22541" SrcFileId="2" StartOffset="22507"/>
<Loc EndOffset="22586" SrcFileId="2" StartOffset="22547"/>
</LocList>
<BasicStmnt CovItemId="S418" CovItemPrefix="org.jfree.data.DefaultKeyedValuesTest.java" Intrnl_Id="936">
<LocList>
<Loc EndOffset="22107" SrcFileId="2" StartOffset="22052"/>
</LocList>
</BasicStmnt>
<BasicStmnt CovItemId="S419" CovItemPrefix="org.jfree.data.DefaultKeyedValuesTest.java" Intrnl_Id="937">
<LocList>
<Loc EndOffset="22144" SrcFileId="2" StartOffset="22110"/>
</LocList>
</BasicStmnt>
<BasicStmnt CovItemId="S420" CovItemPrefix="org.jfree.data.DefaultKeyedValuesTest.java" Intrnl_Id="938">
<LocList>
<Loc EndOffset="22181" SrcFileId="2" StartOffset="22147"/>
</LocList>
</BasicStmnt>
<BasicStmnt CovItemId="S421" CovItemPrefix="org.jfree.data.DefaultKeyedValuesTest.java" Intrnl_Id="939">
<LocList>
<Loc EndOffset="22218" SrcFileId="2" StartOffset="22184"/>
</LocList>
</BasicStmnt>
<BasicStmnt CovItemId="S422" CovItemPrefix="org.jfree.data.DefaultKeyedValuesTest.java" Intrnl_Id="940">
<LocList>
<Loc EndOffset="22255" SrcFileId="2" StartOffset="22221"/>
</LocList>
</BasicStmnt>
<BasicStmnt CovItemId="S423" CovItemPrefix="org.jfree.data.DefaultKeyedValuesTest.java" Intrnl_Id="941">
<LocList>
<Loc EndOffset="22292" SrcFileId="2" StartOffset="22258"/>
</LocList>
</BasicStmnt>
<BasicStmnt CovItemId="S424" CovItemPrefix="org.jfree.data.DefaultKeyedValuesTest.java" Intrnl_Id="942">
<LocList>
<Loc EndOffset="22353" SrcFileId="2" StartOffset="22298"/>
</LocList>
</BasicStmnt>
<BasicStmnt CovItemId="S425" CovItemPrefix="org.jfree.data.DefaultKeyedValuesTest.java" Intrnl_Id="943">
<LocList>
<Loc EndOffset="22393" SrcFileId="2" StartOffset="22359"/>
</LocList>
</BasicStmnt>
<BasicStmnt CovItemId="S426" CovItemPrefix="org.jfree.data.DefaultKeyedValuesTest.java" Intrnl_Id="944">
<LocList>
<Loc EndOffset="22430" SrcFileId="2" StartOffset="22396"/>
</LocList>
</BasicStmnt>
<BasicStmnt CovItemId="S427" CovItemPrefix="org.jfree.data.DefaultKeyedValuesTest.java" Intrnl_Id="945">
<LocList>
<Loc EndOffset="22467" SrcFileId="2" StartOffset="22433"/>
</LocList>
</BasicStmnt>
<BasicStmnt CovItemId="S428" CovItemPrefix="org.jfree.data.DefaultKeyedValuesTest.java" Intrnl_Id="946">
<LocList>
<Loc EndOffset="22504" SrcFileId="2" StartOffset="22470"/>
</LocList>
</BasicStmnt>
<BasicStmnt CovItemId="S429" CovItemPrefix="org.jfree.data.DefaultKeyedValuesTest.java" Intrnl_Id="947">
<LocList>
<Loc EndOffset="22541" SrcFileId="2" StartOffset="22507"/>
</LocList>
</BasicStmnt>
<BasicStmnt CovItemId="S430" CovItemPrefix="org.jfree.data.DefaultKeyedValuesTest.java" Intrnl_Id="948">
<LocList>
<Loc EndOffset="22586" SrcFileId="2" StartOffset="22547"/>
</LocList>
</BasicStmnt>
</StmntSeq>
</HierarchyLvl>
<HierarchyLvl HierarchyLvlId="1015" HierarchyLvlTypeId="7" Intrnl_Id="949" Name="testEquals_noSimilarKeys">
<Header>
<Loc EndOffset="22638" SrcFileId="2" StartOffset="22593"/>
</Header>
<LocList>
<Loc EndOffset="23180" SrcFileId="2" StartOffset="22593"/>
</LocList>
<StmntSeq Intrnl_Id="950">
<LocList>
<Loc EndOffset="22698" SrcFileId="2" StartOffset="22643"/>
<Loc EndOffset="22735" SrcFileId="2" StartOffset="22701"/>
<Loc EndOffset="22772" SrcFileId="2" StartOffset="22738"/>
<Loc EndOffset="22809" SrcFileId="2" StartOffset="22775"/>
<Loc EndOffset="22846" SrcFileId="2" StartOffset="22812"/>
<Loc EndOffset="22883" SrcFileId="2" StartOffset="22849"/>
<Loc EndOffset="22944" SrcFileId="2" StartOffset="22889"/>
<Loc EndOffset="22984" SrcFileId="2" StartOffset="22950"/>
<Loc EndOffset="23021" SrcFileId="2" StartOffset="22987"/>
<Loc EndOffset="23058" SrcFileId="2" StartOffset="23024"/>
<Loc EndOffset="23095" SrcFileId="2" StartOffset="23061"/>
<Loc EndOffset="23132" SrcFileId="2" StartOffset="23098"/>
<Loc EndOffset="23177" SrcFileId="2" StartOffset="23138"/>
</LocList>
<BasicStmnt CovItemId="S431" CovItemPrefix="org.jfree.data.DefaultKeyedValuesTest.java" Intrnl_Id="951">
<LocList>
<Loc EndOffset="22698" SrcFileId="2" StartOffset="22643"/>
</LocList>
</BasicStmnt>
<BasicStmnt CovItemId="S432" CovItemPrefix="org.jfree.data.DefaultKeyedValuesTest.java" Intrnl_Id="952">
<LocList>
<Loc EndOffset="22735" SrcFileId="2" StartOffset="22701"/>
</LocList>
</BasicStmnt>
<BasicStmnt CovItemId="S433" CovItemPrefix="org.jfree.data.DefaultKeyedValuesTest.java" Intrnl_Id="953">
<LocList>
<Loc EndOffset="22772" SrcFileId="2" StartOffset="22738"/>
</LocList>
</BasicStmnt>
<BasicStmnt CovItemId="S434" CovItemPrefix="org.jfree.data.DefaultKeyedValuesTest.java" Intrnl_Id="954">
<LocList>
<Loc EndOffset="22809" SrcFileId="2" StartOffset="22775"/>
</LocList>
</BasicStmnt>
<BasicStmnt CovItemId="S435" CovItemPrefix="org.jfree.data.DefaultKeyedValuesTest.java" Intrnl_Id="955">
<LocList>
<Loc EndOffset="22846" SrcFileId="2" StartOffset="22812"/>
</LocList>
</BasicStmnt>
<BasicStmnt CovItemId="S436" CovItemPrefix="org.jfree.data.DefaultKeyedValuesTest.java" Intrnl_Id="956">
<LocList>
<Loc EndOffset="22883" SrcFileId="2" StartOffset="22849"/>
</LocList>
</BasicStmnt>
<BasicStmnt CovItemId="S437" CovItemPrefix="org.jfree.data.DefaultKeyedValuesTest.java" Intrnl_Id="957">
<LocList>
<Loc EndOffset="22944" SrcFileId="2" StartOffset="22889"/>
</LocList>
</BasicStmnt>
<BasicStmnt CovItemId="S438" CovItemPrefix="org.jfree.data.DefaultKeyedValuesTest.java" Intrnl_Id="958">
<LocList>
<Loc EndOffset="22984" SrcFileId="2" StartOffset="22950"/>
</LocList>
</BasicStmnt>
<BasicStmnt CovItemId="S439" CovItemPrefix="org.jfree.data.DefaultKeyedValuesTest.java" Intrnl_Id="959">
<LocList>
<Loc EndOffset="23021" SrcFileId="2" StartOffset="22987"/>
</LocList>
</BasicStmnt>
<BasicStmnt CovItemId="S440" CovItemPrefix="org.jfree.data.DefaultKeyedValuesTest.java" Intrnl_Id="960">
<LocList>
<Loc EndOffset="23058" SrcFileId="2" StartOffset="23024"/>
</LocList>
</BasicStmnt>
<BasicStmnt CovItemId="S441" CovItemPrefix="org.jfree.data.DefaultKeyedValuesTest.java" Intrnl_Id="961">
<LocList>
<Loc EndOffset="23095" SrcFileId="2" StartOffset="23061"/>
</LocList>
</BasicStmnt>
<BasicStmnt CovItemId="S442" CovItemPrefix="org.jfree.data.DefaultKeyedValuesTest.java" Intrnl_Id="962">
<LocList>
<Loc EndOffset="23132" SrcFileId="2" StartOffset="23098"/>
</LocList>
</BasicStmnt>
<BasicStmnt CovItemId="S443" CovItemPrefix="org.jfree.data.DefaultKeyedValuesTest.java" Intrnl_Id="963">
<LocList>
<Loc EndOffset="23177" SrcFileId="2" StartOffset="23138"/>
</LocList>
</BasicStmnt>
</StmntSeq>
</HierarchyLvl>
<HierarchyLvl HierarchyLvlId="1016" HierarchyLvlTypeId="7" Intrnl_Id="964" Name="testEquals_noSimilarities">
<Header>
<Loc EndOffset="23230" SrcFileId="2" StartOffset="23184"/>
</Header>
<LocList>
<Loc EndOffset="23772" SrcFileId="2" StartOffset="23184"/>
</LocList>
<StmntSeq Intrnl_Id="965">
<LocList>
<Loc EndOffset="23290" SrcFileId="2" StartOffset="23235"/>
<Loc EndOffset="23327" SrcFileId="2" StartOffset="23293"/>
<Loc EndOffset="23364" SrcFileId="2" StartOffset="23330"/>
<Loc EndOffset="23401" SrcFileId="2" StartOffset="23367"/>
<Loc EndOffset="23438" SrcFileId="2" StartOffset="23404"/>
<Loc EndOffset="23475" SrcFileId="2" StartOffset="23441"/>
<Loc EndOffset="23536" SrcFileId="2" StartOffset="23481"/>
<Loc EndOffset="23576" SrcFileId="2" StartOffset="23542"/>
<Loc EndOffset="23613" SrcFileId="2" StartOffset="23579"/>
<Loc EndOffset="23650" SrcFileId="2" StartOffset="23616"/>
<Loc EndOffset="23687" SrcFileId="2" StartOffset="23653"/>
<Loc EndOffset="23724" SrcFileId="2" StartOffset="23690"/>
<Loc EndOffset="23769" SrcFileId="2" StartOffset="23730"/>
</LocList>
<BasicStmnt CovItemId="S444" CovItemPrefix="org.jfree.data.DefaultKeyedValuesTest.java" Intrnl_Id="966">
<LocList>
<Loc EndOffset="23290" SrcFileId="2" StartOffset="23235"/>
</LocList>
</BasicStmnt>
<BasicStmnt CovItemId="S445" CovItemPrefix="org.jfree.data.DefaultKeyedValuesTest.java" Intrnl_Id="967">
<LocList>
<Loc EndOffset="23327" SrcFileId="2" StartOffset="23293"/>
</LocList>
</BasicStmnt>
<BasicStmnt CovItemId="S446" CovItemPrefix="org.jfree.data.DefaultKeyedValuesTest.java" Intrnl_Id="968">
<LocList>
<Loc EndOffset="23364" SrcFileId="2" StartOffset="23330"/>
</LocList>
</BasicStmnt>
<BasicStmnt CovItemId="S447" CovItemPrefix="org.jfree.data.DefaultKeyedValuesTest.java" Intrnl_Id="969">
<LocList>
<Loc EndOffset="23401" SrcFileId="2" StartOffset="23367"/>
</LocList>
</BasicStmnt>
<BasicStmnt CovItemId="S448" CovItemPrefix="org.jfree.data.DefaultKeyedValuesTest.java" Intrnl_Id="970">
<LocList>
<Loc EndOffset="23438" SrcFileId="2" StartOffset="23404"/>
</LocList>
</BasicStmnt>
<BasicStmnt CovItemId="S449" CovItemPrefix="org.jfree.data.DefaultKeyedValuesTest.java" Intrnl_Id="971">
<LocList>
<Loc EndOffset="23475" SrcFileId="2" StartOffset="23441"/>
</LocList>
</BasicStmnt>
<BasicStmnt CovItemId="S450" CovItemPrefix="org.jfree.data.DefaultKeyedValuesTest.java" Intrnl_Id="972">
<LocList>
<Loc EndOffset="23536" SrcFileId="2" StartOffset="23481"/>
</LocList>
</BasicStmnt>
<BasicStmnt CovItemId="S451" CovItemPrefix="org.jfree.data.DefaultKeyedValuesTest.java" Intrnl_Id="973">
<LocList>
<Loc EndOffset="23576" SrcFileId="2" StartOffset="23542"/>
</LocList>
</BasicStmnt>
<BasicStmnt CovItemId="S452" CovItemPrefix="org.jfree.data.DefaultKeyedValuesTest.java" Intrnl_Id="974">
<LocList>
<Loc EndOffset="23613" SrcFileId="2" StartOffset="23579"/>
</LocList>
</BasicStmnt>
<BasicStmnt CovItemId="S453" CovItemPrefix="org.jfree.data.DefaultKeyedValuesTest.java" Intrnl_Id="975">
<LocList>
<Loc EndOffset="23650" SrcFileId="2" StartOffset="23616"/>
</LocList>
</BasicStmnt>
<BasicStmnt CovItemId="S454" CovItemPrefix="org.jfree.data.DefaultKeyedValuesTest.java" Intrnl_Id="976">
<LocList>
<Loc EndOffset="23687" SrcFileId="2" StartOffset="23653"/>
</LocList>
</BasicStmnt>
<BasicStmnt CovItemId="S455" CovItemPrefix="org.jfree.data.DefaultKeyedValuesTest.java" Intrnl_Id="977">
<LocList>
<Loc EndOffset="23724" SrcFileId="2" StartOffset="23690"/>
</LocList>
</BasicStmnt>
<BasicStmnt CovItemId="S456" CovItemPrefix="org.jfree.data.DefaultKeyedValuesTest.java" Intrnl_Id="978">
<LocList>
<Loc EndOffset="23769" SrcFileId="2" StartOffset="23730"/>
</LocList>
</BasicStmnt>
</StmntSeq>
</HierarchyLvl>
<HierarchyLvl HierarchyLvlId="1017" HierarchyLvlTypeId="7" Intrnl_Id="979" Name="testClone_noValues">
<Header>
<Loc EndOffset="23955" SrcFileId="2" StartOffset="23882"/>
</Header>
<LocList>
<Loc EndOffset="24123" SrcFileId="2" StartOffset="23882"/>
</LocList>
<StmntSeq Intrnl_Id="980">
<LocList>
<Loc EndOffset="24014" SrcFileId="2" StartOffset="23960"/>
<Loc EndOffset="24080" SrcFileId="2" StartOffset="24017"/>
<Loc EndOffset="24120" SrcFileId="2" StartOffset="24086"/>
</LocList>
<BasicStmnt CovItemId="S457" CovItemPrefix="org.jfree.data.DefaultKeyedValuesTest.java" Intrnl_Id="981">
<LocList>
<Loc EndOffset="24014" SrcFileId="2" StartOffset="23960"/>
</LocList>
</BasicStmnt>
<BasicStmnt CovItemId="S458" CovItemPrefix="org.jfree.data.DefaultKeyedValuesTest.java" Intrnl_Id="982">
<LocList>
<Loc EndOffset="24080" SrcFileId="2" StartOffset="24017"/>
</LocList>
</BasicStmnt>
<BasicStmnt CovItemId="S459" CovItemPrefix="org.jfree.data.DefaultKeyedValuesTest.java" Intrnl_Id="983">
<LocList>
<Loc EndOffset="24120" SrcFileId="2" StartOffset="24086"/>
</LocList>
</BasicStmnt>
</StmntSeq>
</HierarchyLvl>
<HierarchyLvl HierarchyLvlId="1018" HierarchyLvlTypeId="7" Intrnl_Id="984" Name="testClone_fiveValues">
<Header>
<Loc EndOffset="24202" SrcFileId="2" StartOffset="24127"/>
</Header>
<LocList>
<Loc EndOffset="24446" SrcFileId="2" StartOffset="24127"/>
</LocList>
<StmntSeq Intrnl_Id="985">
<LocList>
<Loc EndOffset="24261" SrcFileId="2" StartOffset="24207"/>
<Loc EndOffset="24336" SrcFileId="2" StartOffset="24264"/>
<Loc EndOffset="24403" SrcFileId="2" StartOffset="24340"/>
<Loc EndOffset="24443" SrcFileId="2" StartOffset="24409"/>
</LocList>
<BasicStmnt CovItemId="S460" CovItemPrefix="org.jfree.data.DefaultKeyedValuesTest.java" Intrnl_Id="986">
<LocList>
<Loc EndOffset="24261" SrcFileId="2" StartOffset="24207"/>
</LocList>
</BasicStmnt>
<LoopStmnt CovItemId="S461" CovItemPrefix="org.jfree.data.DefaultKeyedValuesTest.java" Intrnl_Id="987" MltplExecId="L42-2" MltplExecPrefix="org.jfree.data.DefaultKeyedValuesTest.java" NvrExecId="L42-0" NvrExecPrefix="org.jfree.data.DefaultKeyedValuesTest.java" OnceExecutedId="L42-1" OnceExecutedPrefix="org.jfree.data.DefaultKeyedValuesTest.java" OptBodyExec="true">
<StmntSeq Intrnl_Id="988">
<LocList>
<Loc EndOffset="24332" SrcFileId="2" StartOffset="24296"/>
</LocList>
<BasicStmnt CovItemId="S462" CovItemPrefix="org.jfree.data.DefaultKeyedValuesTest.java" Intrnl_Id="989">
<LocList>
<Loc EndOffset="24332" SrcFileId="2" StartOffset="24296"/>
</LocList>
</BasicStmnt>
</StmntSeq>
<Keyword EndOffset="24267" SrcFileId="2" StartOffset="24264"/>
<LocList>
<Loc EndOffset="24336" SrcFileId="2" StartOffset="24264"/>
</LocList>
<RootTerm CovItemId="C42" CovItemPrefix="org.jfree.data.DefaultKeyedValuesTest.java" Intrnl_Id="990">
<BasicBoolTerm Intrnl_Id="991">
<LocList>
<Loc EndOffset="24284" SrcFileId="2" StartOffset="24279"/>
</LocList>
</BasicBoolTerm>
</RootTerm>
</LoopStmnt>
<BasicStmnt CovItemId="S463" CovItemPrefix="org.jfree.data.DefaultKeyedValuesTest.java" Intrnl_Id="992">
<LocList>
<Loc EndOffset="24403" SrcFileId="2" StartOffset="24340"/>
</LocList>
</BasicStmnt>
<BasicStmnt CovItemId="S464" CovItemPrefix="org.jfree.data.DefaultKeyedValuesTest.java" Intrnl_Id="993">
<LocList>
<Loc EndOffset="24443" SrcFileId="2" StartOffset="24409"/>
</LocList>
</BasicStmnt>
</StmntSeq>
</HierarchyLvl>
</HierarchyLvl>
<HierarchyLvl HierarchyLvlId="1025" HierarchyLvlTypeId="6" Intrnl_Id="994" Name="DataUtilities">
<Header>
<Loc EndOffset="2073" SrcFileId="3" StartOffset="2038"/>
</Header>
<LocList>
<Loc EndOffset="6916" SrcFileId="3" StartOffset="2038"/>
</LocList>
<HierarchyLvl HierarchyLvlId="1020" HierarchyLvlTypeId="7" Intrnl_Id="995" Name="calculateColumnTotal">
<Header>
<Loc EndOffset="2522" SrcFileId="3" StartOffset="2454"/>
</Header>
<LocList>
<Loc EndOffset="2825" SrcFileId="3" StartOffset="2454"/>
</LocList>
<StmntSeq Intrnl_Id="996">
<LocList>
<Loc EndOffset="2553" SrcFileId="3" StartOffset="2534"/>
<Loc EndOffset="2597" SrcFileId="3" StartOffset="2563"/>
<Loc EndOffset="2795" SrcFileId="3" StartOffset="2607"/>
<Loc EndOffset="2818" SrcFileId="3" StartOffset="2805"/>
</LocList>
<BasicStmnt CovItemId="S1" CovItemPrefix="org.jfree.data.DataUtilities.java" Intrnl_Id="997">
<LocList>
<Loc EndOffset="2553" SrcFileId="3" StartOffset="2534"/>
</LocList>
</BasicStmnt>
<BasicStmnt CovItemId="S2" CovItemPrefix="org.jfree.data.DataUtilities.java" Intrnl_Id="998">
<LocList>
<Loc EndOffset="2597" SrcFileId="3" StartOffset="2563"/>
</LocList>
</BasicStmnt>
<LoopStmnt CovItemId="S3" CovItemPrefix="org.jfree.data.DataUtilities.java" Intrnl_Id="999" MltplExecId="L1-2" MltplExecPrefix="org.jfree.data.DataUtilities.java" NvrExecId="L1-0" NvrExecPrefix="org.jfree.data.DataUtilities.java" OnceExecutedId="L1-1" OnceExecutedPrefix="org.jfree.data.DataUtilities.java" OptBodyExec="true">
<StmntSeq Intrnl_Id="1000">
<LocList>
<Loc EndOffset="2693" SrcFileId="3" StartOffset="2657"/>
<Loc EndOffset="2784" SrcFileId="3" StartOffset="2707"/>
</LocList>
<BasicStmnt CovItemId="S4" CovItemPrefix="org.jfree.data.DataUtilities.java" Intrnl_Id="1001">
<LocList>
<Loc EndOffset="2693" SrcFileId="3" StartOffset="2657"/>
</LocList>
</BasicStmnt>
<CondStmnt CovItemId="S5" CovItemPrefix="org.jfree.data.DataUtilities.java" Intrnl_Id="1002">
<Branch CovItemId="B1" CovItemPrefix="org.jfree.data.DataUtilities.java" Implct="false" Intrnl_Id="1003">
<Cond/>
<LocList>
<Loc EndOffset="2784" SrcFileId="3" StartOffset="2722"/>
</LocList>
<StmntSeq Intrnl_Id="1004">
<LocList>
<Loc EndOffset="2766" SrcFileId="3" StartOffset="2741"/>
</LocList>
<BasicStmnt CovItemId="S6" CovItemPrefix="org.jfree.data.DataUtilities.java" Intrnl_Id="1005">
<LocList>
<Loc EndOffset="2766" SrcFileId="3" StartOffset="2741"/>
</LocList>
</BasicStmnt>
</StmntSeq>
</Branch>
<Branch CovItemId="B2" CovItemPrefix="org.jfree.data.DataUtilities.java" Implct="true" Intrnl_Id="1006">
<Cond/>
<LocList/>
<StmntSeq Intrnl_Id="1007">
<LocList/>
</StmntSeq>
</Branch>
<Keyword EndOffset="2709" SrcFileId="3" StartOffset="2707"/>
<LocList>
<Loc EndOffset="2784" SrcFileId="3" StartOffset="2707"/>
</LocList>
<RootTerm CovItemId="C2" CovItemPrefix="org.jfree.data.DataUtilities.java" Intrnl_Id="1008">
<BasicBoolTerm Intrnl_Id="1009">
<LocList>
<Loc EndOffset="2720" SrcFileId="3" StartOffset="2711"/>
</LocList>
</BasicBoolTerm>
</RootTerm>
</CondStmnt>
</StmntSeq>
<Keyword EndOffset="2610" SrcFileId="3" StartOffset="2607"/>
<LocList>
<Loc EndOffset="2795" SrcFileId="3" StartOffset="2607"/>
</LocList>
<RootTerm CovItemId="C1" CovItemPrefix="org.jfree.data.DataUtilities.java" Intrnl_Id="1010">
<BasicBoolTerm Intrnl_Id="1011">
<LocList>
<Loc EndOffset="2635" SrcFileId="3" StartOffset="2623"/>
</LocList>
</BasicBoolTerm>
</RootTerm>
</LoopStmnt>
<BasicStmnt CovItemId="S7" CovItemPrefix="org.jfree.data.DataUtilities.java" Intrnl_Id="1012">
<LocList>
<Loc EndOffset="2818" SrcFileId="3" StartOffset="2805"/>
</LocList>
</BasicStmnt>
</StmntSeq>
</HierarchyLvl>
<HierarchyLvl HierarchyLvlId="1021" HierarchyLvlTypeId="7" Intrnl_Id="1013" Name="calculateRowTotal">
<Header>
<Loc EndOffset="3260" SrcFileId="3" StartOffset="3198"/>
</Header>
<LocList>
<Loc EndOffset="3569" SrcFileId="3" StartOffset="3198"/>
</LocList>
<StmntSeq Intrnl_Id="1014">
<LocList>
<Loc EndOffset="3291" SrcFileId="3" StartOffset="3272"/>
<Loc EndOffset="3341" SrcFileId="3" StartOffset="3301"/>
<Loc EndOffset="3539" SrcFileId="3" StartOffset="3351"/>
<Loc EndOffset="3562" SrcFileId="3" StartOffset="3549"/>
</LocList>
<BasicStmnt CovItemId="S8" CovItemPrefix="org.jfree.data.DataUtilities.java" Intrnl_Id="1015">
<LocList>
<Loc EndOffset="3291" SrcFileId="3" StartOffset="3272"/>
</LocList>
</BasicStmnt>
<BasicStmnt CovItemId="S9" CovItemPrefix="org.jfree.data.DataUtilities.java" Intrnl_Id="1016">
<LocList>
<Loc EndOffset="3341" SrcFileId="3" StartOffset="3301"/>
</LocList>
</BasicStmnt>
<LoopStmnt CovItemId="S10" CovItemPrefix="org.jfree.data.DataUtilities.java" Intrnl_Id="1017" MltplExecId="L2-2" MltplExecPrefix="org.jfree.data.DataUtilities.java" NvrExecId="L2-0" NvrExecPrefix="org.jfree.data.DataUtilities.java" OnceExecutedId="L2-1" OnceExecutedPrefix="org.jfree.data.DataUtilities.java" OptBodyExec="true">
<StmntSeq Intrnl_Id="1018">
<LocList>
<Loc EndOffset="3437" SrcFileId="3" StartOffset="3404"/>
<Loc EndOffset="3528" SrcFileId="3" StartOffset="3451"/>
</LocList>
<BasicStmnt CovItemId="S11" CovItemPrefix="org.jfree.data.DataUtilities.java" Intrnl_Id="1019">
<LocList>
<Loc EndOffset="3437" SrcFileId="3" StartOffset="3404"/>
</LocList>
</BasicStmnt>
<CondStmnt CovItemId="S12" CovItemPrefix="org.jfree.data.DataUtilities.java" Intrnl_Id="1020">
<Branch CovItemId="B3" CovItemPrefix="org.jfree.data.DataUtilities.java" Implct="false" Intrnl_Id="1021">
<Cond/>
<LocList>
<Loc EndOffset="3528" SrcFileId="3" StartOffset="3466"/>
</LocList>
<StmntSeq Intrnl_Id="1022">
<LocList>
<Loc EndOffset="3510" SrcFileId="3" StartOffset="3485"/>
</LocList>
<BasicStmnt CovItemId="S13" CovItemPrefix="org.jfree.data.DataUtilities.java" Intrnl_Id="1023">
<LocList>
<Loc EndOffset="3510" SrcFileId="3" StartOffset="3485"/>
</LocList>
</BasicStmnt>
</StmntSeq>
</Branch>
<Branch CovItemId="B4" CovItemPrefix="org.jfree.data.DataUtilities.java" Implct="true" Intrnl_Id="1024">
<Cond/>
<LocList/>
<StmntSeq Intrnl_Id="1025">
<LocList/>
</StmntSeq>
</Branch>
<Keyword EndOffset="3453" SrcFileId="3" StartOffset="3451"/>
<LocList>
<Loc EndOffset="3528" SrcFileId="3" StartOffset="3451"/>
</LocList>
<RootTerm CovItemId="C4" CovItemPrefix="org.jfree.data.DataUtilities.java" Intrnl_Id="1026">
<BasicBoolTerm Intrnl_Id="1027">
<LocList>
<Loc EndOffset="3464" SrcFileId="3" StartOffset="3455"/>
</LocList>
</BasicBoolTerm>
</RootTerm>
</CondStmnt>
</StmntSeq>
<Keyword EndOffset="3354" SrcFileId="3" StartOffset="3351"/>
<LocList>
<Loc EndOffset="3539" SrcFileId="3" StartOffset="3351"/>
</LocList>
<RootTerm CovItemId="C3" CovItemPrefix="org.jfree.data.DataUtilities.java" Intrnl_Id="1028">
<BasicBoolTerm Intrnl_Id="1029">
<LocList>
<Loc EndOffset="3382" SrcFileId="3" StartOffset="3367"/>
</LocList>
</BasicBoolTerm>
</RootTerm>
</LoopStmnt>
<BasicStmnt CovItemId="S14" CovItemPrefix="org.jfree.data.DataUtilities.java" Intrnl_Id="1030">
<LocList>
<Loc EndOffset="3562" SrcFileId="3" StartOffset="3549"/>
</LocList>
</BasicStmnt>
</StmntSeq>
</HierarchyLvl>
<HierarchyLvl HierarchyLvlId="1022" HierarchyLvlTypeId="7" Intrnl_Id="1031" Name="createNumberArray">
<Header>
<Loc EndOffset="3943" SrcFileId="3" StartOffset="3888"/>
</Header>
<LocList>
<Loc EndOffset="4251" SrcFileId="3" StartOffset="3888"/>
</LocList>
<StmntSeq Intrnl_Id="1032">
<LocList>
<Loc EndOffset="4062" SrcFileId="3" StartOffset="3955"/>
<Loc EndOffset="4114" SrcFileId="3" StartOffset="4072"/>
<Loc EndOffset="4220" SrcFileId="3" StartOffset="4124"/>
<Loc EndOffset="4244" SrcFileId="3" StartOffset="4230"/>
</LocList>
<CondStmnt CovItemId="S15" CovItemPrefix="org.jfree.data.DataUtilities.java" Intrnl_Id="1033">
<Branch CovItemId="B5" CovItemPrefix="org.jfree.data.DataUtilities.java" Implct="false" Intrnl_Id="1034">
<Cond/>
<LocList>
<Loc EndOffset="4062" SrcFileId="3" StartOffset="3973"/>
</LocList>
<StmntSeq Intrnl_Id="1035">
<LocList>
<Loc EndOffset="4048" SrcFileId="3" StartOffset="3988"/>
</LocList>
<BasicStmnt CovItemId="S16" CovItemPrefix="org.jfree.data.DataUtilities.java" Intrnl_Id="1036">
<LocList>
<Loc EndOffset="4048" SrcFileId="3" StartOffset="3988"/>
</LocList>
</BasicStmnt>
</StmntSeq>
</Branch>
<Branch CovItemId="B6" CovItemPrefix="org.jfree.data.DataUtilities.java" Implct="true" Intrnl_Id="1037">
<Cond/>
<LocList/>
<StmntSeq Intrnl_Id="1038">
<LocList/>
</StmntSeq>
</Branch>
<Keyword EndOffset="3957" SrcFileId="3" StartOffset="3955"/>
<LocList>
<Loc EndOffset="4062" SrcFileId="3" StartOffset="3955"/>
</LocList>
<RootTerm CovItemId="C5" CovItemPrefix="org.jfree.data.DataUtilities.java" Intrnl_Id="1039">
<BasicBoolTerm Intrnl_Id="1040">
<LocList>
<Loc EndOffset="3971" SrcFileId="3" StartOffset="3959"/>
</LocList>
</BasicBoolTerm>
</RootTerm>
</CondStmnt>
<BasicStmnt CovItemId="S17" CovItemPrefix="org.jfree.data.DataUtilities.java" Intrnl_Id="1041">
<LocList>
<Loc EndOffset="4114" SrcFileId="3" StartOffset="4072"/>
</LocList>
</BasicStmnt>
<LoopStmnt CovItemId="S18" CovItemPrefix="org.jfree.data.DataUtilities.java" Intrnl_Id="1042" MltplExecId="L3-2" MltplExecPrefix="org.jfree.data.DataUtilities.java" NvrExecId="L3-0" NvrExecPrefix="org.jfree.data.DataUtilities.java" OnceExecutedId="L3-1" OnceExecutedPrefix="org.jfree.data.DataUtilities.java" OptBodyExec="true">
<StmntSeq Intrnl_Id="1043">
<LocList>
<Loc EndOffset="4209" SrcFileId="3" StartOffset="4177"/>
</LocList>
<BasicStmnt CovItemId="S19" CovItemPrefix="org.jfree.data.DataUtilities.java" Intrnl_Id="1044">
<LocList>
<Loc EndOffset="4209" SrcFileId="3" StartOffset="4177"/>
</LocList>
</BasicStmnt>
</StmntSeq>
<Keyword EndOffset="4127" SrcFileId="3" StartOffset="4124"/>
<LocList>
<Loc EndOffset="4220" SrcFileId="3" StartOffset="4124"/>
</LocList>
<RootTerm CovItemId="C6" CovItemPrefix="org.jfree.data.DataUtilities.java" Intrnl_Id="1045">
<BasicBoolTerm Intrnl_Id="1046">
<LocList>
<Loc EndOffset="4155" SrcFileId="3" StartOffset="4140"/>
</LocList>
</BasicBoolTerm>
</RootTerm>
</LoopStmnt>
<BasicStmnt CovItemId="S20" CovItemPrefix="org.jfree.data.DataUtilities.java" Intrnl_Id="1047">
<LocList>
<Loc EndOffset="4244" SrcFileId="3" StartOffset="4230"/>
</LocList>
</BasicStmnt>
</StmntSeq>
</HierarchyLvl>
<HierarchyLvl HierarchyLvlId="1023" HierarchyLvlTypeId="7" Intrnl_Id="1048" Name="createNumberArray2D">
<Header>
<Loc EndOffset="4662" SrcFileId="3" StartOffset="4601"/>
</Header>
<LocList>
<Loc EndOffset="4994" SrcFileId="3" StartOffset="4601"/>
</LocList>
<StmntSeq Intrnl_Id="1049">
<LocList>
<Loc EndOffset="4781" SrcFileId="3" StartOffset="4674"/>
<Loc EndOffset="4812" SrcFileId="3" StartOffset="4791"/>
<Loc EndOffset="4859" SrcFileId="3" StartOffset="4822"/>
<Loc EndOffset="4963" SrcFileId="3" StartOffset="4869"/>
<Loc EndOffset="4987" SrcFileId="3" StartOffset="4973"/>
</LocList>
<CondStmnt CovItemId="S21" CovItemPrefix="org.jfree.data.DataUtilities.java" Intrnl_Id="1050">
<Branch CovItemId="B7" CovItemPrefix="org.jfree.data.DataUtilities.java" Implct="false" Intrnl_Id="1051">
<Cond/>
<LocList>
<Loc EndOffset="4781" SrcFileId="3" StartOffset="4692"/>
</LocList>
<StmntSeq Intrnl_Id="1052">
<LocList>
<Loc EndOffset="4767" SrcFileId="3" StartOffset="4707"/>
</LocList>
<BasicStmnt CovItemId="S22" CovItemPrefix="org.jfree.data.DataUtilities.java" Intrnl_Id="1053">
<LocList>
<Loc EndOffset="4767" SrcFileId="3" StartOffset="4707"/>
</LocList>
</BasicStmnt>
</StmntSeq>
</Branch>
<Branch CovItemId="B8" CovItemPrefix="org.jfree.data.DataUtilities.java" Implct="true" Intrnl_Id="1054">
<Cond/>
<LocList/>
<StmntSeq Intrnl_Id="1055">
<LocList/>
</StmntSeq>
</Branch>
<Keyword EndOffset="4676" SrcFileId="3" StartOffset="4674"/>
<LocList>
<Loc EndOffset="4781" SrcFileId="3" StartOffset="4674"/>
</LocList>
<RootTerm CovItemId="C7" CovItemPrefix="org.jfree.data.DataUtilities.java" Intrnl_Id="1056">
<BasicBoolTerm Intrnl_Id="1057">
<LocList>
<Loc EndOffset="4690" SrcFileId="3" StartOffset="4678"/>
</LocList>
</BasicBoolTerm>
</RootTerm>
</CondStmnt>
<BasicStmnt CovItemId="S23" CovItemPrefix="org.jfree.data.DataUtilities.java" Intrnl_Id="1058">
<LocList>
<Loc EndOffset="4812" SrcFileId="3" StartOffset="4791"/>
</LocList>
</BasicStmnt>
<BasicStmnt CovItemId="S24" CovItemPrefix="org.jfree.data.DataUtilities.java" Intrnl_Id="1059">
<LocList>
<Loc EndOffset="4859" SrcFileId="3" StartOffset="4822"/>
</LocList>
</BasicStmnt>
<LoopStmnt CovItemId="S25" CovItemPrefix="org.jfree.data.DataUtilities.java" Intrnl_Id="1060" MltplExecId="L4-2" MltplExecPrefix="org.jfree.data.DataUtilities.java" NvrExecId="L4-0" NvrExecPrefix="org.jfree.data.DataUtilities.java" OnceExecutedId="L4-1" OnceExecutedPrefix="org.jfree.data.DataUtilities.java" OptBodyExec="true">
<StmntSeq Intrnl_Id="1061">
<LocList>
<Loc EndOffset="4952" SrcFileId="3" StartOffset="4913"/>
</LocList>
<BasicStmnt CovItemId="S26" CovItemPrefix="org.jfree.data.DataUtilities.java" Intrnl_Id="1062">
<LocList>
<Loc EndOffset="4952" SrcFileId="3" StartOffset="4913"/>
</LocList>
</BasicStmnt>
</StmntSeq>
<Keyword EndOffset="4872" SrcFileId="3" StartOffset="4869"/>
<LocList>
<Loc EndOffset="4963" SrcFileId="3" StartOffset="4869"/>
</LocList>
<RootTerm CovItemId="C8" CovItemPrefix="org.jfree.data.DataUtilities.java" Intrnl_Id="1063">
<BasicBoolTerm Intrnl_Id="1064">
<LocList>
<Loc EndOffset="4891" SrcFileId="3" StartOffset="4885"/>
</LocList>
</BasicBoolTerm>
</RootTerm>
</LoopStmnt>
<BasicStmnt CovItemId="S27" CovItemPrefix="org.jfree.data.DataUtilities.java" Intrnl_Id="1065">
<LocList>
<Loc EndOffset="4987" SrcFileId="3" StartOffset="4973"/>
</LocList>
</BasicStmnt>
</StmntSeq>
</HierarchyLvl>
<HierarchyLvl HierarchyLvlId="1024" HierarchyLvlTypeId="7" Intrnl_Id="1066" Name="getCumulativePercentages">
<Header>
<Loc EndOffset="6122" SrcFileId="3" StartOffset="6054"/>
</Header>
<LocList>
<Loc EndOffset="6911" SrcFileId="3" StartOffset="6054"/>
</LocList>
<StmntSeq Intrnl_Id="1067">
<LocList>
<Loc EndOffset="6241" SrcFileId="3" StartOffset="6134"/>
<Loc EndOffset="6304" SrcFileId="3" StartOffset="6251"/>
<Loc EndOffset="6333" SrcFileId="3" StartOffset="6314"/>
<Loc EndOffset="6538" SrcFileId="3" StartOffset="6343"/>
<Loc EndOffset="6574" SrcFileId="3" StartOffset="6548"/>
<Loc EndOffset="6880" SrcFileId="3" StartOffset="6584"/>
<Loc EndOffset="6904" SrcFileId="3" StartOffset="6890"/>
</LocList>
<CondStmnt CovItemId="S28" CovItemPrefix="org.jfree.data.DataUtilities.java" Intrnl_Id="1068">
<Branch CovItemId="B9" CovItemPrefix="org.jfree.data.DataUtilities.java" Implct="false" Intrnl_Id="1069">
<Cond/>
<LocList>
<Loc EndOffset="6241" SrcFileId="3" StartOffset="6152"/>
</LocList>
<StmntSeq Intrnl_Id="1070">
<LocList>
<Loc EndOffset="6227" SrcFileId="3" StartOffset="6167"/>
</LocList>
<BasicStmnt CovItemId="S29" CovItemPrefix="org.jfree.data.DataUtilities.java" Intrnl_Id="1071">
<LocList>
<Loc EndOffset="6227" SrcFileId="3" StartOffset="6167"/>
</LocList>
</BasicStmnt>
</StmntSeq>
</Branch>
<Branch CovItemId="B10" CovItemPrefix="org.jfree.data.DataUtilities.java" Implct="true" Intrnl_Id="1072">
<Cond/>
<LocList/>
<StmntSeq Intrnl_Id="1073">
<LocList/>
</StmntSeq>
</Branch>
<Keyword EndOffset="6136" SrcFileId="3" StartOffset="6134"/>
<LocList>
<Loc EndOffset="6241" SrcFileId="3" StartOffset="6134"/>
</LocList>
<RootTerm CovItemId="C9" CovItemPrefix="org.jfree.data.DataUtilities.java" Intrnl_Id="1074">
<BasicBoolTerm Intrnl_Id="1075">
<LocList>
<Loc EndOffset="6150" SrcFileId="3" StartOffset="6138"/>
</LocList>
</BasicBoolTerm>
</RootTerm>
</CondStmnt>
<BasicStmnt CovItemId="S30" CovItemPrefix="org.jfree.data.DataUtilities.java" Intrnl_Id="1076">
<LocList>
<Loc EndOffset="6304" SrcFileId="3" StartOffset="6251"/>
</LocList>
</BasicStmnt>
<BasicStmnt CovItemId="S31" CovItemPrefix="org.jfree.data.DataUtilities.java" Intrnl_Id="1077">
<LocList>
<Loc EndOffset="6333" SrcFileId="3" StartOffset="6314"/>
</LocList>
</BasicStmnt>
<LoopStmnt CovItemId="S32" CovItemPrefix="org.jfree.data.DataUtilities.java" Intrnl_Id="1078" MltplExecId="L5-2" MltplExecPrefix="org.jfree.data.DataUtilities.java" NvrExecId="L5-0" NvrExecPrefix="org.jfree.data.DataUtilities.java" OnceExecutedId="L5-1" OnceExecutedPrefix="org.jfree.data.DataUtilities.java" OptBodyExec="true">
<StmntSeq Intrnl_Id="1079">
<LocList>
<Loc EndOffset="6432" SrcFileId="3" StartOffset="6404"/>
<Loc EndOffset="6527" SrcFileId="3" StartOffset="6446"/>
</LocList>
<BasicStmnt CovItemId="S33" CovItemPrefix="org.jfree.data.DataUtilities.java" Intrnl_Id="1080">
<LocList>
<Loc EndOffset="6432" SrcFileId="3" StartOffset="6404"/>
</LocList>
</BasicStmnt>
<CondStmnt CovItemId="S34" CovItemPrefix="org.jfree.data.DataUtilities.java" Intrnl_Id="1081">
<Branch CovItemId="B11" CovItemPrefix="org.jfree.data.DataUtilities.java" Implct="false" Intrnl_Id="1082">
<Cond/>
<LocList>
<Loc EndOffset="6527" SrcFileId="3" StartOffset="6461"/>
</LocList>
<StmntSeq Intrnl_Id="1083">
<LocList>
<Loc EndOffset="6512" SrcFileId="3" StartOffset="6480"/>
</LocList>
<BasicStmnt CovItemId="S35" CovItemPrefix="org.jfree.data.DataUtilities.java" Intrnl_Id="1084">
<LocList>
<Loc EndOffset="6512" SrcFileId="3" StartOffset="6480"/>
</LocList>
</BasicStmnt>
</StmntSeq>
</Branch>
<Branch CovItemId="B12" CovItemPrefix="org.jfree.data.DataUtilities.java" Implct="true" Intrnl_Id="1085">
<Cond/>
<LocList/>
<StmntSeq Intrnl_Id="1086">
<LocList/>
</StmntSeq>
</Branch>
<Keyword EndOffset="6448" SrcFileId="3" StartOffset="6446"/>
<LocList>
<Loc EndOffset="6527" SrcFileId="3" StartOffset="6446"/>
</LocList>
<RootTerm CovItemId="C11" CovItemPrefix="org.jfree.data.DataUtilities.java" Intrnl_Id="1087">
<BasicBoolTerm Intrnl_Id="1088">
<LocList>
<Loc EndOffset="6459" SrcFileId="3" StartOffset="6450"/>
</LocList>
</BasicBoolTerm>
</RootTerm>
</CondStmnt>
</StmntSeq>
<Keyword EndOffset="6346" SrcFileId="3" StartOffset="6343"/>
<LocList>
<Loc EndOffset="6538" SrcFileId="3" StartOffset="6343"/>
</LocList>
<RootTerm CovItemId="C10" CovItemPrefix="org.jfree.data.DataUtilities.java" Intrnl_Id="1089">
<BasicBoolTerm Intrnl_Id="1090">
<LocList>
<Loc EndOffset="6382" SrcFileId="3" StartOffset="6359"/>
</LocList>
</BasicBoolTerm>
</RootTerm>
</LoopStmnt>
<BasicStmnt CovItemId="S36" CovItemPrefix="org.jfree.data.DataUtilities.java" Intrnl_Id="1091">
<LocList>
<Loc EndOffset="6574" SrcFileId="3" StartOffset="6548"/>
</LocList>
</BasicStmnt>
<LoopStmnt CovItemId="S37" CovItemPrefix="org.jfree.data.DataUtilities.java" Intrnl_Id="1092" MltplExecId="L6-2" MltplExecPrefix="org.jfree.data.DataUtilities.java" NvrExecId="L6-0" NvrExecPrefix="org.jfree.data.DataUtilities.java" OnceExecutedId="L6-1" OnceExecutedPrefix="org.jfree.data.DataUtilities.java" OptBodyExec="true">
<StmntSeq Intrnl_Id="1093">
<LocList>
<Loc EndOffset="6673" SrcFileId="3" StartOffset="6645"/>
<Loc EndOffset="6789" SrcFileId="3" StartOffset="6687"/>
<Loc EndOffset="6869" SrcFileId="3" StartOffset="6803"/>
</LocList>
<BasicStmnt CovItemId="S38" CovItemPrefix="org.jfree.data.DataUtilities.java" Intrnl_Id="1094">
<LocList>
<Loc EndOffset="6673" SrcFileId="3" StartOffset="6645"/>
</LocList>
</BasicStmnt>
<CondStmnt CovItemId="S39" CovItemPrefix="org.jfree.data.DataUtilities.java" Intrnl_Id="1095">
<Branch CovItemId="B13" CovItemPrefix="org.jfree.data.DataUtilities.java" Implct="false" Intrnl_Id="1096">
<Cond/>
<LocList>
<Loc EndOffset="6789" SrcFileId="3" StartOffset="6702"/>
</LocList>
<StmntSeq Intrnl_Id="1097">
<LocList>
<Loc EndOffset="6774" SrcFileId="3" StartOffset="6721"/>
</LocList>
<BasicStmnt CovItemId="S40" CovItemPrefix="org.jfree.data.DataUtilities.java" Intrnl_Id="1098">
<LocList>
<Loc EndOffset="6774" SrcFileId="3" StartOffset="6721"/>
</LocList>
</BasicStmnt>
</StmntSeq>
</Branch>
<Branch CovItemId="B14" CovItemPrefix="org.jfree.data.DataUtilities.java" Implct="true" Intrnl_Id="1099">
<Cond/>
<LocList/>
<StmntSeq Intrnl_Id="1100">
<LocList/>
</StmntSeq>
</Branch>
<Keyword EndOffset="6689" SrcFileId="3" StartOffset="6687"/>
<LocList>
<Loc EndOffset="6789" SrcFileId="3" StartOffset="6687"/>
</LocList>
<RootTerm CovItemId="C13" CovItemPrefix="org.jfree.data.DataUtilities.java" Intrnl_Id="1101">
<BasicBoolTerm Intrnl_Id="1102">
<LocList>
<Loc EndOffset="6700" SrcFileId="3" StartOffset="6691"/>
</LocList>
</BasicBoolTerm>
</RootTerm>
</CondStmnt>
<BasicStmnt CovItemId="S41" CovItemPrefix="org.jfree.data.DataUtilities.java" Intrnl_Id="1103">
<LocList>
<Loc EndOffset="6869" SrcFileId="3" StartOffset="6803"/>
</LocList>
</BasicStmnt>
</StmntSeq>
<Keyword EndOffset="6587" SrcFileId="3" StartOffset="6584"/>
<LocList>
<Loc EndOffset="6880" SrcFileId="3" StartOffset="6584"/>
</LocList>
<RootTerm CovItemId="C12" CovItemPrefix="org.jfree.data.DataUtilities.java" Intrnl_Id="1104">
<BasicBoolTerm Intrnl_Id="1105">
<LocList>
<Loc EndOffset="6623" SrcFileId="3" StartOffset="6600"/>
</LocList>
</BasicBoolTerm>
</RootTerm>
</LoopStmnt>
<BasicStmnt CovItemId="S42" CovItemPrefix="org.jfree.data.DataUtilities.java" Intrnl_Id="1106">
<LocList>
<Loc EndOffset="6904" SrcFileId="3" StartOffset="6890"/>
</LocList>
</BasicStmnt>
</StmntSeq>
</HierarchyLvl>
</HierarchyLvl>
</HierarchyLvl>
</HierarchyLvl>
</HierarchyLvl>
</HierarchyLvl>
</MASTRoot>
</TestSessionContainer>
