<?xml version="1.0" encoding="UTF-8"?>
<TestSessionContainer xmlns="http://www.codecover.org/xml/testsession-container" Date="1329200735098" TestSessionContainerId="32feb7be-04ae-4899-88f3-fdd64bbfec1e" version="1.0">
<SrcFileList>
<SrcFile Content="/* ===========================================================&#13;&#10; * JFreeChart : a free chart library for the Java(tm) platform&#13;&#10; * ===========================================================&#13;&#10; *&#13;&#10; * (C) Copyright 2000-2006, by Object Refinery Limited and Contributors.&#13;&#10; *&#13;&#10; * Project Info:  http://www.jfree.org/jfreechart/index.html&#13;&#10; *&#13;&#10; * This library is free software; you can redistribute it and/or modify it &#13;&#10; * under the terms of the GNU Lesser General Public License as published by &#13;&#10; * the Free Software Foundation; either version 2.1 of the License, or &#13;&#10; * (at your option) any later version.&#13;&#10; *&#13;&#10; * This library is distributed in the hope that it will be useful, but &#13;&#10; * WITHOUT ANY WARRANTY; without even the implied warranty of MERCHANTABILITY &#13;&#10; * or FITNESS FOR A PARTICULAR PURPOSE. See the GNU Lesser General Public &#13;&#10; * License for more details.&#13;&#10; *&#13;&#10; * You should have received a copy of the GNU Lesser General Public&#13;&#10; * License along with this library; if not, write to the Free Software&#13;&#10; * Foundation, Inc., 51 Franklin Street, Fifth Floor, Boston, MA  02110-1301, &#13;&#10; * USA.  &#13;&#10; *&#13;&#10; * [Java is a trademark or registered trademark of Sun Microsystems, Inc. &#13;&#10; * in the United States and other countries.]&#13;&#10; *&#13;&#10; * ----------&#13;&#10; * Range.java&#13;&#10; * ----------&#13;&#10; * (C) Copyright 2002-2006, by Object Refinery Limited and Contributors.&#13;&#10; *&#13;&#10; * Original Author:  David Gilbert (for Object Refinery Limited);&#13;&#10; * Contributor(s):   Chuanhao Chiu;&#13;&#10; *                   Bill Kelemen; &#13;&#10; *                   Nicolas Brodu;&#13;&#10; *&#13;&#10; * $Id: Range.java,v 1.7 2006/01/11 12:10:16 mungady Exp $&#13;&#10; *&#13;&#10; * Changes (from 23-Jun-2001)&#13;&#10; * --------------------------&#13;&#10; * 22-Apr-2002 : Version 1, loosely based by code by Bill Kelemen (DG);&#13;&#10; * 30-Apr-2002 : Added getLength() and getCentralValue() methods.  Changed&#13;&#10; *               argument check in constructor (DG);&#13;&#10; * 13-Jun-2002 : Added contains(double) method (DG);&#13;&#10; * 22-Aug-2002 : Added fix to combine method where both ranges are null, thanks&#13;&#10; *               to Chuanhao Chiu for reporting and fixing this (DG);&#13;&#10; * 07-Oct-2002 : Fixed errors reported by Checkstyle (DG);&#13;&#10; * 26-Mar-2003 : Implemented Serializable (DG);&#13;&#10; * 14-Aug-2003 : Added equals() method (DG);&#13;&#10; * 27-Aug-2003 : Added toString() method (BK);&#13;&#10; * 11-Sep-2003 : Added Clone Support (NB);&#13;&#10; * 23-Sep-2003 : Fixed Checkstyle issues (DG);&#13;&#10; * 25-Sep-2003 : Oops, Range immutable, clone not necessary (NB);&#13;&#10; * 05-May-2004 : Added constrain() and intersects() methods (DG);&#13;&#10; * 18-May-2004 : Added expand() method (DG);&#13;&#10; * 11-Jan-2006 : Added new method expandToInclude(Range, double) (DG);&#13;&#10; * &#13;&#10; */&#13;&#10;&#13;&#10;package org.jfree.data;&#13;&#10;&#13;&#10;import java.io.Serializable;&#13;&#10;&#13;&#10;/**&#13;&#10; * Represents an immutable range of values.&#13;&#10; */&#13;&#10;public strictfp class Range implements Serializable {&#13;&#10;&#13;&#10;    /** For serialization. */&#13;&#10;    private static final long serialVersionUID = -906333695431863380L;&#13;&#10;    &#13;&#10;    /** The lower bound of the range. */&#13;&#10;    private double lower;&#13;&#10;&#13;&#10;    /** The upper bound of the range. */&#13;&#10;    private double upper;&#13;&#10;&#13;&#10;    /**&#13;&#10;     * Creates a new range.&#13;&#10;     *&#13;&#10;     * @param lower  the lower bound (must be &lt;= upper bound).&#13;&#10;     * @param upper  the upper bound (must be &gt;= lower bound).&#13;&#10;     */&#13;&#10;    public Range(double lower, double upper) {&#13;&#10;        if (lower &gt; upper) {&#13;&#10;            String msg = &quot;Range(double, double): require lower (&quot; + lower &#13;&#10;                + &quot;) &lt;= upper (&quot; + upper + &quot;).&quot;;&#13;&#10;            throw new IllegalArgumentException(msg);&#13;&#10;        }&#13;&#10;        this.lower = lower;&#13;&#10;        this.upper = upper;&#13;&#10;    }&#13;&#10;&#13;&#10;    /**&#13;&#10;     * Returns the lower bound for the range.&#13;&#10;     *&#13;&#10;     * @return The lower bound.&#13;&#10;     */&#13;&#10;    public double getLowerBound() {&#13;&#10;        return this.lower;&#13;&#10;    }&#13;&#10;&#13;&#10;    /**&#13;&#10;     * Returns the upper bound for the range.&#13;&#10;     *&#13;&#10;     * @return The upper bound.&#13;&#10;     */&#13;&#10;    public double getUpperBound() {&#13;&#10;        return this.upper;&#13;&#10;    }&#13;&#10;&#13;&#10;    /**&#13;&#10;     * Returns the length of the range.&#13;&#10;     *&#13;&#10;     * @return The length.&#13;&#10;     */&#13;&#10;    public double getLength() {&#13;&#10;        return this.upper - this.lower;&#13;&#10;    }&#13;&#10;&#13;&#10;    /**&#13;&#10;     * Returns the central (or median) value for the range.&#13;&#10;     *&#13;&#10;     * @return The central value.&#13;&#10;     */&#13;&#10;    public double getCentralValue() {&#13;&#10;        return this.lower / 2.0 + this.upper / 2.0;&#13;&#10;    }&#13;&#10;&#13;&#10;    /**&#13;&#10;     * Returns &lt;code&gt;true&lt;/code&gt; if the specified value is within the range and &#13;&#10;     * &lt;code&gt;false&lt;/code&gt; otherwise.&#13;&#10;     *&#13;&#10;     * @param value  the value to be tested&#13;&#10;     *&#13;&#10;     * @return &lt;code&gt;true&lt;/code&gt; if the range contains the specified value.&#13;&#10;     */&#13;&#10;    public boolean contains(double value) {&#13;&#10;        return (value &gt;= this.lower &amp;&amp; value &lt;= this.upper);&#13;&#10;    }&#13;&#10;    &#13;&#10;    /**&#13;&#10;     * Returns &lt;code&gt;true&lt;/code&gt; if the range intersects (overlaps) with the&#13;&#10;     * specified range, and &lt;code&gt;false&lt;/code&gt; otherwise.&#13;&#10;     * &#13;&#10;     * @param lower  the lower bound (should be &lt;= upper bound).&#13;&#10;     * @param upper  the upper bound (should be &gt;= lower bound).&#13;&#10;     * &#13;&#10;     * @return &lt;code&gt;true&lt;/code&gt; if the ranges intersect.&#13;&#10;     */&#13;&#10;    public boolean intersects(double lower, double upper) {&#13;&#10;        if (lower &lt;= this.lower) {&#13;&#10;            return (upper &gt; this.lower);&#13;&#10;        }&#13;&#10;        else {&#13;&#10;            return (upper &lt; this.upper &amp;&amp; upper &gt;= lower);&#13;&#10;        }&#13;&#10;    }&#13;&#10;&#13;&#10;    /**&#13;&#10;     * Returns the value within the range that is closest to the specified &#13;&#10;     * value.&#13;&#10;     * &#13;&#10;     * @param value  the value to find the closest in-range value of.&#13;&#10;     * &#13;&#10;     * @return The constrained value. If value is within the range, will return&#13;&#10;     * the input value. &#13;&#10;     */&#13;&#10;    public double constrain(double value) {&#13;&#10;        double result = value;&#13;&#10;        if (!contains(value)) {&#13;&#10;            if (value &gt; this.upper) {&#13;&#10;                result = this.upper;   &#13;&#10;            }&#13;&#10;            else if (value &lt; this.lower) {&#13;&#10;                result = this.lower;   &#13;&#10;            }&#13;&#10;        }&#13;&#10;        return result;&#13;&#10;    }&#13;&#10;    &#13;&#10;    /**&#13;&#10;     * Creates a new range by combining two existing ranges.&#13;&#10;     * &lt;P&gt;&#13;&#10;     * Note that:&#13;&#10;     * &lt;ul&gt;&#13;&#10;     *   &lt;li&gt;either range can be &lt;code&gt;null&lt;/code&gt;, in which case the other &#13;&#10;     *       range is returned;&lt;/li&gt;&#13;&#10;     *   &lt;li&gt;if both ranges are &lt;code&gt;null&lt;/code&gt; the return value is &#13;&#10;     *       &lt;code&gt;null&lt;/code&gt;.&lt;/li&gt;&#13;&#10;     * &lt;/ul&gt;&#13;&#10;     *&#13;&#10;     * @param range1  the first range (&lt;code&gt;null&lt;/code&gt; permitted).&#13;&#10;     * @param range2  the second range (&lt;code&gt;null&lt;/code&gt; permitted).&#13;&#10;     *&#13;&#10;     * @return A new range subsuming both input ranges (possibly &lt;code&gt;null&lt;/code&gt;).&#13;&#10;     */&#13;&#10;    public static Range combine(Range range1, Range range2) {&#13;&#10;        if (range1 == null) {&#13;&#10;            return range2;&#13;&#10;        }&#13;&#10;        else {&#13;&#10;            if (range2 == null) {&#13;&#10;                return range2;&#13;&#10;            }&#13;&#10;            else {&#13;&#10;                double l = Math.min(range1.getLowerBound(), &#13;&#10;                        range2.getLowerBound());&#13;&#10;                double u = Math.max(range1.getUpperBound(), &#13;&#10;                        range2.getUpperBound());&#13;&#10;                return new Range(l, u);&#13;&#10;            }&#13;&#10;        }&#13;&#10;    }&#13;&#10;    &#13;&#10;    /**&#13;&#10;     * Returns a range that includes all the values in the specified &#13;&#10;     * &lt;code&gt;range&lt;/code&gt; AND contains the specified &lt;code&gt;value&lt;/code&gt;.&#13;&#10;     * &#13;&#10;     * @param range  the range (&lt;code&gt;null&lt;/code&gt; permitted).&#13;&#10;     * @param value  the value that must be included.&#13;&#10;     * &#13;&#10;     * @return A range which spans over the input range, and has been expanded to contain the input value.&#13;&#10;     */&#13;&#10;    public static Range expandToInclude(Range range, double value) {&#13;&#10;        if (range == null) {&#13;&#10;            return new Range(value, value);&#13;&#10;        }&#13;&#10;        if (value &lt; range.getLowerBound()) {&#13;&#10;            return new Range(value, range.getUpperBound());&#13;&#10;        }&#13;&#10;        else if (value &gt; range.getUpperBound()) {&#13;&#10;            return new Range(range.getLowerBound(), value);&#13;&#10;        }&#13;&#10;        else {&#13;&#10;            return range;&#13;&#10;        }&#13;&#10;    }&#13;&#10;    &#13;&#10;    /**&#13;&#10;     * Creates a new range by adding margins to an existing range.&#13;&#10;     * For example: expand(new Range(2, 6), 0.25, 0.5) returns a range from 1 to 8.&#13;&#10;     * &#13;&#10;     * @param range  the range (&lt;code&gt;null&lt;/code&gt; not permitted).&#13;&#10;     * @param lowerMargin  the lower margin (expressed as a percentage of the &#13;&#10;     *                     range length).&#13;&#10;     * @param upperMargin  the upper margin (expressed as a percentage of the &#13;&#10;     *                     range length).&#13;&#10;     * &#13;&#10;     * @return The expanded range.&#13;&#10;     */&#13;&#10;    public static Range expand(Range range, &#13;&#10;                               double lowerMargin, double upperMargin) {&#13;&#10;        if (range == null) {&#13;&#10;            throw new IllegalArgumentException(&quot;Null 'range' argument.&quot;);   &#13;&#10;        }&#13;&#10;        double length = range.getLength();&#13;&#10;        double lower = length * lowerMargin;&#13;&#10;        double upper = length * upperMargin;&#13;&#10;        return new Range(range.getLowerBound() - lower, &#13;&#10;                range.getUpperBound() + upper);&#13;&#10;    }&#13;&#10;&#13;&#10;    /**&#13;&#10;     * Returns a range the size of the input range, which has been moved positively&#13;&#10;     * (to the right) by the delta value. Is equivalent to shift(base, delta, false)&#13;&#10;     * (does not allow zero crossing).&#13;&#10;     * &#13;&#10;     * @param base  the base range.&#13;&#10;     * @param delta  the amount to shift right by.&#13;&#10;     * &#13;&#10;     * @return A range representing the base range shifted right by delta.&#13;&#10;     */&#13;&#10;    public static Range shift(Range base, double delta) {&#13;&#10;        return shift(base, delta, false);&#13;&#10;    }&#13;&#10;    &#13;&#10;    /**&#13;&#10;     * Returns a range the size of the input range, which has been moved positively&#13;&#10;     * (to the right) by the delta value. If allowZeroCrossing is false, any bound which crosses the zero mark after shifting&#13;&#10;     * (either from negative to positive, or positive to negative), will become &#13;&#10;     * zero.&#13;&#10;     * &#13;&#10;     * @param base  the base range.&#13;&#10;     * @param delta  the shift amount.&#13;&#10;     * @param allowZeroCrossing  a flag that determines whether or not the &#13;&#10;     *                           bounds of the range are allowed to cross&#13;&#10;     *                           zero after adjustment.&#13;&#10;     * &#13;&#10;     * @return A range representing the base range shifted right by delta.&#13;&#10;     */&#13;&#10;    public static Range shift(Range base, double delta, &#13;&#10;                              boolean allowZeroCrossing) {&#13;&#10;        if (allowZeroCrossing) {&#13;&#10;            return new Range(base.getLowerBound() + delta, &#13;&#10;                    base.getUpperBound() + delta);&#13;&#10;        }&#13;&#10;        else {&#13;&#10;            return new Range(shiftWithNoZeroCrossing(base.getLowerBound(), &#13;&#10;                    delta), shiftWithNoZeroCrossing(base.getUpperBound(), &#13;&#10;                    delta));&#13;&#10;        }&#13;&#10;    }&#13;&#10;&#13;&#10;    /**&#13;&#10;     * Returns the given &lt;code&gt;value&lt;/code&gt; adjusted by &lt;code&gt;delta&lt;/code&gt; but&#13;&#10;     * with a check to prevent the result from crossing &lt;code&gt;0.0&lt;/code&gt;.&#13;&#10;     * &#13;&#10;     * @param value  the value.&#13;&#10;     * @param delta  the adjustment.&#13;&#10;     * &#13;&#10;     * @return The adjusted value.&#13;&#10;     */&#13;&#10;    private static double shiftWithNoZeroCrossing(double value, double delta) {&#13;&#10;        if (value &gt; 0.0) {&#13;&#10;            return Math.max(value + delta, 0.0);  &#13;&#10;        }&#13;&#10;        else if (value &lt; 0.0) {&#13;&#10;            return Math.min(value + delta, 0.0);&#13;&#10;        }&#13;&#10;        else {&#13;&#10;            return value + delta;   &#13;&#10;        }&#13;&#10;    }&#13;&#10;    &#13;&#10;    /**&#13;&#10;     * Tests this object for equality with an arbitrary object.&#13;&#10;     *&#13;&#10;     * @param obj  the object to test against (&lt;code&gt;null&lt;/code&gt; permitted).&#13;&#10;     *&#13;&#10;     * @return &lt;code&gt;true&lt;/code&gt; if the input object is an equivalent range.&#13;&#10;     */&#13;&#10;    public boolean equals(Object obj) {&#13;&#10;        if (!(obj instanceof Range)) {&#13;&#10;            return false;&#13;&#10;        }&#13;&#10;        Range range = (Range) obj;&#13;&#10;        if (!(this.lower == range.lower)) {&#13;&#10;            return false;&#13;&#10;        }&#13;&#10;        if (!(this.upper == range.upper)) {&#13;&#10;            return true;&#13;&#10;        }&#13;&#10;        return true;&#13;&#10;    }&#13;&#10;&#13;&#10;    /**&#13;&#10;     * Returns a hash code. The hash code should be an integer which is&#13;&#10;     * deterministically calculated for any range.&#13;&#10;     * &#13;&#10;     * @return A hash code for this range.&#13;&#10;     */&#13;&#10;    public int hashCode() {&#13;&#10;        int result;&#13;&#10;        long temp;&#13;&#10;        temp = Double.doubleToLongBits(this.lower);&#13;&#10;        result = (int) (temp ^ (temp &gt;&gt;&gt; 32));&#13;&#10;        temp = Double.doubleToLongBits(this.upper);&#13;&#10;        result = 29 * result + (int) (temp ^ (temp &gt;&gt;&gt; 32));&#13;&#10;        return result;&#13;&#10;    }&#13;&#10;&#13;&#10;    /**&#13;&#10;     * Returns a string representation of this Range.&#13;&#10;     *&#13;&#10;     * @return A String &quot;Range[lower,upper]&quot; where lower=lower range and &#13;&#10;     *         upper=upper range.&#13;&#10;     */&#13;&#10;    public String toString() {&#13;&#10;        return (&quot;Range[&quot; + this.lower + &quot;,&quot; + this.upper + &quot;]&quot;);&#13;&#10;    }&#13;&#10;&#13;&#10;}" Filename="Range.java" Intrnl_Id="1"/>
<SrcFile Content="/* ===========================================================&#13;&#10; * JFreeChart : a free chart library for the Java(tm) platform&#13;&#10; * ===========================================================&#13;&#10; *&#13;&#10; * (C) Copyright 2000-2005, by Object Refinery Limited and Contributors.&#13;&#10; *&#13;&#10; * Project Info:  http://www.jfree.org/jfreechart/index.html&#13;&#10; *&#13;&#10; * This library is free software; you can redistribute it and/or modify it &#13;&#10; * under the terms of the GNU Lesser General Public License as published by &#13;&#10; * the Free Software Foundation; either version 2.1 of the License, or &#13;&#10; * (at your option) any later version.&#13;&#10; *&#13;&#10; * This library is distributed in the hope that it will be useful, but &#13;&#10; * WITHOUT ANY WARRANTY; without even the implied warranty of MERCHANTABILITY &#13;&#10; * or FITNESS FOR A PARTICULAR PURPOSE. See the GNU Lesser General Public &#13;&#10; * License for more details.&#13;&#10; *&#13;&#10; * You should have received a copy of the GNU Lesser General Public License &#13;&#10; * along with this library; if not, write to the Free Software Foundation, &#13;&#10; * Inc., 59 Temple Place, Suite 330, Boston, MA 02111-1307, USA.&#13;&#10; *&#13;&#10; * [Java is a trademark or registered trademark of Sun Microsystems, Inc. &#13;&#10; * in the United States and other countries.]&#13;&#10; *&#13;&#10; * -----------------------&#13;&#10; * DefaultKeyedValues.java&#13;&#10; * -----------------------&#13;&#10; * (C) Copyright 2002-2005, by Object Refinery Limited.&#13;&#10; *&#13;&#10; * Original Author:  David Gilbert (for Object Refinery Limited);&#13;&#10; * Contributor(s):   -;&#13;&#10; *&#13;&#10; * $Id: DefaultKeyedValues.java,v 1.9 2005/07/01 14:43:50 mungady Exp $&#13;&#10; *&#13;&#10; * Changes:&#13;&#10; * --------&#13;&#10; * 31-Oct-2002 : Version 1 (DG);&#13;&#10; * 11-Feb-2003 : Fixed bug in getValue(key) method for unrecognised key (DG);&#13;&#10; * 05-Mar-2003 : Added methods to sort stored data 'by key' or 'by value' (DG);&#13;&#10; * 13-Mar-2003 : Implemented Serializable (DG);&#13;&#10; * 08-Apr-2003 : Modified removeValue(Comparable) method to fix bug 717049 (DG);&#13;&#10; * 18-Aug-2003 : Implemented Cloneable (DG);&#13;&#10; * 27-Aug-2003 : Moved SortOrder from org.jfree.data --&gt; org.jfree.util (DG);&#13;&#10; * 09-Feb-2004 : Modified getIndex() method - see bug report 893256 (DG);&#13;&#10; * 15-Sep-2004 : Updated clone() method and added PublicCloneable &#13;&#10; *               interface (DG);&#13;&#10; * 25-Nov-2004 : Small update to the clone() implementation (DG);&#13;&#10; * 24-Feb-2005 : Added methods addValue(Comparable, double) and &#13;&#10; *               setValue(Comparable, double) for convenience (DG);&#13;&#10; *&#13;&#10; */&#13;&#10;&#13;&#10;package org.jfree.data;&#13;&#10;&#13;&#10;import java.io.Serializable;&#13;&#10;import java.util.Collections;&#13;&#10;import java.util.Comparator;&#13;&#10;import java.util.Iterator;&#13;&#10;import java.util.List;&#13;&#10;&#13;&#10;import org.jfree.util.ObjectUtilities;&#13;&#10;import org.jfree.util.PublicCloneable;&#13;&#10;import org.jfree.util.SortOrder;&#13;&#10;&#13;&#10;/**&#13;&#10; * An ordered list of (key, value) items.  This class provides a default &#13;&#10; * implementation of the {@link KeyedValues} interface.&#13;&#10; */&#13;&#10;public class DefaultKeyedValues implements KeyedValues, &#13;&#10;                                           Cloneable, PublicCloneable, &#13;&#10;                                           Serializable {&#13;&#10;&#13;&#10;    /** For serialization. */&#13;&#10;    private static final long serialVersionUID = 8468154364608194797L;&#13;&#10;    &#13;&#10;    /** Storage for the data. */&#13;&#10;    private List data;&#13;&#10;&#13;&#10;    /**&#13;&#10;     * Creates a new collection (initially empty).&#13;&#10;     */&#13;&#10;    public DefaultKeyedValues() {&#13;&#10;        this.data = new java.util.ArrayList();&#13;&#10;    }&#13;&#10;&#13;&#10;    /**&#13;&#10;     * Returns the number of items (values) in the collection.&#13;&#10;     *&#13;&#10;     * @return The item count.&#13;&#10;     */&#13;&#10;    public int getItemCount() {&#13;&#10;        return this.data.size();&#13;&#10;    }&#13;&#10;&#13;&#10;    /**&#13;&#10;     * Returns a value.&#13;&#10;     *&#13;&#10;     * @param item  the item of interest (zero-based index).&#13;&#10;     *&#13;&#10;     * @return The value.&#13;&#10;     * &#13;&#10;     * @throws IndexOutOfBoundsException if &lt;code&gt;item&lt;/code&gt; is out of bounds.&#13;&#10;     */&#13;&#10;    public Number getValue(int item) {&#13;&#10;        Number result = null;&#13;&#10;        KeyedValue kval = (KeyedValue) this.data.get(item);&#13;&#10;        if (kval != null) {&#13;&#10;            result = kval.getValue();&#13;&#10;        }&#13;&#10;        return result;&#13;&#10;    }&#13;&#10;&#13;&#10;    /**&#13;&#10;     * Returns a key.&#13;&#10;     *&#13;&#10;     * @param index  the item index (zero-based).&#13;&#10;     *&#13;&#10;     * @return The row key.&#13;&#10;     * &#13;&#10;     * @throws IndexOutOfBoundsException if &lt;code&gt;item&lt;/code&gt; is out of bounds.&#13;&#10;     */&#13;&#10;    public Comparable getKey(int index) {&#13;&#10;        Comparable result = null;&#13;&#10;        KeyedValue item = (KeyedValue) this.data.get(index);&#13;&#10;        if (item != null) {&#13;&#10;            result = item.getKey();&#13;&#10;        }&#13;&#10;        return result;&#13;&#10;    }&#13;&#10;&#13;&#10;    /**&#13;&#10;     * Returns the index for a given key.&#13;&#10;     *&#13;&#10;     * @param key  the key.&#13;&#10;     *&#13;&#10;     * @return The index, or &lt;code&gt;-1&lt;/code&gt; if the key is unrecognised.&#13;&#10;     */&#13;&#10;    public int getIndex(Comparable key) {&#13;&#10;        int i = 0;&#13;&#10;        Iterator iterator = this.data.iterator();&#13;&#10;        while (iterator.hasNext()) {&#13;&#10;            KeyedValue kv = (KeyedValue) iterator.next();&#13;&#10;            if (kv.getKey().equals(key)) {&#13;&#10;                return i;&#13;&#10;            }&#13;&#10;            i++;&#13;&#10;        }&#13;&#10;        return -1;  // key not found&#13;&#10;    }&#13;&#10;&#13;&#10;    /**&#13;&#10;     * Returns the keys for the values in the collection.&#13;&#10;     *&#13;&#10;     * @return The keys (never &lt;code&gt;null&lt;/code&gt;).&#13;&#10;     */&#13;&#10;    public List getKeys() {&#13;&#10;        List result = new java.util.ArrayList();&#13;&#10;        Iterator iterator = this.data.iterator();&#13;&#10;        while (iterator.hasNext()) {&#13;&#10;            KeyedValue kv = (KeyedValue) iterator.next();&#13;&#10;            result.add(kv.getKey());&#13;&#10;        }&#13;&#10;        return result;&#13;&#10;    }&#13;&#10;&#13;&#10;    /**&#13;&#10;     * Returns the value for a given key.&#13;&#10;     *&#13;&#10;     * @param key  the key.&#13;&#10;     *&#13;&#10;     * @return The value (possibly &lt;code&gt;null&lt;/code&gt;).&#13;&#10;     * &#13;&#10;     * @throws UnknownKeyException if the key is not recognised.&#13;&#10;     */&#13;&#10;    public Number getValue(Comparable key) {&#13;&#10;        int index = getIndex(key);&#13;&#10;        if (index &lt; 0) {&#13;&#10;            throw new UnknownKeyException(&quot;Key not found: &quot; + key);&#13;&#10;        }&#13;&#10;        return getValue(index);&#13;&#10;    }&#13;&#10;&#13;&#10;    /**&#13;&#10;     * Updates an existing value, or adds a new value to the collection.&#13;&#10;     *&#13;&#10;     * @param key  the key (&lt;code&gt;null&lt;/code&gt; not permitted).&#13;&#10;     * @param value  the value.&#13;&#10;     */&#13;&#10;    public void addValue(Comparable key, double value) {&#13;&#10;        addValue(key, new Double(value)); &#13;&#10;    }&#13;&#10;    &#13;&#10;    /**&#13;&#10;     * Adds a new value to the collection, or updates an existing value.&#13;&#10;     * This method passes control directly to the &#13;&#10;     * {@link #setValue(Comparable, Number)} method.&#13;&#10;     *&#13;&#10;     * @param key  the key (&lt;code&gt;null&lt;/code&gt; not permitted).&#13;&#10;     * @param value  the value (&lt;code&gt;null&lt;/code&gt; permitted).&#13;&#10;     */&#13;&#10;    public void addValue(Comparable key, Number value) {&#13;&#10;        setValue(key, value);&#13;&#10;    }&#13;&#10;&#13;&#10;    /**&#13;&#10;     * Updates an existing value, or adds a new value to the collection.&#13;&#10;     *&#13;&#10;     * @param key  the key (&lt;code&gt;null&lt;/code&gt; not permitted).&#13;&#10;     * @param value  the value.&#13;&#10;     */&#13;&#10;    public void setValue(Comparable key, double value) {&#13;&#10;        setValue(key, new Double(value));   &#13;&#10;    }&#13;&#10;    &#13;&#10;    /**&#13;&#10;     * Updates an existing value, or adds a new value to the collection.&#13;&#10;     *&#13;&#10;     * @param key  the key (&lt;code&gt;null&lt;/code&gt; not permitted).&#13;&#10;     * @param value  the value (&lt;code&gt;null&lt;/code&gt; permitted).&#13;&#10;     */&#13;&#10;    public void setValue(Comparable key, Number value) {&#13;&#10;        if (key == null) {&#13;&#10;            throw new IllegalArgumentException(&quot;Null 'key' argument.&quot;);&#13;&#10;        }&#13;&#10;        int keyIndex = getIndex(key);&#13;&#10;        if (keyIndex &gt;= 0) {&#13;&#10;            DefaultKeyedValue kv = (DefaultKeyedValue) this.data.get(keyIndex);&#13;&#10;            kv.setValue(value);&#13;&#10;        }&#13;&#10;        else {&#13;&#10;            KeyedValue kv = new DefaultKeyedValue(key, value);&#13;&#10;            this.data.add(kv);&#13;&#10;        }&#13;&#10;    }&#13;&#10;&#13;&#10;    /**&#13;&#10;     * Removes a value from the collection.&#13;&#10;     *&#13;&#10;     * @param index  the index of the item to remove.&#13;&#10;     */&#13;&#10;    public void removeValue(int index) {&#13;&#10;        this.data.remove(index);&#13;&#10;    }&#13;&#10;&#13;&#10;    /**&#13;&#10;     * Removes a value from the collection.  If there is no item with the &#13;&#10;     * specified key, this method does nothing.&#13;&#10;     *&#13;&#10;     * @param key  the item key.&#13;&#10;     */&#13;&#10;    public void removeValue(Comparable key) {&#13;&#10;        int index = getIndex(key);&#13;&#10;        if (index &gt;= 0) {&#13;&#10;            removeValue(index);&#13;&#10;        }&#13;&#10;    }&#13;&#10;&#13;&#10;    /**&#13;&#10;     * Sorts the items in the list by key.&#13;&#10;     *&#13;&#10;     * @param order  the sort order (&lt;code&gt;null&lt;/code&gt; not permitted).&#13;&#10;     */&#13;&#10;    public void sortByKeys(SortOrder order) {&#13;&#10;        Comparator comparator = new KeyedValueComparator(&#13;&#10;            KeyedValueComparatorType.BY_KEY, order&#13;&#10;        );&#13;&#10;        Collections.sort(this.data, comparator);&#13;&#10;    }&#13;&#10;&#13;&#10;    /**&#13;&#10;     * Sorts the items in the list by value.  If the list contains &#13;&#10;     * &lt;code&gt;null&lt;/code&gt; values, they will sort to the end of the list, &#13;&#10;     * irrespective of the sort order.&#13;&#10;     *&#13;&#10;     * @param order  the sort order (&lt;code&gt;null&lt;/code&gt; not permitted).&#13;&#10;     */&#13;&#10;    public void sortByValues(SortOrder order) {&#13;&#10;        Comparator comparator = new KeyedValueComparator(&#13;&#10;            KeyedValueComparatorType.BY_VALUE, order&#13;&#10;        );&#13;&#10;        Collections.sort(this.data, comparator);&#13;&#10;    }&#13;&#10;&#13;&#10;    /**&#13;&#10;     * Tests if this object is equal to another.&#13;&#10;     *&#13;&#10;     * @param obj  the object (&lt;code&gt;null&lt;/code&gt; permitted).&#13;&#10;     *&#13;&#10;     * @return A boolean.&#13;&#10;     */&#13;&#10;    public boolean equals(Object obj) {&#13;&#10;        if (obj == this) {&#13;&#10;            return true;&#13;&#10;        }&#13;&#10;&#13;&#10;        if (!(obj instanceof KeyedValues)) {&#13;&#10;            return false;&#13;&#10;        }&#13;&#10;&#13;&#10;        KeyedValues that = (KeyedValues) obj;&#13;&#10;        int count = getItemCount();&#13;&#10;        if (count != that.getItemCount()) {&#13;&#10;            return false;&#13;&#10;        }&#13;&#10;&#13;&#10;        for (int i = 0; i &lt; count; i++) {&#13;&#10;            Comparable k1 = getKey(i);&#13;&#10;            Comparable k2 = that.getKey(i);&#13;&#10;            if (!k1.equals(k2)) {&#13;&#10;                return false;&#13;&#10;            }&#13;&#10;            Number v1 = getValue(i);&#13;&#10;            Number v2 = that.getValue(i);&#13;&#10;            if (v1 == null) {&#13;&#10;                if (v2 != null) {&#13;&#10;                    return false;&#13;&#10;                }&#13;&#10;            }&#13;&#10;            else {&#13;&#10;                if (!v1.equals(v2)) {&#13;&#10;                    return false;&#13;&#10;                }&#13;&#10;            }&#13;&#10;        }&#13;&#10;        return true;&#13;&#10;    }&#13;&#10;&#13;&#10;    /**&#13;&#10;     * Returns a hash code.&#13;&#10;     * &#13;&#10;     * @return A hash code.&#13;&#10;     */&#13;&#10;    public int hashCode() {&#13;&#10;        return (this.data != null ? this.data.hashCode() : 0);&#13;&#10;    }&#13;&#10;&#13;&#10;    /**&#13;&#10;     * Returns a clone.&#13;&#10;     * &#13;&#10;     * @return A clone.&#13;&#10;     * &#13;&#10;     * @throws CloneNotSupportedException  this class will not throw this &#13;&#10;     *         exception, but subclasses might.&#13;&#10;     */&#13;&#10;    public Object clone() throws CloneNotSupportedException {&#13;&#10;        DefaultKeyedValues clone = (DefaultKeyedValues) super.clone();&#13;&#10;        clone.data = (List) ObjectUtilities.deepClone(this.data);&#13;&#10;        return clone;    &#13;&#10;    }&#13;&#10;    &#13;&#10;}" Filename="DefaultKeyedValues.java" Intrnl_Id="2"/>
<SrcFile Content="/* ===========================================================&#13;&#10; * JFreeChart : a free chart library for the Java(tm) platform&#13;&#10; * ===========================================================&#13;&#10; *&#13;&#10; * (C) Copyright 2000-2005, by Object Refinery Limited and Contributors.&#13;&#10; *&#13;&#10; * Project Info:  http://www.jfree.org/jfreechart/index.html&#13;&#10; *&#13;&#10; * This library is free software; you can redistribute it and/or modify it &#13;&#10; * under the terms of the GNU Lesser General Public License as published by &#13;&#10; * the Free Software Foundation; either version 2.1 of the License, or &#13;&#10; * (at your option) any later version.&#13;&#10; *&#13;&#10; * This library is distributed in the hope that it will be useful, but &#13;&#10; * WITHOUT ANY WARRANTY; without even the implied warranty of MERCHANTABILITY &#13;&#10; * or FITNESS FOR A PARTICULAR PURPOSE. See the GNU Lesser General Public &#13;&#10; * License for more details.&#13;&#10; *&#13;&#10; * You should have received a copy of the GNU Lesser General Public License &#13;&#10; * along with this library; if not, write to the Free Software Foundation, &#13;&#10; * Inc., 59 Temple Place, Suite 330, Boston, MA 02111-1307, USA.&#13;&#10; *&#13;&#10; * [Java is a trademark or registered trademark of Sun Microsystems, Inc. &#13;&#10; * in the United States and other countries.]&#13;&#10; *&#13;&#10; * ------------------&#13;&#10; * DataUtilities.java&#13;&#10; * ------------------&#13;&#10; * (C) Copyright 2003-2005, by Object Refinery Limited.&#13;&#10; *&#13;&#10; * Original Author:  David Gilbert (for Object Refinery Limited);&#13;&#10; * Contributor(s):   -;&#13;&#10; *&#13;&#10; * $Id: DataUtilities.java,v 1.2 2005/05/17 12:24:00 mungady Exp $&#13;&#10; *&#13;&#10; * Changes&#13;&#10; * -------&#13;&#10; * 05-Mar-2003 : Version 1 (DG);&#13;&#10; * 03-Mar-2005 : Moved createNumberArray() and createNumberArray2D() methods&#13;&#10; *               from the DatasetUtilities class (DG);&#13;&#10; * 17-May-2005 : Added calculateColumnTotal() and calculateRowTotal() &#13;&#10; *               methods (DG);&#13;&#10; * &#13;&#10; */&#13;&#10;&#13;&#10;package org.jfree.data;&#13;&#10;&#13;&#10;import org.jfree.data.general.DatasetUtilities;&#13;&#10;&#13;&#10;/**&#13;&#10; * Utility methods for use with some of the data classes (but not the datasets, &#13;&#10; * see {@link DatasetUtilities}).&#13;&#10; */&#13;&#10;public abstract class DataUtilities {&#13;&#10;&#13;&#10;    /**&#13;&#10;     * Returns the sum of the values in one column of the supplied data&#13;&#10;     * table. With invalid input, a total of zero will be returned.&#13;&#10;     * &#13;&#10;     * @param data  the table of values (&lt;code&gt;null&lt;/code&gt; not permitted).&#13;&#10;     * @param column  the column index (zero-based).&#13;&#10;     * &#13;&#10;     * @return The sum of the values in the specified column.&#13;&#10;     */&#13;&#10;    public static double calculateColumnTotal(Values2D data, int column) {&#13;&#10;        double total = 0.0;&#13;&#10;        int rowCount = data.getRowCount();&#13;&#10;        for (int r = 0; r &lt; rowCount; r++) {&#13;&#10;            Number n = data.getValue(r, column);&#13;&#10;            if (n != null) {&#13;&#10;                total += n.doubleValue();   &#13;&#10;            }&#13;&#10;        }&#13;&#10;        return total;&#13;&#10;    }&#13;&#10;    &#13;&#10;    /**&#13;&#10;     * Returns the sum of the values in one row of the supplied data&#13;&#10;     * table. With invalid input, a total of zero will be returned.&#13;&#10;     * &#13;&#10;     * @param data  the table of values (&lt;code&gt;null&lt;/code&gt; not permitted).&#13;&#10;     * @param row  the row index (zero-based).&#13;&#10;     * &#13;&#10;     * @return The total of the values in the specified row.&#13;&#10;     */&#13;&#10;    public static double calculateRowTotal(Values2D data, int row) {&#13;&#10;        double total = 0.0;&#13;&#10;        int columnCount = data.getColumnCount();&#13;&#10;        for (int c = 0; c &lt; columnCount; c++) {&#13;&#10;            Number n = data.getValue(row, c);&#13;&#10;            if (n != null) {&#13;&#10;                total += n.doubleValue();   &#13;&#10;            }&#13;&#10;        }&#13;&#10;        return total;&#13;&#10;    }&#13;&#10;    &#13;&#10;    /**&#13;&#10;     * Constructs an array of &lt;code&gt;Number&lt;/code&gt; objects from an array of &#13;&#10;     * &lt;code&gt;double&lt;/code&gt; primitives.&#13;&#10;     *&#13;&#10;     * @param data  An array of &lt;code&gt;double&lt;/code&gt; primitives (&lt;code&gt;null&lt;/code&gt; not permitted).&#13;&#10;     *&#13;&#10;     * @return An array of &lt;code&gt;Number&lt;/code&gt; objects.&#13;&#10;     */&#13;&#10;    public static Number[] createNumberArray(double[] data) {&#13;&#10;        if (data == null) {&#13;&#10;            throw new IllegalArgumentException(&quot;Null 'data' argument.&quot;);   &#13;&#10;        }&#13;&#10;        Number[] result = new Number[data.length];&#13;&#10;        for (int i = 0; i &lt; data.length; i++) {&#13;&#10;            result[i] = new Double(data[i]);&#13;&#10;        }&#13;&#10;        return result;&#13;&#10;    }&#13;&#10;&#13;&#10;    /**&#13;&#10;     * Constructs an array of arrays of &lt;code&gt;Number&lt;/code&gt; objects from a &#13;&#10;     * corresponding structure containing &lt;code&gt;double&lt;/code&gt; primitives.&#13;&#10;     *&#13;&#10;     * @param data  An array of &lt;code&gt;double&lt;/code&gt; primitives (&lt;code&gt;null&lt;/code&gt; not permitted).&#13;&#10;     *&#13;&#10;     * @return An array of &lt;code&gt;Number&lt;/code&gt; objects.&#13;&#10;     */&#13;&#10;    public static Number[][] createNumberArray2D(double[][] data) {&#13;&#10;        if (data == null) {&#13;&#10;            throw new IllegalArgumentException(&quot;Null 'data' argument.&quot;);   &#13;&#10;        }&#13;&#10;        int l1 = data.length;&#13;&#10;        Number[][] result = new Number[l1][];&#13;&#10;        for (int i = 0; i &lt; l1; i++) {&#13;&#10;            result[i] = createNumberArray(data[i]);&#13;&#10;        }&#13;&#10;        return result;&#13;&#10;    }&#13;&#10;&#13;&#10;    /**&#13;&#10;     * Returns a {@link KeyedValues} instance that contains the cumulative &#13;&#10;     * percentage values for the data in another {@link KeyedValues} instance.&#13;&#10;     * The cumulative percentage is each value's cumulative sum's portion of the sum of all&#13;&#10;     * the values. &lt;br&gt;&#13;&#10;     * eg: &lt;br&gt;&#13;&#10;     * Input:&lt;br&gt;&#13;&#10;     * &lt;br&gt;&#13;&#10;     * Key&amp;nbsp;&amp;nbsp;Value&lt;br&gt;&#13;&#10;     *  0&amp;nbsp;&amp;nbsp;&amp;nbsp;&amp;nbsp;&amp;nbsp;&amp;nbsp;&amp;nbsp;&amp;nbsp;5&lt;br&gt;&#13;&#10;     *  1&amp;nbsp;&amp;nbsp;&amp;nbsp;&amp;nbsp;&amp;nbsp;&amp;nbsp;&amp;nbsp;&amp;nbsp;9&lt;br&gt;&#13;&#10;     *  2&amp;nbsp;&amp;nbsp;&amp;nbsp;&amp;nbsp;&amp;nbsp;&amp;nbsp;&amp;nbsp;&amp;nbsp;2&lt;br&gt;&#13;&#10;     *  &lt;br&gt;&#13;&#10;     * Returns:&lt;br&gt;&#13;&#10;     * &lt;br&gt;&#13;&#10;     * Key&amp;nbsp;&amp;nbsp;Value&lt;br&gt;&#13;&#10;     *  0&amp;nbsp;&amp;nbsp;&amp;nbsp;&amp;nbsp;&amp;nbsp;0.3125 (5 / 16)&lt;br&gt;&#13;&#10;     *  1&amp;nbsp;&amp;nbsp;&amp;nbsp;&amp;nbsp;&amp;nbsp;0.875 ((5 + 9) / 16)&lt;br&gt;&#13;&#10;     *  2&amp;nbsp;&amp;nbsp;&amp;nbsp;&amp;nbsp;&amp;nbsp;1.0 ((5 + 9 + 2) / 16)&lt;br&gt;&#13;&#10;     * &lt;p&gt;&#13;&#10;     * The percentages are values between 0.0 and 1.0 (where 1.0 = 100%).&#13;&#10;     *&#13;&#10;     * @param data  the data (&lt;code&gt;null&lt;/code&gt; not permitted).&#13;&#10;     *&#13;&#10;     * @return The cumulative percentages.&#13;&#10;     */&#13;&#10;    public static KeyedValues getCumulativePercentages(KeyedValues data) {&#13;&#10;        if (data == null) {&#13;&#10;            throw new IllegalArgumentException(&quot;Null 'data' argument.&quot;);   &#13;&#10;        }&#13;&#10;        DefaultKeyedValues result = new DefaultKeyedValues();&#13;&#10;        double total = 0.0;&#13;&#10;        for (int i = 0; i &lt; data.getItemCount(); i++) {&#13;&#10;            Number v = data.getValue(i);&#13;&#10;            if (v != null) {&#13;&#10;                total = total + v.doubleValue();&#13;&#10;            }&#13;&#10;        }&#13;&#10;        double runningTotal = 0.0;&#13;&#10;        for (int i = 0; i &lt; data.getItemCount(); i++) {&#13;&#10;            Number v = data.getValue(i);&#13;&#10;            if (v != null) {&#13;&#10;                runningTotal = runningTotal + v.doubleValue() * 0.9d;&#13;&#10;            }&#13;&#10;            result.addValue(data.getKey(i), new Double(runningTotal / total));&#13;&#10;        }&#13;&#10;        return result;&#13;&#10;    }&#13;&#10;&#13;&#10;}&#13;&#10;" Filename="DataUtilities.java" Intrnl_Id="3"/>
</SrcFileList>
<CritList>
<CritListEntry Name="org.codecover.model.utils.criteria.LoopCoverage" PluginName="org.codecover"/>
<CritListEntry Name="org.codecover.model.utils.criteria.BranchCoverage" PluginName="org.codecover"/>
<CritListEntry Name="org.codecover.model.utils.criteria.ConditionCoverage" PluginName="org.codecover"/>
<CritListEntry Name="org.codecover.model.utils.criteria.SynchronizedStatementCoverage" PluginName="org.codecover"/>
<CritListEntry Name="org.codecover.model.utils.criteria.QMOCoverage" PluginName="org.codecover"/>
<CritListEntry Name="org.codecover.model.utils.criteria.StatementCoverage" PluginName="org.codecover"/>
</CritList>
<BoolOpList>
<BoolOp Arity="1" Intrnl_Id="4" Name="not (!)">
<BoolAssgnmntBoolMapList>
<MapEntry BoolAssgnmnt="0" Value="true"/>
<MapEntry BoolAssgnmnt="1" Value="false"/>
</BoolAssgnmntBoolMapList>
</BoolOp>
</BoolOpList>
<HierarchyLvlTypeList>
<HierarchyLvlType EnglishName="package" IntrnlName="package" Intrnl_Id="5"/>
<HierarchyLvlType EnglishName="class" IntrnlName="class" Intrnl_Id="6"/>
<HierarchyLvlType EnglishName="method" IntrnlName="method" Intrnl_Id="7"/>
<HierarchyLvlType EnglishName="default package" IntrnlName="default package" Intrnl_Id="8"/>
</HierarchyLvlTypeList>
<MASTRoot>
<HierarchyLvl HierarchyLvlId="1104" HierarchyLvlTypeId="8" Intrnl_Id="9" Name="default package">
<Header/>
<LocList/>
<HierarchyLvl HierarchyLvlId="1103" HierarchyLvlTypeId="5" Intrnl_Id="10" Name="org">
<Header/>
<LocList/>
<HierarchyLvl HierarchyLvlId="1102" HierarchyLvlTypeId="5" Intrnl_Id="11" Name="jfree">
<Header/>
<LocList/>
<HierarchyLvl HierarchyLvlId="1101" HierarchyLvlTypeId="5" Intrnl_Id="12" Name="data">
<Header/>
<LocList/>
<HierarchyLvl HierarchyLvlId="1075" HierarchyLvlTypeId="6" Intrnl_Id="13" Name="Range">
<Header>
<Loc EndOffset="2802" SrcFileId="1" StartOffset="2751"/>
</Header>
<LocList>
<Loc EndOffset="12856" SrcFileId="1" StartOffset="2751"/>
</LocList>
<StmntSeq Intrnl_Id="14">
<LocList>
<Loc EndOffset="2909" SrcFileId="1" StartOffset="2843"/>
</LocList>
<BasicStmnt CovItemId="S1" CovItemPrefix="org.jfree.data.Range.java" Intrnl_Id="15">
<LocList>
<Loc EndOffset="2909" SrcFileId="1" StartOffset="2843"/>
</LocList>
</BasicStmnt>
</StmntSeq>
<HierarchyLvl HierarchyLvlId="1058" HierarchyLvlTypeId="7" Intrnl_Id="16" Name="Range">
<Header>
<Loc EndOffset="3286" SrcFileId="1" StartOffset="3246"/>
</Header>
<LocList>
<Loc EndOffset="3574" SrcFileId="1" StartOffset="3246"/>
</LocList>
<StmntSeq Intrnl_Id="17">
<LocList>
<Loc EndOffset="3509" SrcFileId="1" StartOffset="3298"/>
<Loc EndOffset="3538" SrcFileId="1" StartOffset="3519"/>
<Loc EndOffset="3567" SrcFileId="1" StartOffset="3548"/>
</LocList>
<CondStmnt CovItemId="S2" CovItemPrefix="org.jfree.data.Range.java" Intrnl_Id="18">
<Branch CovItemId="B1" CovItemPrefix="org.jfree.data.Range.java" Implct="false" Intrnl_Id="19">
<Cond/>
<LocList>
<Loc EndOffset="3509" SrcFileId="1" StartOffset="3317"/>
</LocList>
<StmntSeq Intrnl_Id="20">
<LocList>
<Loc EndOffset="3444" SrcFileId="1" StartOffset="3332"/>
<Loc EndOffset="3498" SrcFileId="1" StartOffset="3458"/>
</LocList>
<BasicStmnt CovItemId="S3" CovItemPrefix="org.jfree.data.Range.java" Intrnl_Id="21">
<LocList>
<Loc EndOffset="3444" SrcFileId="1" StartOffset="3332"/>
</LocList>
</BasicStmnt>
<BasicStmnt CovItemId="S4" CovItemPrefix="org.jfree.data.Range.java" Intrnl_Id="22">
<LocList>
<Loc EndOffset="3498" SrcFileId="1" StartOffset="3458"/>
</LocList>
</BasicStmnt>
</StmntSeq>
</Branch>
<Branch CovItemId="B2" CovItemPrefix="org.jfree.data.Range.java" Implct="true" Intrnl_Id="23">
<Cond/>
<LocList/>
<StmntSeq Intrnl_Id="24">
<LocList/>
</StmntSeq>
</Branch>
<Keyword EndOffset="3300" SrcFileId="1" StartOffset="3298"/>
<LocList>
<Loc EndOffset="3509" SrcFileId="1" StartOffset="3298"/>
</LocList>
<RootTerm CovItemId="C1" CovItemPrefix="org.jfree.data.Range.java" Intrnl_Id="25">
<BasicBoolTerm Intrnl_Id="26">
<LocList>
<Loc EndOffset="3315" SrcFileId="1" StartOffset="3302"/>
</LocList>
</BasicBoolTerm>
</RootTerm>
</CondStmnt>
<BasicStmnt CovItemId="S5" CovItemPrefix="org.jfree.data.Range.java" Intrnl_Id="27">
<LocList>
<Loc EndOffset="3538" SrcFileId="1" StartOffset="3519"/>
</LocList>
</BasicStmnt>
<BasicStmnt CovItemId="S6" CovItemPrefix="org.jfree.data.Range.java" Intrnl_Id="28">
<LocList>
<Loc EndOffset="3567" SrcFileId="1" StartOffset="3548"/>
</LocList>
</BasicStmnt>
</StmntSeq>
</HierarchyLvl>
<HierarchyLvl HierarchyLvlId="1059" HierarchyLvlTypeId="7" Intrnl_Id="29" Name="getLowerBound">
<Header>
<Loc EndOffset="3717" SrcFileId="1" StartOffset="3688"/>
</Header>
<LocList>
<Loc EndOffset="3754" SrcFileId="1" StartOffset="3688"/>
</LocList>
<StmntSeq Intrnl_Id="30">
<LocList>
<Loc EndOffset="3747" SrcFileId="1" StartOffset="3729"/>
</LocList>
<BasicStmnt CovItemId="S7" CovItemPrefix="org.jfree.data.Range.java" Intrnl_Id="31">
<LocList>
<Loc EndOffset="3747" SrcFileId="1" StartOffset="3729"/>
</LocList>
</BasicStmnt>
</StmntSeq>
</HierarchyLvl>
<HierarchyLvl HierarchyLvlId="1060" HierarchyLvlTypeId="7" Intrnl_Id="32" Name="getUpperBound">
<Header>
<Loc EndOffset="3897" SrcFileId="1" StartOffset="3868"/>
</Header>
<LocList>
<Loc EndOffset="3934" SrcFileId="1" StartOffset="3868"/>
</LocList>
<StmntSeq Intrnl_Id="33">
<LocList>
<Loc EndOffset="3927" SrcFileId="1" StartOffset="3909"/>
</LocList>
<BasicStmnt CovItemId="S8" CovItemPrefix="org.jfree.data.Range.java" Intrnl_Id="34">
<LocList>
<Loc EndOffset="3927" SrcFileId="1" StartOffset="3909"/>
</LocList>
</BasicStmnt>
</StmntSeq>
</HierarchyLvl>
<HierarchyLvl HierarchyLvlId="1061" HierarchyLvlTypeId="7" Intrnl_Id="35" Name="getLength">
<Header>
<Loc EndOffset="4062" SrcFileId="1" StartOffset="4037"/>
</Header>
<LocList>
<Loc EndOffset="4112" SrcFileId="1" StartOffset="4037"/>
</LocList>
<StmntSeq Intrnl_Id="36">
<LocList>
<Loc EndOffset="4105" SrcFileId="1" StartOffset="4074"/>
</LocList>
<BasicStmnt CovItemId="S9" CovItemPrefix="org.jfree.data.Range.java" Intrnl_Id="37">
<LocList>
<Loc EndOffset="4105" SrcFileId="1" StartOffset="4074"/>
</LocList>
</BasicStmnt>
</StmntSeq>
</HierarchyLvl>
<HierarchyLvl HierarchyLvlId="1062" HierarchyLvlTypeId="7" Intrnl_Id="38" Name="getCentralValue">
<Header>
<Loc EndOffset="4273" SrcFileId="1" StartOffset="4242"/>
</Header>
<LocList>
<Loc EndOffset="4335" SrcFileId="1" StartOffset="4242"/>
</LocList>
<StmntSeq Intrnl_Id="39">
<LocList>
<Loc EndOffset="4328" SrcFileId="1" StartOffset="4285"/>
</LocList>
<BasicStmnt CovItemId="S10" CovItemPrefix="org.jfree.data.Range.java" Intrnl_Id="40">
<LocList>
<Loc EndOffset="4328" SrcFileId="1" StartOffset="4285"/>
</LocList>
</BasicStmnt>
</StmntSeq>
</HierarchyLvl>
<HierarchyLvl HierarchyLvlId="1063" HierarchyLvlTypeId="7" Intrnl_Id="41" Name="contains">
<Header>
<Loc EndOffset="4656" SrcFileId="1" StartOffset="4619"/>
</Header>
<LocList>
<Loc EndOffset="4727" SrcFileId="1" StartOffset="4619"/>
</LocList>
<StmntSeq Intrnl_Id="42">
<LocList>
<Loc EndOffset="4720" SrcFileId="1" StartOffset="4668"/>
</LocList>
<BasicStmnt CovItemId="S11" CovItemPrefix="org.jfree.data.Range.java" Intrnl_Id="43">
<LocList>
<Loc EndOffset="4720" SrcFileId="1" StartOffset="4668"/>
</LocList>
</BasicStmnt>
</StmntSeq>
</HierarchyLvl>
<HierarchyLvl HierarchyLvlId="1064" HierarchyLvlTypeId="7" Intrnl_Id="44" Name="intersects">
<Header>
<Loc EndOffset="5156" SrcFileId="1" StartOffset="5103"/>
</Header>
<LocList>
<Loc EndOffset="5341" SrcFileId="1" StartOffset="5103"/>
</LocList>
<StmntSeq Intrnl_Id="45">
<LocList>
<Loc EndOffset="5334" SrcFileId="1" StartOffset="5168"/>
</LocList>
<CondStmnt CovItemId="S12" CovItemPrefix="org.jfree.data.Range.java" Intrnl_Id="46">
<Branch CovItemId="B3" CovItemPrefix="org.jfree.data.Range.java" Implct="false" Intrnl_Id="47">
<Cond/>
<LocList>
<Loc EndOffset="5247" SrcFileId="1" StartOffset="5193"/>
</LocList>
<StmntSeq Intrnl_Id="48">
<LocList>
<Loc EndOffset="5236" SrcFileId="1" StartOffset="5208"/>
</LocList>
<BasicStmnt CovItemId="S13" CovItemPrefix="org.jfree.data.Range.java" Intrnl_Id="49">
<LocList>
<Loc EndOffset="5236" SrcFileId="1" StartOffset="5208"/>
</LocList>
</BasicStmnt>
</StmntSeq>
</Branch>
<Branch CovItemId="B4" CovItemPrefix="org.jfree.data.Range.java" Implct="false" Intrnl_Id="50">
<Cond>
<Loc EndOffset="5261" SrcFileId="1" StartOffset="5257"/>
</Cond>
<LocList>
<Loc EndOffset="5334" SrcFileId="1" StartOffset="5262"/>
</LocList>
<StmntSeq Intrnl_Id="51">
<LocList>
<Loc EndOffset="5323" SrcFileId="1" StartOffset="5277"/>
</LocList>
<BasicStmnt CovItemId="S14" CovItemPrefix="org.jfree.data.Range.java" Intrnl_Id="52">
<LocList>
<Loc EndOffset="5323" SrcFileId="1" StartOffset="5277"/>
</LocList>
</BasicStmnt>
</StmntSeq>
</Branch>
<Keyword EndOffset="5170" SrcFileId="1" StartOffset="5168"/>
<LocList>
<Loc EndOffset="5334" SrcFileId="1" StartOffset="5168"/>
</LocList>
<RootTerm CovItemId="C2" CovItemPrefix="org.jfree.data.Range.java" Intrnl_Id="53">
<BasicBoolTerm Intrnl_Id="54">
<LocList>
<Loc EndOffset="5191" SrcFileId="1" StartOffset="5172"/>
</LocList>
</BasicBoolTerm>
</RootTerm>
</CondStmnt>
</StmntSeq>
</HierarchyLvl>
<HierarchyLvl HierarchyLvlId="1065" HierarchyLvlTypeId="7" Intrnl_Id="55" Name="constrain">
<Header>
<Loc EndOffset="5692" SrcFileId="1" StartOffset="5655"/>
</Header>
<LocList>
<Loc EndOffset="5996" SrcFileId="1" StartOffset="5655"/>
</LocList>
<StmntSeq Intrnl_Id="56">
<LocList>
<Loc EndOffset="5726" SrcFileId="1" StartOffset="5704"/>
<Loc EndOffset="5965" SrcFileId="1" StartOffset="5736"/>
<Loc EndOffset="5989" SrcFileId="1" StartOffset="5975"/>
</LocList>
<BasicStmnt CovItemId="S15" CovItemPrefix="org.jfree.data.Range.java" Intrnl_Id="57">
<LocList>
<Loc EndOffset="5726" SrcFileId="1" StartOffset="5704"/>
</LocList>
</BasicStmnt>
<CondStmnt CovItemId="S16" CovItemPrefix="org.jfree.data.Range.java" Intrnl_Id="58">
<Branch CovItemId="B5" CovItemPrefix="org.jfree.data.Range.java" Implct="false" Intrnl_Id="59">
<Cond/>
<LocList>
<Loc EndOffset="5965" SrcFileId="1" StartOffset="5758"/>
</LocList>
<StmntSeq Intrnl_Id="60">
<LocList>
<Loc EndOffset="5954" SrcFileId="1" StartOffset="5773"/>
</LocList>
<CondStmnt CovItemId="S17" CovItemPrefix="org.jfree.data.Range.java" Intrnl_Id="61">
<Branch CovItemId="B7" CovItemPrefix="org.jfree.data.Range.java" Implct="false" Intrnl_Id="62">
<Cond/>
<LocList>
<Loc EndOffset="5854" SrcFileId="1" StartOffset="5797"/>
</LocList>
<StmntSeq Intrnl_Id="63">
<LocList>
<Loc EndOffset="5836" SrcFileId="1" StartOffset="5816"/>
</LocList>
<BasicStmnt CovItemId="S18" CovItemPrefix="org.jfree.data.Range.java" Intrnl_Id="64">
<LocList>
<Loc EndOffset="5836" SrcFileId="1" StartOffset="5816"/>
</LocList>
</BasicStmnt>
</StmntSeq>
</Branch>
<Branch CovItemId="B8" CovItemPrefix="org.jfree.data.Range.java" Implct="false" Intrnl_Id="65">
<Cond>
<Loc EndOffset="5872" SrcFileId="1" StartOffset="5868"/>
</Cond>
<LocList>
<Loc EndOffset="5954" SrcFileId="1" StartOffset="5873"/>
</LocList>
<StmntSeq Intrnl_Id="66">
<LocList>
<Loc EndOffset="5954" SrcFileId="1" StartOffset="5873"/>
</LocList>
<CondStmnt CovItemId="S19" CovItemPrefix="org.jfree.data.Range.java" Intrnl_Id="67">
<Branch CovItemId="B9" CovItemPrefix="org.jfree.data.Range.java" Implct="false" Intrnl_Id="68">
<Cond/>
<LocList>
<Loc EndOffset="5954" SrcFileId="1" StartOffset="5897"/>
</LocList>
<StmntSeq Intrnl_Id="69">
<LocList>
<Loc EndOffset="5936" SrcFileId="1" StartOffset="5916"/>
</LocList>
<BasicStmnt CovItemId="S20" CovItemPrefix="org.jfree.data.Range.java" Intrnl_Id="70">
<LocList>
<Loc EndOffset="5936" SrcFileId="1" StartOffset="5916"/>
</LocList>
</BasicStmnt>
</StmntSeq>
</Branch>
<Branch CovItemId="B10" CovItemPrefix="org.jfree.data.Range.java" Implct="true" Intrnl_Id="71">
<Cond/>
<LocList/>
<StmntSeq Intrnl_Id="72">
<LocList/>
</StmntSeq>
</Branch>
<Keyword EndOffset="5875" SrcFileId="1" StartOffset="5873"/>
<LocList>
<Loc EndOffset="5954" SrcFileId="1" StartOffset="5873"/>
</LocList>
<RootTerm CovItemId="C5" CovItemPrefix="org.jfree.data.Range.java" Intrnl_Id="73">
<BasicBoolTerm Intrnl_Id="74">
<LocList>
<Loc EndOffset="5895" SrcFileId="1" StartOffset="5877"/>
</LocList>
</BasicBoolTerm>
</RootTerm>
</CondStmnt>
</StmntSeq>
</Branch>
<Keyword EndOffset="5775" SrcFileId="1" StartOffset="5773"/>
<LocList>
<Loc EndOffset="5954" SrcFileId="1" StartOffset="5773"/>
</LocList>
<RootTerm CovItemId="C4" CovItemPrefix="org.jfree.data.Range.java" Intrnl_Id="75">
<BasicBoolTerm Intrnl_Id="76">
<LocList>
<Loc EndOffset="5795" SrcFileId="1" StartOffset="5777"/>
</LocList>
</BasicBoolTerm>
</RootTerm>
</CondStmnt>
</StmntSeq>
</Branch>
<Branch CovItemId="B6" CovItemPrefix="org.jfree.data.Range.java" Implct="true" Intrnl_Id="77">
<Cond/>
<LocList/>
<StmntSeq Intrnl_Id="78">
<LocList/>
</StmntSeq>
</Branch>
<Keyword EndOffset="5738" SrcFileId="1" StartOffset="5736"/>
<LocList>
<Loc EndOffset="5965" SrcFileId="1" StartOffset="5736"/>
</LocList>
<RootTerm CovItemId="C3" CovItemPrefix="org.jfree.data.Range.java" Intrnl_Id="79">
<OpTerm BooleanOpId="4" Intrnl_Id="80">
<BasicBoolTerm Intrnl_Id="81">
<LocList>
<Loc EndOffset="5756" SrcFileId="1" StartOffset="5741"/>
</LocList>
</BasicBoolTerm>
<LocList>
<Loc EndOffset="5741" SrcFileId="1" StartOffset="5740"/>
</LocList>
</OpTerm>
</RootTerm>
</CondStmnt>
<BasicStmnt CovItemId="S21" CovItemPrefix="org.jfree.data.Range.java" Intrnl_Id="82">
<LocList>
<Loc EndOffset="5989" SrcFileId="1" StartOffset="5975"/>
</LocList>
</BasicStmnt>
</StmntSeq>
</HierarchyLvl>
<HierarchyLvl HierarchyLvlId="1066" HierarchyLvlTypeId="7" Intrnl_Id="83" Name="combine">
<Header>
<Loc EndOffset="6670" SrcFileId="1" StartOffset="6615"/>
</Header>
<LocList>
<Loc EndOffset="7158" SrcFileId="1" StartOffset="6615"/>
</LocList>
<StmntSeq Intrnl_Id="84">
<LocList>
<Loc EndOffset="7151" SrcFileId="1" StartOffset="6682"/>
</LocList>
<CondStmnt CovItemId="S22" CovItemPrefix="org.jfree.data.Range.java" Intrnl_Id="85">
<Branch CovItemId="B11" CovItemPrefix="org.jfree.data.Range.java" Implct="false" Intrnl_Id="86">
<Cond/>
<LocList>
<Loc EndOffset="6742" SrcFileId="1" StartOffset="6702"/>
</LocList>
<StmntSeq Intrnl_Id="87">
<LocList>
<Loc EndOffset="6731" SrcFileId="1" StartOffset="6717"/>
</LocList>
<BasicStmnt CovItemId="S23" CovItemPrefix="org.jfree.data.Range.java" Intrnl_Id="88">
<LocList>
<Loc EndOffset="6731" SrcFileId="1" StartOffset="6717"/>
</LocList>
</BasicStmnt>
</StmntSeq>
</Branch>
<Branch CovItemId="B12" CovItemPrefix="org.jfree.data.Range.java" Implct="false" Intrnl_Id="89">
<Cond>
<Loc EndOffset="6756" SrcFileId="1" StartOffset="6752"/>
</Cond>
<LocList>
<Loc EndOffset="7151" SrcFileId="1" StartOffset="6757"/>
</LocList>
<StmntSeq Intrnl_Id="90">
<LocList>
<Loc EndOffset="7140" SrcFileId="1" StartOffset="6772"/>
</LocList>
<CondStmnt CovItemId="S24" CovItemPrefix="org.jfree.data.Range.java" Intrnl_Id="91">
<Branch CovItemId="B13" CovItemPrefix="org.jfree.data.Range.java" Implct="false" Intrnl_Id="92">
<Cond/>
<LocList>
<Loc EndOffset="6840" SrcFileId="1" StartOffset="6792"/>
</LocList>
<StmntSeq Intrnl_Id="93">
<LocList>
<Loc EndOffset="6825" SrcFileId="1" StartOffset="6811"/>
</LocList>
<BasicStmnt CovItemId="S25" CovItemPrefix="org.jfree.data.Range.java" Intrnl_Id="94">
<LocList>
<Loc EndOffset="6825" SrcFileId="1" StartOffset="6811"/>
</LocList>
</BasicStmnt>
</StmntSeq>
</Branch>
<Branch CovItemId="B14" CovItemPrefix="org.jfree.data.Range.java" Implct="false" Intrnl_Id="95">
<Cond>
<Loc EndOffset="6858" SrcFileId="1" StartOffset="6854"/>
</Cond>
<LocList>
<Loc EndOffset="7140" SrcFileId="1" StartOffset="6859"/>
</LocList>
<StmntSeq Intrnl_Id="96">
<LocList>
<Loc EndOffset="6972" SrcFileId="1" StartOffset="6878"/>
<Loc EndOffset="7084" SrcFileId="1" StartOffset="6990"/>
<Loc EndOffset="7125" SrcFileId="1" StartOffset="7102"/>
</LocList>
<BasicStmnt CovItemId="S26" CovItemPrefix="org.jfree.data.Range.java" Intrnl_Id="97">
<LocList>
<Loc EndOffset="6972" SrcFileId="1" StartOffset="6878"/>
</LocList>
</BasicStmnt>
<BasicStmnt CovItemId="S27" CovItemPrefix="org.jfree.data.Range.java" Intrnl_Id="98">
<LocList>
<Loc EndOffset="7084" SrcFileId="1" StartOffset="6990"/>
</LocList>
</BasicStmnt>
<BasicStmnt CovItemId="S28" CovItemPrefix="org.jfree.data.Range.java" Intrnl_Id="99">
<LocList>
<Loc EndOffset="7125" SrcFileId="1" StartOffset="7102"/>
</LocList>
</BasicStmnt>
</StmntSeq>
</Branch>
<Keyword EndOffset="6774" SrcFileId="1" StartOffset="6772"/>
<LocList>
<Loc EndOffset="7140" SrcFileId="1" StartOffset="6772"/>
</LocList>
<RootTerm CovItemId="C7" CovItemPrefix="org.jfree.data.Range.java" Intrnl_Id="100">
<BasicBoolTerm Intrnl_Id="101">
<LocList>
<Loc EndOffset="6790" SrcFileId="1" StartOffset="6776"/>
</LocList>
</BasicBoolTerm>
</RootTerm>
</CondStmnt>
</StmntSeq>
</Branch>
<Keyword EndOffset="6684" SrcFileId="1" StartOffset="6682"/>
<LocList>
<Loc EndOffset="7151" SrcFileId="1" StartOffset="6682"/>
</LocList>
<RootTerm CovItemId="C6" CovItemPrefix="org.jfree.data.Range.java" Intrnl_Id="102">
<BasicBoolTerm Intrnl_Id="103">
<LocList>
<Loc EndOffset="6700" SrcFileId="1" StartOffset="6686"/>
</LocList>
</BasicBoolTerm>
</RootTerm>
</CondStmnt>
</StmntSeq>
</HierarchyLvl>
<HierarchyLvl HierarchyLvlId="1067" HierarchyLvlTypeId="7" Intrnl_Id="104" Name="expandToInclude">
<Header>
<Loc EndOffset="7639" SrcFileId="1" StartOffset="7577"/>
</Header>
<LocList>
<Loc EndOffset="8029" SrcFileId="1" StartOffset="7577"/>
</LocList>
<StmntSeq Intrnl_Id="105">
<LocList>
<Loc EndOffset="7727" SrcFileId="1" StartOffset="7651"/>
<Loc EndOffset="8022" SrcFileId="1" StartOffset="7737"/>
</LocList>
<CondStmnt CovItemId="S29" CovItemPrefix="org.jfree.data.Range.java" Intrnl_Id="106">
<Branch CovItemId="B15" CovItemPrefix="org.jfree.data.Range.java" Implct="false" Intrnl_Id="107">
<Cond/>
<LocList>
<Loc EndOffset="7727" SrcFileId="1" StartOffset="7670"/>
</LocList>
<StmntSeq Intrnl_Id="108">
<LocList>
<Loc EndOffset="7716" SrcFileId="1" StartOffset="7685"/>
</LocList>
<BasicStmnt CovItemId="S30" CovItemPrefix="org.jfree.data.Range.java" Intrnl_Id="109">
<LocList>
<Loc EndOffset="7716" SrcFileId="1" StartOffset="7685"/>
</LocList>
</BasicStmnt>
</StmntSeq>
</Branch>
<Branch CovItemId="B16" CovItemPrefix="org.jfree.data.Range.java" Implct="true" Intrnl_Id="110">
<Cond/>
<LocList/>
<StmntSeq Intrnl_Id="111">
<LocList/>
</StmntSeq>
</Branch>
<Keyword EndOffset="7653" SrcFileId="1" StartOffset="7651"/>
<LocList>
<Loc EndOffset="7727" SrcFileId="1" StartOffset="7651"/>
</LocList>
<RootTerm CovItemId="C8" CovItemPrefix="org.jfree.data.Range.java" Intrnl_Id="112">
<BasicBoolTerm Intrnl_Id="113">
<LocList>
<Loc EndOffset="7668" SrcFileId="1" StartOffset="7655"/>
</LocList>
</BasicBoolTerm>
</RootTerm>
</CondStmnt>
<CondStmnt CovItemId="S31" CovItemPrefix="org.jfree.data.Range.java" Intrnl_Id="114">
<Branch CovItemId="B17" CovItemPrefix="org.jfree.data.Range.java" Implct="false" Intrnl_Id="115">
<Cond/>
<LocList>
<Loc EndOffset="7845" SrcFileId="1" StartOffset="7772"/>
</LocList>
<StmntSeq Intrnl_Id="116">
<LocList>
<Loc EndOffset="7834" SrcFileId="1" StartOffset="7787"/>
</LocList>
<BasicStmnt CovItemId="S32" CovItemPrefix="org.jfree.data.Range.java" Intrnl_Id="117">
<LocList>
<Loc EndOffset="7834" SrcFileId="1" StartOffset="7787"/>
</LocList>
</BasicStmnt>
</StmntSeq>
</Branch>
<Branch CovItemId="B18" CovItemPrefix="org.jfree.data.Range.java" Implct="false" Intrnl_Id="118">
<Cond>
<Loc EndOffset="7859" SrcFileId="1" StartOffset="7855"/>
</Cond>
<LocList>
<Loc EndOffset="8022" SrcFileId="1" StartOffset="7860"/>
</LocList>
<StmntSeq Intrnl_Id="119">
<LocList>
<Loc EndOffset="8022" SrcFileId="1" StartOffset="7860"/>
</LocList>
<CondStmnt CovItemId="S33" CovItemPrefix="org.jfree.data.Range.java" Intrnl_Id="120">
<Branch CovItemId="B19" CovItemPrefix="org.jfree.data.Range.java" Implct="false" Intrnl_Id="121">
<Cond/>
<LocList>
<Loc EndOffset="7968" SrcFileId="1" StartOffset="7895"/>
</LocList>
<StmntSeq Intrnl_Id="122">
<LocList>
<Loc EndOffset="7957" SrcFileId="1" StartOffset="7910"/>
</LocList>
<BasicStmnt CovItemId="S34" CovItemPrefix="org.jfree.data.Range.java" Intrnl_Id="123">
<LocList>
<Loc EndOffset="7957" SrcFileId="1" StartOffset="7910"/>
</LocList>
</BasicStmnt>
</StmntSeq>
</Branch>
<Branch CovItemId="B20" CovItemPrefix="org.jfree.data.Range.java" Implct="false" Intrnl_Id="124">
<Cond>
<Loc EndOffset="7982" SrcFileId="1" StartOffset="7978"/>
</Cond>
<LocList>
<Loc EndOffset="8022" SrcFileId="1" StartOffset="7983"/>
</LocList>
<StmntSeq Intrnl_Id="125">
<LocList>
<Loc EndOffset="8011" SrcFileId="1" StartOffset="7998"/>
</LocList>
<BasicStmnt CovItemId="S35" CovItemPrefix="org.jfree.data.Range.java" Intrnl_Id="126">
<LocList>
<Loc EndOffset="8011" SrcFileId="1" StartOffset="7998"/>
</LocList>
</BasicStmnt>
</StmntSeq>
</Branch>
<Keyword EndOffset="7862" SrcFileId="1" StartOffset="7860"/>
<LocList>
<Loc EndOffset="8022" SrcFileId="1" StartOffset="7860"/>
</LocList>
<RootTerm CovItemId="C10" CovItemPrefix="org.jfree.data.Range.java" Intrnl_Id="127">
<BasicBoolTerm Intrnl_Id="128">
<LocList>
<Loc EndOffset="7893" SrcFileId="1" StartOffset="7864"/>
</LocList>
</BasicBoolTerm>
</RootTerm>
</CondStmnt>
</StmntSeq>
</Branch>
<Keyword EndOffset="7739" SrcFileId="1" StartOffset="7737"/>
<LocList>
<Loc EndOffset="8022" SrcFileId="1" StartOffset="7737"/>
</LocList>
<RootTerm CovItemId="C9" CovItemPrefix="org.jfree.data.Range.java" Intrnl_Id="129">
<BasicBoolTerm Intrnl_Id="130">
<LocList>
<Loc EndOffset="7770" SrcFileId="1" StartOffset="7741"/>
</LocList>
</BasicBoolTerm>
</RootTerm>
</CondStmnt>
</StmntSeq>
</HierarchyLvl>
<HierarchyLvl HierarchyLvlId="1068" HierarchyLvlTypeId="7" Intrnl_Id="131" Name="expand">
<Header>
<Loc EndOffset="8691" SrcFileId="1" StartOffset="8579"/>
</Header>
<LocList>
<Loc EndOffset="9062" SrcFileId="1" StartOffset="8579"/>
</LocList>
<StmntSeq Intrnl_Id="132">
<LocList>
<Loc EndOffset="8812" SrcFileId="1" StartOffset="8703"/>
<Loc EndOffset="8856" SrcFileId="1" StartOffset="8822"/>
<Loc EndOffset="8902" SrcFileId="1" StartOffset="8866"/>
<Loc EndOffset="8948" SrcFileId="1" StartOffset="8912"/>
<Loc EndOffset="9055" SrcFileId="1" StartOffset="8958"/>
</LocList>
<CondStmnt CovItemId="S36" CovItemPrefix="org.jfree.data.Range.java" Intrnl_Id="133">
<Branch CovItemId="B21" CovItemPrefix="org.jfree.data.Range.java" Implct="false" Intrnl_Id="134">
<Cond/>
<LocList>
<Loc EndOffset="8812" SrcFileId="1" StartOffset="8722"/>
</LocList>
<StmntSeq Intrnl_Id="135">
<LocList>
<Loc EndOffset="8798" SrcFileId="1" StartOffset="8737"/>
</LocList>
<BasicStmnt CovItemId="S37" CovItemPrefix="org.jfree.data.Range.java" Intrnl_Id="136">
<LocList>
<Loc EndOffset="8798" SrcFileId="1" StartOffset="8737"/>
</LocList>
</BasicStmnt>
</StmntSeq>
</Branch>
<Branch CovItemId="B22" CovItemPrefix="org.jfree.data.Range.java" Implct="true" Intrnl_Id="137">
<Cond/>
<LocList/>
<StmntSeq Intrnl_Id="138">
<LocList/>
</StmntSeq>
</Branch>
<Keyword EndOffset="8705" SrcFileId="1" StartOffset="8703"/>
<LocList>
<Loc EndOffset="8812" SrcFileId="1" StartOffset="8703"/>
</LocList>
<RootTerm CovItemId="C11" CovItemPrefix="org.jfree.data.Range.java" Intrnl_Id="139">
<BasicBoolTerm Intrnl_Id="140">
<LocList>
<Loc EndOffset="8720" SrcFileId="1" StartOffset="8707"/>
</LocList>
</BasicBoolTerm>
</RootTerm>
</CondStmnt>
<BasicStmnt CovItemId="S38" CovItemPrefix="org.jfree.data.Range.java" Intrnl_Id="141">
<LocList>
<Loc EndOffset="8856" SrcFileId="1" StartOffset="8822"/>
</LocList>
</BasicStmnt>
<BasicStmnt CovItemId="S39" CovItemPrefix="org.jfree.data.Range.java" Intrnl_Id="142">
<LocList>
<Loc EndOffset="8902" SrcFileId="1" StartOffset="8866"/>
</LocList>
</BasicStmnt>
<BasicStmnt CovItemId="S40" CovItemPrefix="org.jfree.data.Range.java" Intrnl_Id="143">
<LocList>
<Loc EndOffset="8948" SrcFileId="1" StartOffset="8912"/>
</LocList>
</BasicStmnt>
<BasicStmnt CovItemId="S41" CovItemPrefix="org.jfree.data.Range.java" Intrnl_Id="144">
<LocList>
<Loc EndOffset="9055" SrcFileId="1" StartOffset="8958"/>
</LocList>
</BasicStmnt>
</StmntSeq>
</HierarchyLvl>
<HierarchyLvl HierarchyLvlId="1069" HierarchyLvlTypeId="7" Intrnl_Id="145" Name="shift">
<Header>
<Loc EndOffset="9533" SrcFileId="1" StartOffset="9482"/>
</Header>
<LocList>
<Loc EndOffset="9585" SrcFileId="1" StartOffset="9482"/>
</LocList>
<StmntSeq Intrnl_Id="146">
<LocList>
<Loc EndOffset="9578" SrcFileId="1" StartOffset="9545"/>
</LocList>
<BasicStmnt CovItemId="S42" CovItemPrefix="org.jfree.data.Range.java" Intrnl_Id="147">
<LocList>
<Loc EndOffset="9578" SrcFileId="1" StartOffset="9545"/>
</LocList>
</BasicStmnt>
</StmntSeq>
</HierarchyLvl>
<HierarchyLvl HierarchyLvlId="1070" HierarchyLvlTypeId="7" Intrnl_Id="148" Name="shift">
<Header>
<Loc EndOffset="10413" SrcFileId="1" StartOffset="10303"/>
</Header>
<LocList>
<Loc EndOffset="10790" SrcFileId="1" StartOffset="10303"/>
</LocList>
<StmntSeq Intrnl_Id="149">
<LocList>
<Loc EndOffset="10783" SrcFileId="1" StartOffset="10425"/>
</LocList>
<CondStmnt CovItemId="S43" CovItemPrefix="org.jfree.data.Range.java" Intrnl_Id="150">
<Branch CovItemId="B23" CovItemPrefix="org.jfree.data.Range.java" Implct="false" Intrnl_Id="151">
<Cond/>
<LocList>
<Loc EndOffset="10573" SrcFileId="1" StartOffset="10448"/>
</LocList>
<StmntSeq Intrnl_Id="152">
<LocList>
<Loc EndOffset="10562" SrcFileId="1" StartOffset="10463"/>
</LocList>
<BasicStmnt CovItemId="S44" CovItemPrefix="org.jfree.data.Range.java" Intrnl_Id="153">
<LocList>
<Loc EndOffset="10562" SrcFileId="1" StartOffset="10463"/>
</LocList>
</BasicStmnt>
</StmntSeq>
</Branch>
<Branch CovItemId="B24" CovItemPrefix="org.jfree.data.Range.java" Implct="false" Intrnl_Id="154">
<Cond>
<Loc EndOffset="10587" SrcFileId="1" StartOffset="10583"/>
</Cond>
<LocList>
<Loc EndOffset="10783" SrcFileId="1" StartOffset="10588"/>
</LocList>
<StmntSeq Intrnl_Id="155">
<LocList>
<Loc EndOffset="10772" SrcFileId="1" StartOffset="10603"/>
</LocList>
<BasicStmnt CovItemId="S45" CovItemPrefix="org.jfree.data.Range.java" Intrnl_Id="156">
<LocList>
<Loc EndOffset="10772" SrcFileId="1" StartOffset="10603"/>
</LocList>
</BasicStmnt>
</StmntSeq>
</Branch>
<Keyword EndOffset="10427" SrcFileId="1" StartOffset="10425"/>
<LocList>
<Loc EndOffset="10783" SrcFileId="1" StartOffset="10425"/>
</LocList>
<RootTerm CovItemId="C12" CovItemPrefix="org.jfree.data.Range.java" Intrnl_Id="157">
<BasicBoolTerm Intrnl_Id="158">
<LocList>
<Loc EndOffset="10446" SrcFileId="1" StartOffset="10429"/>
</LocList>
</BasicBoolTerm>
</RootTerm>
</CondStmnt>
</StmntSeq>
</HierarchyLvl>
<HierarchyLvl HierarchyLvlId="1071" HierarchyLvlTypeId="7" Intrnl_Id="159" Name="shiftWithNoZeroCrossing">
<Header>
<Loc EndOffset="11169" SrcFileId="1" StartOffset="11096"/>
</Header>
<LocList>
<Loc EndOffset="11428" SrcFileId="1" StartOffset="11096"/>
</LocList>
<StmntSeq Intrnl_Id="160">
<LocList>
<Loc EndOffset="11421" SrcFileId="1" StartOffset="11181"/>
</LocList>
<CondStmnt CovItemId="S46" CovItemPrefix="org.jfree.data.Range.java" Intrnl_Id="161">
<Branch CovItemId="B25" CovItemPrefix="org.jfree.data.Range.java" Implct="false" Intrnl_Id="162">
<Cond/>
<LocList>
<Loc EndOffset="11262" SrcFileId="1" StartOffset="11198"/>
</LocList>
<StmntSeq Intrnl_Id="163">
<LocList>
<Loc EndOffset="11249" SrcFileId="1" StartOffset="11213"/>
</LocList>
<BasicStmnt CovItemId="S47" CovItemPrefix="org.jfree.data.Range.java" Intrnl_Id="164">
<LocList>
<Loc EndOffset="11249" SrcFileId="1" StartOffset="11213"/>
</LocList>
</BasicStmnt>
</StmntSeq>
</Branch>
<Branch CovItemId="B26" CovItemPrefix="org.jfree.data.Range.java" Implct="false" Intrnl_Id="165">
<Cond>
<Loc EndOffset="11276" SrcFileId="1" StartOffset="11272"/>
</Cond>
<LocList>
<Loc EndOffset="11421" SrcFileId="1" StartOffset="11277"/>
</LocList>
<StmntSeq Intrnl_Id="166">
<LocList>
<Loc EndOffset="11421" SrcFileId="1" StartOffset="11277"/>
</LocList>
<CondStmnt CovItemId="S48" CovItemPrefix="org.jfree.data.Range.java" Intrnl_Id="167">
<Branch CovItemId="B27" CovItemPrefix="org.jfree.data.Range.java" Implct="false" Intrnl_Id="168">
<Cond/>
<LocList>
<Loc EndOffset="11356" SrcFileId="1" StartOffset="11294"/>
</LocList>
<StmntSeq Intrnl_Id="169">
<LocList>
<Loc EndOffset="11345" SrcFileId="1" StartOffset="11309"/>
</LocList>
<BasicStmnt CovItemId="S49" CovItemPrefix="org.jfree.data.Range.java" Intrnl_Id="170">
<LocList>
<Loc EndOffset="11345" SrcFileId="1" StartOffset="11309"/>
</LocList>
</BasicStmnt>
</StmntSeq>
</Branch>
<Branch CovItemId="B28" CovItemPrefix="org.jfree.data.Range.java" Implct="false" Intrnl_Id="171">
<Cond>
<Loc EndOffset="11370" SrcFileId="1" StartOffset="11366"/>
</Cond>
<LocList>
<Loc EndOffset="11421" SrcFileId="1" StartOffset="11371"/>
</LocList>
<StmntSeq Intrnl_Id="172">
<LocList>
<Loc EndOffset="11407" SrcFileId="1" StartOffset="11386"/>
</LocList>
<BasicStmnt CovItemId="S50" CovItemPrefix="org.jfree.data.Range.java" Intrnl_Id="173">
<LocList>
<Loc EndOffset="11407" SrcFileId="1" StartOffset="11386"/>
</LocList>
</BasicStmnt>
</StmntSeq>
</Branch>
<Keyword EndOffset="11279" SrcFileId="1" StartOffset="11277"/>
<LocList>
<Loc EndOffset="11421" SrcFileId="1" StartOffset="11277"/>
</LocList>
<RootTerm CovItemId="C14" CovItemPrefix="org.jfree.data.Range.java" Intrnl_Id="174">
<BasicBoolTerm Intrnl_Id="175">
<LocList>
<Loc EndOffset="11292" SrcFileId="1" StartOffset="11281"/>
</LocList>
</BasicBoolTerm>
</RootTerm>
</CondStmnt>
</StmntSeq>
</Branch>
<Keyword EndOffset="11183" SrcFileId="1" StartOffset="11181"/>
<LocList>
<Loc EndOffset="11421" SrcFileId="1" StartOffset="11181"/>
</LocList>
<RootTerm CovItemId="C13" CovItemPrefix="org.jfree.data.Range.java" Intrnl_Id="176">
<BasicBoolTerm Intrnl_Id="177">
<LocList>
<Loc EndOffset="11196" SrcFileId="1" StartOffset="11185"/>
</LocList>
</BasicBoolTerm>
</RootTerm>
</CondStmnt>
</StmntSeq>
</HierarchyLvl>
<HierarchyLvl HierarchyLvlId="1072" HierarchyLvlTypeId="7" Intrnl_Id="178" Name="equals">
<Header>
<Loc EndOffset="11728" SrcFileId="1" StartOffset="11695"/>
</Header>
<LocList>
<Loc EndOffset="12038" SrcFileId="1" StartOffset="11695"/>
</LocList>
<StmntSeq Intrnl_Id="179">
<LocList>
<Loc EndOffset="11808" SrcFileId="1" StartOffset="11740"/>
<Loc EndOffset="11844" SrcFileId="1" StartOffset="11818"/>
<Loc EndOffset="11927" SrcFileId="1" StartOffset="11854"/>
<Loc EndOffset="12009" SrcFileId="1" StartOffset="11937"/>
<Loc EndOffset="12031" SrcFileId="1" StartOffset="12019"/>
</LocList>
<CondStmnt CovItemId="S51" CovItemPrefix="org.jfree.data.Range.java" Intrnl_Id="180">
<Branch CovItemId="B29" CovItemPrefix="org.jfree.data.Range.java" Implct="false" Intrnl_Id="181">
<Cond/>
<LocList>
<Loc EndOffset="11808" SrcFileId="1" StartOffset="11769"/>
</LocList>
<StmntSeq Intrnl_Id="182">
<LocList>
<Loc EndOffset="11797" SrcFileId="1" StartOffset="11784"/>
</LocList>
<BasicStmnt CovItemId="S52" CovItemPrefix="org.jfree.data.Range.java" Intrnl_Id="183">
<LocList>
<Loc EndOffset="11797" SrcFileId="1" StartOffset="11784"/>
</LocList>
</BasicStmnt>
</StmntSeq>
</Branch>
<Branch CovItemId="B30" CovItemPrefix="org.jfree.data.Range.java" Implct="true" Intrnl_Id="184">
<Cond/>
<LocList/>
<StmntSeq Intrnl_Id="185">
<LocList/>
</StmntSeq>
</Branch>
<Keyword EndOffset="11742" SrcFileId="1" StartOffset="11740"/>
<LocList>
<Loc EndOffset="11808" SrcFileId="1" StartOffset="11740"/>
</LocList>
<RootTerm CovItemId="C15" CovItemPrefix="org.jfree.data.Range.java" Intrnl_Id="186">
<OpTerm BooleanOpId="4" Intrnl_Id="187">
<BasicBoolTerm Intrnl_Id="188">
<LocList>
<Loc EndOffset="11766" SrcFileId="1" StartOffset="11746"/>
</LocList>
</BasicBoolTerm>
<LocList>
<Loc EndOffset="11745" SrcFileId="1" StartOffset="11744"/>
</LocList>
</OpTerm>
</RootTerm>
</CondStmnt>
<BasicStmnt CovItemId="S53" CovItemPrefix="org.jfree.data.Range.java" Intrnl_Id="189">
<LocList>
<Loc EndOffset="11844" SrcFileId="1" StartOffset="11818"/>
</LocList>
</BasicStmnt>
<CondStmnt CovItemId="S54" CovItemPrefix="org.jfree.data.Range.java" Intrnl_Id="190">
<Branch CovItemId="B31" CovItemPrefix="org.jfree.data.Range.java" Implct="false" Intrnl_Id="191">
<Cond/>
<LocList>
<Loc EndOffset="11927" SrcFileId="1" StartOffset="11888"/>
</LocList>
<StmntSeq Intrnl_Id="192">
<LocList>
<Loc EndOffset="11916" SrcFileId="1" StartOffset="11903"/>
</LocList>
<BasicStmnt CovItemId="S55" CovItemPrefix="org.jfree.data.Range.java" Intrnl_Id="193">
<LocList>
<Loc EndOffset="11916" SrcFileId="1" StartOffset="11903"/>
</LocList>
</BasicStmnt>
</StmntSeq>
</Branch>
<Branch CovItemId="B32" CovItemPrefix="org.jfree.data.Range.java" Implct="true" Intrnl_Id="194">
<Cond/>
<LocList/>
<StmntSeq Intrnl_Id="195">
<LocList/>
</StmntSeq>
</Branch>
<Keyword EndOffset="11856" SrcFileId="1" StartOffset="11854"/>
<LocList>
<Loc EndOffset="11927" SrcFileId="1" StartOffset="11854"/>
</LocList>
<RootTerm CovItemId="C16" CovItemPrefix="org.jfree.data.Range.java" Intrnl_Id="196">
<OpTerm BooleanOpId="4" Intrnl_Id="197">
<BasicBoolTerm Intrnl_Id="198">
<LocList>
<Loc EndOffset="11885" SrcFileId="1" StartOffset="11860"/>
</LocList>
</BasicBoolTerm>
<LocList>
<Loc EndOffset="11859" SrcFileId="1" StartOffset="11858"/>
</LocList>
</OpTerm>
</RootTerm>
</CondStmnt>
<CondStmnt CovItemId="S56" CovItemPrefix="org.jfree.data.Range.java" Intrnl_Id="199">
<Branch CovItemId="B33" CovItemPrefix="org.jfree.data.Range.java" Implct="false" Intrnl_Id="200">
<Cond/>
<LocList>
<Loc EndOffset="12009" SrcFileId="1" StartOffset="11971"/>
</LocList>
<StmntSeq Intrnl_Id="201">
<LocList>
<Loc EndOffset="11998" SrcFileId="1" StartOffset="11986"/>
</LocList>
<BasicStmnt CovItemId="S57" CovItemPrefix="org.jfree.data.Range.java" Intrnl_Id="202">
<LocList>
<Loc EndOffset="11998" SrcFileId="1" StartOffset="11986"/>
</LocList>
</BasicStmnt>
</StmntSeq>
</Branch>
<Branch CovItemId="B34" CovItemPrefix="org.jfree.data.Range.java" Implct="true" Intrnl_Id="203">
<Cond/>
<LocList/>
<StmntSeq Intrnl_Id="204">
<LocList/>
</StmntSeq>
</Branch>
<Keyword EndOffset="11939" SrcFileId="1" StartOffset="11937"/>
<LocList>
<Loc EndOffset="12009" SrcFileId="1" StartOffset="11937"/>
</LocList>
<RootTerm CovItemId="C17" CovItemPrefix="org.jfree.data.Range.java" Intrnl_Id="205">
<OpTerm BooleanOpId="4" Intrnl_Id="206">
<BasicBoolTerm Intrnl_Id="207">
<LocList>
<Loc EndOffset="11968" SrcFileId="1" StartOffset="11943"/>
</LocList>
</BasicBoolTerm>
<LocList>
<Loc EndOffset="11942" SrcFileId="1" StartOffset="11941"/>
</LocList>
</OpTerm>
</RootTerm>
</CondStmnt>
<BasicStmnt CovItemId="S58" CovItemPrefix="org.jfree.data.Range.java" Intrnl_Id="208">
<LocList>
<Loc EndOffset="12031" SrcFileId="1" StartOffset="12019"/>
</LocList>
</BasicStmnt>
</StmntSeq>
</HierarchyLvl>
<HierarchyLvl HierarchyLvlId="1073" HierarchyLvlTypeId="7" Intrnl_Id="209" Name="hashCode">
<Header>
<Loc EndOffset="12263" SrcFileId="1" StartOffset="12242"/>
</Header>
<LocList>
<Loc EndOffset="12553" SrcFileId="1" StartOffset="12242"/>
</LocList>
<StmntSeq Intrnl_Id="210">
<LocList>
<Loc EndOffset="12359" SrcFileId="1" StartOffset="12316"/>
<Loc EndOffset="12407" SrcFileId="1" StartOffset="12369"/>
<Loc EndOffset="12460" SrcFileId="1" StartOffset="12417"/>
<Loc EndOffset="12522" SrcFileId="1" StartOffset="12470"/>
<Loc EndOffset="12546" SrcFileId="1" StartOffset="12532"/>
</LocList>
<BasicStmnt CovItemId="S59" CovItemPrefix="org.jfree.data.Range.java" Intrnl_Id="211">
<LocList>
<Loc EndOffset="12359" SrcFileId="1" StartOffset="12316"/>
</LocList>
</BasicStmnt>
<BasicStmnt CovItemId="S60" CovItemPrefix="org.jfree.data.Range.java" Intrnl_Id="212">
<LocList>
<Loc EndOffset="12407" SrcFileId="1" StartOffset="12369"/>
</LocList>
</BasicStmnt>
<BasicStmnt CovItemId="S61" CovItemPrefix="org.jfree.data.Range.java" Intrnl_Id="213">
<LocList>
<Loc EndOffset="12460" SrcFileId="1" StartOffset="12417"/>
</LocList>
</BasicStmnt>
<BasicStmnt CovItemId="S62" CovItemPrefix="org.jfree.data.Range.java" Intrnl_Id="214">
<LocList>
<Loc EndOffset="12522" SrcFileId="1" StartOffset="12470"/>
</LocList>
</BasicStmnt>
<BasicStmnt CovItemId="S63" CovItemPrefix="org.jfree.data.Range.java" Intrnl_Id="215">
<LocList>
<Loc EndOffset="12546" SrcFileId="1" StartOffset="12532"/>
</LocList>
</BasicStmnt>
</StmntSeq>
</HierarchyLvl>
<HierarchyLvl HierarchyLvlId="1074" HierarchyLvlTypeId="7" Intrnl_Id="216" Name="toString">
<Header>
<Loc EndOffset="12776" SrcFileId="1" StartOffset="12752"/>
</Header>
<LocList>
<Loc EndOffset="12851" SrcFileId="1" StartOffset="12752"/>
</LocList>
<StmntSeq Intrnl_Id="217">
<LocList>
<Loc EndOffset="12844" SrcFileId="1" StartOffset="12788"/>
</LocList>
<BasicStmnt CovItemId="S64" CovItemPrefix="org.jfree.data.Range.java" Intrnl_Id="218">
<LocList>
<Loc EndOffset="12844" SrcFileId="1" StartOffset="12788"/>
</LocList>
</BasicStmnt>
</StmntSeq>
</HierarchyLvl>
</HierarchyLvl>
<HierarchyLvl HierarchyLvlId="1094" HierarchyLvlTypeId="6" Intrnl_Id="219" Name="DefaultKeyedValues">
<Header>
<Loc EndOffset="3027" SrcFileId="2" StartOffset="2841"/>
</Header>
<LocList>
<Loc EndOffset="10979" SrcFileId="2" StartOffset="2841"/>
</LocList>
<StmntSeq Intrnl_Id="220">
<LocList>
<Loc EndOffset="3134" SrcFileId="2" StartOffset="3068"/>
</LocList>
<BasicStmnt CovItemId="S1" CovItemPrefix="org.jfree.data.DefaultKeyedValues.java" Intrnl_Id="221">
<LocList>
<Loc EndOffset="3134" SrcFileId="2" StartOffset="3068"/>
</LocList>
</BasicStmnt>
</StmntSeq>
<HierarchyLvl HierarchyLvlId="1076" HierarchyLvlTypeId="7" Intrnl_Id="222" Name="DefaultKeyedValues">
<Header>
<Loc EndOffset="3303" SrcFileId="2" StartOffset="3276"/>
</Header>
<LocList>
<Loc EndOffset="3360" SrcFileId="2" StartOffset="3276"/>
</LocList>
<StmntSeq Intrnl_Id="223">
<LocList>
<Loc EndOffset="3353" SrcFileId="2" StartOffset="3315"/>
</LocList>
<BasicStmnt CovItemId="S2" CovItemPrefix="org.jfree.data.DefaultKeyedValues.java" Intrnl_Id="224">
<LocList>
<Loc EndOffset="3353" SrcFileId="2" StartOffset="3315"/>
</LocList>
</BasicStmnt>
</StmntSeq>
</HierarchyLvl>
<HierarchyLvl HierarchyLvlId="1077" HierarchyLvlTypeId="7" Intrnl_Id="225" Name="getItemCount">
<Header>
<Loc EndOffset="3515" SrcFileId="2" StartOffset="3490"/>
</Header>
<LocList>
<Loc EndOffset="3558" SrcFileId="2" StartOffset="3490"/>
</LocList>
<StmntSeq Intrnl_Id="226">
<LocList>
<Loc EndOffset="3551" SrcFileId="2" StartOffset="3527"/>
</LocList>
<BasicStmnt CovItemId="S3" CovItemPrefix="org.jfree.data.DefaultKeyedValues.java" Intrnl_Id="227">
<LocList>
<Loc EndOffset="3551" SrcFileId="2" StartOffset="3527"/>
</LocList>
</BasicStmnt>
</StmntSeq>
</HierarchyLvl>
<HierarchyLvl HierarchyLvlId="1078" HierarchyLvlTypeId="7" Intrnl_Id="228" Name="getValue">
<Header>
<Loc EndOffset="3836" SrcFileId="2" StartOffset="3804"/>
</Header>
<LocList>
<Loc EndOffset="4040" SrcFileId="2" StartOffset="3804"/>
</LocList>
<StmntSeq Intrnl_Id="229">
<LocList>
<Loc EndOffset="3869" SrcFileId="2" StartOffset="3848"/>
<Loc EndOffset="3930" SrcFileId="2" StartOffset="3879"/>
<Loc EndOffset="4009" SrcFileId="2" StartOffset="3940"/>
<Loc EndOffset="4033" SrcFileId="2" StartOffset="4019"/>
</LocList>
<BasicStmnt CovItemId="S4" CovItemPrefix="org.jfree.data.DefaultKeyedValues.java" Intrnl_Id="230">
<LocList>
<Loc EndOffset="3869" SrcFileId="2" StartOffset="3848"/>
</LocList>
</BasicStmnt>
<BasicStmnt CovItemId="S5" CovItemPrefix="org.jfree.data.DefaultKeyedValues.java" Intrnl_Id="231">
<LocList>
<Loc EndOffset="3930" SrcFileId="2" StartOffset="3879"/>
</LocList>
</BasicStmnt>
<CondStmnt CovItemId="S6" CovItemPrefix="org.jfree.data.DefaultKeyedValues.java" Intrnl_Id="232">
<Branch CovItemId="B1" CovItemPrefix="org.jfree.data.DefaultKeyedValues.java" Implct="false" Intrnl_Id="233">
<Cond/>
<LocList>
<Loc EndOffset="4009" SrcFileId="2" StartOffset="3958"/>
</LocList>
<StmntSeq Intrnl_Id="234">
<LocList>
<Loc EndOffset="3998" SrcFileId="2" StartOffset="3973"/>
</LocList>
<BasicStmnt CovItemId="S7" CovItemPrefix="org.jfree.data.DefaultKeyedValues.java" Intrnl_Id="235">
<LocList>
<Loc EndOffset="3998" SrcFileId="2" StartOffset="3973"/>
</LocList>
</BasicStmnt>
</StmntSeq>
</Branch>
<Branch CovItemId="B2" CovItemPrefix="org.jfree.data.DefaultKeyedValues.java" Implct="true" Intrnl_Id="236">
<Cond/>
<LocList/>
<StmntSeq Intrnl_Id="237">
<LocList/>
</StmntSeq>
</Branch>
<Keyword EndOffset="3942" SrcFileId="2" StartOffset="3940"/>
<LocList>
<Loc EndOffset="4009" SrcFileId="2" StartOffset="3940"/>
</LocList>
<RootTerm CovItemId="C1" CovItemPrefix="org.jfree.data.DefaultKeyedValues.java" Intrnl_Id="238">
<BasicBoolTerm Intrnl_Id="239">
<LocList>
<Loc EndOffset="3956" SrcFileId="2" StartOffset="3944"/>
</LocList>
</BasicBoolTerm>
</RootTerm>
</CondStmnt>
<BasicStmnt CovItemId="S8" CovItemPrefix="org.jfree.data.DefaultKeyedValues.java" Intrnl_Id="240">
<LocList>
<Loc EndOffset="4033" SrcFileId="2" StartOffset="4019"/>
</LocList>
</BasicStmnt>
</StmntSeq>
</HierarchyLvl>
<HierarchyLvl HierarchyLvlId="1079" HierarchyLvlTypeId="7" Intrnl_Id="241" Name="getKey">
<Header>
<Loc EndOffset="4310" SrcFileId="2" StartOffset="4275"/>
</Header>
<LocList>
<Loc EndOffset="4517" SrcFileId="2" StartOffset="4275"/>
</LocList>
<StmntSeq Intrnl_Id="242">
<LocList>
<Loc EndOffset="4347" SrcFileId="2" StartOffset="4322"/>
<Loc EndOffset="4409" SrcFileId="2" StartOffset="4357"/>
<Loc EndOffset="4486" SrcFileId="2" StartOffset="4419"/>
<Loc EndOffset="4510" SrcFileId="2" StartOffset="4496"/>
</LocList>
<BasicStmnt CovItemId="S9" CovItemPrefix="org.jfree.data.DefaultKeyedValues.java" Intrnl_Id="243">
<LocList>
<Loc EndOffset="4347" SrcFileId="2" StartOffset="4322"/>
</LocList>
</BasicStmnt>
<BasicStmnt CovItemId="S10" CovItemPrefix="org.jfree.data.DefaultKeyedValues.java" Intrnl_Id="244">
<LocList>
<Loc EndOffset="4409" SrcFileId="2" StartOffset="4357"/>
</LocList>
</BasicStmnt>
<CondStmnt CovItemId="S11" CovItemPrefix="org.jfree.data.DefaultKeyedValues.java" Intrnl_Id="245">
<Branch CovItemId="B3" CovItemPrefix="org.jfree.data.DefaultKeyedValues.java" Implct="false" Intrnl_Id="246">
<Cond/>
<LocList>
<Loc EndOffset="4486" SrcFileId="2" StartOffset="4437"/>
</LocList>
<StmntSeq Intrnl_Id="247">
<LocList>
<Loc EndOffset="4475" SrcFileId="2" StartOffset="4452"/>
</LocList>
<BasicStmnt CovItemId="S12" CovItemPrefix="org.jfree.data.DefaultKeyedValues.java" Intrnl_Id="248">
<LocList>
<Loc EndOffset="4475" SrcFileId="2" StartOffset="4452"/>
</LocList>
</BasicStmnt>
</StmntSeq>
</Branch>
<Branch CovItemId="B4" CovItemPrefix="org.jfree.data.DefaultKeyedValues.java" Implct="true" Intrnl_Id="249">
<Cond/>
<LocList/>
<StmntSeq Intrnl_Id="250">
<LocList/>
</StmntSeq>
</Branch>
<Keyword EndOffset="4421" SrcFileId="2" StartOffset="4419"/>
<LocList>
<Loc EndOffset="4486" SrcFileId="2" StartOffset="4419"/>
</LocList>
<RootTerm CovItemId="C2" CovItemPrefix="org.jfree.data.DefaultKeyedValues.java" Intrnl_Id="251">
<BasicBoolTerm Intrnl_Id="252">
<LocList>
<Loc EndOffset="4435" SrcFileId="2" StartOffset="4423"/>
</LocList>
</BasicBoolTerm>
</RootTerm>
</CondStmnt>
<BasicStmnt CovItemId="S13" CovItemPrefix="org.jfree.data.DefaultKeyedValues.java" Intrnl_Id="253">
<LocList>
<Loc EndOffset="4510" SrcFileId="2" StartOffset="4496"/>
</LocList>
</BasicStmnt>
</StmntSeq>
</HierarchyLvl>
<HierarchyLvl HierarchyLvlId="1080" HierarchyLvlTypeId="7" Intrnl_Id="254" Name="getIndex">
<Header>
<Loc EndOffset="4740" SrcFileId="2" StartOffset="4705"/>
</Header>
<LocList>
<Loc EndOffset="5070" SrcFileId="2" StartOffset="4705"/>
</LocList>
<StmntSeq Intrnl_Id="255">
<LocList>
<Loc EndOffset="4762" SrcFileId="2" StartOffset="4752"/>
<Loc EndOffset="4813" SrcFileId="2" StartOffset="4772"/>
<Loc EndOffset="5025" SrcFileId="2" StartOffset="4823"/>
<Loc EndOffset="5045" SrcFileId="2" StartOffset="5035"/>
</LocList>
<BasicStmnt CovItemId="S14" CovItemPrefix="org.jfree.data.DefaultKeyedValues.java" Intrnl_Id="256">
<LocList>
<Loc EndOffset="4762" SrcFileId="2" StartOffset="4752"/>
</LocList>
</BasicStmnt>
<BasicStmnt CovItemId="S15" CovItemPrefix="org.jfree.data.DefaultKeyedValues.java" Intrnl_Id="257">
<LocList>
<Loc EndOffset="4813" SrcFileId="2" StartOffset="4772"/>
</LocList>
</BasicStmnt>
<LoopStmnt CovItemId="S16" CovItemPrefix="org.jfree.data.DefaultKeyedValues.java" Intrnl_Id="258" MltplExecId="L1-2" MltplExecPrefix="org.jfree.data.DefaultKeyedValues.java" NvrExecId="L1-0" NvrExecPrefix="org.jfree.data.DefaultKeyedValues.java" OnceExecutedId="L1-1" OnceExecutedPrefix="org.jfree.data.DefaultKeyedValues.java" OptBodyExec="true">
<StmntSeq Intrnl_Id="259">
<LocList>
<Loc EndOffset="4910" SrcFileId="2" StartOffset="4865"/>
<Loc EndOffset="4996" SrcFileId="2" StartOffset="4924"/>
<Loc EndOffset="5014" SrcFileId="2" StartOffset="5010"/>
</LocList>
<BasicStmnt CovItemId="S17" CovItemPrefix="org.jfree.data.DefaultKeyedValues.java" Intrnl_Id="260">
<LocList>
<Loc EndOffset="4910" SrcFileId="2" StartOffset="4865"/>
</LocList>
</BasicStmnt>
<CondStmnt CovItemId="S18" CovItemPrefix="org.jfree.data.DefaultKeyedValues.java" Intrnl_Id="261">
<Branch CovItemId="B5" CovItemPrefix="org.jfree.data.DefaultKeyedValues.java" Implct="false" Intrnl_Id="262">
<Cond/>
<LocList>
<Loc EndOffset="4996" SrcFileId="2" StartOffset="4953"/>
</LocList>
<StmntSeq Intrnl_Id="263">
<LocList>
<Loc EndOffset="4981" SrcFileId="2" StartOffset="4972"/>
</LocList>
<BasicStmnt CovItemId="S19" CovItemPrefix="org.jfree.data.DefaultKeyedValues.java" Intrnl_Id="264">
<LocList>
<Loc EndOffset="4981" SrcFileId="2" StartOffset="4972"/>
</LocList>
</BasicStmnt>
</StmntSeq>
</Branch>
<Branch CovItemId="B6" CovItemPrefix="org.jfree.data.DefaultKeyedValues.java" Implct="true" Intrnl_Id="265">
<Cond/>
<LocList/>
<StmntSeq Intrnl_Id="266">
<LocList/>
</StmntSeq>
</Branch>
<Keyword EndOffset="4926" SrcFileId="2" StartOffset="4924"/>
<LocList>
<Loc EndOffset="4996" SrcFileId="2" StartOffset="4924"/>
</LocList>
<RootTerm CovItemId="C4" CovItemPrefix="org.jfree.data.DefaultKeyedValues.java" Intrnl_Id="267">
<BasicBoolTerm Intrnl_Id="268">
<LocList>
<Loc EndOffset="4951" SrcFileId="2" StartOffset="4928"/>
</LocList>
</BasicBoolTerm>
</RootTerm>
</CondStmnt>
<BasicStmnt CovItemId="S20" CovItemPrefix="org.jfree.data.DefaultKeyedValues.java" Intrnl_Id="269">
<LocList>
<Loc EndOffset="5014" SrcFileId="2" StartOffset="5010"/>
</LocList>
</BasicStmnt>
</StmntSeq>
<Keyword EndOffset="4828" SrcFileId="2" StartOffset="4823"/>
<LocList>
<Loc EndOffset="5025" SrcFileId="2" StartOffset="4823"/>
</LocList>
<RootTerm CovItemId="C3" CovItemPrefix="org.jfree.data.DefaultKeyedValues.java" Intrnl_Id="270">
<BasicBoolTerm Intrnl_Id="271">
<LocList>
<Loc EndOffset="4848" SrcFileId="2" StartOffset="4830"/>
</LocList>
</BasicBoolTerm>
</RootTerm>
</LoopStmnt>
<BasicStmnt CovItemId="S21" CovItemPrefix="org.jfree.data.DefaultKeyedValues.java" Intrnl_Id="272">
<LocList>
<Loc EndOffset="5045" SrcFileId="2" StartOffset="5035"/>
</LocList>
</BasicStmnt>
</StmntSeq>
</HierarchyLvl>
<HierarchyLvl HierarchyLvlId="1081" HierarchyLvlTypeId="7" Intrnl_Id="273" Name="getKeys">
<Header>
<Loc EndOffset="5236" SrcFileId="2" StartOffset="5215"/>
</Header>
<LocList>
<Loc EndOffset="5516" SrcFileId="2" StartOffset="5215"/>
</LocList>
<StmntSeq Intrnl_Id="274">
<LocList>
<Loc EndOffset="5288" SrcFileId="2" StartOffset="5248"/>
<Loc EndOffset="5339" SrcFileId="2" StartOffset="5298"/>
<Loc EndOffset="5485" SrcFileId="2" StartOffset="5349"/>
<Loc EndOffset="5509" SrcFileId="2" StartOffset="5495"/>
</LocList>
<BasicStmnt CovItemId="S22" CovItemPrefix="org.jfree.data.DefaultKeyedValues.java" Intrnl_Id="275">
<LocList>
<Loc EndOffset="5288" SrcFileId="2" StartOffset="5248"/>
</LocList>
</BasicStmnt>
<BasicStmnt CovItemId="S23" CovItemPrefix="org.jfree.data.DefaultKeyedValues.java" Intrnl_Id="276">
<LocList>
<Loc EndOffset="5339" SrcFileId="2" StartOffset="5298"/>
</LocList>
</BasicStmnt>
<LoopStmnt CovItemId="S24" CovItemPrefix="org.jfree.data.DefaultKeyedValues.java" Intrnl_Id="277" MltplExecId="L2-2" MltplExecPrefix="org.jfree.data.DefaultKeyedValues.java" NvrExecId="L2-0" NvrExecPrefix="org.jfree.data.DefaultKeyedValues.java" OnceExecutedId="L2-1" OnceExecutedPrefix="org.jfree.data.DefaultKeyedValues.java" OptBodyExec="true">
<StmntSeq Intrnl_Id="278">
<LocList>
<Loc EndOffset="5436" SrcFileId="2" StartOffset="5391"/>
<Loc EndOffset="5474" SrcFileId="2" StartOffset="5450"/>
</LocList>
<BasicStmnt CovItemId="S25" CovItemPrefix="org.jfree.data.DefaultKeyedValues.java" Intrnl_Id="279">
<LocList>
<Loc EndOffset="5436" SrcFileId="2" StartOffset="5391"/>
</LocList>
</BasicStmnt>
<BasicStmnt CovItemId="S26" CovItemPrefix="org.jfree.data.DefaultKeyedValues.java" Intrnl_Id="280">
<LocList>
<Loc EndOffset="5474" SrcFileId="2" StartOffset="5450"/>
</LocList>
</BasicStmnt>
</StmntSeq>
<Keyword EndOffset="5354" SrcFileId="2" StartOffset="5349"/>
<LocList>
<Loc EndOffset="5485" SrcFileId="2" StartOffset="5349"/>
</LocList>
<RootTerm CovItemId="C5" CovItemPrefix="org.jfree.data.DefaultKeyedValues.java" Intrnl_Id="281">
<BasicBoolTerm Intrnl_Id="282">
<LocList>
<Loc EndOffset="5374" SrcFileId="2" StartOffset="5356"/>
</LocList>
</BasicBoolTerm>
</RootTerm>
</LoopStmnt>
<BasicStmnt CovItemId="S27" CovItemPrefix="org.jfree.data.DefaultKeyedValues.java" Intrnl_Id="283">
<LocList>
<Loc EndOffset="5509" SrcFileId="2" StartOffset="5495"/>
</LocList>
</BasicStmnt>
</StmntSeq>
</HierarchyLvl>
<HierarchyLvl HierarchyLvlId="1082" HierarchyLvlTypeId="7" Intrnl_Id="284" Name="getValue">
<Header>
<Loc EndOffset="5799" SrcFileId="2" StartOffset="5761"/>
</Header>
<LocList>
<Loc EndOffset="5983" SrcFileId="2" StartOffset="5761"/>
</LocList>
<StmntSeq Intrnl_Id="285">
<LocList>
<Loc EndOffset="5837" SrcFileId="2" StartOffset="5811"/>
<Loc EndOffset="5943" SrcFileId="2" StartOffset="5847"/>
<Loc EndOffset="5976" SrcFileId="2" StartOffset="5953"/>
</LocList>
<BasicStmnt CovItemId="S28" CovItemPrefix="org.jfree.data.DefaultKeyedValues.java" Intrnl_Id="286">
<LocList>
<Loc EndOffset="5837" SrcFileId="2" StartOffset="5811"/>
</LocList>
</BasicStmnt>
<CondStmnt CovItemId="S29" CovItemPrefix="org.jfree.data.DefaultKeyedValues.java" Intrnl_Id="287">
<Branch CovItemId="B7" CovItemPrefix="org.jfree.data.DefaultKeyedValues.java" Implct="false" Intrnl_Id="288">
<Cond/>
<LocList>
<Loc EndOffset="5943" SrcFileId="2" StartOffset="5862"/>
</LocList>
<StmntSeq Intrnl_Id="289">
<LocList>
<Loc EndOffset="5932" SrcFileId="2" StartOffset="5877"/>
</LocList>
<BasicStmnt CovItemId="S30" CovItemPrefix="org.jfree.data.DefaultKeyedValues.java" Intrnl_Id="290">
<LocList>
<Loc EndOffset="5932" SrcFileId="2" StartOffset="5877"/>
</LocList>
</BasicStmnt>
</StmntSeq>
</Branch>
<Branch CovItemId="B8" CovItemPrefix="org.jfree.data.DefaultKeyedValues.java" Implct="true" Intrnl_Id="291">
<Cond/>
<LocList/>
<StmntSeq Intrnl_Id="292">
<LocList/>
</StmntSeq>
</Branch>
<Keyword EndOffset="5849" SrcFileId="2" StartOffset="5847"/>
<LocList>
<Loc EndOffset="5943" SrcFileId="2" StartOffset="5847"/>
</LocList>
<RootTerm CovItemId="C6" CovItemPrefix="org.jfree.data.DefaultKeyedValues.java" Intrnl_Id="293">
<BasicBoolTerm Intrnl_Id="294">
<LocList>
<Loc EndOffset="5860" SrcFileId="2" StartOffset="5851"/>
</LocList>
</BasicBoolTerm>
</RootTerm>
</CondStmnt>
<BasicStmnt CovItemId="S31" CovItemPrefix="org.jfree.data.DefaultKeyedValues.java" Intrnl_Id="295">
<LocList>
<Loc EndOffset="5976" SrcFileId="2" StartOffset="5953"/>
</LocList>
</BasicStmnt>
</StmntSeq>
</HierarchyLvl>
<HierarchyLvl HierarchyLvlId="1083" HierarchyLvlTypeId="7" Intrnl_Id="296" Name="addValue">
<Header>
<Loc EndOffset="6237" SrcFileId="2" StartOffset="6187"/>
</Header>
<LocList>
<Loc EndOffset="6290" SrcFileId="2" StartOffset="6187"/>
</LocList>
<StmntSeq Intrnl_Id="297">
<LocList>
<Loc EndOffset="6282" SrcFileId="2" StartOffset="6249"/>
</LocList>
<BasicStmnt CovItemId="S32" CovItemPrefix="org.jfree.data.DefaultKeyedValues.java" Intrnl_Id="298">
<LocList>
<Loc EndOffset="6282" SrcFileId="2" StartOffset="6249"/>
</LocList>
</BasicStmnt>
</StmntSeq>
</HierarchyLvl>
<HierarchyLvl HierarchyLvlId="1084" HierarchyLvlTypeId="7" Intrnl_Id="299" Name="addValue">
<Header>
<Loc EndOffset="6684" SrcFileId="2" StartOffset="6634"/>
</Header>
<LocList>
<Loc EndOffset="6724" SrcFileId="2" StartOffset="6634"/>
</LocList>
<StmntSeq Intrnl_Id="300">
<LocList>
<Loc EndOffset="6717" SrcFileId="2" StartOffset="6696"/>
</LocList>
<BasicStmnt CovItemId="S33" CovItemPrefix="org.jfree.data.DefaultKeyedValues.java" Intrnl_Id="301">
<LocList>
<Loc EndOffset="6717" SrcFileId="2" StartOffset="6696"/>
</LocList>
</BasicStmnt>
</StmntSeq>
</HierarchyLvl>
<HierarchyLvl HierarchyLvlId="1085" HierarchyLvlTypeId="7" Intrnl_Id="302" Name="setValue">
<Header>
<Loc EndOffset="6978" SrcFileId="2" StartOffset="6928"/>
</Header>
<LocList>
<Loc EndOffset="7033" SrcFileId="2" StartOffset="6928"/>
</LocList>
<StmntSeq Intrnl_Id="303">
<LocList>
<Loc EndOffset="7023" SrcFileId="2" StartOffset="6990"/>
</LocList>
<BasicStmnt CovItemId="S34" CovItemPrefix="org.jfree.data.DefaultKeyedValues.java" Intrnl_Id="304">
<LocList>
<Loc EndOffset="7023" SrcFileId="2" StartOffset="6990"/>
</LocList>
</BasicStmnt>
</StmntSeq>
</HierarchyLvl>
<HierarchyLvl HierarchyLvlId="1086" HierarchyLvlTypeId="7" Intrnl_Id="305" Name="setValue">
<Header>
<Loc EndOffset="7321" SrcFileId="2" StartOffset="7271"/>
</Header>
<LocList>
<Loc EndOffset="7759" SrcFileId="2" StartOffset="7271"/>
</LocList>
<StmntSeq Intrnl_Id="306">
<LocList>
<Loc EndOffset="7435" SrcFileId="2" StartOffset="7333"/>
<Loc EndOffset="7474" SrcFileId="2" StartOffset="7445"/>
<Loc EndOffset="7752" SrcFileId="2" StartOffset="7484"/>
</LocList>
<CondStmnt CovItemId="S35" CovItemPrefix="org.jfree.data.DefaultKeyedValues.java" Intrnl_Id="307">
<Branch CovItemId="B9" CovItemPrefix="org.jfree.data.DefaultKeyedValues.java" Implct="false" Intrnl_Id="308">
<Cond/>
<LocList>
<Loc EndOffset="7435" SrcFileId="2" StartOffset="7350"/>
</LocList>
<StmntSeq Intrnl_Id="309">
<LocList>
<Loc EndOffset="7424" SrcFileId="2" StartOffset="7365"/>
</LocList>
<BasicStmnt CovItemId="S36" CovItemPrefix="org.jfree.data.DefaultKeyedValues.java" Intrnl_Id="310">
<LocList>
<Loc EndOffset="7424" SrcFileId="2" StartOffset="7365"/>
</LocList>
</BasicStmnt>
</StmntSeq>
</Branch>
<Branch CovItemId="B10" CovItemPrefix="org.jfree.data.DefaultKeyedValues.java" Implct="true" Intrnl_Id="311">
<Cond/>
<LocList/>
<StmntSeq Intrnl_Id="312">
<LocList/>
</StmntSeq>
</Branch>
<Keyword EndOffset="7335" SrcFileId="2" StartOffset="7333"/>
<LocList>
<Loc EndOffset="7435" SrcFileId="2" StartOffset="7333"/>
</LocList>
<RootTerm CovItemId="C7" CovItemPrefix="org.jfree.data.DefaultKeyedValues.java" Intrnl_Id="313">
<BasicBoolTerm Intrnl_Id="314">
<LocList>
<Loc EndOffset="7348" SrcFileId="2" StartOffset="7337"/>
</LocList>
</BasicBoolTerm>
</RootTerm>
</CondStmnt>
<BasicStmnt CovItemId="S37" CovItemPrefix="org.jfree.data.DefaultKeyedValues.java" Intrnl_Id="315">
<LocList>
<Loc EndOffset="7474" SrcFileId="2" StartOffset="7445"/>
</LocList>
</BasicStmnt>
<CondStmnt CovItemId="S38" CovItemPrefix="org.jfree.data.DefaultKeyedValues.java" Intrnl_Id="316">
<Branch CovItemId="B11" CovItemPrefix="org.jfree.data.DefaultKeyedValues.java" Implct="false" Intrnl_Id="317">
<Cond/>
<LocList>
<Loc EndOffset="7629" SrcFileId="2" StartOffset="7503"/>
</LocList>
<StmntSeq Intrnl_Id="318">
<LocList>
<Loc EndOffset="7585" SrcFileId="2" StartOffset="7518"/>
<Loc EndOffset="7618" SrcFileId="2" StartOffset="7599"/>
</LocList>
<BasicStmnt CovItemId="S39" CovItemPrefix="org.jfree.data.DefaultKeyedValues.java" Intrnl_Id="319">
<LocList>
<Loc EndOffset="7585" SrcFileId="2" StartOffset="7518"/>
</LocList>
</BasicStmnt>
<BasicStmnt CovItemId="S40" CovItemPrefix="org.jfree.data.DefaultKeyedValues.java" Intrnl_Id="320">
<LocList>
<Loc EndOffset="7618" SrcFileId="2" StartOffset="7599"/>
</LocList>
</BasicStmnt>
</StmntSeq>
</Branch>
<Branch CovItemId="B12" CovItemPrefix="org.jfree.data.DefaultKeyedValues.java" Implct="false" Intrnl_Id="321">
<Cond>
<Loc EndOffset="7643" SrcFileId="2" StartOffset="7639"/>
</Cond>
<LocList>
<Loc EndOffset="7752" SrcFileId="2" StartOffset="7644"/>
</LocList>
<StmntSeq Intrnl_Id="322">
<LocList>
<Loc EndOffset="7709" SrcFileId="2" StartOffset="7659"/>
<Loc EndOffset="7741" SrcFileId="2" StartOffset="7723"/>
</LocList>
<BasicStmnt CovItemId="S41" CovItemPrefix="org.jfree.data.DefaultKeyedValues.java" Intrnl_Id="323">
<LocList>
<Loc EndOffset="7709" SrcFileId="2" StartOffset="7659"/>
</LocList>
</BasicStmnt>
<BasicStmnt CovItemId="S42" CovItemPrefix="org.jfree.data.DefaultKeyedValues.java" Intrnl_Id="324">
<LocList>
<Loc EndOffset="7741" SrcFileId="2" StartOffset="7723"/>
</LocList>
</BasicStmnt>
</StmntSeq>
</Branch>
<Keyword EndOffset="7486" SrcFileId="2" StartOffset="7484"/>
<LocList>
<Loc EndOffset="7752" SrcFileId="2" StartOffset="7484"/>
</LocList>
<RootTerm CovItemId="C8" CovItemPrefix="org.jfree.data.DefaultKeyedValues.java" Intrnl_Id="325">
<BasicBoolTerm Intrnl_Id="326">
<LocList>
<Loc EndOffset="7501" SrcFileId="2" StartOffset="7488"/>
</LocList>
</BasicBoolTerm>
</RootTerm>
</CondStmnt>
</StmntSeq>
</HierarchyLvl>
<HierarchyLvl HierarchyLvlId="1087" HierarchyLvlTypeId="7" Intrnl_Id="327" Name="removeValue">
<Header>
<Loc EndOffset="7927" SrcFileId="2" StartOffset="7893"/>
</Header>
<LocList>
<Loc EndOffset="7970" SrcFileId="2" StartOffset="7893"/>
</LocList>
<StmntSeq Intrnl_Id="328">
<LocList>
<Loc EndOffset="7963" SrcFileId="2" StartOffset="7939"/>
</LocList>
<BasicStmnt CovItemId="S43" CovItemPrefix="org.jfree.data.DefaultKeyedValues.java" Intrnl_Id="329">
<LocList>
<Loc EndOffset="7963" SrcFileId="2" StartOffset="7939"/>
</LocList>
</BasicStmnt>
</StmntSeq>
</HierarchyLvl>
<HierarchyLvl HierarchyLvlId="1088" HierarchyLvlTypeId="7" Intrnl_Id="330" Name="removeValue">
<Header>
<Loc EndOffset="8202" SrcFileId="2" StartOffset="8163"/>
</Header>
<LocList>
<Loc EndOffset="8318" SrcFileId="2" StartOffset="8163"/>
</LocList>
<StmntSeq Intrnl_Id="331">
<LocList>
<Loc EndOffset="8240" SrcFileId="2" StartOffset="8214"/>
<Loc EndOffset="8311" SrcFileId="2" StartOffset="8250"/>
</LocList>
<BasicStmnt CovItemId="S44" CovItemPrefix="org.jfree.data.DefaultKeyedValues.java" Intrnl_Id="332">
<LocList>
<Loc EndOffset="8240" SrcFileId="2" StartOffset="8214"/>
</LocList>
</BasicStmnt>
<CondStmnt CovItemId="S45" CovItemPrefix="org.jfree.data.DefaultKeyedValues.java" Intrnl_Id="333">
<Branch CovItemId="B13" CovItemPrefix="org.jfree.data.DefaultKeyedValues.java" Implct="false" Intrnl_Id="334">
<Cond/>
<LocList>
<Loc EndOffset="8311" SrcFileId="2" StartOffset="8266"/>
</LocList>
<StmntSeq Intrnl_Id="335">
<LocList>
<Loc EndOffset="8300" SrcFileId="2" StartOffset="8281"/>
</LocList>
<BasicStmnt CovItemId="S46" CovItemPrefix="org.jfree.data.DefaultKeyedValues.java" Intrnl_Id="336">
<LocList>
<Loc EndOffset="8300" SrcFileId="2" StartOffset="8281"/>
</LocList>
</BasicStmnt>
</StmntSeq>
</Branch>
<Branch CovItemId="B14" CovItemPrefix="org.jfree.data.DefaultKeyedValues.java" Implct="true" Intrnl_Id="337">
<Cond/>
<LocList/>
<StmntSeq Intrnl_Id="338">
<LocList/>
</StmntSeq>
</Branch>
<Keyword EndOffset="8252" SrcFileId="2" StartOffset="8250"/>
<LocList>
<Loc EndOffset="8311" SrcFileId="2" StartOffset="8250"/>
</LocList>
<RootTerm CovItemId="C9" CovItemPrefix="org.jfree.data.DefaultKeyedValues.java" Intrnl_Id="339">
<BasicBoolTerm Intrnl_Id="340">
<LocList>
<Loc EndOffset="8264" SrcFileId="2" StartOffset="8254"/>
</LocList>
</BasicBoolTerm>
</RootTerm>
</CondStmnt>
</StmntSeq>
</HierarchyLvl>
<HierarchyLvl HierarchyLvlId="1089" HierarchyLvlTypeId="7" Intrnl_Id="341" Name="sortByKeys">
<Header>
<Loc EndOffset="8507" SrcFileId="2" StartOffset="8468"/>
</Header>
<LocList>
<Loc EndOffset="8689" SrcFileId="2" StartOffset="8468"/>
</LocList>
<StmntSeq Intrnl_Id="342">
<LocList>
<Loc EndOffset="8632" SrcFileId="2" StartOffset="8519"/>
<Loc EndOffset="8682" SrcFileId="2" StartOffset="8642"/>
</LocList>
<BasicStmnt CovItemId="S47" CovItemPrefix="org.jfree.data.DefaultKeyedValues.java" Intrnl_Id="343">
<LocList>
<Loc EndOffset="8632" SrcFileId="2" StartOffset="8519"/>
</LocList>
</BasicStmnt>
<BasicStmnt CovItemId="S48" CovItemPrefix="org.jfree.data.DefaultKeyedValues.java" Intrnl_Id="344">
<LocList>
<Loc EndOffset="8682" SrcFileId="2" StartOffset="8642"/>
</LocList>
</BasicStmnt>
</StmntSeq>
</HierarchyLvl>
<HierarchyLvl HierarchyLvlId="1090" HierarchyLvlTypeId="7" Intrnl_Id="345" Name="sortByValues">
<Header>
<Loc EndOffset="9019" SrcFileId="2" StartOffset="8978"/>
</Header>
<LocList>
<Loc EndOffset="9203" SrcFileId="2" StartOffset="8978"/>
</LocList>
<StmntSeq Intrnl_Id="346">
<LocList>
<Loc EndOffset="9146" SrcFileId="2" StartOffset="9031"/>
<Loc EndOffset="9196" SrcFileId="2" StartOffset="9156"/>
</LocList>
<BasicStmnt CovItemId="S49" CovItemPrefix="org.jfree.data.DefaultKeyedValues.java" Intrnl_Id="347">
<LocList>
<Loc EndOffset="9146" SrcFileId="2" StartOffset="9031"/>
</LocList>
</BasicStmnt>
<BasicStmnt CovItemId="S50" CovItemPrefix="org.jfree.data.DefaultKeyedValues.java" Intrnl_Id="348">
<LocList>
<Loc EndOffset="9196" SrcFileId="2" StartOffset="9156"/>
</LocList>
</BasicStmnt>
</StmntSeq>
</HierarchyLvl>
<HierarchyLvl HierarchyLvlId="1091" HierarchyLvlTypeId="7" Intrnl_Id="349" Name="equals">
<Header>
<Loc EndOffset="9417" SrcFileId="2" StartOffset="9384"/>
</Header>
<LocList>
<Loc EndOffset="10334" SrcFileId="2" StartOffset="9384"/>
</LocList>
<StmntSeq Intrnl_Id="350">
<LocList>
<Loc EndOffset="9484" SrcFileId="2" StartOffset="9429"/>
<Loc EndOffset="9570" SrcFileId="2" StartOffset="9496"/>
<Loc EndOffset="9619" SrcFileId="2" StartOffset="9582"/>
<Loc EndOffset="9656" SrcFileId="2" StartOffset="9629"/>
<Loc EndOffset="9739" SrcFileId="2" StartOffset="9666"/>
<Loc EndOffset="10305" SrcFileId="2" StartOffset="9751"/>
<Loc EndOffset="10327" SrcFileId="2" StartOffset="10315"/>
</LocList>
<CondStmnt CovItemId="S51" CovItemPrefix="org.jfree.data.DefaultKeyedValues.java" Intrnl_Id="351">
<Branch CovItemId="B15" CovItemPrefix="org.jfree.data.DefaultKeyedValues.java" Implct="false" Intrnl_Id="352">
<Cond/>
<LocList>
<Loc EndOffset="9484" SrcFileId="2" StartOffset="9446"/>
</LocList>
<StmntSeq Intrnl_Id="353">
<LocList>
<Loc EndOffset="9473" SrcFileId="2" StartOffset="9461"/>
</LocList>
<BasicStmnt CovItemId="S52" CovItemPrefix="org.jfree.data.DefaultKeyedValues.java" Intrnl_Id="354">
<LocList>
<Loc EndOffset="9473" SrcFileId="2" StartOffset="9461"/>
</LocList>
</BasicStmnt>
</StmntSeq>
</Branch>
<Branch CovItemId="B16" CovItemPrefix="org.jfree.data.DefaultKeyedValues.java" Implct="true" Intrnl_Id="355">
<Cond/>
<LocList/>
<StmntSeq Intrnl_Id="356">
<LocList/>
</StmntSeq>
</Branch>
<Keyword EndOffset="9431" SrcFileId="2" StartOffset="9429"/>
<LocList>
<Loc EndOffset="9484" SrcFileId="2" StartOffset="9429"/>
</LocList>
<RootTerm CovItemId="C10" CovItemPrefix="org.jfree.data.DefaultKeyedValues.java" Intrnl_Id="357">
<BasicBoolTerm Intrnl_Id="358">
<LocList>
<Loc EndOffset="9444" SrcFileId="2" StartOffset="9433"/>
</LocList>
</BasicBoolTerm>
</RootTerm>
</CondStmnt>
<CondStmnt CovItemId="S53" CovItemPrefix="org.jfree.data.DefaultKeyedValues.java" Intrnl_Id="359">
<Branch CovItemId="B17" CovItemPrefix="org.jfree.data.DefaultKeyedValues.java" Implct="false" Intrnl_Id="360">
<Cond/>
<LocList>
<Loc EndOffset="9570" SrcFileId="2" StartOffset="9531"/>
</LocList>
<StmntSeq Intrnl_Id="361">
<LocList>
<Loc EndOffset="9559" SrcFileId="2" StartOffset="9546"/>
</LocList>
<BasicStmnt CovItemId="S54" CovItemPrefix="org.jfree.data.DefaultKeyedValues.java" Intrnl_Id="362">
<LocList>
<Loc EndOffset="9559" SrcFileId="2" StartOffset="9546"/>
</LocList>
</BasicStmnt>
</StmntSeq>
</Branch>
<Branch CovItemId="B18" CovItemPrefix="org.jfree.data.DefaultKeyedValues.java" Implct="true" Intrnl_Id="363">
<Cond/>
<LocList/>
<StmntSeq Intrnl_Id="364">
<LocList/>
</StmntSeq>
</Branch>
<Keyword EndOffset="9498" SrcFileId="2" StartOffset="9496"/>
<LocList>
<Loc EndOffset="9570" SrcFileId="2" StartOffset="9496"/>
</LocList>
<RootTerm CovItemId="C11" CovItemPrefix="org.jfree.data.DefaultKeyedValues.java" Intrnl_Id="365">
<OpTerm BooleanOpId="4" Intrnl_Id="366">
<BasicBoolTerm Intrnl_Id="367">
<LocList>
<Loc EndOffset="9528" SrcFileId="2" StartOffset="9502"/>
</LocList>
</BasicBoolTerm>
<LocList>
<Loc EndOffset="9501" SrcFileId="2" StartOffset="9500"/>
</LocList>
</OpTerm>
</RootTerm>
</CondStmnt>
<BasicStmnt CovItemId="S55" CovItemPrefix="org.jfree.data.DefaultKeyedValues.java" Intrnl_Id="368">
<LocList>
<Loc EndOffset="9619" SrcFileId="2" StartOffset="9582"/>
</LocList>
</BasicStmnt>
<BasicStmnt CovItemId="S56" CovItemPrefix="org.jfree.data.DefaultKeyedValues.java" Intrnl_Id="369">
<LocList>
<Loc EndOffset="9656" SrcFileId="2" StartOffset="9629"/>
</LocList>
</BasicStmnt>
<CondStmnt CovItemId="S57" CovItemPrefix="org.jfree.data.DefaultKeyedValues.java" Intrnl_Id="370">
<Branch CovItemId="B19" CovItemPrefix="org.jfree.data.DefaultKeyedValues.java" Implct="false" Intrnl_Id="371">
<Cond/>
<LocList>
<Loc EndOffset="9739" SrcFileId="2" StartOffset="9700"/>
</LocList>
<StmntSeq Intrnl_Id="372">
<LocList>
<Loc EndOffset="9728" SrcFileId="2" StartOffset="9715"/>
</LocList>
<BasicStmnt CovItemId="S58" CovItemPrefix="org.jfree.data.DefaultKeyedValues.java" Intrnl_Id="373">
<LocList>
<Loc EndOffset="9728" SrcFileId="2" StartOffset="9715"/>
</LocList>
</BasicStmnt>
</StmntSeq>
</Branch>
<Branch CovItemId="B20" CovItemPrefix="org.jfree.data.DefaultKeyedValues.java" Implct="true" Intrnl_Id="374">
<Cond/>
<LocList/>
<StmntSeq Intrnl_Id="375">
<LocList/>
</StmntSeq>
</Branch>
<Keyword EndOffset="9668" SrcFileId="2" StartOffset="9666"/>
<LocList>
<Loc EndOffset="9739" SrcFileId="2" StartOffset="9666"/>
</LocList>
<RootTerm CovItemId="C12" CovItemPrefix="org.jfree.data.DefaultKeyedValues.java" Intrnl_Id="376">
<BasicBoolTerm Intrnl_Id="377">
<LocList>
<Loc EndOffset="9698" SrcFileId="2" StartOffset="9670"/>
</LocList>
</BasicBoolTerm>
</RootTerm>
</CondStmnt>
<LoopStmnt CovItemId="S59" CovItemPrefix="org.jfree.data.DefaultKeyedValues.java" Intrnl_Id="378" MltplExecId="L3-2" MltplExecPrefix="org.jfree.data.DefaultKeyedValues.java" NvrExecId="L3-0" NvrExecPrefix="org.jfree.data.DefaultKeyedValues.java" OnceExecutedId="L3-1" OnceExecutedPrefix="org.jfree.data.DefaultKeyedValues.java" OptBodyExec="true">
<StmntSeq Intrnl_Id="379">
<LocList>
<Loc EndOffset="9824" SrcFileId="2" StartOffset="9798"/>
<Loc EndOffset="9869" SrcFileId="2" StartOffset="9838"/>
<Loc EndOffset="9950" SrcFileId="2" StartOffset="9883"/>
<Loc EndOffset="9988" SrcFileId="2" StartOffset="9964"/>
<Loc EndOffset="10031" SrcFileId="2" StartOffset="10002"/>
<Loc EndOffset="10294" SrcFileId="2" StartOffset="10045"/>
</LocList>
<BasicStmnt CovItemId="S60" CovItemPrefix="org.jfree.data.DefaultKeyedValues.java" Intrnl_Id="380">
<LocList>
<Loc EndOffset="9824" SrcFileId="2" StartOffset="9798"/>
</LocList>
</BasicStmnt>
<BasicStmnt CovItemId="S61" CovItemPrefix="org.jfree.data.DefaultKeyedValues.java" Intrnl_Id="381">
<LocList>
<Loc EndOffset="9869" SrcFileId="2" StartOffset="9838"/>
</LocList>
</BasicStmnt>
<CondStmnt CovItemId="S62" CovItemPrefix="org.jfree.data.DefaultKeyedValues.java" Intrnl_Id="382">
<Branch CovItemId="B21" CovItemPrefix="org.jfree.data.DefaultKeyedValues.java" Implct="false" Intrnl_Id="383">
<Cond/>
<LocList>
<Loc EndOffset="9950" SrcFileId="2" StartOffset="9903"/>
</LocList>
<StmntSeq Intrnl_Id="384">
<LocList>
<Loc EndOffset="9935" SrcFileId="2" StartOffset="9922"/>
</LocList>
<BasicStmnt CovItemId="S63" CovItemPrefix="org.jfree.data.DefaultKeyedValues.java" Intrnl_Id="385">
<LocList>
<Loc EndOffset="9935" SrcFileId="2" StartOffset="9922"/>
</LocList>
</BasicStmnt>
</StmntSeq>
</Branch>
<Branch CovItemId="B22" CovItemPrefix="org.jfree.data.DefaultKeyedValues.java" Implct="true" Intrnl_Id="386">
<Cond/>
<LocList/>
<StmntSeq Intrnl_Id="387">
<LocList/>
</StmntSeq>
</Branch>
<Keyword EndOffset="9885" SrcFileId="2" StartOffset="9883"/>
<LocList>
<Loc EndOffset="9950" SrcFileId="2" StartOffset="9883"/>
</LocList>
<RootTerm CovItemId="C14" CovItemPrefix="org.jfree.data.DefaultKeyedValues.java" Intrnl_Id="388">
<OpTerm BooleanOpId="4" Intrnl_Id="389">
<BasicBoolTerm Intrnl_Id="390">
<LocList>
<Loc EndOffset="9901" SrcFileId="2" StartOffset="9888"/>
</LocList>
</BasicBoolTerm>
<LocList>
<Loc EndOffset="9888" SrcFileId="2" StartOffset="9887"/>
</LocList>
</OpTerm>
</RootTerm>
</CondStmnt>
<BasicStmnt CovItemId="S64" CovItemPrefix="org.jfree.data.DefaultKeyedValues.java" Intrnl_Id="391">
<LocList>
<Loc EndOffset="9988" SrcFileId="2" StartOffset="9964"/>
</LocList>
</BasicStmnt>
<BasicStmnt CovItemId="S65" CovItemPrefix="org.jfree.data.DefaultKeyedValues.java" Intrnl_Id="392">
<LocList>
<Loc EndOffset="10031" SrcFileId="2" StartOffset="10002"/>
</LocList>
</BasicStmnt>
<CondStmnt CovItemId="S66" CovItemPrefix="org.jfree.data.DefaultKeyedValues.java" Intrnl_Id="393">
<Branch CovItemId="B23" CovItemPrefix="org.jfree.data.DefaultKeyedValues.java" Implct="false" Intrnl_Id="394">
<Cond/>
<LocList>
<Loc EndOffset="10166" SrcFileId="2" StartOffset="10061"/>
</LocList>
<StmntSeq Intrnl_Id="395">
<LocList>
<Loc EndOffset="10151" SrcFileId="2" StartOffset="10080"/>
</LocList>
<CondStmnt CovItemId="S67" CovItemPrefix="org.jfree.data.DefaultKeyedValues.java" Intrnl_Id="396">
<Branch CovItemId="B25" CovItemPrefix="org.jfree.data.DefaultKeyedValues.java" Implct="false" Intrnl_Id="397">
<Cond/>
<LocList>
<Loc EndOffset="10151" SrcFileId="2" StartOffset="10096"/>
</LocList>
<StmntSeq Intrnl_Id="398">
<LocList>
<Loc EndOffset="10132" SrcFileId="2" StartOffset="10119"/>
</LocList>
<BasicStmnt CovItemId="S68" CovItemPrefix="org.jfree.data.DefaultKeyedValues.java" Intrnl_Id="399">
<LocList>
<Loc EndOffset="10132" SrcFileId="2" StartOffset="10119"/>
</LocList>
</BasicStmnt>
</StmntSeq>
</Branch>
<Branch CovItemId="B26" CovItemPrefix="org.jfree.data.DefaultKeyedValues.java" Implct="true" Intrnl_Id="400">
<Cond/>
<LocList/>
<StmntSeq Intrnl_Id="401">
<LocList/>
</StmntSeq>
</Branch>
<Keyword EndOffset="10082" SrcFileId="2" StartOffset="10080"/>
<LocList>
<Loc EndOffset="10151" SrcFileId="2" StartOffset="10080"/>
</LocList>
<RootTerm CovItemId="C16" CovItemPrefix="org.jfree.data.DefaultKeyedValues.java" Intrnl_Id="402">
<BasicBoolTerm Intrnl_Id="403">
<LocList>
<Loc EndOffset="10094" SrcFileId="2" StartOffset="10084"/>
</LocList>
</BasicBoolTerm>
</RootTerm>
</CondStmnt>
</StmntSeq>
</Branch>
<Branch CovItemId="B24" CovItemPrefix="org.jfree.data.DefaultKeyedValues.java" Implct="false" Intrnl_Id="404">
<Cond>
<Loc EndOffset="10184" SrcFileId="2" StartOffset="10180"/>
</Cond>
<LocList>
<Loc EndOffset="10294" SrcFileId="2" StartOffset="10185"/>
</LocList>
<StmntSeq Intrnl_Id="405">
<LocList>
<Loc EndOffset="10279" SrcFileId="2" StartOffset="10204"/>
</LocList>
<CondStmnt CovItemId="S69" CovItemPrefix="org.jfree.data.DefaultKeyedValues.java" Intrnl_Id="406">
<Branch CovItemId="B27" CovItemPrefix="org.jfree.data.DefaultKeyedValues.java" Implct="false" Intrnl_Id="407">
<Cond/>
<LocList>
<Loc EndOffset="10279" SrcFileId="2" StartOffset="10224"/>
</LocList>
<StmntSeq Intrnl_Id="408">
<LocList>
<Loc EndOffset="10260" SrcFileId="2" StartOffset="10247"/>
</LocList>
<BasicStmnt CovItemId="S70" CovItemPrefix="org.jfree.data.DefaultKeyedValues.java" Intrnl_Id="409">
<LocList>
<Loc EndOffset="10260" SrcFileId="2" StartOffset="10247"/>
</LocList>
</BasicStmnt>
</StmntSeq>
</Branch>
<Branch CovItemId="B28" CovItemPrefix="org.jfree.data.DefaultKeyedValues.java" Implct="true" Intrnl_Id="410">
<Cond/>
<LocList/>
<StmntSeq Intrnl_Id="411">
<LocList/>
</StmntSeq>
</Branch>
<Keyword EndOffset="10206" SrcFileId="2" StartOffset="10204"/>
<LocList>
<Loc EndOffset="10279" SrcFileId="2" StartOffset="10204"/>
</LocList>
<RootTerm CovItemId="C17" CovItemPrefix="org.jfree.data.DefaultKeyedValues.java" Intrnl_Id="412">
<OpTerm BooleanOpId="4" Intrnl_Id="413">
<BasicBoolTerm Intrnl_Id="414">
<LocList>
<Loc EndOffset="10222" SrcFileId="2" StartOffset="10209"/>
</LocList>
</BasicBoolTerm>
<LocList>
<Loc EndOffset="10209" SrcFileId="2" StartOffset="10208"/>
</LocList>
</OpTerm>
</RootTerm>
</CondStmnt>
</StmntSeq>
</Branch>
<Keyword EndOffset="10047" SrcFileId="2" StartOffset="10045"/>
<LocList>
<Loc EndOffset="10294" SrcFileId="2" StartOffset="10045"/>
</LocList>
<RootTerm CovItemId="C15" CovItemPrefix="org.jfree.data.DefaultKeyedValues.java" Intrnl_Id="415">
<BasicBoolTerm Intrnl_Id="416">
<LocList>
<Loc EndOffset="10059" SrcFileId="2" StartOffset="10049"/>
</LocList>
</BasicBoolTerm>
</RootTerm>
</CondStmnt>
</StmntSeq>
<Keyword EndOffset="9754" SrcFileId="2" StartOffset="9751"/>
<LocList>
<Loc EndOffset="10305" SrcFileId="2" StartOffset="9751"/>
</LocList>
<RootTerm CovItemId="C13" CovItemPrefix="org.jfree.data.DefaultKeyedValues.java" Intrnl_Id="417">
<BasicBoolTerm Intrnl_Id="418">
<LocList>
<Loc EndOffset="9776" SrcFileId="2" StartOffset="9767"/>
</LocList>
</BasicBoolTerm>
</RootTerm>
</LoopStmnt>
<BasicStmnt CovItemId="S71" CovItemPrefix="org.jfree.data.DefaultKeyedValues.java" Intrnl_Id="419">
<LocList>
<Loc EndOffset="10327" SrcFileId="2" StartOffset="10315"/>
</LocList>
</BasicStmnt>
</StmntSeq>
</HierarchyLvl>
<HierarchyLvl HierarchyLvlId="1092" HierarchyLvlTypeId="7" Intrnl_Id="420" Name="hashCode">
<Header>
<Loc EndOffset="10448" SrcFileId="2" StartOffset="10427"/>
</Header>
<LocList>
<Loc EndOffset="10521" SrcFileId="2" StartOffset="10427"/>
</LocList>
<StmntSeq Intrnl_Id="421">
<LocList>
<Loc EndOffset="10514" SrcFileId="2" StartOffset="10460"/>
</LocList>
<BasicStmnt CovItemId="S72" CovItemPrefix="org.jfree.data.DefaultKeyedValues.java" Intrnl_Id="422">
<LocList>
<Loc EndOffset="10514" SrcFileId="2" StartOffset="10460"/>
</LocList>
<QMO CovItemId="Q0" CovItemPrefix="org.jfree.data.DefaultKeyedValues.java" Intrnl_Id="423">
<LocList>
<Loc EndOffset="10485" SrcFileId="2" StartOffset="10468"/>
</LocList>
<QMO_E CovItemId="Q0-0" CovItemPrefix="org.jfree.data.DefaultKeyedValues.java" Intrnl_Id="424">
<LocList>
<Loc EndOffset="10508" SrcFileId="2" StartOffset="10488"/>
</LocList>
</QMO_E>
<QMO_E CovItemId="Q0-1" CovItemPrefix="org.jfree.data.DefaultKeyedValues.java" Intrnl_Id="425">
<LocList>
<Loc EndOffset="10512" SrcFileId="2" StartOffset="10511"/>
</LocList>
</QMO_E>
</QMO>
</BasicStmnt>
</StmntSeq>
</HierarchyLvl>
<HierarchyLvl HierarchyLvlId="1093" HierarchyLvlTypeId="7" Intrnl_Id="426" Name="clone">
<Header>
<Loc EndOffset="10795" SrcFileId="2" StartOffset="10740"/>
</Header>
<LocList>
<Loc EndOffset="10970" SrcFileId="2" StartOffset="10740"/>
</LocList>
<StmntSeq Intrnl_Id="427">
<LocList>
<Loc EndOffset="10869" SrcFileId="2" StartOffset="10807"/>
<Loc EndOffset="10936" SrcFileId="2" StartOffset="10879"/>
<Loc EndOffset="10959" SrcFileId="2" StartOffset="10946"/>
</LocList>
<BasicStmnt CovItemId="S73" CovItemPrefix="org.jfree.data.DefaultKeyedValues.java" Intrnl_Id="428">
<LocList>
<Loc EndOffset="10869" SrcFileId="2" StartOffset="10807"/>
</LocList>
</BasicStmnt>
<BasicStmnt CovItemId="S74" CovItemPrefix="org.jfree.data.DefaultKeyedValues.java" Intrnl_Id="429">
<LocList>
<Loc EndOffset="10936" SrcFileId="2" StartOffset="10879"/>
</LocList>
</BasicStmnt>
<BasicStmnt CovItemId="S75" CovItemPrefix="org.jfree.data.DefaultKeyedValues.java" Intrnl_Id="430">
<LocList>
<Loc EndOffset="10959" SrcFileId="2" StartOffset="10946"/>
</LocList>
</BasicStmnt>
</StmntSeq>
</HierarchyLvl>
</HierarchyLvl>
<HierarchyLvl HierarchyLvlId="1100" HierarchyLvlTypeId="6" Intrnl_Id="431" Name="DataUtilities">
<Header>
<Loc EndOffset="2073" SrcFileId="3" StartOffset="2038"/>
</Header>
<LocList>
<Loc EndOffset="6916" SrcFileId="3" StartOffset="2038"/>
</LocList>
<HierarchyLvl HierarchyLvlId="1095" HierarchyLvlTypeId="7" Intrnl_Id="432" Name="calculateColumnTotal">
<Header>
<Loc EndOffset="2522" SrcFileId="3" StartOffset="2454"/>
</Header>
<LocList>
<Loc EndOffset="2825" SrcFileId="3" StartOffset="2454"/>
</LocList>
<StmntSeq Intrnl_Id="433">
<LocList>
<Loc EndOffset="2553" SrcFileId="3" StartOffset="2534"/>
<Loc EndOffset="2597" SrcFileId="3" StartOffset="2563"/>
<Loc EndOffset="2795" SrcFileId="3" StartOffset="2607"/>
<Loc EndOffset="2818" SrcFileId="3" StartOffset="2805"/>
</LocList>
<BasicStmnt CovItemId="S1" CovItemPrefix="org.jfree.data.DataUtilities.java" Intrnl_Id="434">
<LocList>
<Loc EndOffset="2553" SrcFileId="3" StartOffset="2534"/>
</LocList>
</BasicStmnt>
<BasicStmnt CovItemId="S2" CovItemPrefix="org.jfree.data.DataUtilities.java" Intrnl_Id="435">
<LocList>
<Loc EndOffset="2597" SrcFileId="3" StartOffset="2563"/>
</LocList>
</BasicStmnt>
<LoopStmnt CovItemId="S3" CovItemPrefix="org.jfree.data.DataUtilities.java" Intrnl_Id="436" MltplExecId="L1-2" MltplExecPrefix="org.jfree.data.DataUtilities.java" NvrExecId="L1-0" NvrExecPrefix="org.jfree.data.DataUtilities.java" OnceExecutedId="L1-1" OnceExecutedPrefix="org.jfree.data.DataUtilities.java" OptBodyExec="true">
<StmntSeq Intrnl_Id="437">
<LocList>
<Loc EndOffset="2693" SrcFileId="3" StartOffset="2657"/>
<Loc EndOffset="2784" SrcFileId="3" StartOffset="2707"/>
</LocList>
<BasicStmnt CovItemId="S4" CovItemPrefix="org.jfree.data.DataUtilities.java" Intrnl_Id="438">
<LocList>
<Loc EndOffset="2693" SrcFileId="3" StartOffset="2657"/>
</LocList>
</BasicStmnt>
<CondStmnt CovItemId="S5" CovItemPrefix="org.jfree.data.DataUtilities.java" Intrnl_Id="439">
<Branch CovItemId="B1" CovItemPrefix="org.jfree.data.DataUtilities.java" Implct="false" Intrnl_Id="440">
<Cond/>
<LocList>
<Loc EndOffset="2784" SrcFileId="3" StartOffset="2722"/>
</LocList>
<StmntSeq Intrnl_Id="441">
<LocList>
<Loc EndOffset="2766" SrcFileId="3" StartOffset="2741"/>
</LocList>
<BasicStmnt CovItemId="S6" CovItemPrefix="org.jfree.data.DataUtilities.java" Intrnl_Id="442">
<LocList>
<Loc EndOffset="2766" SrcFileId="3" StartOffset="2741"/>
</LocList>
</BasicStmnt>
</StmntSeq>
</Branch>
<Branch CovItemId="B2" CovItemPrefix="org.jfree.data.DataUtilities.java" Implct="true" Intrnl_Id="443">
<Cond/>
<LocList/>
<StmntSeq Intrnl_Id="444">
<LocList/>
</StmntSeq>
</Branch>
<Keyword EndOffset="2709" SrcFileId="3" StartOffset="2707"/>
<LocList>
<Loc EndOffset="2784" SrcFileId="3" StartOffset="2707"/>
</LocList>
<RootTerm CovItemId="C2" CovItemPrefix="org.jfree.data.DataUtilities.java" Intrnl_Id="445">
<BasicBoolTerm Intrnl_Id="446">
<LocList>
<Loc EndOffset="2720" SrcFileId="3" StartOffset="2711"/>
</LocList>
</BasicBoolTerm>
</RootTerm>
</CondStmnt>
</StmntSeq>
<Keyword EndOffset="2610" SrcFileId="3" StartOffset="2607"/>
<LocList>
<Loc EndOffset="2795" SrcFileId="3" StartOffset="2607"/>
</LocList>
<RootTerm CovItemId="C1" CovItemPrefix="org.jfree.data.DataUtilities.java" Intrnl_Id="447">
<BasicBoolTerm Intrnl_Id="448">
<LocList>
<Loc EndOffset="2635" SrcFileId="3" StartOffset="2623"/>
</LocList>
</BasicBoolTerm>
</RootTerm>
</LoopStmnt>
<BasicStmnt CovItemId="S7" CovItemPrefix="org.jfree.data.DataUtilities.java" Intrnl_Id="449">
<LocList>
<Loc EndOffset="2818" SrcFileId="3" StartOffset="2805"/>
</LocList>
</BasicStmnt>
</StmntSeq>
</HierarchyLvl>
<HierarchyLvl HierarchyLvlId="1096" HierarchyLvlTypeId="7" Intrnl_Id="450" Name="calculateRowTotal">
<Header>
<Loc EndOffset="3260" SrcFileId="3" StartOffset="3198"/>
</Header>
<LocList>
<Loc EndOffset="3569" SrcFileId="3" StartOffset="3198"/>
</LocList>
<StmntSeq Intrnl_Id="451">
<LocList>
<Loc EndOffset="3291" SrcFileId="3" StartOffset="3272"/>
<Loc EndOffset="3341" SrcFileId="3" StartOffset="3301"/>
<Loc EndOffset="3539" SrcFileId="3" StartOffset="3351"/>
<Loc EndOffset="3562" SrcFileId="3" StartOffset="3549"/>
</LocList>
<BasicStmnt CovItemId="S8" CovItemPrefix="org.jfree.data.DataUtilities.java" Intrnl_Id="452">
<LocList>
<Loc EndOffset="3291" SrcFileId="3" StartOffset="3272"/>
</LocList>
</BasicStmnt>
<BasicStmnt CovItemId="S9" CovItemPrefix="org.jfree.data.DataUtilities.java" Intrnl_Id="453">
<LocList>
<Loc EndOffset="3341" SrcFileId="3" StartOffset="3301"/>
</LocList>
</BasicStmnt>
<LoopStmnt CovItemId="S10" CovItemPrefix="org.jfree.data.DataUtilities.java" Intrnl_Id="454" MltplExecId="L2-2" MltplExecPrefix="org.jfree.data.DataUtilities.java" NvrExecId="L2-0" NvrExecPrefix="org.jfree.data.DataUtilities.java" OnceExecutedId="L2-1" OnceExecutedPrefix="org.jfree.data.DataUtilities.java" OptBodyExec="true">
<StmntSeq Intrnl_Id="455">
<LocList>
<Loc EndOffset="3437" SrcFileId="3" StartOffset="3404"/>
<Loc EndOffset="3528" SrcFileId="3" StartOffset="3451"/>
</LocList>
<BasicStmnt CovItemId="S11" CovItemPrefix="org.jfree.data.DataUtilities.java" Intrnl_Id="456">
<LocList>
<Loc EndOffset="3437" SrcFileId="3" StartOffset="3404"/>
</LocList>
</BasicStmnt>
<CondStmnt CovItemId="S12" CovItemPrefix="org.jfree.data.DataUtilities.java" Intrnl_Id="457">
<Branch CovItemId="B3" CovItemPrefix="org.jfree.data.DataUtilities.java" Implct="false" Intrnl_Id="458">
<Cond/>
<LocList>
<Loc EndOffset="3528" SrcFileId="3" StartOffset="3466"/>
</LocList>
<StmntSeq Intrnl_Id="459">
<LocList>
<Loc EndOffset="3510" SrcFileId="3" StartOffset="3485"/>
</LocList>
<BasicStmnt CovItemId="S13" CovItemPrefix="org.jfree.data.DataUtilities.java" Intrnl_Id="460">
<LocList>
<Loc EndOffset="3510" SrcFileId="3" StartOffset="3485"/>
</LocList>
</BasicStmnt>
</StmntSeq>
</Branch>
<Branch CovItemId="B4" CovItemPrefix="org.jfree.data.DataUtilities.java" Implct="true" Intrnl_Id="461">
<Cond/>
<LocList/>
<StmntSeq Intrnl_Id="462">
<LocList/>
</StmntSeq>
</Branch>
<Keyword EndOffset="3453" SrcFileId="3" StartOffset="3451"/>
<LocList>
<Loc EndOffset="3528" SrcFileId="3" StartOffset="3451"/>
</LocList>
<RootTerm CovItemId="C4" CovItemPrefix="org.jfree.data.DataUtilities.java" Intrnl_Id="463">
<BasicBoolTerm Intrnl_Id="464">
<LocList>
<Loc EndOffset="3464" SrcFileId="3" StartOffset="3455"/>
</LocList>
</BasicBoolTerm>
</RootTerm>
</CondStmnt>
</StmntSeq>
<Keyword EndOffset="3354" SrcFileId="3" StartOffset="3351"/>
<LocList>
<Loc EndOffset="3539" SrcFileId="3" StartOffset="3351"/>
</LocList>
<RootTerm CovItemId="C3" CovItemPrefix="org.jfree.data.DataUtilities.java" Intrnl_Id="465">
<BasicBoolTerm Intrnl_Id="466">
<LocList>
<Loc EndOffset="3382" SrcFileId="3" StartOffset="3367"/>
</LocList>
</BasicBoolTerm>
</RootTerm>
</LoopStmnt>
<BasicStmnt CovItemId="S14" CovItemPrefix="org.jfree.data.DataUtilities.java" Intrnl_Id="467">
<LocList>
<Loc EndOffset="3562" SrcFileId="3" StartOffset="3549"/>
</LocList>
</BasicStmnt>
</StmntSeq>
</HierarchyLvl>
<HierarchyLvl HierarchyLvlId="1097" HierarchyLvlTypeId="7" Intrnl_Id="468" Name="createNumberArray">
<Header>
<Loc EndOffset="3943" SrcFileId="3" StartOffset="3888"/>
</Header>
<LocList>
<Loc EndOffset="4251" SrcFileId="3" StartOffset="3888"/>
</LocList>
<StmntSeq Intrnl_Id="469">
<LocList>
<Loc EndOffset="4062" SrcFileId="3" StartOffset="3955"/>
<Loc EndOffset="4114" SrcFileId="3" StartOffset="4072"/>
<Loc EndOffset="4220" SrcFileId="3" StartOffset="4124"/>
<Loc EndOffset="4244" SrcFileId="3" StartOffset="4230"/>
</LocList>
<CondStmnt CovItemId="S15" CovItemPrefix="org.jfree.data.DataUtilities.java" Intrnl_Id="470">
<Branch CovItemId="B5" CovItemPrefix="org.jfree.data.DataUtilities.java" Implct="false" Intrnl_Id="471">
<Cond/>
<LocList>
<Loc EndOffset="4062" SrcFileId="3" StartOffset="3973"/>
</LocList>
<StmntSeq Intrnl_Id="472">
<LocList>
<Loc EndOffset="4048" SrcFileId="3" StartOffset="3988"/>
</LocList>
<BasicStmnt CovItemId="S16" CovItemPrefix="org.jfree.data.DataUtilities.java" Intrnl_Id="473">
<LocList>
<Loc EndOffset="4048" SrcFileId="3" StartOffset="3988"/>
</LocList>
</BasicStmnt>
</StmntSeq>
</Branch>
<Branch CovItemId="B6" CovItemPrefix="org.jfree.data.DataUtilities.java" Implct="true" Intrnl_Id="474">
<Cond/>
<LocList/>
<StmntSeq Intrnl_Id="475">
<LocList/>
</StmntSeq>
</Branch>
<Keyword EndOffset="3957" SrcFileId="3" StartOffset="3955"/>
<LocList>
<Loc EndOffset="4062" SrcFileId="3" StartOffset="3955"/>
</LocList>
<RootTerm CovItemId="C5" CovItemPrefix="org.jfree.data.DataUtilities.java" Intrnl_Id="476">
<BasicBoolTerm Intrnl_Id="477">
<LocList>
<Loc EndOffset="3971" SrcFileId="3" StartOffset="3959"/>
</LocList>
</BasicBoolTerm>
</RootTerm>
</CondStmnt>
<BasicStmnt CovItemId="S17" CovItemPrefix="org.jfree.data.DataUtilities.java" Intrnl_Id="478">
<LocList>
<Loc EndOffset="4114" SrcFileId="3" StartOffset="4072"/>
</LocList>
</BasicStmnt>
<LoopStmnt CovItemId="S18" CovItemPrefix="org.jfree.data.DataUtilities.java" Intrnl_Id="479" MltplExecId="L3-2" MltplExecPrefix="org.jfree.data.DataUtilities.java" NvrExecId="L3-0" NvrExecPrefix="org.jfree.data.DataUtilities.java" OnceExecutedId="L3-1" OnceExecutedPrefix="org.jfree.data.DataUtilities.java" OptBodyExec="true">
<StmntSeq Intrnl_Id="480">
<LocList>
<Loc EndOffset="4209" SrcFileId="3" StartOffset="4177"/>
</LocList>
<BasicStmnt CovItemId="S19" CovItemPrefix="org.jfree.data.DataUtilities.java" Intrnl_Id="481">
<LocList>
<Loc EndOffset="4209" SrcFileId="3" StartOffset="4177"/>
</LocList>
</BasicStmnt>
</StmntSeq>
<Keyword EndOffset="4127" SrcFileId="3" StartOffset="4124"/>
<LocList>
<Loc EndOffset="4220" SrcFileId="3" StartOffset="4124"/>
</LocList>
<RootTerm CovItemId="C6" CovItemPrefix="org.jfree.data.DataUtilities.java" Intrnl_Id="482">
<BasicBoolTerm Intrnl_Id="483">
<LocList>
<Loc EndOffset="4155" SrcFileId="3" StartOffset="4140"/>
</LocList>
</BasicBoolTerm>
</RootTerm>
</LoopStmnt>
<BasicStmnt CovItemId="S20" CovItemPrefix="org.jfree.data.DataUtilities.java" Intrnl_Id="484">
<LocList>
<Loc EndOffset="4244" SrcFileId="3" StartOffset="4230"/>
</LocList>
</BasicStmnt>
</StmntSeq>
</HierarchyLvl>
<HierarchyLvl HierarchyLvlId="1098" HierarchyLvlTypeId="7" Intrnl_Id="485" Name="createNumberArray2D">
<Header>
<Loc EndOffset="4662" SrcFileId="3" StartOffset="4601"/>
</Header>
<LocList>
<Loc EndOffset="4994" SrcFileId="3" StartOffset="4601"/>
</LocList>
<StmntSeq Intrnl_Id="486">
<LocList>
<Loc EndOffset="4781" SrcFileId="3" StartOffset="4674"/>
<Loc EndOffset="4812" SrcFileId="3" StartOffset="4791"/>
<Loc EndOffset="4859" SrcFileId="3" StartOffset="4822"/>
<Loc EndOffset="4963" SrcFileId="3" StartOffset="4869"/>
<Loc EndOffset="4987" SrcFileId="3" StartOffset="4973"/>
</LocList>
<CondStmnt CovItemId="S21" CovItemPrefix="org.jfree.data.DataUtilities.java" Intrnl_Id="487">
<Branch CovItemId="B7" CovItemPrefix="org.jfree.data.DataUtilities.java" Implct="false" Intrnl_Id="488">
<Cond/>
<LocList>
<Loc EndOffset="4781" SrcFileId="3" StartOffset="4692"/>
</LocList>
<StmntSeq Intrnl_Id="489">
<LocList>
<Loc EndOffset="4767" SrcFileId="3" StartOffset="4707"/>
</LocList>
<BasicStmnt CovItemId="S22" CovItemPrefix="org.jfree.data.DataUtilities.java" Intrnl_Id="490">
<LocList>
<Loc EndOffset="4767" SrcFileId="3" StartOffset="4707"/>
</LocList>
</BasicStmnt>
</StmntSeq>
</Branch>
<Branch CovItemId="B8" CovItemPrefix="org.jfree.data.DataUtilities.java" Implct="true" Intrnl_Id="491">
<Cond/>
<LocList/>
<StmntSeq Intrnl_Id="492">
<LocList/>
</StmntSeq>
</Branch>
<Keyword EndOffset="4676" SrcFileId="3" StartOffset="4674"/>
<LocList>
<Loc EndOffset="4781" SrcFileId="3" StartOffset="4674"/>
</LocList>
<RootTerm CovItemId="C7" CovItemPrefix="org.jfree.data.DataUtilities.java" Intrnl_Id="493">
<BasicBoolTerm Intrnl_Id="494">
<LocList>
<Loc EndOffset="4690" SrcFileId="3" StartOffset="4678"/>
</LocList>
</BasicBoolTerm>
</RootTerm>
</CondStmnt>
<BasicStmnt CovItemId="S23" CovItemPrefix="org.jfree.data.DataUtilities.java" Intrnl_Id="495">
<LocList>
<Loc EndOffset="4812" SrcFileId="3" StartOffset="4791"/>
</LocList>
</BasicStmnt>
<BasicStmnt CovItemId="S24" CovItemPrefix="org.jfree.data.DataUtilities.java" Intrnl_Id="496">
<LocList>
<Loc EndOffset="4859" SrcFileId="3" StartOffset="4822"/>
</LocList>
</BasicStmnt>
<LoopStmnt CovItemId="S25" CovItemPrefix="org.jfree.data.DataUtilities.java" Intrnl_Id="497" MltplExecId="L4-2" MltplExecPrefix="org.jfree.data.DataUtilities.java" NvrExecId="L4-0" NvrExecPrefix="org.jfree.data.DataUtilities.java" OnceExecutedId="L4-1" OnceExecutedPrefix="org.jfree.data.DataUtilities.java" OptBodyExec="true">
<StmntSeq Intrnl_Id="498">
<LocList>
<Loc EndOffset="4952" SrcFileId="3" StartOffset="4913"/>
</LocList>
<BasicStmnt CovItemId="S26" CovItemPrefix="org.jfree.data.DataUtilities.java" Intrnl_Id="499">
<LocList>
<Loc EndOffset="4952" SrcFileId="3" StartOffset="4913"/>
</LocList>
</BasicStmnt>
</StmntSeq>
<Keyword EndOffset="4872" SrcFileId="3" StartOffset="4869"/>
<LocList>
<Loc EndOffset="4963" SrcFileId="3" StartOffset="4869"/>
</LocList>
<RootTerm CovItemId="C8" CovItemPrefix="org.jfree.data.DataUtilities.java" Intrnl_Id="500">
<BasicBoolTerm Intrnl_Id="501">
<LocList>
<Loc EndOffset="4891" SrcFileId="3" StartOffset="4885"/>
</LocList>
</BasicBoolTerm>
</RootTerm>
</LoopStmnt>
<BasicStmnt CovItemId="S27" CovItemPrefix="org.jfree.data.DataUtilities.java" Intrnl_Id="502">
<LocList>
<Loc EndOffset="4987" SrcFileId="3" StartOffset="4973"/>
</LocList>
</BasicStmnt>
</StmntSeq>
</HierarchyLvl>
<HierarchyLvl HierarchyLvlId="1099" HierarchyLvlTypeId="7" Intrnl_Id="503" Name="getCumulativePercentages">
<Header>
<Loc EndOffset="6122" SrcFileId="3" StartOffset="6054"/>
</Header>
<LocList>
<Loc EndOffset="6911" SrcFileId="3" StartOffset="6054"/>
</LocList>
<StmntSeq Intrnl_Id="504">
<LocList>
<Loc EndOffset="6241" SrcFileId="3" StartOffset="6134"/>
<Loc EndOffset="6304" SrcFileId="3" StartOffset="6251"/>
<Loc EndOffset="6333" SrcFileId="3" StartOffset="6314"/>
<Loc EndOffset="6538" SrcFileId="3" StartOffset="6343"/>
<Loc EndOffset="6574" SrcFileId="3" StartOffset="6548"/>
<Loc EndOffset="6880" SrcFileId="3" StartOffset="6584"/>
<Loc EndOffset="6904" SrcFileId="3" StartOffset="6890"/>
</LocList>
<CondStmnt CovItemId="S28" CovItemPrefix="org.jfree.data.DataUtilities.java" Intrnl_Id="505">
<Branch CovItemId="B9" CovItemPrefix="org.jfree.data.DataUtilities.java" Implct="false" Intrnl_Id="506">
<Cond/>
<LocList>
<Loc EndOffset="6241" SrcFileId="3" StartOffset="6152"/>
</LocList>
<StmntSeq Intrnl_Id="507">
<LocList>
<Loc EndOffset="6227" SrcFileId="3" StartOffset="6167"/>
</LocList>
<BasicStmnt CovItemId="S29" CovItemPrefix="org.jfree.data.DataUtilities.java" Intrnl_Id="508">
<LocList>
<Loc EndOffset="6227" SrcFileId="3" StartOffset="6167"/>
</LocList>
</BasicStmnt>
</StmntSeq>
</Branch>
<Branch CovItemId="B10" CovItemPrefix="org.jfree.data.DataUtilities.java" Implct="true" Intrnl_Id="509">
<Cond/>
<LocList/>
<StmntSeq Intrnl_Id="510">
<LocList/>
</StmntSeq>
</Branch>
<Keyword EndOffset="6136" SrcFileId="3" StartOffset="6134"/>
<LocList>
<Loc EndOffset="6241" SrcFileId="3" StartOffset="6134"/>
</LocList>
<RootTerm CovItemId="C9" CovItemPrefix="org.jfree.data.DataUtilities.java" Intrnl_Id="511">
<BasicBoolTerm Intrnl_Id="512">
<LocList>
<Loc EndOffset="6150" SrcFileId="3" StartOffset="6138"/>
</LocList>
</BasicBoolTerm>
</RootTerm>
</CondStmnt>
<BasicStmnt CovItemId="S30" CovItemPrefix="org.jfree.data.DataUtilities.java" Intrnl_Id="513">
<LocList>
<Loc EndOffset="6304" SrcFileId="3" StartOffset="6251"/>
</LocList>
</BasicStmnt>
<BasicStmnt CovItemId="S31" CovItemPrefix="org.jfree.data.DataUtilities.java" Intrnl_Id="514">
<LocList>
<Loc EndOffset="6333" SrcFileId="3" StartOffset="6314"/>
</LocList>
</BasicStmnt>
<LoopStmnt CovItemId="S32" CovItemPrefix="org.jfree.data.DataUtilities.java" Intrnl_Id="515" MltplExecId="L5-2" MltplExecPrefix="org.jfree.data.DataUtilities.java" NvrExecId="L5-0" NvrExecPrefix="org.jfree.data.DataUtilities.java" OnceExecutedId="L5-1" OnceExecutedPrefix="org.jfree.data.DataUtilities.java" OptBodyExec="true">
<StmntSeq Intrnl_Id="516">
<LocList>
<Loc EndOffset="6432" SrcFileId="3" StartOffset="6404"/>
<Loc EndOffset="6527" SrcFileId="3" StartOffset="6446"/>
</LocList>
<BasicStmnt CovItemId="S33" CovItemPrefix="org.jfree.data.DataUtilities.java" Intrnl_Id="517">
<LocList>
<Loc EndOffset="6432" SrcFileId="3" StartOffset="6404"/>
</LocList>
</BasicStmnt>
<CondStmnt CovItemId="S34" CovItemPrefix="org.jfree.data.DataUtilities.java" Intrnl_Id="518">
<Branch CovItemId="B11" CovItemPrefix="org.jfree.data.DataUtilities.java" Implct="false" Intrnl_Id="519">
<Cond/>
<LocList>
<Loc EndOffset="6527" SrcFileId="3" StartOffset="6461"/>
</LocList>
<StmntSeq Intrnl_Id="520">
<LocList>
<Loc EndOffset="6512" SrcFileId="3" StartOffset="6480"/>
</LocList>
<BasicStmnt CovItemId="S35" CovItemPrefix="org.jfree.data.DataUtilities.java" Intrnl_Id="521">
<LocList>
<Loc EndOffset="6512" SrcFileId="3" StartOffset="6480"/>
</LocList>
</BasicStmnt>
</StmntSeq>
</Branch>
<Branch CovItemId="B12" CovItemPrefix="org.jfree.data.DataUtilities.java" Implct="true" Intrnl_Id="522">
<Cond/>
<LocList/>
<StmntSeq Intrnl_Id="523">
<LocList/>
</StmntSeq>
</Branch>
<Keyword EndOffset="6448" SrcFileId="3" StartOffset="6446"/>
<LocList>
<Loc EndOffset="6527" SrcFileId="3" StartOffset="6446"/>
</LocList>
<RootTerm CovItemId="C11" CovItemPrefix="org.jfree.data.DataUtilities.java" Intrnl_Id="524">
<BasicBoolTerm Intrnl_Id="525">
<LocList>
<Loc EndOffset="6459" SrcFileId="3" StartOffset="6450"/>
</LocList>
</BasicBoolTerm>
</RootTerm>
</CondStmnt>
</StmntSeq>
<Keyword EndOffset="6346" SrcFileId="3" StartOffset="6343"/>
<LocList>
<Loc EndOffset="6538" SrcFileId="3" StartOffset="6343"/>
</LocList>
<RootTerm CovItemId="C10" CovItemPrefix="org.jfree.data.DataUtilities.java" Intrnl_Id="526">
<BasicBoolTerm Intrnl_Id="527">
<LocList>
<Loc EndOffset="6382" SrcFileId="3" StartOffset="6359"/>
</LocList>
</BasicBoolTerm>
</RootTerm>
</LoopStmnt>
<BasicStmnt CovItemId="S36" CovItemPrefix="org.jfree.data.DataUtilities.java" Intrnl_Id="528">
<LocList>
<Loc EndOffset="6574" SrcFileId="3" StartOffset="6548"/>
</LocList>
</BasicStmnt>
<LoopStmnt CovItemId="S37" CovItemPrefix="org.jfree.data.DataUtilities.java" Intrnl_Id="529" MltplExecId="L6-2" MltplExecPrefix="org.jfree.data.DataUtilities.java" NvrExecId="L6-0" NvrExecPrefix="org.jfree.data.DataUtilities.java" OnceExecutedId="L6-1" OnceExecutedPrefix="org.jfree.data.DataUtilities.java" OptBodyExec="true">
<StmntSeq Intrnl_Id="530">
<LocList>
<Loc EndOffset="6673" SrcFileId="3" StartOffset="6645"/>
<Loc EndOffset="6789" SrcFileId="3" StartOffset="6687"/>
<Loc EndOffset="6869" SrcFileId="3" StartOffset="6803"/>
</LocList>
<BasicStmnt CovItemId="S38" CovItemPrefix="org.jfree.data.DataUtilities.java" Intrnl_Id="531">
<LocList>
<Loc EndOffset="6673" SrcFileId="3" StartOffset="6645"/>
</LocList>
</BasicStmnt>
<CondStmnt CovItemId="S39" CovItemPrefix="org.jfree.data.DataUtilities.java" Intrnl_Id="532">
<Branch CovItemId="B13" CovItemPrefix="org.jfree.data.DataUtilities.java" Implct="false" Intrnl_Id="533">
<Cond/>
<LocList>
<Loc EndOffset="6789" SrcFileId="3" StartOffset="6702"/>
</LocList>
<StmntSeq Intrnl_Id="534">
<LocList>
<Loc EndOffset="6774" SrcFileId="3" StartOffset="6721"/>
</LocList>
<BasicStmnt CovItemId="S40" CovItemPrefix="org.jfree.data.DataUtilities.java" Intrnl_Id="535">
<LocList>
<Loc EndOffset="6774" SrcFileId="3" StartOffset="6721"/>
</LocList>
</BasicStmnt>
</StmntSeq>
</Branch>
<Branch CovItemId="B14" CovItemPrefix="org.jfree.data.DataUtilities.java" Implct="true" Intrnl_Id="536">
<Cond/>
<LocList/>
<StmntSeq Intrnl_Id="537">
<LocList/>
</StmntSeq>
</Branch>
<Keyword EndOffset="6689" SrcFileId="3" StartOffset="6687"/>
<LocList>
<Loc EndOffset="6789" SrcFileId="3" StartOffset="6687"/>
</LocList>
<RootTerm CovItemId="C13" CovItemPrefix="org.jfree.data.DataUtilities.java" Intrnl_Id="538">
<BasicBoolTerm Intrnl_Id="539">
<LocList>
<Loc EndOffset="6700" SrcFileId="3" StartOffset="6691"/>
</LocList>
</BasicBoolTerm>
</RootTerm>
</CondStmnt>
<BasicStmnt CovItemId="S41" CovItemPrefix="org.jfree.data.DataUtilities.java" Intrnl_Id="540">
<LocList>
<Loc EndOffset="6869" SrcFileId="3" StartOffset="6803"/>
</LocList>
</BasicStmnt>
</StmntSeq>
<Keyword EndOffset="6587" SrcFileId="3" StartOffset="6584"/>
<LocList>
<Loc EndOffset="6880" SrcFileId="3" StartOffset="6584"/>
</LocList>
<RootTerm CovItemId="C12" CovItemPrefix="org.jfree.data.DataUtilities.java" Intrnl_Id="541">
<BasicBoolTerm Intrnl_Id="542">
<LocList>
<Loc EndOffset="6623" SrcFileId="3" StartOffset="6600"/>
</LocList>
</BasicBoolTerm>
</RootTerm>
</LoopStmnt>
<BasicStmnt CovItemId="S42" CovItemPrefix="org.jfree.data.DataUtilities.java" Intrnl_Id="543">
<LocList>
<Loc EndOffset="6904" SrcFileId="3" StartOffset="6890"/>
</LocList>
</BasicStmnt>
</StmntSeq>
</HierarchyLvl>
</HierarchyLvl>
</HierarchyLvl>
</HierarchyLvl>
</HierarchyLvl>
</HierarchyLvl>
</MASTRoot>
<TestSession Comment="" Date="1329200752071" Name="Feb 13, 2012 11:25:51 PM">
<TestCase Comment="" Date="1329200749358" Name="org.jfree.data.DefaultKeyedValuesTest:testConstructor">
<CovList>
<CovPrefix CovItemPrefix="org.jfree.data.DefaultKeyedValues.java">
<Cov CovItemId="S1" Value="1"/>
<Cov CovItemId="S2" Value="1"/>
<Cov CovItemId="S3" Value="1"/>
</CovPrefix>
</CovList>
<AssgnmntList/>
<ObjMetaDataList/>
<MetaDataList/>
</TestCase>
<TestCase Comment="" Date="1329200749364" Name="org.jfree.data.DefaultKeyedValuesTest:testGetItemCount_DKVHasZeroEntries">
<CovList>
<CovPrefix CovItemPrefix="org.jfree.data.DefaultKeyedValues.java">
<Cov CovItemId="S2" Value="1"/>
<Cov CovItemId="S3" Value="1"/>
</CovPrefix>
</CovList>
<AssgnmntList/>
<ObjMetaDataList/>
<MetaDataList/>
</TestCase>
<TestCase Comment="" Date="1329200749365" Name="org.jfree.data.DefaultKeyedValuesTest:testGetItemCount_DKVHasOneEntry">
<CovList>
<CovPrefix CovItemPrefix="org.jfree.data.DefaultKeyedValues.java">
<Cov CovItemId="B10" Value="1"/>
<Cov CovItemId="B12" Value="1"/>
<Cov CovItemId="L1-0" Value="1"/>
<Cov CovItemId="S14" Value="1"/>
<Cov CovItemId="S15" Value="1"/>
<Cov CovItemId="S16" Value="1"/>
<Cov CovItemId="S2" Value="1"/>
<Cov CovItemId="S21" Value="1"/>
<Cov CovItemId="S3" Value="1"/>
<Cov CovItemId="S32" Value="1"/>
<Cov CovItemId="S33" Value="1"/>
<Cov CovItemId="S35" Value="1"/>
<Cov CovItemId="S37" Value="1"/>
<Cov CovItemId="S38" Value="1"/>
<Cov CovItemId="S41" Value="1"/>
<Cov CovItemId="S42" Value="1"/>
</CovPrefix>
</CovList>
<AssgnmntList>
<AssgnmntPrefix RootTermCovItemPrefix="org.jfree.data.DefaultKeyedValues.java">
<AssgnmntListEntry Length="1" RootTermCovItemId="C3">
<MapEntry BoolAssgnmnt="0" Value="1"/>
</AssgnmntListEntry>
<AssgnmntListEntry Length="1" RootTermCovItemId="C7">
<MapEntry BoolAssgnmnt="0" Value="1"/>
</AssgnmntListEntry>
<AssgnmntListEntry Length="1" RootTermCovItemId="C8">
<MapEntry BoolAssgnmnt="0" Value="1"/>
</AssgnmntListEntry>
</AssgnmntPrefix>
</AssgnmntList>
<ObjMetaDataList/>
<MetaDataList/>
</TestCase>
<TestCase Comment="" Date="1329200749370" Name="org.jfree.data.DefaultKeyedValuesTest:testGetItemCount_DKVHasFiveEntries">
<CovList>
<CovPrefix CovItemPrefix="org.jfree.data.DefaultKeyedValues.java">
<Cov CovItemId="B10" Value="5"/>
<Cov CovItemId="B12" Value="5"/>
<Cov CovItemId="B6" Value="10"/>
<Cov CovItemId="L1-0" Value="1"/>
<Cov CovItemId="L1-1" Value="1"/>
<Cov CovItemId="L1-2" Value="3"/>
<Cov CovItemId="S14" Value="5"/>
<Cov CovItemId="S15" Value="5"/>
<Cov CovItemId="S16" Value="5"/>
<Cov CovItemId="S17" Value="10"/>
<Cov CovItemId="S18" Value="10"/>
<Cov CovItemId="S2" Value="1"/>
<Cov CovItemId="S20" Value="10"/>
<Cov CovItemId="S21" Value="5"/>
<Cov CovItemId="S3" Value="1"/>
<Cov CovItemId="S32" Value="5"/>
<Cov CovItemId="S33" Value="5"/>
<Cov CovItemId="S35" Value="5"/>
<Cov CovItemId="S37" Value="5"/>
<Cov CovItemId="S38" Value="5"/>
<Cov CovItemId="S41" Value="5"/>
<Cov CovItemId="S42" Value="5"/>
</CovPrefix>
</CovList>
<AssgnmntList>
<AssgnmntPrefix RootTermCovItemPrefix="org.jfree.data.DefaultKeyedValues.java">
<AssgnmntListEntry Length="1" RootTermCovItemId="C3">
<MapEntry BoolAssgnmnt="0" Value="5"/>
<MapEntry BoolAssgnmnt="1" Value="10"/>
</AssgnmntListEntry>
<AssgnmntListEntry Length="1" RootTermCovItemId="C4">
<MapEntry BoolAssgnmnt="0" Value="10"/>
</AssgnmntListEntry>
<AssgnmntListEntry Length="1" RootTermCovItemId="C7">
<MapEntry BoolAssgnmnt="0" Value="5"/>
</AssgnmntListEntry>
<AssgnmntListEntry Length="1" RootTermCovItemId="C8">
<MapEntry BoolAssgnmnt="0" Value="5"/>
</AssgnmntListEntry>
</AssgnmntPrefix>
</AssgnmntList>
<ObjMetaDataList/>
<MetaDataList/>
</TestCase>
<TestCase Comment="" Date="1329200749371" Name="org.jfree.data.DefaultKeyedValuesTest:testGetValue_indexIsZero">
<CovList>
<CovPrefix CovItemPrefix="org.jfree.data.DefaultKeyedValues.java">
<Cov CovItemId="B1" Value="1"/>
<Cov CovItemId="B10" Value="5"/>
<Cov CovItemId="B12" Value="5"/>
<Cov CovItemId="B6" Value="10"/>
<Cov CovItemId="L1-0" Value="1"/>
<Cov CovItemId="L1-1" Value="1"/>
<Cov CovItemId="L1-2" Value="3"/>
<Cov CovItemId="S14" Value="5"/>
<Cov CovItemId="S15" Value="5"/>
<Cov CovItemId="S16" Value="5"/>
<Cov CovItemId="S17" Value="10"/>
<Cov CovItemId="S18" Value="10"/>
<Cov CovItemId="S2" Value="1"/>
<Cov CovItemId="S20" Value="10"/>
<Cov CovItemId="S21" Value="5"/>
<Cov CovItemId="S32" Value="5"/>
<Cov CovItemId="S33" Value="5"/>
<Cov CovItemId="S35" Value="5"/>
<Cov CovItemId="S37" Value="5"/>
<Cov CovItemId="S38" Value="5"/>
<Cov CovItemId="S4" Value="1"/>
<Cov CovItemId="S41" Value="5"/>
<Cov CovItemId="S42" Value="5"/>
<Cov CovItemId="S5" Value="1"/>
<Cov CovItemId="S6" Value="1"/>
<Cov CovItemId="S7" Value="1"/>
<Cov CovItemId="S8" Value="1"/>
</CovPrefix>
</CovList>
<AssgnmntList>
<AssgnmntPrefix RootTermCovItemPrefix="org.jfree.data.DefaultKeyedValues.java">
<AssgnmntListEntry Length="1" RootTermCovItemId="C1">
<MapEntry BoolAssgnmnt="1" Value="1"/>
</AssgnmntListEntry>
<AssgnmntListEntry Length="1" RootTermCovItemId="C3">
<MapEntry BoolAssgnmnt="0" Value="5"/>
<MapEntry BoolAssgnmnt="1" Value="10"/>
</AssgnmntListEntry>
<AssgnmntListEntry Length="1" RootTermCovItemId="C4">
<MapEntry BoolAssgnmnt="0" Value="10"/>
</AssgnmntListEntry>
<AssgnmntListEntry Length="1" RootTermCovItemId="C7">
<MapEntry BoolAssgnmnt="0" Value="5"/>
</AssgnmntListEntry>
<AssgnmntListEntry Length="1" RootTermCovItemId="C8">
<MapEntry BoolAssgnmnt="0" Value="5"/>
</AssgnmntListEntry>
</AssgnmntPrefix>
</AssgnmntList>
<ObjMetaDataList/>
<MetaDataList/>
</TestCase>
<TestCase Comment="" Date="1329200749373" Name="org.jfree.data.DefaultKeyedValuesTest:testGetValue_indexIsHighestInRange">
<CovList>
<CovPrefix CovItemPrefix="org.jfree.data.DefaultKeyedValues.java">
<Cov CovItemId="B1" Value="1"/>
<Cov CovItemId="B10" Value="5"/>
<Cov CovItemId="B12" Value="5"/>
<Cov CovItemId="B6" Value="10"/>
<Cov CovItemId="L1-0" Value="1"/>
<Cov CovItemId="L1-1" Value="1"/>
<Cov CovItemId="L1-2" Value="3"/>
<Cov CovItemId="S14" Value="5"/>
<Cov CovItemId="S15" Value="5"/>
<Cov CovItemId="S16" Value="5"/>
<Cov CovItemId="S17" Value="10"/>
<Cov CovItemId="S18" Value="10"/>
<Cov CovItemId="S2" Value="1"/>
<Cov CovItemId="S20" Value="10"/>
<Cov CovItemId="S21" Value="5"/>
<Cov CovItemId="S32" Value="5"/>
<Cov CovItemId="S33" Value="5"/>
<Cov CovItemId="S35" Value="5"/>
<Cov CovItemId="S37" Value="5"/>
<Cov CovItemId="S38" Value="5"/>
<Cov CovItemId="S4" Value="1"/>
<Cov CovItemId="S41" Value="5"/>
<Cov CovItemId="S42" Value="5"/>
<Cov CovItemId="S5" Value="1"/>
<Cov CovItemId="S6" Value="1"/>
<Cov CovItemId="S7" Value="1"/>
<Cov CovItemId="S8" Value="1"/>
</CovPrefix>
</CovList>
<AssgnmntList>
<AssgnmntPrefix RootTermCovItemPrefix="org.jfree.data.DefaultKeyedValues.java">
<AssgnmntListEntry Length="1" RootTermCovItemId="C1">
<MapEntry BoolAssgnmnt="1" Value="1"/>
</AssgnmntListEntry>
<AssgnmntListEntry Length="1" RootTermCovItemId="C3">
<MapEntry BoolAssgnmnt="0" Value="5"/>
<MapEntry BoolAssgnmnt="1" Value="10"/>
</AssgnmntListEntry>
<AssgnmntListEntry Length="1" RootTermCovItemId="C4">
<MapEntry BoolAssgnmnt="0" Value="10"/>
</AssgnmntListEntry>
<AssgnmntListEntry Length="1" RootTermCovItemId="C7">
<MapEntry BoolAssgnmnt="0" Value="5"/>
</AssgnmntListEntry>
<AssgnmntListEntry Length="1" RootTermCovItemId="C8">
<MapEntry BoolAssgnmnt="0" Value="5"/>
</AssgnmntListEntry>
</AssgnmntPrefix>
</AssgnmntList>
<ObjMetaDataList/>
<MetaDataList/>
</TestCase>
<TestCase Comment="" Date="1329200749374" Name="org.jfree.data.DefaultKeyedValuesTest:testGetValue_indexIsOutOfBounds">
<CovList>
<CovPrefix CovItemPrefix="org.jfree.data.DefaultKeyedValues.java">
<Cov CovItemId="B10" Value="5"/>
<Cov CovItemId="B12" Value="5"/>
<Cov CovItemId="B6" Value="10"/>
<Cov CovItemId="L1-0" Value="1"/>
<Cov CovItemId="L1-1" Value="1"/>
<Cov CovItemId="L1-2" Value="3"/>
<Cov CovItemId="S14" Value="5"/>
<Cov CovItemId="S15" Value="5"/>
<Cov CovItemId="S16" Value="5"/>
<Cov CovItemId="S17" Value="10"/>
<Cov CovItemId="S18" Value="10"/>
<Cov CovItemId="S2" Value="1"/>
<Cov CovItemId="S20" Value="10"/>
<Cov CovItemId="S21" Value="5"/>
<Cov CovItemId="S32" Value="5"/>
<Cov CovItemId="S33" Value="5"/>
<Cov CovItemId="S35" Value="5"/>
<Cov CovItemId="S37" Value="5"/>
<Cov CovItemId="S38" Value="5"/>
<Cov CovItemId="S4" Value="1"/>
<Cov CovItemId="S41" Value="5"/>
<Cov CovItemId="S42" Value="5"/>
<Cov CovItemId="S5" Value="1"/>
</CovPrefix>
</CovList>
<AssgnmntList>
<AssgnmntPrefix RootTermCovItemPrefix="org.jfree.data.DefaultKeyedValues.java">
<AssgnmntListEntry Length="1" RootTermCovItemId="C3">
<MapEntry BoolAssgnmnt="0" Value="5"/>
<MapEntry BoolAssgnmnt="1" Value="10"/>
</AssgnmntListEntry>
<AssgnmntListEntry Length="1" RootTermCovItemId="C4">
<MapEntry BoolAssgnmnt="0" Value="10"/>
</AssgnmntListEntry>
<AssgnmntListEntry Length="1" RootTermCovItemId="C7">
<MapEntry BoolAssgnmnt="0" Value="5"/>
</AssgnmntListEntry>
<AssgnmntListEntry Length="1" RootTermCovItemId="C8">
<MapEntry BoolAssgnmnt="0" Value="5"/>
</AssgnmntListEntry>
</AssgnmntPrefix>
</AssgnmntList>
<ObjMetaDataList/>
<MetaDataList/>
</TestCase>
<TestCase Comment="" Date="1329200749390" Name="org.jfree.data.DefaultKeyedValuesTest:testGetKey_indexIsZero">
<CovList>
<CovPrefix CovItemPrefix="org.jfree.data.DefaultKeyedValues.java">
<Cov CovItemId="B10" Value="5"/>
<Cov CovItemId="B12" Value="5"/>
<Cov CovItemId="B3" Value="1"/>
<Cov CovItemId="B6" Value="10"/>
<Cov CovItemId="L1-0" Value="1"/>
<Cov CovItemId="L1-1" Value="1"/>
<Cov CovItemId="L1-2" Value="3"/>
<Cov CovItemId="S10" Value="1"/>
<Cov CovItemId="S11" Value="1"/>
<Cov CovItemId="S12" Value="1"/>
<Cov CovItemId="S13" Value="1"/>
<Cov CovItemId="S14" Value="5"/>
<Cov CovItemId="S15" Value="5"/>
<Cov CovItemId="S16" Value="5"/>
<Cov CovItemId="S17" Value="10"/>
<Cov CovItemId="S18" Value="10"/>
<Cov CovItemId="S2" Value="1"/>
<Cov CovItemId="S20" Value="10"/>
<Cov CovItemId="S21" Value="5"/>
<Cov CovItemId="S32" Value="5"/>
<Cov CovItemId="S33" Value="5"/>
<Cov CovItemId="S35" Value="5"/>
<Cov CovItemId="S37" Value="5"/>
<Cov CovItemId="S38" Value="5"/>
<Cov CovItemId="S41" Value="5"/>
<Cov CovItemId="S42" Value="5"/>
<Cov CovItemId="S9" Value="1"/>
</CovPrefix>
</CovList>
<AssgnmntList>
<AssgnmntPrefix RootTermCovItemPrefix="org.jfree.data.DefaultKeyedValues.java">
<AssgnmntListEntry Length="1" RootTermCovItemId="C2">
<MapEntry BoolAssgnmnt="1" Value="1"/>
</AssgnmntListEntry>
<AssgnmntListEntry Length="1" RootTermCovItemId="C3">
<MapEntry BoolAssgnmnt="0" Value="5"/>
<MapEntry BoolAssgnmnt="1" Value="10"/>
</AssgnmntListEntry>
<AssgnmntListEntry Length="1" RootTermCovItemId="C4">
<MapEntry BoolAssgnmnt="0" Value="10"/>
</AssgnmntListEntry>
<AssgnmntListEntry Length="1" RootTermCovItemId="C7">
<MapEntry BoolAssgnmnt="0" Value="5"/>
</AssgnmntListEntry>
<AssgnmntListEntry Length="1" RootTermCovItemId="C8">
<MapEntry BoolAssgnmnt="0" Value="5"/>
</AssgnmntListEntry>
</AssgnmntPrefix>
</AssgnmntList>
<ObjMetaDataList/>
<MetaDataList/>
</TestCase>
<TestCase Comment="" Date="1329200749391" Name="org.jfree.data.DefaultKeyedValuesTest:testGetKey_indexIsHighestInRange">
<CovList>
<CovPrefix CovItemPrefix="org.jfree.data.DefaultKeyedValues.java">
<Cov CovItemId="B10" Value="5"/>
<Cov CovItemId="B12" Value="5"/>
<Cov CovItemId="B3" Value="1"/>
<Cov CovItemId="B6" Value="10"/>
<Cov CovItemId="L1-0" Value="1"/>
<Cov CovItemId="L1-1" Value="1"/>
<Cov CovItemId="L1-2" Value="3"/>
<Cov CovItemId="S10" Value="1"/>
<Cov CovItemId="S11" Value="1"/>
<Cov CovItemId="S12" Value="1"/>
<Cov CovItemId="S13" Value="1"/>
<Cov CovItemId="S14" Value="5"/>
<Cov CovItemId="S15" Value="5"/>
<Cov CovItemId="S16" Value="5"/>
<Cov CovItemId="S17" Value="10"/>
<Cov CovItemId="S18" Value="10"/>
<Cov CovItemId="S2" Value="1"/>
<Cov CovItemId="S20" Value="10"/>
<Cov CovItemId="S21" Value="5"/>
<Cov CovItemId="S32" Value="5"/>
<Cov CovItemId="S33" Value="5"/>
<Cov CovItemId="S35" Value="5"/>
<Cov CovItemId="S37" Value="5"/>
<Cov CovItemId="S38" Value="5"/>
<Cov CovItemId="S41" Value="5"/>
<Cov CovItemId="S42" Value="5"/>
<Cov CovItemId="S9" Value="1"/>
</CovPrefix>
</CovList>
<AssgnmntList>
<AssgnmntPrefix RootTermCovItemPrefix="org.jfree.data.DefaultKeyedValues.java">
<AssgnmntListEntry Length="1" RootTermCovItemId="C2">
<MapEntry BoolAssgnmnt="1" Value="1"/>
</AssgnmntListEntry>
<AssgnmntListEntry Length="1" RootTermCovItemId="C3">
<MapEntry BoolAssgnmnt="0" Value="5"/>
<MapEntry BoolAssgnmnt="1" Value="10"/>
</AssgnmntListEntry>
<AssgnmntListEntry Length="1" RootTermCovItemId="C4">
<MapEntry BoolAssgnmnt="0" Value="10"/>
</AssgnmntListEntry>
<AssgnmntListEntry Length="1" RootTermCovItemId="C7">
<MapEntry BoolAssgnmnt="0" Value="5"/>
</AssgnmntListEntry>
<AssgnmntListEntry Length="1" RootTermCovItemId="C8">
<MapEntry BoolAssgnmnt="0" Value="5"/>
</AssgnmntListEntry>
</AssgnmntPrefix>
</AssgnmntList>
<ObjMetaDataList/>
<MetaDataList/>
</TestCase>
<TestCase Comment="" Date="1329200749392" Name="org.jfree.data.DefaultKeyedValuesTest:testGetKey_indexIsOutOfBounds">
<CovList>
<CovPrefix CovItemPrefix="org.jfree.data.DefaultKeyedValues.java">
<Cov CovItemId="B10" Value="5"/>
<Cov CovItemId="B12" Value="5"/>
<Cov CovItemId="B6" Value="10"/>
<Cov CovItemId="L1-0" Value="1"/>
<Cov CovItemId="L1-1" Value="1"/>
<Cov CovItemId="L1-2" Value="3"/>
<Cov CovItemId="S10" Value="1"/>
<Cov CovItemId="S14" Value="5"/>
<Cov CovItemId="S15" Value="5"/>
<Cov CovItemId="S16" Value="5"/>
<Cov CovItemId="S17" Value="10"/>
<Cov CovItemId="S18" Value="10"/>
<Cov CovItemId="S2" Value="1"/>
<Cov CovItemId="S20" Value="10"/>
<Cov CovItemId="S21" Value="5"/>
<Cov CovItemId="S32" Value="5"/>
<Cov CovItemId="S33" Value="5"/>
<Cov CovItemId="S35" Value="5"/>
<Cov CovItemId="S37" Value="5"/>
<Cov CovItemId="S38" Value="5"/>
<Cov CovItemId="S41" Value="5"/>
<Cov CovItemId="S42" Value="5"/>
<Cov CovItemId="S9" Value="1"/>
</CovPrefix>
</CovList>
<AssgnmntList>
<AssgnmntPrefix RootTermCovItemPrefix="org.jfree.data.DefaultKeyedValues.java">
<AssgnmntListEntry Length="1" RootTermCovItemId="C3">
<MapEntry BoolAssgnmnt="0" Value="5"/>
<MapEntry BoolAssgnmnt="1" Value="10"/>
</AssgnmntListEntry>
<AssgnmntListEntry Length="1" RootTermCovItemId="C4">
<MapEntry BoolAssgnmnt="0" Value="10"/>
</AssgnmntListEntry>
<AssgnmntListEntry Length="1" RootTermCovItemId="C7">
<MapEntry BoolAssgnmnt="0" Value="5"/>
</AssgnmntListEntry>
<AssgnmntListEntry Length="1" RootTermCovItemId="C8">
<MapEntry BoolAssgnmnt="0" Value="5"/>
</AssgnmntListEntry>
</AssgnmntPrefix>
</AssgnmntList>
<ObjMetaDataList/>
<MetaDataList/>
</TestCase>
<TestCase Comment="" Date="1329200749396" Name="org.jfree.data.DefaultKeyedValuesTest:testGetIndex_keyIsValid">
<CovList>
<CovPrefix CovItemPrefix="org.jfree.data.DefaultKeyedValues.java">
<Cov CovItemId="B10" Value="5"/>
<Cov CovItemId="B12" Value="5"/>
<Cov CovItemId="B5" Value="1"/>
<Cov CovItemId="B6" Value="12"/>
<Cov CovItemId="L1-0" Value="1"/>
<Cov CovItemId="L1-1" Value="1"/>
<Cov CovItemId="L1-2" Value="4"/>
<Cov CovItemId="S14" Value="6"/>
<Cov CovItemId="S15" Value="6"/>
<Cov CovItemId="S16" Value="6"/>
<Cov CovItemId="S17" Value="13"/>
<Cov CovItemId="S18" Value="13"/>
<Cov CovItemId="S19" Value="1"/>
<Cov CovItemId="S2" Value="1"/>
<Cov CovItemId="S20" Value="12"/>
<Cov CovItemId="S21" Value="5"/>
<Cov CovItemId="S32" Value="5"/>
<Cov CovItemId="S33" Value="5"/>
<Cov CovItemId="S35" Value="5"/>
<Cov CovItemId="S37" Value="5"/>
<Cov CovItemId="S38" Value="5"/>
<Cov CovItemId="S41" Value="5"/>
<Cov CovItemId="S42" Value="5"/>
</CovPrefix>
</CovList>
<AssgnmntList>
<AssgnmntPrefix RootTermCovItemPrefix="org.jfree.data.DefaultKeyedValues.java">
<AssgnmntListEntry Length="1" RootTermCovItemId="C3">
<MapEntry BoolAssgnmnt="0" Value="5"/>
<MapEntry BoolAssgnmnt="1" Value="13"/>
</AssgnmntListEntry>
<AssgnmntListEntry Length="1" RootTermCovItemId="C4">
<MapEntry BoolAssgnmnt="0" Value="12"/>
<MapEntry BoolAssgnmnt="1" Value="1"/>
</AssgnmntListEntry>
<AssgnmntListEntry Length="1" RootTermCovItemId="C7">
<MapEntry BoolAssgnmnt="0" Value="5"/>
</AssgnmntListEntry>
<AssgnmntListEntry Length="1" RootTermCovItemId="C8">
<MapEntry BoolAssgnmnt="0" Value="5"/>
</AssgnmntListEntry>
</AssgnmntPrefix>
</AssgnmntList>
<ObjMetaDataList/>
<MetaDataList/>
</TestCase>
<TestCase Comment="" Date="1329200749398" Name="org.jfree.data.DefaultKeyedValuesTest:testGetIndex_keyIsFoundInZerothElement">
<CovList>
<CovPrefix CovItemPrefix="org.jfree.data.DefaultKeyedValues.java">
<Cov CovItemId="B10" Value="5"/>
<Cov CovItemId="B12" Value="5"/>
<Cov CovItemId="B5" Value="1"/>
<Cov CovItemId="B6" Value="10"/>
<Cov CovItemId="L1-0" Value="1"/>
<Cov CovItemId="L1-1" Value="2"/>
<Cov CovItemId="L1-2" Value="3"/>
<Cov CovItemId="S14" Value="6"/>
<Cov CovItemId="S15" Value="6"/>
<Cov CovItemId="S16" Value="6"/>
<Cov CovItemId="S17" Value="11"/>
<Cov CovItemId="S18" Value="11"/>
<Cov CovItemId="S19" Value="1"/>
<Cov CovItemId="S2" Value="1"/>
<Cov CovItemId="S20" Value="10"/>
<Cov CovItemId="S21" Value="5"/>
<Cov CovItemId="S32" Value="5"/>
<Cov CovItemId="S33" Value="5"/>
<Cov CovItemId="S35" Value="5"/>
<Cov CovItemId="S37" Value="5"/>
<Cov CovItemId="S38" Value="5"/>
<Cov CovItemId="S41" Value="5"/>
<Cov CovItemId="S42" Value="5"/>
</CovPrefix>
</CovList>
<AssgnmntList>
<AssgnmntPrefix RootTermCovItemPrefix="org.jfree.data.DefaultKeyedValues.java">
<AssgnmntListEntry Length="1" RootTermCovItemId="C3">
<MapEntry BoolAssgnmnt="0" Value="5"/>
<MapEntry BoolAssgnmnt="1" Value="11"/>
</AssgnmntListEntry>
<AssgnmntListEntry Length="1" RootTermCovItemId="C4">
<MapEntry BoolAssgnmnt="0" Value="10"/>
<MapEntry BoolAssgnmnt="1" Value="1"/>
</AssgnmntListEntry>
<AssgnmntListEntry Length="1" RootTermCovItemId="C7">
<MapEntry BoolAssgnmnt="0" Value="5"/>
</AssgnmntListEntry>
<AssgnmntListEntry Length="1" RootTermCovItemId="C8">
<MapEntry BoolAssgnmnt="0" Value="5"/>
</AssgnmntListEntry>
</AssgnmntPrefix>
</AssgnmntList>
<ObjMetaDataList/>
<MetaDataList/>
</TestCase>
<TestCase Comment="" Date="1329200749399" Name="org.jfree.data.DefaultKeyedValuesTest:testGetIndex_keyIsFoundInLastElement">
<CovList>
<CovPrefix CovItemPrefix="org.jfree.data.DefaultKeyedValues.java">
<Cov CovItemId="B10" Value="5"/>
<Cov CovItemId="B12" Value="5"/>
<Cov CovItemId="B5" Value="1"/>
<Cov CovItemId="B6" Value="14"/>
<Cov CovItemId="L1-0" Value="1"/>
<Cov CovItemId="L1-1" Value="1"/>
<Cov CovItemId="L1-2" Value="4"/>
<Cov CovItemId="S14" Value="6"/>
<Cov CovItemId="S15" Value="6"/>
<Cov CovItemId="S16" Value="6"/>
<Cov CovItemId="S17" Value="15"/>
<Cov CovItemId="S18" Value="15"/>
<Cov CovItemId="S19" Value="1"/>
<Cov CovItemId="S2" Value="1"/>
<Cov CovItemId="S20" Value="14"/>
<Cov CovItemId="S21" Value="5"/>
<Cov CovItemId="S32" Value="5"/>
<Cov CovItemId="S33" Value="5"/>
<Cov CovItemId="S35" Value="5"/>
<Cov CovItemId="S37" Value="5"/>
<Cov CovItemId="S38" Value="5"/>
<Cov CovItemId="S41" Value="5"/>
<Cov CovItemId="S42" Value="5"/>
</CovPrefix>
</CovList>
<AssgnmntList>
<AssgnmntPrefix RootTermCovItemPrefix="org.jfree.data.DefaultKeyedValues.java">
<AssgnmntListEntry Length="1" RootTermCovItemId="C3">
<MapEntry BoolAssgnmnt="0" Value="5"/>
<MapEntry BoolAssgnmnt="1" Value="15"/>
</AssgnmntListEntry>
<AssgnmntListEntry Length="1" RootTermCovItemId="C4">
<MapEntry BoolAssgnmnt="0" Value="14"/>
<MapEntry BoolAssgnmnt="1" Value="1"/>
</AssgnmntListEntry>
<AssgnmntListEntry Length="1" RootTermCovItemId="C7">
<MapEntry BoolAssgnmnt="0" Value="5"/>
</AssgnmntListEntry>
<AssgnmntListEntry Length="1" RootTermCovItemId="C8">
<MapEntry BoolAssgnmnt="0" Value="5"/>
</AssgnmntListEntry>
</AssgnmntPrefix>
</AssgnmntList>
<ObjMetaDataList/>
<MetaDataList/>
</TestCase>
<TestCase Comment="" Date="1329200749404" Name="org.jfree.data.DefaultKeyedValuesTest:testGetIndex_keyNotInTable">
<CovList>
<CovPrefix CovItemPrefix="org.jfree.data.DefaultKeyedValues.java">
<Cov CovItemId="B10" Value="5"/>
<Cov CovItemId="B12" Value="5"/>
<Cov CovItemId="B6" Value="15"/>
<Cov CovItemId="L1-0" Value="1"/>
<Cov CovItemId="L1-1" Value="1"/>
<Cov CovItemId="L1-2" Value="4"/>
<Cov CovItemId="S14" Value="6"/>
<Cov CovItemId="S15" Value="6"/>
<Cov CovItemId="S16" Value="6"/>
<Cov CovItemId="S17" Value="15"/>
<Cov CovItemId="S18" Value="15"/>
<Cov CovItemId="S2" Value="1"/>
<Cov CovItemId="S20" Value="15"/>
<Cov CovItemId="S21" Value="6"/>
<Cov CovItemId="S32" Value="5"/>
<Cov CovItemId="S33" Value="5"/>
<Cov CovItemId="S35" Value="5"/>
<Cov CovItemId="S37" Value="5"/>
<Cov CovItemId="S38" Value="5"/>
<Cov CovItemId="S41" Value="5"/>
<Cov CovItemId="S42" Value="5"/>
</CovPrefix>
</CovList>
<AssgnmntList>
<AssgnmntPrefix RootTermCovItemPrefix="org.jfree.data.DefaultKeyedValues.java">
<AssgnmntListEntry Length="1" RootTermCovItemId="C3">
<MapEntry BoolAssgnmnt="0" Value="6"/>
<MapEntry BoolAssgnmnt="1" Value="15"/>
</AssgnmntListEntry>
<AssgnmntListEntry Length="1" RootTermCovItemId="C4">
<MapEntry BoolAssgnmnt="0" Value="15"/>
</AssgnmntListEntry>
<AssgnmntListEntry Length="1" RootTermCovItemId="C7">
<MapEntry BoolAssgnmnt="0" Value="5"/>
</AssgnmntListEntry>
<AssgnmntListEntry Length="1" RootTermCovItemId="C8">
<MapEntry BoolAssgnmnt="0" Value="5"/>
</AssgnmntListEntry>
</AssgnmntPrefix>
</AssgnmntList>
<ObjMetaDataList/>
<MetaDataList/>
</TestCase>
<TestCase Comment="" Date="1329200749407" Name="org.jfree.data.DefaultKeyedValuesTest:testGetKeys_emptyDKVUsed">
<CovList>
<CovPrefix CovItemPrefix="org.jfree.data.DefaultKeyedValues.java">
<Cov CovItemId="L2-0" Value="1"/>
<Cov CovItemId="S2" Value="1"/>
<Cov CovItemId="S22" Value="1"/>
<Cov CovItemId="S23" Value="1"/>
<Cov CovItemId="S24" Value="1"/>
<Cov CovItemId="S27" Value="1"/>
</CovPrefix>
</CovList>
<AssgnmntList>
<AssgnmntPrefix RootTermCovItemPrefix="org.jfree.data.DefaultKeyedValues.java">
<AssgnmntListEntry Length="1" RootTermCovItemId="C5">
<MapEntry BoolAssgnmnt="0" Value="1"/>
</AssgnmntListEntry>
</AssgnmntPrefix>
</AssgnmntList>
<ObjMetaDataList/>
<MetaDataList/>
</TestCase>
<TestCase Comment="" Date="1329200749413" Name="org.jfree.data.DefaultKeyedValuesTest:testGetKeys_oneElementDKVUsed">
<CovList>
<CovPrefix CovItemPrefix="org.jfree.data.DefaultKeyedValues.java">
<Cov CovItemId="B10" Value="1"/>
<Cov CovItemId="B12" Value="1"/>
<Cov CovItemId="L1-0" Value="1"/>
<Cov CovItemId="L2-1" Value="2"/>
<Cov CovItemId="S14" Value="1"/>
<Cov CovItemId="S15" Value="1"/>
<Cov CovItemId="S16" Value="1"/>
<Cov CovItemId="S2" Value="1"/>
<Cov CovItemId="S21" Value="1"/>
<Cov CovItemId="S22" Value="2"/>
<Cov CovItemId="S23" Value="2"/>
<Cov CovItemId="S24" Value="2"/>
<Cov CovItemId="S25" Value="2"/>
<Cov CovItemId="S26" Value="2"/>
<Cov CovItemId="S27" Value="2"/>
<Cov CovItemId="S32" Value="1"/>
<Cov CovItemId="S33" Value="1"/>
<Cov CovItemId="S35" Value="1"/>
<Cov CovItemId="S37" Value="1"/>
<Cov CovItemId="S38" Value="1"/>
<Cov CovItemId="S41" Value="1"/>
<Cov CovItemId="S42" Value="1"/>
</CovPrefix>
</CovList>
<AssgnmntList>
<AssgnmntPrefix RootTermCovItemPrefix="org.jfree.data.DefaultKeyedValues.java">
<AssgnmntListEntry Length="1" RootTermCovItemId="C3">
<MapEntry BoolAssgnmnt="0" Value="1"/>
</AssgnmntListEntry>
<AssgnmntListEntry Length="1" RootTermCovItemId="C5">
<MapEntry BoolAssgnmnt="0" Value="2"/>
<MapEntry BoolAssgnmnt="1" Value="2"/>
</AssgnmntListEntry>
<AssgnmntListEntry Length="1" RootTermCovItemId="C7">
<MapEntry BoolAssgnmnt="0" Value="1"/>
</AssgnmntListEntry>
<AssgnmntListEntry Length="1" RootTermCovItemId="C8">
<MapEntry BoolAssgnmnt="0" Value="1"/>
</AssgnmntListEntry>
</AssgnmntPrefix>
</AssgnmntList>
<ObjMetaDataList/>
<MetaDataList/>
</TestCase>
<TestCase Comment="" Date="1329200749415" Name="org.jfree.data.DefaultKeyedValuesTest:testGetKeys_fiveElementDKVUsed">
<CovList>
<CovPrefix CovItemPrefix="org.jfree.data.DefaultKeyedValues.java">
<Cov CovItemId="B10" Value="5"/>
<Cov CovItemId="B12" Value="5"/>
<Cov CovItemId="B6" Value="10"/>
<Cov CovItemId="L1-0" Value="1"/>
<Cov CovItemId="L1-1" Value="1"/>
<Cov CovItemId="L1-2" Value="3"/>
<Cov CovItemId="L2-2" Value="6"/>
<Cov CovItemId="S14" Value="5"/>
<Cov CovItemId="S15" Value="5"/>
<Cov CovItemId="S16" Value="5"/>
<Cov CovItemId="S17" Value="10"/>
<Cov CovItemId="S18" Value="10"/>
<Cov CovItemId="S2" Value="1"/>
<Cov CovItemId="S20" Value="10"/>
<Cov CovItemId="S21" Value="5"/>
<Cov CovItemId="S22" Value="6"/>
<Cov CovItemId="S23" Value="6"/>
<Cov CovItemId="S24" Value="6"/>
<Cov CovItemId="S25" Value="30"/>
<Cov CovItemId="S26" Value="30"/>
<Cov CovItemId="S27" Value="6"/>
<Cov CovItemId="S32" Value="5"/>
<Cov CovItemId="S33" Value="5"/>
<Cov CovItemId="S35" Value="5"/>
<Cov CovItemId="S37" Value="5"/>
<Cov CovItemId="S38" Value="5"/>
<Cov CovItemId="S41" Value="5"/>
<Cov CovItemId="S42" Value="5"/>
</CovPrefix>
</CovList>
<AssgnmntList>
<AssgnmntPrefix RootTermCovItemPrefix="org.jfree.data.DefaultKeyedValues.java">
<AssgnmntListEntry Length="1" RootTermCovItemId="C3">
<MapEntry BoolAssgnmnt="0" Value="5"/>
<MapEntry BoolAssgnmnt="1" Value="10"/>
</AssgnmntListEntry>
<AssgnmntListEntry Length="1" RootTermCovItemId="C4">
<MapEntry BoolAssgnmnt="0" Value="10"/>
</AssgnmntListEntry>
<AssgnmntListEntry Length="1" RootTermCovItemId="C5">
<MapEntry BoolAssgnmnt="0" Value="6"/>
<MapEntry BoolAssgnmnt="1" Value="30"/>
</AssgnmntListEntry>
<AssgnmntListEntry Length="1" RootTermCovItemId="C7">
<MapEntry BoolAssgnmnt="0" Value="5"/>
</AssgnmntListEntry>
<AssgnmntListEntry Length="1" RootTermCovItemId="C8">
<MapEntry BoolAssgnmnt="0" Value="5"/>
</AssgnmntListEntry>
</AssgnmntPrefix>
</AssgnmntList>
<ObjMetaDataList/>
<MetaDataList/>
</TestCase>
<TestCase Comment="" Date="1329200749416" Name="org.jfree.data.DefaultKeyedValuesTest:testGetValue_validKeyNullValue">
<CovList>
<CovPrefix CovItemPrefix="org.jfree.data.DefaultKeyedValues.java">
<Cov CovItemId="B1" Value="1"/>
<Cov CovItemId="B10" Value="6"/>
<Cov CovItemId="B12" Value="6"/>
<Cov CovItemId="B5" Value="1"/>
<Cov CovItemId="B6" Value="20"/>
<Cov CovItemId="B8" Value="1"/>
<Cov CovItemId="L1-0" Value="1"/>
<Cov CovItemId="L1-1" Value="1"/>
<Cov CovItemId="L1-2" Value="5"/>
<Cov CovItemId="S14" Value="7"/>
<Cov CovItemId="S15" Value="7"/>
<Cov CovItemId="S16" Value="7"/>
<Cov CovItemId="S17" Value="21"/>
<Cov CovItemId="S18" Value="21"/>
<Cov CovItemId="S19" Value="1"/>
<Cov CovItemId="S2" Value="1"/>
<Cov CovItemId="S20" Value="20"/>
<Cov CovItemId="S21" Value="6"/>
<Cov CovItemId="S28" Value="1"/>
<Cov CovItemId="S29" Value="1"/>
<Cov CovItemId="S31" Value="1"/>
<Cov CovItemId="S32" Value="5"/>
<Cov CovItemId="S33" Value="6"/>
<Cov CovItemId="S35" Value="6"/>
<Cov CovItemId="S37" Value="6"/>
<Cov CovItemId="S38" Value="6"/>
<Cov CovItemId="S4" Value="1"/>
<Cov CovItemId="S41" Value="6"/>
<Cov CovItemId="S42" Value="6"/>
<Cov CovItemId="S5" Value="1"/>
<Cov CovItemId="S6" Value="1"/>
<Cov CovItemId="S7" Value="1"/>
<Cov CovItemId="S8" Value="1"/>
</CovPrefix>
</CovList>
<AssgnmntList>
<AssgnmntPrefix RootTermCovItemPrefix="org.jfree.data.DefaultKeyedValues.java">
<AssgnmntListEntry Length="1" RootTermCovItemId="C1">
<MapEntry BoolAssgnmnt="1" Value="1"/>
</AssgnmntListEntry>
<AssgnmntListEntry Length="1" RootTermCovItemId="C3">
<MapEntry BoolAssgnmnt="0" Value="6"/>
<MapEntry BoolAssgnmnt="1" Value="21"/>
</AssgnmntListEntry>
<AssgnmntListEntry Length="1" RootTermCovItemId="C4">
<MapEntry BoolAssgnmnt="0" Value="20"/>
<MapEntry BoolAssgnmnt="1" Value="1"/>
</AssgnmntListEntry>
<AssgnmntListEntry Length="1" RootTermCovItemId="C6">
<MapEntry BoolAssgnmnt="0" Value="1"/>
</AssgnmntListEntry>
<AssgnmntListEntry Length="1" RootTermCovItemId="C7">
<MapEntry BoolAssgnmnt="0" Value="6"/>
</AssgnmntListEntry>
<AssgnmntListEntry Length="1" RootTermCovItemId="C8">
<MapEntry BoolAssgnmnt="0" Value="6"/>
</AssgnmntListEntry>
</AssgnmntPrefix>
</AssgnmntList>
<ObjMetaDataList/>
<MetaDataList/>
</TestCase>
<TestCase Comment="" Date="1329200749422" Name="org.jfree.data.DefaultKeyedValuesTest:testGetValue_validKeyNonNullValue">
<CovList>
<CovPrefix CovItemPrefix="org.jfree.data.DefaultKeyedValues.java">
<Cov CovItemId="B1" Value="1"/>
<Cov CovItemId="B10" Value="5"/>
<Cov CovItemId="B12" Value="5"/>
<Cov CovItemId="B5" Value="1"/>
<Cov CovItemId="B6" Value="14"/>
<Cov CovItemId="B8" Value="1"/>
<Cov CovItemId="L1-0" Value="1"/>
<Cov CovItemId="L1-1" Value="1"/>
<Cov CovItemId="L1-2" Value="4"/>
<Cov CovItemId="S14" Value="6"/>
<Cov CovItemId="S15" Value="6"/>
<Cov CovItemId="S16" Value="6"/>
<Cov CovItemId="S17" Value="15"/>
<Cov CovItemId="S18" Value="15"/>
<Cov CovItemId="S19" Value="1"/>
<Cov CovItemId="S2" Value="1"/>
<Cov CovItemId="S20" Value="14"/>
<Cov CovItemId="S21" Value="5"/>
<Cov CovItemId="S28" Value="1"/>
<Cov CovItemId="S29" Value="1"/>
<Cov CovItemId="S31" Value="1"/>
<Cov CovItemId="S32" Value="5"/>
<Cov CovItemId="S33" Value="5"/>
<Cov CovItemId="S35" Value="5"/>
<Cov CovItemId="S37" Value="5"/>
<Cov CovItemId="S38" Value="5"/>
<Cov CovItemId="S4" Value="1"/>
<Cov CovItemId="S41" Value="5"/>
<Cov CovItemId="S42" Value="5"/>
<Cov CovItemId="S5" Value="1"/>
<Cov CovItemId="S6" Value="1"/>
<Cov CovItemId="S7" Value="1"/>
<Cov CovItemId="S8" Value="1"/>
</CovPrefix>
</CovList>
<AssgnmntList>
<AssgnmntPrefix RootTermCovItemPrefix="org.jfree.data.DefaultKeyedValues.java">
<AssgnmntListEntry Length="1" RootTermCovItemId="C1">
<MapEntry BoolAssgnmnt="1" Value="1"/>
</AssgnmntListEntry>
<AssgnmntListEntry Length="1" RootTermCovItemId="C3">
<MapEntry BoolAssgnmnt="0" Value="5"/>
<MapEntry BoolAssgnmnt="1" Value="15"/>
</AssgnmntListEntry>
<AssgnmntListEntry Length="1" RootTermCovItemId="C4">
<MapEntry BoolAssgnmnt="0" Value="14"/>
<MapEntry BoolAssgnmnt="1" Value="1"/>
</AssgnmntListEntry>
<AssgnmntListEntry Length="1" RootTermCovItemId="C6">
<MapEntry BoolAssgnmnt="0" Value="1"/>
</AssgnmntListEntry>
<AssgnmntListEntry Length="1" RootTermCovItemId="C7">
<MapEntry BoolAssgnmnt="0" Value="5"/>
</AssgnmntListEntry>
<AssgnmntListEntry Length="1" RootTermCovItemId="C8">
<MapEntry BoolAssgnmnt="0" Value="5"/>
</AssgnmntListEntry>
</AssgnmntPrefix>
</AssgnmntList>
<ObjMetaDataList/>
<MetaDataList/>
</TestCase>
<TestCase Comment="" Date="1329200749423" Name="org.jfree.data.DefaultKeyedValuesTest:testGetValue_invalidKey">
<CovList>
<CovPrefix CovItemPrefix="org.jfree.data.DefaultKeyedValues.java">
<Cov CovItemId="B10" Value="5"/>
<Cov CovItemId="B12" Value="5"/>
<Cov CovItemId="B6" Value="15"/>
<Cov CovItemId="B7" Value="1"/>
<Cov CovItemId="L1-0" Value="1"/>
<Cov CovItemId="L1-1" Value="1"/>
<Cov CovItemId="L1-2" Value="4"/>
<Cov CovItemId="S14" Value="6"/>
<Cov CovItemId="S15" Value="6"/>
<Cov CovItemId="S16" Value="6"/>
<Cov CovItemId="S17" Value="15"/>
<Cov CovItemId="S18" Value="15"/>
<Cov CovItemId="S2" Value="1"/>
<Cov CovItemId="S20" Value="15"/>
<Cov CovItemId="S21" Value="6"/>
<Cov CovItemId="S28" Value="1"/>
<Cov CovItemId="S29" Value="1"/>
<Cov CovItemId="S30" Value="1"/>
<Cov CovItemId="S32" Value="5"/>
<Cov CovItemId="S33" Value="5"/>
<Cov CovItemId="S35" Value="5"/>
<Cov CovItemId="S37" Value="5"/>
<Cov CovItemId="S38" Value="5"/>
<Cov CovItemId="S41" Value="5"/>
<Cov CovItemId="S42" Value="5"/>
</CovPrefix>
</CovList>
<AssgnmntList>
<AssgnmntPrefix RootTermCovItemPrefix="org.jfree.data.DefaultKeyedValues.java">
<AssgnmntListEntry Length="1" RootTermCovItemId="C3">
<MapEntry BoolAssgnmnt="0" Value="6"/>
<MapEntry BoolAssgnmnt="1" Value="15"/>
</AssgnmntListEntry>
<AssgnmntListEntry Length="1" RootTermCovItemId="C4">
<MapEntry BoolAssgnmnt="0" Value="15"/>
</AssgnmntListEntry>
<AssgnmntListEntry Length="1" RootTermCovItemId="C6">
<MapEntry BoolAssgnmnt="1" Value="1"/>
</AssgnmntListEntry>
<AssgnmntListEntry Length="1" RootTermCovItemId="C7">
<MapEntry BoolAssgnmnt="0" Value="5"/>
</AssgnmntListEntry>
<AssgnmntListEntry Length="1" RootTermCovItemId="C8">
<MapEntry BoolAssgnmnt="0" Value="5"/>
</AssgnmntListEntry>
</AssgnmntPrefix>
</AssgnmntList>
<ObjMetaDataList/>
<MetaDataList/>
</TestCase>
<TestCase Comment="" Date="1329200749425" Name="org.jfree.data.DefaultKeyedValuesTest:testAddValue_ValueAndKeyNotInTable">
<CovList>
<CovPrefix CovItemPrefix="org.jfree.data.DefaultKeyedValues.java">
<Cov CovItemId="B1" Value="1"/>
<Cov CovItemId="B10" Value="6"/>
<Cov CovItemId="B12" Value="6"/>
<Cov CovItemId="B5" Value="1"/>
<Cov CovItemId="B6" Value="20"/>
<Cov CovItemId="B8" Value="1"/>
<Cov CovItemId="L1-0" Value="1"/>
<Cov CovItemId="L1-1" Value="1"/>
<Cov CovItemId="L1-2" Value="5"/>
<Cov CovItemId="S14" Value="7"/>
<Cov CovItemId="S15" Value="7"/>
<Cov CovItemId="S16" Value="7"/>
<Cov CovItemId="S17" Value="21"/>
<Cov CovItemId="S18" Value="21"/>
<Cov CovItemId="S19" Value="1"/>
<Cov CovItemId="S2" Value="1"/>
<Cov CovItemId="S20" Value="20"/>
<Cov CovItemId="S21" Value="6"/>
<Cov CovItemId="S28" Value="1"/>
<Cov CovItemId="S29" Value="1"/>
<Cov CovItemId="S31" Value="1"/>
<Cov CovItemId="S32" Value="6"/>
<Cov CovItemId="S33" Value="6"/>
<Cov CovItemId="S35" Value="6"/>
<Cov CovItemId="S37" Value="6"/>
<Cov CovItemId="S38" Value="6"/>
<Cov CovItemId="S4" Value="1"/>
<Cov CovItemId="S41" Value="6"/>
<Cov CovItemId="S42" Value="6"/>
<Cov CovItemId="S5" Value="1"/>
<Cov CovItemId="S6" Value="1"/>
<Cov CovItemId="S7" Value="1"/>
<Cov CovItemId="S8" Value="1"/>
</CovPrefix>
</CovList>
<AssgnmntList>
<AssgnmntPrefix RootTermCovItemPrefix="org.jfree.data.DefaultKeyedValues.java">
<AssgnmntListEntry Length="1" RootTermCovItemId="C1">
<MapEntry BoolAssgnmnt="1" Value="1"/>
</AssgnmntListEntry>
<AssgnmntListEntry Length="1" RootTermCovItemId="C3">
<MapEntry BoolAssgnmnt="0" Value="6"/>
<MapEntry BoolAssgnmnt="1" Value="21"/>
</AssgnmntListEntry>
<AssgnmntListEntry Length="1" RootTermCovItemId="C4">
<MapEntry BoolAssgnmnt="0" Value="20"/>
<MapEntry BoolAssgnmnt="1" Value="1"/>
</AssgnmntListEntry>
<AssgnmntListEntry Length="1" RootTermCovItemId="C6">
<MapEntry BoolAssgnmnt="0" Value="1"/>
</AssgnmntListEntry>
<AssgnmntListEntry Length="1" RootTermCovItemId="C7">
<MapEntry BoolAssgnmnt="0" Value="6"/>
</AssgnmntListEntry>
<AssgnmntListEntry Length="1" RootTermCovItemId="C8">
<MapEntry BoolAssgnmnt="0" Value="6"/>
</AssgnmntListEntry>
</AssgnmntPrefix>
</AssgnmntList>
<ObjMetaDataList/>
<MetaDataList/>
</TestCase>
<TestCase Comment="" Date="1329200749426" Name="org.jfree.data.DefaultKeyedValuesTest:testAddValue_NullKeyPassed">
<CovList>
<CovPrefix CovItemPrefix="org.jfree.data.DefaultKeyedValues.java">
<Cov CovItemId="B10" Value="5"/>
<Cov CovItemId="B12" Value="5"/>
<Cov CovItemId="B6" Value="10"/>
<Cov CovItemId="B9" Value="1"/>
<Cov CovItemId="L1-0" Value="1"/>
<Cov CovItemId="L1-1" Value="1"/>
<Cov CovItemId="L1-2" Value="3"/>
<Cov CovItemId="S14" Value="5"/>
<Cov CovItemId="S15" Value="5"/>
<Cov CovItemId="S16" Value="5"/>
<Cov CovItemId="S17" Value="10"/>
<Cov CovItemId="S18" Value="10"/>
<Cov CovItemId="S2" Value="1"/>
<Cov CovItemId="S20" Value="10"/>
<Cov CovItemId="S21" Value="5"/>
<Cov CovItemId="S32" Value="6"/>
<Cov CovItemId="S33" Value="6"/>
<Cov CovItemId="S35" Value="6"/>
<Cov CovItemId="S36" Value="1"/>
<Cov CovItemId="S37" Value="5"/>
<Cov CovItemId="S38" Value="5"/>
<Cov CovItemId="S41" Value="5"/>
<Cov CovItemId="S42" Value="5"/>
</CovPrefix>
</CovList>
<AssgnmntList>
<AssgnmntPrefix RootTermCovItemPrefix="org.jfree.data.DefaultKeyedValues.java">
<AssgnmntListEntry Length="1" RootTermCovItemId="C3">
<MapEntry BoolAssgnmnt="0" Value="5"/>
<MapEntry BoolAssgnmnt="1" Value="10"/>
</AssgnmntListEntry>
<AssgnmntListEntry Length="1" RootTermCovItemId="C4">
<MapEntry BoolAssgnmnt="0" Value="10"/>
</AssgnmntListEntry>
<AssgnmntListEntry Length="1" RootTermCovItemId="C7">
<MapEntry BoolAssgnmnt="0" Value="5"/>
<MapEntry BoolAssgnmnt="1" Value="1"/>
</AssgnmntListEntry>
<AssgnmntListEntry Length="1" RootTermCovItemId="C8">
<MapEntry BoolAssgnmnt="0" Value="5"/>
</AssgnmntListEntry>
</AssgnmntPrefix>
</AssgnmntList>
<ObjMetaDataList/>
<MetaDataList/>
</TestCase>
<TestCase Comment="" Date="1329200749428" Name="org.jfree.data.DefaultKeyedValuesTest:testAddValue_ValueNotInTableKeyInTable">
<CovList>
<CovPrefix CovItemPrefix="org.jfree.data.DefaultKeyedValues.java">
<Cov CovItemId="B1" Value="1"/>
<Cov CovItemId="B10" Value="6"/>
<Cov CovItemId="B11" Value="1"/>
<Cov CovItemId="B12" Value="5"/>
<Cov CovItemId="B5" Value="2"/>
<Cov CovItemId="B6" Value="18"/>
<Cov CovItemId="B8" Value="1"/>
<Cov CovItemId="L1-0" Value="1"/>
<Cov CovItemId="L1-1" Value="1"/>
<Cov CovItemId="L1-2" Value="5"/>
<Cov CovItemId="S14" Value="7"/>
<Cov CovItemId="S15" Value="7"/>
<Cov CovItemId="S16" Value="7"/>
<Cov CovItemId="S17" Value="20"/>
<Cov CovItemId="S18" Value="20"/>
<Cov CovItemId="S19" Value="2"/>
<Cov CovItemId="S2" Value="1"/>
<Cov CovItemId="S20" Value="18"/>
<Cov CovItemId="S21" Value="5"/>
<Cov CovItemId="S28" Value="1"/>
<Cov CovItemId="S29" Value="1"/>
<Cov CovItemId="S31" Value="1"/>
<Cov CovItemId="S32" Value="6"/>
<Cov CovItemId="S33" Value="6"/>
<Cov CovItemId="S35" Value="6"/>
<Cov CovItemId="S37" Value="6"/>
<Cov CovItemId="S38" Value="6"/>
<Cov CovItemId="S39" Value="1"/>
<Cov CovItemId="S4" Value="1"/>
<Cov CovItemId="S40" Value="1"/>
<Cov CovItemId="S41" Value="5"/>
<Cov CovItemId="S42" Value="5"/>
<Cov CovItemId="S5" Value="1"/>
<Cov CovItemId="S6" Value="1"/>
<Cov CovItemId="S7" Value="1"/>
<Cov CovItemId="S8" Value="1"/>
</CovPrefix>
</CovList>
<AssgnmntList>
<AssgnmntPrefix RootTermCovItemPrefix="org.jfree.data.DefaultKeyedValues.java">
<AssgnmntListEntry Length="1" RootTermCovItemId="C1">
<MapEntry BoolAssgnmnt="1" Value="1"/>
</AssgnmntListEntry>
<AssgnmntListEntry Length="1" RootTermCovItemId="C3">
<MapEntry BoolAssgnmnt="0" Value="5"/>
<MapEntry BoolAssgnmnt="1" Value="20"/>
</AssgnmntListEntry>
<AssgnmntListEntry Length="1" RootTermCovItemId="C4">
<MapEntry BoolAssgnmnt="0" Value="18"/>
<MapEntry BoolAssgnmnt="1" Value="2"/>
</AssgnmntListEntry>
<AssgnmntListEntry Length="1" RootTermCovItemId="C6">
<MapEntry BoolAssgnmnt="0" Value="1"/>
</AssgnmntListEntry>
<AssgnmntListEntry Length="1" RootTermCovItemId="C7">
<MapEntry BoolAssgnmnt="0" Value="6"/>
</AssgnmntListEntry>
<AssgnmntListEntry Length="1" RootTermCovItemId="C8">
<MapEntry BoolAssgnmnt="0" Value="5"/>
<MapEntry BoolAssgnmnt="1" Value="1"/>
</AssgnmntListEntry>
</AssgnmntPrefix>
</AssgnmntList>
<ObjMetaDataList/>
<MetaDataList/>
</TestCase>
<TestCase Comment="" Date="1329200749429" Name="org.jfree.data.DefaultKeyedValuesTest:testAddValueOverloaded_ValueAndKeyNotInTable">
<CovList>
<CovPrefix CovItemPrefix="org.jfree.data.DefaultKeyedValues.java">
<Cov CovItemId="B1" Value="1"/>
<Cov CovItemId="B10" Value="6"/>
<Cov CovItemId="B12" Value="6"/>
<Cov CovItemId="B5" Value="1"/>
<Cov CovItemId="B6" Value="20"/>
<Cov CovItemId="B8" Value="1"/>
<Cov CovItemId="L1-0" Value="1"/>
<Cov CovItemId="L1-1" Value="1"/>
<Cov CovItemId="L1-2" Value="5"/>
<Cov CovItemId="S14" Value="7"/>
<Cov CovItemId="S15" Value="7"/>
<Cov CovItemId="S16" Value="7"/>
<Cov CovItemId="S17" Value="21"/>
<Cov CovItemId="S18" Value="21"/>
<Cov CovItemId="S19" Value="1"/>
<Cov CovItemId="S2" Value="1"/>
<Cov CovItemId="S20" Value="20"/>
<Cov CovItemId="S21" Value="6"/>
<Cov CovItemId="S28" Value="1"/>
<Cov CovItemId="S29" Value="1"/>
<Cov CovItemId="S31" Value="1"/>
<Cov CovItemId="S32" Value="5"/>
<Cov CovItemId="S33" Value="6"/>
<Cov CovItemId="S35" Value="6"/>
<Cov CovItemId="S37" Value="6"/>
<Cov CovItemId="S38" Value="6"/>
<Cov CovItemId="S4" Value="1"/>
<Cov CovItemId="S41" Value="6"/>
<Cov CovItemId="S42" Value="6"/>
<Cov CovItemId="S5" Value="1"/>
<Cov CovItemId="S6" Value="1"/>
<Cov CovItemId="S7" Value="1"/>
<Cov CovItemId="S8" Value="1"/>
</CovPrefix>
</CovList>
<AssgnmntList>
<AssgnmntPrefix RootTermCovItemPrefix="org.jfree.data.DefaultKeyedValues.java">
<AssgnmntListEntry Length="1" RootTermCovItemId="C1">
<MapEntry BoolAssgnmnt="1" Value="1"/>
</AssgnmntListEntry>
<AssgnmntListEntry Length="1" RootTermCovItemId="C3">
<MapEntry BoolAssgnmnt="0" Value="6"/>
<MapEntry BoolAssgnmnt="1" Value="21"/>
</AssgnmntListEntry>
<AssgnmntListEntry Length="1" RootTermCovItemId="C4">
<MapEntry BoolAssgnmnt="0" Value="20"/>
<MapEntry BoolAssgnmnt="1" Value="1"/>
</AssgnmntListEntry>
<AssgnmntListEntry Length="1" RootTermCovItemId="C6">
<MapEntry BoolAssgnmnt="0" Value="1"/>
</AssgnmntListEntry>
<AssgnmntListEntry Length="1" RootTermCovItemId="C7">
<MapEntry BoolAssgnmnt="0" Value="6"/>
</AssgnmntListEntry>
<AssgnmntListEntry Length="1" RootTermCovItemId="C8">
<MapEntry BoolAssgnmnt="0" Value="6"/>
</AssgnmntListEntry>
</AssgnmntPrefix>
</AssgnmntList>
<ObjMetaDataList/>
<MetaDataList/>
</TestCase>
<TestCase Comment="" Date="1329200749431" Name="org.jfree.data.DefaultKeyedValuesTest:testAddValueOverloaded_NullKeyPassed">
<CovList>
<CovPrefix CovItemPrefix="org.jfree.data.DefaultKeyedValues.java">
<Cov CovItemId="B10" Value="5"/>
<Cov CovItemId="B12" Value="5"/>
<Cov CovItemId="B6" Value="10"/>
<Cov CovItemId="B9" Value="1"/>
<Cov CovItemId="L1-0" Value="1"/>
<Cov CovItemId="L1-1" Value="1"/>
<Cov CovItemId="L1-2" Value="3"/>
<Cov CovItemId="S14" Value="5"/>
<Cov CovItemId="S15" Value="5"/>
<Cov CovItemId="S16" Value="5"/>
<Cov CovItemId="S17" Value="10"/>
<Cov CovItemId="S18" Value="10"/>
<Cov CovItemId="S2" Value="1"/>
<Cov CovItemId="S20" Value="10"/>
<Cov CovItemId="S21" Value="5"/>
<Cov CovItemId="S32" Value="5"/>
<Cov CovItemId="S33" Value="6"/>
<Cov CovItemId="S35" Value="6"/>
<Cov CovItemId="S36" Value="1"/>
<Cov CovItemId="S37" Value="5"/>
<Cov CovItemId="S38" Value="5"/>
<Cov CovItemId="S41" Value="5"/>
<Cov CovItemId="S42" Value="5"/>
</CovPrefix>
</CovList>
<AssgnmntList>
<AssgnmntPrefix RootTermCovItemPrefix="org.jfree.data.DefaultKeyedValues.java">
<AssgnmntListEntry Length="1" RootTermCovItemId="C3">
<MapEntry BoolAssgnmnt="0" Value="5"/>
<MapEntry BoolAssgnmnt="1" Value="10"/>
</AssgnmntListEntry>
<AssgnmntListEntry Length="1" RootTermCovItemId="C4">
<MapEntry BoolAssgnmnt="0" Value="10"/>
</AssgnmntListEntry>
<AssgnmntListEntry Length="1" RootTermCovItemId="C7">
<MapEntry BoolAssgnmnt="0" Value="5"/>
<MapEntry BoolAssgnmnt="1" Value="1"/>
</AssgnmntListEntry>
<AssgnmntListEntry Length="1" RootTermCovItemId="C8">
<MapEntry BoolAssgnmnt="0" Value="5"/>
</AssgnmntListEntry>
</AssgnmntPrefix>
</AssgnmntList>
<ObjMetaDataList/>
<MetaDataList/>
</TestCase>
<TestCase Comment="" Date="1329200749432" Name="org.jfree.data.DefaultKeyedValuesTest:testAddValueOverloaded_ValueNotInTableKeyInTable">
<CovList>
<CovPrefix CovItemPrefix="org.jfree.data.DefaultKeyedValues.java">
<Cov CovItemId="B1" Value="1"/>
<Cov CovItemId="B10" Value="6"/>
<Cov CovItemId="B11" Value="1"/>
<Cov CovItemId="B12" Value="5"/>
<Cov CovItemId="B5" Value="2"/>
<Cov CovItemId="B6" Value="18"/>
<Cov CovItemId="B8" Value="1"/>
<Cov CovItemId="L1-0" Value="1"/>
<Cov CovItemId="L1-1" Value="1"/>
<Cov CovItemId="L1-2" Value="5"/>
<Cov CovItemId="S14" Value="7"/>
<Cov CovItemId="S15" Value="7"/>
<Cov CovItemId="S16" Value="7"/>
<Cov CovItemId="S17" Value="20"/>
<Cov CovItemId="S18" Value="20"/>
<Cov CovItemId="S19" Value="2"/>
<Cov CovItemId="S2" Value="1"/>
<Cov CovItemId="S20" Value="18"/>
<Cov CovItemId="S21" Value="5"/>
<Cov CovItemId="S28" Value="1"/>
<Cov CovItemId="S29" Value="1"/>
<Cov CovItemId="S31" Value="1"/>
<Cov CovItemId="S32" Value="5"/>
<Cov CovItemId="S33" Value="6"/>
<Cov CovItemId="S35" Value="6"/>
<Cov CovItemId="S37" Value="6"/>
<Cov CovItemId="S38" Value="6"/>
<Cov CovItemId="S39" Value="1"/>
<Cov CovItemId="S4" Value="1"/>
<Cov CovItemId="S40" Value="1"/>
<Cov CovItemId="S41" Value="5"/>
<Cov CovItemId="S42" Value="5"/>
<Cov CovItemId="S5" Value="1"/>
<Cov CovItemId="S6" Value="1"/>
<Cov CovItemId="S7" Value="1"/>
<Cov CovItemId="S8" Value="1"/>
</CovPrefix>
</CovList>
<AssgnmntList>
<AssgnmntPrefix RootTermCovItemPrefix="org.jfree.data.DefaultKeyedValues.java">
<AssgnmntListEntry Length="1" RootTermCovItemId="C1">
<MapEntry BoolAssgnmnt="1" Value="1"/>
</AssgnmntListEntry>
<AssgnmntListEntry Length="1" RootTermCovItemId="C3">
<MapEntry BoolAssgnmnt="0" Value="5"/>
<MapEntry BoolAssgnmnt="1" Value="20"/>
</AssgnmntListEntry>
<AssgnmntListEntry Length="1" RootTermCovItemId="C4">
<MapEntry BoolAssgnmnt="0" Value="18"/>
<MapEntry BoolAssgnmnt="1" Value="2"/>
</AssgnmntListEntry>
<AssgnmntListEntry Length="1" RootTermCovItemId="C6">
<MapEntry BoolAssgnmnt="0" Value="1"/>
</AssgnmntListEntry>
<AssgnmntListEntry Length="1" RootTermCovItemId="C7">
<MapEntry BoolAssgnmnt="0" Value="6"/>
</AssgnmntListEntry>
<AssgnmntListEntry Length="1" RootTermCovItemId="C8">
<MapEntry BoolAssgnmnt="0" Value="5"/>
<MapEntry BoolAssgnmnt="1" Value="1"/>
</AssgnmntListEntry>
</AssgnmntPrefix>
</AssgnmntList>
<ObjMetaDataList/>
<MetaDataList/>
</TestCase>
<TestCase Comment="" Date="1329200749434" Name="org.jfree.data.DefaultKeyedValuesTest:testSetValue_ValueAndKeyNotInTable">
<CovList>
<CovPrefix CovItemPrefix="org.jfree.data.DefaultKeyedValues.java">
<Cov CovItemId="B1" Value="1"/>
<Cov CovItemId="B10" Value="6"/>
<Cov CovItemId="B12" Value="6"/>
<Cov CovItemId="B5" Value="1"/>
<Cov CovItemId="B6" Value="20"/>
<Cov CovItemId="B8" Value="1"/>
<Cov CovItemId="L1-0" Value="1"/>
<Cov CovItemId="L1-1" Value="1"/>
<Cov CovItemId="L1-2" Value="5"/>
<Cov CovItemId="S14" Value="7"/>
<Cov CovItemId="S15" Value="7"/>
<Cov CovItemId="S16" Value="7"/>
<Cov CovItemId="S17" Value="21"/>
<Cov CovItemId="S18" Value="21"/>
<Cov CovItemId="S19" Value="1"/>
<Cov CovItemId="S2" Value="1"/>
<Cov CovItemId="S20" Value="20"/>
<Cov CovItemId="S21" Value="6"/>
<Cov CovItemId="S28" Value="1"/>
<Cov CovItemId="S29" Value="1"/>
<Cov CovItemId="S31" Value="1"/>
<Cov CovItemId="S32" Value="5"/>
<Cov CovItemId="S33" Value="5"/>
<Cov CovItemId="S34" Value="1"/>
<Cov CovItemId="S35" Value="6"/>
<Cov CovItemId="S37" Value="6"/>
<Cov CovItemId="S38" Value="6"/>
<Cov CovItemId="S4" Value="1"/>
<Cov CovItemId="S41" Value="6"/>
<Cov CovItemId="S42" Value="6"/>
<Cov CovItemId="S5" Value="1"/>
<Cov CovItemId="S6" Value="1"/>
<Cov CovItemId="S7" Value="1"/>
<Cov CovItemId="S8" Value="1"/>
</CovPrefix>
</CovList>
<AssgnmntList>
<AssgnmntPrefix RootTermCovItemPrefix="org.jfree.data.DefaultKeyedValues.java">
<AssgnmntListEntry Length="1" RootTermCovItemId="C1">
<MapEntry BoolAssgnmnt="1" Value="1"/>
</AssgnmntListEntry>
<AssgnmntListEntry Length="1" RootTermCovItemId="C3">
<MapEntry BoolAssgnmnt="0" Value="6"/>
<MapEntry BoolAssgnmnt="1" Value="21"/>
</AssgnmntListEntry>
<AssgnmntListEntry Length="1" RootTermCovItemId="C4">
<MapEntry BoolAssgnmnt="0" Value="20"/>
<MapEntry BoolAssgnmnt="1" Value="1"/>
</AssgnmntListEntry>
<AssgnmntListEntry Length="1" RootTermCovItemId="C6">
<MapEntry BoolAssgnmnt="0" Value="1"/>
</AssgnmntListEntry>
<AssgnmntListEntry Length="1" RootTermCovItemId="C7">
<MapEntry BoolAssgnmnt="0" Value="6"/>
</AssgnmntListEntry>
<AssgnmntListEntry Length="1" RootTermCovItemId="C8">
<MapEntry BoolAssgnmnt="0" Value="6"/>
</AssgnmntListEntry>
</AssgnmntPrefix>
</AssgnmntList>
<ObjMetaDataList/>
<MetaDataList/>
</TestCase>
<TestCase Comment="" Date="1329200749435" Name="org.jfree.data.DefaultKeyedValuesTest:testSetValue_NullKeyPassed">
<CovList>
<CovPrefix CovItemPrefix="org.jfree.data.DefaultKeyedValues.java">
<Cov CovItemId="B10" Value="5"/>
<Cov CovItemId="B12" Value="5"/>
<Cov CovItemId="B6" Value="10"/>
<Cov CovItemId="B9" Value="1"/>
<Cov CovItemId="L1-0" Value="1"/>
<Cov CovItemId="L1-1" Value="1"/>
<Cov CovItemId="L1-2" Value="3"/>
<Cov CovItemId="S14" Value="5"/>
<Cov CovItemId="S15" Value="5"/>
<Cov CovItemId="S16" Value="5"/>
<Cov CovItemId="S17" Value="10"/>
<Cov CovItemId="S18" Value="10"/>
<Cov CovItemId="S2" Value="1"/>
<Cov CovItemId="S20" Value="10"/>
<Cov CovItemId="S21" Value="5"/>
<Cov CovItemId="S32" Value="5"/>
<Cov CovItemId="S33" Value="5"/>
<Cov CovItemId="S34" Value="1"/>
<Cov CovItemId="S35" Value="6"/>
<Cov CovItemId="S36" Value="1"/>
<Cov CovItemId="S37" Value="5"/>
<Cov CovItemId="S38" Value="5"/>
<Cov CovItemId="S41" Value="5"/>
<Cov CovItemId="S42" Value="5"/>
</CovPrefix>
</CovList>
<AssgnmntList>
<AssgnmntPrefix RootTermCovItemPrefix="org.jfree.data.DefaultKeyedValues.java">
<AssgnmntListEntry Length="1" RootTermCovItemId="C3">
<MapEntry BoolAssgnmnt="0" Value="5"/>
<MapEntry BoolAssgnmnt="1" Value="10"/>
</AssgnmntListEntry>
<AssgnmntListEntry Length="1" RootTermCovItemId="C4">
<MapEntry BoolAssgnmnt="0" Value="10"/>
</AssgnmntListEntry>
<AssgnmntListEntry Length="1" RootTermCovItemId="C7">
<MapEntry BoolAssgnmnt="0" Value="5"/>
<MapEntry BoolAssgnmnt="1" Value="1"/>
</AssgnmntListEntry>
<AssgnmntListEntry Length="1" RootTermCovItemId="C8">
<MapEntry BoolAssgnmnt="0" Value="5"/>
</AssgnmntListEntry>
</AssgnmntPrefix>
</AssgnmntList>
<ObjMetaDataList/>
<MetaDataList/>
</TestCase>
<TestCase Comment="" Date="1329200749437" Name="org.jfree.data.DefaultKeyedValuesTest:testSetValue_ValueNotInTableKeyInTable">
<CovList>
<CovPrefix CovItemPrefix="org.jfree.data.DefaultKeyedValues.java">
<Cov CovItemId="B1" Value="1"/>
<Cov CovItemId="B10" Value="6"/>
<Cov CovItemId="B11" Value="1"/>
<Cov CovItemId="B12" Value="5"/>
<Cov CovItemId="B5" Value="2"/>
<Cov CovItemId="B6" Value="18"/>
<Cov CovItemId="B8" Value="1"/>
<Cov CovItemId="L1-0" Value="1"/>
<Cov CovItemId="L1-1" Value="1"/>
<Cov CovItemId="L1-2" Value="5"/>
<Cov CovItemId="S14" Value="7"/>
<Cov CovItemId="S15" Value="7"/>
<Cov CovItemId="S16" Value="7"/>
<Cov CovItemId="S17" Value="20"/>
<Cov CovItemId="S18" Value="20"/>
<Cov CovItemId="S19" Value="2"/>
<Cov CovItemId="S2" Value="1"/>
<Cov CovItemId="S20" Value="18"/>
<Cov CovItemId="S21" Value="5"/>
<Cov CovItemId="S28" Value="1"/>
<Cov CovItemId="S29" Value="1"/>
<Cov CovItemId="S31" Value="1"/>
<Cov CovItemId="S32" Value="5"/>
<Cov CovItemId="S33" Value="5"/>
<Cov CovItemId="S34" Value="1"/>
<Cov CovItemId="S35" Value="6"/>
<Cov CovItemId="S37" Value="6"/>
<Cov CovItemId="S38" Value="6"/>
<Cov CovItemId="S39" Value="1"/>
<Cov CovItemId="S4" Value="1"/>
<Cov CovItemId="S40" Value="1"/>
<Cov CovItemId="S41" Value="5"/>
<Cov CovItemId="S42" Value="5"/>
<Cov CovItemId="S5" Value="1"/>
<Cov CovItemId="S6" Value="1"/>
<Cov CovItemId="S7" Value="1"/>
<Cov CovItemId="S8" Value="1"/>
</CovPrefix>
</CovList>
<AssgnmntList>
<AssgnmntPrefix RootTermCovItemPrefix="org.jfree.data.DefaultKeyedValues.java">
<AssgnmntListEntry Length="1" RootTermCovItemId="C1">
<MapEntry BoolAssgnmnt="1" Value="1"/>
</AssgnmntListEntry>
<AssgnmntListEntry Length="1" RootTermCovItemId="C3">
<MapEntry BoolAssgnmnt="0" Value="5"/>
<MapEntry BoolAssgnmnt="1" Value="20"/>
</AssgnmntListEntry>
<AssgnmntListEntry Length="1" RootTermCovItemId="C4">
<MapEntry BoolAssgnmnt="0" Value="18"/>
<MapEntry BoolAssgnmnt="1" Value="2"/>
</AssgnmntListEntry>
<AssgnmntListEntry Length="1" RootTermCovItemId="C6">
<MapEntry BoolAssgnmnt="0" Value="1"/>
</AssgnmntListEntry>
<AssgnmntListEntry Length="1" RootTermCovItemId="C7">
<MapEntry BoolAssgnmnt="0" Value="6"/>
</AssgnmntListEntry>
<AssgnmntListEntry Length="1" RootTermCovItemId="C8">
<MapEntry BoolAssgnmnt="0" Value="5"/>
<MapEntry BoolAssgnmnt="1" Value="1"/>
</AssgnmntListEntry>
</AssgnmntPrefix>
</AssgnmntList>
<ObjMetaDataList/>
<MetaDataList/>
</TestCase>
<TestCase Comment="" Date="1329200749438" Name="org.jfree.data.DefaultKeyedValuesTest:testSetValueOverloaded_ValueAndKeyNotInTable">
<CovList>
<CovPrefix CovItemPrefix="org.jfree.data.DefaultKeyedValues.java">
<Cov CovItemId="B1" Value="1"/>
<Cov CovItemId="B10" Value="6"/>
<Cov CovItemId="B12" Value="6"/>
<Cov CovItemId="B5" Value="1"/>
<Cov CovItemId="B6" Value="20"/>
<Cov CovItemId="B8" Value="1"/>
<Cov CovItemId="L1-0" Value="1"/>
<Cov CovItemId="L1-1" Value="1"/>
<Cov CovItemId="L1-2" Value="5"/>
<Cov CovItemId="S14" Value="7"/>
<Cov CovItemId="S15" Value="7"/>
<Cov CovItemId="S16" Value="7"/>
<Cov CovItemId="S17" Value="21"/>
<Cov CovItemId="S18" Value="21"/>
<Cov CovItemId="S19" Value="1"/>
<Cov CovItemId="S2" Value="1"/>
<Cov CovItemId="S20" Value="20"/>
<Cov CovItemId="S21" Value="6"/>
<Cov CovItemId="S28" Value="1"/>
<Cov CovItemId="S29" Value="1"/>
<Cov CovItemId="S31" Value="1"/>
<Cov CovItemId="S32" Value="5"/>
<Cov CovItemId="S33" Value="5"/>
<Cov CovItemId="S35" Value="6"/>
<Cov CovItemId="S37" Value="6"/>
<Cov CovItemId="S38" Value="6"/>
<Cov CovItemId="S4" Value="1"/>
<Cov CovItemId="S41" Value="6"/>
<Cov CovItemId="S42" Value="6"/>
<Cov CovItemId="S5" Value="1"/>
<Cov CovItemId="S6" Value="1"/>
<Cov CovItemId="S7" Value="1"/>
<Cov CovItemId="S8" Value="1"/>
</CovPrefix>
</CovList>
<AssgnmntList>
<AssgnmntPrefix RootTermCovItemPrefix="org.jfree.data.DefaultKeyedValues.java">
<AssgnmntListEntry Length="1" RootTermCovItemId="C1">
<MapEntry BoolAssgnmnt="1" Value="1"/>
</AssgnmntListEntry>
<AssgnmntListEntry Length="1" RootTermCovItemId="C3">
<MapEntry BoolAssgnmnt="0" Value="6"/>
<MapEntry BoolAssgnmnt="1" Value="21"/>
</AssgnmntListEntry>
<AssgnmntListEntry Length="1" RootTermCovItemId="C4">
<MapEntry BoolAssgnmnt="0" Value="20"/>
<MapEntry BoolAssgnmnt="1" Value="1"/>
</AssgnmntListEntry>
<AssgnmntListEntry Length="1" RootTermCovItemId="C6">
<MapEntry BoolAssgnmnt="0" Value="1"/>
</AssgnmntListEntry>
<AssgnmntListEntry Length="1" RootTermCovItemId="C7">
<MapEntry BoolAssgnmnt="0" Value="6"/>
</AssgnmntListEntry>
<AssgnmntListEntry Length="1" RootTermCovItemId="C8">
<MapEntry BoolAssgnmnt="0" Value="6"/>
</AssgnmntListEntry>
</AssgnmntPrefix>
</AssgnmntList>
<ObjMetaDataList/>
<MetaDataList/>
</TestCase>
<TestCase Comment="" Date="1329200749440" Name="org.jfree.data.DefaultKeyedValuesTest:testSetValueOverloaded_NullKeyPassed">
<CovList>
<CovPrefix CovItemPrefix="org.jfree.data.DefaultKeyedValues.java">
<Cov CovItemId="B10" Value="5"/>
<Cov CovItemId="B12" Value="5"/>
<Cov CovItemId="B6" Value="10"/>
<Cov CovItemId="B9" Value="1"/>
<Cov CovItemId="L1-0" Value="1"/>
<Cov CovItemId="L1-1" Value="1"/>
<Cov CovItemId="L1-2" Value="3"/>
<Cov CovItemId="S14" Value="5"/>
<Cov CovItemId="S15" Value="5"/>
<Cov CovItemId="S16" Value="5"/>
<Cov CovItemId="S17" Value="10"/>
<Cov CovItemId="S18" Value="10"/>
<Cov CovItemId="S2" Value="1"/>
<Cov CovItemId="S20" Value="10"/>
<Cov CovItemId="S21" Value="5"/>
<Cov CovItemId="S32" Value="5"/>
<Cov CovItemId="S33" Value="5"/>
<Cov CovItemId="S35" Value="6"/>
<Cov CovItemId="S36" Value="1"/>
<Cov CovItemId="S37" Value="5"/>
<Cov CovItemId="S38" Value="5"/>
<Cov CovItemId="S41" Value="5"/>
<Cov CovItemId="S42" Value="5"/>
</CovPrefix>
</CovList>
<AssgnmntList>
<AssgnmntPrefix RootTermCovItemPrefix="org.jfree.data.DefaultKeyedValues.java">
<AssgnmntListEntry Length="1" RootTermCovItemId="C3">
<MapEntry BoolAssgnmnt="0" Value="5"/>
<MapEntry BoolAssgnmnt="1" Value="10"/>
</AssgnmntListEntry>
<AssgnmntListEntry Length="1" RootTermCovItemId="C4">
<MapEntry BoolAssgnmnt="0" Value="10"/>
</AssgnmntListEntry>
<AssgnmntListEntry Length="1" RootTermCovItemId="C7">
<MapEntry BoolAssgnmnt="0" Value="5"/>
<MapEntry BoolAssgnmnt="1" Value="1"/>
</AssgnmntListEntry>
<AssgnmntListEntry Length="1" RootTermCovItemId="C8">
<MapEntry BoolAssgnmnt="0" Value="5"/>
</AssgnmntListEntry>
</AssgnmntPrefix>
</AssgnmntList>
<ObjMetaDataList/>
<MetaDataList/>
</TestCase>
<TestCase Comment="" Date="1329200749442" Name="org.jfree.data.DefaultKeyedValuesTest:testSetValueOverloaded_ValueNotInTableKeyInTable">
<CovList>
<CovPrefix CovItemPrefix="org.jfree.data.DefaultKeyedValues.java">
<Cov CovItemId="B1" Value="1"/>
<Cov CovItemId="B10" Value="6"/>
<Cov CovItemId="B11" Value="1"/>
<Cov CovItemId="B12" Value="5"/>
<Cov CovItemId="B5" Value="2"/>
<Cov CovItemId="B6" Value="18"/>
<Cov CovItemId="B8" Value="1"/>
<Cov CovItemId="L1-0" Value="1"/>
<Cov CovItemId="L1-1" Value="1"/>
<Cov CovItemId="L1-2" Value="5"/>
<Cov CovItemId="S14" Value="7"/>
<Cov CovItemId="S15" Value="7"/>
<Cov CovItemId="S16" Value="7"/>
<Cov CovItemId="S17" Value="20"/>
<Cov CovItemId="S18" Value="20"/>
<Cov CovItemId="S19" Value="2"/>
<Cov CovItemId="S2" Value="1"/>
<Cov CovItemId="S20" Value="18"/>
<Cov CovItemId="S21" Value="5"/>
<Cov CovItemId="S28" Value="1"/>
<Cov CovItemId="S29" Value="1"/>
<Cov CovItemId="S31" Value="1"/>
<Cov CovItemId="S32" Value="5"/>
<Cov CovItemId="S33" Value="5"/>
<Cov CovItemId="S35" Value="6"/>
<Cov CovItemId="S37" Value="6"/>
<Cov CovItemId="S38" Value="6"/>
<Cov CovItemId="S39" Value="1"/>
<Cov CovItemId="S4" Value="1"/>
<Cov CovItemId="S40" Value="1"/>
<Cov CovItemId="S41" Value="5"/>
<Cov CovItemId="S42" Value="5"/>
<Cov CovItemId="S5" Value="1"/>
<Cov CovItemId="S6" Value="1"/>
<Cov CovItemId="S7" Value="1"/>
<Cov CovItemId="S8" Value="1"/>
</CovPrefix>
</CovList>
<AssgnmntList>
<AssgnmntPrefix RootTermCovItemPrefix="org.jfree.data.DefaultKeyedValues.java">
<AssgnmntListEntry Length="1" RootTermCovItemId="C1">
<MapEntry BoolAssgnmnt="1" Value="1"/>
</AssgnmntListEntry>
<AssgnmntListEntry Length="1" RootTermCovItemId="C3">
<MapEntry BoolAssgnmnt="0" Value="5"/>
<MapEntry BoolAssgnmnt="1" Value="20"/>
</AssgnmntListEntry>
<AssgnmntListEntry Length="1" RootTermCovItemId="C4">
<MapEntry BoolAssgnmnt="0" Value="18"/>
<MapEntry BoolAssgnmnt="1" Value="2"/>
</AssgnmntListEntry>
<AssgnmntListEntry Length="1" RootTermCovItemId="C6">
<MapEntry BoolAssgnmnt="0" Value="1"/>
</AssgnmntListEntry>
<AssgnmntListEntry Length="1" RootTermCovItemId="C7">
<MapEntry BoolAssgnmnt="0" Value="6"/>
</AssgnmntListEntry>
<AssgnmntListEntry Length="1" RootTermCovItemId="C8">
<MapEntry BoolAssgnmnt="0" Value="5"/>
<MapEntry BoolAssgnmnt="1" Value="1"/>
</AssgnmntListEntry>
</AssgnmntPrefix>
</AssgnmntList>
<ObjMetaDataList/>
<MetaDataList/>
</TestCase>
<TestCase Comment="" Date="1329200749447" Name="org.jfree.data.DefaultKeyedValuesTest:testRemoveValue_indexEqualsZero">
<CovList>
<CovPrefix CovItemPrefix="org.jfree.data.DefaultKeyedValues.java">
<Cov CovItemId="B1" Value="1"/>
<Cov CovItemId="B10" Value="5"/>
<Cov CovItemId="B12" Value="5"/>
<Cov CovItemId="B6" Value="10"/>
<Cov CovItemId="L1-0" Value="1"/>
<Cov CovItemId="L1-1" Value="1"/>
<Cov CovItemId="L1-2" Value="3"/>
<Cov CovItemId="S14" Value="5"/>
<Cov CovItemId="S15" Value="5"/>
<Cov CovItemId="S16" Value="5"/>
<Cov CovItemId="S17" Value="10"/>
<Cov CovItemId="S18" Value="10"/>
<Cov CovItemId="S2" Value="1"/>
<Cov CovItemId="S20" Value="10"/>
<Cov CovItemId="S21" Value="5"/>
<Cov CovItemId="S32" Value="5"/>
<Cov CovItemId="S33" Value="5"/>
<Cov CovItemId="S35" Value="5"/>
<Cov CovItemId="S37" Value="5"/>
<Cov CovItemId="S38" Value="5"/>
<Cov CovItemId="S4" Value="1"/>
<Cov CovItemId="S41" Value="5"/>
<Cov CovItemId="S42" Value="5"/>
<Cov CovItemId="S43" Value="1"/>
<Cov CovItemId="S5" Value="1"/>
<Cov CovItemId="S6" Value="1"/>
<Cov CovItemId="S7" Value="1"/>
<Cov CovItemId="S8" Value="1"/>
</CovPrefix>
</CovList>
<AssgnmntList>
<AssgnmntPrefix RootTermCovItemPrefix="org.jfree.data.DefaultKeyedValues.java">
<AssgnmntListEntry Length="1" RootTermCovItemId="C1">
<MapEntry BoolAssgnmnt="1" Value="1"/>
</AssgnmntListEntry>
<AssgnmntListEntry Length="1" RootTermCovItemId="C3">
<MapEntry BoolAssgnmnt="0" Value="5"/>
<MapEntry BoolAssgnmnt="1" Value="10"/>
</AssgnmntListEntry>
<AssgnmntListEntry Length="1" RootTermCovItemId="C4">
<MapEntry BoolAssgnmnt="0" Value="10"/>
</AssgnmntListEntry>
<AssgnmntListEntry Length="1" RootTermCovItemId="C7">
<MapEntry BoolAssgnmnt="0" Value="5"/>
</AssgnmntListEntry>
<AssgnmntListEntry Length="1" RootTermCovItemId="C8">
<MapEntry BoolAssgnmnt="0" Value="5"/>
</AssgnmntListEntry>
</AssgnmntPrefix>
</AssgnmntList>
<ObjMetaDataList/>
<MetaDataList/>
</TestCase>
<TestCase Comment="" Date="1329200749448" Name="org.jfree.data.DefaultKeyedValuesTest:testRemoveValue_indexIsHighestIndex">
<CovList>
<CovPrefix CovItemPrefix="org.jfree.data.DefaultKeyedValues.java">
<Cov CovItemId="B10" Value="5"/>
<Cov CovItemId="B12" Value="5"/>
<Cov CovItemId="B6" Value="10"/>
<Cov CovItemId="L1-0" Value="1"/>
<Cov CovItemId="L1-1" Value="1"/>
<Cov CovItemId="L1-2" Value="3"/>
<Cov CovItemId="S14" Value="5"/>
<Cov CovItemId="S15" Value="5"/>
<Cov CovItemId="S16" Value="5"/>
<Cov CovItemId="S17" Value="10"/>
<Cov CovItemId="S18" Value="10"/>
<Cov CovItemId="S2" Value="1"/>
<Cov CovItemId="S20" Value="10"/>
<Cov CovItemId="S21" Value="5"/>
<Cov CovItemId="S32" Value="5"/>
<Cov CovItemId="S33" Value="5"/>
<Cov CovItemId="S35" Value="5"/>
<Cov CovItemId="S37" Value="5"/>
<Cov CovItemId="S38" Value="5"/>
<Cov CovItemId="S4" Value="1"/>
<Cov CovItemId="S41" Value="5"/>
<Cov CovItemId="S42" Value="5"/>
<Cov CovItemId="S43" Value="1"/>
<Cov CovItemId="S5" Value="1"/>
</CovPrefix>
</CovList>
<AssgnmntList>
<AssgnmntPrefix RootTermCovItemPrefix="org.jfree.data.DefaultKeyedValues.java">
<AssgnmntListEntry Length="1" RootTermCovItemId="C3">
<MapEntry BoolAssgnmnt="0" Value="5"/>
<MapEntry BoolAssgnmnt="1" Value="10"/>
</AssgnmntListEntry>
<AssgnmntListEntry Length="1" RootTermCovItemId="C4">
<MapEntry BoolAssgnmnt="0" Value="10"/>
</AssgnmntListEntry>
<AssgnmntListEntry Length="1" RootTermCovItemId="C7">
<MapEntry BoolAssgnmnt="0" Value="5"/>
</AssgnmntListEntry>
<AssgnmntListEntry Length="1" RootTermCovItemId="C8">
<MapEntry BoolAssgnmnt="0" Value="5"/>
</AssgnmntListEntry>
</AssgnmntPrefix>
</AssgnmntList>
<ObjMetaDataList/>
<MetaDataList/>
</TestCase>
<TestCase Comment="" Date="1329200749449" Name="org.jfree.data.DefaultKeyedValuesTest:testRemoveValue_middleIndex">
<CovList>
<CovPrefix CovItemPrefix="org.jfree.data.DefaultKeyedValues.java">
<Cov CovItemId="B1" Value="1"/>
<Cov CovItemId="B10" Value="5"/>
<Cov CovItemId="B12" Value="5"/>
<Cov CovItemId="B6" Value="10"/>
<Cov CovItemId="L1-0" Value="1"/>
<Cov CovItemId="L1-1" Value="1"/>
<Cov CovItemId="L1-2" Value="3"/>
<Cov CovItemId="S14" Value="5"/>
<Cov CovItemId="S15" Value="5"/>
<Cov CovItemId="S16" Value="5"/>
<Cov CovItemId="S17" Value="10"/>
<Cov CovItemId="S18" Value="10"/>
<Cov CovItemId="S2" Value="1"/>
<Cov CovItemId="S20" Value="10"/>
<Cov CovItemId="S21" Value="5"/>
<Cov CovItemId="S32" Value="5"/>
<Cov CovItemId="S33" Value="5"/>
<Cov CovItemId="S35" Value="5"/>
<Cov CovItemId="S37" Value="5"/>
<Cov CovItemId="S38" Value="5"/>
<Cov CovItemId="S4" Value="1"/>
<Cov CovItemId="S41" Value="5"/>
<Cov CovItemId="S42" Value="5"/>
<Cov CovItemId="S43" Value="1"/>
<Cov CovItemId="S5" Value="1"/>
<Cov CovItemId="S6" Value="1"/>
<Cov CovItemId="S7" Value="1"/>
<Cov CovItemId="S8" Value="1"/>
</CovPrefix>
</CovList>
<AssgnmntList>
<AssgnmntPrefix RootTermCovItemPrefix="org.jfree.data.DefaultKeyedValues.java">
<AssgnmntListEntry Length="1" RootTermCovItemId="C1">
<MapEntry BoolAssgnmnt="1" Value="1"/>
</AssgnmntListEntry>
<AssgnmntListEntry Length="1" RootTermCovItemId="C3">
<MapEntry BoolAssgnmnt="0" Value="5"/>
<MapEntry BoolAssgnmnt="1" Value="10"/>
</AssgnmntListEntry>
<AssgnmntListEntry Length="1" RootTermCovItemId="C4">
<MapEntry BoolAssgnmnt="0" Value="10"/>
</AssgnmntListEntry>
<AssgnmntListEntry Length="1" RootTermCovItemId="C7">
<MapEntry BoolAssgnmnt="0" Value="5"/>
</AssgnmntListEntry>
<AssgnmntListEntry Length="1" RootTermCovItemId="C8">
<MapEntry BoolAssgnmnt="0" Value="5"/>
</AssgnmntListEntry>
</AssgnmntPrefix>
</AssgnmntList>
<ObjMetaDataList/>
<MetaDataList/>
</TestCase>
<TestCase Comment="" Date="1329200749451" Name="org.jfree.data.DefaultKeyedValuesTest:testRemoveValue_indexOutOfBounds">
<CovList>
<CovPrefix CovItemPrefix="org.jfree.data.DefaultKeyedValues.java">
<Cov CovItemId="B10" Value="5"/>
<Cov CovItemId="B12" Value="5"/>
<Cov CovItemId="B6" Value="10"/>
<Cov CovItemId="L1-0" Value="1"/>
<Cov CovItemId="L1-1" Value="1"/>
<Cov CovItemId="L1-2" Value="3"/>
<Cov CovItemId="S14" Value="5"/>
<Cov CovItemId="S15" Value="5"/>
<Cov CovItemId="S16" Value="5"/>
<Cov CovItemId="S17" Value="10"/>
<Cov CovItemId="S18" Value="10"/>
<Cov CovItemId="S2" Value="1"/>
<Cov CovItemId="S20" Value="10"/>
<Cov CovItemId="S21" Value="5"/>
<Cov CovItemId="S32" Value="5"/>
<Cov CovItemId="S33" Value="5"/>
<Cov CovItemId="S35" Value="5"/>
<Cov CovItemId="S37" Value="5"/>
<Cov CovItemId="S38" Value="5"/>
<Cov CovItemId="S41" Value="5"/>
<Cov CovItemId="S42" Value="5"/>
<Cov CovItemId="S43" Value="1"/>
</CovPrefix>
</CovList>
<AssgnmntList>
<AssgnmntPrefix RootTermCovItemPrefix="org.jfree.data.DefaultKeyedValues.java">
<AssgnmntListEntry Length="1" RootTermCovItemId="C3">
<MapEntry BoolAssgnmnt="0" Value="5"/>
<MapEntry BoolAssgnmnt="1" Value="10"/>
</AssgnmntListEntry>
<AssgnmntListEntry Length="1" RootTermCovItemId="C4">
<MapEntry BoolAssgnmnt="0" Value="10"/>
</AssgnmntListEntry>
<AssgnmntListEntry Length="1" RootTermCovItemId="C7">
<MapEntry BoolAssgnmnt="0" Value="5"/>
</AssgnmntListEntry>
<AssgnmntListEntry Length="1" RootTermCovItemId="C8">
<MapEntry BoolAssgnmnt="0" Value="5"/>
</AssgnmntListEntry>
</AssgnmntPrefix>
</AssgnmntList>
<ObjMetaDataList/>
<MetaDataList/>
</TestCase>
<TestCase Comment="" Date="1329200749452" Name="org.jfree.data.DefaultKeyedValuesTest:testRemoveValueOverloaded_indexEqualsZero">
<CovList>
<CovPrefix CovItemPrefix="org.jfree.data.DefaultKeyedValues.java">
<Cov CovItemId="B1" Value="1"/>
<Cov CovItemId="B10" Value="5"/>
<Cov CovItemId="B12" Value="5"/>
<Cov CovItemId="B13" Value="1"/>
<Cov CovItemId="B5" Value="1"/>
<Cov CovItemId="B6" Value="10"/>
<Cov CovItemId="L1-0" Value="1"/>
<Cov CovItemId="L1-1" Value="2"/>
<Cov CovItemId="L1-2" Value="3"/>
<Cov CovItemId="S14" Value="6"/>
<Cov CovItemId="S15" Value="6"/>
<Cov CovItemId="S16" Value="6"/>
<Cov CovItemId="S17" Value="11"/>
<Cov CovItemId="S18" Value="11"/>
<Cov CovItemId="S19" Value="1"/>
<Cov CovItemId="S2" Value="1"/>
<Cov CovItemId="S20" Value="10"/>
<Cov CovItemId="S21" Value="5"/>
<Cov CovItemId="S32" Value="5"/>
<Cov CovItemId="S33" Value="5"/>
<Cov CovItemId="S35" Value="5"/>
<Cov CovItemId="S37" Value="5"/>
<Cov CovItemId="S38" Value="5"/>
<Cov CovItemId="S4" Value="1"/>
<Cov CovItemId="S41" Value="5"/>
<Cov CovItemId="S42" Value="5"/>
<Cov CovItemId="S43" Value="1"/>
<Cov CovItemId="S44" Value="1"/>
<Cov CovItemId="S45" Value="1"/>
<Cov CovItemId="S46" Value="1"/>
<Cov CovItemId="S5" Value="1"/>
<Cov CovItemId="S6" Value="1"/>
<Cov CovItemId="S7" Value="1"/>
<Cov CovItemId="S8" Value="1"/>
</CovPrefix>
</CovList>
<AssgnmntList>
<AssgnmntPrefix RootTermCovItemPrefix="org.jfree.data.DefaultKeyedValues.java">
<AssgnmntListEntry Length="1" RootTermCovItemId="C1">
<MapEntry BoolAssgnmnt="1" Value="1"/>
</AssgnmntListEntry>
<AssgnmntListEntry Length="1" RootTermCovItemId="C3">
<MapEntry BoolAssgnmnt="0" Value="5"/>
<MapEntry BoolAssgnmnt="1" Value="11"/>
</AssgnmntListEntry>
<AssgnmntListEntry Length="1" RootTermCovItemId="C4">
<MapEntry BoolAssgnmnt="0" Value="10"/>
<MapEntry BoolAssgnmnt="1" Value="1"/>
</AssgnmntListEntry>
<AssgnmntListEntry Length="1" RootTermCovItemId="C7">
<MapEntry BoolAssgnmnt="0" Value="5"/>
</AssgnmntListEntry>
<AssgnmntListEntry Length="1" RootTermCovItemId="C8">
<MapEntry BoolAssgnmnt="0" Value="5"/>
</AssgnmntListEntry>
<AssgnmntListEntry Length="1" RootTermCovItemId="C9">
<MapEntry BoolAssgnmnt="1" Value="1"/>
</AssgnmntListEntry>
</AssgnmntPrefix>
</AssgnmntList>
<ObjMetaDataList/>
<MetaDataList/>
</TestCase>
<TestCase Comment="" Date="1329200749454" Name="org.jfree.data.DefaultKeyedValuesTest:testRemoveValueOverloaded_indexIsHighestIndex">
<CovList>
<CovPrefix CovItemPrefix="org.jfree.data.DefaultKeyedValues.java">
<Cov CovItemId="B10" Value="5"/>
<Cov CovItemId="B12" Value="5"/>
<Cov CovItemId="B13" Value="1"/>
<Cov CovItemId="B5" Value="1"/>
<Cov CovItemId="B6" Value="14"/>
<Cov CovItemId="L1-0" Value="1"/>
<Cov CovItemId="L1-1" Value="1"/>
<Cov CovItemId="L1-2" Value="4"/>
<Cov CovItemId="S14" Value="6"/>
<Cov CovItemId="S15" Value="6"/>
<Cov CovItemId="S16" Value="6"/>
<Cov CovItemId="S17" Value="15"/>
<Cov CovItemId="S18" Value="15"/>
<Cov CovItemId="S19" Value="1"/>
<Cov CovItemId="S2" Value="1"/>
<Cov CovItemId="S20" Value="14"/>
<Cov CovItemId="S21" Value="5"/>
<Cov CovItemId="S32" Value="5"/>
<Cov CovItemId="S33" Value="5"/>
<Cov CovItemId="S35" Value="5"/>
<Cov CovItemId="S37" Value="5"/>
<Cov CovItemId="S38" Value="5"/>
<Cov CovItemId="S4" Value="1"/>
<Cov CovItemId="S41" Value="5"/>
<Cov CovItemId="S42" Value="5"/>
<Cov CovItemId="S43" Value="1"/>
<Cov CovItemId="S44" Value="1"/>
<Cov CovItemId="S45" Value="1"/>
<Cov CovItemId="S46" Value="1"/>
<Cov CovItemId="S5" Value="1"/>
</CovPrefix>
</CovList>
<AssgnmntList>
<AssgnmntPrefix RootTermCovItemPrefix="org.jfree.data.DefaultKeyedValues.java">
<AssgnmntListEntry Length="1" RootTermCovItemId="C3">
<MapEntry BoolAssgnmnt="0" Value="5"/>
<MapEntry BoolAssgnmnt="1" Value="15"/>
</AssgnmntListEntry>
<AssgnmntListEntry Length="1" RootTermCovItemId="C4">
<MapEntry BoolAssgnmnt="0" Value="14"/>
<MapEntry BoolAssgnmnt="1" Value="1"/>
</AssgnmntListEntry>
<AssgnmntListEntry Length="1" RootTermCovItemId="C7">
<MapEntry BoolAssgnmnt="0" Value="5"/>
</AssgnmntListEntry>
<AssgnmntListEntry Length="1" RootTermCovItemId="C8">
<MapEntry BoolAssgnmnt="0" Value="5"/>
</AssgnmntListEntry>
<AssgnmntListEntry Length="1" RootTermCovItemId="C9">
<MapEntry BoolAssgnmnt="1" Value="1"/>
</AssgnmntListEntry>
</AssgnmntPrefix>
</AssgnmntList>
<ObjMetaDataList/>
<MetaDataList/>
</TestCase>
<TestCase Comment="" Date="1329200749455" Name="org.jfree.data.DefaultKeyedValuesTest:testRemoveValueOverloaded_middleIndex">
<CovList>
<CovPrefix CovItemPrefix="org.jfree.data.DefaultKeyedValues.java">
<Cov CovItemId="B1" Value="1"/>
<Cov CovItemId="B10" Value="5"/>
<Cov CovItemId="B12" Value="5"/>
<Cov CovItemId="B13" Value="1"/>
<Cov CovItemId="B5" Value="1"/>
<Cov CovItemId="B6" Value="12"/>
<Cov CovItemId="L1-0" Value="1"/>
<Cov CovItemId="L1-1" Value="1"/>
<Cov CovItemId="L1-2" Value="4"/>
<Cov CovItemId="S14" Value="6"/>
<Cov CovItemId="S15" Value="6"/>
<Cov CovItemId="S16" Value="6"/>
<Cov CovItemId="S17" Value="13"/>
<Cov CovItemId="S18" Value="13"/>
<Cov CovItemId="S19" Value="1"/>
<Cov CovItemId="S2" Value="1"/>
<Cov CovItemId="S20" Value="12"/>
<Cov CovItemId="S21" Value="5"/>
<Cov CovItemId="S32" Value="5"/>
<Cov CovItemId="S33" Value="5"/>
<Cov CovItemId="S35" Value="5"/>
<Cov CovItemId="S37" Value="5"/>
<Cov CovItemId="S38" Value="5"/>
<Cov CovItemId="S4" Value="1"/>
<Cov CovItemId="S41" Value="5"/>
<Cov CovItemId="S42" Value="5"/>
<Cov CovItemId="S43" Value="1"/>
<Cov CovItemId="S44" Value="1"/>
<Cov CovItemId="S45" Value="1"/>
<Cov CovItemId="S46" Value="1"/>
<Cov CovItemId="S5" Value="1"/>
<Cov CovItemId="S6" Value="1"/>
<Cov CovItemId="S7" Value="1"/>
<Cov CovItemId="S8" Value="1"/>
</CovPrefix>
</CovList>
<AssgnmntList>
<AssgnmntPrefix RootTermCovItemPrefix="org.jfree.data.DefaultKeyedValues.java">
<AssgnmntListEntry Length="1" RootTermCovItemId="C1">
<MapEntry BoolAssgnmnt="1" Value="1"/>
</AssgnmntListEntry>
<AssgnmntListEntry Length="1" RootTermCovItemId="C3">
<MapEntry BoolAssgnmnt="0" Value="5"/>
<MapEntry BoolAssgnmnt="1" Value="13"/>
</AssgnmntListEntry>
<AssgnmntListEntry Length="1" RootTermCovItemId="C4">
<MapEntry BoolAssgnmnt="0" Value="12"/>
<MapEntry BoolAssgnmnt="1" Value="1"/>
</AssgnmntListEntry>
<AssgnmntListEntry Length="1" RootTermCovItemId="C7">
<MapEntry BoolAssgnmnt="0" Value="5"/>
</AssgnmntListEntry>
<AssgnmntListEntry Length="1" RootTermCovItemId="C8">
<MapEntry BoolAssgnmnt="0" Value="5"/>
</AssgnmntListEntry>
<AssgnmntListEntry Length="1" RootTermCovItemId="C9">
<MapEntry BoolAssgnmnt="1" Value="1"/>
</AssgnmntListEntry>
</AssgnmntPrefix>
</AssgnmntList>
<ObjMetaDataList/>
<MetaDataList/>
</TestCase>
<TestCase Comment="" Date="1329200749456" Name="org.jfree.data.DefaultKeyedValuesTest:testRemoveValueOverloaded_indexOutOfBounds">
<CovList>
<CovPrefix CovItemPrefix="org.jfree.data.DefaultKeyedValues.java">
<Cov CovItemId="B1" Value="10"/>
<Cov CovItemId="B10" Value="5"/>
<Cov CovItemId="B12" Value="5"/>
<Cov CovItemId="B14" Value="1"/>
<Cov CovItemId="B16" Value="1"/>
<Cov CovItemId="B18" Value="1"/>
<Cov CovItemId="B20" Value="1"/>
<Cov CovItemId="B22" Value="5"/>
<Cov CovItemId="B24" Value="5"/>
<Cov CovItemId="B28" Value="5"/>
<Cov CovItemId="B3" Value="10"/>
<Cov CovItemId="B6" Value="15"/>
<Cov CovItemId="L1-0" Value="1"/>
<Cov CovItemId="L1-1" Value="1"/>
<Cov CovItemId="L1-2" Value="4"/>
<Cov CovItemId="L3-2" Value="1"/>
<Cov CovItemId="S10" Value="10"/>
<Cov CovItemId="S11" Value="10"/>
<Cov CovItemId="S12" Value="10"/>
<Cov CovItemId="S13" Value="10"/>
<Cov CovItemId="S14" Value="6"/>
<Cov CovItemId="S15" Value="6"/>
<Cov CovItemId="S16" Value="6"/>
<Cov CovItemId="S17" Value="15"/>
<Cov CovItemId="S18" Value="15"/>
<Cov CovItemId="S2" Value="1"/>
<Cov CovItemId="S20" Value="15"/>
<Cov CovItemId="S21" Value="6"/>
<Cov CovItemId="S3" Value="2"/>
<Cov CovItemId="S32" Value="5"/>
<Cov CovItemId="S33" Value="5"/>
<Cov CovItemId="S35" Value="5"/>
<Cov CovItemId="S37" Value="5"/>
<Cov CovItemId="S38" Value="5"/>
<Cov CovItemId="S4" Value="10"/>
<Cov CovItemId="S41" Value="5"/>
<Cov CovItemId="S42" Value="5"/>
<Cov CovItemId="S44" Value="1"/>
<Cov CovItemId="S45" Value="1"/>
<Cov CovItemId="S5" Value="10"/>
<Cov CovItemId="S51" Value="1"/>
<Cov CovItemId="S53" Value="1"/>
<Cov CovItemId="S55" Value="1"/>
<Cov CovItemId="S56" Value="1"/>
<Cov CovItemId="S57" Value="1"/>
<Cov CovItemId="S59" Value="1"/>
<Cov CovItemId="S6" Value="10"/>
<Cov CovItemId="S60" Value="5"/>
<Cov CovItemId="S61" Value="5"/>
<Cov CovItemId="S62" Value="5"/>
<Cov CovItemId="S64" Value="5"/>
<Cov CovItemId="S65" Value="5"/>
<Cov CovItemId="S66" Value="5"/>
<Cov CovItemId="S69" Value="5"/>
<Cov CovItemId="S7" Value="10"/>
<Cov CovItemId="S71" Value="1"/>
<Cov CovItemId="S73" Value="1"/>
<Cov CovItemId="S74" Value="1"/>
<Cov CovItemId="S75" Value="1"/>
<Cov CovItemId="S8" Value="10"/>
<Cov CovItemId="S9" Value="10"/>
</CovPrefix>
</CovList>
<AssgnmntList>
<AssgnmntPrefix RootTermCovItemPrefix="org.jfree.data.DefaultKeyedValues.java">
<AssgnmntListEntry Length="1" RootTermCovItemId="C1">
<MapEntry BoolAssgnmnt="1" Value="10"/>
</AssgnmntListEntry>
<AssgnmntListEntry Length="1" RootTermCovItemId="C10">
<MapEntry BoolAssgnmnt="0" Value="1"/>
</AssgnmntListEntry>
<AssgnmntListEntry Length="1" RootTermCovItemId="C11">
<MapEntry BoolAssgnmnt="1" Value="1"/>
</AssgnmntListEntry>
<AssgnmntListEntry Length="1" RootTermCovItemId="C12">
<MapEntry BoolAssgnmnt="0" Value="1"/>
</AssgnmntListEntry>
<AssgnmntListEntry Length="1" RootTermCovItemId="C13">
<MapEntry BoolAssgnmnt="0" Value="1"/>
<MapEntry BoolAssgnmnt="1" Value="5"/>
</AssgnmntListEntry>
<AssgnmntListEntry Length="1" RootTermCovItemId="C14">
<MapEntry BoolAssgnmnt="1" Value="5"/>
</AssgnmntListEntry>
<AssgnmntListEntry Length="1" RootTermCovItemId="C15">
<MapEntry BoolAssgnmnt="0" Value="5"/>
</AssgnmntListEntry>
<AssgnmntListEntry Length="1" RootTermCovItemId="C17">
<MapEntry BoolAssgnmnt="1" Value="5"/>
</AssgnmntListEntry>
<AssgnmntListEntry Length="1" RootTermCovItemId="C2">
<MapEntry BoolAssgnmnt="1" Value="10"/>
</AssgnmntListEntry>
<AssgnmntListEntry Length="1" RootTermCovItemId="C3">
<MapEntry BoolAssgnmnt="0" Value="6"/>
<MapEntry BoolAssgnmnt="1" Value="15"/>
</AssgnmntListEntry>
<AssgnmntListEntry Length="1" RootTermCovItemId="C4">
<MapEntry BoolAssgnmnt="0" Value="15"/>
</AssgnmntListEntry>
<AssgnmntListEntry Length="1" RootTermCovItemId="C7">
<MapEntry BoolAssgnmnt="0" Value="5"/>
</AssgnmntListEntry>
<AssgnmntListEntry Length="1" RootTermCovItemId="C8">
<MapEntry BoolAssgnmnt="0" Value="5"/>
</AssgnmntListEntry>
<AssgnmntListEntry Length="1" RootTermCovItemId="C9">
<MapEntry BoolAssgnmnt="0" Value="1"/>
</AssgnmntListEntry>
</AssgnmntPrefix>
</AssgnmntList>
<ObjMetaDataList/>
<MetaDataList/>
</TestCase>
<TestCase Comment="" Date="1329200749460" Name="org.jfree.data.DefaultKeyedValuesTest:testSortByKeys_nullOrder">
<CovList>
<CovPrefix CovItemPrefix="org.jfree.data.DefaultKeyedValues.java">
<Cov CovItemId="S2" Value="1"/>
<Cov CovItemId="S47" Value="1"/>
</CovPrefix>
</CovList>
<AssgnmntList/>
<ObjMetaDataList/>
<MetaDataList/>
</TestCase>
<TestCase Comment="" Date="1329200749463" Name="org.jfree.data.DefaultKeyedValuesTest:testSortByKeys_emptySet">
<CovList>
<CovPrefix CovItemPrefix="org.jfree.data.DefaultKeyedValues.java">
<Cov CovItemId="S2" Value="1"/>
<Cov CovItemId="S47" Value="1"/>
<Cov CovItemId="S48" Value="1"/>
</CovPrefix>
</CovList>
<AssgnmntList/>
<ObjMetaDataList/>
<MetaDataList/>
</TestCase>
<TestCase Comment="" Date="1329200749465" Name="org.jfree.data.DefaultKeyedValuesTest:testSortByKeys_oneElement">
<CovList>
<CovPrefix CovItemPrefix="org.jfree.data.DefaultKeyedValues.java">
<Cov CovItemId="B1" Value="2"/>
<Cov CovItemId="B10" Value="1"/>
<Cov CovItemId="B12" Value="1"/>
<Cov CovItemId="B16" Value="1"/>
<Cov CovItemId="B18" Value="1"/>
<Cov CovItemId="B20" Value="1"/>
<Cov CovItemId="B22" Value="1"/>
<Cov CovItemId="B24" Value="1"/>
<Cov CovItemId="B28" Value="1"/>
<Cov CovItemId="B3" Value="2"/>
<Cov CovItemId="L1-0" Value="1"/>
<Cov CovItemId="L3-1" Value="1"/>
<Cov CovItemId="S10" Value="2"/>
<Cov CovItemId="S11" Value="2"/>
<Cov CovItemId="S12" Value="2"/>
<Cov CovItemId="S13" Value="2"/>
<Cov CovItemId="S14" Value="1"/>
<Cov CovItemId="S15" Value="1"/>
<Cov CovItemId="S16" Value="1"/>
<Cov CovItemId="S2" Value="1"/>
<Cov CovItemId="S21" Value="1"/>
<Cov CovItemId="S3" Value="2"/>
<Cov CovItemId="S32" Value="1"/>
<Cov CovItemId="S33" Value="1"/>
<Cov CovItemId="S35" Value="1"/>
<Cov CovItemId="S37" Value="1"/>
<Cov CovItemId="S38" Value="1"/>
<Cov CovItemId="S4" Value="2"/>
<Cov CovItemId="S41" Value="1"/>
<Cov CovItemId="S42" Value="1"/>
<Cov CovItemId="S47" Value="1"/>
<Cov CovItemId="S48" Value="1"/>
<Cov CovItemId="S5" Value="2"/>
<Cov CovItemId="S51" Value="1"/>
<Cov CovItemId="S53" Value="1"/>
<Cov CovItemId="S55" Value="1"/>
<Cov CovItemId="S56" Value="1"/>
<Cov CovItemId="S57" Value="1"/>
<Cov CovItemId="S59" Value="1"/>
<Cov CovItemId="S6" Value="2"/>
<Cov CovItemId="S60" Value="1"/>
<Cov CovItemId="S61" Value="1"/>
<Cov CovItemId="S62" Value="1"/>
<Cov CovItemId="S64" Value="1"/>
<Cov CovItemId="S65" Value="1"/>
<Cov CovItemId="S66" Value="1"/>
<Cov CovItemId="S69" Value="1"/>
<Cov CovItemId="S7" Value="2"/>
<Cov CovItemId="S71" Value="1"/>
<Cov CovItemId="S73" Value="1"/>
<Cov CovItemId="S74" Value="1"/>
<Cov CovItemId="S75" Value="1"/>
<Cov CovItemId="S8" Value="2"/>
<Cov CovItemId="S9" Value="2"/>
</CovPrefix>
</CovList>
<AssgnmntList>
<AssgnmntPrefix RootTermCovItemPrefix="org.jfree.data.DefaultKeyedValues.java">
<AssgnmntListEntry Length="1" RootTermCovItemId="C1">
<MapEntry BoolAssgnmnt="1" Value="2"/>
</AssgnmntListEntry>
<AssgnmntListEntry Length="1" RootTermCovItemId="C10">
<MapEntry BoolAssgnmnt="0" Value="1"/>
</AssgnmntListEntry>
<AssgnmntListEntry Length="1" RootTermCovItemId="C11">
<MapEntry BoolAssgnmnt="1" Value="1"/>
</AssgnmntListEntry>
<AssgnmntListEntry Length="1" RootTermCovItemId="C12">
<MapEntry BoolAssgnmnt="0" Value="1"/>
</AssgnmntListEntry>
<AssgnmntListEntry Length="1" RootTermCovItemId="C13">
<MapEntry BoolAssgnmnt="0" Value="1"/>
<MapEntry BoolAssgnmnt="1" Value="1"/>
</AssgnmntListEntry>
<AssgnmntListEntry Length="1" RootTermCovItemId="C14">
<MapEntry BoolAssgnmnt="1" Value="1"/>
</AssgnmntListEntry>
<AssgnmntListEntry Length="1" RootTermCovItemId="C15">
<MapEntry BoolAssgnmnt="0" Value="1"/>
</AssgnmntListEntry>
<AssgnmntListEntry Length="1" RootTermCovItemId="C17">
<MapEntry BoolAssgnmnt="1" Value="1"/>
</AssgnmntListEntry>
<AssgnmntListEntry Length="1" RootTermCovItemId="C2">
<MapEntry BoolAssgnmnt="1" Value="2"/>
</AssgnmntListEntry>
<AssgnmntListEntry Length="1" RootTermCovItemId="C3">
<MapEntry BoolAssgnmnt="0" Value="1"/>
</AssgnmntListEntry>
<AssgnmntListEntry Length="1" RootTermCovItemId="C7">
<MapEntry BoolAssgnmnt="0" Value="1"/>
</AssgnmntListEntry>
<AssgnmntListEntry Length="1" RootTermCovItemId="C8">
<MapEntry BoolAssgnmnt="0" Value="1"/>
</AssgnmntListEntry>
</AssgnmntPrefix>
</AssgnmntList>
<ObjMetaDataList/>
<MetaDataList/>
</TestCase>
<TestCase Comment="" Date="1329200749467" Name="org.jfree.data.DefaultKeyedValuesTest:testSortByKeys_fiveElementsAscending">
<CovList>
<CovPrefix CovItemPrefix="org.jfree.data.DefaultKeyedValues.java">
<Cov CovItemId="B1" Value="10"/>
<Cov CovItemId="B10" Value="10"/>
<Cov CovItemId="B12" Value="10"/>
<Cov CovItemId="B16" Value="1"/>
<Cov CovItemId="B18" Value="1"/>
<Cov CovItemId="B20" Value="1"/>
<Cov CovItemId="B22" Value="5"/>
<Cov CovItemId="B24" Value="5"/>
<Cov CovItemId="B28" Value="5"/>
<Cov CovItemId="B3" Value="10"/>
<Cov CovItemId="B6" Value="20"/>
<Cov CovItemId="L1-0" Value="2"/>
<Cov CovItemId="L1-1" Value="2"/>
<Cov CovItemId="L1-2" Value="6"/>
<Cov CovItemId="L3-2" Value="1"/>
<Cov CovItemId="S10" Value="10"/>
<Cov CovItemId="S11" Value="10"/>
<Cov CovItemId="S12" Value="10"/>
<Cov CovItemId="S13" Value="10"/>
<Cov CovItemId="S14" Value="10"/>
<Cov CovItemId="S15" Value="10"/>
<Cov CovItemId="S16" Value="10"/>
<Cov CovItemId="S17" Value="20"/>
<Cov CovItemId="S18" Value="20"/>
<Cov CovItemId="S2" Value="2"/>
<Cov CovItemId="S20" Value="20"/>
<Cov CovItemId="S21" Value="10"/>
<Cov CovItemId="S3" Value="2"/>
<Cov CovItemId="S32" Value="10"/>
<Cov CovItemId="S33" Value="10"/>
<Cov CovItemId="S35" Value="10"/>
<Cov CovItemId="S37" Value="10"/>
<Cov CovItemId="S38" Value="10"/>
<Cov CovItemId="S4" Value="10"/>
<Cov CovItemId="S41" Value="10"/>
<Cov CovItemId="S42" Value="10"/>
<Cov CovItemId="S47" Value="1"/>
<Cov CovItemId="S48" Value="1"/>
<Cov CovItemId="S5" Value="10"/>
<Cov CovItemId="S51" Value="1"/>
<Cov CovItemId="S53" Value="1"/>
<Cov CovItemId="S55" Value="1"/>
<Cov CovItemId="S56" Value="1"/>
<Cov CovItemId="S57" Value="1"/>
<Cov CovItemId="S59" Value="1"/>
<Cov CovItemId="S6" Value="10"/>
<Cov CovItemId="S60" Value="5"/>
<Cov CovItemId="S61" Value="5"/>
<Cov CovItemId="S62" Value="5"/>
<Cov CovItemId="S64" Value="5"/>
<Cov CovItemId="S65" Value="5"/>
<Cov CovItemId="S66" Value="5"/>
<Cov CovItemId="S69" Value="5"/>
<Cov CovItemId="S7" Value="10"/>
<Cov CovItemId="S71" Value="1"/>
<Cov CovItemId="S8" Value="10"/>
<Cov CovItemId="S9" Value="10"/>
</CovPrefix>
</CovList>
<AssgnmntList>
<AssgnmntPrefix RootTermCovItemPrefix="org.jfree.data.DefaultKeyedValues.java">
<AssgnmntListEntry Length="1" RootTermCovItemId="C1">
<MapEntry BoolAssgnmnt="1" Value="10"/>
</AssgnmntListEntry>
<AssgnmntListEntry Length="1" RootTermCovItemId="C10">
<MapEntry BoolAssgnmnt="0" Value="1"/>
</AssgnmntListEntry>
<AssgnmntListEntry Length="1" RootTermCovItemId="C11">
<MapEntry BoolAssgnmnt="1" Value="1"/>
</AssgnmntListEntry>
<AssgnmntListEntry Length="1" RootTermCovItemId="C12">
<MapEntry BoolAssgnmnt="0" Value="1"/>
</AssgnmntListEntry>
<AssgnmntListEntry Length="1" RootTermCovItemId="C13">
<MapEntry BoolAssgnmnt="0" Value="1"/>
<MapEntry BoolAssgnmnt="1" Value="5"/>
</AssgnmntListEntry>
<AssgnmntListEntry Length="1" RootTermCovItemId="C14">
<MapEntry BoolAssgnmnt="1" Value="5"/>
</AssgnmntListEntry>
<AssgnmntListEntry Length="1" RootTermCovItemId="C15">
<MapEntry BoolAssgnmnt="0" Value="5"/>
</AssgnmntListEntry>
<AssgnmntListEntry Length="1" RootTermCovItemId="C17">
<MapEntry BoolAssgnmnt="1" Value="5"/>
</AssgnmntListEntry>
<AssgnmntListEntry Length="1" RootTermCovItemId="C2">
<MapEntry BoolAssgnmnt="1" Value="10"/>
</AssgnmntListEntry>
<AssgnmntListEntry Length="1" RootTermCovItemId="C3">
<MapEntry BoolAssgnmnt="0" Value="10"/>
<MapEntry BoolAssgnmnt="1" Value="20"/>
</AssgnmntListEntry>
<AssgnmntListEntry Length="1" RootTermCovItemId="C4">
<MapEntry BoolAssgnmnt="0" Value="20"/>
</AssgnmntListEntry>
<AssgnmntListEntry Length="1" RootTermCovItemId="C7">
<MapEntry BoolAssgnmnt="0" Value="10"/>
</AssgnmntListEntry>
<AssgnmntListEntry Length="1" RootTermCovItemId="C8">
<MapEntry BoolAssgnmnt="0" Value="10"/>
</AssgnmntListEntry>
</AssgnmntPrefix>
</AssgnmntList>
<ObjMetaDataList/>
<MetaDataList/>
</TestCase>
<TestCase Comment="" Date="1329200749469" Name="org.jfree.data.DefaultKeyedValuesTest:testSortByKeys_fiveElementsDescending">
<CovList>
<CovPrefix CovItemPrefix="org.jfree.data.DefaultKeyedValues.java">
<Cov CovItemId="B1" Value="10"/>
<Cov CovItemId="B10" Value="10"/>
<Cov CovItemId="B12" Value="10"/>
<Cov CovItemId="B16" Value="1"/>
<Cov CovItemId="B18" Value="1"/>
<Cov CovItemId="B20" Value="1"/>
<Cov CovItemId="B22" Value="5"/>
<Cov CovItemId="B24" Value="5"/>
<Cov CovItemId="B28" Value="5"/>
<Cov CovItemId="B3" Value="10"/>
<Cov CovItemId="B6" Value="20"/>
<Cov CovItemId="L1-0" Value="2"/>
<Cov CovItemId="L1-1" Value="2"/>
<Cov CovItemId="L1-2" Value="6"/>
<Cov CovItemId="L3-2" Value="1"/>
<Cov CovItemId="S10" Value="10"/>
<Cov CovItemId="S11" Value="10"/>
<Cov CovItemId="S12" Value="10"/>
<Cov CovItemId="S13" Value="10"/>
<Cov CovItemId="S14" Value="10"/>
<Cov CovItemId="S15" Value="10"/>
<Cov CovItemId="S16" Value="10"/>
<Cov CovItemId="S17" Value="20"/>
<Cov CovItemId="S18" Value="20"/>
<Cov CovItemId="S2" Value="2"/>
<Cov CovItemId="S20" Value="20"/>
<Cov CovItemId="S21" Value="10"/>
<Cov CovItemId="S3" Value="2"/>
<Cov CovItemId="S32" Value="10"/>
<Cov CovItemId="S33" Value="10"/>
<Cov CovItemId="S35" Value="10"/>
<Cov CovItemId="S37" Value="10"/>
<Cov CovItemId="S38" Value="10"/>
<Cov CovItemId="S4" Value="10"/>
<Cov CovItemId="S41" Value="10"/>
<Cov CovItemId="S42" Value="10"/>
<Cov CovItemId="S47" Value="1"/>
<Cov CovItemId="S48" Value="1"/>
<Cov CovItemId="S5" Value="10"/>
<Cov CovItemId="S51" Value="1"/>
<Cov CovItemId="S53" Value="1"/>
<Cov CovItemId="S55" Value="1"/>
<Cov CovItemId="S56" Value="1"/>
<Cov CovItemId="S57" Value="1"/>
<Cov CovItemId="S59" Value="1"/>
<Cov CovItemId="S6" Value="10"/>
<Cov CovItemId="S60" Value="5"/>
<Cov CovItemId="S61" Value="5"/>
<Cov CovItemId="S62" Value="5"/>
<Cov CovItemId="S64" Value="5"/>
<Cov CovItemId="S65" Value="5"/>
<Cov CovItemId="S66" Value="5"/>
<Cov CovItemId="S69" Value="5"/>
<Cov CovItemId="S7" Value="10"/>
<Cov CovItemId="S71" Value="1"/>
<Cov CovItemId="S8" Value="10"/>
<Cov CovItemId="S9" Value="10"/>
</CovPrefix>
</CovList>
<AssgnmntList>
<AssgnmntPrefix RootTermCovItemPrefix="org.jfree.data.DefaultKeyedValues.java">
<AssgnmntListEntry Length="1" RootTermCovItemId="C1">
<MapEntry BoolAssgnmnt="1" Value="10"/>
</AssgnmntListEntry>
<AssgnmntListEntry Length="1" RootTermCovItemId="C10">
<MapEntry BoolAssgnmnt="0" Value="1"/>
</AssgnmntListEntry>
<AssgnmntListEntry Length="1" RootTermCovItemId="C11">
<MapEntry BoolAssgnmnt="1" Value="1"/>
</AssgnmntListEntry>
<AssgnmntListEntry Length="1" RootTermCovItemId="C12">
<MapEntry BoolAssgnmnt="0" Value="1"/>
</AssgnmntListEntry>
<AssgnmntListEntry Length="1" RootTermCovItemId="C13">
<MapEntry BoolAssgnmnt="0" Value="1"/>
<MapEntry BoolAssgnmnt="1" Value="5"/>
</AssgnmntListEntry>
<AssgnmntListEntry Length="1" RootTermCovItemId="C14">
<MapEntry BoolAssgnmnt="1" Value="5"/>
</AssgnmntListEntry>
<AssgnmntListEntry Length="1" RootTermCovItemId="C15">
<MapEntry BoolAssgnmnt="0" Value="5"/>
</AssgnmntListEntry>
<AssgnmntListEntry Length="1" RootTermCovItemId="C17">
<MapEntry BoolAssgnmnt="1" Value="5"/>
</AssgnmntListEntry>
<AssgnmntListEntry Length="1" RootTermCovItemId="C2">
<MapEntry BoolAssgnmnt="1" Value="10"/>
</AssgnmntListEntry>
<AssgnmntListEntry Length="1" RootTermCovItemId="C3">
<MapEntry BoolAssgnmnt="0" Value="10"/>
<MapEntry BoolAssgnmnt="1" Value="20"/>
</AssgnmntListEntry>
<AssgnmntListEntry Length="1" RootTermCovItemId="C4">
<MapEntry BoolAssgnmnt="0" Value="20"/>
</AssgnmntListEntry>
<AssgnmntListEntry Length="1" RootTermCovItemId="C7">
<MapEntry BoolAssgnmnt="0" Value="10"/>
</AssgnmntListEntry>
<AssgnmntListEntry Length="1" RootTermCovItemId="C8">
<MapEntry BoolAssgnmnt="0" Value="10"/>
</AssgnmntListEntry>
</AssgnmntPrefix>
</AssgnmntList>
<ObjMetaDataList/>
<MetaDataList/>
</TestCase>
<TestCase Comment="" Date="1329200749470" Name="org.jfree.data.DefaultKeyedValuesTest:testSortByValues_nullOrder">
<CovList>
<CovPrefix CovItemPrefix="org.jfree.data.DefaultKeyedValues.java">
<Cov CovItemId="S2" Value="1"/>
<Cov CovItemId="S49" Value="1"/>
</CovPrefix>
</CovList>
<AssgnmntList/>
<ObjMetaDataList/>
<MetaDataList/>
</TestCase>
<TestCase Comment="" Date="1329200749471" Name="org.jfree.data.DefaultKeyedValuesTest:testSortByValues_emptySet">
<CovList>
<CovPrefix CovItemPrefix="org.jfree.data.DefaultKeyedValues.java">
<Cov CovItemId="S2" Value="1"/>
<Cov CovItemId="S49" Value="1"/>
<Cov CovItemId="S50" Value="1"/>
</CovPrefix>
</CovList>
<AssgnmntList/>
<ObjMetaDataList/>
<MetaDataList/>
</TestCase>
<TestCase Comment="" Date="1329200749472" Name="org.jfree.data.DefaultKeyedValuesTest:testSortByValues_oneElement">
<CovList>
<CovPrefix CovItemPrefix="org.jfree.data.DefaultKeyedValues.java">
<Cov CovItemId="B1" Value="2"/>
<Cov CovItemId="B10" Value="1"/>
<Cov CovItemId="B12" Value="1"/>
<Cov CovItemId="B16" Value="1"/>
<Cov CovItemId="B18" Value="1"/>
<Cov CovItemId="B20" Value="1"/>
<Cov CovItemId="B22" Value="1"/>
<Cov CovItemId="B24" Value="1"/>
<Cov CovItemId="B28" Value="1"/>
<Cov CovItemId="B3" Value="2"/>
<Cov CovItemId="L1-0" Value="1"/>
<Cov CovItemId="L3-1" Value="1"/>
<Cov CovItemId="S10" Value="2"/>
<Cov CovItemId="S11" Value="2"/>
<Cov CovItemId="S12" Value="2"/>
<Cov CovItemId="S13" Value="2"/>
<Cov CovItemId="S14" Value="1"/>
<Cov CovItemId="S15" Value="1"/>
<Cov CovItemId="S16" Value="1"/>
<Cov CovItemId="S2" Value="1"/>
<Cov CovItemId="S21" Value="1"/>
<Cov CovItemId="S3" Value="2"/>
<Cov CovItemId="S32" Value="1"/>
<Cov CovItemId="S33" Value="1"/>
<Cov CovItemId="S35" Value="1"/>
<Cov CovItemId="S37" Value="1"/>
<Cov CovItemId="S38" Value="1"/>
<Cov CovItemId="S4" Value="2"/>
<Cov CovItemId="S41" Value="1"/>
<Cov CovItemId="S42" Value="1"/>
<Cov CovItemId="S49" Value="1"/>
<Cov CovItemId="S5" Value="2"/>
<Cov CovItemId="S50" Value="1"/>
<Cov CovItemId="S51" Value="1"/>
<Cov CovItemId="S53" Value="1"/>
<Cov CovItemId="S55" Value="1"/>
<Cov CovItemId="S56" Value="1"/>
<Cov CovItemId="S57" Value="1"/>
<Cov CovItemId="S59" Value="1"/>
<Cov CovItemId="S6" Value="2"/>
<Cov CovItemId="S60" Value="1"/>
<Cov CovItemId="S61" Value="1"/>
<Cov CovItemId="S62" Value="1"/>
<Cov CovItemId="S64" Value="1"/>
<Cov CovItemId="S65" Value="1"/>
<Cov CovItemId="S66" Value="1"/>
<Cov CovItemId="S69" Value="1"/>
<Cov CovItemId="S7" Value="2"/>
<Cov CovItemId="S71" Value="1"/>
<Cov CovItemId="S73" Value="1"/>
<Cov CovItemId="S74" Value="1"/>
<Cov CovItemId="S75" Value="1"/>
<Cov CovItemId="S8" Value="2"/>
<Cov CovItemId="S9" Value="2"/>
</CovPrefix>
</CovList>
<AssgnmntList>
<AssgnmntPrefix RootTermCovItemPrefix="org.jfree.data.DefaultKeyedValues.java">
<AssgnmntListEntry Length="1" RootTermCovItemId="C1">
<MapEntry BoolAssgnmnt="1" Value="2"/>
</AssgnmntListEntry>
<AssgnmntListEntry Length="1" RootTermCovItemId="C10">
<MapEntry BoolAssgnmnt="0" Value="1"/>
</AssgnmntListEntry>
<AssgnmntListEntry Length="1" RootTermCovItemId="C11">
<MapEntry BoolAssgnmnt="1" Value="1"/>
</AssgnmntListEntry>
<AssgnmntListEntry Length="1" RootTermCovItemId="C12">
<MapEntry BoolAssgnmnt="0" Value="1"/>
</AssgnmntListEntry>
<AssgnmntListEntry Length="1" RootTermCovItemId="C13">
<MapEntry BoolAssgnmnt="0" Value="1"/>
<MapEntry BoolAssgnmnt="1" Value="1"/>
</AssgnmntListEntry>
<AssgnmntListEntry Length="1" RootTermCovItemId="C14">
<MapEntry BoolAssgnmnt="1" Value="1"/>
</AssgnmntListEntry>
<AssgnmntListEntry Length="1" RootTermCovItemId="C15">
<MapEntry BoolAssgnmnt="0" Value="1"/>
</AssgnmntListEntry>
<AssgnmntListEntry Length="1" RootTermCovItemId="C17">
<MapEntry BoolAssgnmnt="1" Value="1"/>
</AssgnmntListEntry>
<AssgnmntListEntry Length="1" RootTermCovItemId="C2">
<MapEntry BoolAssgnmnt="1" Value="2"/>
</AssgnmntListEntry>
<AssgnmntListEntry Length="1" RootTermCovItemId="C3">
<MapEntry BoolAssgnmnt="0" Value="1"/>
</AssgnmntListEntry>
<AssgnmntListEntry Length="1" RootTermCovItemId="C7">
<MapEntry BoolAssgnmnt="0" Value="1"/>
</AssgnmntListEntry>
<AssgnmntListEntry Length="1" RootTermCovItemId="C8">
<MapEntry BoolAssgnmnt="0" Value="1"/>
</AssgnmntListEntry>
</AssgnmntPrefix>
</AssgnmntList>
<ObjMetaDataList/>
<MetaDataList/>
</TestCase>
<TestCase Comment="" Date="1329200749474" Name="org.jfree.data.DefaultKeyedValuesTest:testSortByValues_fiveElementsAscending">
<CovList>
<CovPrefix CovItemPrefix="org.jfree.data.DefaultKeyedValues.java">
<Cov CovItemId="B1" Value="10"/>
<Cov CovItemId="B10" Value="10"/>
<Cov CovItemId="B12" Value="10"/>
<Cov CovItemId="B16" Value="1"/>
<Cov CovItemId="B18" Value="1"/>
<Cov CovItemId="B20" Value="1"/>
<Cov CovItemId="B22" Value="5"/>
<Cov CovItemId="B24" Value="5"/>
<Cov CovItemId="B28" Value="5"/>
<Cov CovItemId="B3" Value="10"/>
<Cov CovItemId="B6" Value="20"/>
<Cov CovItemId="L1-0" Value="2"/>
<Cov CovItemId="L1-1" Value="2"/>
<Cov CovItemId="L1-2" Value="6"/>
<Cov CovItemId="L3-2" Value="1"/>
<Cov CovItemId="S10" Value="10"/>
<Cov CovItemId="S11" Value="10"/>
<Cov CovItemId="S12" Value="10"/>
<Cov CovItemId="S13" Value="10"/>
<Cov CovItemId="S14" Value="10"/>
<Cov CovItemId="S15" Value="10"/>
<Cov CovItemId="S16" Value="10"/>
<Cov CovItemId="S17" Value="20"/>
<Cov CovItemId="S18" Value="20"/>
<Cov CovItemId="S2" Value="2"/>
<Cov CovItemId="S20" Value="20"/>
<Cov CovItemId="S21" Value="10"/>
<Cov CovItemId="S3" Value="2"/>
<Cov CovItemId="S32" Value="10"/>
<Cov CovItemId="S33" Value="10"/>
<Cov CovItemId="S35" Value="10"/>
<Cov CovItemId="S37" Value="10"/>
<Cov CovItemId="S38" Value="10"/>
<Cov CovItemId="S4" Value="10"/>
<Cov CovItemId="S41" Value="10"/>
<Cov CovItemId="S42" Value="10"/>
<Cov CovItemId="S49" Value="1"/>
<Cov CovItemId="S5" Value="10"/>
<Cov CovItemId="S50" Value="1"/>
<Cov CovItemId="S51" Value="1"/>
<Cov CovItemId="S53" Value="1"/>
<Cov CovItemId="S55" Value="1"/>
<Cov CovItemId="S56" Value="1"/>
<Cov CovItemId="S57" Value="1"/>
<Cov CovItemId="S59" Value="1"/>
<Cov CovItemId="S6" Value="10"/>
<Cov CovItemId="S60" Value="5"/>
<Cov CovItemId="S61" Value="5"/>
<Cov CovItemId="S62" Value="5"/>
<Cov CovItemId="S64" Value="5"/>
<Cov CovItemId="S65" Value="5"/>
<Cov CovItemId="S66" Value="5"/>
<Cov CovItemId="S69" Value="5"/>
<Cov CovItemId="S7" Value="10"/>
<Cov CovItemId="S71" Value="1"/>
<Cov CovItemId="S8" Value="10"/>
<Cov CovItemId="S9" Value="10"/>
</CovPrefix>
</CovList>
<AssgnmntList>
<AssgnmntPrefix RootTermCovItemPrefix="org.jfree.data.DefaultKeyedValues.java">
<AssgnmntListEntry Length="1" RootTermCovItemId="C1">
<MapEntry BoolAssgnmnt="1" Value="10"/>
</AssgnmntListEntry>
<AssgnmntListEntry Length="1" RootTermCovItemId="C10">
<MapEntry BoolAssgnmnt="0" Value="1"/>
</AssgnmntListEntry>
<AssgnmntListEntry Length="1" RootTermCovItemId="C11">
<MapEntry BoolAssgnmnt="1" Value="1"/>
</AssgnmntListEntry>
<AssgnmntListEntry Length="1" RootTermCovItemId="C12">
<MapEntry BoolAssgnmnt="0" Value="1"/>
</AssgnmntListEntry>
<AssgnmntListEntry Length="1" RootTermCovItemId="C13">
<MapEntry BoolAssgnmnt="0" Value="1"/>
<MapEntry BoolAssgnmnt="1" Value="5"/>
</AssgnmntListEntry>
<AssgnmntListEntry Length="1" RootTermCovItemId="C14">
<MapEntry BoolAssgnmnt="1" Value="5"/>
</AssgnmntListEntry>
<AssgnmntListEntry Length="1" RootTermCovItemId="C15">
<MapEntry BoolAssgnmnt="0" Value="5"/>
</AssgnmntListEntry>
<AssgnmntListEntry Length="1" RootTermCovItemId="C17">
<MapEntry BoolAssgnmnt="1" Value="5"/>
</AssgnmntListEntry>
<AssgnmntListEntry Length="1" RootTermCovItemId="C2">
<MapEntry BoolAssgnmnt="1" Value="10"/>
</AssgnmntListEntry>
<AssgnmntListEntry Length="1" RootTermCovItemId="C3">
<MapEntry BoolAssgnmnt="0" Value="10"/>
<MapEntry BoolAssgnmnt="1" Value="20"/>
</AssgnmntListEntry>
<AssgnmntListEntry Length="1" RootTermCovItemId="C4">
<MapEntry BoolAssgnmnt="0" Value="20"/>
</AssgnmntListEntry>
<AssgnmntListEntry Length="1" RootTermCovItemId="C7">
<MapEntry BoolAssgnmnt="0" Value="10"/>
</AssgnmntListEntry>
<AssgnmntListEntry Length="1" RootTermCovItemId="C8">
<MapEntry BoolAssgnmnt="0" Value="10"/>
</AssgnmntListEntry>
</AssgnmntPrefix>
</AssgnmntList>
<ObjMetaDataList/>
<MetaDataList/>
</TestCase>
<TestCase Comment="" Date="1329200749475" Name="org.jfree.data.DefaultKeyedValuesTest:testSortByValues_fiveElementsDescending">
<CovList>
<CovPrefix CovItemPrefix="org.jfree.data.DefaultKeyedValues.java">
<Cov CovItemId="B1" Value="10"/>
<Cov CovItemId="B10" Value="10"/>
<Cov CovItemId="B12" Value="10"/>
<Cov CovItemId="B16" Value="1"/>
<Cov CovItemId="B18" Value="1"/>
<Cov CovItemId="B20" Value="1"/>
<Cov CovItemId="B22" Value="5"/>
<Cov CovItemId="B24" Value="5"/>
<Cov CovItemId="B28" Value="5"/>
<Cov CovItemId="B3" Value="10"/>
<Cov CovItemId="B6" Value="20"/>
<Cov CovItemId="L1-0" Value="2"/>
<Cov CovItemId="L1-1" Value="2"/>
<Cov CovItemId="L1-2" Value="6"/>
<Cov CovItemId="L3-2" Value="1"/>
<Cov CovItemId="S10" Value="10"/>
<Cov CovItemId="S11" Value="10"/>
<Cov CovItemId="S12" Value="10"/>
<Cov CovItemId="S13" Value="10"/>
<Cov CovItemId="S14" Value="10"/>
<Cov CovItemId="S15" Value="10"/>
<Cov CovItemId="S16" Value="10"/>
<Cov CovItemId="S17" Value="20"/>
<Cov CovItemId="S18" Value="20"/>
<Cov CovItemId="S2" Value="2"/>
<Cov CovItemId="S20" Value="20"/>
<Cov CovItemId="S21" Value="10"/>
<Cov CovItemId="S3" Value="2"/>
<Cov CovItemId="S32" Value="10"/>
<Cov CovItemId="S33" Value="10"/>
<Cov CovItemId="S35" Value="10"/>
<Cov CovItemId="S37" Value="10"/>
<Cov CovItemId="S38" Value="10"/>
<Cov CovItemId="S4" Value="10"/>
<Cov CovItemId="S41" Value="10"/>
<Cov CovItemId="S42" Value="10"/>
<Cov CovItemId="S49" Value="1"/>
<Cov CovItemId="S5" Value="10"/>
<Cov CovItemId="S50" Value="1"/>
<Cov CovItemId="S51" Value="1"/>
<Cov CovItemId="S53" Value="1"/>
<Cov CovItemId="S55" Value="1"/>
<Cov CovItemId="S56" Value="1"/>
<Cov CovItemId="S57" Value="1"/>
<Cov CovItemId="S59" Value="1"/>
<Cov CovItemId="S6" Value="10"/>
<Cov CovItemId="S60" Value="5"/>
<Cov CovItemId="S61" Value="5"/>
<Cov CovItemId="S62" Value="5"/>
<Cov CovItemId="S64" Value="5"/>
<Cov CovItemId="S65" Value="5"/>
<Cov CovItemId="S66" Value="5"/>
<Cov CovItemId="S69" Value="5"/>
<Cov CovItemId="S7" Value="10"/>
<Cov CovItemId="S71" Value="1"/>
<Cov CovItemId="S8" Value="10"/>
<Cov CovItemId="S9" Value="10"/>
</CovPrefix>
</CovList>
<AssgnmntList>
<AssgnmntPrefix RootTermCovItemPrefix="org.jfree.data.DefaultKeyedValues.java">
<AssgnmntListEntry Length="1" RootTermCovItemId="C1">
<MapEntry BoolAssgnmnt="1" Value="10"/>
</AssgnmntListEntry>
<AssgnmntListEntry Length="1" RootTermCovItemId="C10">
<MapEntry BoolAssgnmnt="0" Value="1"/>
</AssgnmntListEntry>
<AssgnmntListEntry Length="1" RootTermCovItemId="C11">
<MapEntry BoolAssgnmnt="1" Value="1"/>
</AssgnmntListEntry>
<AssgnmntListEntry Length="1" RootTermCovItemId="C12">
<MapEntry BoolAssgnmnt="0" Value="1"/>
</AssgnmntListEntry>
<AssgnmntListEntry Length="1" RootTermCovItemId="C13">
<MapEntry BoolAssgnmnt="0" Value="1"/>
<MapEntry BoolAssgnmnt="1" Value="5"/>
</AssgnmntListEntry>
<AssgnmntListEntry Length="1" RootTermCovItemId="C14">
<MapEntry BoolAssgnmnt="1" Value="5"/>
</AssgnmntListEntry>
<AssgnmntListEntry Length="1" RootTermCovItemId="C15">
<MapEntry BoolAssgnmnt="0" Value="5"/>
</AssgnmntListEntry>
<AssgnmntListEntry Length="1" RootTermCovItemId="C17">
<MapEntry BoolAssgnmnt="1" Value="5"/>
</AssgnmntListEntry>
<AssgnmntListEntry Length="1" RootTermCovItemId="C2">
<MapEntry BoolAssgnmnt="1" Value="10"/>
</AssgnmntListEntry>
<AssgnmntListEntry Length="1" RootTermCovItemId="C3">
<MapEntry BoolAssgnmnt="0" Value="10"/>
<MapEntry BoolAssgnmnt="1" Value="20"/>
</AssgnmntListEntry>
<AssgnmntListEntry Length="1" RootTermCovItemId="C4">
<MapEntry BoolAssgnmnt="0" Value="20"/>
</AssgnmntListEntry>
<AssgnmntListEntry Length="1" RootTermCovItemId="C7">
<MapEntry BoolAssgnmnt="0" Value="10"/>
</AssgnmntListEntry>
<AssgnmntListEntry Length="1" RootTermCovItemId="C8">
<MapEntry BoolAssgnmnt="0" Value="10"/>
</AssgnmntListEntry>
</AssgnmntPrefix>
</AssgnmntList>
<ObjMetaDataList/>
<MetaDataList/>
</TestCase>
<TestCase Comment="" Date="1329200749477" Name="org.jfree.data.DefaultKeyedValuesTest:testSortByValues_oneNullValueAmidFive">
<CovList>
<CovPrefix CovItemPrefix="org.jfree.data.DefaultKeyedValues.java">
<Cov CovItemId="B1" Value="10"/>
<Cov CovItemId="B10" Value="10"/>
<Cov CovItemId="B12" Value="10"/>
<Cov CovItemId="B16" Value="1"/>
<Cov CovItemId="B18" Value="1"/>
<Cov CovItemId="B20" Value="1"/>
<Cov CovItemId="B22" Value="5"/>
<Cov CovItemId="B23" Value="1"/>
<Cov CovItemId="B24" Value="4"/>
<Cov CovItemId="B26" Value="1"/>
<Cov CovItemId="B28" Value="4"/>
<Cov CovItemId="B3" Value="10"/>
<Cov CovItemId="B6" Value="20"/>
<Cov CovItemId="L1-0" Value="2"/>
<Cov CovItemId="L1-1" Value="2"/>
<Cov CovItemId="L1-2" Value="6"/>
<Cov CovItemId="L3-2" Value="1"/>
<Cov CovItemId="S10" Value="10"/>
<Cov CovItemId="S11" Value="10"/>
<Cov CovItemId="S12" Value="10"/>
<Cov CovItemId="S13" Value="10"/>
<Cov CovItemId="S14" Value="10"/>
<Cov CovItemId="S15" Value="10"/>
<Cov CovItemId="S16" Value="10"/>
<Cov CovItemId="S17" Value="20"/>
<Cov CovItemId="S18" Value="20"/>
<Cov CovItemId="S2" Value="2"/>
<Cov CovItemId="S20" Value="20"/>
<Cov CovItemId="S21" Value="10"/>
<Cov CovItemId="S3" Value="2"/>
<Cov CovItemId="S32" Value="8"/>
<Cov CovItemId="S33" Value="10"/>
<Cov CovItemId="S35" Value="10"/>
<Cov CovItemId="S37" Value="10"/>
<Cov CovItemId="S38" Value="10"/>
<Cov CovItemId="S4" Value="10"/>
<Cov CovItemId="S41" Value="10"/>
<Cov CovItemId="S42" Value="10"/>
<Cov CovItemId="S49" Value="1"/>
<Cov CovItemId="S5" Value="10"/>
<Cov CovItemId="S50" Value="1"/>
<Cov CovItemId="S51" Value="1"/>
<Cov CovItemId="S53" Value="1"/>
<Cov CovItemId="S55" Value="1"/>
<Cov CovItemId="S56" Value="1"/>
<Cov CovItemId="S57" Value="1"/>
<Cov CovItemId="S59" Value="1"/>
<Cov CovItemId="S6" Value="10"/>
<Cov CovItemId="S60" Value="5"/>
<Cov CovItemId="S61" Value="5"/>
<Cov CovItemId="S62" Value="5"/>
<Cov CovItemId="S64" Value="5"/>
<Cov CovItemId="S65" Value="5"/>
<Cov CovItemId="S66" Value="5"/>
<Cov CovItemId="S67" Value="1"/>
<Cov CovItemId="S69" Value="4"/>
<Cov CovItemId="S7" Value="10"/>
<Cov CovItemId="S71" Value="1"/>
<Cov CovItemId="S8" Value="10"/>
<Cov CovItemId="S9" Value="10"/>
</CovPrefix>
</CovList>
<AssgnmntList>
<AssgnmntPrefix RootTermCovItemPrefix="org.jfree.data.DefaultKeyedValues.java">
<AssgnmntListEntry Length="1" RootTermCovItemId="C1">
<MapEntry BoolAssgnmnt="1" Value="10"/>
</AssgnmntListEntry>
<AssgnmntListEntry Length="1" RootTermCovItemId="C10">
<MapEntry BoolAssgnmnt="0" Value="1"/>
</AssgnmntListEntry>
<AssgnmntListEntry Length="1" RootTermCovItemId="C11">
<MapEntry BoolAssgnmnt="1" Value="1"/>
</AssgnmntListEntry>
<AssgnmntListEntry Length="1" RootTermCovItemId="C12">
<MapEntry BoolAssgnmnt="0" Value="1"/>
</AssgnmntListEntry>
<AssgnmntListEntry Length="1" RootTermCovItemId="C13">
<MapEntry BoolAssgnmnt="0" Value="1"/>
<MapEntry BoolAssgnmnt="1" Value="5"/>
</AssgnmntListEntry>
<AssgnmntListEntry Length="1" RootTermCovItemId="C14">
<MapEntry BoolAssgnmnt="1" Value="5"/>
</AssgnmntListEntry>
<AssgnmntListEntry Length="1" RootTermCovItemId="C15">
<MapEntry BoolAssgnmnt="0" Value="4"/>
<MapEntry BoolAssgnmnt="1" Value="1"/>
</AssgnmntListEntry>
<AssgnmntListEntry Length="1" RootTermCovItemId="C16">
<MapEntry BoolAssgnmnt="0" Value="1"/>
</AssgnmntListEntry>
<AssgnmntListEntry Length="1" RootTermCovItemId="C17">
<MapEntry BoolAssgnmnt="1" Value="4"/>
</AssgnmntListEntry>
<AssgnmntListEntry Length="1" RootTermCovItemId="C2">
<MapEntry BoolAssgnmnt="1" Value="10"/>
</AssgnmntListEntry>
<AssgnmntListEntry Length="1" RootTermCovItemId="C3">
<MapEntry BoolAssgnmnt="0" Value="10"/>
<MapEntry BoolAssgnmnt="1" Value="20"/>
</AssgnmntListEntry>
<AssgnmntListEntry Length="1" RootTermCovItemId="C4">
<MapEntry BoolAssgnmnt="0" Value="20"/>
</AssgnmntListEntry>
<AssgnmntListEntry Length="1" RootTermCovItemId="C7">
<MapEntry BoolAssgnmnt="0" Value="10"/>
</AssgnmntListEntry>
<AssgnmntListEntry Length="1" RootTermCovItemId="C8">
<MapEntry BoolAssgnmnt="0" Value="10"/>
</AssgnmntListEntry>
</AssgnmntPrefix>
</AssgnmntList>
<ObjMetaDataList/>
<MetaDataList/>
</TestCase>
<TestCase Comment="" Date="1329200749478" Name="org.jfree.data.DefaultKeyedValuesTest:testSortByValues_twoNullValuesAmidFiveAscending">
<CovList>
<CovPrefix CovItemPrefix="org.jfree.data.DefaultKeyedValues.java">
<Cov CovItemId="B1" Value="10"/>
<Cov CovItemId="B10" Value="10"/>
<Cov CovItemId="B12" Value="10"/>
<Cov CovItemId="B16" Value="1"/>
<Cov CovItemId="B18" Value="1"/>
<Cov CovItemId="B20" Value="1"/>
<Cov CovItemId="B22" Value="5"/>
<Cov CovItemId="B23" Value="2"/>
<Cov CovItemId="B24" Value="3"/>
<Cov CovItemId="B26" Value="2"/>
<Cov CovItemId="B28" Value="3"/>
<Cov CovItemId="B3" Value="10"/>
<Cov CovItemId="B6" Value="20"/>
<Cov CovItemId="L1-0" Value="2"/>
<Cov CovItemId="L1-1" Value="2"/>
<Cov CovItemId="L1-2" Value="6"/>
<Cov CovItemId="L3-2" Value="1"/>
<Cov CovItemId="S10" Value="10"/>
<Cov CovItemId="S11" Value="10"/>
<Cov CovItemId="S12" Value="10"/>
<Cov CovItemId="S13" Value="10"/>
<Cov CovItemId="S14" Value="10"/>
<Cov CovItemId="S15" Value="10"/>
<Cov CovItemId="S16" Value="10"/>
<Cov CovItemId="S17" Value="20"/>
<Cov CovItemId="S18" Value="20"/>
<Cov CovItemId="S2" Value="2"/>
<Cov CovItemId="S20" Value="20"/>
<Cov CovItemId="S21" Value="10"/>
<Cov CovItemId="S3" Value="2"/>
<Cov CovItemId="S32" Value="3"/>
<Cov CovItemId="S33" Value="6"/>
<Cov CovItemId="S34" Value="3"/>
<Cov CovItemId="S35" Value="10"/>
<Cov CovItemId="S37" Value="10"/>
<Cov CovItemId="S38" Value="10"/>
<Cov CovItemId="S4" Value="10"/>
<Cov CovItemId="S41" Value="10"/>
<Cov CovItemId="S42" Value="10"/>
<Cov CovItemId="S49" Value="1"/>
<Cov CovItemId="S5" Value="10"/>
<Cov CovItemId="S50" Value="1"/>
<Cov CovItemId="S51" Value="1"/>
<Cov CovItemId="S53" Value="1"/>
<Cov CovItemId="S55" Value="1"/>
<Cov CovItemId="S56" Value="1"/>
<Cov CovItemId="S57" Value="1"/>
<Cov CovItemId="S59" Value="1"/>
<Cov CovItemId="S6" Value="10"/>
<Cov CovItemId="S60" Value="5"/>
<Cov CovItemId="S61" Value="5"/>
<Cov CovItemId="S62" Value="5"/>
<Cov CovItemId="S64" Value="5"/>
<Cov CovItemId="S65" Value="5"/>
<Cov CovItemId="S66" Value="5"/>
<Cov CovItemId="S67" Value="2"/>
<Cov CovItemId="S69" Value="3"/>
<Cov CovItemId="S7" Value="10"/>
<Cov CovItemId="S71" Value="1"/>
<Cov CovItemId="S8" Value="10"/>
<Cov CovItemId="S9" Value="10"/>
</CovPrefix>
</CovList>
<AssgnmntList>
<AssgnmntPrefix RootTermCovItemPrefix="org.jfree.data.DefaultKeyedValues.java">
<AssgnmntListEntry Length="1" RootTermCovItemId="C1">
<MapEntry BoolAssgnmnt="1" Value="10"/>
</AssgnmntListEntry>
<AssgnmntListEntry Length="1" RootTermCovItemId="C10">
<MapEntry BoolAssgnmnt="0" Value="1"/>
</AssgnmntListEntry>
<AssgnmntListEntry Length="1" RootTermCovItemId="C11">
<MapEntry BoolAssgnmnt="1" Value="1"/>
</AssgnmntListEntry>
<AssgnmntListEntry Length="1" RootTermCovItemId="C12">
<MapEntry BoolAssgnmnt="0" Value="1"/>
</AssgnmntListEntry>
<AssgnmntListEntry Length="1" RootTermCovItemId="C13">
<MapEntry BoolAssgnmnt="0" Value="1"/>
<MapEntry BoolAssgnmnt="1" Value="5"/>
</AssgnmntListEntry>
<AssgnmntListEntry Length="1" RootTermCovItemId="C14">
<MapEntry BoolAssgnmnt="1" Value="5"/>
</AssgnmntListEntry>
<AssgnmntListEntry Length="1" RootTermCovItemId="C15">
<MapEntry BoolAssgnmnt="0" Value="3"/>
<MapEntry BoolAssgnmnt="1" Value="2"/>
</AssgnmntListEntry>
<AssgnmntListEntry Length="1" RootTermCovItemId="C16">
<MapEntry BoolAssgnmnt="0" Value="2"/>
</AssgnmntListEntry>
<AssgnmntListEntry Length="1" RootTermCovItemId="C17">
<MapEntry BoolAssgnmnt="1" Value="3"/>
</AssgnmntListEntry>
<AssgnmntListEntry Length="1" RootTermCovItemId="C2">
<MapEntry BoolAssgnmnt="1" Value="10"/>
</AssgnmntListEntry>
<AssgnmntListEntry Length="1" RootTermCovItemId="C3">
<MapEntry BoolAssgnmnt="0" Value="10"/>
<MapEntry BoolAssgnmnt="1" Value="20"/>
</AssgnmntListEntry>
<AssgnmntListEntry Length="1" RootTermCovItemId="C4">
<MapEntry BoolAssgnmnt="0" Value="20"/>
</AssgnmntListEntry>
<AssgnmntListEntry Length="1" RootTermCovItemId="C7">
<MapEntry BoolAssgnmnt="0" Value="10"/>
</AssgnmntListEntry>
<AssgnmntListEntry Length="1" RootTermCovItemId="C8">
<MapEntry BoolAssgnmnt="0" Value="10"/>
</AssgnmntListEntry>
</AssgnmntPrefix>
</AssgnmntList>
<ObjMetaDataList/>
<MetaDataList/>
</TestCase>
<TestCase Comment="" Date="1329200749480" Name="org.jfree.data.DefaultKeyedValuesTest:testSortByValues_twoNullValuesAmidFiveDescending">
<CovList>
<CovPrefix CovItemPrefix="org.jfree.data.DefaultKeyedValues.java">
<Cov CovItemId="B1" Value="10"/>
<Cov CovItemId="B10" Value="10"/>
<Cov CovItemId="B12" Value="10"/>
<Cov CovItemId="B16" Value="1"/>
<Cov CovItemId="B18" Value="1"/>
<Cov CovItemId="B20" Value="1"/>
<Cov CovItemId="B22" Value="5"/>
<Cov CovItemId="B23" Value="2"/>
<Cov CovItemId="B24" Value="3"/>
<Cov CovItemId="B26" Value="2"/>
<Cov CovItemId="B28" Value="3"/>
<Cov CovItemId="B3" Value="10"/>
<Cov CovItemId="B6" Value="20"/>
<Cov CovItemId="L1-0" Value="2"/>
<Cov CovItemId="L1-1" Value="2"/>
<Cov CovItemId="L1-2" Value="6"/>
<Cov CovItemId="L3-2" Value="1"/>
<Cov CovItemId="S10" Value="10"/>
<Cov CovItemId="S11" Value="10"/>
<Cov CovItemId="S12" Value="10"/>
<Cov CovItemId="S13" Value="10"/>
<Cov CovItemId="S14" Value="10"/>
<Cov CovItemId="S15" Value="10"/>
<Cov CovItemId="S16" Value="10"/>
<Cov CovItemId="S17" Value="20"/>
<Cov CovItemId="S18" Value="20"/>
<Cov CovItemId="S2" Value="2"/>
<Cov CovItemId="S20" Value="20"/>
<Cov CovItemId="S21" Value="10"/>
<Cov CovItemId="S3" Value="2"/>
<Cov CovItemId="S32" Value="3"/>
<Cov CovItemId="S33" Value="6"/>
<Cov CovItemId="S34" Value="3"/>
<Cov CovItemId="S35" Value="10"/>
<Cov CovItemId="S37" Value="10"/>
<Cov CovItemId="S38" Value="10"/>
<Cov CovItemId="S4" Value="10"/>
<Cov CovItemId="S41" Value="10"/>
<Cov CovItemId="S42" Value="10"/>
<Cov CovItemId="S49" Value="1"/>
<Cov CovItemId="S5" Value="10"/>
<Cov CovItemId="S50" Value="1"/>
<Cov CovItemId="S51" Value="1"/>
<Cov CovItemId="S53" Value="1"/>
<Cov CovItemId="S55" Value="1"/>
<Cov CovItemId="S56" Value="1"/>
<Cov CovItemId="S57" Value="1"/>
<Cov CovItemId="S59" Value="1"/>
<Cov CovItemId="S6" Value="10"/>
<Cov CovItemId="S60" Value="5"/>
<Cov CovItemId="S61" Value="5"/>
<Cov CovItemId="S62" Value="5"/>
<Cov CovItemId="S64" Value="5"/>
<Cov CovItemId="S65" Value="5"/>
<Cov CovItemId="S66" Value="5"/>
<Cov CovItemId="S67" Value="2"/>
<Cov CovItemId="S69" Value="3"/>
<Cov CovItemId="S7" Value="10"/>
<Cov CovItemId="S71" Value="1"/>
<Cov CovItemId="S8" Value="10"/>
<Cov CovItemId="S9" Value="10"/>
</CovPrefix>
</CovList>
<AssgnmntList>
<AssgnmntPrefix RootTermCovItemPrefix="org.jfree.data.DefaultKeyedValues.java">
<AssgnmntListEntry Length="1" RootTermCovItemId="C1">
<MapEntry BoolAssgnmnt="1" Value="10"/>
</AssgnmntListEntry>
<AssgnmntListEntry Length="1" RootTermCovItemId="C10">
<MapEntry BoolAssgnmnt="0" Value="1"/>
</AssgnmntListEntry>
<AssgnmntListEntry Length="1" RootTermCovItemId="C11">
<MapEntry BoolAssgnmnt="1" Value="1"/>
</AssgnmntListEntry>
<AssgnmntListEntry Length="1" RootTermCovItemId="C12">
<MapEntry BoolAssgnmnt="0" Value="1"/>
</AssgnmntListEntry>
<AssgnmntListEntry Length="1" RootTermCovItemId="C13">
<MapEntry BoolAssgnmnt="0" Value="1"/>
<MapEntry BoolAssgnmnt="1" Value="5"/>
</AssgnmntListEntry>
<AssgnmntListEntry Length="1" RootTermCovItemId="C14">
<MapEntry BoolAssgnmnt="1" Value="5"/>
</AssgnmntListEntry>
<AssgnmntListEntry Length="1" RootTermCovItemId="C15">
<MapEntry BoolAssgnmnt="0" Value="3"/>
<MapEntry BoolAssgnmnt="1" Value="2"/>
</AssgnmntListEntry>
<AssgnmntListEntry Length="1" RootTermCovItemId="C16">
<MapEntry BoolAssgnmnt="0" Value="2"/>
</AssgnmntListEntry>
<AssgnmntListEntry Length="1" RootTermCovItemId="C17">
<MapEntry BoolAssgnmnt="1" Value="3"/>
</AssgnmntListEntry>
<AssgnmntListEntry Length="1" RootTermCovItemId="C2">
<MapEntry BoolAssgnmnt="1" Value="10"/>
</AssgnmntListEntry>
<AssgnmntListEntry Length="1" RootTermCovItemId="C3">
<MapEntry BoolAssgnmnt="0" Value="10"/>
<MapEntry BoolAssgnmnt="1" Value="20"/>
</AssgnmntListEntry>
<AssgnmntListEntry Length="1" RootTermCovItemId="C4">
<MapEntry BoolAssgnmnt="0" Value="20"/>
</AssgnmntListEntry>
<AssgnmntListEntry Length="1" RootTermCovItemId="C7">
<MapEntry BoolAssgnmnt="0" Value="10"/>
</AssgnmntListEntry>
<AssgnmntListEntry Length="1" RootTermCovItemId="C8">
<MapEntry BoolAssgnmnt="0" Value="10"/>
</AssgnmntListEntry>
</AssgnmntPrefix>
</AssgnmntList>
<ObjMetaDataList/>
<MetaDataList/>
</TestCase>
<TestCase Comment="" Date="1329200749482" Name="org.jfree.data.DefaultKeyedValuesTest:testSortByValues_allNullValues">
<CovList>
<CovPrefix CovItemPrefix="org.jfree.data.DefaultKeyedValues.java">
<Cov CovItemId="B1" Value="10"/>
<Cov CovItemId="B10" Value="5"/>
<Cov CovItemId="B12" Value="5"/>
<Cov CovItemId="B16" Value="1"/>
<Cov CovItemId="B18" Value="1"/>
<Cov CovItemId="B20" Value="1"/>
<Cov CovItemId="B22" Value="5"/>
<Cov CovItemId="B23" Value="5"/>
<Cov CovItemId="B26" Value="5"/>
<Cov CovItemId="B3" Value="10"/>
<Cov CovItemId="B6" Value="10"/>
<Cov CovItemId="L1-0" Value="1"/>
<Cov CovItemId="L1-1" Value="1"/>
<Cov CovItemId="L1-2" Value="3"/>
<Cov CovItemId="L3-2" Value="1"/>
<Cov CovItemId="S10" Value="10"/>
<Cov CovItemId="S11" Value="10"/>
<Cov CovItemId="S12" Value="10"/>
<Cov CovItemId="S13" Value="10"/>
<Cov CovItemId="S14" Value="5"/>
<Cov CovItemId="S15" Value="5"/>
<Cov CovItemId="S16" Value="5"/>
<Cov CovItemId="S17" Value="10"/>
<Cov CovItemId="S18" Value="10"/>
<Cov CovItemId="S2" Value="1"/>
<Cov CovItemId="S20" Value="10"/>
<Cov CovItemId="S21" Value="5"/>
<Cov CovItemId="S3" Value="2"/>
<Cov CovItemId="S33" Value="5"/>
<Cov CovItemId="S35" Value="5"/>
<Cov CovItemId="S37" Value="5"/>
<Cov CovItemId="S38" Value="5"/>
<Cov CovItemId="S4" Value="10"/>
<Cov CovItemId="S41" Value="5"/>
<Cov CovItemId="S42" Value="5"/>
<Cov CovItemId="S49" Value="1"/>
<Cov CovItemId="S5" Value="10"/>
<Cov CovItemId="S50" Value="1"/>
<Cov CovItemId="S51" Value="1"/>
<Cov CovItemId="S53" Value="1"/>
<Cov CovItemId="S55" Value="1"/>
<Cov CovItemId="S56" Value="1"/>
<Cov CovItemId="S57" Value="1"/>
<Cov CovItemId="S59" Value="1"/>
<Cov CovItemId="S6" Value="10"/>
<Cov CovItemId="S60" Value="5"/>
<Cov CovItemId="S61" Value="5"/>
<Cov CovItemId="S62" Value="5"/>
<Cov CovItemId="S64" Value="5"/>
<Cov CovItemId="S65" Value="5"/>
<Cov CovItemId="S66" Value="5"/>
<Cov CovItemId="S67" Value="5"/>
<Cov CovItemId="S7" Value="10"/>
<Cov CovItemId="S71" Value="1"/>
<Cov CovItemId="S73" Value="1"/>
<Cov CovItemId="S74" Value="1"/>
<Cov CovItemId="S75" Value="1"/>
<Cov CovItemId="S8" Value="10"/>
<Cov CovItemId="S9" Value="10"/>
</CovPrefix>
</CovList>
<AssgnmntList>
<AssgnmntPrefix RootTermCovItemPrefix="org.jfree.data.DefaultKeyedValues.java">
<AssgnmntListEntry Length="1" RootTermCovItemId="C1">
<MapEntry BoolAssgnmnt="1" Value="10"/>
</AssgnmntListEntry>
<AssgnmntListEntry Length="1" RootTermCovItemId="C10">
<MapEntry BoolAssgnmnt="0" Value="1"/>
</AssgnmntListEntry>
<AssgnmntListEntry Length="1" RootTermCovItemId="C11">
<MapEntry BoolAssgnmnt="1" Value="1"/>
</AssgnmntListEntry>
<AssgnmntListEntry Length="1" RootTermCovItemId="C12">
<MapEntry BoolAssgnmnt="0" Value="1"/>
</AssgnmntListEntry>
<AssgnmntListEntry Length="1" RootTermCovItemId="C13">
<MapEntry BoolAssgnmnt="0" Value="1"/>
<MapEntry BoolAssgnmnt="1" Value="5"/>
</AssgnmntListEntry>
<AssgnmntListEntry Length="1" RootTermCovItemId="C14">
<MapEntry BoolAssgnmnt="1" Value="5"/>
</AssgnmntListEntry>
<AssgnmntListEntry Length="1" RootTermCovItemId="C15">
<MapEntry BoolAssgnmnt="1" Value="5"/>
</AssgnmntListEntry>
<AssgnmntListEntry Length="1" RootTermCovItemId="C16">
<MapEntry BoolAssgnmnt="0" Value="5"/>
</AssgnmntListEntry>
<AssgnmntListEntry Length="1" RootTermCovItemId="C2">
<MapEntry BoolAssgnmnt="1" Value="10"/>
</AssgnmntListEntry>
<AssgnmntListEntry Length="1" RootTermCovItemId="C3">
<MapEntry BoolAssgnmnt="0" Value="5"/>
<MapEntry BoolAssgnmnt="1" Value="10"/>
</AssgnmntListEntry>
<AssgnmntListEntry Length="1" RootTermCovItemId="C4">
<MapEntry BoolAssgnmnt="0" Value="10"/>
</AssgnmntListEntry>
<AssgnmntListEntry Length="1" RootTermCovItemId="C7">
<MapEntry BoolAssgnmnt="0" Value="5"/>
</AssgnmntListEntry>
<AssgnmntListEntry Length="1" RootTermCovItemId="C8">
<MapEntry BoolAssgnmnt="0" Value="5"/>
</AssgnmntListEntry>
</AssgnmntPrefix>
</AssgnmntList>
<ObjMetaDataList/>
<MetaDataList/>
</TestCase>
<TestCase Comment="" Date="1329200749484" Name="org.jfree.data.DefaultKeyedValuesTest:testEquals_twoEqualObjects">
<CovList>
<CovPrefix CovItemPrefix="org.jfree.data.DefaultKeyedValues.java">
<Cov CovItemId="B1" Value="10"/>
<Cov CovItemId="B10" Value="5"/>
<Cov CovItemId="B12" Value="5"/>
<Cov CovItemId="B16" Value="1"/>
<Cov CovItemId="B18" Value="1"/>
<Cov CovItemId="B20" Value="1"/>
<Cov CovItemId="B22" Value="5"/>
<Cov CovItemId="B24" Value="5"/>
<Cov CovItemId="B28" Value="5"/>
<Cov CovItemId="B3" Value="10"/>
<Cov CovItemId="B6" Value="10"/>
<Cov CovItemId="L1-0" Value="1"/>
<Cov CovItemId="L1-1" Value="1"/>
<Cov CovItemId="L1-2" Value="3"/>
<Cov CovItemId="L3-2" Value="1"/>
<Cov CovItemId="S10" Value="10"/>
<Cov CovItemId="S11" Value="10"/>
<Cov CovItemId="S12" Value="10"/>
<Cov CovItemId="S13" Value="10"/>
<Cov CovItemId="S14" Value="5"/>
<Cov CovItemId="S15" Value="5"/>
<Cov CovItemId="S16" Value="5"/>
<Cov CovItemId="S17" Value="10"/>
<Cov CovItemId="S18" Value="10"/>
<Cov CovItemId="S2" Value="1"/>
<Cov CovItemId="S20" Value="10"/>
<Cov CovItemId="S21" Value="5"/>
<Cov CovItemId="S3" Value="2"/>
<Cov CovItemId="S32" Value="5"/>
<Cov CovItemId="S33" Value="5"/>
<Cov CovItemId="S35" Value="5"/>
<Cov CovItemId="S37" Value="5"/>
<Cov CovItemId="S38" Value="5"/>
<Cov CovItemId="S4" Value="10"/>
<Cov CovItemId="S41" Value="5"/>
<Cov CovItemId="S42" Value="5"/>
<Cov CovItemId="S5" Value="10"/>
<Cov CovItemId="S51" Value="1"/>
<Cov CovItemId="S53" Value="1"/>
<Cov CovItemId="S55" Value="1"/>
<Cov CovItemId="S56" Value="1"/>
<Cov CovItemId="S57" Value="1"/>
<Cov CovItemId="S59" Value="1"/>
<Cov CovItemId="S6" Value="10"/>
<Cov CovItemId="S60" Value="5"/>
<Cov CovItemId="S61" Value="5"/>
<Cov CovItemId="S62" Value="5"/>
<Cov CovItemId="S64" Value="5"/>
<Cov CovItemId="S65" Value="5"/>
<Cov CovItemId="S66" Value="5"/>
<Cov CovItemId="S69" Value="5"/>
<Cov CovItemId="S7" Value="10"/>
<Cov CovItemId="S71" Value="1"/>
<Cov CovItemId="S73" Value="1"/>
<Cov CovItemId="S74" Value="1"/>
<Cov CovItemId="S75" Value="1"/>
<Cov CovItemId="S8" Value="10"/>
<Cov CovItemId="S9" Value="10"/>
</CovPrefix>
</CovList>
<AssgnmntList>
<AssgnmntPrefix RootTermCovItemPrefix="org.jfree.data.DefaultKeyedValues.java">
<AssgnmntListEntry Length="1" RootTermCovItemId="C1">
<MapEntry BoolAssgnmnt="1" Value="10"/>
</AssgnmntListEntry>
<AssgnmntListEntry Length="1" RootTermCovItemId="C10">
<MapEntry BoolAssgnmnt="0" Value="1"/>
</AssgnmntListEntry>
<AssgnmntListEntry Length="1" RootTermCovItemId="C11">
<MapEntry BoolAssgnmnt="1" Value="1"/>
</AssgnmntListEntry>
<AssgnmntListEntry Length="1" RootTermCovItemId="C12">
<MapEntry BoolAssgnmnt="0" Value="1"/>
</AssgnmntListEntry>
<AssgnmntListEntry Length="1" RootTermCovItemId="C13">
<MapEntry BoolAssgnmnt="0" Value="1"/>
<MapEntry BoolAssgnmnt="1" Value="5"/>
</AssgnmntListEntry>
<AssgnmntListEntry Length="1" RootTermCovItemId="C14">
<MapEntry BoolAssgnmnt="1" Value="5"/>
</AssgnmntListEntry>
<AssgnmntListEntry Length="1" RootTermCovItemId="C15">
<MapEntry BoolAssgnmnt="0" Value="5"/>
</AssgnmntListEntry>
<AssgnmntListEntry Length="1" RootTermCovItemId="C17">
<MapEntry BoolAssgnmnt="1" Value="5"/>
</AssgnmntListEntry>
<AssgnmntListEntry Length="1" RootTermCovItemId="C2">
<MapEntry BoolAssgnmnt="1" Value="10"/>
</AssgnmntListEntry>
<AssgnmntListEntry Length="1" RootTermCovItemId="C3">
<MapEntry BoolAssgnmnt="0" Value="5"/>
<MapEntry BoolAssgnmnt="1" Value="10"/>
</AssgnmntListEntry>
<AssgnmntListEntry Length="1" RootTermCovItemId="C4">
<MapEntry BoolAssgnmnt="0" Value="10"/>
</AssgnmntListEntry>
<AssgnmntListEntry Length="1" RootTermCovItemId="C7">
<MapEntry BoolAssgnmnt="0" Value="5"/>
</AssgnmntListEntry>
<AssgnmntListEntry Length="1" RootTermCovItemId="C8">
<MapEntry BoolAssgnmnt="0" Value="5"/>
</AssgnmntListEntry>
</AssgnmntPrefix>
</AssgnmntList>
<ObjMetaDataList/>
<MetaDataList/>
</TestCase>
<TestCase Comment="" Date="1329200749485" Name="org.jfree.data.DefaultKeyedValuesTest:testEquals_oneValueDifferent">
<CovList>
<CovPrefix CovItemPrefix="org.jfree.data.DefaultKeyedValues.java">
<Cov CovItemId="B1" Value="4"/>
<Cov CovItemId="B10" Value="6"/>
<Cov CovItemId="B11" Value="1"/>
<Cov CovItemId="B12" Value="5"/>
<Cov CovItemId="B16" Value="1"/>
<Cov CovItemId="B18" Value="1"/>
<Cov CovItemId="B20" Value="1"/>
<Cov CovItemId="B22" Value="2"/>
<Cov CovItemId="B24" Value="2"/>
<Cov CovItemId="B27" Value="1"/>
<Cov CovItemId="B28" Value="1"/>
<Cov CovItemId="B3" Value="4"/>
<Cov CovItemId="B5" Value="1"/>
<Cov CovItemId="B6" Value="11"/>
<Cov CovItemId="L1-0" Value="1"/>
<Cov CovItemId="L1-1" Value="1"/>
<Cov CovItemId="L1-2" Value="4"/>
<Cov CovItemId="L3-2" Value="1"/>
<Cov CovItemId="S10" Value="4"/>
<Cov CovItemId="S11" Value="4"/>
<Cov CovItemId="S12" Value="4"/>
<Cov CovItemId="S13" Value="4"/>
<Cov CovItemId="S14" Value="6"/>
<Cov CovItemId="S15" Value="6"/>
<Cov CovItemId="S16" Value="6"/>
<Cov CovItemId="S17" Value="12"/>
<Cov CovItemId="S18" Value="12"/>
<Cov CovItemId="S19" Value="1"/>
<Cov CovItemId="S2" Value="1"/>
<Cov CovItemId="S20" Value="11"/>
<Cov CovItemId="S21" Value="5"/>
<Cov CovItemId="S3" Value="2"/>
<Cov CovItemId="S32" Value="5"/>
<Cov CovItemId="S33" Value="5"/>
<Cov CovItemId="S34" Value="1"/>
<Cov CovItemId="S35" Value="6"/>
<Cov CovItemId="S37" Value="6"/>
<Cov CovItemId="S38" Value="6"/>
<Cov CovItemId="S39" Value="1"/>
<Cov CovItemId="S4" Value="4"/>
<Cov CovItemId="S40" Value="1"/>
<Cov CovItemId="S41" Value="5"/>
<Cov CovItemId="S42" Value="5"/>
<Cov CovItemId="S5" Value="4"/>
<Cov CovItemId="S51" Value="1"/>
<Cov CovItemId="S53" Value="1"/>
<Cov CovItemId="S55" Value="1"/>
<Cov CovItemId="S56" Value="1"/>
<Cov CovItemId="S57" Value="1"/>
<Cov CovItemId="S59" Value="1"/>
<Cov CovItemId="S6" Value="4"/>
<Cov CovItemId="S60" Value="2"/>
<Cov CovItemId="S61" Value="2"/>
<Cov CovItemId="S62" Value="2"/>
<Cov CovItemId="S64" Value="2"/>
<Cov CovItemId="S65" Value="2"/>
<Cov CovItemId="S66" Value="2"/>
<Cov CovItemId="S69" Value="2"/>
<Cov CovItemId="S7" Value="4"/>
<Cov CovItemId="S70" Value="1"/>
<Cov CovItemId="S73" Value="1"/>
<Cov CovItemId="S74" Value="1"/>
<Cov CovItemId="S75" Value="1"/>
<Cov CovItemId="S8" Value="4"/>
<Cov CovItemId="S9" Value="4"/>
</CovPrefix>
</CovList>
<AssgnmntList>
<AssgnmntPrefix RootTermCovItemPrefix="org.jfree.data.DefaultKeyedValues.java">
<AssgnmntListEntry Length="1" RootTermCovItemId="C1">
<MapEntry BoolAssgnmnt="1" Value="4"/>
</AssgnmntListEntry>
<AssgnmntListEntry Length="1" RootTermCovItemId="C10">
<MapEntry BoolAssgnmnt="0" Value="1"/>
</AssgnmntListEntry>
<AssgnmntListEntry Length="1" RootTermCovItemId="C11">
<MapEntry BoolAssgnmnt="1" Value="1"/>
</AssgnmntListEntry>
<AssgnmntListEntry Length="1" RootTermCovItemId="C12">
<MapEntry BoolAssgnmnt="0" Value="1"/>
</AssgnmntListEntry>
<AssgnmntListEntry Length="1" RootTermCovItemId="C13">
<MapEntry BoolAssgnmnt="1" Value="2"/>
</AssgnmntListEntry>
<AssgnmntListEntry Length="1" RootTermCovItemId="C14">
<MapEntry BoolAssgnmnt="1" Value="2"/>
</AssgnmntListEntry>
<AssgnmntListEntry Length="1" RootTermCovItemId="C15">
<MapEntry BoolAssgnmnt="0" Value="2"/>
</AssgnmntListEntry>
<AssgnmntListEntry Length="1" RootTermCovItemId="C17">
<MapEntry BoolAssgnmnt="0" Value="1"/>
<MapEntry BoolAssgnmnt="1" Value="1"/>
</AssgnmntListEntry>
<AssgnmntListEntry Length="1" RootTermCovItemId="C2">
<MapEntry BoolAssgnmnt="1" Value="4"/>
</AssgnmntListEntry>
<AssgnmntListEntry Length="1" RootTermCovItemId="C3">
<MapEntry BoolAssgnmnt="0" Value="5"/>
<MapEntry BoolAssgnmnt="1" Value="12"/>
</AssgnmntListEntry>
<AssgnmntListEntry Length="1" RootTermCovItemId="C4">
<MapEntry BoolAssgnmnt="0" Value="11"/>
<MapEntry BoolAssgnmnt="1" Value="1"/>
</AssgnmntListEntry>
<AssgnmntListEntry Length="1" RootTermCovItemId="C7">
<MapEntry BoolAssgnmnt="0" Value="6"/>
</AssgnmntListEntry>
<AssgnmntListEntry Length="1" RootTermCovItemId="C8">
<MapEntry BoolAssgnmnt="0" Value="5"/>
<MapEntry BoolAssgnmnt="1" Value="1"/>
</AssgnmntListEntry>
</AssgnmntPrefix>
</AssgnmntList>
<ObjMetaDataList/>
<MetaDataList/>
</TestCase>
<TestCase Comment="" Date="1329200749501" Name="org.jfree.data.DefaultKeyedValuesTest:testEquals_oneKeyDifferent">
<CovList>
<CovPrefix CovItemPrefix="org.jfree.data.DefaultKeyedValues.java">
<Cov CovItemId="B1" Value="10"/>
<Cov CovItemId="B10" Value="7"/>
<Cov CovItemId="B12" Value="7"/>
<Cov CovItemId="B16" Value="1"/>
<Cov CovItemId="B18" Value="1"/>
<Cov CovItemId="B20" Value="1"/>
<Cov CovItemId="B21" Value="1"/>
<Cov CovItemId="B22" Value="5"/>
<Cov CovItemId="B24" Value="5"/>
<Cov CovItemId="B28" Value="5"/>
<Cov CovItemId="B3" Value="12"/>
<Cov CovItemId="B6" Value="20"/>
<Cov CovItemId="L1-0" Value="1"/>
<Cov CovItemId="L1-1" Value="1"/>
<Cov CovItemId="L1-2" Value="5"/>
<Cov CovItemId="L3-2" Value="1"/>
<Cov CovItemId="S10" Value="12"/>
<Cov CovItemId="S11" Value="12"/>
<Cov CovItemId="S12" Value="12"/>
<Cov CovItemId="S13" Value="12"/>
<Cov CovItemId="S14" Value="7"/>
<Cov CovItemId="S15" Value="7"/>
<Cov CovItemId="S16" Value="7"/>
<Cov CovItemId="S17" Value="20"/>
<Cov CovItemId="S18" Value="20"/>
<Cov CovItemId="S2" Value="1"/>
<Cov CovItemId="S20" Value="20"/>
<Cov CovItemId="S21" Value="7"/>
<Cov CovItemId="S3" Value="2"/>
<Cov CovItemId="S32" Value="7"/>
<Cov CovItemId="S33" Value="7"/>
<Cov CovItemId="S35" Value="7"/>
<Cov CovItemId="S37" Value="7"/>
<Cov CovItemId="S38" Value="7"/>
<Cov CovItemId="S4" Value="10"/>
<Cov CovItemId="S41" Value="7"/>
<Cov CovItemId="S42" Value="7"/>
<Cov CovItemId="S5" Value="10"/>
<Cov CovItemId="S51" Value="1"/>
<Cov CovItemId="S53" Value="1"/>
<Cov CovItemId="S55" Value="1"/>
<Cov CovItemId="S56" Value="1"/>
<Cov CovItemId="S57" Value="1"/>
<Cov CovItemId="S59" Value="1"/>
<Cov CovItemId="S6" Value="10"/>
<Cov CovItemId="S60" Value="6"/>
<Cov CovItemId="S61" Value="6"/>
<Cov CovItemId="S62" Value="6"/>
<Cov CovItemId="S63" Value="1"/>
<Cov CovItemId="S64" Value="5"/>
<Cov CovItemId="S65" Value="5"/>
<Cov CovItemId="S66" Value="5"/>
<Cov CovItemId="S69" Value="5"/>
<Cov CovItemId="S7" Value="10"/>
<Cov CovItemId="S73" Value="1"/>
<Cov CovItemId="S74" Value="1"/>
<Cov CovItemId="S75" Value="1"/>
<Cov CovItemId="S8" Value="10"/>
<Cov CovItemId="S9" Value="12"/>
</CovPrefix>
</CovList>
<AssgnmntList>
<AssgnmntPrefix RootTermCovItemPrefix="org.jfree.data.DefaultKeyedValues.java">
<AssgnmntListEntry Length="1" RootTermCovItemId="C1">
<MapEntry BoolAssgnmnt="1" Value="10"/>
</AssgnmntListEntry>
<AssgnmntListEntry Length="1" RootTermCovItemId="C10">
<MapEntry BoolAssgnmnt="0" Value="1"/>
</AssgnmntListEntry>
<AssgnmntListEntry Length="1" RootTermCovItemId="C11">
<MapEntry BoolAssgnmnt="1" Value="1"/>
</AssgnmntListEntry>
<AssgnmntListEntry Length="1" RootTermCovItemId="C12">
<MapEntry BoolAssgnmnt="0" Value="1"/>
</AssgnmntListEntry>
<AssgnmntListEntry Length="1" RootTermCovItemId="C13">
<MapEntry BoolAssgnmnt="1" Value="6"/>
</AssgnmntListEntry>
<AssgnmntListEntry Length="1" RootTermCovItemId="C14">
<MapEntry BoolAssgnmnt="0" Value="1"/>
<MapEntry BoolAssgnmnt="1" Value="5"/>
</AssgnmntListEntry>
<AssgnmntListEntry Length="1" RootTermCovItemId="C15">
<MapEntry BoolAssgnmnt="0" Value="5"/>
</AssgnmntListEntry>
<AssgnmntListEntry Length="1" RootTermCovItemId="C17">
<MapEntry BoolAssgnmnt="1" Value="5"/>
</AssgnmntListEntry>
<AssgnmntListEntry Length="1" RootTermCovItemId="C2">
<MapEntry BoolAssgnmnt="1" Value="12"/>
</AssgnmntListEntry>
<AssgnmntListEntry Length="1" RootTermCovItemId="C3">
<MapEntry BoolAssgnmnt="0" Value="7"/>
<MapEntry BoolAssgnmnt="1" Value="20"/>
</AssgnmntListEntry>
<AssgnmntListEntry Length="1" RootTermCovItemId="C4">
<MapEntry BoolAssgnmnt="0" Value="20"/>
</AssgnmntListEntry>
<AssgnmntListEntry Length="1" RootTermCovItemId="C7">
<MapEntry BoolAssgnmnt="0" Value="7"/>
</AssgnmntListEntry>
<AssgnmntListEntry Length="1" RootTermCovItemId="C8">
<MapEntry BoolAssgnmnt="0" Value="7"/>
</AssgnmntListEntry>
</AssgnmntPrefix>
</AssgnmntList>
<ObjMetaDataList/>
<MetaDataList/>
</TestCase>
<TestCase Comment="" Date="1329200749519" Name="org.jfree.data.DefaultKeyedValuesTest:testEquals_noSimilarValues">
<CovList>
<CovPrefix CovItemPrefix="org.jfree.data.DefaultKeyedValues.java">
<Cov CovItemId="B10" Value="10"/>
<Cov CovItemId="B11" Value="5"/>
<Cov CovItemId="B12" Value="5"/>
<Cov CovItemId="B16" Value="1"/>
<Cov CovItemId="B18" Value="1"/>
<Cov CovItemId="B19" Value="1"/>
<Cov CovItemId="B5" Value="5"/>
<Cov CovItemId="B6" Value="20"/>
<Cov CovItemId="L1-0" Value="1"/>
<Cov CovItemId="L1-1" Value="2"/>
<Cov CovItemId="L1-2" Value="7"/>
<Cov CovItemId="S14" Value="10"/>
<Cov CovItemId="S15" Value="10"/>
<Cov CovItemId="S16" Value="10"/>
<Cov CovItemId="S17" Value="25"/>
<Cov CovItemId="S18" Value="25"/>
<Cov CovItemId="S19" Value="5"/>
<Cov CovItemId="S2" Value="2"/>
<Cov CovItemId="S20" Value="20"/>
<Cov CovItemId="S21" Value="5"/>
<Cov CovItemId="S3" Value="2"/>
<Cov CovItemId="S32" Value="10"/>
<Cov CovItemId="S33" Value="10"/>
<Cov CovItemId="S35" Value="10"/>
<Cov CovItemId="S37" Value="10"/>
<Cov CovItemId="S38" Value="10"/>
<Cov CovItemId="S39" Value="5"/>
<Cov CovItemId="S40" Value="5"/>
<Cov CovItemId="S41" Value="5"/>
<Cov CovItemId="S42" Value="5"/>
<Cov CovItemId="S51" Value="1"/>
<Cov CovItemId="S53" Value="1"/>
<Cov CovItemId="S55" Value="1"/>
<Cov CovItemId="S56" Value="1"/>
<Cov CovItemId="S57" Value="1"/>
<Cov CovItemId="S58" Value="1"/>
</CovPrefix>
</CovList>
<AssgnmntList>
<AssgnmntPrefix RootTermCovItemPrefix="org.jfree.data.DefaultKeyedValues.java">
<AssgnmntListEntry Length="1" RootTermCovItemId="C10">
<MapEntry BoolAssgnmnt="0" Value="1"/>
</AssgnmntListEntry>
<AssgnmntListEntry Length="1" RootTermCovItemId="C11">
<MapEntry BoolAssgnmnt="1" Value="1"/>
</AssgnmntListEntry>
<AssgnmntListEntry Length="1" RootTermCovItemId="C12">
<MapEntry BoolAssgnmnt="1" Value="1"/>
</AssgnmntListEntry>
<AssgnmntListEntry Length="1" RootTermCovItemId="C3">
<MapEntry BoolAssgnmnt="0" Value="5"/>
<MapEntry BoolAssgnmnt="1" Value="25"/>
</AssgnmntListEntry>
<AssgnmntListEntry Length="1" RootTermCovItemId="C4">
<MapEntry BoolAssgnmnt="0" Value="20"/>
<MapEntry BoolAssgnmnt="1" Value="5"/>
</AssgnmntListEntry>
<AssgnmntListEntry Length="1" RootTermCovItemId="C7">
<MapEntry BoolAssgnmnt="0" Value="10"/>
</AssgnmntListEntry>
<AssgnmntListEntry Length="1" RootTermCovItemId="C8">
<MapEntry BoolAssgnmnt="0" Value="5"/>
<MapEntry BoolAssgnmnt="1" Value="5"/>
</AssgnmntListEntry>
</AssgnmntPrefix>
</AssgnmntList>
<ObjMetaDataList/>
<MetaDataList/>
</TestCase>
<TestCase Comment="" Date="1329200749521" Name="org.jfree.data.DefaultKeyedValuesTest:testEquals_noSimilarKeys">
<CovList>
<CovPrefix CovItemPrefix="org.jfree.data.DefaultKeyedValues.java">
<Cov CovItemId="B10" Value="10"/>
<Cov CovItemId="B11" Value="4"/>
<Cov CovItemId="B12" Value="6"/>
<Cov CovItemId="B16" Value="1"/>
<Cov CovItemId="B18" Value="1"/>
<Cov CovItemId="B19" Value="1"/>
<Cov CovItemId="B5" Value="4"/>
<Cov CovItemId="B6" Value="25"/>
<Cov CovItemId="L1-0" Value="1"/>
<Cov CovItemId="L1-1" Value="1"/>
<Cov CovItemId="L1-2" Value="8"/>
<Cov CovItemId="S14" Value="10"/>
<Cov CovItemId="S15" Value="10"/>
<Cov CovItemId="S16" Value="10"/>
<Cov CovItemId="S17" Value="29"/>
<Cov CovItemId="S18" Value="29"/>
<Cov CovItemId="S19" Value="4"/>
<Cov CovItemId="S2" Value="2"/>
<Cov CovItemId="S20" Value="25"/>
<Cov CovItemId="S21" Value="6"/>
<Cov CovItemId="S3" Value="2"/>
<Cov CovItemId="S32" Value="10"/>
<Cov CovItemId="S33" Value="10"/>
<Cov CovItemId="S35" Value="10"/>
<Cov CovItemId="S37" Value="10"/>
<Cov CovItemId="S38" Value="10"/>
<Cov CovItemId="S39" Value="4"/>
<Cov CovItemId="S40" Value="4"/>
<Cov CovItemId="S41" Value="6"/>
<Cov CovItemId="S42" Value="6"/>
<Cov CovItemId="S51" Value="1"/>
<Cov CovItemId="S53" Value="1"/>
<Cov CovItemId="S55" Value="1"/>
<Cov CovItemId="S56" Value="1"/>
<Cov CovItemId="S57" Value="1"/>
<Cov CovItemId="S58" Value="1"/>
</CovPrefix>
</CovList>
<AssgnmntList>
<AssgnmntPrefix RootTermCovItemPrefix="org.jfree.data.DefaultKeyedValues.java">
<AssgnmntListEntry Length="1" RootTermCovItemId="C10">
<MapEntry BoolAssgnmnt="0" Value="1"/>
</AssgnmntListEntry>
<AssgnmntListEntry Length="1" RootTermCovItemId="C11">
<MapEntry BoolAssgnmnt="1" Value="1"/>
</AssgnmntListEntry>
<AssgnmntListEntry Length="1" RootTermCovItemId="C12">
<MapEntry BoolAssgnmnt="1" Value="1"/>
</AssgnmntListEntry>
<AssgnmntListEntry Length="1" RootTermCovItemId="C3">
<MapEntry BoolAssgnmnt="0" Value="6"/>
<MapEntry BoolAssgnmnt="1" Value="29"/>
</AssgnmntListEntry>
<AssgnmntListEntry Length="1" RootTermCovItemId="C4">
<MapEntry BoolAssgnmnt="0" Value="25"/>
<MapEntry BoolAssgnmnt="1" Value="4"/>
</AssgnmntListEntry>
<AssgnmntListEntry Length="1" RootTermCovItemId="C7">
<MapEntry BoolAssgnmnt="0" Value="10"/>
</AssgnmntListEntry>
<AssgnmntListEntry Length="1" RootTermCovItemId="C8">
<MapEntry BoolAssgnmnt="0" Value="6"/>
<MapEntry BoolAssgnmnt="1" Value="4"/>
</AssgnmntListEntry>
</AssgnmntPrefix>
</AssgnmntList>
<ObjMetaDataList/>
<MetaDataList/>
</TestCase>
<TestCase Comment="" Date="1329200749522" Name="org.jfree.data.DefaultKeyedValuesTest:testEquals_noSimilarities">
<CovList>
<CovPrefix CovItemPrefix="org.jfree.data.DefaultKeyedValues.java">
<Cov CovItemId="B10" Value="10"/>
<Cov CovItemId="B11" Value="4"/>
<Cov CovItemId="B12" Value="6"/>
<Cov CovItemId="B16" Value="1"/>
<Cov CovItemId="B18" Value="1"/>
<Cov CovItemId="B19" Value="1"/>
<Cov CovItemId="B5" Value="4"/>
<Cov CovItemId="B6" Value="25"/>
<Cov CovItemId="L1-0" Value="1"/>
<Cov CovItemId="L1-1" Value="1"/>
<Cov CovItemId="L1-2" Value="8"/>
<Cov CovItemId="S14" Value="10"/>
<Cov CovItemId="S15" Value="10"/>
<Cov CovItemId="S16" Value="10"/>
<Cov CovItemId="S17" Value="29"/>
<Cov CovItemId="S18" Value="29"/>
<Cov CovItemId="S19" Value="4"/>
<Cov CovItemId="S2" Value="2"/>
<Cov CovItemId="S20" Value="25"/>
<Cov CovItemId="S21" Value="6"/>
<Cov CovItemId="S3" Value="2"/>
<Cov CovItemId="S32" Value="10"/>
<Cov CovItemId="S33" Value="10"/>
<Cov CovItemId="S35" Value="10"/>
<Cov CovItemId="S37" Value="10"/>
<Cov CovItemId="S38" Value="10"/>
<Cov CovItemId="S39" Value="4"/>
<Cov CovItemId="S40" Value="4"/>
<Cov CovItemId="S41" Value="6"/>
<Cov CovItemId="S42" Value="6"/>
<Cov CovItemId="S51" Value="1"/>
<Cov CovItemId="S53" Value="1"/>
<Cov CovItemId="S55" Value="1"/>
<Cov CovItemId="S56" Value="1"/>
<Cov CovItemId="S57" Value="1"/>
<Cov CovItemId="S58" Value="1"/>
</CovPrefix>
</CovList>
<AssgnmntList>
<AssgnmntPrefix RootTermCovItemPrefix="org.jfree.data.DefaultKeyedValues.java">
<AssgnmntListEntry Length="1" RootTermCovItemId="C10">
<MapEntry BoolAssgnmnt="0" Value="1"/>
</AssgnmntListEntry>
<AssgnmntListEntry Length="1" RootTermCovItemId="C11">
<MapEntry BoolAssgnmnt="1" Value="1"/>
</AssgnmntListEntry>
<AssgnmntListEntry Length="1" RootTermCovItemId="C12">
<MapEntry BoolAssgnmnt="1" Value="1"/>
</AssgnmntListEntry>
<AssgnmntListEntry Length="1" RootTermCovItemId="C3">
<MapEntry BoolAssgnmnt="0" Value="6"/>
<MapEntry BoolAssgnmnt="1" Value="29"/>
</AssgnmntListEntry>
<AssgnmntListEntry Length="1" RootTermCovItemId="C4">
<MapEntry BoolAssgnmnt="0" Value="25"/>
<MapEntry BoolAssgnmnt="1" Value="4"/>
</AssgnmntListEntry>
<AssgnmntListEntry Length="1" RootTermCovItemId="C7">
<MapEntry BoolAssgnmnt="0" Value="10"/>
</AssgnmntListEntry>
<AssgnmntListEntry Length="1" RootTermCovItemId="C8">
<MapEntry BoolAssgnmnt="0" Value="6"/>
<MapEntry BoolAssgnmnt="1" Value="4"/>
</AssgnmntListEntry>
</AssgnmntPrefix>
</AssgnmntList>
<ObjMetaDataList/>
<MetaDataList/>
</TestCase>
<TestCase Comment="" Date="1329200749532" Name="org.jfree.data.DefaultKeyedValuesTest:testClone_noValues">
<CovList>
<CovPrefix CovItemPrefix="org.jfree.data.DefaultKeyedValues.java">
<Cov CovItemId="B16" Value="1"/>
<Cov CovItemId="B18" Value="1"/>
<Cov CovItemId="B20" Value="1"/>
<Cov CovItemId="L3-0" Value="1"/>
<Cov CovItemId="S2" Value="1"/>
<Cov CovItemId="S3" Value="2"/>
<Cov CovItemId="S51" Value="1"/>
<Cov CovItemId="S53" Value="1"/>
<Cov CovItemId="S55" Value="1"/>
<Cov CovItemId="S56" Value="1"/>
<Cov CovItemId="S57" Value="1"/>
<Cov CovItemId="S59" Value="1"/>
<Cov CovItemId="S71" Value="1"/>
<Cov CovItemId="S73" Value="1"/>
<Cov CovItemId="S74" Value="1"/>
<Cov CovItemId="S75" Value="1"/>
</CovPrefix>
</CovList>
<AssgnmntList>
<AssgnmntPrefix RootTermCovItemPrefix="org.jfree.data.DefaultKeyedValues.java">
<AssgnmntListEntry Length="1" RootTermCovItemId="C10">
<MapEntry BoolAssgnmnt="0" Value="1"/>
</AssgnmntListEntry>
<AssgnmntListEntry Length="1" RootTermCovItemId="C11">
<MapEntry BoolAssgnmnt="1" Value="1"/>
</AssgnmntListEntry>
<AssgnmntListEntry Length="1" RootTermCovItemId="C12">
<MapEntry BoolAssgnmnt="0" Value="1"/>
</AssgnmntListEntry>
<AssgnmntListEntry Length="1" RootTermCovItemId="C13">
<MapEntry BoolAssgnmnt="0" Value="1"/>
</AssgnmntListEntry>
</AssgnmntPrefix>
</AssgnmntList>
<ObjMetaDataList/>
<MetaDataList/>
</TestCase>
<TestCase Comment="" Date="1329200749545" Name="org.jfree.data.DefaultKeyedValuesTest:testClone_fiveValues">
<CovList>
<CovPrefix CovItemPrefix="org.jfree.data.DefaultKeyedValues.java">
<Cov CovItemId="B1" Value="10"/>
<Cov CovItemId="B10" Value="5"/>
<Cov CovItemId="B12" Value="5"/>
<Cov CovItemId="B16" Value="1"/>
<Cov CovItemId="B18" Value="1"/>
<Cov CovItemId="B20" Value="1"/>
<Cov CovItemId="B22" Value="5"/>
<Cov CovItemId="B24" Value="5"/>
<Cov CovItemId="B28" Value="5"/>
<Cov CovItemId="B3" Value="10"/>
<Cov CovItemId="B6" Value="10"/>
<Cov CovItemId="L1-0" Value="1"/>
<Cov CovItemId="L1-1" Value="1"/>
<Cov CovItemId="L1-2" Value="3"/>
<Cov CovItemId="L3-2" Value="1"/>
<Cov CovItemId="S10" Value="10"/>
<Cov CovItemId="S11" Value="10"/>
<Cov CovItemId="S12" Value="10"/>
<Cov CovItemId="S13" Value="10"/>
<Cov CovItemId="S14" Value="5"/>
<Cov CovItemId="S15" Value="5"/>
<Cov CovItemId="S16" Value="5"/>
<Cov CovItemId="S17" Value="10"/>
<Cov CovItemId="S18" Value="10"/>
<Cov CovItemId="S2" Value="1"/>
<Cov CovItemId="S20" Value="10"/>
<Cov CovItemId="S21" Value="5"/>
<Cov CovItemId="S3" Value="2"/>
<Cov CovItemId="S32" Value="5"/>
<Cov CovItemId="S33" Value="5"/>
<Cov CovItemId="S35" Value="5"/>
<Cov CovItemId="S37" Value="5"/>
<Cov CovItemId="S38" Value="5"/>
<Cov CovItemId="S4" Value="10"/>
<Cov CovItemId="S41" Value="5"/>
<Cov CovItemId="S42" Value="5"/>
<Cov CovItemId="S5" Value="10"/>
<Cov CovItemId="S51" Value="1"/>
<Cov CovItemId="S53" Value="1"/>
<Cov CovItemId="S55" Value="1"/>
<Cov CovItemId="S56" Value="1"/>
<Cov CovItemId="S57" Value="1"/>
<Cov CovItemId="S59" Value="1"/>
<Cov CovItemId="S6" Value="10"/>
<Cov CovItemId="S60" Value="5"/>
<Cov CovItemId="S61" Value="5"/>
<Cov CovItemId="S62" Value="5"/>
<Cov CovItemId="S64" Value="5"/>
<Cov CovItemId="S65" Value="5"/>
<Cov CovItemId="S66" Value="5"/>
<Cov CovItemId="S69" Value="5"/>
<Cov CovItemId="S7" Value="10"/>
<Cov CovItemId="S71" Value="1"/>
<Cov CovItemId="S73" Value="1"/>
<Cov CovItemId="S74" Value="1"/>
<Cov CovItemId="S75" Value="1"/>
<Cov CovItemId="S8" Value="10"/>
<Cov CovItemId="S9" Value="10"/>
</CovPrefix>
</CovList>
<AssgnmntList>
<AssgnmntPrefix RootTermCovItemPrefix="org.jfree.data.DefaultKeyedValues.java">
<AssgnmntListEntry Length="1" RootTermCovItemId="C1">
<MapEntry BoolAssgnmnt="1" Value="10"/>
</AssgnmntListEntry>
<AssgnmntListEntry Length="1" RootTermCovItemId="C10">
<MapEntry BoolAssgnmnt="0" Value="1"/>
</AssgnmntListEntry>
<AssgnmntListEntry Length="1" RootTermCovItemId="C11">
<MapEntry BoolAssgnmnt="1" Value="1"/>
</AssgnmntListEntry>
<AssgnmntListEntry Length="1" RootTermCovItemId="C12">
<MapEntry BoolAssgnmnt="0" Value="1"/>
</AssgnmntListEntry>
<AssgnmntListEntry Length="1" RootTermCovItemId="C13">
<MapEntry BoolAssgnmnt="0" Value="1"/>
<MapEntry BoolAssgnmnt="1" Value="5"/>
</AssgnmntListEntry>
<AssgnmntListEntry Length="1" RootTermCovItemId="C14">
<MapEntry BoolAssgnmnt="1" Value="5"/>
</AssgnmntListEntry>
<AssgnmntListEntry Length="1" RootTermCovItemId="C15">
<MapEntry BoolAssgnmnt="0" Value="5"/>
</AssgnmntListEntry>
<AssgnmntListEntry Length="1" RootTermCovItemId="C17">
<MapEntry BoolAssgnmnt="1" Value="5"/>
</AssgnmntListEntry>
<AssgnmntListEntry Length="1" RootTermCovItemId="C2">
<MapEntry BoolAssgnmnt="1" Value="10"/>
</AssgnmntListEntry>
<AssgnmntListEntry Length="1" RootTermCovItemId="C3">
<MapEntry BoolAssgnmnt="0" Value="5"/>
<MapEntry BoolAssgnmnt="1" Value="10"/>
</AssgnmntListEntry>
<AssgnmntListEntry Length="1" RootTermCovItemId="C4">
<MapEntry BoolAssgnmnt="0" Value="10"/>
</AssgnmntListEntry>
<AssgnmntListEntry Length="1" RootTermCovItemId="C7">
<MapEntry BoolAssgnmnt="0" Value="5"/>
</AssgnmntListEntry>
<AssgnmntListEntry Length="1" RootTermCovItemId="C8">
<MapEntry BoolAssgnmnt="0" Value="5"/>
</AssgnmntListEntry>
</AssgnmntPrefix>
</AssgnmntList>
<ObjMetaDataList/>
<MetaDataList/>
</TestCase>
<TestCase Comment="Failure&#10;java.lang.AssertionError: expected:&lt;1.0&gt; but was:&lt;0.9&gt;&#10;&#9;at org.junit.Assert.fail(Assert.java:93)&#10;&#9;at org.junit.Assert.failNotEquals(Assert.java:647)&#10;&#9;at org.junit.Assert.assertEquals(Assert.java:128)&#10;&#9;at org.junit.Assert.assertEquals(Assert.java:147)&#10;&#9;at org.jfree.data.GetCumulativePercentages.dataHasOneRow(GetCumulativePercentages.java:28)&#10;&#9;at sun.reflect.NativeMethodAccessorImpl.invoke0(Native Method)&#10;&#9;at sun.reflect.NativeMethodAccessorImpl.invoke(NativeMethodAccessorImpl.java:39)&#10;&#9;at sun.reflect.DelegatingMethodAccessorImpl.invoke(DelegatingMethodAccessorImpl.java:25)&#10;&#9;at java.lang.reflect.Method.invoke(Method.java:597)&#10;&#9;at org.junit.runners.model.FrameworkMethod$1.runReflectiveCall(FrameworkMethod.java:45)&#10;&#9;at org.junit.internal.runners.model.ReflectiveCallable.run(ReflectiveCallable.java:15)&#10;&#9;at org.junit.runners.model.FrameworkMethod.invokeExplosively(FrameworkMethod.java:42)&#10;&#9;at org.junit.internal.runners.statements.InvokeMethod.evaluate(InvokeMethod.java:20)&#10;&#9;at org.junit.runners.ParentRunner.runLeaf(ParentRunner.java:263)&#10;&#9;at org.junit.runners.BlockJUnit4ClassRunner.runChild(BlockJUnit4ClassRunner.java:68)&#10;&#9;at org.junit.runners.BlockJUnit4ClassRunner.runChild(BlockJUnit4ClassRunner.java:47)&#10;&#9;at org.junit.runners.ParentRunner$3.run(ParentRunner.java:231)&#10;&#9;at org.junit.runners.ParentRunner$1.schedule(ParentRunner.java:60)&#10;&#9;at org.junit.runners.ParentRunner.runChildren(ParentRunner.java:229)&#10;&#9;at org.junit.runners.ParentRunner.access$000(ParentRunner.java:50)&#10;&#9;at org.junit.runners.ParentRunner$2.evaluate(ParentRunner.java:222)&#10;&#9;at org.junit.runners.ParentRunner.run(ParentRunner.java:300)&#10;&#9;at org.eclipse.jdt.internal.junit4.runner.JUnit4TestReference.run(JUnit4TestReference.java:49)&#10;&#9;at org.eclipse.jdt.internal.junit.runner.TestExecution.run(TestExecution.java:38)&#10;&#9;at org.eclipse.jdt.internal.junit.runner.RemoteTestRunner.runTests(RemoteTestRunner.java:467)&#10;&#9;at org.eclipse.jdt.internal.junit.runner.RemoteTestRunner.runTests(RemoteTestRunner.java:683)&#10;&#9;at org.eclipse.jdt.internal.junit.runner.RemoteTestRunner.run(RemoteTestRunner.java:390)&#10;&#9;at org.codecover.juniteclipse.runner.EclipseTestRunner.main(EclipseTestRunner.java:40)" Date="1329200749561" Name="org.jfree.data.GetCumulativePercentages:dataHasOneRow">
<CovList>
<CovPrefix CovItemPrefix="org.jfree.data.DataUtilities.java">
<Cov CovItemId="B10" Value="1"/>
<Cov CovItemId="B11" Value="1"/>
<Cov CovItemId="B13" Value="1"/>
<Cov CovItemId="L5-1" Value="1"/>
<Cov CovItemId="L6-1" Value="1"/>
<Cov CovItemId="S28" Value="1"/>
<Cov CovItemId="S30" Value="1"/>
<Cov CovItemId="S31" Value="1"/>
<Cov CovItemId="S32" Value="1"/>
<Cov CovItemId="S33" Value="1"/>
<Cov CovItemId="S34" Value="1"/>
<Cov CovItemId="S35" Value="1"/>
<Cov CovItemId="S36" Value="1"/>
<Cov CovItemId="S37" Value="1"/>
<Cov CovItemId="S38" Value="1"/>
<Cov CovItemId="S39" Value="1"/>
<Cov CovItemId="S40" Value="1"/>
<Cov CovItemId="S41" Value="1"/>
<Cov CovItemId="S42" Value="1"/>
</CovPrefix>
<CovPrefix CovItemPrefix="org.jfree.data.DefaultKeyedValues.java">
<Cov CovItemId="B1" Value="1"/>
<Cov CovItemId="B10" Value="1"/>
<Cov CovItemId="B12" Value="1"/>
<Cov CovItemId="L1-0" Value="1"/>
<Cov CovItemId="S14" Value="1"/>
<Cov CovItemId="S15" Value="1"/>
<Cov CovItemId="S16" Value="1"/>
<Cov CovItemId="S2" Value="1"/>
<Cov CovItemId="S21" Value="1"/>
<Cov CovItemId="S33" Value="1"/>
<Cov CovItemId="S35" Value="1"/>
<Cov CovItemId="S37" Value="1"/>
<Cov CovItemId="S38" Value="1"/>
<Cov CovItemId="S4" Value="1"/>
<Cov CovItemId="S41" Value="1"/>
<Cov CovItemId="S42" Value="1"/>
<Cov CovItemId="S5" Value="1"/>
<Cov CovItemId="S6" Value="1"/>
<Cov CovItemId="S7" Value="1"/>
<Cov CovItemId="S8" Value="1"/>
</CovPrefix>
</CovList>
<AssgnmntList>
<AssgnmntPrefix RootTermCovItemPrefix="org.jfree.data.DataUtilities.java">
<AssgnmntListEntry Length="1" RootTermCovItemId="C10">
<MapEntry BoolAssgnmnt="0" Value="1"/>
<MapEntry BoolAssgnmnt="1" Value="1"/>
</AssgnmntListEntry>
<AssgnmntListEntry Length="1" RootTermCovItemId="C11">
<MapEntry BoolAssgnmnt="1" Value="1"/>
</AssgnmntListEntry>
<AssgnmntListEntry Length="1" RootTermCovItemId="C12">
<MapEntry BoolAssgnmnt="0" Value="1"/>
<MapEntry BoolAssgnmnt="1" Value="1"/>
</AssgnmntListEntry>
<AssgnmntListEntry Length="1" RootTermCovItemId="C13">
<MapEntry BoolAssgnmnt="1" Value="1"/>
</AssgnmntListEntry>
<AssgnmntListEntry Length="1" RootTermCovItemId="C9">
<MapEntry BoolAssgnmnt="0" Value="1"/>
</AssgnmntListEntry>
</AssgnmntPrefix>
<AssgnmntPrefix RootTermCovItemPrefix="org.jfree.data.DefaultKeyedValues.java">
<AssgnmntListEntry Length="1" RootTermCovItemId="C1">
<MapEntry BoolAssgnmnt="1" Value="1"/>
</AssgnmntListEntry>
<AssgnmntListEntry Length="1" RootTermCovItemId="C3">
<MapEntry BoolAssgnmnt="0" Value="1"/>
</AssgnmntListEntry>
<AssgnmntListEntry Length="1" RootTermCovItemId="C7">
<MapEntry BoolAssgnmnt="0" Value="1"/>
</AssgnmntListEntry>
<AssgnmntListEntry Length="1" RootTermCovItemId="C8">
<MapEntry BoolAssgnmnt="0" Value="1"/>
</AssgnmntListEntry>
</AssgnmntPrefix>
</AssgnmntList>
<ObjMetaDataList/>
<MetaDataList/>
</TestCase>
<TestCase Comment="Failure&#10;java.lang.AssertionError: expected:&lt;0.25&gt; but was:&lt;0.225&gt;&#10;&#9;at org.junit.Assert.fail(Assert.java:93)&#10;&#9;at org.junit.Assert.failNotEquals(Assert.java:647)&#10;&#9;at org.junit.Assert.assertEquals(Assert.java:128)&#10;&#9;at org.junit.Assert.assertEquals(Assert.java:147)&#10;&#9;at org.jfree.data.GetCumulativePercentages.dataHasFourRows(GetCumulativePercentages.java:59)&#10;&#9;at sun.reflect.NativeMethodAccessorImpl.invoke0(Native Method)&#10;&#9;at sun.reflect.NativeMethodAccessorImpl.invoke(NativeMethodAccessorImpl.java:39)&#10;&#9;at sun.reflect.DelegatingMethodAccessorImpl.invoke(DelegatingMethodAccessorImpl.java:25)&#10;&#9;at java.lang.reflect.Method.invoke(Method.java:597)&#10;&#9;at org.junit.runners.model.FrameworkMethod$1.runReflectiveCall(FrameworkMethod.java:45)&#10;&#9;at org.junit.internal.runners.model.ReflectiveCallable.run(ReflectiveCallable.java:15)&#10;&#9;at org.junit.runners.model.FrameworkMethod.invokeExplosively(FrameworkMethod.java:42)&#10;&#9;at org.junit.internal.runners.statements.InvokeMethod.evaluate(InvokeMethod.java:20)&#10;&#9;at org.junit.runners.ParentRunner.runLeaf(ParentRunner.java:263)&#10;&#9;at org.junit.runners.BlockJUnit4ClassRunner.runChild(BlockJUnit4ClassRunner.java:68)&#10;&#9;at org.junit.runners.BlockJUnit4ClassRunner.runChild(BlockJUnit4ClassRunner.java:47)&#10;&#9;at org.junit.runners.ParentRunner$3.run(ParentRunner.java:231)&#10;&#9;at org.junit.runners.ParentRunner$1.schedule(ParentRunner.java:60)&#10;&#9;at org.junit.runners.ParentRunner.runChildren(ParentRunner.java:229)&#10;&#9;at org.junit.runners.ParentRunner.access$000(ParentRunner.java:50)&#10;&#9;at org.junit.runners.ParentRunner$2.evaluate(ParentRunner.java:222)&#10;&#9;at org.junit.runners.ParentRunner.run(ParentRunner.java:300)&#10;&#9;at org.eclipse.jdt.internal.junit4.runner.JUnit4TestReference.run(JUnit4TestReference.java:49)&#10;&#9;at org.eclipse.jdt.internal.junit.runner.TestExecution.run(TestExecution.java:38)&#10;&#9;at org.eclipse.jdt.internal.junit.runner.RemoteTestRunner.runTests(RemoteTestRunner.java:467)&#10;&#9;at org.eclipse.jdt.internal.junit.runner.RemoteTestRunner.runTests(RemoteTestRunner.java:683)&#10;&#9;at org.eclipse.jdt.internal.junit.runner.RemoteTestRunner.run(RemoteTestRunner.java:390)&#10;&#9;at org.codecover.juniteclipse.runner.EclipseTestRunner.main(EclipseTestRunner.java:40)" Date="1329200749669" Name="org.jfree.data.GetCumulativePercentages:dataHasFourRows">
<CovList>
<CovPrefix CovItemPrefix="org.jfree.data.DataUtilities.java">
<Cov CovItemId="B10" Value="1"/>
<Cov CovItemId="B11" Value="4"/>
<Cov CovItemId="B13" Value="4"/>
<Cov CovItemId="L5-2" Value="1"/>
<Cov CovItemId="L6-2" Value="1"/>
<Cov CovItemId="S28" Value="1"/>
<Cov CovItemId="S30" Value="1"/>
<Cov CovItemId="S31" Value="1"/>
<Cov CovItemId="S32" Value="1"/>
<Cov CovItemId="S33" Value="4"/>
<Cov CovItemId="S34" Value="4"/>
<Cov CovItemId="S35" Value="4"/>
<Cov CovItemId="S36" Value="1"/>
<Cov CovItemId="S37" Value="1"/>
<Cov CovItemId="S38" Value="4"/>
<Cov CovItemId="S39" Value="4"/>
<Cov CovItemId="S40" Value="4"/>
<Cov CovItemId="S41" Value="4"/>
<Cov CovItemId="S42" Value="1"/>
</CovPrefix>
<CovPrefix CovItemPrefix="org.jfree.data.DefaultKeyedValues.java">
<Cov CovItemId="B1" Value="1"/>
<Cov CovItemId="B10" Value="4"/>
<Cov CovItemId="B12" Value="4"/>
<Cov CovItemId="B6" Value="6"/>
<Cov CovItemId="L1-0" Value="1"/>
<Cov CovItemId="L1-1" Value="1"/>
<Cov CovItemId="L1-2" Value="2"/>
<Cov CovItemId="S14" Value="4"/>
<Cov CovItemId="S15" Value="4"/>
<Cov CovItemId="S16" Value="4"/>
<Cov CovItemId="S17" Value="6"/>
<Cov CovItemId="S18" Value="6"/>
<Cov CovItemId="S2" Value="1"/>
<Cov CovItemId="S20" Value="6"/>
<Cov CovItemId="S21" Value="4"/>
<Cov CovItemId="S33" Value="4"/>
<Cov CovItemId="S35" Value="4"/>
<Cov CovItemId="S37" Value="4"/>
<Cov CovItemId="S38" Value="4"/>
<Cov CovItemId="S4" Value="1"/>
<Cov CovItemId="S41" Value="4"/>
<Cov CovItemId="S42" Value="4"/>
<Cov CovItemId="S5" Value="1"/>
<Cov CovItemId="S6" Value="1"/>
<Cov CovItemId="S7" Value="1"/>
<Cov CovItemId="S8" Value="1"/>
</CovPrefix>
</CovList>
<AssgnmntList>
<AssgnmntPrefix RootTermCovItemPrefix="org.jfree.data.DataUtilities.java">
<AssgnmntListEntry Length="1" RootTermCovItemId="C10">
<MapEntry BoolAssgnmnt="0" Value="1"/>
<MapEntry BoolAssgnmnt="1" Value="4"/>
</AssgnmntListEntry>
<AssgnmntListEntry Length="1" RootTermCovItemId="C11">
<MapEntry BoolAssgnmnt="1" Value="4"/>
</AssgnmntListEntry>
<AssgnmntListEntry Length="1" RootTermCovItemId="C12">
<MapEntry BoolAssgnmnt="0" Value="1"/>
<MapEntry BoolAssgnmnt="1" Value="4"/>
</AssgnmntListEntry>
<AssgnmntListEntry Length="1" RootTermCovItemId="C13">
<MapEntry BoolAssgnmnt="1" Value="4"/>
</AssgnmntListEntry>
<AssgnmntListEntry Length="1" RootTermCovItemId="C9">
<MapEntry BoolAssgnmnt="0" Value="1"/>
</AssgnmntListEntry>
</AssgnmntPrefix>
<AssgnmntPrefix RootTermCovItemPrefix="org.jfree.data.DefaultKeyedValues.java">
<AssgnmntListEntry Length="1" RootTermCovItemId="C1">
<MapEntry BoolAssgnmnt="1" Value="1"/>
</AssgnmntListEntry>
<AssgnmntListEntry Length="1" RootTermCovItemId="C3">
<MapEntry BoolAssgnmnt="0" Value="4"/>
<MapEntry BoolAssgnmnt="1" Value="6"/>
</AssgnmntListEntry>
<AssgnmntListEntry Length="1" RootTermCovItemId="C4">
<MapEntry BoolAssgnmnt="0" Value="6"/>
</AssgnmntListEntry>
<AssgnmntListEntry Length="1" RootTermCovItemId="C7">
<MapEntry BoolAssgnmnt="0" Value="4"/>
</AssgnmntListEntry>
<AssgnmntListEntry Length="1" RootTermCovItemId="C8">
<MapEntry BoolAssgnmnt="0" Value="4"/>
</AssgnmntListEntry>
</AssgnmntPrefix>
</AssgnmntList>
<ObjMetaDataList/>
<MetaDataList/>
</TestCase>
<TestCase Comment="Failure&#10;java.lang.AssertionError: expected:&lt;1.0&gt; but was:&lt;0.9&gt;&#10;&#9;at org.junit.Assert.fail(Assert.java:93)&#10;&#9;at org.junit.Assert.failNotEquals(Assert.java:647)&#10;&#9;at org.junit.Assert.assertEquals(Assert.java:128)&#10;&#9;at org.junit.Assert.assertEquals(Assert.java:147)&#10;&#9;at org.jfree.data.GetCumulativePercentages.firstThreeRowsAreZero(GetCumulativePercentages.java:96)&#10;&#9;at sun.reflect.NativeMethodAccessorImpl.invoke0(Native Method)&#10;&#9;at sun.reflect.NativeMethodAccessorImpl.invoke(NativeMethodAccessorImpl.java:39)&#10;&#9;at sun.reflect.DelegatingMethodAccessorImpl.invoke(DelegatingMethodAccessorImpl.java:25)&#10;&#9;at java.lang.reflect.Method.invoke(Method.java:597)&#10;&#9;at org.junit.runners.model.FrameworkMethod$1.runReflectiveCall(FrameworkMethod.java:45)&#10;&#9;at org.junit.internal.runners.model.ReflectiveCallable.run(ReflectiveCallable.java:15)&#10;&#9;at org.junit.runners.model.FrameworkMethod.invokeExplosively(FrameworkMethod.java:42)&#10;&#9;at org.junit.internal.runners.statements.InvokeMethod.evaluate(InvokeMethod.java:20)&#10;&#9;at org.junit.runners.ParentRunner.runLeaf(ParentRunner.java:263)&#10;&#9;at org.junit.runners.BlockJUnit4ClassRunner.runChild(BlockJUnit4ClassRunner.java:68)&#10;&#9;at org.junit.runners.BlockJUnit4ClassRunner.runChild(BlockJUnit4ClassRunner.java:47)&#10;&#9;at org.junit.runners.ParentRunner$3.run(ParentRunner.java:231)&#10;&#9;at org.junit.runners.ParentRunner$1.schedule(ParentRunner.java:60)&#10;&#9;at org.junit.runners.ParentRunner.runChildren(ParentRunner.java:229)&#10;&#9;at org.junit.runners.ParentRunner.access$000(ParentRunner.java:50)&#10;&#9;at org.junit.runners.ParentRunner$2.evaluate(ParentRunner.java:222)&#10;&#9;at org.junit.runners.ParentRunner.run(ParentRunner.java:300)&#10;&#9;at org.eclipse.jdt.internal.junit4.runner.JUnit4TestReference.run(JUnit4TestReference.java:49)&#10;&#9;at org.eclipse.jdt.internal.junit.runner.TestExecution.run(TestExecution.java:38)&#10;&#9;at org.eclipse.jdt.internal.junit.runner.RemoteTestRunner.runTests(RemoteTestRunner.java:467)&#10;&#9;at org.eclipse.jdt.internal.junit.runner.RemoteTestRunner.runTests(RemoteTestRunner.java:683)&#10;&#9;at org.eclipse.jdt.internal.junit.runner.RemoteTestRunner.run(RemoteTestRunner.java:390)&#10;&#9;at org.codecover.juniteclipse.runner.EclipseTestRunner.main(EclipseTestRunner.java:40)" Date="1329200749681" Name="org.jfree.data.GetCumulativePercentages:firstThreeRowsAreZero">
<CovList>
<CovPrefix CovItemPrefix="org.jfree.data.DataUtilities.java">
<Cov CovItemId="B10" Value="1"/>
<Cov CovItemId="B11" Value="4"/>
<Cov CovItemId="B13" Value="4"/>
<Cov CovItemId="L5-2" Value="1"/>
<Cov CovItemId="L6-2" Value="1"/>
<Cov CovItemId="S28" Value="1"/>
<Cov CovItemId="S30" Value="1"/>
<Cov CovItemId="S31" Value="1"/>
<Cov CovItemId="S32" Value="1"/>
<Cov CovItemId="S33" Value="4"/>
<Cov CovItemId="S34" Value="4"/>
<Cov CovItemId="S35" Value="4"/>
<Cov CovItemId="S36" Value="1"/>
<Cov CovItemId="S37" Value="1"/>
<Cov CovItemId="S38" Value="4"/>
<Cov CovItemId="S39" Value="4"/>
<Cov CovItemId="S40" Value="4"/>
<Cov CovItemId="S41" Value="4"/>
<Cov CovItemId="S42" Value="1"/>
</CovPrefix>
<CovPrefix CovItemPrefix="org.jfree.data.DefaultKeyedValues.java">
<Cov CovItemId="B1" Value="4"/>
<Cov CovItemId="B10" Value="4"/>
<Cov CovItemId="B12" Value="4"/>
<Cov CovItemId="B6" Value="6"/>
<Cov CovItemId="L1-0" Value="1"/>
<Cov CovItemId="L1-1" Value="1"/>
<Cov CovItemId="L1-2" Value="2"/>
<Cov CovItemId="S14" Value="4"/>
<Cov CovItemId="S15" Value="4"/>
<Cov CovItemId="S16" Value="4"/>
<Cov CovItemId="S17" Value="6"/>
<Cov CovItemId="S18" Value="6"/>
<Cov CovItemId="S2" Value="1"/>
<Cov CovItemId="S20" Value="6"/>
<Cov CovItemId="S21" Value="4"/>
<Cov CovItemId="S33" Value="4"/>
<Cov CovItemId="S35" Value="4"/>
<Cov CovItemId="S37" Value="4"/>
<Cov CovItemId="S38" Value="4"/>
<Cov CovItemId="S4" Value="4"/>
<Cov CovItemId="S41" Value="4"/>
<Cov CovItemId="S42" Value="4"/>
<Cov CovItemId="S5" Value="4"/>
<Cov CovItemId="S6" Value="4"/>
<Cov CovItemId="S7" Value="4"/>
<Cov CovItemId="S8" Value="4"/>
</CovPrefix>
</CovList>
<AssgnmntList>
<AssgnmntPrefix RootTermCovItemPrefix="org.jfree.data.DataUtilities.java">
<AssgnmntListEntry Length="1" RootTermCovItemId="C10">
<MapEntry BoolAssgnmnt="0" Value="1"/>
<MapEntry BoolAssgnmnt="1" Value="4"/>
</AssgnmntListEntry>
<AssgnmntListEntry Length="1" RootTermCovItemId="C11">
<MapEntry BoolAssgnmnt="1" Value="4"/>
</AssgnmntListEntry>
<AssgnmntListEntry Length="1" RootTermCovItemId="C12">
<MapEntry BoolAssgnmnt="0" Value="1"/>
<MapEntry BoolAssgnmnt="1" Value="4"/>
</AssgnmntListEntry>
<AssgnmntListEntry Length="1" RootTermCovItemId="C13">
<MapEntry BoolAssgnmnt="1" Value="4"/>
</AssgnmntListEntry>
<AssgnmntListEntry Length="1" RootTermCovItemId="C9">
<MapEntry BoolAssgnmnt="0" Value="1"/>
</AssgnmntListEntry>
</AssgnmntPrefix>
<AssgnmntPrefix RootTermCovItemPrefix="org.jfree.data.DefaultKeyedValues.java">
<AssgnmntListEntry Length="1" RootTermCovItemId="C1">
<MapEntry BoolAssgnmnt="1" Value="4"/>
</AssgnmntListEntry>
<AssgnmntListEntry Length="1" RootTermCovItemId="C3">
<MapEntry BoolAssgnmnt="0" Value="4"/>
<MapEntry BoolAssgnmnt="1" Value="6"/>
</AssgnmntListEntry>
<AssgnmntListEntry Length="1" RootTermCovItemId="C4">
<MapEntry BoolAssgnmnt="0" Value="6"/>
</AssgnmntListEntry>
<AssgnmntListEntry Length="1" RootTermCovItemId="C7">
<MapEntry BoolAssgnmnt="0" Value="4"/>
</AssgnmntListEntry>
<AssgnmntListEntry Length="1" RootTermCovItemId="C8">
<MapEntry BoolAssgnmnt="0" Value="4"/>
</AssgnmntListEntry>
</AssgnmntPrefix>
</AssgnmntList>
<ObjMetaDataList/>
<MetaDataList/>
</TestCase>
<TestCase Comment="Failure&#10;java.lang.AssertionError: expected:&lt;1.0&gt; but was:&lt;0.9&gt;&#10;&#9;at org.junit.Assert.fail(Assert.java:93)&#10;&#9;at org.junit.Assert.failNotEquals(Assert.java:647)&#10;&#9;at org.junit.Assert.assertEquals(Assert.java:128)&#10;&#9;at org.junit.Assert.assertEquals(Assert.java:147)&#10;&#9;at org.jfree.data.GetCumulativePercentages.lastThreeRowsAreZero(GetCumulativePercentages.java:127)&#10;&#9;at sun.reflect.NativeMethodAccessorImpl.invoke0(Native Method)&#10;&#9;at sun.reflect.NativeMethodAccessorImpl.invoke(NativeMethodAccessorImpl.java:39)&#10;&#9;at sun.reflect.DelegatingMethodAccessorImpl.invoke(DelegatingMethodAccessorImpl.java:25)&#10;&#9;at java.lang.reflect.Method.invoke(Method.java:597)&#10;&#9;at org.junit.runners.model.FrameworkMethod$1.runReflectiveCall(FrameworkMethod.java:45)&#10;&#9;at org.junit.internal.runners.model.ReflectiveCallable.run(ReflectiveCallable.java:15)&#10;&#9;at org.junit.runners.model.FrameworkMethod.invokeExplosively(FrameworkMethod.java:42)&#10;&#9;at org.junit.internal.runners.statements.InvokeMethod.evaluate(InvokeMethod.java:20)&#10;&#9;at org.junit.runners.ParentRunner.runLeaf(ParentRunner.java:263)&#10;&#9;at org.junit.runners.BlockJUnit4ClassRunner.runChild(BlockJUnit4ClassRunner.java:68)&#10;&#9;at org.junit.runners.BlockJUnit4ClassRunner.runChild(BlockJUnit4ClassRunner.java:47)&#10;&#9;at org.junit.runners.ParentRunner$3.run(ParentRunner.java:231)&#10;&#9;at org.junit.runners.ParentRunner$1.schedule(ParentRunner.java:60)&#10;&#9;at org.junit.runners.ParentRunner.runChildren(ParentRunner.java:229)&#10;&#9;at org.junit.runners.ParentRunner.access$000(ParentRunner.java:50)&#10;&#9;at org.junit.runners.ParentRunner$2.evaluate(ParentRunner.java:222)&#10;&#9;at org.junit.runners.ParentRunner.run(ParentRunner.java:300)&#10;&#9;at org.eclipse.jdt.internal.junit4.runner.JUnit4TestReference.run(JUnit4TestReference.java:49)&#10;&#9;at org.eclipse.jdt.internal.junit.runner.TestExecution.run(TestExecution.java:38)&#10;&#9;at org.eclipse.jdt.internal.junit.runner.RemoteTestRunner.runTests(RemoteTestRunner.java:467)&#10;&#9;at org.eclipse.jdt.internal.junit.runner.RemoteTestRunner.runTests(RemoteTestRunner.java:683)&#10;&#9;at org.eclipse.jdt.internal.junit.runner.RemoteTestRunner.run(RemoteTestRunner.java:390)&#10;&#9;at org.codecover.juniteclipse.runner.EclipseTestRunner.main(EclipseTestRunner.java:40)" Date="1329200749738" Name="org.jfree.data.GetCumulativePercentages:lastThreeRowsAreZero">
<CovList>
<CovPrefix CovItemPrefix="org.jfree.data.DataUtilities.java">
<Cov CovItemId="B10" Value="1"/>
<Cov CovItemId="B11" Value="4"/>
<Cov CovItemId="B13" Value="4"/>
<Cov CovItemId="L5-2" Value="1"/>
<Cov CovItemId="L6-2" Value="1"/>
<Cov CovItemId="S28" Value="1"/>
<Cov CovItemId="S30" Value="1"/>
<Cov CovItemId="S31" Value="1"/>
<Cov CovItemId="S32" Value="1"/>
<Cov CovItemId="S33" Value="4"/>
<Cov CovItemId="S34" Value="4"/>
<Cov CovItemId="S35" Value="4"/>
<Cov CovItemId="S36" Value="1"/>
<Cov CovItemId="S37" Value="1"/>
<Cov CovItemId="S38" Value="4"/>
<Cov CovItemId="S39" Value="4"/>
<Cov CovItemId="S40" Value="4"/>
<Cov CovItemId="S41" Value="4"/>
<Cov CovItemId="S42" Value="1"/>
</CovPrefix>
<CovPrefix CovItemPrefix="org.jfree.data.DefaultKeyedValues.java">
<Cov CovItemId="B1" Value="1"/>
<Cov CovItemId="B10" Value="4"/>
<Cov CovItemId="B12" Value="4"/>
<Cov CovItemId="B6" Value="6"/>
<Cov CovItemId="L1-0" Value="1"/>
<Cov CovItemId="L1-1" Value="1"/>
<Cov CovItemId="L1-2" Value="2"/>
<Cov CovItemId="S14" Value="4"/>
<Cov CovItemId="S15" Value="4"/>
<Cov CovItemId="S16" Value="4"/>
<Cov CovItemId="S17" Value="6"/>
<Cov CovItemId="S18" Value="6"/>
<Cov CovItemId="S2" Value="1"/>
<Cov CovItemId="S20" Value="6"/>
<Cov CovItemId="S21" Value="4"/>
<Cov CovItemId="S33" Value="4"/>
<Cov CovItemId="S35" Value="4"/>
<Cov CovItemId="S37" Value="4"/>
<Cov CovItemId="S38" Value="4"/>
<Cov CovItemId="S4" Value="1"/>
<Cov CovItemId="S41" Value="4"/>
<Cov CovItemId="S42" Value="4"/>
<Cov CovItemId="S5" Value="1"/>
<Cov CovItemId="S6" Value="1"/>
<Cov CovItemId="S7" Value="1"/>
<Cov CovItemId="S8" Value="1"/>
</CovPrefix>
</CovList>
<AssgnmntList>
<AssgnmntPrefix RootTermCovItemPrefix="org.jfree.data.DataUtilities.java">
<AssgnmntListEntry Length="1" RootTermCovItemId="C10">
<MapEntry BoolAssgnmnt="0" Value="1"/>
<MapEntry BoolAssgnmnt="1" Value="4"/>
</AssgnmntListEntry>
<AssgnmntListEntry Length="1" RootTermCovItemId="C11">
<MapEntry BoolAssgnmnt="1" Value="4"/>
</AssgnmntListEntry>
<AssgnmntListEntry Length="1" RootTermCovItemId="C12">
<MapEntry BoolAssgnmnt="0" Value="1"/>
<MapEntry BoolAssgnmnt="1" Value="4"/>
</AssgnmntListEntry>
<AssgnmntListEntry Length="1" RootTermCovItemId="C13">
<MapEntry BoolAssgnmnt="1" Value="4"/>
</AssgnmntListEntry>
<AssgnmntListEntry Length="1" RootTermCovItemId="C9">
<MapEntry BoolAssgnmnt="0" Value="1"/>
</AssgnmntListEntry>
</AssgnmntPrefix>
<AssgnmntPrefix RootTermCovItemPrefix="org.jfree.data.DefaultKeyedValues.java">
<AssgnmntListEntry Length="1" RootTermCovItemId="C1">
<MapEntry BoolAssgnmnt="1" Value="1"/>
</AssgnmntListEntry>
<AssgnmntListEntry Length="1" RootTermCovItemId="C3">
<MapEntry BoolAssgnmnt="0" Value="4"/>
<MapEntry BoolAssgnmnt="1" Value="6"/>
</AssgnmntListEntry>
<AssgnmntListEntry Length="1" RootTermCovItemId="C4">
<MapEntry BoolAssgnmnt="0" Value="6"/>
</AssgnmntListEntry>
<AssgnmntListEntry Length="1" RootTermCovItemId="C7">
<MapEntry BoolAssgnmnt="0" Value="4"/>
</AssgnmntListEntry>
<AssgnmntListEntry Length="1" RootTermCovItemId="C8">
<MapEntry BoolAssgnmnt="0" Value="4"/>
</AssgnmntListEntry>
</AssgnmntPrefix>
</AssgnmntList>
<ObjMetaDataList/>
<MetaDataList/>
</TestCase>
<TestCase Comment="" Date="1329200749743" Name="org.jfree.data.GetCumulativePercentages:allRowsAreZero">
<CovList>
<CovPrefix CovItemPrefix="org.jfree.data.DataUtilities.java">
<Cov CovItemId="B10" Value="1"/>
<Cov CovItemId="B11" Value="4"/>
<Cov CovItemId="B13" Value="4"/>
<Cov CovItemId="L5-2" Value="1"/>
<Cov CovItemId="L6-2" Value="1"/>
<Cov CovItemId="S28" Value="1"/>
<Cov CovItemId="S30" Value="1"/>
<Cov CovItemId="S31" Value="1"/>
<Cov CovItemId="S32" Value="1"/>
<Cov CovItemId="S33" Value="4"/>
<Cov CovItemId="S34" Value="4"/>
<Cov CovItemId="S35" Value="4"/>
<Cov CovItemId="S36" Value="1"/>
<Cov CovItemId="S37" Value="1"/>
<Cov CovItemId="S38" Value="4"/>
<Cov CovItemId="S39" Value="4"/>
<Cov CovItemId="S40" Value="4"/>
<Cov CovItemId="S41" Value="4"/>
<Cov CovItemId="S42" Value="1"/>
</CovPrefix>
<CovPrefix CovItemPrefix="org.jfree.data.DefaultKeyedValues.java">
<Cov CovItemId="B1" Value="4"/>
<Cov CovItemId="B10" Value="4"/>
<Cov CovItemId="B12" Value="4"/>
<Cov CovItemId="B6" Value="6"/>
<Cov CovItemId="L1-0" Value="1"/>
<Cov CovItemId="L1-1" Value="1"/>
<Cov CovItemId="L1-2" Value="2"/>
<Cov CovItemId="S14" Value="4"/>
<Cov CovItemId="S15" Value="4"/>
<Cov CovItemId="S16" Value="4"/>
<Cov CovItemId="S17" Value="6"/>
<Cov CovItemId="S18" Value="6"/>
<Cov CovItemId="S2" Value="1"/>
<Cov CovItemId="S20" Value="6"/>
<Cov CovItemId="S21" Value="4"/>
<Cov CovItemId="S33" Value="4"/>
<Cov CovItemId="S35" Value="4"/>
<Cov CovItemId="S37" Value="4"/>
<Cov CovItemId="S38" Value="4"/>
<Cov CovItemId="S4" Value="4"/>
<Cov CovItemId="S41" Value="4"/>
<Cov CovItemId="S42" Value="4"/>
<Cov CovItemId="S5" Value="4"/>
<Cov CovItemId="S6" Value="4"/>
<Cov CovItemId="S7" Value="4"/>
<Cov CovItemId="S8" Value="4"/>
</CovPrefix>
</CovList>
<AssgnmntList>
<AssgnmntPrefix RootTermCovItemPrefix="org.jfree.data.DataUtilities.java">
<AssgnmntListEntry Length="1" RootTermCovItemId="C10">
<MapEntry BoolAssgnmnt="0" Value="1"/>
<MapEntry BoolAssgnmnt="1" Value="4"/>
</AssgnmntListEntry>
<AssgnmntListEntry Length="1" RootTermCovItemId="C11">
<MapEntry BoolAssgnmnt="1" Value="4"/>
</AssgnmntListEntry>
<AssgnmntListEntry Length="1" RootTermCovItemId="C12">
<MapEntry BoolAssgnmnt="0" Value="1"/>
<MapEntry BoolAssgnmnt="1" Value="4"/>
</AssgnmntListEntry>
<AssgnmntListEntry Length="1" RootTermCovItemId="C13">
<MapEntry BoolAssgnmnt="1" Value="4"/>
</AssgnmntListEntry>
<AssgnmntListEntry Length="1" RootTermCovItemId="C9">
<MapEntry BoolAssgnmnt="0" Value="1"/>
</AssgnmntListEntry>
</AssgnmntPrefix>
<AssgnmntPrefix RootTermCovItemPrefix="org.jfree.data.DefaultKeyedValues.java">
<AssgnmntListEntry Length="1" RootTermCovItemId="C1">
<MapEntry BoolAssgnmnt="1" Value="4"/>
</AssgnmntListEntry>
<AssgnmntListEntry Length="1" RootTermCovItemId="C3">
<MapEntry BoolAssgnmnt="0" Value="4"/>
<MapEntry BoolAssgnmnt="1" Value="6"/>
</AssgnmntListEntry>
<AssgnmntListEntry Length="1" RootTermCovItemId="C4">
<MapEntry BoolAssgnmnt="0" Value="6"/>
</AssgnmntListEntry>
<AssgnmntListEntry Length="1" RootTermCovItemId="C7">
<MapEntry BoolAssgnmnt="0" Value="4"/>
</AssgnmntListEntry>
<AssgnmntListEntry Length="1" RootTermCovItemId="C8">
<MapEntry BoolAssgnmnt="0" Value="4"/>
</AssgnmntListEntry>
</AssgnmntPrefix>
</AssgnmntList>
<ObjMetaDataList/>
<MetaDataList/>
</TestCase>
<TestCase Comment="Failure&#10;java.lang.AssertionError: Method should throw exception. expected:&lt;true&gt; but was:&lt;false&gt;&#10;&#9;at org.junit.Assert.fail(Assert.java:93)&#10;&#9;at org.junit.Assert.failNotEquals(Assert.java:647)&#10;&#9;at org.junit.Assert.assertEquals(Assert.java:128)&#10;&#9;at org.jfree.data.CalculateColumnTotal.nullDataObjectPassed(CalculateColumnTotal.java:23)&#10;&#9;at sun.reflect.NativeMethodAccessorImpl.invoke0(Native Method)&#10;&#9;at sun.reflect.NativeMethodAccessorImpl.invoke(NativeMethodAccessorImpl.java:39)&#10;&#9;at sun.reflect.DelegatingMethodAccessorImpl.invoke(DelegatingMethodAccessorImpl.java:25)&#10;&#9;at java.lang.reflect.Method.invoke(Method.java:597)&#10;&#9;at org.junit.runners.model.FrameworkMethod$1.runReflectiveCall(FrameworkMethod.java:45)&#10;&#9;at org.junit.internal.runners.model.ReflectiveCallable.run(ReflectiveCallable.java:15)&#10;&#9;at org.junit.runners.model.FrameworkMethod.invokeExplosively(FrameworkMethod.java:42)&#10;&#9;at org.junit.internal.runners.statements.InvokeMethod.evaluate(InvokeMethod.java:20)&#10;&#9;at org.junit.runners.ParentRunner.runLeaf(ParentRunner.java:263)&#10;&#9;at org.junit.runners.BlockJUnit4ClassRunner.runChild(BlockJUnit4ClassRunner.java:68)&#10;&#9;at org.junit.runners.BlockJUnit4ClassRunner.runChild(BlockJUnit4ClassRunner.java:47)&#10;&#9;at org.junit.runners.ParentRunner$3.run(ParentRunner.java:231)&#10;&#9;at org.junit.runners.ParentRunner$1.schedule(ParentRunner.java:60)&#10;&#9;at org.junit.runners.ParentRunner.runChildren(ParentRunner.java:229)&#10;&#9;at org.junit.runners.ParentRunner.access$000(ParentRunner.java:50)&#10;&#9;at org.junit.runners.ParentRunner$2.evaluate(ParentRunner.java:222)&#10;&#9;at org.junit.runners.ParentRunner.run(ParentRunner.java:300)&#10;&#9;at org.eclipse.jdt.internal.junit4.runner.JUnit4TestReference.run(JUnit4TestReference.java:49)&#10;&#9;at org.eclipse.jdt.internal.junit.runner.TestExecution.run(TestExecution.java:38)&#10;&#9;at org.eclipse.jdt.internal.junit.runner.RemoteTestRunner.runTests(RemoteTestRunner.java:467)&#10;&#9;at org.eclipse.jdt.internal.junit.runner.RemoteTestRunner.runTests(RemoteTestRunner.java:683)&#10;&#9;at org.eclipse.jdt.internal.junit.runner.RemoteTestRunner.run(RemoteTestRunner.java:390)&#10;&#9;at org.codecover.juniteclipse.runner.EclipseTestRunner.main(EclipseTestRunner.java:40)" Date="1329200749749" Name="org.jfree.data.CalculateColumnTotal:nullDataObjectPassed">
<CovList>
<CovPrefix CovItemPrefix="org.jfree.data.DataUtilities.java">
<Cov CovItemId="S1" Value="1"/>
<Cov CovItemId="S2" Value="1"/>
</CovPrefix>
</CovList>
<AssgnmntList/>
<ObjMetaDataList/>
<MetaDataList/>
</TestCase>
<TestCase Comment="Error&#10;java.lang.IllegalStateException: tried to return a java.lang.Boolean from a method that can only return a java.lang.Number&#10;&#9;at org.jmock.api.Invocation.reportTypeError(Invocation.java:151)&#10;&#9;at org.jmock.api.Invocation.checkReturnTypeCompatibility(Invocation.java:119)&#10;&#9;at org.jmock.internal.InvocationExpectation.invoke(InvocationExpectation.java:115)&#10;&#9;at org.jmock.internal.InvocationDispatcher.dispatch(InvocationDispatcher.java:52)&#10;&#9;at org.jmock.Mockery.dispatch(Mockery.java:218)&#10;&#9;at org.jmock.Mockery.access$000(Mockery.java:43)&#10;&#9;at org.jmock.Mockery$MockObject.invoke(Mockery.java:258)&#10;&#9;at org.jmock.internal.InvocationDiverter.invoke(InvocationDiverter.java:27)&#10;&#9;at org.jmock.internal.FakeObjectMethods.invoke(FakeObjectMethods.java:38)&#10;&#9;at org.jmock.lib.JavaReflectionImposteriser$1.invoke(JavaReflectionImposteriser.java:33)&#10;&#9;at $Proxy7.getValue(Unknown Source)&#10;&#9;at org.jfree.data.DataUtilities.calculateColumnTotal(DataUtilities.java:95)&#10;&#9;at org.jfree.data.CalculateColumnTotal.invalidDataPassed(CalculateColumnTotal.java:41)&#10;&#9;at sun.reflect.NativeMethodAccessorImpl.invoke0(Native Method)&#10;&#9;at sun.reflect.NativeMethodAccessorImpl.invoke(NativeMethodAccessorImpl.java:39)&#10;&#9;at sun.reflect.DelegatingMethodAccessorImpl.invoke(DelegatingMethodAccessorImpl.java:25)&#10;&#9;at java.lang.reflect.Method.invoke(Method.java:597)&#10;&#9;at org.junit.runners.model.FrameworkMethod$1.runReflectiveCall(FrameworkMethod.java:45)&#10;&#9;at org.junit.internal.runners.model.ReflectiveCallable.run(ReflectiveCallable.java:15)&#10;&#9;at org.junit.runners.model.FrameworkMethod.invokeExplosively(FrameworkMethod.java:42)&#10;&#9;at org.junit.internal.runners.statements.InvokeMethod.evaluate(InvokeMethod.java:20)&#10;&#9;at org.junit.runners.ParentRunner.runLeaf(ParentRunner.java:263)&#10;&#9;at org.junit.runners.BlockJUnit4ClassRunner.runChild(BlockJUnit4ClassRunner.java:68)&#10;&#9;at org.junit.runners.BlockJUnit4ClassRunner.runChild(BlockJUnit4ClassRunner.java:47)&#10;&#9;at org.junit.runners.ParentRunner$3.run(ParentRunner.java:231)&#10;&#9;at org.junit.runners.ParentRunner$1.schedule(ParentRunner.java:60)&#10;&#9;at org.junit.runners.ParentRunner.runChildren(ParentRunner.java:229)&#10;&#9;at org.junit.runners.ParentRunner.access$000(ParentRunner.java:50)&#10;&#9;at org.junit.runners.ParentRunner$2.evaluate(ParentRunner.java:222)&#10;&#9;at org.junit.runners.ParentRunner.run(ParentRunner.java:300)&#10;&#9;at org.eclipse.jdt.internal.junit4.runner.JUnit4TestReference.run(JUnit4TestReference.java:49)&#10;&#9;at org.eclipse.jdt.internal.junit.runner.TestExecution.run(TestExecution.java:38)&#10;&#9;at org.eclipse.jdt.internal.junit.runner.RemoteTestRunner.runTests(RemoteTestRunner.java:467)&#10;&#9;at org.eclipse.jdt.internal.junit.runner.RemoteTestRunner.runTests(RemoteTestRunner.java:683)&#10;&#9;at org.eclipse.jdt.internal.junit.runner.RemoteTestRunner.run(RemoteTestRunner.java:390)&#10;&#9;at org.codecover.juniteclipse.runner.EclipseTestRunner.main(EclipseTestRunner.java:40)" Date="1329200749752" Name="org.jfree.data.CalculateColumnTotal:invalidDataPassed">
<CovList>
<CovPrefix CovItemPrefix="org.jfree.data.DataUtilities.java">
<Cov CovItemId="L1-1" Value="1"/>
<Cov CovItemId="S1" Value="1"/>
<Cov CovItemId="S2" Value="1"/>
<Cov CovItemId="S3" Value="1"/>
<Cov CovItemId="S4" Value="1"/>
</CovPrefix>
</CovList>
<AssgnmntList>
<AssgnmntPrefix RootTermCovItemPrefix="org.jfree.data.DataUtilities.java">
<AssgnmntListEntry Length="1" RootTermCovItemId="C1">
<MapEntry BoolAssgnmnt="1" Value="1"/>
</AssgnmntListEntry>
</AssgnmntPrefix>
</AssgnmntList>
<ObjMetaDataList/>
<MetaDataList/>
</TestCase>
<TestCase Comment="" Date="1329200749766" Name="org.jfree.data.CalculateColumnTotal:columnIsLastColumnInTable">
<CovList>
<CovPrefix CovItemPrefix="org.jfree.data.DataUtilities.java">
<Cov CovItemId="B1" Value="3"/>
<Cov CovItemId="L1-2" Value="1"/>
<Cov CovItemId="S1" Value="1"/>
<Cov CovItemId="S2" Value="1"/>
<Cov CovItemId="S3" Value="1"/>
<Cov CovItemId="S4" Value="3"/>
<Cov CovItemId="S5" Value="3"/>
<Cov CovItemId="S6" Value="3"/>
<Cov CovItemId="S7" Value="1"/>
</CovPrefix>
</CovList>
<AssgnmntList>
<AssgnmntPrefix RootTermCovItemPrefix="org.jfree.data.DataUtilities.java">
<AssgnmntListEntry Length="1" RootTermCovItemId="C1">
<MapEntry BoolAssgnmnt="0" Value="1"/>
<MapEntry BoolAssgnmnt="1" Value="3"/>
</AssgnmntListEntry>
<AssgnmntListEntry Length="1" RootTermCovItemId="C2">
<MapEntry BoolAssgnmnt="1" Value="3"/>
</AssgnmntListEntry>
</AssgnmntPrefix>
</AssgnmntList>
<ObjMetaDataList/>
<MetaDataList/>
</TestCase>
<TestCase Comment="" Date="1329200749769" Name="org.jfree.data.CalculateColumnTotal:columnIsFirstInTable">
<CovList>
<CovPrefix CovItemPrefix="org.jfree.data.DataUtilities.java">
<Cov CovItemId="B1" Value="3"/>
<Cov CovItemId="L1-2" Value="1"/>
<Cov CovItemId="S1" Value="1"/>
<Cov CovItemId="S2" Value="1"/>
<Cov CovItemId="S3" Value="1"/>
<Cov CovItemId="S4" Value="3"/>
<Cov CovItemId="S5" Value="3"/>
<Cov CovItemId="S6" Value="3"/>
<Cov CovItemId="S7" Value="1"/>
</CovPrefix>
</CovList>
<AssgnmntList>
<AssgnmntPrefix RootTermCovItemPrefix="org.jfree.data.DataUtilities.java">
<AssgnmntListEntry Length="1" RootTermCovItemId="C1">
<MapEntry BoolAssgnmnt="0" Value="1"/>
<MapEntry BoolAssgnmnt="1" Value="3"/>
</AssgnmntListEntry>
<AssgnmntListEntry Length="1" RootTermCovItemId="C2">
<MapEntry BoolAssgnmnt="1" Value="3"/>
</AssgnmntListEntry>
</AssgnmntPrefix>
</AssgnmntList>
<ObjMetaDataList/>
<MetaDataList/>
</TestCase>
<TestCase Comment="Error&#10;unexpected invocation: values2D.getValue(&lt;0&gt;, &lt;-1&gt;)&#10;expectations:&#10;  expected once, already invoked 1 time: values2D.getRowCount(); returns &lt;3&gt;&#10;what happened before this:&#10;  values2D.getRowCount()&#10;&#10;&#9;at org.jmock.internal.InvocationDispatcher.dispatch(InvocationDispatcher.java:56)&#10;&#9;at org.jmock.Mockery.dispatch(Mockery.java:218)&#10;&#9;at org.jmock.Mockery.access$000(Mockery.java:43)&#10;&#9;at org.jmock.Mockery$MockObject.invoke(Mockery.java:258)&#10;&#9;at org.jmock.internal.InvocationDiverter.invoke(InvocationDiverter.java:27)&#10;&#9;at org.jmock.internal.FakeObjectMethods.invoke(FakeObjectMethods.java:38)&#10;&#9;at org.jmock.lib.JavaReflectionImposteriser$1.invoke(JavaReflectionImposteriser.java:33)&#10;&#9;at $Proxy7.getValue(Unknown Source)&#10;&#9;at org.jfree.data.DataUtilities.calculateColumnTotal(DataUtilities.java:95)&#10;&#9;at org.jfree.data.CalculateColumnTotal.columnIsNegativeOne(CalculateColumnTotal.java:95)&#10;&#9;at sun.reflect.NativeMethodAccessorImpl.invoke0(Native Method)&#10;&#9;at sun.reflect.NativeMethodAccessorImpl.invoke(NativeMethodAccessorImpl.java:39)&#10;&#9;at sun.reflect.DelegatingMethodAccessorImpl.invoke(DelegatingMethodAccessorImpl.java:25)&#10;&#9;at java.lang.reflect.Method.invoke(Method.java:597)&#10;&#9;at org.junit.runners.model.FrameworkMethod$1.runReflectiveCall(FrameworkMethod.java:45)&#10;&#9;at org.junit.internal.runners.model.ReflectiveCallable.run(ReflectiveCallable.java:15)&#10;&#9;at org.junit.runners.model.FrameworkMethod.invokeExplosively(FrameworkMethod.java:42)&#10;&#9;at org.junit.internal.runners.statements.InvokeMethod.evaluate(InvokeMethod.java:20)&#10;&#9;at org.junit.runners.ParentRunner.runLeaf(ParentRunner.java:263)&#10;&#9;at org.junit.runners.BlockJUnit4ClassRunner.runChild(BlockJUnit4ClassRunner.java:68)&#10;&#9;at org.junit.runners.BlockJUnit4ClassRunner.runChild(BlockJUnit4ClassRunner.java:47)&#10;&#9;at org.junit.runners.ParentRunner$3.run(ParentRunner.java:231)&#10;&#9;at org.junit.runners.ParentRunner$1.schedule(ParentRunner.java:60)&#10;&#9;at org.junit.runners.ParentRunner.runChildren(ParentRunner.java:229)&#10;&#9;at org.junit.runners.ParentRunner.access$000(ParentRunner.java:50)&#10;&#9;at org.junit.runners.ParentRunner$2.evaluate(ParentRunner.java:222)&#10;&#9;at org.junit.runners.ParentRunner.run(ParentRunner.java:300)&#10;&#9;at org.eclipse.jdt.internal.junit4.runner.JUnit4TestReference.run(JUnit4TestReference.java:49)&#10;&#9;at org.eclipse.jdt.internal.junit.runner.TestExecution.run(TestExecution.java:38)&#10;&#9;at org.eclipse.jdt.internal.junit.runner.RemoteTestRunner.runTests(RemoteTestRunner.java:467)&#10;&#9;at org.eclipse.jdt.internal.junit.runner.RemoteTestRunner.runTests(RemoteTestRunner.java:683)&#10;&#9;at org.eclipse.jdt.internal.junit.runner.RemoteTestRunner.run(RemoteTestRunner.java:390)&#10;&#9;at org.codecover.juniteclipse.runner.EclipseTestRunner.main(EclipseTestRunner.java:40)" Date="1329200749771" Name="org.jfree.data.CalculateColumnTotal:columnIsNegativeOne">
<CovList>
<CovPrefix CovItemPrefix="org.jfree.data.DataUtilities.java">
<Cov CovItemId="L1-1" Value="1"/>
<Cov CovItemId="S1" Value="1"/>
<Cov CovItemId="S2" Value="1"/>
<Cov CovItemId="S3" Value="1"/>
<Cov CovItemId="S4" Value="1"/>
</CovPrefix>
</CovList>
<AssgnmntList>
<AssgnmntPrefix RootTermCovItemPrefix="org.jfree.data.DataUtilities.java">
<AssgnmntListEntry Length="1" RootTermCovItemId="C1">
<MapEntry BoolAssgnmnt="1" Value="1"/>
</AssgnmntListEntry>
</AssgnmntPrefix>
</AssgnmntList>
<ObjMetaDataList/>
<MetaDataList/>
</TestCase>
<TestCase Comment="Error&#10;unexpected invocation: values2D.getValue(&lt;0&gt;, &lt;3&gt;)&#10;expectations:&#10;  expected once, already invoked 1 time: values2D.getRowCount(); returns &lt;3&gt;&#10;what happened before this:&#10;  values2D.getRowCount()&#10;&#10;&#9;at org.jmock.internal.InvocationDispatcher.dispatch(InvocationDispatcher.java:56)&#10;&#9;at org.jmock.Mockery.dispatch(Mockery.java:218)&#10;&#9;at org.jmock.Mockery.access$000(Mockery.java:43)&#10;&#9;at org.jmock.Mockery$MockObject.invoke(Mockery.java:258)&#10;&#9;at org.jmock.internal.InvocationDiverter.invoke(InvocationDiverter.java:27)&#10;&#9;at org.jmock.internal.FakeObjectMethods.invoke(FakeObjectMethods.java:38)&#10;&#9;at org.jmock.lib.JavaReflectionImposteriser$1.invoke(JavaReflectionImposteriser.java:33)&#10;&#9;at $Proxy7.getValue(Unknown Source)&#10;&#9;at org.jfree.data.DataUtilities.calculateColumnTotal(DataUtilities.java:95)&#10;&#9;at org.jfree.data.CalculateColumnTotal.columnIsOneMoreThanMax(CalculateColumnTotal.java:109)&#10;&#9;at sun.reflect.NativeMethodAccessorImpl.invoke0(Native Method)&#10;&#9;at sun.reflect.NativeMethodAccessorImpl.invoke(NativeMethodAccessorImpl.java:39)&#10;&#9;at sun.reflect.DelegatingMethodAccessorImpl.invoke(DelegatingMethodAccessorImpl.java:25)&#10;&#9;at java.lang.reflect.Method.invoke(Method.java:597)&#10;&#9;at org.junit.runners.model.FrameworkMethod$1.runReflectiveCall(FrameworkMethod.java:45)&#10;&#9;at org.junit.internal.runners.model.ReflectiveCallable.run(ReflectiveCallable.java:15)&#10;&#9;at org.junit.runners.model.FrameworkMethod.invokeExplosively(FrameworkMethod.java:42)&#10;&#9;at org.junit.internal.runners.statements.InvokeMethod.evaluate(InvokeMethod.java:20)&#10;&#9;at org.junit.runners.ParentRunner.runLeaf(ParentRunner.java:263)&#10;&#9;at org.junit.runners.BlockJUnit4ClassRunner.runChild(BlockJUnit4ClassRunner.java:68)&#10;&#9;at org.junit.runners.BlockJUnit4ClassRunner.runChild(BlockJUnit4ClassRunner.java:47)&#10;&#9;at org.junit.runners.ParentRunner$3.run(ParentRunner.java:231)&#10;&#9;at org.junit.runners.ParentRunner$1.schedule(ParentRunner.java:60)&#10;&#9;at org.junit.runners.ParentRunner.runChildren(ParentRunner.java:229)&#10;&#9;at org.junit.runners.ParentRunner.access$000(ParentRunner.java:50)&#10;&#9;at org.junit.runners.ParentRunner$2.evaluate(ParentRunner.java:222)&#10;&#9;at org.junit.runners.ParentRunner.run(ParentRunner.java:300)&#10;&#9;at org.eclipse.jdt.internal.junit4.runner.JUnit4TestReference.run(JUnit4TestReference.java:49)&#10;&#9;at org.eclipse.jdt.internal.junit.runner.TestExecution.run(TestExecution.java:38)&#10;&#9;at org.eclipse.jdt.internal.junit.runner.RemoteTestRunner.runTests(RemoteTestRunner.java:467)&#10;&#9;at org.eclipse.jdt.internal.junit.runner.RemoteTestRunner.runTests(RemoteTestRunner.java:683)&#10;&#9;at org.eclipse.jdt.internal.junit.runner.RemoteTestRunner.run(RemoteTestRunner.java:390)&#10;&#9;at org.codecover.juniteclipse.runner.EclipseTestRunner.main(EclipseTestRunner.java:40)" Date="1329200749778" Name="org.jfree.data.CalculateColumnTotal:columnIsOneMoreThanMax">
<CovList>
<CovPrefix CovItemPrefix="org.jfree.data.DataUtilities.java">
<Cov CovItemId="L1-1" Value="1"/>
<Cov CovItemId="S1" Value="1"/>
<Cov CovItemId="S2" Value="1"/>
<Cov CovItemId="S3" Value="1"/>
<Cov CovItemId="S4" Value="1"/>
</CovPrefix>
</CovList>
<AssgnmntList>
<AssgnmntPrefix RootTermCovItemPrefix="org.jfree.data.DataUtilities.java">
<AssgnmntListEntry Length="1" RootTermCovItemId="C1">
<MapEntry BoolAssgnmnt="1" Value="1"/>
</AssgnmntListEntry>
</AssgnmntPrefix>
</AssgnmntList>
<ObjMetaDataList/>
<MetaDataList/>
</TestCase>
<TestCase Comment="" Date="1329200749782" Name="org.jfree.data.CalculateColumnTotal:columnIsCentralInTable">
<CovList>
<CovPrefix CovItemPrefix="org.jfree.data.DataUtilities.java">
<Cov CovItemId="B1" Value="3"/>
<Cov CovItemId="L1-2" Value="1"/>
<Cov CovItemId="S1" Value="1"/>
<Cov CovItemId="S2" Value="1"/>
<Cov CovItemId="S3" Value="1"/>
<Cov CovItemId="S4" Value="3"/>
<Cov CovItemId="S5" Value="3"/>
<Cov CovItemId="S6" Value="3"/>
<Cov CovItemId="S7" Value="1"/>
</CovPrefix>
</CovList>
<AssgnmntList>
<AssgnmntPrefix RootTermCovItemPrefix="org.jfree.data.DataUtilities.java">
<AssgnmntListEntry Length="1" RootTermCovItemId="C1">
<MapEntry BoolAssgnmnt="0" Value="1"/>
<MapEntry BoolAssgnmnt="1" Value="3"/>
</AssgnmntListEntry>
<AssgnmntListEntry Length="1" RootTermCovItemId="C2">
<MapEntry BoolAssgnmnt="1" Value="3"/>
</AssgnmntListEntry>
</AssgnmntPrefix>
</AssgnmntList>
<ObjMetaDataList/>
<MetaDataList/>
</TestCase>
<TestCase Comment="Failure&#10;java.lang.AssertionError: Method should throw exception. expected:&lt;true&gt; but was:&lt;false&gt;&#10;&#9;at org.junit.Assert.fail(Assert.java:93)&#10;&#9;at org.junit.Assert.failNotEquals(Assert.java:647)&#10;&#9;at org.junit.Assert.assertEquals(Assert.java:128)&#10;&#9;at org.jfree.data.CalculateRowTotal.nullDataObjectPassed(CalculateRowTotal.java:22)&#10;&#9;at sun.reflect.NativeMethodAccessorImpl.invoke0(Native Method)&#10;&#9;at sun.reflect.NativeMethodAccessorImpl.invoke(NativeMethodAccessorImpl.java:39)&#10;&#9;at sun.reflect.DelegatingMethodAccessorImpl.invoke(DelegatingMethodAccessorImpl.java:25)&#10;&#9;at java.lang.reflect.Method.invoke(Method.java:597)&#10;&#9;at org.junit.runners.model.FrameworkMethod$1.runReflectiveCall(FrameworkMethod.java:45)&#10;&#9;at org.junit.internal.runners.model.ReflectiveCallable.run(ReflectiveCallable.java:15)&#10;&#9;at org.junit.runners.model.FrameworkMethod.invokeExplosively(FrameworkMethod.java:42)&#10;&#9;at org.junit.internal.runners.statements.InvokeMethod.evaluate(InvokeMethod.java:20)&#10;&#9;at org.junit.runners.ParentRunner.runLeaf(ParentRunner.java:263)&#10;&#9;at org.junit.runners.BlockJUnit4ClassRunner.runChild(BlockJUnit4ClassRunner.java:68)&#10;&#9;at org.junit.runners.BlockJUnit4ClassRunner.runChild(BlockJUnit4ClassRunner.java:47)&#10;&#9;at org.junit.runners.ParentRunner$3.run(ParentRunner.java:231)&#10;&#9;at org.junit.runners.ParentRunner$1.schedule(ParentRunner.java:60)&#10;&#9;at org.junit.runners.ParentRunner.runChildren(ParentRunner.java:229)&#10;&#9;at org.junit.runners.ParentRunner.access$000(ParentRunner.java:50)&#10;&#9;at org.junit.runners.ParentRunner$2.evaluate(ParentRunner.java:222)&#10;&#9;at org.junit.runners.ParentRunner.run(ParentRunner.java:300)&#10;&#9;at org.eclipse.jdt.internal.junit4.runner.JUnit4TestReference.run(JUnit4TestReference.java:49)&#10;&#9;at org.eclipse.jdt.internal.junit.runner.TestExecution.run(TestExecution.java:38)&#10;&#9;at org.eclipse.jdt.internal.junit.runner.RemoteTestRunner.runTests(RemoteTestRunner.java:467)&#10;&#9;at org.eclipse.jdt.internal.junit.runner.RemoteTestRunner.runTests(RemoteTestRunner.java:683)&#10;&#9;at org.eclipse.jdt.internal.junit.runner.RemoteTestRunner.run(RemoteTestRunner.java:390)&#10;&#9;at org.codecover.juniteclipse.runner.EclipseTestRunner.main(EclipseTestRunner.java:40)" Date="1329200749786" Name="org.jfree.data.CalculateRowTotal:nullDataObjectPassed">
<CovList>
<CovPrefix CovItemPrefix="org.jfree.data.DataUtilities.java">
<Cov CovItemId="S8" Value="1"/>
<Cov CovItemId="S9" Value="1"/>
</CovPrefix>
</CovList>
<AssgnmntList/>
<ObjMetaDataList/>
<MetaDataList/>
</TestCase>
<TestCase Comment="Error&#10;java.lang.IllegalStateException: tried to return a java.lang.Boolean from a method that can only return a java.lang.Number&#10;&#9;at org.jmock.api.Invocation.reportTypeError(Invocation.java:151)&#10;&#9;at org.jmock.api.Invocation.checkReturnTypeCompatibility(Invocation.java:119)&#10;&#9;at org.jmock.internal.InvocationExpectation.invoke(InvocationExpectation.java:115)&#10;&#9;at org.jmock.internal.InvocationDispatcher.dispatch(InvocationDispatcher.java:52)&#10;&#9;at org.jmock.Mockery.dispatch(Mockery.java:218)&#10;&#9;at org.jmock.Mockery.access$000(Mockery.java:43)&#10;&#9;at org.jmock.Mockery$MockObject.invoke(Mockery.java:258)&#10;&#9;at org.jmock.internal.InvocationDiverter.invoke(InvocationDiverter.java:27)&#10;&#9;at org.jmock.internal.FakeObjectMethods.invoke(FakeObjectMethods.java:38)&#10;&#9;at org.jmock.lib.JavaReflectionImposteriser$1.invoke(JavaReflectionImposteriser.java:33)&#10;&#9;at $Proxy7.getValue(Unknown Source)&#10;&#9;at org.jfree.data.DataUtilities.calculateRowTotal(DataUtilities.java:149)&#10;&#9;at org.jfree.data.CalculateRowTotal.invalidDataPassed(CalculateRowTotal.java:40)&#10;&#9;at sun.reflect.NativeMethodAccessorImpl.invoke0(Native Method)&#10;&#9;at sun.reflect.NativeMethodAccessorImpl.invoke(NativeMethodAccessorImpl.java:39)&#10;&#9;at sun.reflect.DelegatingMethodAccessorImpl.invoke(DelegatingMethodAccessorImpl.java:25)&#10;&#9;at java.lang.reflect.Method.invoke(Method.java:597)&#10;&#9;at org.junit.runners.model.FrameworkMethod$1.runReflectiveCall(FrameworkMethod.java:45)&#10;&#9;at org.junit.internal.runners.model.ReflectiveCallable.run(ReflectiveCallable.java:15)&#10;&#9;at org.junit.runners.model.FrameworkMethod.invokeExplosively(FrameworkMethod.java:42)&#10;&#9;at org.junit.internal.runners.statements.InvokeMethod.evaluate(InvokeMethod.java:20)&#10;&#9;at org.junit.runners.ParentRunner.runLeaf(ParentRunner.java:263)&#10;&#9;at org.junit.runners.BlockJUnit4ClassRunner.runChild(BlockJUnit4ClassRunner.java:68)&#10;&#9;at org.junit.runners.BlockJUnit4ClassRunner.runChild(BlockJUnit4ClassRunner.java:47)&#10;&#9;at org.junit.runners.ParentRunner$3.run(ParentRunner.java:231)&#10;&#9;at org.junit.runners.ParentRunner$1.schedule(ParentRunner.java:60)&#10;&#9;at org.junit.runners.ParentRunner.runChildren(ParentRunner.java:229)&#10;&#9;at org.junit.runners.ParentRunner.access$000(ParentRunner.java:50)&#10;&#9;at org.junit.runners.ParentRunner$2.evaluate(ParentRunner.java:222)&#10;&#9;at org.junit.runners.ParentRunner.run(ParentRunner.java:300)&#10;&#9;at org.eclipse.jdt.internal.junit4.runner.JUnit4TestReference.run(JUnit4TestReference.java:49)&#10;&#9;at org.eclipse.jdt.internal.junit.runner.TestExecution.run(TestExecution.java:38)&#10;&#9;at org.eclipse.jdt.internal.junit.runner.RemoteTestRunner.runTests(RemoteTestRunner.java:467)&#10;&#9;at org.eclipse.jdt.internal.junit.runner.RemoteTestRunner.runTests(RemoteTestRunner.java:683)&#10;&#9;at org.eclipse.jdt.internal.junit.runner.RemoteTestRunner.run(RemoteTestRunner.java:390)&#10;&#9;at org.codecover.juniteclipse.runner.EclipseTestRunner.main(EclipseTestRunner.java:40)" Date="1329200749789" Name="org.jfree.data.CalculateRowTotal:invalidDataPassed">
<CovList>
<CovPrefix CovItemPrefix="org.jfree.data.DataUtilities.java">
<Cov CovItemId="L2-1" Value="1"/>
<Cov CovItemId="S10" Value="1"/>
<Cov CovItemId="S11" Value="1"/>
<Cov CovItemId="S8" Value="1"/>
<Cov CovItemId="S9" Value="1"/>
</CovPrefix>
</CovList>
<AssgnmntList>
<AssgnmntPrefix RootTermCovItemPrefix="org.jfree.data.DataUtilities.java">
<AssgnmntListEntry Length="1" RootTermCovItemId="C3">
<MapEntry BoolAssgnmnt="1" Value="1"/>
</AssgnmntListEntry>
</AssgnmntPrefix>
</AssgnmntList>
<ObjMetaDataList/>
<MetaDataList/>
</TestCase>
<TestCase Comment="" Date="1329200749797" Name="org.jfree.data.CalculateRowTotal:columnIsLastColumnInTable">
<CovList>
<CovPrefix CovItemPrefix="org.jfree.data.DataUtilities.java">
<Cov CovItemId="B3" Value="3"/>
<Cov CovItemId="L2-2" Value="1"/>
<Cov CovItemId="S10" Value="1"/>
<Cov CovItemId="S11" Value="3"/>
<Cov CovItemId="S12" Value="3"/>
<Cov CovItemId="S13" Value="3"/>
<Cov CovItemId="S14" Value="1"/>
<Cov CovItemId="S8" Value="1"/>
<Cov CovItemId="S9" Value="1"/>
</CovPrefix>
</CovList>
<AssgnmntList>
<AssgnmntPrefix RootTermCovItemPrefix="org.jfree.data.DataUtilities.java">
<AssgnmntListEntry Length="1" RootTermCovItemId="C3">
<MapEntry BoolAssgnmnt="0" Value="1"/>
<MapEntry BoolAssgnmnt="1" Value="3"/>
</AssgnmntListEntry>
<AssgnmntListEntry Length="1" RootTermCovItemId="C4">
<MapEntry BoolAssgnmnt="1" Value="3"/>
</AssgnmntListEntry>
</AssgnmntPrefix>
</AssgnmntList>
<ObjMetaDataList/>
<MetaDataList/>
</TestCase>
<TestCase Comment="" Date="1329200749799" Name="org.jfree.data.CalculateRowTotal:columnIsFirstInTable">
<CovList>
<CovPrefix CovItemPrefix="org.jfree.data.DataUtilities.java">
<Cov CovItemId="B3" Value="3"/>
<Cov CovItemId="L2-2" Value="1"/>
<Cov CovItemId="S10" Value="1"/>
<Cov CovItemId="S11" Value="3"/>
<Cov CovItemId="S12" Value="3"/>
<Cov CovItemId="S13" Value="3"/>
<Cov CovItemId="S14" Value="1"/>
<Cov CovItemId="S8" Value="1"/>
<Cov CovItemId="S9" Value="1"/>
</CovPrefix>
</CovList>
<AssgnmntList>
<AssgnmntPrefix RootTermCovItemPrefix="org.jfree.data.DataUtilities.java">
<AssgnmntListEntry Length="1" RootTermCovItemId="C3">
<MapEntry BoolAssgnmnt="0" Value="1"/>
<MapEntry BoolAssgnmnt="1" Value="3"/>
</AssgnmntListEntry>
<AssgnmntListEntry Length="1" RootTermCovItemId="C4">
<MapEntry BoolAssgnmnt="1" Value="3"/>
</AssgnmntListEntry>
</AssgnmntPrefix>
</AssgnmntList>
<ObjMetaDataList/>
<MetaDataList/>
</TestCase>
<TestCase Comment="Error&#10;unexpected invocation: values2D.getValue(&lt;-1&gt;, &lt;0&gt;)&#10;expectations:&#10;  expected once, already invoked 1 time: values2D.getColumnCount(); returns &lt;3&gt;&#10;what happened before this:&#10;  values2D.getColumnCount()&#10;&#10;&#9;at org.jmock.internal.InvocationDispatcher.dispatch(InvocationDispatcher.java:56)&#10;&#9;at org.jmock.Mockery.dispatch(Mockery.java:218)&#10;&#9;at org.jmock.Mockery.access$000(Mockery.java:43)&#10;&#9;at org.jmock.Mockery$MockObject.invoke(Mockery.java:258)&#10;&#9;at org.jmock.internal.InvocationDiverter.invoke(InvocationDiverter.java:27)&#10;&#9;at org.jmock.internal.FakeObjectMethods.invoke(FakeObjectMethods.java:38)&#10;&#9;at org.jmock.lib.JavaReflectionImposteriser$1.invoke(JavaReflectionImposteriser.java:33)&#10;&#9;at $Proxy7.getValue(Unknown Source)&#10;&#9;at org.jfree.data.DataUtilities.calculateRowTotal(DataUtilities.java:149)&#10;&#9;at org.jfree.data.CalculateRowTotal.columnIsNegativeOne(CalculateRowTotal.java:94)&#10;&#9;at sun.reflect.NativeMethodAccessorImpl.invoke0(Native Method)&#10;&#9;at sun.reflect.NativeMethodAccessorImpl.invoke(NativeMethodAccessorImpl.java:39)&#10;&#9;at sun.reflect.DelegatingMethodAccessorImpl.invoke(DelegatingMethodAccessorImpl.java:25)&#10;&#9;at java.lang.reflect.Method.invoke(Method.java:597)&#10;&#9;at org.junit.runners.model.FrameworkMethod$1.runReflectiveCall(FrameworkMethod.java:45)&#10;&#9;at org.junit.internal.runners.model.ReflectiveCallable.run(ReflectiveCallable.java:15)&#10;&#9;at org.junit.runners.model.FrameworkMethod.invokeExplosively(FrameworkMethod.java:42)&#10;&#9;at org.junit.internal.runners.statements.InvokeMethod.evaluate(InvokeMethod.java:20)&#10;&#9;at org.junit.runners.ParentRunner.runLeaf(ParentRunner.java:263)&#10;&#9;at org.junit.runners.BlockJUnit4ClassRunner.runChild(BlockJUnit4ClassRunner.java:68)&#10;&#9;at org.junit.runners.BlockJUnit4ClassRunner.runChild(BlockJUnit4ClassRunner.java:47)&#10;&#9;at org.junit.runners.ParentRunner$3.run(ParentRunner.java:231)&#10;&#9;at org.junit.runners.ParentRunner$1.schedule(ParentRunner.java:60)&#10;&#9;at org.junit.runners.ParentRunner.runChildren(ParentRunner.java:229)&#10;&#9;at org.junit.runners.ParentRunner.access$000(ParentRunner.java:50)&#10;&#9;at org.junit.runners.ParentRunner$2.evaluate(ParentRunner.java:222)&#10;&#9;at org.junit.runners.ParentRunner.run(ParentRunner.java:300)&#10;&#9;at org.eclipse.jdt.internal.junit4.runner.JUnit4TestReference.run(JUnit4TestReference.java:49)&#10;&#9;at org.eclipse.jdt.internal.junit.runner.TestExecution.run(TestExecution.java:38)&#10;&#9;at org.eclipse.jdt.internal.junit.runner.RemoteTestRunner.runTests(RemoteTestRunner.java:467)&#10;&#9;at org.eclipse.jdt.internal.junit.runner.RemoteTestRunner.runTests(RemoteTestRunner.java:683)&#10;&#9;at org.eclipse.jdt.internal.junit.runner.RemoteTestRunner.run(RemoteTestRunner.java:390)&#10;&#9;at org.codecover.juniteclipse.runner.EclipseTestRunner.main(EclipseTestRunner.java:40)" Date="1329200749802" Name="org.jfree.data.CalculateRowTotal:columnIsNegativeOne">
<CovList>
<CovPrefix CovItemPrefix="org.jfree.data.DataUtilities.java">
<Cov CovItemId="L2-1" Value="1"/>
<Cov CovItemId="S10" Value="1"/>
<Cov CovItemId="S11" Value="1"/>
<Cov CovItemId="S8" Value="1"/>
<Cov CovItemId="S9" Value="1"/>
</CovPrefix>
</CovList>
<AssgnmntList>
<AssgnmntPrefix RootTermCovItemPrefix="org.jfree.data.DataUtilities.java">
<AssgnmntListEntry Length="1" RootTermCovItemId="C3">
<MapEntry BoolAssgnmnt="1" Value="1"/>
</AssgnmntListEntry>
</AssgnmntPrefix>
</AssgnmntList>
<ObjMetaDataList/>
<MetaDataList/>
</TestCase>
<TestCase Comment="Error&#10;unexpected invocation: values2D.getValue(&lt;3&gt;, &lt;0&gt;)&#10;expectations:&#10;  expected once, already invoked 1 time: values2D.getColumnCount(); returns &lt;3&gt;&#10;what happened before this:&#10;  values2D.getColumnCount()&#10;&#10;&#9;at org.jmock.internal.InvocationDispatcher.dispatch(InvocationDispatcher.java:56)&#10;&#9;at org.jmock.Mockery.dispatch(Mockery.java:218)&#10;&#9;at org.jmock.Mockery.access$000(Mockery.java:43)&#10;&#9;at org.jmock.Mockery$MockObject.invoke(Mockery.java:258)&#10;&#9;at org.jmock.internal.InvocationDiverter.invoke(InvocationDiverter.java:27)&#10;&#9;at org.jmock.internal.FakeObjectMethods.invoke(FakeObjectMethods.java:38)&#10;&#9;at org.jmock.lib.JavaReflectionImposteriser$1.invoke(JavaReflectionImposteriser.java:33)&#10;&#9;at $Proxy7.getValue(Unknown Source)&#10;&#9;at org.jfree.data.DataUtilities.calculateRowTotal(DataUtilities.java:149)&#10;&#9;at org.jfree.data.CalculateRowTotal.columnIsOneMoreThanMax(CalculateRowTotal.java:108)&#10;&#9;at sun.reflect.NativeMethodAccessorImpl.invoke0(Native Method)&#10;&#9;at sun.reflect.NativeMethodAccessorImpl.invoke(NativeMethodAccessorImpl.java:39)&#10;&#9;at sun.reflect.DelegatingMethodAccessorImpl.invoke(DelegatingMethodAccessorImpl.java:25)&#10;&#9;at java.lang.reflect.Method.invoke(Method.java:597)&#10;&#9;at org.junit.runners.model.FrameworkMethod$1.runReflectiveCall(FrameworkMethod.java:45)&#10;&#9;at org.junit.internal.runners.model.ReflectiveCallable.run(ReflectiveCallable.java:15)&#10;&#9;at org.junit.runners.model.FrameworkMethod.invokeExplosively(FrameworkMethod.java:42)&#10;&#9;at org.junit.internal.runners.statements.InvokeMethod.evaluate(InvokeMethod.java:20)&#10;&#9;at org.junit.runners.ParentRunner.runLeaf(ParentRunner.java:263)&#10;&#9;at org.junit.runners.BlockJUnit4ClassRunner.runChild(BlockJUnit4ClassRunner.java:68)&#10;&#9;at org.junit.runners.BlockJUnit4ClassRunner.runChild(BlockJUnit4ClassRunner.java:47)&#10;&#9;at org.junit.runners.ParentRunner$3.run(ParentRunner.java:231)&#10;&#9;at org.junit.runners.ParentRunner$1.schedule(ParentRunner.java:60)&#10;&#9;at org.junit.runners.ParentRunner.runChildren(ParentRunner.java:229)&#10;&#9;at org.junit.runners.ParentRunner.access$000(ParentRunner.java:50)&#10;&#9;at org.junit.runners.ParentRunner$2.evaluate(ParentRunner.java:222)&#10;&#9;at org.junit.runners.ParentRunner.run(ParentRunner.java:300)&#10;&#9;at org.eclipse.jdt.internal.junit4.runner.JUnit4TestReference.run(JUnit4TestReference.java:49)&#10;&#9;at org.eclipse.jdt.internal.junit.runner.TestExecution.run(TestExecution.java:38)&#10;&#9;at org.eclipse.jdt.internal.junit.runner.RemoteTestRunner.runTests(RemoteTestRunner.java:467)&#10;&#9;at org.eclipse.jdt.internal.junit.runner.RemoteTestRunner.runTests(RemoteTestRunner.java:683)&#10;&#9;at org.eclipse.jdt.internal.junit.runner.RemoteTestRunner.run(RemoteTestRunner.java:390)&#10;&#9;at org.codecover.juniteclipse.runner.EclipseTestRunner.main(EclipseTestRunner.java:40)" Date="1329200749806" Name="org.jfree.data.CalculateRowTotal:columnIsOneMoreThanMax">
<CovList>
<CovPrefix CovItemPrefix="org.jfree.data.DataUtilities.java">
<Cov CovItemId="L2-1" Value="1"/>
<Cov CovItemId="S10" Value="1"/>
<Cov CovItemId="S11" Value="1"/>
<Cov CovItemId="S8" Value="1"/>
<Cov CovItemId="S9" Value="1"/>
</CovPrefix>
</CovList>
<AssgnmntList>
<AssgnmntPrefix RootTermCovItemPrefix="org.jfree.data.DataUtilities.java">
<AssgnmntListEntry Length="1" RootTermCovItemId="C3">
<MapEntry BoolAssgnmnt="1" Value="1"/>
</AssgnmntListEntry>
</AssgnmntPrefix>
</AssgnmntList>
<ObjMetaDataList/>
<MetaDataList/>
</TestCase>
<TestCase Comment="" Date="1329200749813" Name="org.jfree.data.CalculateRowTotal:columnIsCentralInTable">
<CovList>
<CovPrefix CovItemPrefix="org.jfree.data.DataUtilities.java">
<Cov CovItemId="B3" Value="3"/>
<Cov CovItemId="L2-2" Value="1"/>
<Cov CovItemId="S10" Value="1"/>
<Cov CovItemId="S11" Value="3"/>
<Cov CovItemId="S12" Value="3"/>
<Cov CovItemId="S13" Value="3"/>
<Cov CovItemId="S14" Value="1"/>
<Cov CovItemId="S8" Value="1"/>
<Cov CovItemId="S9" Value="1"/>
</CovPrefix>
</CovList>
<AssgnmntList>
<AssgnmntPrefix RootTermCovItemPrefix="org.jfree.data.DataUtilities.java">
<AssgnmntListEntry Length="1" RootTermCovItemId="C3">
<MapEntry BoolAssgnmnt="0" Value="1"/>
<MapEntry BoolAssgnmnt="1" Value="3"/>
</AssgnmntListEntry>
<AssgnmntListEntry Length="1" RootTermCovItemId="C4">
<MapEntry BoolAssgnmnt="1" Value="3"/>
</AssgnmntListEntry>
</AssgnmntPrefix>
</AssgnmntList>
<ObjMetaDataList/>
<MetaDataList/>
</TestCase>
<TestCase Comment="Failure&#10;java.lang.AssertionError: Method should throw exception. expected:&lt;true&gt; but was:&lt;false&gt;&#10;&#9;at org.junit.Assert.fail(Assert.java:93)&#10;&#9;at org.junit.Assert.failNotEquals(Assert.java:647)&#10;&#9;at org.junit.Assert.assertEquals(Assert.java:128)&#10;&#9;at org.jfree.data.DataUtilitiesTest.testCalculateColumnTotal_nullDataObjectPassed(DataUtilitiesTest.java:22)&#10;&#9;at sun.reflect.NativeMethodAccessorImpl.invoke0(Native Method)&#10;&#9;at sun.reflect.NativeMethodAccessorImpl.invoke(NativeMethodAccessorImpl.java:39)&#10;&#9;at sun.reflect.DelegatingMethodAccessorImpl.invoke(DelegatingMethodAccessorImpl.java:25)&#10;&#9;at java.lang.reflect.Method.invoke(Method.java:597)&#10;&#9;at org.junit.runners.model.FrameworkMethod$1.runReflectiveCall(FrameworkMethod.java:45)&#10;&#9;at org.junit.internal.runners.model.ReflectiveCallable.run(ReflectiveCallable.java:15)&#10;&#9;at org.junit.runners.model.FrameworkMethod.invokeExplosively(FrameworkMethod.java:42)&#10;&#9;at org.junit.internal.runners.statements.InvokeMethod.evaluate(InvokeMethod.java:20)&#10;&#9;at org.junit.runners.ParentRunner.runLeaf(ParentRunner.java:263)&#10;&#9;at org.junit.runners.BlockJUnit4ClassRunner.runChild(BlockJUnit4ClassRunner.java:68)&#10;&#9;at org.junit.runners.BlockJUnit4ClassRunner.runChild(BlockJUnit4ClassRunner.java:47)&#10;&#9;at org.junit.runners.ParentRunner$3.run(ParentRunner.java:231)&#10;&#9;at org.junit.runners.ParentRunner$1.schedule(ParentRunner.java:60)&#10;&#9;at org.junit.runners.ParentRunner.runChildren(ParentRunner.java:229)&#10;&#9;at org.junit.runners.ParentRunner.access$000(ParentRunner.java:50)&#10;&#9;at org.junit.runners.ParentRunner$2.evaluate(ParentRunner.java:222)&#10;&#9;at org.junit.runners.ParentRunner.run(ParentRunner.java:300)&#10;&#9;at org.eclipse.jdt.internal.junit4.runner.JUnit4TestReference.run(JUnit4TestReference.java:49)&#10;&#9;at org.eclipse.jdt.internal.junit.runner.TestExecution.run(TestExecution.java:38)&#10;&#9;at org.eclipse.jdt.internal.junit.runner.RemoteTestRunner.runTests(RemoteTestRunner.java:467)&#10;&#9;at org.eclipse.jdt.internal.junit.runner.RemoteTestRunner.runTests(RemoteTestRunner.java:683)&#10;&#9;at org.eclipse.jdt.internal.junit.runner.RemoteTestRunner.run(RemoteTestRunner.java:390)&#10;&#9;at org.codecover.juniteclipse.runner.EclipseTestRunner.main(EclipseTestRunner.java:40)" Date="1329200749837" Name="org.jfree.data.DataUtilitiesTest:testCalculateColumnTotal_nullDataObjectPassed">
<CovList>
<CovPrefix CovItemPrefix="org.jfree.data.DataUtilities.java">
<Cov CovItemId="S1" Value="1"/>
<Cov CovItemId="S2" Value="1"/>
</CovPrefix>
</CovList>
<AssgnmntList/>
<ObjMetaDataList/>
<MetaDataList/>
</TestCase>
<TestCase Comment="Error&#10;java.lang.IllegalStateException: tried to return a java.lang.Boolean from a method that can only return a java.lang.Number&#10;&#9;at org.jmock.api.Invocation.reportTypeError(Invocation.java:151)&#10;&#9;at org.jmock.api.Invocation.checkReturnTypeCompatibility(Invocation.java:119)&#10;&#9;at org.jmock.internal.InvocationExpectation.invoke(InvocationExpectation.java:115)&#10;&#9;at org.jmock.internal.InvocationDispatcher.dispatch(InvocationDispatcher.java:52)&#10;&#9;at org.jmock.Mockery.dispatch(Mockery.java:218)&#10;&#9;at org.jmock.Mockery.access$000(Mockery.java:43)&#10;&#9;at org.jmock.Mockery$MockObject.invoke(Mockery.java:258)&#10;&#9;at org.jmock.internal.InvocationDiverter.invoke(InvocationDiverter.java:27)&#10;&#9;at org.jmock.internal.FakeObjectMethods.invoke(FakeObjectMethods.java:38)&#10;&#9;at org.jmock.lib.JavaReflectionImposteriser$1.invoke(JavaReflectionImposteriser.java:33)&#10;&#9;at $Proxy7.getValue(Unknown Source)&#10;&#9;at org.jfree.data.DataUtilities.calculateColumnTotal(DataUtilities.java:95)&#10;&#9;at org.jfree.data.DataUtilitiesTest.testCalculateColumnTotal_invalidDataPassed(DataUtilitiesTest.java:40)&#10;&#9;at sun.reflect.NativeMethodAccessorImpl.invoke0(Native Method)&#10;&#9;at sun.reflect.NativeMethodAccessorImpl.invoke(NativeMethodAccessorImpl.java:39)&#10;&#9;at sun.reflect.DelegatingMethodAccessorImpl.invoke(DelegatingMethodAccessorImpl.java:25)&#10;&#9;at java.lang.reflect.Method.invoke(Method.java:597)&#10;&#9;at org.junit.runners.model.FrameworkMethod$1.runReflectiveCall(FrameworkMethod.java:45)&#10;&#9;at org.junit.internal.runners.model.ReflectiveCallable.run(ReflectiveCallable.java:15)&#10;&#9;at org.junit.runners.model.FrameworkMethod.invokeExplosively(FrameworkMethod.java:42)&#10;&#9;at org.junit.internal.runners.statements.InvokeMethod.evaluate(InvokeMethod.java:20)&#10;&#9;at org.junit.runners.ParentRunner.runLeaf(ParentRunner.java:263)&#10;&#9;at org.junit.runners.BlockJUnit4ClassRunner.runChild(BlockJUnit4ClassRunner.java:68)&#10;&#9;at org.junit.runners.BlockJUnit4ClassRunner.runChild(BlockJUnit4ClassRunner.java:47)&#10;&#9;at org.junit.runners.ParentRunner$3.run(ParentRunner.java:231)&#10;&#9;at org.junit.runners.ParentRunner$1.schedule(ParentRunner.java:60)&#10;&#9;at org.junit.runners.ParentRunner.runChildren(ParentRunner.java:229)&#10;&#9;at org.junit.runners.ParentRunner.access$000(ParentRunner.java:50)&#10;&#9;at org.junit.runners.ParentRunner$2.evaluate(ParentRunner.java:222)&#10;&#9;at org.junit.runners.ParentRunner.run(ParentRunner.java:300)&#10;&#9;at org.eclipse.jdt.internal.junit4.runner.JUnit4TestReference.run(JUnit4TestReference.java:49)&#10;&#9;at org.eclipse.jdt.internal.junit.runner.TestExecution.run(TestExecution.java:38)&#10;&#9;at org.eclipse.jdt.internal.junit.runner.RemoteTestRunner.runTests(RemoteTestRunner.java:467)&#10;&#9;at org.eclipse.jdt.internal.junit.runner.RemoteTestRunner.runTests(RemoteTestRunner.java:683)&#10;&#9;at org.eclipse.jdt.internal.junit.runner.RemoteTestRunner.run(RemoteTestRunner.java:390)&#10;&#9;at org.codecover.juniteclipse.runner.EclipseTestRunner.main(EclipseTestRunner.java:40)" Date="1329200749993" Name="org.jfree.data.DataUtilitiesTest:testCalculateColumnTotal_invalidDataPassed">
<CovList>
<CovPrefix CovItemPrefix="org.jfree.data.DataUtilities.java">
<Cov CovItemId="L1-1" Value="1"/>
<Cov CovItemId="S1" Value="1"/>
<Cov CovItemId="S2" Value="1"/>
<Cov CovItemId="S3" Value="1"/>
<Cov CovItemId="S4" Value="1"/>
</CovPrefix>
</CovList>
<AssgnmntList>
<AssgnmntPrefix RootTermCovItemPrefix="org.jfree.data.DataUtilities.java">
<AssgnmntListEntry Length="1" RootTermCovItemId="C1">
<MapEntry BoolAssgnmnt="1" Value="1"/>
</AssgnmntListEntry>
</AssgnmntPrefix>
</AssgnmntList>
<ObjMetaDataList/>
<MetaDataList/>
</TestCase>
<TestCase Comment="" Date="1329200750174" Name="org.jfree.data.DataUtilitiesTest:testCalculateColumnTotal_columnIsLastColumnInTable">
<CovList>
<CovPrefix CovItemPrefix="org.jfree.data.DataUtilities.java">
<Cov CovItemId="B1" Value="3"/>
<Cov CovItemId="L1-2" Value="1"/>
<Cov CovItemId="S1" Value="1"/>
<Cov CovItemId="S2" Value="1"/>
<Cov CovItemId="S3" Value="1"/>
<Cov CovItemId="S4" Value="3"/>
<Cov CovItemId="S5" Value="3"/>
<Cov CovItemId="S6" Value="3"/>
<Cov CovItemId="S7" Value="1"/>
</CovPrefix>
</CovList>
<AssgnmntList>
<AssgnmntPrefix RootTermCovItemPrefix="org.jfree.data.DataUtilities.java">
<AssgnmntListEntry Length="1" RootTermCovItemId="C1">
<MapEntry BoolAssgnmnt="0" Value="1"/>
<MapEntry BoolAssgnmnt="1" Value="3"/>
</AssgnmntListEntry>
<AssgnmntListEntry Length="1" RootTermCovItemId="C2">
<MapEntry BoolAssgnmnt="1" Value="3"/>
</AssgnmntListEntry>
</AssgnmntPrefix>
</AssgnmntList>
<ObjMetaDataList/>
<MetaDataList/>
</TestCase>
<TestCase Comment="" Date="1329200750190" Name="org.jfree.data.DataUtilitiesTest:testCalculateColumnTotal_columnIsFirstInTable">
<CovList>
<CovPrefix CovItemPrefix="org.jfree.data.DataUtilities.java">
<Cov CovItemId="B1" Value="3"/>
<Cov CovItemId="L1-2" Value="1"/>
<Cov CovItemId="S1" Value="1"/>
<Cov CovItemId="S2" Value="1"/>
<Cov CovItemId="S3" Value="1"/>
<Cov CovItemId="S4" Value="3"/>
<Cov CovItemId="S5" Value="3"/>
<Cov CovItemId="S6" Value="3"/>
<Cov CovItemId="S7" Value="1"/>
</CovPrefix>
</CovList>
<AssgnmntList>
<AssgnmntPrefix RootTermCovItemPrefix="org.jfree.data.DataUtilities.java">
<AssgnmntListEntry Length="1" RootTermCovItemId="C1">
<MapEntry BoolAssgnmnt="0" Value="1"/>
<MapEntry BoolAssgnmnt="1" Value="3"/>
</AssgnmntListEntry>
<AssgnmntListEntry Length="1" RootTermCovItemId="C2">
<MapEntry BoolAssgnmnt="1" Value="3"/>
</AssgnmntListEntry>
</AssgnmntPrefix>
</AssgnmntList>
<ObjMetaDataList/>
<MetaDataList/>
</TestCase>
<TestCase Comment="Error&#10;unexpected invocation: values2D.getValue(&lt;0&gt;, &lt;-1&gt;)&#10;expectations:&#10;  expected once, already invoked 1 time: values2D.getRowCount(); returns &lt;3&gt;&#10;what happened before this:&#10;  values2D.getRowCount()&#10;&#10;&#9;at org.jmock.internal.InvocationDispatcher.dispatch(InvocationDispatcher.java:56)&#10;&#9;at org.jmock.Mockery.dispatch(Mockery.java:218)&#10;&#9;at org.jmock.Mockery.access$000(Mockery.java:43)&#10;&#9;at org.jmock.Mockery$MockObject.invoke(Mockery.java:258)&#10;&#9;at org.jmock.internal.InvocationDiverter.invoke(InvocationDiverter.java:27)&#10;&#9;at org.jmock.internal.FakeObjectMethods.invoke(FakeObjectMethods.java:38)&#10;&#9;at org.jmock.lib.JavaReflectionImposteriser$1.invoke(JavaReflectionImposteriser.java:33)&#10;&#9;at $Proxy7.getValue(Unknown Source)&#10;&#9;at org.jfree.data.DataUtilities.calculateColumnTotal(DataUtilities.java:95)&#10;&#9;at org.jfree.data.DataUtilitiesTest.testCalculateColumnTotal_columnIsNegativeOne(DataUtilitiesTest.java:94)&#10;&#9;at sun.reflect.NativeMethodAccessorImpl.invoke0(Native Method)&#10;&#9;at sun.reflect.NativeMethodAccessorImpl.invoke(NativeMethodAccessorImpl.java:39)&#10;&#9;at sun.reflect.DelegatingMethodAccessorImpl.invoke(DelegatingMethodAccessorImpl.java:25)&#10;&#9;at java.lang.reflect.Method.invoke(Method.java:597)&#10;&#9;at org.junit.runners.model.FrameworkMethod$1.runReflectiveCall(FrameworkMethod.java:45)&#10;&#9;at org.junit.internal.runners.model.ReflectiveCallable.run(ReflectiveCallable.java:15)&#10;&#9;at org.junit.runners.model.FrameworkMethod.invokeExplosively(FrameworkMethod.java:42)&#10;&#9;at org.junit.internal.runners.statements.InvokeMethod.evaluate(InvokeMethod.java:20)&#10;&#9;at org.junit.runners.ParentRunner.runLeaf(ParentRunner.java:263)&#10;&#9;at org.junit.runners.BlockJUnit4ClassRunner.runChild(BlockJUnit4ClassRunner.java:68)&#10;&#9;at org.junit.runners.BlockJUnit4ClassRunner.runChild(BlockJUnit4ClassRunner.java:47)&#10;&#9;at org.junit.runners.ParentRunner$3.run(ParentRunner.java:231)&#10;&#9;at org.junit.runners.ParentRunner$1.schedule(ParentRunner.java:60)&#10;&#9;at org.junit.runners.ParentRunner.runChildren(ParentRunner.java:229)&#10;&#9;at org.junit.runners.ParentRunner.access$000(ParentRunner.java:50)&#10;&#9;at org.junit.runners.ParentRunner$2.evaluate(ParentRunner.java:222)&#10;&#9;at org.junit.runners.ParentRunner.run(ParentRunner.java:300)&#10;&#9;at org.eclipse.jdt.internal.junit4.runner.JUnit4TestReference.run(JUnit4TestReference.java:49)&#10;&#9;at org.eclipse.jdt.internal.junit.runner.TestExecution.run(TestExecution.java:38)&#10;&#9;at org.eclipse.jdt.internal.junit.runner.RemoteTestRunner.runTests(RemoteTestRunner.java:467)&#10;&#9;at org.eclipse.jdt.internal.junit.runner.RemoteTestRunner.runTests(RemoteTestRunner.java:683)&#10;&#9;at org.eclipse.jdt.internal.junit.runner.RemoteTestRunner.run(RemoteTestRunner.java:390)&#10;&#9;at org.codecover.juniteclipse.runner.EclipseTestRunner.main(EclipseTestRunner.java:40)" Date="1329200750202" Name="org.jfree.data.DataUtilitiesTest:testCalculateColumnTotal_columnIsNegativeOne">
<CovList>
<CovPrefix CovItemPrefix="org.jfree.data.DataUtilities.java">
<Cov CovItemId="L1-1" Value="1"/>
<Cov CovItemId="S1" Value="1"/>
<Cov CovItemId="S2" Value="1"/>
<Cov CovItemId="S3" Value="1"/>
<Cov CovItemId="S4" Value="1"/>
</CovPrefix>
</CovList>
<AssgnmntList>
<AssgnmntPrefix RootTermCovItemPrefix="org.jfree.data.DataUtilities.java">
<AssgnmntListEntry Length="1" RootTermCovItemId="C1">
<MapEntry BoolAssgnmnt="1" Value="1"/>
</AssgnmntListEntry>
</AssgnmntPrefix>
</AssgnmntList>
<ObjMetaDataList/>
<MetaDataList/>
</TestCase>
<TestCase Comment="Error&#10;unexpected invocation: values2D.getValue(&lt;0&gt;, &lt;3&gt;)&#10;expectations:&#10;  expected once, already invoked 1 time: values2D.getRowCount(); returns &lt;3&gt;&#10;what happened before this:&#10;  values2D.getRowCount()&#10;&#10;&#9;at org.jmock.internal.InvocationDispatcher.dispatch(InvocationDispatcher.java:56)&#10;&#9;at org.jmock.Mockery.dispatch(Mockery.java:218)&#10;&#9;at org.jmock.Mockery.access$000(Mockery.java:43)&#10;&#9;at org.jmock.Mockery$MockObject.invoke(Mockery.java:258)&#10;&#9;at org.jmock.internal.InvocationDiverter.invoke(InvocationDiverter.java:27)&#10;&#9;at org.jmock.internal.FakeObjectMethods.invoke(FakeObjectMethods.java:38)&#10;&#9;at org.jmock.lib.JavaReflectionImposteriser$1.invoke(JavaReflectionImposteriser.java:33)&#10;&#9;at $Proxy7.getValue(Unknown Source)&#10;&#9;at org.jfree.data.DataUtilities.calculateColumnTotal(DataUtilities.java:95)&#10;&#9;at org.jfree.data.DataUtilitiesTest.testCalculateColumnTotal_columnIsOneMoreThanMax(DataUtilitiesTest.java:108)&#10;&#9;at sun.reflect.NativeMethodAccessorImpl.invoke0(Native Method)&#10;&#9;at sun.reflect.NativeMethodAccessorImpl.invoke(NativeMethodAccessorImpl.java:39)&#10;&#9;at sun.reflect.DelegatingMethodAccessorImpl.invoke(DelegatingMethodAccessorImpl.java:25)&#10;&#9;at java.lang.reflect.Method.invoke(Method.java:597)&#10;&#9;at org.junit.runners.model.FrameworkMethod$1.runReflectiveCall(FrameworkMethod.java:45)&#10;&#9;at org.junit.internal.runners.model.ReflectiveCallable.run(ReflectiveCallable.java:15)&#10;&#9;at org.junit.runners.model.FrameworkMethod.invokeExplosively(FrameworkMethod.java:42)&#10;&#9;at org.junit.internal.runners.statements.InvokeMethod.evaluate(InvokeMethod.java:20)&#10;&#9;at org.junit.runners.ParentRunner.runLeaf(ParentRunner.java:263)&#10;&#9;at org.junit.runners.BlockJUnit4ClassRunner.runChild(BlockJUnit4ClassRunner.java:68)&#10;&#9;at org.junit.runners.BlockJUnit4ClassRunner.runChild(BlockJUnit4ClassRunner.java:47)&#10;&#9;at org.junit.runners.ParentRunner$3.run(ParentRunner.java:231)&#10;&#9;at org.junit.runners.ParentRunner$1.schedule(ParentRunner.java:60)&#10;&#9;at org.junit.runners.ParentRunner.runChildren(ParentRunner.java:229)&#10;&#9;at org.junit.runners.ParentRunner.access$000(ParentRunner.java:50)&#10;&#9;at org.junit.runners.ParentRunner$2.evaluate(ParentRunner.java:222)&#10;&#9;at org.junit.runners.ParentRunner.run(ParentRunner.java:300)&#10;&#9;at org.eclipse.jdt.internal.junit4.runner.JUnit4TestReference.run(JUnit4TestReference.java:49)&#10;&#9;at org.eclipse.jdt.internal.junit.runner.TestExecution.run(TestExecution.java:38)&#10;&#9;at org.eclipse.jdt.internal.junit.runner.RemoteTestRunner.runTests(RemoteTestRunner.java:467)&#10;&#9;at org.eclipse.jdt.internal.junit.runner.RemoteTestRunner.runTests(RemoteTestRunner.java:683)&#10;&#9;at org.eclipse.jdt.internal.junit.runner.RemoteTestRunner.run(RemoteTestRunner.java:390)&#10;&#9;at org.codecover.juniteclipse.runner.EclipseTestRunner.main(EclipseTestRunner.java:40)" Date="1329200750218" Name="org.jfree.data.DataUtilitiesTest:testCalculateColumnTotal_columnIsOneMoreThanMax">
<CovList>
<CovPrefix CovItemPrefix="org.jfree.data.DataUtilities.java">
<Cov CovItemId="L1-1" Value="1"/>
<Cov CovItemId="S1" Value="1"/>
<Cov CovItemId="S2" Value="1"/>
<Cov CovItemId="S3" Value="1"/>
<Cov CovItemId="S4" Value="1"/>
</CovPrefix>
</CovList>
<AssgnmntList>
<AssgnmntPrefix RootTermCovItemPrefix="org.jfree.data.DataUtilities.java">
<AssgnmntListEntry Length="1" RootTermCovItemId="C1">
<MapEntry BoolAssgnmnt="1" Value="1"/>
</AssgnmntListEntry>
</AssgnmntPrefix>
</AssgnmntList>
<ObjMetaDataList/>
<MetaDataList/>
</TestCase>
<TestCase Comment="" Date="1329200750221" Name="org.jfree.data.DataUtilitiesTest:testCalculateColumnTotal_columnIsCentralInTable">
<CovList>
<CovPrefix CovItemPrefix="org.jfree.data.DataUtilities.java">
<Cov CovItemId="B1" Value="3"/>
<Cov CovItemId="L1-2" Value="1"/>
<Cov CovItemId="S1" Value="1"/>
<Cov CovItemId="S2" Value="1"/>
<Cov CovItemId="S3" Value="1"/>
<Cov CovItemId="S4" Value="3"/>
<Cov CovItemId="S5" Value="3"/>
<Cov CovItemId="S6" Value="3"/>
<Cov CovItemId="S7" Value="1"/>
</CovPrefix>
</CovList>
<AssgnmntList>
<AssgnmntPrefix RootTermCovItemPrefix="org.jfree.data.DataUtilities.java">
<AssgnmntListEntry Length="1" RootTermCovItemId="C1">
<MapEntry BoolAssgnmnt="0" Value="1"/>
<MapEntry BoolAssgnmnt="1" Value="3"/>
</AssgnmntListEntry>
<AssgnmntListEntry Length="1" RootTermCovItemId="C2">
<MapEntry BoolAssgnmnt="1" Value="3"/>
</AssgnmntListEntry>
</AssgnmntPrefix>
</AssgnmntList>
<ObjMetaDataList/>
<MetaDataList/>
</TestCase>
<TestCase Comment="Failure&#10;java.lang.AssertionError: Method should throw exception. expected:&lt;true&gt; but was:&lt;false&gt;&#10;&#9;at org.junit.Assert.fail(Assert.java:93)&#10;&#9;at org.junit.Assert.failNotEquals(Assert.java:647)&#10;&#9;at org.junit.Assert.assertEquals(Assert.java:128)&#10;&#9;at org.jfree.data.DataUtilitiesTest.testCalculateRowTotal_nullDataObjectPassed(DataUtilitiesTest.java:141)&#10;&#9;at sun.reflect.NativeMethodAccessorImpl.invoke0(Native Method)&#10;&#9;at sun.reflect.NativeMethodAccessorImpl.invoke(NativeMethodAccessorImpl.java:39)&#10;&#9;at sun.reflect.DelegatingMethodAccessorImpl.invoke(DelegatingMethodAccessorImpl.java:25)&#10;&#9;at java.lang.reflect.Method.invoke(Method.java:597)&#10;&#9;at org.junit.runners.model.FrameworkMethod$1.runReflectiveCall(FrameworkMethod.java:45)&#10;&#9;at org.junit.internal.runners.model.ReflectiveCallable.run(ReflectiveCallable.java:15)&#10;&#9;at org.junit.runners.model.FrameworkMethod.invokeExplosively(FrameworkMethod.java:42)&#10;&#9;at org.junit.internal.runners.statements.InvokeMethod.evaluate(InvokeMethod.java:20)&#10;&#9;at org.junit.runners.ParentRunner.runLeaf(ParentRunner.java:263)&#10;&#9;at org.junit.runners.BlockJUnit4ClassRunner.runChild(BlockJUnit4ClassRunner.java:68)&#10;&#9;at org.junit.runners.BlockJUnit4ClassRunner.runChild(BlockJUnit4ClassRunner.java:47)&#10;&#9;at org.junit.runners.ParentRunner$3.run(ParentRunner.java:231)&#10;&#9;at org.junit.runners.ParentRunner$1.schedule(ParentRunner.java:60)&#10;&#9;at org.junit.runners.ParentRunner.runChildren(ParentRunner.java:229)&#10;&#9;at org.junit.runners.ParentRunner.access$000(ParentRunner.java:50)&#10;&#9;at org.junit.runners.ParentRunner$2.evaluate(ParentRunner.java:222)&#10;&#9;at org.junit.runners.ParentRunner.run(ParentRunner.java:300)&#10;&#9;at org.eclipse.jdt.internal.junit4.runner.JUnit4TestReference.run(JUnit4TestReference.java:49)&#10;&#9;at org.eclipse.jdt.internal.junit.runner.TestExecution.run(TestExecution.java:38)&#10;&#9;at org.eclipse.jdt.internal.junit.runner.RemoteTestRunner.runTests(RemoteTestRunner.java:467)&#10;&#9;at org.eclipse.jdt.internal.junit.runner.RemoteTestRunner.runTests(RemoteTestRunner.java:683)&#10;&#9;at org.eclipse.jdt.internal.junit.runner.RemoteTestRunner.run(RemoteTestRunner.java:390)&#10;&#9;at org.codecover.juniteclipse.runner.EclipseTestRunner.main(EclipseTestRunner.java:40)" Date="1329200750230" Name="org.jfree.data.DataUtilitiesTest:testCalculateRowTotal_nullDataObjectPassed">
<CovList>
<CovPrefix CovItemPrefix="org.jfree.data.DataUtilities.java">
<Cov CovItemId="S8" Value="1"/>
<Cov CovItemId="S9" Value="1"/>
</CovPrefix>
</CovList>
<AssgnmntList/>
<ObjMetaDataList/>
<MetaDataList/>
</TestCase>
<TestCase Comment="Error&#10;java.lang.IllegalStateException: tried to return a java.lang.Boolean from a method that can only return a java.lang.Number&#10;&#9;at org.jmock.api.Invocation.reportTypeError(Invocation.java:151)&#10;&#9;at org.jmock.api.Invocation.checkReturnTypeCompatibility(Invocation.java:119)&#10;&#9;at org.jmock.internal.InvocationExpectation.invoke(InvocationExpectation.java:115)&#10;&#9;at org.jmock.internal.InvocationDispatcher.dispatch(InvocationDispatcher.java:52)&#10;&#9;at org.jmock.Mockery.dispatch(Mockery.java:218)&#10;&#9;at org.jmock.Mockery.access$000(Mockery.java:43)&#10;&#9;at org.jmock.Mockery$MockObject.invoke(Mockery.java:258)&#10;&#9;at org.jmock.internal.InvocationDiverter.invoke(InvocationDiverter.java:27)&#10;&#9;at org.jmock.internal.FakeObjectMethods.invoke(FakeObjectMethods.java:38)&#10;&#9;at org.jmock.lib.JavaReflectionImposteriser$1.invoke(JavaReflectionImposteriser.java:33)&#10;&#9;at $Proxy7.getValue(Unknown Source)&#10;&#9;at org.jfree.data.DataUtilities.calculateRowTotal(DataUtilities.java:149)&#10;&#9;at org.jfree.data.DataUtilitiesTest.testCalculateRowTotal_invalidDataPassed(DataUtilitiesTest.java:159)&#10;&#9;at sun.reflect.NativeMethodAccessorImpl.invoke0(Native Method)&#10;&#9;at sun.reflect.NativeMethodAccessorImpl.invoke(NativeMethodAccessorImpl.java:39)&#10;&#9;at sun.reflect.DelegatingMethodAccessorImpl.invoke(DelegatingMethodAccessorImpl.java:25)&#10;&#9;at java.lang.reflect.Method.invoke(Method.java:597)&#10;&#9;at org.junit.runners.model.FrameworkMethod$1.runReflectiveCall(FrameworkMethod.java:45)&#10;&#9;at org.junit.internal.runners.model.ReflectiveCallable.run(ReflectiveCallable.java:15)&#10;&#9;at org.junit.runners.model.FrameworkMethod.invokeExplosively(FrameworkMethod.java:42)&#10;&#9;at org.junit.internal.runners.statements.InvokeMethod.evaluate(InvokeMethod.java:20)&#10;&#9;at org.junit.runners.ParentRunner.runLeaf(ParentRunner.java:263)&#10;&#9;at org.junit.runners.BlockJUnit4ClassRunner.runChild(BlockJUnit4ClassRunner.java:68)&#10;&#9;at org.junit.runners.BlockJUnit4ClassRunner.runChild(BlockJUnit4ClassRunner.java:47)&#10;&#9;at org.junit.runners.ParentRunner$3.run(ParentRunner.java:231)&#10;&#9;at org.junit.runners.ParentRunner$1.schedule(ParentRunner.java:60)&#10;&#9;at org.junit.runners.ParentRunner.runChildren(ParentRunner.java:229)&#10;&#9;at org.junit.runners.ParentRunner.access$000(ParentRunner.java:50)&#10;&#9;at org.junit.runners.ParentRunner$2.evaluate(ParentRunner.java:222)&#10;&#9;at org.junit.runners.ParentRunner.run(ParentRunner.java:300)&#10;&#9;at org.eclipse.jdt.internal.junit4.runner.JUnit4TestReference.run(JUnit4TestReference.java:49)&#10;&#9;at org.eclipse.jdt.internal.junit.runner.TestExecution.run(TestExecution.java:38)&#10;&#9;at org.eclipse.jdt.internal.junit.runner.RemoteTestRunner.runTests(RemoteTestRunner.java:467)&#10;&#9;at org.eclipse.jdt.internal.junit.runner.RemoteTestRunner.runTests(RemoteTestRunner.java:683)&#10;&#9;at org.eclipse.jdt.internal.junit.runner.RemoteTestRunner.run(RemoteTestRunner.java:390)&#10;&#9;at org.codecover.juniteclipse.runner.EclipseTestRunner.main(EclipseTestRunner.java:40)" Date="1329200750235" Name="org.jfree.data.DataUtilitiesTest:testCalculateRowTotal_invalidDataPassed">
<CovList>
<CovPrefix CovItemPrefix="org.jfree.data.DataUtilities.java">
<Cov CovItemId="L2-1" Value="1"/>
<Cov CovItemId="S10" Value="1"/>
<Cov CovItemId="S11" Value="1"/>
<Cov CovItemId="S8" Value="1"/>
<Cov CovItemId="S9" Value="1"/>
</CovPrefix>
</CovList>
<AssgnmntList>
<AssgnmntPrefix RootTermCovItemPrefix="org.jfree.data.DataUtilities.java">
<AssgnmntListEntry Length="1" RootTermCovItemId="C3">
<MapEntry BoolAssgnmnt="1" Value="1"/>
</AssgnmntListEntry>
</AssgnmntPrefix>
</AssgnmntList>
<ObjMetaDataList/>
<MetaDataList/>
</TestCase>
<TestCase Comment="" Date="1329200750247" Name="org.jfree.data.DataUtilitiesTest:testCalculateRowTotal_columnIsLastColumnInTable">
<CovList>
<CovPrefix CovItemPrefix="org.jfree.data.DataUtilities.java">
<Cov CovItemId="B3" Value="3"/>
<Cov CovItemId="L2-2" Value="1"/>
<Cov CovItemId="S10" Value="1"/>
<Cov CovItemId="S11" Value="3"/>
<Cov CovItemId="S12" Value="3"/>
<Cov CovItemId="S13" Value="3"/>
<Cov CovItemId="S14" Value="1"/>
<Cov CovItemId="S8" Value="1"/>
<Cov CovItemId="S9" Value="1"/>
</CovPrefix>
</CovList>
<AssgnmntList>
<AssgnmntPrefix RootTermCovItemPrefix="org.jfree.data.DataUtilities.java">
<AssgnmntListEntry Length="1" RootTermCovItemId="C3">
<MapEntry BoolAssgnmnt="0" Value="1"/>
<MapEntry BoolAssgnmnt="1" Value="3"/>
</AssgnmntListEntry>
<AssgnmntListEntry Length="1" RootTermCovItemId="C4">
<MapEntry BoolAssgnmnt="1" Value="3"/>
</AssgnmntListEntry>
</AssgnmntPrefix>
</AssgnmntList>
<ObjMetaDataList/>
<MetaDataList/>
</TestCase>
<TestCase Comment="" Date="1329200750250" Name="org.jfree.data.DataUtilitiesTest:testCalculateRowTotal_columnIsFirstInTable">
<CovList>
<CovPrefix CovItemPrefix="org.jfree.data.DataUtilities.java">
<Cov CovItemId="B3" Value="3"/>
<Cov CovItemId="L2-2" Value="1"/>
<Cov CovItemId="S10" Value="1"/>
<Cov CovItemId="S11" Value="3"/>
<Cov CovItemId="S12" Value="3"/>
<Cov CovItemId="S13" Value="3"/>
<Cov CovItemId="S14" Value="1"/>
<Cov CovItemId="S8" Value="1"/>
<Cov CovItemId="S9" Value="1"/>
</CovPrefix>
</CovList>
<AssgnmntList>
<AssgnmntPrefix RootTermCovItemPrefix="org.jfree.data.DataUtilities.java">
<AssgnmntListEntry Length="1" RootTermCovItemId="C3">
<MapEntry BoolAssgnmnt="0" Value="1"/>
<MapEntry BoolAssgnmnt="1" Value="3"/>
</AssgnmntListEntry>
<AssgnmntListEntry Length="1" RootTermCovItemId="C4">
<MapEntry BoolAssgnmnt="1" Value="3"/>
</AssgnmntListEntry>
</AssgnmntPrefix>
</AssgnmntList>
<ObjMetaDataList/>
<MetaDataList/>
</TestCase>
<TestCase Comment="Error&#10;unexpected invocation: values2D.getValue(&lt;-1&gt;, &lt;0&gt;)&#10;expectations:&#10;  expected once, already invoked 1 time: values2D.getColumnCount(); returns &lt;3&gt;&#10;what happened before this:&#10;  values2D.getColumnCount()&#10;&#10;&#9;at org.jmock.internal.InvocationDispatcher.dispatch(InvocationDispatcher.java:56)&#10;&#9;at org.jmock.Mockery.dispatch(Mockery.java:218)&#10;&#9;at org.jmock.Mockery.access$000(Mockery.java:43)&#10;&#9;at org.jmock.Mockery$MockObject.invoke(Mockery.java:258)&#10;&#9;at org.jmock.internal.InvocationDiverter.invoke(InvocationDiverter.java:27)&#10;&#9;at org.jmock.internal.FakeObjectMethods.invoke(FakeObjectMethods.java:38)&#10;&#9;at org.jmock.lib.JavaReflectionImposteriser$1.invoke(JavaReflectionImposteriser.java:33)&#10;&#9;at $Proxy7.getValue(Unknown Source)&#10;&#9;at org.jfree.data.DataUtilities.calculateRowTotal(DataUtilities.java:149)&#10;&#9;at org.jfree.data.DataUtilitiesTest.testCalculateRowTotal_columnIsNegativeOne(DataUtilitiesTest.java:213)&#10;&#9;at sun.reflect.NativeMethodAccessorImpl.invoke0(Native Method)&#10;&#9;at sun.reflect.NativeMethodAccessorImpl.invoke(NativeMethodAccessorImpl.java:39)&#10;&#9;at sun.reflect.DelegatingMethodAccessorImpl.invoke(DelegatingMethodAccessorImpl.java:25)&#10;&#9;at java.lang.reflect.Method.invoke(Method.java:597)&#10;&#9;at org.junit.runners.model.FrameworkMethod$1.runReflectiveCall(FrameworkMethod.java:45)&#10;&#9;at org.junit.internal.runners.model.ReflectiveCallable.run(ReflectiveCallable.java:15)&#10;&#9;at org.junit.runners.model.FrameworkMethod.invokeExplosively(FrameworkMethod.java:42)&#10;&#9;at org.junit.internal.runners.statements.InvokeMethod.evaluate(InvokeMethod.java:20)&#10;&#9;at org.junit.runners.ParentRunner.runLeaf(ParentRunner.java:263)&#10;&#9;at org.junit.runners.BlockJUnit4ClassRunner.runChild(BlockJUnit4ClassRunner.java:68)&#10;&#9;at org.junit.runners.BlockJUnit4ClassRunner.runChild(BlockJUnit4ClassRunner.java:47)&#10;&#9;at org.junit.runners.ParentRunner$3.run(ParentRunner.java:231)&#10;&#9;at org.junit.runners.ParentRunner$1.schedule(ParentRunner.java:60)&#10;&#9;at org.junit.runners.ParentRunner.runChildren(ParentRunner.java:229)&#10;&#9;at org.junit.runners.ParentRunner.access$000(ParentRunner.java:50)&#10;&#9;at org.junit.runners.ParentRunner$2.evaluate(ParentRunner.java:222)&#10;&#9;at org.junit.runners.ParentRunner.run(ParentRunner.java:300)&#10;&#9;at org.eclipse.jdt.internal.junit4.runner.JUnit4TestReference.run(JUnit4TestReference.java:49)&#10;&#9;at org.eclipse.jdt.internal.junit.runner.TestExecution.run(TestExecution.java:38)&#10;&#9;at org.eclipse.jdt.internal.junit.runner.RemoteTestRunner.runTests(RemoteTestRunner.java:467)&#10;&#9;at org.eclipse.jdt.internal.junit.runner.RemoteTestRunner.runTests(RemoteTestRunner.java:683)&#10;&#9;at org.eclipse.jdt.internal.junit.runner.RemoteTestRunner.run(RemoteTestRunner.java:390)&#10;&#9;at org.codecover.juniteclipse.runner.EclipseTestRunner.main(EclipseTestRunner.java:40)" Date="1329200750252" Name="org.jfree.data.DataUtilitiesTest:testCalculateRowTotal_columnIsNegativeOne">
<CovList>
<CovPrefix CovItemPrefix="org.jfree.data.DataUtilities.java">
<Cov CovItemId="L2-1" Value="1"/>
<Cov CovItemId="S10" Value="1"/>
<Cov CovItemId="S11" Value="1"/>
<Cov CovItemId="S8" Value="1"/>
<Cov CovItemId="S9" Value="1"/>
</CovPrefix>
</CovList>
<AssgnmntList>
<AssgnmntPrefix RootTermCovItemPrefix="org.jfree.data.DataUtilities.java">
<AssgnmntListEntry Length="1" RootTermCovItemId="C3">
<MapEntry BoolAssgnmnt="1" Value="1"/>
</AssgnmntListEntry>
</AssgnmntPrefix>
</AssgnmntList>
<ObjMetaDataList/>
<MetaDataList/>
</TestCase>
<TestCase Comment="Error&#10;unexpected invocation: values2D.getValue(&lt;3&gt;, &lt;0&gt;)&#10;expectations:&#10;  expected once, already invoked 1 time: values2D.getColumnCount(); returns &lt;3&gt;&#10;what happened before this:&#10;  values2D.getColumnCount()&#10;&#10;&#9;at org.jmock.internal.InvocationDispatcher.dispatch(InvocationDispatcher.java:56)&#10;&#9;at org.jmock.Mockery.dispatch(Mockery.java:218)&#10;&#9;at org.jmock.Mockery.access$000(Mockery.java:43)&#10;&#9;at org.jmock.Mockery$MockObject.invoke(Mockery.java:258)&#10;&#9;at org.jmock.internal.InvocationDiverter.invoke(InvocationDiverter.java:27)&#10;&#9;at org.jmock.internal.FakeObjectMethods.invoke(FakeObjectMethods.java:38)&#10;&#9;at org.jmock.lib.JavaReflectionImposteriser$1.invoke(JavaReflectionImposteriser.java:33)&#10;&#9;at $Proxy7.getValue(Unknown Source)&#10;&#9;at org.jfree.data.DataUtilities.calculateRowTotal(DataUtilities.java:149)&#10;&#9;at org.jfree.data.DataUtilitiesTest.testCalculateRowTotal_columnIsOneMoreThanMax(DataUtilitiesTest.java:227)&#10;&#9;at sun.reflect.NativeMethodAccessorImpl.invoke0(Native Method)&#10;&#9;at sun.reflect.NativeMethodAccessorImpl.invoke(NativeMethodAccessorImpl.java:39)&#10;&#9;at sun.reflect.DelegatingMethodAccessorImpl.invoke(DelegatingMethodAccessorImpl.java:25)&#10;&#9;at java.lang.reflect.Method.invoke(Method.java:597)&#10;&#9;at org.junit.runners.model.FrameworkMethod$1.runReflectiveCall(FrameworkMethod.java:45)&#10;&#9;at org.junit.internal.runners.model.ReflectiveCallable.run(ReflectiveCallable.java:15)&#10;&#9;at org.junit.runners.model.FrameworkMethod.invokeExplosively(FrameworkMethod.java:42)&#10;&#9;at org.junit.internal.runners.statements.InvokeMethod.evaluate(InvokeMethod.java:20)&#10;&#9;at org.junit.runners.ParentRunner.runLeaf(ParentRunner.java:263)&#10;&#9;at org.junit.runners.BlockJUnit4ClassRunner.runChild(BlockJUnit4ClassRunner.java:68)&#10;&#9;at org.junit.runners.BlockJUnit4ClassRunner.runChild(BlockJUnit4ClassRunner.java:47)&#10;&#9;at org.junit.runners.ParentRunner$3.run(ParentRunner.java:231)&#10;&#9;at org.junit.runners.ParentRunner$1.schedule(ParentRunner.java:60)&#10;&#9;at org.junit.runners.ParentRunner.runChildren(ParentRunner.java:229)&#10;&#9;at org.junit.runners.ParentRunner.access$000(ParentRunner.java:50)&#10;&#9;at org.junit.runners.ParentRunner$2.evaluate(ParentRunner.java:222)&#10;&#9;at org.junit.runners.ParentRunner.run(ParentRunner.java:300)&#10;&#9;at org.eclipse.jdt.internal.junit4.runner.JUnit4TestReference.run(JUnit4TestReference.java:49)&#10;&#9;at org.eclipse.jdt.internal.junit.runner.TestExecution.run(TestExecution.java:38)&#10;&#9;at org.eclipse.jdt.internal.junit.runner.RemoteTestRunner.runTests(RemoteTestRunner.java:467)&#10;&#9;at org.eclipse.jdt.internal.junit.runner.RemoteTestRunner.runTests(RemoteTestRunner.java:683)&#10;&#9;at org.eclipse.jdt.internal.junit.runner.RemoteTestRunner.run(RemoteTestRunner.java:390)&#10;&#9;at org.codecover.juniteclipse.runner.EclipseTestRunner.main(EclipseTestRunner.java:40)" Date="1329200750263" Name="org.jfree.data.DataUtilitiesTest:testCalculateRowTotal_columnIsOneMoreThanMax">
<CovList>
<CovPrefix CovItemPrefix="org.jfree.data.DataUtilities.java">
<Cov CovItemId="L2-1" Value="1"/>
<Cov CovItemId="S10" Value="1"/>
<Cov CovItemId="S11" Value="1"/>
<Cov CovItemId="S8" Value="1"/>
<Cov CovItemId="S9" Value="1"/>
</CovPrefix>
</CovList>
<AssgnmntList>
<AssgnmntPrefix RootTermCovItemPrefix="org.jfree.data.DataUtilities.java">
<AssgnmntListEntry Length="1" RootTermCovItemId="C3">
<MapEntry BoolAssgnmnt="1" Value="1"/>
</AssgnmntListEntry>
</AssgnmntPrefix>
</AssgnmntList>
<ObjMetaDataList/>
<MetaDataList/>
</TestCase>
<TestCase Comment="" Date="1329200750293" Name="org.jfree.data.DataUtilitiesTest:testCalculateRowTotal_columnIsCentralInTable">
<CovList>
<CovPrefix CovItemPrefix="org.jfree.data.DataUtilities.java">
<Cov CovItemId="B3" Value="3"/>
<Cov CovItemId="L2-2" Value="1"/>
<Cov CovItemId="S10" Value="1"/>
<Cov CovItemId="S11" Value="3"/>
<Cov CovItemId="S12" Value="3"/>
<Cov CovItemId="S13" Value="3"/>
<Cov CovItemId="S14" Value="1"/>
<Cov CovItemId="S8" Value="1"/>
<Cov CovItemId="S9" Value="1"/>
</CovPrefix>
</CovList>
<AssgnmntList>
<AssgnmntPrefix RootTermCovItemPrefix="org.jfree.data.DataUtilities.java">
<AssgnmntListEntry Length="1" RootTermCovItemId="C3">
<MapEntry BoolAssgnmnt="0" Value="1"/>
<MapEntry BoolAssgnmnt="1" Value="3"/>
</AssgnmntListEntry>
<AssgnmntListEntry Length="1" RootTermCovItemId="C4">
<MapEntry BoolAssgnmnt="1" Value="3"/>
</AssgnmntListEntry>
</AssgnmntPrefix>
</AssgnmntList>
<ObjMetaDataList/>
<MetaDataList/>
</TestCase>
<TestCase Comment="Failure&#10;java.lang.AssertionError: Method should throw exception. expected:&lt;true&gt; but was:&lt;false&gt;&#10;&#9;at org.junit.Assert.fail(Assert.java:93)&#10;&#9;at org.junit.Assert.failNotEquals(Assert.java:647)&#10;&#9;at org.junit.Assert.assertEquals(Assert.java:128)&#10;&#9;at org.jfree.data.DataUtilitiesTest.testcreateNumberArray_nullDataObjectPassed(DataUtilitiesTest.java:260)&#10;&#9;at sun.reflect.NativeMethodAccessorImpl.invoke0(Native Method)&#10;&#9;at sun.reflect.NativeMethodAccessorImpl.invoke(NativeMethodAccessorImpl.java:39)&#10;&#9;at sun.reflect.DelegatingMethodAccessorImpl.invoke(DelegatingMethodAccessorImpl.java:25)&#10;&#9;at java.lang.reflect.Method.invoke(Method.java:597)&#10;&#9;at org.junit.runners.model.FrameworkMethod$1.runReflectiveCall(FrameworkMethod.java:45)&#10;&#9;at org.junit.internal.runners.model.ReflectiveCallable.run(ReflectiveCallable.java:15)&#10;&#9;at org.junit.runners.model.FrameworkMethod.invokeExplosively(FrameworkMethod.java:42)&#10;&#9;at org.junit.internal.runners.statements.InvokeMethod.evaluate(InvokeMethod.java:20)&#10;&#9;at org.junit.runners.ParentRunner.runLeaf(ParentRunner.java:263)&#10;&#9;at org.junit.runners.BlockJUnit4ClassRunner.runChild(BlockJUnit4ClassRunner.java:68)&#10;&#9;at org.junit.runners.BlockJUnit4ClassRunner.runChild(BlockJUnit4ClassRunner.java:47)&#10;&#9;at org.junit.runners.ParentRunner$3.run(ParentRunner.java:231)&#10;&#9;at org.junit.runners.ParentRunner$1.schedule(ParentRunner.java:60)&#10;&#9;at org.junit.runners.ParentRunner.runChildren(ParentRunner.java:229)&#10;&#9;at org.junit.runners.ParentRunner.access$000(ParentRunner.java:50)&#10;&#9;at org.junit.runners.ParentRunner$2.evaluate(ParentRunner.java:222)&#10;&#9;at org.junit.runners.ParentRunner.run(ParentRunner.java:300)&#10;&#9;at org.eclipse.jdt.internal.junit4.runner.JUnit4TestReference.run(JUnit4TestReference.java:49)&#10;&#9;at org.eclipse.jdt.internal.junit.runner.TestExecution.run(TestExecution.java:38)&#10;&#9;at org.eclipse.jdt.internal.junit.runner.RemoteTestRunner.runTests(RemoteTestRunner.java:467)&#10;&#9;at org.eclipse.jdt.internal.junit.runner.RemoteTestRunner.runTests(RemoteTestRunner.java:683)&#10;&#9;at org.eclipse.jdt.internal.junit.runner.RemoteTestRunner.run(RemoteTestRunner.java:390)&#10;&#9;at org.codecover.juniteclipse.runner.EclipseTestRunner.main(EclipseTestRunner.java:40)" Date="1329200750305" Name="org.jfree.data.DataUtilitiesTest:testcreateNumberArray_nullDataObjectPassed">
<CovList>
<CovPrefix CovItemPrefix="org.jfree.data.DataUtilities.java">
<Cov CovItemId="B5" Value="1"/>
<Cov CovItemId="S15" Value="1"/>
<Cov CovItemId="S16" Value="1"/>
</CovPrefix>
</CovList>
<AssgnmntList>
<AssgnmntPrefix RootTermCovItemPrefix="org.jfree.data.DataUtilities.java">
<AssgnmntListEntry Length="1" RootTermCovItemId="C5">
<MapEntry BoolAssgnmnt="1" Value="1"/>
</AssgnmntListEntry>
</AssgnmntPrefix>
</AssgnmntList>
<ObjMetaDataList/>
<MetaDataList/>
</TestCase>
<TestCase Comment="Failure&#10;java.lang.AssertionError: expected:&lt;true&gt; but was:&lt;false&gt;&#10;&#9;at org.junit.Assert.fail(Assert.java:93)&#10;&#9;at org.junit.Assert.failNotEquals(Assert.java:647)&#10;&#9;at org.junit.Assert.assertEquals(Assert.java:128)&#10;&#9;at org.junit.Assert.assertEquals(Assert.java:147)&#10;&#9;at org.jfree.data.DataUtilitiesTest.testcreateNumberArray_oneElementArrayPassed(DataUtilitiesTest.java:271)&#10;&#9;at sun.reflect.NativeMethodAccessorImpl.invoke0(Native Method)&#10;&#9;at sun.reflect.NativeMethodAccessorImpl.invoke(NativeMethodAccessorImpl.java:39)&#10;&#9;at sun.reflect.DelegatingMethodAccessorImpl.invoke(DelegatingMethodAccessorImpl.java:25)&#10;&#9;at java.lang.reflect.Method.invoke(Method.java:597)&#10;&#9;at org.junit.runners.model.FrameworkMethod$1.runReflectiveCall(FrameworkMethod.java:45)&#10;&#9;at org.junit.internal.runners.model.ReflectiveCallable.run(ReflectiveCallable.java:15)&#10;&#9;at org.junit.runners.model.FrameworkMethod.invokeExplosively(FrameworkMethod.java:42)&#10;&#9;at org.junit.internal.runners.statements.InvokeMethod.evaluate(InvokeMethod.java:20)&#10;&#9;at org.junit.runners.ParentRunner.runLeaf(ParentRunner.java:263)&#10;&#9;at org.junit.runners.BlockJUnit4ClassRunner.runChild(BlockJUnit4ClassRunner.java:68)&#10;&#9;at org.junit.runners.BlockJUnit4ClassRunner.runChild(BlockJUnit4ClassRunner.java:47)&#10;&#9;at org.junit.runners.ParentRunner$3.run(ParentRunner.java:231)&#10;&#9;at org.junit.runners.ParentRunner$1.schedule(ParentRunner.java:60)&#10;&#9;at org.junit.runners.ParentRunner.runChildren(ParentRunner.java:229)&#10;&#9;at org.junit.runners.ParentRunner.access$000(ParentRunner.java:50)&#10;&#9;at org.junit.runners.ParentRunner$2.evaluate(ParentRunner.java:222)&#10;&#9;at org.junit.runners.ParentRunner.run(ParentRunner.java:300)&#10;&#9;at org.eclipse.jdt.internal.junit4.runner.JUnit4TestReference.run(JUnit4TestReference.java:49)&#10;&#9;at org.eclipse.jdt.internal.junit.runner.TestExecution.run(TestExecution.java:38)&#10;&#9;at org.eclipse.jdt.internal.junit.runner.RemoteTestRunner.runTests(RemoteTestRunner.java:467)&#10;&#9;at org.eclipse.jdt.internal.junit.runner.RemoteTestRunner.runTests(RemoteTestRunner.java:683)&#10;&#9;at org.eclipse.jdt.internal.junit.runner.RemoteTestRunner.run(RemoteTestRunner.java:390)&#10;&#9;at org.codecover.juniteclipse.runner.EclipseTestRunner.main(EclipseTestRunner.java:40)" Date="1329200750315" Name="org.jfree.data.DataUtilitiesTest:testcreateNumberArray_oneElementArrayPassed">
<CovList>
<CovPrefix CovItemPrefix="org.jfree.data.DataUtilities.java">
<Cov CovItemId="B6" Value="1"/>
<Cov CovItemId="L3-1" Value="1"/>
<Cov CovItemId="S15" Value="1"/>
<Cov CovItemId="S17" Value="1"/>
<Cov CovItemId="S18" Value="1"/>
<Cov CovItemId="S19" Value="1"/>
<Cov CovItemId="S20" Value="1"/>
</CovPrefix>
</CovList>
<AssgnmntList>
<AssgnmntPrefix RootTermCovItemPrefix="org.jfree.data.DataUtilities.java">
<AssgnmntListEntry Length="1" RootTermCovItemId="C5">
<MapEntry BoolAssgnmnt="0" Value="1"/>
</AssgnmntListEntry>
<AssgnmntListEntry Length="1" RootTermCovItemId="C6">
<MapEntry BoolAssgnmnt="0" Value="1"/>
<MapEntry BoolAssgnmnt="1" Value="1"/>
</AssgnmntListEntry>
</AssgnmntPrefix>
</AssgnmntList>
<ObjMetaDataList/>
<MetaDataList/>
</TestCase>
<TestCase Comment="Failure&#10;java.lang.AssertionError: expected:&lt;true&gt; but was:&lt;false&gt;&#10;&#9;at org.junit.Assert.fail(Assert.java:93)&#10;&#9;at org.junit.Assert.failNotEquals(Assert.java:647)&#10;&#9;at org.junit.Assert.assertEquals(Assert.java:128)&#10;&#9;at org.junit.Assert.assertEquals(Assert.java:147)&#10;&#9;at org.jfree.data.DataUtilitiesTest.testcreateNumberArray_tenElementArrayPassed(DataUtilitiesTest.java:281)&#10;&#9;at sun.reflect.NativeMethodAccessorImpl.invoke0(Native Method)&#10;&#9;at sun.reflect.NativeMethodAccessorImpl.invoke(NativeMethodAccessorImpl.java:39)&#10;&#9;at sun.reflect.DelegatingMethodAccessorImpl.invoke(DelegatingMethodAccessorImpl.java:25)&#10;&#9;at java.lang.reflect.Method.invoke(Method.java:597)&#10;&#9;at org.junit.runners.model.FrameworkMethod$1.runReflectiveCall(FrameworkMethod.java:45)&#10;&#9;at org.junit.internal.runners.model.ReflectiveCallable.run(ReflectiveCallable.java:15)&#10;&#9;at org.junit.runners.model.FrameworkMethod.invokeExplosively(FrameworkMethod.java:42)&#10;&#9;at org.junit.internal.runners.statements.InvokeMethod.evaluate(InvokeMethod.java:20)&#10;&#9;at org.junit.runners.ParentRunner.runLeaf(ParentRunner.java:263)&#10;&#9;at org.junit.runners.BlockJUnit4ClassRunner.runChild(BlockJUnit4ClassRunner.java:68)&#10;&#9;at org.junit.runners.BlockJUnit4ClassRunner.runChild(BlockJUnit4ClassRunner.java:47)&#10;&#9;at org.junit.runners.ParentRunner$3.run(ParentRunner.java:231)&#10;&#9;at org.junit.runners.ParentRunner$1.schedule(ParentRunner.java:60)&#10;&#9;at org.junit.runners.ParentRunner.runChildren(ParentRunner.java:229)&#10;&#9;at org.junit.runners.ParentRunner.access$000(ParentRunner.java:50)&#10;&#9;at org.junit.runners.ParentRunner$2.evaluate(ParentRunner.java:222)&#10;&#9;at org.junit.runners.ParentRunner.run(ParentRunner.java:300)&#10;&#9;at org.eclipse.jdt.internal.junit4.runner.JUnit4TestReference.run(JUnit4TestReference.java:49)&#10;&#9;at org.eclipse.jdt.internal.junit.runner.TestExecution.run(TestExecution.java:38)&#10;&#9;at org.eclipse.jdt.internal.junit.runner.RemoteTestRunner.runTests(RemoteTestRunner.java:467)&#10;&#9;at org.eclipse.jdt.internal.junit.runner.RemoteTestRunner.runTests(RemoteTestRunner.java:683)&#10;&#9;at org.eclipse.jdt.internal.junit.runner.RemoteTestRunner.run(RemoteTestRunner.java:390)&#10;&#9;at org.codecover.juniteclipse.runner.EclipseTestRunner.main(EclipseTestRunner.java:40)" Date="1329200750322" Name="org.jfree.data.DataUtilitiesTest:testcreateNumberArray_tenElementArrayPassed">
<CovList>
<CovPrefix CovItemPrefix="org.jfree.data.DataUtilities.java">
<Cov CovItemId="B6" Value="1"/>
<Cov CovItemId="L3-2" Value="1"/>
<Cov CovItemId="S15" Value="1"/>
<Cov CovItemId="S17" Value="1"/>
<Cov CovItemId="S18" Value="1"/>
<Cov CovItemId="S19" Value="10"/>
<Cov CovItemId="S20" Value="1"/>
</CovPrefix>
</CovList>
<AssgnmntList>
<AssgnmntPrefix RootTermCovItemPrefix="org.jfree.data.DataUtilities.java">
<AssgnmntListEntry Length="1" RootTermCovItemId="C5">
<MapEntry BoolAssgnmnt="0" Value="1"/>
</AssgnmntListEntry>
<AssgnmntListEntry Length="1" RootTermCovItemId="C6">
<MapEntry BoolAssgnmnt="0" Value="1"/>
<MapEntry BoolAssgnmnt="1" Value="10"/>
</AssgnmntListEntry>
</AssgnmntPrefix>
</AssgnmntList>
<ObjMetaDataList/>
<MetaDataList/>
</TestCase>
<TestCase Comment="Failure&#10;java.lang.AssertionError: Method should throw exception. expected:&lt;true&gt; but was:&lt;false&gt;&#10;&#9;at org.junit.Assert.fail(Assert.java:93)&#10;&#9;at org.junit.Assert.failNotEquals(Assert.java:647)&#10;&#9;at org.junit.Assert.assertEquals(Assert.java:128)&#10;&#9;at org.jfree.data.DataUtilitiesTest.testcreateNumberArray2D_nullDataObjectPassed(DataUtilitiesTest.java:293)&#10;&#9;at sun.reflect.NativeMethodAccessorImpl.invoke0(Native Method)&#10;&#9;at sun.reflect.NativeMethodAccessorImpl.invoke(NativeMethodAccessorImpl.java:39)&#10;&#9;at sun.reflect.DelegatingMethodAccessorImpl.invoke(DelegatingMethodAccessorImpl.java:25)&#10;&#9;at java.lang.reflect.Method.invoke(Method.java:597)&#10;&#9;at org.junit.runners.model.FrameworkMethod$1.runReflectiveCall(FrameworkMethod.java:45)&#10;&#9;at org.junit.internal.runners.model.ReflectiveCallable.run(ReflectiveCallable.java:15)&#10;&#9;at org.junit.runners.model.FrameworkMethod.invokeExplosively(FrameworkMethod.java:42)&#10;&#9;at org.junit.internal.runners.statements.InvokeMethod.evaluate(InvokeMethod.java:20)&#10;&#9;at org.junit.runners.ParentRunner.runLeaf(ParentRunner.java:263)&#10;&#9;at org.junit.runners.BlockJUnit4ClassRunner.runChild(BlockJUnit4ClassRunner.java:68)&#10;&#9;at org.junit.runners.BlockJUnit4ClassRunner.runChild(BlockJUnit4ClassRunner.java:47)&#10;&#9;at org.junit.runners.ParentRunner$3.run(ParentRunner.java:231)&#10;&#9;at org.junit.runners.ParentRunner$1.schedule(ParentRunner.java:60)&#10;&#9;at org.junit.runners.ParentRunner.runChildren(ParentRunner.java:229)&#10;&#9;at org.junit.runners.ParentRunner.access$000(ParentRunner.java:50)&#10;&#9;at org.junit.runners.ParentRunner$2.evaluate(ParentRunner.java:222)&#10;&#9;at org.junit.runners.ParentRunner.run(ParentRunner.java:300)&#10;&#9;at org.eclipse.jdt.internal.junit4.runner.JUnit4TestReference.run(JUnit4TestReference.java:49)&#10;&#9;at org.eclipse.jdt.internal.junit.runner.TestExecution.run(TestExecution.java:38)&#10;&#9;at org.eclipse.jdt.internal.junit.runner.RemoteTestRunner.runTests(RemoteTestRunner.java:467)&#10;&#9;at org.eclipse.jdt.internal.junit.runner.RemoteTestRunner.runTests(RemoteTestRunner.java:683)&#10;&#9;at org.eclipse.jdt.internal.junit.runner.RemoteTestRunner.run(RemoteTestRunner.java:390)&#10;&#9;at org.codecover.juniteclipse.runner.EclipseTestRunner.main(EclipseTestRunner.java:40)" Date="1329200750328" Name="org.jfree.data.DataUtilitiesTest:testcreateNumberArray2D_nullDataObjectPassed">
<CovList>
<CovPrefix CovItemPrefix="org.jfree.data.DataUtilities.java">
<Cov CovItemId="B7" Value="1"/>
<Cov CovItemId="S21" Value="1"/>
<Cov CovItemId="S22" Value="1"/>
</CovPrefix>
</CovList>
<AssgnmntList>
<AssgnmntPrefix RootTermCovItemPrefix="org.jfree.data.DataUtilities.java">
<AssgnmntListEntry Length="1" RootTermCovItemId="C7">
<MapEntry BoolAssgnmnt="1" Value="1"/>
</AssgnmntListEntry>
</AssgnmntPrefix>
</AssgnmntList>
<ObjMetaDataList/>
<MetaDataList/>
</TestCase>
<TestCase Comment="Failure&#10;java.lang.AssertionError: expected:&lt;true&gt; but was:&lt;false&gt;&#10;&#9;at org.junit.Assert.fail(Assert.java:93)&#10;&#9;at org.junit.Assert.failNotEquals(Assert.java:647)&#10;&#9;at org.junit.Assert.assertEquals(Assert.java:128)&#10;&#9;at org.junit.Assert.assertEquals(Assert.java:147)&#10;&#9;at org.jfree.data.DataUtilitiesTest.testcreateNumberArray2D_oneByOneArrayPassed(DataUtilitiesTest.java:304)&#10;&#9;at sun.reflect.NativeMethodAccessorImpl.invoke0(Native Method)&#10;&#9;at sun.reflect.NativeMethodAccessorImpl.invoke(NativeMethodAccessorImpl.java:39)&#10;&#9;at sun.reflect.DelegatingMethodAccessorImpl.invoke(DelegatingMethodAccessorImpl.java:25)&#10;&#9;at java.lang.reflect.Method.invoke(Method.java:597)&#10;&#9;at org.junit.runners.model.FrameworkMethod$1.runReflectiveCall(FrameworkMethod.java:45)&#10;&#9;at org.junit.internal.runners.model.ReflectiveCallable.run(ReflectiveCallable.java:15)&#10;&#9;at org.junit.runners.model.FrameworkMethod.invokeExplosively(FrameworkMethod.java:42)&#10;&#9;at org.junit.internal.runners.statements.InvokeMethod.evaluate(InvokeMethod.java:20)&#10;&#9;at org.junit.runners.ParentRunner.runLeaf(ParentRunner.java:263)&#10;&#9;at org.junit.runners.BlockJUnit4ClassRunner.runChild(BlockJUnit4ClassRunner.java:68)&#10;&#9;at org.junit.runners.BlockJUnit4ClassRunner.runChild(BlockJUnit4ClassRunner.java:47)&#10;&#9;at org.junit.runners.ParentRunner$3.run(ParentRunner.java:231)&#10;&#9;at org.junit.runners.ParentRunner$1.schedule(ParentRunner.java:60)&#10;&#9;at org.junit.runners.ParentRunner.runChildren(ParentRunner.java:229)&#10;&#9;at org.junit.runners.ParentRunner.access$000(ParentRunner.java:50)&#10;&#9;at org.junit.runners.ParentRunner$2.evaluate(ParentRunner.java:222)&#10;&#9;at org.junit.runners.ParentRunner.run(ParentRunner.java:300)&#10;&#9;at org.eclipse.jdt.internal.junit4.runner.JUnit4TestReference.run(JUnit4TestReference.java:49)&#10;&#9;at org.eclipse.jdt.internal.junit.runner.TestExecution.run(TestExecution.java:38)&#10;&#9;at org.eclipse.jdt.internal.junit.runner.RemoteTestRunner.runTests(RemoteTestRunner.java:467)&#10;&#9;at org.eclipse.jdt.internal.junit.runner.RemoteTestRunner.runTests(RemoteTestRunner.java:683)&#10;&#9;at org.eclipse.jdt.internal.junit.runner.RemoteTestRunner.run(RemoteTestRunner.java:390)&#10;&#9;at org.codecover.juniteclipse.runner.EclipseTestRunner.main(EclipseTestRunner.java:40)" Date="1329200750342" Name="org.jfree.data.DataUtilitiesTest:testcreateNumberArray2D_oneByOneArrayPassed">
<CovList>
<CovPrefix CovItemPrefix="org.jfree.data.DataUtilities.java">
<Cov CovItemId="B6" Value="1"/>
<Cov CovItemId="B8" Value="1"/>
<Cov CovItemId="L3-1" Value="1"/>
<Cov CovItemId="L4-1" Value="1"/>
<Cov CovItemId="S15" Value="1"/>
<Cov CovItemId="S17" Value="1"/>
<Cov CovItemId="S18" Value="1"/>
<Cov CovItemId="S19" Value="1"/>
<Cov CovItemId="S20" Value="1"/>
<Cov CovItemId="S21" Value="1"/>
<Cov CovItemId="S23" Value="1"/>
<Cov CovItemId="S24" Value="1"/>
<Cov CovItemId="S25" Value="1"/>
<Cov CovItemId="S26" Value="1"/>
<Cov CovItemId="S27" Value="1"/>
</CovPrefix>
</CovList>
<AssgnmntList>
<AssgnmntPrefix RootTermCovItemPrefix="org.jfree.data.DataUtilities.java">
<AssgnmntListEntry Length="1" RootTermCovItemId="C5">
<MapEntry BoolAssgnmnt="0" Value="1"/>
</AssgnmntListEntry>
<AssgnmntListEntry Length="1" RootTermCovItemId="C6">
<MapEntry BoolAssgnmnt="0" Value="1"/>
<MapEntry BoolAssgnmnt="1" Value="1"/>
</AssgnmntListEntry>
<AssgnmntListEntry Length="1" RootTermCovItemId="C7">
<MapEntry BoolAssgnmnt="0" Value="1"/>
</AssgnmntListEntry>
<AssgnmntListEntry Length="1" RootTermCovItemId="C8">
<MapEntry BoolAssgnmnt="0" Value="1"/>
<MapEntry BoolAssgnmnt="1" Value="1"/>
</AssgnmntListEntry>
</AssgnmntPrefix>
</AssgnmntList>
<ObjMetaDataList/>
<MetaDataList/>
</TestCase>
<TestCase Comment="Failure&#10;java.lang.AssertionError: expected:&lt;true&gt; but was:&lt;false&gt;&#10;&#9;at org.junit.Assert.fail(Assert.java:93)&#10;&#9;at org.junit.Assert.failNotEquals(Assert.java:647)&#10;&#9;at org.junit.Assert.assertEquals(Assert.java:128)&#10;&#9;at org.junit.Assert.assertEquals(Assert.java:147)&#10;&#9;at org.jfree.data.DataUtilitiesTest.testcreateNumberArray2D_oneByTenElementArrayPassed(DataUtilitiesTest.java:314)&#10;&#9;at sun.reflect.NativeMethodAccessorImpl.invoke0(Native Method)&#10;&#9;at sun.reflect.NativeMethodAccessorImpl.invoke(NativeMethodAccessorImpl.java:39)&#10;&#9;at sun.reflect.DelegatingMethodAccessorImpl.invoke(DelegatingMethodAccessorImpl.java:25)&#10;&#9;at java.lang.reflect.Method.invoke(Method.java:597)&#10;&#9;at org.junit.runners.model.FrameworkMethod$1.runReflectiveCall(FrameworkMethod.java:45)&#10;&#9;at org.junit.internal.runners.model.ReflectiveCallable.run(ReflectiveCallable.java:15)&#10;&#9;at org.junit.runners.model.FrameworkMethod.invokeExplosively(FrameworkMethod.java:42)&#10;&#9;at org.junit.internal.runners.statements.InvokeMethod.evaluate(InvokeMethod.java:20)&#10;&#9;at org.junit.runners.ParentRunner.runLeaf(ParentRunner.java:263)&#10;&#9;at org.junit.runners.BlockJUnit4ClassRunner.runChild(BlockJUnit4ClassRunner.java:68)&#10;&#9;at org.junit.runners.BlockJUnit4ClassRunner.runChild(BlockJUnit4ClassRunner.java:47)&#10;&#9;at org.junit.runners.ParentRunner$3.run(ParentRunner.java:231)&#10;&#9;at org.junit.runners.ParentRunner$1.schedule(ParentRunner.java:60)&#10;&#9;at org.junit.runners.ParentRunner.runChildren(ParentRunner.java:229)&#10;&#9;at org.junit.runners.ParentRunner.access$000(ParentRunner.java:50)&#10;&#9;at org.junit.runners.ParentRunner$2.evaluate(ParentRunner.java:222)&#10;&#9;at org.junit.runners.ParentRunner.run(ParentRunner.java:300)&#10;&#9;at org.eclipse.jdt.internal.junit4.runner.JUnit4TestReference.run(JUnit4TestReference.java:49)&#10;&#9;at org.eclipse.jdt.internal.junit.runner.TestExecution.run(TestExecution.java:38)&#10;&#9;at org.eclipse.jdt.internal.junit.runner.RemoteTestRunner.runTests(RemoteTestRunner.java:467)&#10;&#9;at org.eclipse.jdt.internal.junit.runner.RemoteTestRunner.runTests(RemoteTestRunner.java:683)&#10;&#9;at org.eclipse.jdt.internal.junit.runner.RemoteTestRunner.run(RemoteTestRunner.java:390)&#10;&#9;at org.codecover.juniteclipse.runner.EclipseTestRunner.main(EclipseTestRunner.java:40)" Date="1329200750344" Name="org.jfree.data.DataUtilitiesTest:testcreateNumberArray2D_oneByTenElementArrayPassed">
<CovList>
<CovPrefix CovItemPrefix="org.jfree.data.DataUtilities.java">
<Cov CovItemId="B6" Value="1"/>
<Cov CovItemId="B8" Value="1"/>
<Cov CovItemId="L3-2" Value="1"/>
<Cov CovItemId="L4-1" Value="1"/>
<Cov CovItemId="S15" Value="1"/>
<Cov CovItemId="S17" Value="1"/>
<Cov CovItemId="S18" Value="1"/>
<Cov CovItemId="S19" Value="10"/>
<Cov CovItemId="S20" Value="1"/>
<Cov CovItemId="S21" Value="1"/>
<Cov CovItemId="S23" Value="1"/>
<Cov CovItemId="S24" Value="1"/>
<Cov CovItemId="S25" Value="1"/>
<Cov CovItemId="S26" Value="1"/>
<Cov CovItemId="S27" Value="1"/>
</CovPrefix>
</CovList>
<AssgnmntList>
<AssgnmntPrefix RootTermCovItemPrefix="org.jfree.data.DataUtilities.java">
<AssgnmntListEntry Length="1" RootTermCovItemId="C5">
<MapEntry BoolAssgnmnt="0" Value="1"/>
</AssgnmntListEntry>
<AssgnmntListEntry Length="1" RootTermCovItemId="C6">
<MapEntry BoolAssgnmnt="0" Value="1"/>
<MapEntry BoolAssgnmnt="1" Value="10"/>
</AssgnmntListEntry>
<AssgnmntListEntry Length="1" RootTermCovItemId="C7">
<MapEntry BoolAssgnmnt="0" Value="1"/>
</AssgnmntListEntry>
<AssgnmntListEntry Length="1" RootTermCovItemId="C8">
<MapEntry BoolAssgnmnt="0" Value="1"/>
<MapEntry BoolAssgnmnt="1" Value="1"/>
</AssgnmntListEntry>
</AssgnmntPrefix>
</AssgnmntList>
<ObjMetaDataList/>
<MetaDataList/>
</TestCase>
<TestCase Comment="Failure&#10;java.lang.AssertionError: expected:&lt;true&gt; but was:&lt;false&gt;&#10;&#9;at org.junit.Assert.fail(Assert.java:93)&#10;&#9;at org.junit.Assert.failNotEquals(Assert.java:647)&#10;&#9;at org.junit.Assert.assertEquals(Assert.java:128)&#10;&#9;at org.junit.Assert.assertEquals(Assert.java:147)&#10;&#9;at org.jfree.data.DataUtilitiesTest.testcreateNumberArray2D_tenByOneElementArrayPassed(DataUtilitiesTest.java:346)&#10;&#9;at sun.reflect.NativeMethodAccessorImpl.invoke0(Native Method)&#10;&#9;at sun.reflect.NativeMethodAccessorImpl.invoke(NativeMethodAccessorImpl.java:39)&#10;&#9;at sun.reflect.DelegatingMethodAccessorImpl.invoke(DelegatingMethodAccessorImpl.java:25)&#10;&#9;at java.lang.reflect.Method.invoke(Method.java:597)&#10;&#9;at org.junit.runners.model.FrameworkMethod$1.runReflectiveCall(FrameworkMethod.java:45)&#10;&#9;at org.junit.internal.runners.model.ReflectiveCallable.run(ReflectiveCallable.java:15)&#10;&#9;at org.junit.runners.model.FrameworkMethod.invokeExplosively(FrameworkMethod.java:42)&#10;&#9;at org.junit.internal.runners.statements.InvokeMethod.evaluate(InvokeMethod.java:20)&#10;&#9;at org.junit.runners.ParentRunner.runLeaf(ParentRunner.java:263)&#10;&#9;at org.junit.runners.BlockJUnit4ClassRunner.runChild(BlockJUnit4ClassRunner.java:68)&#10;&#9;at org.junit.runners.BlockJUnit4ClassRunner.runChild(BlockJUnit4ClassRunner.java:47)&#10;&#9;at org.junit.runners.ParentRunner$3.run(ParentRunner.java:231)&#10;&#9;at org.junit.runners.ParentRunner$1.schedule(ParentRunner.java:60)&#10;&#9;at org.junit.runners.ParentRunner.runChildren(ParentRunner.java:229)&#10;&#9;at org.junit.runners.ParentRunner.access$000(ParentRunner.java:50)&#10;&#9;at org.junit.runners.ParentRunner$2.evaluate(ParentRunner.java:222)&#10;&#9;at org.junit.runners.ParentRunner.run(ParentRunner.java:300)&#10;&#9;at org.eclipse.jdt.internal.junit4.runner.JUnit4TestReference.run(JUnit4TestReference.java:49)&#10;&#9;at org.eclipse.jdt.internal.junit.runner.TestExecution.run(TestExecution.java:38)&#10;&#9;at org.eclipse.jdt.internal.junit.runner.RemoteTestRunner.runTests(RemoteTestRunner.java:467)&#10;&#9;at org.eclipse.jdt.internal.junit.runner.RemoteTestRunner.runTests(RemoteTestRunner.java:683)&#10;&#9;at org.eclipse.jdt.internal.junit.runner.RemoteTestRunner.run(RemoteTestRunner.java:390)&#10;&#9;at org.codecover.juniteclipse.runner.EclipseTestRunner.main(EclipseTestRunner.java:40)" Date="1329200750346" Name="org.jfree.data.DataUtilitiesTest:testcreateNumberArray2D_tenByOneElementArrayPassed">
<CovList>
<CovPrefix CovItemPrefix="org.jfree.data.DataUtilities.java">
<Cov CovItemId="B6" Value="10"/>
<Cov CovItemId="B8" Value="1"/>
<Cov CovItemId="L3-1" Value="10"/>
<Cov CovItemId="L4-2" Value="1"/>
<Cov CovItemId="S15" Value="10"/>
<Cov CovItemId="S17" Value="10"/>
<Cov CovItemId="S18" Value="10"/>
<Cov CovItemId="S19" Value="10"/>
<Cov CovItemId="S20" Value="10"/>
<Cov CovItemId="S21" Value="1"/>
<Cov CovItemId="S23" Value="1"/>
<Cov CovItemId="S24" Value="1"/>
<Cov CovItemId="S25" Value="1"/>
<Cov CovItemId="S26" Value="10"/>
<Cov CovItemId="S27" Value="1"/>
</CovPrefix>
</CovList>
<AssgnmntList>
<AssgnmntPrefix RootTermCovItemPrefix="org.jfree.data.DataUtilities.java">
<AssgnmntListEntry Length="1" RootTermCovItemId="C5">
<MapEntry BoolAssgnmnt="0" Value="10"/>
</AssgnmntListEntry>
<AssgnmntListEntry Length="1" RootTermCovItemId="C6">
<MapEntry BoolAssgnmnt="0" Value="10"/>
<MapEntry BoolAssgnmnt="1" Value="10"/>
</AssgnmntListEntry>
<AssgnmntListEntry Length="1" RootTermCovItemId="C7">
<MapEntry BoolAssgnmnt="0" Value="1"/>
</AssgnmntListEntry>
<AssgnmntListEntry Length="1" RootTermCovItemId="C8">
<MapEntry BoolAssgnmnt="0" Value="1"/>
<MapEntry BoolAssgnmnt="1" Value="10"/>
</AssgnmntListEntry>
</AssgnmntPrefix>
</AssgnmntList>
<ObjMetaDataList/>
<MetaDataList/>
</TestCase>
<TestCase Comment="Failure&#10;java.lang.AssertionError: expected:&lt;true&gt; but was:&lt;false&gt;&#10;&#9;at org.junit.Assert.fail(Assert.java:93)&#10;&#9;at org.junit.Assert.failNotEquals(Assert.java:647)&#10;&#9;at org.junit.Assert.assertEquals(Assert.java:128)&#10;&#9;at org.junit.Assert.assertEquals(Assert.java:147)&#10;&#9;at org.jfree.data.DataUtilitiesTest.testcreateNumberArray2D_tenByTenElementArrayPassed(DataUtilitiesTest.java:378)&#10;&#9;at sun.reflect.NativeMethodAccessorImpl.invoke0(Native Method)&#10;&#9;at sun.reflect.NativeMethodAccessorImpl.invoke(NativeMethodAccessorImpl.java:39)&#10;&#9;at sun.reflect.DelegatingMethodAccessorImpl.invoke(DelegatingMethodAccessorImpl.java:25)&#10;&#9;at java.lang.reflect.Method.invoke(Method.java:597)&#10;&#9;at org.junit.runners.model.FrameworkMethod$1.runReflectiveCall(FrameworkMethod.java:45)&#10;&#9;at org.junit.internal.runners.model.ReflectiveCallable.run(ReflectiveCallable.java:15)&#10;&#9;at org.junit.runners.model.FrameworkMethod.invokeExplosively(FrameworkMethod.java:42)&#10;&#9;at org.junit.internal.runners.statements.InvokeMethod.evaluate(InvokeMethod.java:20)&#10;&#9;at org.junit.runners.ParentRunner.runLeaf(ParentRunner.java:263)&#10;&#9;at org.junit.runners.BlockJUnit4ClassRunner.runChild(BlockJUnit4ClassRunner.java:68)&#10;&#9;at org.junit.runners.BlockJUnit4ClassRunner.runChild(BlockJUnit4ClassRunner.java:47)&#10;&#9;at org.junit.runners.ParentRunner$3.run(ParentRunner.java:231)&#10;&#9;at org.junit.runners.ParentRunner$1.schedule(ParentRunner.java:60)&#10;&#9;at org.junit.runners.ParentRunner.runChildren(ParentRunner.java:229)&#10;&#9;at org.junit.runners.ParentRunner.access$000(ParentRunner.java:50)&#10;&#9;at org.junit.runners.ParentRunner$2.evaluate(ParentRunner.java:222)&#10;&#9;at org.junit.runners.ParentRunner.run(ParentRunner.java:300)&#10;&#9;at org.eclipse.jdt.internal.junit4.runner.JUnit4TestReference.run(JUnit4TestReference.java:49)&#10;&#9;at org.eclipse.jdt.internal.junit.runner.TestExecution.run(TestExecution.java:38)&#10;&#9;at org.eclipse.jdt.internal.junit.runner.RemoteTestRunner.runTests(RemoteTestRunner.java:467)&#10;&#9;at org.eclipse.jdt.internal.junit.runner.RemoteTestRunner.runTests(RemoteTestRunner.java:683)&#10;&#9;at org.eclipse.jdt.internal.junit.runner.RemoteTestRunner.run(RemoteTestRunner.java:390)&#10;&#9;at org.codecover.juniteclipse.runner.EclipseTestRunner.main(EclipseTestRunner.java:40)" Date="1329200750348" Name="org.jfree.data.DataUtilitiesTest:testcreateNumberArray2D_tenByTenElementArrayPassed">
<CovList>
<CovPrefix CovItemPrefix="org.jfree.data.DataUtilities.java">
<Cov CovItemId="B6" Value="10"/>
<Cov CovItemId="B8" Value="1"/>
<Cov CovItemId="L3-2" Value="10"/>
<Cov CovItemId="L4-2" Value="1"/>
<Cov CovItemId="S15" Value="10"/>
<Cov CovItemId="S17" Value="10"/>
<Cov CovItemId="S18" Value="10"/>
<Cov CovItemId="S19" Value="100"/>
<Cov CovItemId="S20" Value="10"/>
<Cov CovItemId="S21" Value="1"/>
<Cov CovItemId="S23" Value="1"/>
<Cov CovItemId="S24" Value="1"/>
<Cov CovItemId="S25" Value="1"/>
<Cov CovItemId="S26" Value="10"/>
<Cov CovItemId="S27" Value="1"/>
</CovPrefix>
</CovList>
<AssgnmntList>
<AssgnmntPrefix RootTermCovItemPrefix="org.jfree.data.DataUtilities.java">
<AssgnmntListEntry Length="1" RootTermCovItemId="C5">
<MapEntry BoolAssgnmnt="0" Value="10"/>
</AssgnmntListEntry>
<AssgnmntListEntry Length="1" RootTermCovItemId="C6">
<MapEntry BoolAssgnmnt="0" Value="10"/>
<MapEntry BoolAssgnmnt="1" Value="100"/>
</AssgnmntListEntry>
<AssgnmntListEntry Length="1" RootTermCovItemId="C7">
<MapEntry BoolAssgnmnt="0" Value="1"/>
</AssgnmntListEntry>
<AssgnmntListEntry Length="1" RootTermCovItemId="C8">
<MapEntry BoolAssgnmnt="0" Value="1"/>
<MapEntry BoolAssgnmnt="1" Value="10"/>
</AssgnmntListEntry>
</AssgnmntPrefix>
</AssgnmntList>
<ObjMetaDataList/>
<MetaDataList/>
</TestCase>
<TestCase Comment="Failure&#10;java.lang.AssertionError: expected:&lt;1.0&gt; but was:&lt;0.9&gt;&#10;&#9;at org.junit.Assert.fail(Assert.java:93)&#10;&#9;at org.junit.Assert.failNotEquals(Assert.java:647)&#10;&#9;at org.junit.Assert.assertEquals(Assert.java:128)&#10;&#9;at org.junit.Assert.assertEquals(Assert.java:147)&#10;&#9;at org.jfree.data.DataUtilitiesTest.testGetCumulativePercentages_dataHasOneRow(DataUtilitiesTest.java:397)&#10;&#9;at sun.reflect.NativeMethodAccessorImpl.invoke0(Native Method)&#10;&#9;at sun.reflect.NativeMethodAccessorImpl.invoke(NativeMethodAccessorImpl.java:39)&#10;&#9;at sun.reflect.DelegatingMethodAccessorImpl.invoke(DelegatingMethodAccessorImpl.java:25)&#10;&#9;at java.lang.reflect.Method.invoke(Method.java:597)&#10;&#9;at org.junit.runners.model.FrameworkMethod$1.runReflectiveCall(FrameworkMethod.java:45)&#10;&#9;at org.junit.internal.runners.model.ReflectiveCallable.run(ReflectiveCallable.java:15)&#10;&#9;at org.junit.runners.model.FrameworkMethod.invokeExplosively(FrameworkMethod.java:42)&#10;&#9;at org.junit.internal.runners.statements.InvokeMethod.evaluate(InvokeMethod.java:20)&#10;&#9;at org.junit.runners.ParentRunner.runLeaf(ParentRunner.java:263)&#10;&#9;at org.junit.runners.BlockJUnit4ClassRunner.runChild(BlockJUnit4ClassRunner.java:68)&#10;&#9;at org.junit.runners.BlockJUnit4ClassRunner.runChild(BlockJUnit4ClassRunner.java:47)&#10;&#9;at org.junit.runners.ParentRunner$3.run(ParentRunner.java:231)&#10;&#9;at org.junit.runners.ParentRunner$1.schedule(ParentRunner.java:60)&#10;&#9;at org.junit.runners.ParentRunner.runChildren(ParentRunner.java:229)&#10;&#9;at org.junit.runners.ParentRunner.access$000(ParentRunner.java:50)&#10;&#9;at org.junit.runners.ParentRunner$2.evaluate(ParentRunner.java:222)&#10;&#9;at org.junit.runners.ParentRunner.run(ParentRunner.java:300)&#10;&#9;at org.eclipse.jdt.internal.junit4.runner.JUnit4TestReference.run(JUnit4TestReference.java:49)&#10;&#9;at org.eclipse.jdt.internal.junit.runner.TestExecution.run(TestExecution.java:38)&#10;&#9;at org.eclipse.jdt.internal.junit.runner.RemoteTestRunner.runTests(RemoteTestRunner.java:467)&#10;&#9;at org.eclipse.jdt.internal.junit.runner.RemoteTestRunner.runTests(RemoteTestRunner.java:683)&#10;&#9;at org.eclipse.jdt.internal.junit.runner.RemoteTestRunner.run(RemoteTestRunner.java:390)&#10;&#9;at org.codecover.juniteclipse.runner.EclipseTestRunner.main(EclipseTestRunner.java:40)" Date="1329200750351" Name="org.jfree.data.DataUtilitiesTest:testGetCumulativePercentages_dataHasOneRow">
<CovList>
<CovPrefix CovItemPrefix="org.jfree.data.DataUtilities.java">
<Cov CovItemId="B10" Value="1"/>
<Cov CovItemId="B11" Value="1"/>
<Cov CovItemId="B13" Value="1"/>
<Cov CovItemId="L5-1" Value="1"/>
<Cov CovItemId="L6-1" Value="1"/>
<Cov CovItemId="S28" Value="1"/>
<Cov CovItemId="S30" Value="1"/>
<Cov CovItemId="S31" Value="1"/>
<Cov CovItemId="S32" Value="1"/>
<Cov CovItemId="S33" Value="1"/>
<Cov CovItemId="S34" Value="1"/>
<Cov CovItemId="S35" Value="1"/>
<Cov CovItemId="S36" Value="1"/>
<Cov CovItemId="S37" Value="1"/>
<Cov CovItemId="S38" Value="1"/>
<Cov CovItemId="S39" Value="1"/>
<Cov CovItemId="S40" Value="1"/>
<Cov CovItemId="S41" Value="1"/>
<Cov CovItemId="S42" Value="1"/>
</CovPrefix>
<CovPrefix CovItemPrefix="org.jfree.data.DefaultKeyedValues.java">
<Cov CovItemId="B1" Value="1"/>
<Cov CovItemId="B10" Value="1"/>
<Cov CovItemId="B12" Value="1"/>
<Cov CovItemId="L1-0" Value="1"/>
<Cov CovItemId="S14" Value="1"/>
<Cov CovItemId="S15" Value="1"/>
<Cov CovItemId="S16" Value="1"/>
<Cov CovItemId="S2" Value="1"/>
<Cov CovItemId="S21" Value="1"/>
<Cov CovItemId="S33" Value="1"/>
<Cov CovItemId="S35" Value="1"/>
<Cov CovItemId="S37" Value="1"/>
<Cov CovItemId="S38" Value="1"/>
<Cov CovItemId="S4" Value="1"/>
<Cov CovItemId="S41" Value="1"/>
<Cov CovItemId="S42" Value="1"/>
<Cov CovItemId="S5" Value="1"/>
<Cov CovItemId="S6" Value="1"/>
<Cov CovItemId="S7" Value="1"/>
<Cov CovItemId="S8" Value="1"/>
</CovPrefix>
</CovList>
<AssgnmntList>
<AssgnmntPrefix RootTermCovItemPrefix="org.jfree.data.DataUtilities.java">
<AssgnmntListEntry Length="1" RootTermCovItemId="C10">
<MapEntry BoolAssgnmnt="0" Value="1"/>
<MapEntry BoolAssgnmnt="1" Value="1"/>
</AssgnmntListEntry>
<AssgnmntListEntry Length="1" RootTermCovItemId="C11">
<MapEntry BoolAssgnmnt="1" Value="1"/>
</AssgnmntListEntry>
<AssgnmntListEntry Length="1" RootTermCovItemId="C12">
<MapEntry BoolAssgnmnt="0" Value="1"/>
<MapEntry BoolAssgnmnt="1" Value="1"/>
</AssgnmntListEntry>
<AssgnmntListEntry Length="1" RootTermCovItemId="C13">
<MapEntry BoolAssgnmnt="1" Value="1"/>
</AssgnmntListEntry>
<AssgnmntListEntry Length="1" RootTermCovItemId="C9">
<MapEntry BoolAssgnmnt="0" Value="1"/>
</AssgnmntListEntry>
</AssgnmntPrefix>
<AssgnmntPrefix RootTermCovItemPrefix="org.jfree.data.DefaultKeyedValues.java">
<AssgnmntListEntry Length="1" RootTermCovItemId="C1">
<MapEntry BoolAssgnmnt="1" Value="1"/>
</AssgnmntListEntry>
<AssgnmntListEntry Length="1" RootTermCovItemId="C3">
<MapEntry BoolAssgnmnt="0" Value="1"/>
</AssgnmntListEntry>
<AssgnmntListEntry Length="1" RootTermCovItemId="C7">
<MapEntry BoolAssgnmnt="0" Value="1"/>
</AssgnmntListEntry>
<AssgnmntListEntry Length="1" RootTermCovItemId="C8">
<MapEntry BoolAssgnmnt="0" Value="1"/>
</AssgnmntListEntry>
</AssgnmntPrefix>
</AssgnmntList>
<ObjMetaDataList/>
<MetaDataList/>
</TestCase>
<TestCase Comment="Failure&#10;java.lang.AssertionError: expected:&lt;0.25&gt; but was:&lt;0.225&gt;&#10;&#9;at org.junit.Assert.fail(Assert.java:93)&#10;&#9;at org.junit.Assert.failNotEquals(Assert.java:647)&#10;&#9;at org.junit.Assert.assertEquals(Assert.java:128)&#10;&#9;at org.junit.Assert.assertEquals(Assert.java:147)&#10;&#9;at org.jfree.data.DataUtilitiesTest.testGetCumulativePercentages_dataHasFourRows(DataUtilitiesTest.java:428)&#10;&#9;at sun.reflect.NativeMethodAccessorImpl.invoke0(Native Method)&#10;&#9;at sun.reflect.NativeMethodAccessorImpl.invoke(NativeMethodAccessorImpl.java:39)&#10;&#9;at sun.reflect.DelegatingMethodAccessorImpl.invoke(DelegatingMethodAccessorImpl.java:25)&#10;&#9;at java.lang.reflect.Method.invoke(Method.java:597)&#10;&#9;at org.junit.runners.model.FrameworkMethod$1.runReflectiveCall(FrameworkMethod.java:45)&#10;&#9;at org.junit.internal.runners.model.ReflectiveCallable.run(ReflectiveCallable.java:15)&#10;&#9;at org.junit.runners.model.FrameworkMethod.invokeExplosively(FrameworkMethod.java:42)&#10;&#9;at org.junit.internal.runners.statements.InvokeMethod.evaluate(InvokeMethod.java:20)&#10;&#9;at org.junit.runners.ParentRunner.runLeaf(ParentRunner.java:263)&#10;&#9;at org.junit.runners.BlockJUnit4ClassRunner.runChild(BlockJUnit4ClassRunner.java:68)&#10;&#9;at org.junit.runners.BlockJUnit4ClassRunner.runChild(BlockJUnit4ClassRunner.java:47)&#10;&#9;at org.junit.runners.ParentRunner$3.run(ParentRunner.java:231)&#10;&#9;at org.junit.runners.ParentRunner$1.schedule(ParentRunner.java:60)&#10;&#9;at org.junit.runners.ParentRunner.runChildren(ParentRunner.java:229)&#10;&#9;at org.junit.runners.ParentRunner.access$000(ParentRunner.java:50)&#10;&#9;at org.junit.runners.ParentRunner$2.evaluate(ParentRunner.java:222)&#10;&#9;at org.junit.runners.ParentRunner.run(ParentRunner.java:300)&#10;&#9;at org.eclipse.jdt.internal.junit4.runner.JUnit4TestReference.run(JUnit4TestReference.java:49)&#10;&#9;at org.eclipse.jdt.internal.junit.runner.TestExecution.run(TestExecution.java:38)&#10;&#9;at org.eclipse.jdt.internal.junit.runner.RemoteTestRunner.runTests(RemoteTestRunner.java:467)&#10;&#9;at org.eclipse.jdt.internal.junit.runner.RemoteTestRunner.runTests(RemoteTestRunner.java:683)&#10;&#9;at org.eclipse.jdt.internal.junit.runner.RemoteTestRunner.run(RemoteTestRunner.java:390)&#10;&#9;at org.codecover.juniteclipse.runner.EclipseTestRunner.main(EclipseTestRunner.java:40)" Date="1329200750373" Name="org.jfree.data.DataUtilitiesTest:testGetCumulativePercentages_dataHasFourRows">
<CovList>
<CovPrefix CovItemPrefix="org.jfree.data.DataUtilities.java">
<Cov CovItemId="B10" Value="1"/>
<Cov CovItemId="B11" Value="4"/>
<Cov CovItemId="B13" Value="4"/>
<Cov CovItemId="L5-2" Value="1"/>
<Cov CovItemId="L6-2" Value="1"/>
<Cov CovItemId="S28" Value="1"/>
<Cov CovItemId="S30" Value="1"/>
<Cov CovItemId="S31" Value="1"/>
<Cov CovItemId="S32" Value="1"/>
<Cov CovItemId="S33" Value="4"/>
<Cov CovItemId="S34" Value="4"/>
<Cov CovItemId="S35" Value="4"/>
<Cov CovItemId="S36" Value="1"/>
<Cov CovItemId="S37" Value="1"/>
<Cov CovItemId="S38" Value="4"/>
<Cov CovItemId="S39" Value="4"/>
<Cov CovItemId="S40" Value="4"/>
<Cov CovItemId="S41" Value="4"/>
<Cov CovItemId="S42" Value="1"/>
</CovPrefix>
<CovPrefix CovItemPrefix="org.jfree.data.DefaultKeyedValues.java">
<Cov CovItemId="B1" Value="1"/>
<Cov CovItemId="B10" Value="4"/>
<Cov CovItemId="B12" Value="4"/>
<Cov CovItemId="B6" Value="6"/>
<Cov CovItemId="L1-0" Value="1"/>
<Cov CovItemId="L1-1" Value="1"/>
<Cov CovItemId="L1-2" Value="2"/>
<Cov CovItemId="S14" Value="4"/>
<Cov CovItemId="S15" Value="4"/>
<Cov CovItemId="S16" Value="4"/>
<Cov CovItemId="S17" Value="6"/>
<Cov CovItemId="S18" Value="6"/>
<Cov CovItemId="S2" Value="1"/>
<Cov CovItemId="S20" Value="6"/>
<Cov CovItemId="S21" Value="4"/>
<Cov CovItemId="S33" Value="4"/>
<Cov CovItemId="S35" Value="4"/>
<Cov CovItemId="S37" Value="4"/>
<Cov CovItemId="S38" Value="4"/>
<Cov CovItemId="S4" Value="1"/>
<Cov CovItemId="S41" Value="4"/>
<Cov CovItemId="S42" Value="4"/>
<Cov CovItemId="S5" Value="1"/>
<Cov CovItemId="S6" Value="1"/>
<Cov CovItemId="S7" Value="1"/>
<Cov CovItemId="S8" Value="1"/>
</CovPrefix>
</CovList>
<AssgnmntList>
<AssgnmntPrefix RootTermCovItemPrefix="org.jfree.data.DataUtilities.java">
<AssgnmntListEntry Length="1" RootTermCovItemId="C10">
<MapEntry BoolAssgnmnt="0" Value="1"/>
<MapEntry BoolAssgnmnt="1" Value="4"/>
</AssgnmntListEntry>
<AssgnmntListEntry Length="1" RootTermCovItemId="C11">
<MapEntry BoolAssgnmnt="1" Value="4"/>
</AssgnmntListEntry>
<AssgnmntListEntry Length="1" RootTermCovItemId="C12">
<MapEntry BoolAssgnmnt="0" Value="1"/>
<MapEntry BoolAssgnmnt="1" Value="4"/>
</AssgnmntListEntry>
<AssgnmntListEntry Length="1" RootTermCovItemId="C13">
<MapEntry BoolAssgnmnt="1" Value="4"/>
</AssgnmntListEntry>
<AssgnmntListEntry Length="1" RootTermCovItemId="C9">
<MapEntry BoolAssgnmnt="0" Value="1"/>
</AssgnmntListEntry>
</AssgnmntPrefix>
<AssgnmntPrefix RootTermCovItemPrefix="org.jfree.data.DefaultKeyedValues.java">
<AssgnmntListEntry Length="1" RootTermCovItemId="C1">
<MapEntry BoolAssgnmnt="1" Value="1"/>
</AssgnmntListEntry>
<AssgnmntListEntry Length="1" RootTermCovItemId="C3">
<MapEntry BoolAssgnmnt="0" Value="4"/>
<MapEntry BoolAssgnmnt="1" Value="6"/>
</AssgnmntListEntry>
<AssgnmntListEntry Length="1" RootTermCovItemId="C4">
<MapEntry BoolAssgnmnt="0" Value="6"/>
</AssgnmntListEntry>
<AssgnmntListEntry Length="1" RootTermCovItemId="C7">
<MapEntry BoolAssgnmnt="0" Value="4"/>
</AssgnmntListEntry>
<AssgnmntListEntry Length="1" RootTermCovItemId="C8">
<MapEntry BoolAssgnmnt="0" Value="4"/>
</AssgnmntListEntry>
</AssgnmntPrefix>
</AssgnmntList>
<ObjMetaDataList/>
<MetaDataList/>
</TestCase>
<TestCase Comment="Failure&#10;java.lang.AssertionError: expected:&lt;1.0&gt; but was:&lt;0.9&gt;&#10;&#9;at org.junit.Assert.fail(Assert.java:93)&#10;&#9;at org.junit.Assert.failNotEquals(Assert.java:647)&#10;&#9;at org.junit.Assert.assertEquals(Assert.java:128)&#10;&#9;at org.junit.Assert.assertEquals(Assert.java:147)&#10;&#9;at org.jfree.data.DataUtilitiesTest.testGetCumulativePercentages_firstThreeRowsAreZero(DataUtilitiesTest.java:465)&#10;&#9;at sun.reflect.NativeMethodAccessorImpl.invoke0(Native Method)&#10;&#9;at sun.reflect.NativeMethodAccessorImpl.invoke(NativeMethodAccessorImpl.java:39)&#10;&#9;at sun.reflect.DelegatingMethodAccessorImpl.invoke(DelegatingMethodAccessorImpl.java:25)&#10;&#9;at java.lang.reflect.Method.invoke(Method.java:597)&#10;&#9;at org.junit.runners.model.FrameworkMethod$1.runReflectiveCall(FrameworkMethod.java:45)&#10;&#9;at org.junit.internal.runners.model.ReflectiveCallable.run(ReflectiveCallable.java:15)&#10;&#9;at org.junit.runners.model.FrameworkMethod.invokeExplosively(FrameworkMethod.java:42)&#10;&#9;at org.junit.internal.runners.statements.InvokeMethod.evaluate(InvokeMethod.java:20)&#10;&#9;at org.junit.runners.ParentRunner.runLeaf(ParentRunner.java:263)&#10;&#9;at org.junit.runners.BlockJUnit4ClassRunner.runChild(BlockJUnit4ClassRunner.java:68)&#10;&#9;at org.junit.runners.BlockJUnit4ClassRunner.runChild(BlockJUnit4ClassRunner.java:47)&#10;&#9;at org.junit.runners.ParentRunner$3.run(ParentRunner.java:231)&#10;&#9;at org.junit.runners.ParentRunner$1.schedule(ParentRunner.java:60)&#10;&#9;at org.junit.runners.ParentRunner.runChildren(ParentRunner.java:229)&#10;&#9;at org.junit.runners.ParentRunner.access$000(ParentRunner.java:50)&#10;&#9;at org.junit.runners.ParentRunner$2.evaluate(ParentRunner.java:222)&#10;&#9;at org.junit.runners.ParentRunner.run(ParentRunner.java:300)&#10;&#9;at org.eclipse.jdt.internal.junit4.runner.JUnit4TestReference.run(JUnit4TestReference.java:49)&#10;&#9;at org.eclipse.jdt.internal.junit.runner.TestExecution.run(TestExecution.java:38)&#10;&#9;at org.eclipse.jdt.internal.junit.runner.RemoteTestRunner.runTests(RemoteTestRunner.java:467)&#10;&#9;at org.eclipse.jdt.internal.junit.runner.RemoteTestRunner.runTests(RemoteTestRunner.java:683)&#10;&#9;at org.eclipse.jdt.internal.junit.runner.RemoteTestRunner.run(RemoteTestRunner.java:390)&#10;&#9;at org.codecover.juniteclipse.runner.EclipseTestRunner.main(EclipseTestRunner.java:40)" Date="1329200750380" Name="org.jfree.data.DataUtilitiesTest:testGetCumulativePercentages_firstThreeRowsAreZero">
<CovList>
<CovPrefix CovItemPrefix="org.jfree.data.DataUtilities.java">
<Cov CovItemId="B10" Value="1"/>
<Cov CovItemId="B11" Value="4"/>
<Cov CovItemId="B13" Value="4"/>
<Cov CovItemId="L5-2" Value="1"/>
<Cov CovItemId="L6-2" Value="1"/>
<Cov CovItemId="S28" Value="1"/>
<Cov CovItemId="S30" Value="1"/>
<Cov CovItemId="S31" Value="1"/>
<Cov CovItemId="S32" Value="1"/>
<Cov CovItemId="S33" Value="4"/>
<Cov CovItemId="S34" Value="4"/>
<Cov CovItemId="S35" Value="4"/>
<Cov CovItemId="S36" Value="1"/>
<Cov CovItemId="S37" Value="1"/>
<Cov CovItemId="S38" Value="4"/>
<Cov CovItemId="S39" Value="4"/>
<Cov CovItemId="S40" Value="4"/>
<Cov CovItemId="S41" Value="4"/>
<Cov CovItemId="S42" Value="1"/>
</CovPrefix>
<CovPrefix CovItemPrefix="org.jfree.data.DefaultKeyedValues.java">
<Cov CovItemId="B1" Value="4"/>
<Cov CovItemId="B10" Value="4"/>
<Cov CovItemId="B12" Value="4"/>
<Cov CovItemId="B6" Value="6"/>
<Cov CovItemId="L1-0" Value="1"/>
<Cov CovItemId="L1-1" Value="1"/>
<Cov CovItemId="L1-2" Value="2"/>
<Cov CovItemId="S14" Value="4"/>
<Cov CovItemId="S15" Value="4"/>
<Cov CovItemId="S16" Value="4"/>
<Cov CovItemId="S17" Value="6"/>
<Cov CovItemId="S18" Value="6"/>
<Cov CovItemId="S2" Value="1"/>
<Cov CovItemId="S20" Value="6"/>
<Cov CovItemId="S21" Value="4"/>
<Cov CovItemId="S33" Value="4"/>
<Cov CovItemId="S35" Value="4"/>
<Cov CovItemId="S37" Value="4"/>
<Cov CovItemId="S38" Value="4"/>
<Cov CovItemId="S4" Value="4"/>
<Cov CovItemId="S41" Value="4"/>
<Cov CovItemId="S42" Value="4"/>
<Cov CovItemId="S5" Value="4"/>
<Cov CovItemId="S6" Value="4"/>
<Cov CovItemId="S7" Value="4"/>
<Cov CovItemId="S8" Value="4"/>
</CovPrefix>
</CovList>
<AssgnmntList>
<AssgnmntPrefix RootTermCovItemPrefix="org.jfree.data.DataUtilities.java">
<AssgnmntListEntry Length="1" RootTermCovItemId="C10">
<MapEntry BoolAssgnmnt="0" Value="1"/>
<MapEntry BoolAssgnmnt="1" Value="4"/>
</AssgnmntListEntry>
<AssgnmntListEntry Length="1" RootTermCovItemId="C11">
<MapEntry BoolAssgnmnt="1" Value="4"/>
</AssgnmntListEntry>
<AssgnmntListEntry Length="1" RootTermCovItemId="C12">
<MapEntry BoolAssgnmnt="0" Value="1"/>
<MapEntry BoolAssgnmnt="1" Value="4"/>
</AssgnmntListEntry>
<AssgnmntListEntry Length="1" RootTermCovItemId="C13">
<MapEntry BoolAssgnmnt="1" Value="4"/>
</AssgnmntListEntry>
<AssgnmntListEntry Length="1" RootTermCovItemId="C9">
<MapEntry BoolAssgnmnt="0" Value="1"/>
</AssgnmntListEntry>
</AssgnmntPrefix>
<AssgnmntPrefix RootTermCovItemPrefix="org.jfree.data.DefaultKeyedValues.java">
<AssgnmntListEntry Length="1" RootTermCovItemId="C1">
<MapEntry BoolAssgnmnt="1" Value="4"/>
</AssgnmntListEntry>
<AssgnmntListEntry Length="1" RootTermCovItemId="C3">
<MapEntry BoolAssgnmnt="0" Value="4"/>
<MapEntry BoolAssgnmnt="1" Value="6"/>
</AssgnmntListEntry>
<AssgnmntListEntry Length="1" RootTermCovItemId="C4">
<MapEntry BoolAssgnmnt="0" Value="6"/>
</AssgnmntListEntry>
<AssgnmntListEntry Length="1" RootTermCovItemId="C7">
<MapEntry BoolAssgnmnt="0" Value="4"/>
</AssgnmntListEntry>
<AssgnmntListEntry Length="1" RootTermCovItemId="C8">
<MapEntry BoolAssgnmnt="0" Value="4"/>
</AssgnmntListEntry>
</AssgnmntPrefix>
</AssgnmntList>
<ObjMetaDataList/>
<MetaDataList/>
</TestCase>
<TestCase Comment="Failure&#10;java.lang.AssertionError: expected:&lt;1.0&gt; but was:&lt;0.9&gt;&#10;&#9;at org.junit.Assert.fail(Assert.java:93)&#10;&#9;at org.junit.Assert.failNotEquals(Assert.java:647)&#10;&#9;at org.junit.Assert.assertEquals(Assert.java:128)&#10;&#9;at org.junit.Assert.assertEquals(Assert.java:147)&#10;&#9;at org.jfree.data.DataUtilitiesTest.testGetCumulativePercentages_lastThreeRowsAreZero(DataUtilitiesTest.java:496)&#10;&#9;at sun.reflect.NativeMethodAccessorImpl.invoke0(Native Method)&#10;&#9;at sun.reflect.NativeMethodAccessorImpl.invoke(NativeMethodAccessorImpl.java:39)&#10;&#9;at sun.reflect.DelegatingMethodAccessorImpl.invoke(DelegatingMethodAccessorImpl.java:25)&#10;&#9;at java.lang.reflect.Method.invoke(Method.java:597)&#10;&#9;at org.junit.runners.model.FrameworkMethod$1.runReflectiveCall(FrameworkMethod.java:45)&#10;&#9;at org.junit.internal.runners.model.ReflectiveCallable.run(ReflectiveCallable.java:15)&#10;&#9;at org.junit.runners.model.FrameworkMethod.invokeExplosively(FrameworkMethod.java:42)&#10;&#9;at org.junit.internal.runners.statements.InvokeMethod.evaluate(InvokeMethod.java:20)&#10;&#9;at org.junit.runners.ParentRunner.runLeaf(ParentRunner.java:263)&#10;&#9;at org.junit.runners.BlockJUnit4ClassRunner.runChild(BlockJUnit4ClassRunner.java:68)&#10;&#9;at org.junit.runners.BlockJUnit4ClassRunner.runChild(BlockJUnit4ClassRunner.java:47)&#10;&#9;at org.junit.runners.ParentRunner$3.run(ParentRunner.java:231)&#10;&#9;at org.junit.runners.ParentRunner$1.schedule(ParentRunner.java:60)&#10;&#9;at org.junit.runners.ParentRunner.runChildren(ParentRunner.java:229)&#10;&#9;at org.junit.runners.ParentRunner.access$000(ParentRunner.java:50)&#10;&#9;at org.junit.runners.ParentRunner$2.evaluate(ParentRunner.java:222)&#10;&#9;at org.junit.runners.ParentRunner.run(ParentRunner.java:300)&#10;&#9;at org.eclipse.jdt.internal.junit4.runner.JUnit4TestReference.run(JUnit4TestReference.java:49)&#10;&#9;at org.eclipse.jdt.internal.junit.runner.TestExecution.run(TestExecution.java:38)&#10;&#9;at org.eclipse.jdt.internal.junit.runner.RemoteTestRunner.runTests(RemoteTestRunner.java:467)&#10;&#9;at org.eclipse.jdt.internal.junit.runner.RemoteTestRunner.runTests(RemoteTestRunner.java:683)&#10;&#9;at org.eclipse.jdt.internal.junit.runner.RemoteTestRunner.run(RemoteTestRunner.java:390)&#10;&#9;at org.codecover.juniteclipse.runner.EclipseTestRunner.main(EclipseTestRunner.java:40)" Date="1329200750455" Name="org.jfree.data.DataUtilitiesTest:testGetCumulativePercentages_lastThreeRowsAreZero">
<CovList>
<CovPrefix CovItemPrefix="org.jfree.data.DataUtilities.java">
<Cov CovItemId="B10" Value="1"/>
<Cov CovItemId="B11" Value="4"/>
<Cov CovItemId="B13" Value="4"/>
<Cov CovItemId="L5-2" Value="1"/>
<Cov CovItemId="L6-2" Value="1"/>
<Cov CovItemId="S28" Value="1"/>
<Cov CovItemId="S30" Value="1"/>
<Cov CovItemId="S31" Value="1"/>
<Cov CovItemId="S32" Value="1"/>
<Cov CovItemId="S33" Value="4"/>
<Cov CovItemId="S34" Value="4"/>
<Cov CovItemId="S35" Value="4"/>
<Cov CovItemId="S36" Value="1"/>
<Cov CovItemId="S37" Value="1"/>
<Cov CovItemId="S38" Value="4"/>
<Cov CovItemId="S39" Value="4"/>
<Cov CovItemId="S40" Value="4"/>
<Cov CovItemId="S41" Value="4"/>
<Cov CovItemId="S42" Value="1"/>
</CovPrefix>
<CovPrefix CovItemPrefix="org.jfree.data.DefaultKeyedValues.java">
<Cov CovItemId="B1" Value="1"/>
<Cov CovItemId="B10" Value="4"/>
<Cov CovItemId="B12" Value="4"/>
<Cov CovItemId="B6" Value="6"/>
<Cov CovItemId="L1-0" Value="1"/>
<Cov CovItemId="L1-1" Value="1"/>
<Cov CovItemId="L1-2" Value="2"/>
<Cov CovItemId="S14" Value="4"/>
<Cov CovItemId="S15" Value="4"/>
<Cov CovItemId="S16" Value="4"/>
<Cov CovItemId="S17" Value="6"/>
<Cov CovItemId="S18" Value="6"/>
<Cov CovItemId="S2" Value="1"/>
<Cov CovItemId="S20" Value="6"/>
<Cov CovItemId="S21" Value="4"/>
<Cov CovItemId="S33" Value="4"/>
<Cov CovItemId="S35" Value="4"/>
<Cov CovItemId="S37" Value="4"/>
<Cov CovItemId="S38" Value="4"/>
<Cov CovItemId="S4" Value="1"/>
<Cov CovItemId="S41" Value="4"/>
<Cov CovItemId="S42" Value="4"/>
<Cov CovItemId="S5" Value="1"/>
<Cov CovItemId="S6" Value="1"/>
<Cov CovItemId="S7" Value="1"/>
<Cov CovItemId="S8" Value="1"/>
</CovPrefix>
</CovList>
<AssgnmntList>
<AssgnmntPrefix RootTermCovItemPrefix="org.jfree.data.DataUtilities.java">
<AssgnmntListEntry Length="1" RootTermCovItemId="C10">
<MapEntry BoolAssgnmnt="0" Value="1"/>
<MapEntry BoolAssgnmnt="1" Value="4"/>
</AssgnmntListEntry>
<AssgnmntListEntry Length="1" RootTermCovItemId="C11">
<MapEntry BoolAssgnmnt="1" Value="4"/>
</AssgnmntListEntry>
<AssgnmntListEntry Length="1" RootTermCovItemId="C12">
<MapEntry BoolAssgnmnt="0" Value="1"/>
<MapEntry BoolAssgnmnt="1" Value="4"/>
</AssgnmntListEntry>
<AssgnmntListEntry Length="1" RootTermCovItemId="C13">
<MapEntry BoolAssgnmnt="1" Value="4"/>
</AssgnmntListEntry>
<AssgnmntListEntry Length="1" RootTermCovItemId="C9">
<MapEntry BoolAssgnmnt="0" Value="1"/>
</AssgnmntListEntry>
</AssgnmntPrefix>
<AssgnmntPrefix RootTermCovItemPrefix="org.jfree.data.DefaultKeyedValues.java">
<AssgnmntListEntry Length="1" RootTermCovItemId="C1">
<MapEntry BoolAssgnmnt="1" Value="1"/>
</AssgnmntListEntry>
<AssgnmntListEntry Length="1" RootTermCovItemId="C3">
<MapEntry BoolAssgnmnt="0" Value="4"/>
<MapEntry BoolAssgnmnt="1" Value="6"/>
</AssgnmntListEntry>
<AssgnmntListEntry Length="1" RootTermCovItemId="C4">
<MapEntry BoolAssgnmnt="0" Value="6"/>
</AssgnmntListEntry>
<AssgnmntListEntry Length="1" RootTermCovItemId="C7">
<MapEntry BoolAssgnmnt="0" Value="4"/>
</AssgnmntListEntry>
<AssgnmntListEntry Length="1" RootTermCovItemId="C8">
<MapEntry BoolAssgnmnt="0" Value="4"/>
</AssgnmntListEntry>
</AssgnmntPrefix>
</AssgnmntList>
<ObjMetaDataList/>
<MetaDataList/>
</TestCase>
<TestCase Comment="" Date="1329200750470" Name="org.jfree.data.DataUtilitiesTest:testGetCumulativePercentages_allRowsAreZero">
<CovList>
<CovPrefix CovItemPrefix="org.jfree.data.DataUtilities.java">
<Cov CovItemId="B10" Value="1"/>
<Cov CovItemId="B11" Value="4"/>
<Cov CovItemId="B13" Value="4"/>
<Cov CovItemId="L5-2" Value="1"/>
<Cov CovItemId="L6-2" Value="1"/>
<Cov CovItemId="S28" Value="1"/>
<Cov CovItemId="S30" Value="1"/>
<Cov CovItemId="S31" Value="1"/>
<Cov CovItemId="S32" Value="1"/>
<Cov CovItemId="S33" Value="4"/>
<Cov CovItemId="S34" Value="4"/>
<Cov CovItemId="S35" Value="4"/>
<Cov CovItemId="S36" Value="1"/>
<Cov CovItemId="S37" Value="1"/>
<Cov CovItemId="S38" Value="4"/>
<Cov CovItemId="S39" Value="4"/>
<Cov CovItemId="S40" Value="4"/>
<Cov CovItemId="S41" Value="4"/>
<Cov CovItemId="S42" Value="1"/>
</CovPrefix>
<CovPrefix CovItemPrefix="org.jfree.data.DefaultKeyedValues.java">
<Cov CovItemId="B1" Value="4"/>
<Cov CovItemId="B10" Value="4"/>
<Cov CovItemId="B12" Value="4"/>
<Cov CovItemId="B6" Value="6"/>
<Cov CovItemId="L1-0" Value="1"/>
<Cov CovItemId="L1-1" Value="1"/>
<Cov CovItemId="L1-2" Value="2"/>
<Cov CovItemId="S14" Value="4"/>
<Cov CovItemId="S15" Value="4"/>
<Cov CovItemId="S16" Value="4"/>
<Cov CovItemId="S17" Value="6"/>
<Cov CovItemId="S18" Value="6"/>
<Cov CovItemId="S2" Value="1"/>
<Cov CovItemId="S20" Value="6"/>
<Cov CovItemId="S21" Value="4"/>
<Cov CovItemId="S33" Value="4"/>
<Cov CovItemId="S35" Value="4"/>
<Cov CovItemId="S37" Value="4"/>
<Cov CovItemId="S38" Value="4"/>
<Cov CovItemId="S4" Value="4"/>
<Cov CovItemId="S41" Value="4"/>
<Cov CovItemId="S42" Value="4"/>
<Cov CovItemId="S5" Value="4"/>
<Cov CovItemId="S6" Value="4"/>
<Cov CovItemId="S7" Value="4"/>
<Cov CovItemId="S8" Value="4"/>
</CovPrefix>
</CovList>
<AssgnmntList>
<AssgnmntPrefix RootTermCovItemPrefix="org.jfree.data.DataUtilities.java">
<AssgnmntListEntry Length="1" RootTermCovItemId="C10">
<MapEntry BoolAssgnmnt="0" Value="1"/>
<MapEntry BoolAssgnmnt="1" Value="4"/>
</AssgnmntListEntry>
<AssgnmntListEntry Length="1" RootTermCovItemId="C11">
<MapEntry BoolAssgnmnt="1" Value="4"/>
</AssgnmntListEntry>
<AssgnmntListEntry Length="1" RootTermCovItemId="C12">
<MapEntry BoolAssgnmnt="0" Value="1"/>
<MapEntry BoolAssgnmnt="1" Value="4"/>
</AssgnmntListEntry>
<AssgnmntListEntry Length="1" RootTermCovItemId="C13">
<MapEntry BoolAssgnmnt="1" Value="4"/>
</AssgnmntListEntry>
<AssgnmntListEntry Length="1" RootTermCovItemId="C9">
<MapEntry BoolAssgnmnt="0" Value="1"/>
</AssgnmntListEntry>
</AssgnmntPrefix>
<AssgnmntPrefix RootTermCovItemPrefix="org.jfree.data.DefaultKeyedValues.java">
<AssgnmntListEntry Length="1" RootTermCovItemId="C1">
<MapEntry BoolAssgnmnt="1" Value="4"/>
</AssgnmntListEntry>
<AssgnmntListEntry Length="1" RootTermCovItemId="C3">
<MapEntry BoolAssgnmnt="0" Value="4"/>
<MapEntry BoolAssgnmnt="1" Value="6"/>
</AssgnmntListEntry>
<AssgnmntListEntry Length="1" RootTermCovItemId="C4">
<MapEntry BoolAssgnmnt="0" Value="6"/>
</AssgnmntListEntry>
<AssgnmntListEntry Length="1" RootTermCovItemId="C7">
<MapEntry BoolAssgnmnt="0" Value="4"/>
</AssgnmntListEntry>
<AssgnmntListEntry Length="1" RootTermCovItemId="C8">
<MapEntry BoolAssgnmnt="0" Value="4"/>
</AssgnmntListEntry>
</AssgnmntPrefix>
</AssgnmntList>
<ObjMetaDataList/>
<MetaDataList/>
</TestCase>
<TestCase Comment="Failure&#10;java.lang.AssertionError: Method should throw exception. expected:&lt;true&gt; but was:&lt;false&gt;&#10;&#9;at org.junit.Assert.fail(Assert.java:93)&#10;&#9;at org.junit.Assert.failNotEquals(Assert.java:647)&#10;&#9;at org.junit.Assert.assertEquals(Assert.java:128)&#10;&#9;at org.jfree.data.CreateNumberArray2D.nullDataObjectPassed(CreateNumberArray2D.java:21)&#10;&#9;at sun.reflect.NativeMethodAccessorImpl.invoke0(Native Method)&#10;&#9;at sun.reflect.NativeMethodAccessorImpl.invoke(NativeMethodAccessorImpl.java:39)&#10;&#9;at sun.reflect.DelegatingMethodAccessorImpl.invoke(DelegatingMethodAccessorImpl.java:25)&#10;&#9;at java.lang.reflect.Method.invoke(Method.java:597)&#10;&#9;at org.junit.runners.model.FrameworkMethod$1.runReflectiveCall(FrameworkMethod.java:45)&#10;&#9;at org.junit.internal.runners.model.ReflectiveCallable.run(ReflectiveCallable.java:15)&#10;&#9;at org.junit.runners.model.FrameworkMethod.invokeExplosively(FrameworkMethod.java:42)&#10;&#9;at org.junit.internal.runners.statements.InvokeMethod.evaluate(InvokeMethod.java:20)&#10;&#9;at org.junit.runners.ParentRunner.runLeaf(ParentRunner.java:263)&#10;&#9;at org.junit.runners.BlockJUnit4ClassRunner.runChild(BlockJUnit4ClassRunner.java:68)&#10;&#9;at org.junit.runners.BlockJUnit4ClassRunner.runChild(BlockJUnit4ClassRunner.java:47)&#10;&#9;at org.junit.runners.ParentRunner$3.run(ParentRunner.java:231)&#10;&#9;at org.junit.runners.ParentRunner$1.schedule(ParentRunner.java:60)&#10;&#9;at org.junit.runners.ParentRunner.runChildren(ParentRunner.java:229)&#10;&#9;at org.junit.runners.ParentRunner.access$000(ParentRunner.java:50)&#10;&#9;at org.junit.runners.ParentRunner$2.evaluate(ParentRunner.java:222)&#10;&#9;at org.junit.runners.ParentRunner.run(ParentRunner.java:300)&#10;&#9;at org.eclipse.jdt.internal.junit4.runner.JUnit4TestReference.run(JUnit4TestReference.java:49)&#10;&#9;at org.eclipse.jdt.internal.junit.runner.TestExecution.run(TestExecution.java:38)&#10;&#9;at org.eclipse.jdt.internal.junit.runner.RemoteTestRunner.runTests(RemoteTestRunner.java:467)&#10;&#9;at org.eclipse.jdt.internal.junit.runner.RemoteTestRunner.runTests(RemoteTestRunner.java:683)&#10;&#9;at org.eclipse.jdt.internal.junit.runner.RemoteTestRunner.run(RemoteTestRunner.java:390)&#10;&#9;at org.codecover.juniteclipse.runner.EclipseTestRunner.main(EclipseTestRunner.java:40)" Date="1329200750475" Name="org.jfree.data.CreateNumberArray2D:nullDataObjectPassed">
<CovList>
<CovPrefix CovItemPrefix="org.jfree.data.DataUtilities.java">
<Cov CovItemId="B7" Value="1"/>
<Cov CovItemId="S21" Value="1"/>
<Cov CovItemId="S22" Value="1"/>
</CovPrefix>
</CovList>
<AssgnmntList>
<AssgnmntPrefix RootTermCovItemPrefix="org.jfree.data.DataUtilities.java">
<AssgnmntListEntry Length="1" RootTermCovItemId="C7">
<MapEntry BoolAssgnmnt="1" Value="1"/>
</AssgnmntListEntry>
</AssgnmntPrefix>
</AssgnmntList>
<ObjMetaDataList/>
<MetaDataList/>
</TestCase>
<TestCase Comment="Failure&#10;java.lang.AssertionError: expected:&lt;true&gt; but was:&lt;false&gt;&#10;&#9;at org.junit.Assert.fail(Assert.java:93)&#10;&#9;at org.junit.Assert.failNotEquals(Assert.java:647)&#10;&#9;at org.junit.Assert.assertEquals(Assert.java:128)&#10;&#9;at org.junit.Assert.assertEquals(Assert.java:147)&#10;&#9;at org.jfree.data.CreateNumberArray2D.oneByOneArrayPassed(CreateNumberArray2D.java:32)&#10;&#9;at sun.reflect.NativeMethodAccessorImpl.invoke0(Native Method)&#10;&#9;at sun.reflect.NativeMethodAccessorImpl.invoke(NativeMethodAccessorImpl.java:39)&#10;&#9;at sun.reflect.DelegatingMethodAccessorImpl.invoke(DelegatingMethodAccessorImpl.java:25)&#10;&#9;at java.lang.reflect.Method.invoke(Method.java:597)&#10;&#9;at org.junit.runners.model.FrameworkMethod$1.runReflectiveCall(FrameworkMethod.java:45)&#10;&#9;at org.junit.internal.runners.model.ReflectiveCallable.run(ReflectiveCallable.java:15)&#10;&#9;at org.junit.runners.model.FrameworkMethod.invokeExplosively(FrameworkMethod.java:42)&#10;&#9;at org.junit.internal.runners.statements.InvokeMethod.evaluate(InvokeMethod.java:20)&#10;&#9;at org.junit.runners.ParentRunner.runLeaf(ParentRunner.java:263)&#10;&#9;at org.junit.runners.BlockJUnit4ClassRunner.runChild(BlockJUnit4ClassRunner.java:68)&#10;&#9;at org.junit.runners.BlockJUnit4ClassRunner.runChild(BlockJUnit4ClassRunner.java:47)&#10;&#9;at org.junit.runners.ParentRunner$3.run(ParentRunner.java:231)&#10;&#9;at org.junit.runners.ParentRunner$1.schedule(ParentRunner.java:60)&#10;&#9;at org.junit.runners.ParentRunner.runChildren(ParentRunner.java:229)&#10;&#9;at org.junit.runners.ParentRunner.access$000(ParentRunner.java:50)&#10;&#9;at org.junit.runners.ParentRunner$2.evaluate(ParentRunner.java:222)&#10;&#9;at org.junit.runners.ParentRunner.run(ParentRunner.java:300)&#10;&#9;at org.eclipse.jdt.internal.junit4.runner.JUnit4TestReference.run(JUnit4TestReference.java:49)&#10;&#9;at org.eclipse.jdt.internal.junit.runner.TestExecution.run(TestExecution.java:38)&#10;&#9;at org.eclipse.jdt.internal.junit.runner.RemoteTestRunner.runTests(RemoteTestRunner.java:467)&#10;&#9;at org.eclipse.jdt.internal.junit.runner.RemoteTestRunner.runTests(RemoteTestRunner.java:683)&#10;&#9;at org.eclipse.jdt.internal.junit.runner.RemoteTestRunner.run(RemoteTestRunner.java:390)&#10;&#9;at org.codecover.juniteclipse.runner.EclipseTestRunner.main(EclipseTestRunner.java:40)" Date="1329200750480" Name="org.jfree.data.CreateNumberArray2D:oneByOneArrayPassed">
<CovList>
<CovPrefix CovItemPrefix="org.jfree.data.DataUtilities.java">
<Cov CovItemId="B6" Value="1"/>
<Cov CovItemId="B8" Value="1"/>
<Cov CovItemId="L3-1" Value="1"/>
<Cov CovItemId="L4-1" Value="1"/>
<Cov CovItemId="S15" Value="1"/>
<Cov CovItemId="S17" Value="1"/>
<Cov CovItemId="S18" Value="1"/>
<Cov CovItemId="S19" Value="1"/>
<Cov CovItemId="S20" Value="1"/>
<Cov CovItemId="S21" Value="1"/>
<Cov CovItemId="S23" Value="1"/>
<Cov CovItemId="S24" Value="1"/>
<Cov CovItemId="S25" Value="1"/>
<Cov CovItemId="S26" Value="1"/>
<Cov CovItemId="S27" Value="1"/>
</CovPrefix>
</CovList>
<AssgnmntList>
<AssgnmntPrefix RootTermCovItemPrefix="org.jfree.data.DataUtilities.java">
<AssgnmntListEntry Length="1" RootTermCovItemId="C5">
<MapEntry BoolAssgnmnt="0" Value="1"/>
</AssgnmntListEntry>
<AssgnmntListEntry Length="1" RootTermCovItemId="C6">
<MapEntry BoolAssgnmnt="0" Value="1"/>
<MapEntry BoolAssgnmnt="1" Value="1"/>
</AssgnmntListEntry>
<AssgnmntListEntry Length="1" RootTermCovItemId="C7">
<MapEntry BoolAssgnmnt="0" Value="1"/>
</AssgnmntListEntry>
<AssgnmntListEntry Length="1" RootTermCovItemId="C8">
<MapEntry BoolAssgnmnt="0" Value="1"/>
<MapEntry BoolAssgnmnt="1" Value="1"/>
</AssgnmntListEntry>
</AssgnmntPrefix>
</AssgnmntList>
<ObjMetaDataList/>
<MetaDataList/>
</TestCase>
<TestCase Comment="Failure&#10;java.lang.AssertionError: expected:&lt;true&gt; but was:&lt;false&gt;&#10;&#9;at org.junit.Assert.fail(Assert.java:93)&#10;&#9;at org.junit.Assert.failNotEquals(Assert.java:647)&#10;&#9;at org.junit.Assert.assertEquals(Assert.java:128)&#10;&#9;at org.junit.Assert.assertEquals(Assert.java:147)&#10;&#9;at org.jfree.data.CreateNumberArray2D.oneByTenElementArrayPassed(CreateNumberArray2D.java:42)&#10;&#9;at sun.reflect.NativeMethodAccessorImpl.invoke0(Native Method)&#10;&#9;at sun.reflect.NativeMethodAccessorImpl.invoke(NativeMethodAccessorImpl.java:39)&#10;&#9;at sun.reflect.DelegatingMethodAccessorImpl.invoke(DelegatingMethodAccessorImpl.java:25)&#10;&#9;at java.lang.reflect.Method.invoke(Method.java:597)&#10;&#9;at org.junit.runners.model.FrameworkMethod$1.runReflectiveCall(FrameworkMethod.java:45)&#10;&#9;at org.junit.internal.runners.model.ReflectiveCallable.run(ReflectiveCallable.java:15)&#10;&#9;at org.junit.runners.model.FrameworkMethod.invokeExplosively(FrameworkMethod.java:42)&#10;&#9;at org.junit.internal.runners.statements.InvokeMethod.evaluate(InvokeMethod.java:20)&#10;&#9;at org.junit.runners.ParentRunner.runLeaf(ParentRunner.java:263)&#10;&#9;at org.junit.runners.BlockJUnit4ClassRunner.runChild(BlockJUnit4ClassRunner.java:68)&#10;&#9;at org.junit.runners.BlockJUnit4ClassRunner.runChild(BlockJUnit4ClassRunner.java:47)&#10;&#9;at org.junit.runners.ParentRunner$3.run(ParentRunner.java:231)&#10;&#9;at org.junit.runners.ParentRunner$1.schedule(ParentRunner.java:60)&#10;&#9;at org.junit.runners.ParentRunner.runChildren(ParentRunner.java:229)&#10;&#9;at org.junit.runners.ParentRunner.access$000(ParentRunner.java:50)&#10;&#9;at org.junit.runners.ParentRunner$2.evaluate(ParentRunner.java:222)&#10;&#9;at org.junit.runners.ParentRunner.run(ParentRunner.java:300)&#10;&#9;at org.eclipse.jdt.internal.junit4.runner.JUnit4TestReference.run(JUnit4TestReference.java:49)&#10;&#9;at org.eclipse.jdt.internal.junit.runner.TestExecution.run(TestExecution.java:38)&#10;&#9;at org.eclipse.jdt.internal.junit.runner.RemoteTestRunner.runTests(RemoteTestRunner.java:467)&#10;&#9;at org.eclipse.jdt.internal.junit.runner.RemoteTestRunner.runTests(RemoteTestRunner.java:683)&#10;&#9;at org.eclipse.jdt.internal.junit.runner.RemoteTestRunner.run(RemoteTestRunner.java:390)&#10;&#9;at org.codecover.juniteclipse.runner.EclipseTestRunner.main(EclipseTestRunner.java:40)" Date="1329200750483" Name="org.jfree.data.CreateNumberArray2D:oneByTenElementArrayPassed">
<CovList>
<CovPrefix CovItemPrefix="org.jfree.data.DataUtilities.java">
<Cov CovItemId="B6" Value="1"/>
<Cov CovItemId="B8" Value="1"/>
<Cov CovItemId="L3-2" Value="1"/>
<Cov CovItemId="L4-1" Value="1"/>
<Cov CovItemId="S15" Value="1"/>
<Cov CovItemId="S17" Value="1"/>
<Cov CovItemId="S18" Value="1"/>
<Cov CovItemId="S19" Value="10"/>
<Cov CovItemId="S20" Value="1"/>
<Cov CovItemId="S21" Value="1"/>
<Cov CovItemId="S23" Value="1"/>
<Cov CovItemId="S24" Value="1"/>
<Cov CovItemId="S25" Value="1"/>
<Cov CovItemId="S26" Value="1"/>
<Cov CovItemId="S27" Value="1"/>
</CovPrefix>
</CovList>
<AssgnmntList>
<AssgnmntPrefix RootTermCovItemPrefix="org.jfree.data.DataUtilities.java">
<AssgnmntListEntry Length="1" RootTermCovItemId="C5">
<MapEntry BoolAssgnmnt="0" Value="1"/>
</AssgnmntListEntry>
<AssgnmntListEntry Length="1" RootTermCovItemId="C6">
<MapEntry BoolAssgnmnt="0" Value="1"/>
<MapEntry BoolAssgnmnt="1" Value="10"/>
</AssgnmntListEntry>
<AssgnmntListEntry Length="1" RootTermCovItemId="C7">
<MapEntry BoolAssgnmnt="0" Value="1"/>
</AssgnmntListEntry>
<AssgnmntListEntry Length="1" RootTermCovItemId="C8">
<MapEntry BoolAssgnmnt="0" Value="1"/>
<MapEntry BoolAssgnmnt="1" Value="1"/>
</AssgnmntListEntry>
</AssgnmntPrefix>
</AssgnmntList>
<ObjMetaDataList/>
<MetaDataList/>
</TestCase>
<TestCase Comment="Failure&#10;java.lang.AssertionError: expected:&lt;true&gt; but was:&lt;false&gt;&#10;&#9;at org.junit.Assert.fail(Assert.java:93)&#10;&#9;at org.junit.Assert.failNotEquals(Assert.java:647)&#10;&#9;at org.junit.Assert.assertEquals(Assert.java:128)&#10;&#9;at org.junit.Assert.assertEquals(Assert.java:147)&#10;&#9;at org.jfree.data.CreateNumberArray2D.tenByOneElementArrayPassed(CreateNumberArray2D.java:74)&#10;&#9;at sun.reflect.NativeMethodAccessorImpl.invoke0(Native Method)&#10;&#9;at sun.reflect.NativeMethodAccessorImpl.invoke(NativeMethodAccessorImpl.java:39)&#10;&#9;at sun.reflect.DelegatingMethodAccessorImpl.invoke(DelegatingMethodAccessorImpl.java:25)&#10;&#9;at java.lang.reflect.Method.invoke(Method.java:597)&#10;&#9;at org.junit.runners.model.FrameworkMethod$1.runReflectiveCall(FrameworkMethod.java:45)&#10;&#9;at org.junit.internal.runners.model.ReflectiveCallable.run(ReflectiveCallable.java:15)&#10;&#9;at org.junit.runners.model.FrameworkMethod.invokeExplosively(FrameworkMethod.java:42)&#10;&#9;at org.junit.internal.runners.statements.InvokeMethod.evaluate(InvokeMethod.java:20)&#10;&#9;at org.junit.runners.ParentRunner.runLeaf(ParentRunner.java:263)&#10;&#9;at org.junit.runners.BlockJUnit4ClassRunner.runChild(BlockJUnit4ClassRunner.java:68)&#10;&#9;at org.junit.runners.BlockJUnit4ClassRunner.runChild(BlockJUnit4ClassRunner.java:47)&#10;&#9;at org.junit.runners.ParentRunner$3.run(ParentRunner.java:231)&#10;&#9;at org.junit.runners.ParentRunner$1.schedule(ParentRunner.java:60)&#10;&#9;at org.junit.runners.ParentRunner.runChildren(ParentRunner.java:229)&#10;&#9;at org.junit.runners.ParentRunner.access$000(ParentRunner.java:50)&#10;&#9;at org.junit.runners.ParentRunner$2.evaluate(ParentRunner.java:222)&#10;&#9;at org.junit.runners.ParentRunner.run(ParentRunner.java:300)&#10;&#9;at org.eclipse.jdt.internal.junit4.runner.JUnit4TestReference.run(JUnit4TestReference.java:49)&#10;&#9;at org.eclipse.jdt.internal.junit.runner.TestExecution.run(TestExecution.java:38)&#10;&#9;at org.eclipse.jdt.internal.junit.runner.RemoteTestRunner.runTests(RemoteTestRunner.java:467)&#10;&#9;at org.eclipse.jdt.internal.junit.runner.RemoteTestRunner.runTests(RemoteTestRunner.java:683)&#10;&#9;at org.eclipse.jdt.internal.junit.runner.RemoteTestRunner.run(RemoteTestRunner.java:390)&#10;&#9;at org.codecover.juniteclipse.runner.EclipseTestRunner.main(EclipseTestRunner.java:40)" Date="1329200750485" Name="org.jfree.data.CreateNumberArray2D:tenByOneElementArrayPassed">
<CovList>
<CovPrefix CovItemPrefix="org.jfree.data.DataUtilities.java">
<Cov CovItemId="B6" Value="10"/>
<Cov CovItemId="B8" Value="1"/>
<Cov CovItemId="L3-1" Value="10"/>
<Cov CovItemId="L4-2" Value="1"/>
<Cov CovItemId="S15" Value="10"/>
<Cov CovItemId="S17" Value="10"/>
<Cov CovItemId="S18" Value="10"/>
<Cov CovItemId="S19" Value="10"/>
<Cov CovItemId="S20" Value="10"/>
<Cov CovItemId="S21" Value="1"/>
<Cov CovItemId="S23" Value="1"/>
<Cov CovItemId="S24" Value="1"/>
<Cov CovItemId="S25" Value="1"/>
<Cov CovItemId="S26" Value="10"/>
<Cov CovItemId="S27" Value="1"/>
</CovPrefix>
</CovList>
<AssgnmntList>
<AssgnmntPrefix RootTermCovItemPrefix="org.jfree.data.DataUtilities.java">
<AssgnmntListEntry Length="1" RootTermCovItemId="C5">
<MapEntry BoolAssgnmnt="0" Value="10"/>
</AssgnmntListEntry>
<AssgnmntListEntry Length="1" RootTermCovItemId="C6">
<MapEntry BoolAssgnmnt="0" Value="10"/>
<MapEntry BoolAssgnmnt="1" Value="10"/>
</AssgnmntListEntry>
<AssgnmntListEntry Length="1" RootTermCovItemId="C7">
<MapEntry BoolAssgnmnt="0" Value="1"/>
</AssgnmntListEntry>
<AssgnmntListEntry Length="1" RootTermCovItemId="C8">
<MapEntry BoolAssgnmnt="0" Value="1"/>
<MapEntry BoolAssgnmnt="1" Value="10"/>
</AssgnmntListEntry>
</AssgnmntPrefix>
</AssgnmntList>
<ObjMetaDataList/>
<MetaDataList/>
</TestCase>
<TestCase Comment="Failure&#10;java.lang.AssertionError: expected:&lt;true&gt; but was:&lt;false&gt;&#10;&#9;at org.junit.Assert.fail(Assert.java:93)&#10;&#9;at org.junit.Assert.failNotEquals(Assert.java:647)&#10;&#9;at org.junit.Assert.assertEquals(Assert.java:128)&#10;&#9;at org.junit.Assert.assertEquals(Assert.java:147)&#10;&#9;at org.jfree.data.CreateNumberArray2D.tenByTenElementArrayPassed(CreateNumberArray2D.java:106)&#10;&#9;at sun.reflect.NativeMethodAccessorImpl.invoke0(Native Method)&#10;&#9;at sun.reflect.NativeMethodAccessorImpl.invoke(NativeMethodAccessorImpl.java:39)&#10;&#9;at sun.reflect.DelegatingMethodAccessorImpl.invoke(DelegatingMethodAccessorImpl.java:25)&#10;&#9;at java.lang.reflect.Method.invoke(Method.java:597)&#10;&#9;at org.junit.runners.model.FrameworkMethod$1.runReflectiveCall(FrameworkMethod.java:45)&#10;&#9;at org.junit.internal.runners.model.ReflectiveCallable.run(ReflectiveCallable.java:15)&#10;&#9;at org.junit.runners.model.FrameworkMethod.invokeExplosively(FrameworkMethod.java:42)&#10;&#9;at org.junit.internal.runners.statements.InvokeMethod.evaluate(InvokeMethod.java:20)&#10;&#9;at org.junit.runners.ParentRunner.runLeaf(ParentRunner.java:263)&#10;&#9;at org.junit.runners.BlockJUnit4ClassRunner.runChild(BlockJUnit4ClassRunner.java:68)&#10;&#9;at org.junit.runners.BlockJUnit4ClassRunner.runChild(BlockJUnit4ClassRunner.java:47)&#10;&#9;at org.junit.runners.ParentRunner$3.run(ParentRunner.java:231)&#10;&#9;at org.junit.runners.ParentRunner$1.schedule(ParentRunner.java:60)&#10;&#9;at org.junit.runners.ParentRunner.runChildren(ParentRunner.java:229)&#10;&#9;at org.junit.runners.ParentRunner.access$000(ParentRunner.java:50)&#10;&#9;at org.junit.runners.ParentRunner$2.evaluate(ParentRunner.java:222)&#10;&#9;at org.junit.runners.ParentRunner.run(ParentRunner.java:300)&#10;&#9;at org.eclipse.jdt.internal.junit4.runner.JUnit4TestReference.run(JUnit4TestReference.java:49)&#10;&#9;at org.eclipse.jdt.internal.junit.runner.TestExecution.run(TestExecution.java:38)&#10;&#9;at org.eclipse.jdt.internal.junit.runner.RemoteTestRunner.runTests(RemoteTestRunner.java:467)&#10;&#9;at org.eclipse.jdt.internal.junit.runner.RemoteTestRunner.runTests(RemoteTestRunner.java:683)&#10;&#9;at org.eclipse.jdt.internal.junit.runner.RemoteTestRunner.run(RemoteTestRunner.java:390)&#10;&#9;at org.codecover.juniteclipse.runner.EclipseTestRunner.main(EclipseTestRunner.java:40)" Date="1329200750496" Name="org.jfree.data.CreateNumberArray2D:tenByTenElementArrayPassed">
<CovList>
<CovPrefix CovItemPrefix="org.jfree.data.DataUtilities.java">
<Cov CovItemId="B6" Value="10"/>
<Cov CovItemId="B8" Value="1"/>
<Cov CovItemId="L3-2" Value="10"/>
<Cov CovItemId="L4-2" Value="1"/>
<Cov CovItemId="S15" Value="10"/>
<Cov CovItemId="S17" Value="10"/>
<Cov CovItemId="S18" Value="10"/>
<Cov CovItemId="S19" Value="100"/>
<Cov CovItemId="S20" Value="10"/>
<Cov CovItemId="S21" Value="1"/>
<Cov CovItemId="S23" Value="1"/>
<Cov CovItemId="S24" Value="1"/>
<Cov CovItemId="S25" Value="1"/>
<Cov CovItemId="S26" Value="10"/>
<Cov CovItemId="S27" Value="1"/>
</CovPrefix>
</CovList>
<AssgnmntList>
<AssgnmntPrefix RootTermCovItemPrefix="org.jfree.data.DataUtilities.java">
<AssgnmntListEntry Length="1" RootTermCovItemId="C5">
<MapEntry BoolAssgnmnt="0" Value="10"/>
</AssgnmntListEntry>
<AssgnmntListEntry Length="1" RootTermCovItemId="C6">
<MapEntry BoolAssgnmnt="0" Value="10"/>
<MapEntry BoolAssgnmnt="1" Value="100"/>
</AssgnmntListEntry>
<AssgnmntListEntry Length="1" RootTermCovItemId="C7">
<MapEntry BoolAssgnmnt="0" Value="1"/>
</AssgnmntListEntry>
<AssgnmntListEntry Length="1" RootTermCovItemId="C8">
<MapEntry BoolAssgnmnt="0" Value="1"/>
<MapEntry BoolAssgnmnt="1" Value="10"/>
</AssgnmntListEntry>
</AssgnmntPrefix>
</AssgnmntList>
<ObjMetaDataList/>
<MetaDataList/>
</TestCase>
<TestCase Comment="" Date="1329200750564" Name="org.jfree.data.RangeTest:nomalRange">
<CovList>
<CovPrefix CovItemPrefix="org.jfree.data.Range.java">
<Cov CovItemId="B2" Value="1"/>
<Cov CovItemId="S1" Value="1"/>
<Cov CovItemId="S2" Value="1"/>
<Cov CovItemId="S5" Value="1"/>
<Cov CovItemId="S6" Value="1"/>
<Cov CovItemId="S7" Value="1"/>
<Cov CovItemId="S8" Value="1"/>
</CovPrefix>
</CovList>
<AssgnmntList>
<AssgnmntPrefix RootTermCovItemPrefix="org.jfree.data.Range.java">
<AssgnmntListEntry Length="1" RootTermCovItemId="C1">
<MapEntry BoolAssgnmnt="0" Value="1"/>
</AssgnmntListEntry>
</AssgnmntPrefix>
</AssgnmntList>
<ObjMetaDataList/>
<MetaDataList/>
</TestCase>
<TestCase Comment="" Date="1329200750568" Name="org.jfree.data.RangeTest:rangeEqualValues">
<CovList>
<CovPrefix CovItemPrefix="org.jfree.data.Range.java">
<Cov CovItemId="B2" Value="1"/>
<Cov CovItemId="S2" Value="1"/>
<Cov CovItemId="S5" Value="1"/>
<Cov CovItemId="S6" Value="1"/>
<Cov CovItemId="S7" Value="1"/>
<Cov CovItemId="S8" Value="1"/>
</CovPrefix>
</CovList>
<AssgnmntList>
<AssgnmntPrefix RootTermCovItemPrefix="org.jfree.data.Range.java">
<AssgnmntListEntry Length="1" RootTermCovItemId="C1">
<MapEntry BoolAssgnmnt="0" Value="1"/>
</AssgnmntListEntry>
</AssgnmntPrefix>
</AssgnmntList>
<ObjMetaDataList/>
<MetaDataList/>
</TestCase>
<TestCase Comment="Failure&#10;java.lang.AssertionError&#10;&#9;at org.junit.Assert.fail(Assert.java:92)&#10;&#9;at org.junit.Assert.assertTrue(Assert.java:43)&#10;&#9;at org.junit.Assert.assertTrue(Assert.java:54)&#10;&#9;at org.jfree.data.RangeTest.rangeOppositeValues(RangeTest.java:40)&#10;&#9;at sun.reflect.NativeMethodAccessorImpl.invoke0(Native Method)&#10;&#9;at sun.reflect.NativeMethodAccessorImpl.invoke(NativeMethodAccessorImpl.java:39)&#10;&#9;at sun.reflect.DelegatingMethodAccessorImpl.invoke(DelegatingMethodAccessorImpl.java:25)&#10;&#9;at java.lang.reflect.Method.invoke(Method.java:597)&#10;&#9;at org.junit.runners.model.FrameworkMethod$1.runReflectiveCall(FrameworkMethod.java:45)&#10;&#9;at org.junit.internal.runners.model.ReflectiveCallable.run(ReflectiveCallable.java:15)&#10;&#9;at org.junit.runners.model.FrameworkMethod.invokeExplosively(FrameworkMethod.java:42)&#10;&#9;at org.junit.internal.runners.statements.InvokeMethod.evaluate(InvokeMethod.java:20)&#10;&#9;at org.junit.runners.ParentRunner.runLeaf(ParentRunner.java:263)&#10;&#9;at org.junit.runners.BlockJUnit4ClassRunner.runChild(BlockJUnit4ClassRunner.java:68)&#10;&#9;at org.junit.runners.BlockJUnit4ClassRunner.runChild(BlockJUnit4ClassRunner.java:47)&#10;&#9;at org.junit.runners.ParentRunner$3.run(ParentRunner.java:231)&#10;&#9;at org.junit.runners.ParentRunner$1.schedule(ParentRunner.java:60)&#10;&#9;at org.junit.runners.ParentRunner.runChildren(ParentRunner.java:229)&#10;&#9;at org.junit.runners.ParentRunner.access$000(ParentRunner.java:50)&#10;&#9;at org.junit.runners.ParentRunner$2.evaluate(ParentRunner.java:222)&#10;&#9;at org.junit.runners.ParentRunner.run(ParentRunner.java:300)&#10;&#9;at org.eclipse.jdt.internal.junit4.runner.JUnit4TestReference.run(JUnit4TestReference.java:49)&#10;&#9;at org.eclipse.jdt.internal.junit.runner.TestExecution.run(TestExecution.java:38)&#10;&#9;at org.eclipse.jdt.internal.junit.runner.RemoteTestRunner.runTests(RemoteTestRunner.java:467)&#10;&#9;at org.eclipse.jdt.internal.junit.runner.RemoteTestRunner.runTests(RemoteTestRunner.java:683)&#10;&#9;at org.eclipse.jdt.internal.junit.runner.RemoteTestRunner.run(RemoteTestRunner.java:390)&#10;&#9;at org.codecover.juniteclipse.runner.EclipseTestRunner.main(EclipseTestRunner.java:40)" Date="1329200750569" Name="org.jfree.data.RangeTest:rangeOppositeValues">
<CovList>
<CovPrefix CovItemPrefix="org.jfree.data.Range.java">
<Cov CovItemId="B1" Value="1"/>
<Cov CovItemId="S2" Value="1"/>
<Cov CovItemId="S3" Value="1"/>
<Cov CovItemId="S4" Value="1"/>
</CovPrefix>
</CovList>
<AssgnmntList>
<AssgnmntPrefix RootTermCovItemPrefix="org.jfree.data.Range.java">
<AssgnmntListEntry Length="1" RootTermCovItemId="C1">
<MapEntry BoolAssgnmnt="1" Value="1"/>
</AssgnmntListEntry>
</AssgnmntPrefix>
</AssgnmntList>
<ObjMetaDataList/>
<MetaDataList/>
</TestCase>
<TestCase Comment="Failure&#10;java.lang.AssertionError&#10;&#9;at org.junit.Assert.fail(Assert.java:92)&#10;&#9;at org.junit.Assert.assertTrue(Assert.java:43)&#10;&#9;at org.junit.Assert.assertTrue(Assert.java:54)&#10;&#9;at org.jfree.data.RangeTest.rangeOneOverlap(RangeTest.java:53)&#10;&#9;at sun.reflect.NativeMethodAccessorImpl.invoke0(Native Method)&#10;&#9;at sun.reflect.NativeMethodAccessorImpl.invoke(NativeMethodAccessorImpl.java:39)&#10;&#9;at sun.reflect.DelegatingMethodAccessorImpl.invoke(DelegatingMethodAccessorImpl.java:25)&#10;&#9;at java.lang.reflect.Method.invoke(Method.java:597)&#10;&#9;at org.junit.runners.model.FrameworkMethod$1.runReflectiveCall(FrameworkMethod.java:45)&#10;&#9;at org.junit.internal.runners.model.ReflectiveCallable.run(ReflectiveCallable.java:15)&#10;&#9;at org.junit.runners.model.FrameworkMethod.invokeExplosively(FrameworkMethod.java:42)&#10;&#9;at org.junit.internal.runners.statements.InvokeMethod.evaluate(InvokeMethod.java:20)&#10;&#9;at org.junit.runners.ParentRunner.runLeaf(ParentRunner.java:263)&#10;&#9;at org.junit.runners.BlockJUnit4ClassRunner.runChild(BlockJUnit4ClassRunner.java:68)&#10;&#9;at org.junit.runners.BlockJUnit4ClassRunner.runChild(BlockJUnit4ClassRunner.java:47)&#10;&#9;at org.junit.runners.ParentRunner$3.run(ParentRunner.java:231)&#10;&#9;at org.junit.runners.ParentRunner$1.schedule(ParentRunner.java:60)&#10;&#9;at org.junit.runners.ParentRunner.runChildren(ParentRunner.java:229)&#10;&#9;at org.junit.runners.ParentRunner.access$000(ParentRunner.java:50)&#10;&#9;at org.junit.runners.ParentRunner$2.evaluate(ParentRunner.java:222)&#10;&#9;at org.junit.runners.ParentRunner.run(ParentRunner.java:300)&#10;&#9;at org.eclipse.jdt.internal.junit4.runner.JUnit4TestReference.run(JUnit4TestReference.java:49)&#10;&#9;at org.eclipse.jdt.internal.junit.runner.TestExecution.run(TestExecution.java:38)&#10;&#9;at org.eclipse.jdt.internal.junit.runner.RemoteTestRunner.runTests(RemoteTestRunner.java:467)&#10;&#9;at org.eclipse.jdt.internal.junit.runner.RemoteTestRunner.runTests(RemoteTestRunner.java:683)&#10;&#9;at org.eclipse.jdt.internal.junit.runner.RemoteTestRunner.run(RemoteTestRunner.java:390)&#10;&#9;at org.codecover.juniteclipse.runner.EclipseTestRunner.main(EclipseTestRunner.java:40)" Date="1329200750571" Name="org.jfree.data.RangeTest:rangeOneOverlap">
<CovList>
<CovPrefix CovItemPrefix="org.jfree.data.Range.java">
<Cov CovItemId="B1" Value="1"/>
<Cov CovItemId="S2" Value="1"/>
<Cov CovItemId="S3" Value="1"/>
<Cov CovItemId="S4" Value="1"/>
</CovPrefix>
</CovList>
<AssgnmntList>
<AssgnmntPrefix RootTermCovItemPrefix="org.jfree.data.Range.java">
<AssgnmntListEntry Length="1" RootTermCovItemId="C1">
<MapEntry BoolAssgnmnt="1" Value="1"/>
</AssgnmntListEntry>
</AssgnmntPrefix>
</AssgnmntList>
<ObjMetaDataList/>
<MetaDataList/>
</TestCase>
<TestCase Comment="Failure&#10;java.lang.AssertionError: Method should throw exception. expected:&lt;true&gt; but was:&lt;false&gt;&#10;&#9;at org.junit.Assert.fail(Assert.java:93)&#10;&#9;at org.junit.Assert.failNotEquals(Assert.java:647)&#10;&#9;at org.junit.Assert.assertEquals(Assert.java:128)&#10;&#9;at org.jfree.data.RangeTest.combineFirstRangeNullSecondNot(RangeTest.java:68)&#10;&#9;at sun.reflect.NativeMethodAccessorImpl.invoke0(Native Method)&#10;&#9;at sun.reflect.NativeMethodAccessorImpl.invoke(NativeMethodAccessorImpl.java:39)&#10;&#9;at sun.reflect.DelegatingMethodAccessorImpl.invoke(DelegatingMethodAccessorImpl.java:25)&#10;&#9;at java.lang.reflect.Method.invoke(Method.java:597)&#10;&#9;at org.junit.runners.model.FrameworkMethod$1.runReflectiveCall(FrameworkMethod.java:45)&#10;&#9;at org.junit.internal.runners.model.ReflectiveCallable.run(ReflectiveCallable.java:15)&#10;&#9;at org.junit.runners.model.FrameworkMethod.invokeExplosively(FrameworkMethod.java:42)&#10;&#9;at org.junit.internal.runners.statements.InvokeMethod.evaluate(InvokeMethod.java:20)&#10;&#9;at org.junit.runners.ParentRunner.runLeaf(ParentRunner.java:263)&#10;&#9;at org.junit.runners.BlockJUnit4ClassRunner.runChild(BlockJUnit4ClassRunner.java:68)&#10;&#9;at org.junit.runners.BlockJUnit4ClassRunner.runChild(BlockJUnit4ClassRunner.java:47)&#10;&#9;at org.junit.runners.ParentRunner$3.run(ParentRunner.java:231)&#10;&#9;at org.junit.runners.ParentRunner$1.schedule(ParentRunner.java:60)&#10;&#9;at org.junit.runners.ParentRunner.runChildren(ParentRunner.java:229)&#10;&#9;at org.junit.runners.ParentRunner.access$000(ParentRunner.java:50)&#10;&#9;at org.junit.runners.ParentRunner$2.evaluate(ParentRunner.java:222)&#10;&#9;at org.junit.runners.ParentRunner.run(ParentRunner.java:300)&#10;&#9;at org.eclipse.jdt.internal.junit4.runner.JUnit4TestReference.run(JUnit4TestReference.java:49)&#10;&#9;at org.eclipse.jdt.internal.junit.runner.TestExecution.run(TestExecution.java:38)&#10;&#9;at org.eclipse.jdt.internal.junit.runner.RemoteTestRunner.runTests(RemoteTestRunner.java:467)&#10;&#9;at org.eclipse.jdt.internal.junit.runner.RemoteTestRunner.runTests(RemoteTestRunner.java:683)&#10;&#9;at org.eclipse.jdt.internal.junit.runner.RemoteTestRunner.run(RemoteTestRunner.java:390)&#10;&#9;at org.codecover.juniteclipse.runner.EclipseTestRunner.main(EclipseTestRunner.java:40)" Date="1329200750591" Name="org.jfree.data.RangeTest:combineFirstRangeNullSecondNot">
<CovList>
<CovPrefix CovItemPrefix="org.jfree.data.Range.java">
<Cov CovItemId="B11" Value="1"/>
<Cov CovItemId="B2" Value="1"/>
<Cov CovItemId="S2" Value="1"/>
<Cov CovItemId="S22" Value="1"/>
<Cov CovItemId="S23" Value="1"/>
<Cov CovItemId="S5" Value="1"/>
<Cov CovItemId="S6" Value="1"/>
</CovPrefix>
</CovList>
<AssgnmntList>
<AssgnmntPrefix RootTermCovItemPrefix="org.jfree.data.Range.java">
<AssgnmntListEntry Length="1" RootTermCovItemId="C1">
<MapEntry BoolAssgnmnt="0" Value="1"/>
</AssgnmntListEntry>
<AssgnmntListEntry Length="1" RootTermCovItemId="C6">
<MapEntry BoolAssgnmnt="1" Value="1"/>
</AssgnmntListEntry>
</AssgnmntPrefix>
</AssgnmntList>
<ObjMetaDataList/>
<MetaDataList/>
</TestCase>
<TestCase Comment="Failure&#10;java.lang.AssertionError: Method should throw exception. expected:&lt;true&gt; but was:&lt;false&gt;&#10;&#9;at org.junit.Assert.fail(Assert.java:93)&#10;&#9;at org.junit.Assert.failNotEquals(Assert.java:647)&#10;&#9;at org.junit.Assert.assertEquals(Assert.java:128)&#10;&#9;at org.jfree.data.RangeTest.combineSecondRangeNullFirstNot(RangeTest.java:83)&#10;&#9;at sun.reflect.NativeMethodAccessorImpl.invoke0(Native Method)&#10;&#9;at sun.reflect.NativeMethodAccessorImpl.invoke(NativeMethodAccessorImpl.java:39)&#10;&#9;at sun.reflect.DelegatingMethodAccessorImpl.invoke(DelegatingMethodAccessorImpl.java:25)&#10;&#9;at java.lang.reflect.Method.invoke(Method.java:597)&#10;&#9;at org.junit.runners.model.FrameworkMethod$1.runReflectiveCall(FrameworkMethod.java:45)&#10;&#9;at org.junit.internal.runners.model.ReflectiveCallable.run(ReflectiveCallable.java:15)&#10;&#9;at org.junit.runners.model.FrameworkMethod.invokeExplosively(FrameworkMethod.java:42)&#10;&#9;at org.junit.internal.runners.statements.InvokeMethod.evaluate(InvokeMethod.java:20)&#10;&#9;at org.junit.runners.ParentRunner.runLeaf(ParentRunner.java:263)&#10;&#9;at org.junit.runners.BlockJUnit4ClassRunner.runChild(BlockJUnit4ClassRunner.java:68)&#10;&#9;at org.junit.runners.BlockJUnit4ClassRunner.runChild(BlockJUnit4ClassRunner.java:47)&#10;&#9;at org.junit.runners.ParentRunner$3.run(ParentRunner.java:231)&#10;&#9;at org.junit.runners.ParentRunner$1.schedule(ParentRunner.java:60)&#10;&#9;at org.junit.runners.ParentRunner.runChildren(ParentRunner.java:229)&#10;&#9;at org.junit.runners.ParentRunner.access$000(ParentRunner.java:50)&#10;&#9;at org.junit.runners.ParentRunner$2.evaluate(ParentRunner.java:222)&#10;&#9;at org.junit.runners.ParentRunner.run(ParentRunner.java:300)&#10;&#9;at org.eclipse.jdt.internal.junit4.runner.JUnit4TestReference.run(JUnit4TestReference.java:49)&#10;&#9;at org.eclipse.jdt.internal.junit.runner.TestExecution.run(TestExecution.java:38)&#10;&#9;at org.eclipse.jdt.internal.junit.runner.RemoteTestRunner.runTests(RemoteTestRunner.java:467)&#10;&#9;at org.eclipse.jdt.internal.junit.runner.RemoteTestRunner.runTests(RemoteTestRunner.java:683)&#10;&#9;at org.eclipse.jdt.internal.junit.runner.RemoteTestRunner.run(RemoteTestRunner.java:390)&#10;&#9;at org.codecover.juniteclipse.runner.EclipseTestRunner.main(EclipseTestRunner.java:40)" Date="1329200750593" Name="org.jfree.data.RangeTest:combineSecondRangeNullFirstNot">
<CovList>
<CovPrefix CovItemPrefix="org.jfree.data.Range.java">
<Cov CovItemId="B12" Value="1"/>
<Cov CovItemId="B13" Value="1"/>
<Cov CovItemId="B2" Value="1"/>
<Cov CovItemId="S2" Value="1"/>
<Cov CovItemId="S22" Value="1"/>
<Cov CovItemId="S24" Value="1"/>
<Cov CovItemId="S25" Value="1"/>
<Cov CovItemId="S5" Value="1"/>
<Cov CovItemId="S6" Value="1"/>
</CovPrefix>
</CovList>
<AssgnmntList>
<AssgnmntPrefix RootTermCovItemPrefix="org.jfree.data.Range.java">
<AssgnmntListEntry Length="1" RootTermCovItemId="C1">
<MapEntry BoolAssgnmnt="0" Value="1"/>
</AssgnmntListEntry>
<AssgnmntListEntry Length="1" RootTermCovItemId="C6">
<MapEntry BoolAssgnmnt="0" Value="1"/>
</AssgnmntListEntry>
<AssgnmntListEntry Length="1" RootTermCovItemId="C7">
<MapEntry BoolAssgnmnt="1" Value="1"/>
</AssgnmntListEntry>
</AssgnmntPrefix>
</AssgnmntList>
<ObjMetaDataList/>
<MetaDataList/>
</TestCase>
<TestCase Comment="Failure&#10;java.lang.AssertionError: Method should throw exception. expected:&lt;true&gt; but was:&lt;false&gt;&#10;&#9;at org.junit.Assert.fail(Assert.java:93)&#10;&#9;at org.junit.Assert.failNotEquals(Assert.java:647)&#10;&#9;at org.junit.Assert.assertEquals(Assert.java:128)&#10;&#9;at org.jfree.data.RangeTest.combineBothRangesNull(RangeTest.java:98)&#10;&#9;at sun.reflect.NativeMethodAccessorImpl.invoke0(Native Method)&#10;&#9;at sun.reflect.NativeMethodAccessorImpl.invoke(NativeMethodAccessorImpl.java:39)&#10;&#9;at sun.reflect.DelegatingMethodAccessorImpl.invoke(DelegatingMethodAccessorImpl.java:25)&#10;&#9;at java.lang.reflect.Method.invoke(Method.java:597)&#10;&#9;at org.junit.runners.model.FrameworkMethod$1.runReflectiveCall(FrameworkMethod.java:45)&#10;&#9;at org.junit.internal.runners.model.ReflectiveCallable.run(ReflectiveCallable.java:15)&#10;&#9;at org.junit.runners.model.FrameworkMethod.invokeExplosively(FrameworkMethod.java:42)&#10;&#9;at org.junit.internal.runners.statements.InvokeMethod.evaluate(InvokeMethod.java:20)&#10;&#9;at org.junit.runners.ParentRunner.runLeaf(ParentRunner.java:263)&#10;&#9;at org.junit.runners.BlockJUnit4ClassRunner.runChild(BlockJUnit4ClassRunner.java:68)&#10;&#9;at org.junit.runners.BlockJUnit4ClassRunner.runChild(BlockJUnit4ClassRunner.java:47)&#10;&#9;at org.junit.runners.ParentRunner$3.run(ParentRunner.java:231)&#10;&#9;at org.junit.runners.ParentRunner$1.schedule(ParentRunner.java:60)&#10;&#9;at org.junit.runners.ParentRunner.runChildren(ParentRunner.java:229)&#10;&#9;at org.junit.runners.ParentRunner.access$000(ParentRunner.java:50)&#10;&#9;at org.junit.runners.ParentRunner$2.evaluate(ParentRunner.java:222)&#10;&#9;at org.junit.runners.ParentRunner.run(ParentRunner.java:300)&#10;&#9;at org.eclipse.jdt.internal.junit4.runner.JUnit4TestReference.run(JUnit4TestReference.java:49)&#10;&#9;at org.eclipse.jdt.internal.junit.runner.TestExecution.run(TestExecution.java:38)&#10;&#9;at org.eclipse.jdt.internal.junit.runner.RemoteTestRunner.runTests(RemoteTestRunner.java:467)&#10;&#9;at org.eclipse.jdt.internal.junit.runner.RemoteTestRunner.runTests(RemoteTestRunner.java:683)&#10;&#9;at org.eclipse.jdt.internal.junit.runner.RemoteTestRunner.run(RemoteTestRunner.java:390)&#10;&#9;at org.codecover.juniteclipse.runner.EclipseTestRunner.main(EclipseTestRunner.java:40)" Date="1329200750596" Name="org.jfree.data.RangeTest:combineBothRangesNull">
<CovList>
<CovPrefix CovItemPrefix="org.jfree.data.Range.java">
<Cov CovItemId="B11" Value="1"/>
<Cov CovItemId="S22" Value="1"/>
<Cov CovItemId="S23" Value="1"/>
</CovPrefix>
</CovList>
<AssgnmntList>
<AssgnmntPrefix RootTermCovItemPrefix="org.jfree.data.Range.java">
<AssgnmntListEntry Length="1" RootTermCovItemId="C6">
<MapEntry BoolAssgnmnt="1" Value="1"/>
</AssgnmntListEntry>
</AssgnmntPrefix>
</AssgnmntList>
<ObjMetaDataList/>
<MetaDataList/>
</TestCase>
<TestCase Comment="" Date="1329200750601" Name="org.jfree.data.RangeTest:rangeOneEqualsRangeTwo">
<CovList>
<CovPrefix CovItemPrefix="org.jfree.data.Range.java">
<Cov CovItemId="B12" Value="1"/>
<Cov CovItemId="B14" Value="1"/>
<Cov CovItemId="B2" Value="4"/>
<Cov CovItemId="B30" Value="1"/>
<Cov CovItemId="B32" Value="1"/>
<Cov CovItemId="B34" Value="1"/>
<Cov CovItemId="S2" Value="4"/>
<Cov CovItemId="S22" Value="1"/>
<Cov CovItemId="S24" Value="1"/>
<Cov CovItemId="S26" Value="1"/>
<Cov CovItemId="S27" Value="1"/>
<Cov CovItemId="S28" Value="1"/>
<Cov CovItemId="S5" Value="4"/>
<Cov CovItemId="S51" Value="1"/>
<Cov CovItemId="S53" Value="1"/>
<Cov CovItemId="S54" Value="1"/>
<Cov CovItemId="S56" Value="1"/>
<Cov CovItemId="S58" Value="1"/>
<Cov CovItemId="S6" Value="4"/>
<Cov CovItemId="S7" Value="2"/>
<Cov CovItemId="S8" Value="2"/>
</CovPrefix>
</CovList>
<AssgnmntList>
<AssgnmntPrefix RootTermCovItemPrefix="org.jfree.data.Range.java">
<AssgnmntListEntry Length="1" RootTermCovItemId="C1">
<MapEntry BoolAssgnmnt="0" Value="4"/>
</AssgnmntListEntry>
<AssgnmntListEntry Length="1" RootTermCovItemId="C15">
<MapEntry BoolAssgnmnt="1" Value="1"/>
</AssgnmntListEntry>
<AssgnmntListEntry Length="1" RootTermCovItemId="C16">
<MapEntry BoolAssgnmnt="1" Value="1"/>
</AssgnmntListEntry>
<AssgnmntListEntry Length="1" RootTermCovItemId="C17">
<MapEntry BoolAssgnmnt="1" Value="1"/>
</AssgnmntListEntry>
<AssgnmntListEntry Length="1" RootTermCovItemId="C6">
<MapEntry BoolAssgnmnt="0" Value="1"/>
</AssgnmntListEntry>
<AssgnmntListEntry Length="1" RootTermCovItemId="C7">
<MapEntry BoolAssgnmnt="0" Value="1"/>
</AssgnmntListEntry>
</AssgnmntPrefix>
</AssgnmntList>
<ObjMetaDataList/>
<MetaDataList/>
</TestCase>
<TestCase Comment="" Date="1329200750610" Name="org.jfree.data.RangeTest:combineOverlappingRanges">
<CovList>
<CovPrefix CovItemPrefix="org.jfree.data.Range.java">
<Cov CovItemId="B12" Value="1"/>
<Cov CovItemId="B14" Value="1"/>
<Cov CovItemId="B2" Value="4"/>
<Cov CovItemId="B30" Value="1"/>
<Cov CovItemId="B32" Value="1"/>
<Cov CovItemId="B34" Value="1"/>
<Cov CovItemId="S2" Value="4"/>
<Cov CovItemId="S22" Value="1"/>
<Cov CovItemId="S24" Value="1"/>
<Cov CovItemId="S26" Value="1"/>
<Cov CovItemId="S27" Value="1"/>
<Cov CovItemId="S28" Value="1"/>
<Cov CovItemId="S5" Value="4"/>
<Cov CovItemId="S51" Value="1"/>
<Cov CovItemId="S53" Value="1"/>
<Cov CovItemId="S54" Value="1"/>
<Cov CovItemId="S56" Value="1"/>
<Cov CovItemId="S58" Value="1"/>
<Cov CovItemId="S6" Value="4"/>
<Cov CovItemId="S7" Value="2"/>
<Cov CovItemId="S8" Value="2"/>
</CovPrefix>
</CovList>
<AssgnmntList>
<AssgnmntPrefix RootTermCovItemPrefix="org.jfree.data.Range.java">
<AssgnmntListEntry Length="1" RootTermCovItemId="C1">
<MapEntry BoolAssgnmnt="0" Value="4"/>
</AssgnmntListEntry>
<AssgnmntListEntry Length="1" RootTermCovItemId="C15">
<MapEntry BoolAssgnmnt="1" Value="1"/>
</AssgnmntListEntry>
<AssgnmntListEntry Length="1" RootTermCovItemId="C16">
<MapEntry BoolAssgnmnt="1" Value="1"/>
</AssgnmntListEntry>
<AssgnmntListEntry Length="1" RootTermCovItemId="C17">
<MapEntry BoolAssgnmnt="1" Value="1"/>
</AssgnmntListEntry>
<AssgnmntListEntry Length="1" RootTermCovItemId="C6">
<MapEntry BoolAssgnmnt="0" Value="1"/>
</AssgnmntListEntry>
<AssgnmntListEntry Length="1" RootTermCovItemId="C7">
<MapEntry BoolAssgnmnt="0" Value="1"/>
</AssgnmntListEntry>
</AssgnmntPrefix>
</AssgnmntList>
<ObjMetaDataList/>
<MetaDataList/>
</TestCase>
<TestCase Comment="" Date="1329200750613" Name="org.jfree.data.RangeTest:combineGapBetweenRanges">
<CovList>
<CovPrefix CovItemPrefix="org.jfree.data.Range.java">
<Cov CovItemId="B12" Value="1"/>
<Cov CovItemId="B14" Value="1"/>
<Cov CovItemId="B2" Value="4"/>
<Cov CovItemId="B30" Value="1"/>
<Cov CovItemId="B32" Value="1"/>
<Cov CovItemId="B34" Value="1"/>
<Cov CovItemId="S2" Value="4"/>
<Cov CovItemId="S22" Value="1"/>
<Cov CovItemId="S24" Value="1"/>
<Cov CovItemId="S26" Value="1"/>
<Cov CovItemId="S27" Value="1"/>
<Cov CovItemId="S28" Value="1"/>
<Cov CovItemId="S5" Value="4"/>
<Cov CovItemId="S51" Value="1"/>
<Cov CovItemId="S53" Value="1"/>
<Cov CovItemId="S54" Value="1"/>
<Cov CovItemId="S56" Value="1"/>
<Cov CovItemId="S58" Value="1"/>
<Cov CovItemId="S6" Value="4"/>
<Cov CovItemId="S7" Value="2"/>
<Cov CovItemId="S8" Value="2"/>
</CovPrefix>
</CovList>
<AssgnmntList>
<AssgnmntPrefix RootTermCovItemPrefix="org.jfree.data.Range.java">
<AssgnmntListEntry Length="1" RootTermCovItemId="C1">
<MapEntry BoolAssgnmnt="0" Value="4"/>
</AssgnmntListEntry>
<AssgnmntListEntry Length="1" RootTermCovItemId="C15">
<MapEntry BoolAssgnmnt="1" Value="1"/>
</AssgnmntListEntry>
<AssgnmntListEntry Length="1" RootTermCovItemId="C16">
<MapEntry BoolAssgnmnt="1" Value="1"/>
</AssgnmntListEntry>
<AssgnmntListEntry Length="1" RootTermCovItemId="C17">
<MapEntry BoolAssgnmnt="1" Value="1"/>
</AssgnmntListEntry>
<AssgnmntListEntry Length="1" RootTermCovItemId="C6">
<MapEntry BoolAssgnmnt="0" Value="1"/>
</AssgnmntListEntry>
<AssgnmntListEntry Length="1" RootTermCovItemId="C7">
<MapEntry BoolAssgnmnt="0" Value="1"/>
</AssgnmntListEntry>
</AssgnmntPrefix>
</AssgnmntList>
<ObjMetaDataList/>
<MetaDataList/>
</TestCase>
<TestCase Comment="" Date="1329200750615" Name="org.jfree.data.RangeTest:combineNoOverlapNoIntegerGap">
<CovList>
<CovPrefix CovItemPrefix="org.jfree.data.Range.java">
<Cov CovItemId="B12" Value="1"/>
<Cov CovItemId="B14" Value="1"/>
<Cov CovItemId="B2" Value="4"/>
<Cov CovItemId="B30" Value="1"/>
<Cov CovItemId="B32" Value="1"/>
<Cov CovItemId="B34" Value="1"/>
<Cov CovItemId="S2" Value="4"/>
<Cov CovItemId="S22" Value="1"/>
<Cov CovItemId="S24" Value="1"/>
<Cov CovItemId="S26" Value="1"/>
<Cov CovItemId="S27" Value="1"/>
<Cov CovItemId="S28" Value="1"/>
<Cov CovItemId="S5" Value="4"/>
<Cov CovItemId="S51" Value="1"/>
<Cov CovItemId="S53" Value="1"/>
<Cov CovItemId="S54" Value="1"/>
<Cov CovItemId="S56" Value="1"/>
<Cov CovItemId="S58" Value="1"/>
<Cov CovItemId="S6" Value="4"/>
<Cov CovItemId="S7" Value="2"/>
<Cov CovItemId="S8" Value="2"/>
</CovPrefix>
</CovList>
<AssgnmntList>
<AssgnmntPrefix RootTermCovItemPrefix="org.jfree.data.Range.java">
<AssgnmntListEntry Length="1" RootTermCovItemId="C1">
<MapEntry BoolAssgnmnt="0" Value="4"/>
</AssgnmntListEntry>
<AssgnmntListEntry Length="1" RootTermCovItemId="C15">
<MapEntry BoolAssgnmnt="1" Value="1"/>
</AssgnmntListEntry>
<AssgnmntListEntry Length="1" RootTermCovItemId="C16">
<MapEntry BoolAssgnmnt="1" Value="1"/>
</AssgnmntListEntry>
<AssgnmntListEntry Length="1" RootTermCovItemId="C17">
<MapEntry BoolAssgnmnt="1" Value="1"/>
</AssgnmntListEntry>
<AssgnmntListEntry Length="1" RootTermCovItemId="C6">
<MapEntry BoolAssgnmnt="0" Value="1"/>
</AssgnmntListEntry>
<AssgnmntListEntry Length="1" RootTermCovItemId="C7">
<MapEntry BoolAssgnmnt="0" Value="1"/>
</AssgnmntListEntry>
</AssgnmntPrefix>
</AssgnmntList>
<ObjMetaDataList/>
<MetaDataList/>
</TestCase>
<TestCase Comment="" Date="1329200750616" Name="org.jfree.data.RangeTest:combineOneNegativeRangeOnePositive">
<CovList>
<CovPrefix CovItemPrefix="org.jfree.data.Range.java">
<Cov CovItemId="B12" Value="1"/>
<Cov CovItemId="B14" Value="1"/>
<Cov CovItemId="B2" Value="4"/>
<Cov CovItemId="B30" Value="1"/>
<Cov CovItemId="B32" Value="1"/>
<Cov CovItemId="B34" Value="1"/>
<Cov CovItemId="S2" Value="4"/>
<Cov CovItemId="S22" Value="1"/>
<Cov CovItemId="S24" Value="1"/>
<Cov CovItemId="S26" Value="1"/>
<Cov CovItemId="S27" Value="1"/>
<Cov CovItemId="S28" Value="1"/>
<Cov CovItemId="S5" Value="4"/>
<Cov CovItemId="S51" Value="1"/>
<Cov CovItemId="S53" Value="1"/>
<Cov CovItemId="S54" Value="1"/>
<Cov CovItemId="S56" Value="1"/>
<Cov CovItemId="S58" Value="1"/>
<Cov CovItemId="S6" Value="4"/>
<Cov CovItemId="S7" Value="2"/>
<Cov CovItemId="S8" Value="2"/>
</CovPrefix>
</CovList>
<AssgnmntList>
<AssgnmntPrefix RootTermCovItemPrefix="org.jfree.data.Range.java">
<AssgnmntListEntry Length="1" RootTermCovItemId="C1">
<MapEntry BoolAssgnmnt="0" Value="4"/>
</AssgnmntListEntry>
<AssgnmntListEntry Length="1" RootTermCovItemId="C15">
<MapEntry BoolAssgnmnt="1" Value="1"/>
</AssgnmntListEntry>
<AssgnmntListEntry Length="1" RootTermCovItemId="C16">
<MapEntry BoolAssgnmnt="1" Value="1"/>
</AssgnmntListEntry>
<AssgnmntListEntry Length="1" RootTermCovItemId="C17">
<MapEntry BoolAssgnmnt="1" Value="1"/>
</AssgnmntListEntry>
<AssgnmntListEntry Length="1" RootTermCovItemId="C6">
<MapEntry BoolAssgnmnt="0" Value="1"/>
</AssgnmntListEntry>
<AssgnmntListEntry Length="1" RootTermCovItemId="C7">
<MapEntry BoolAssgnmnt="0" Value="1"/>
</AssgnmntListEntry>
</AssgnmntPrefix>
</AssgnmntList>
<ObjMetaDataList/>
<MetaDataList/>
</TestCase>
<TestCase Comment="Failure&#10;java.lang.AssertionError: Method should throw exception. expected:&lt;true&gt; but was:&lt;false&gt;&#10;&#9;at org.junit.Assert.fail(Assert.java:93)&#10;&#9;at org.junit.Assert.failNotEquals(Assert.java:647)&#10;&#9;at org.junit.Assert.assertEquals(Assert.java:128)&#10;&#9;at org.jfree.data.RangeTest.constrainTenLessThanLowerBound(RangeTest.java:166)&#10;&#9;at sun.reflect.NativeMethodAccessorImpl.invoke0(Native Method)&#10;&#9;at sun.reflect.NativeMethodAccessorImpl.invoke(NativeMethodAccessorImpl.java:39)&#10;&#9;at sun.reflect.DelegatingMethodAccessorImpl.invoke(DelegatingMethodAccessorImpl.java:25)&#10;&#9;at java.lang.reflect.Method.invoke(Method.java:597)&#10;&#9;at org.junit.runners.model.FrameworkMethod$1.runReflectiveCall(FrameworkMethod.java:45)&#10;&#9;at org.junit.internal.runners.model.ReflectiveCallable.run(ReflectiveCallable.java:15)&#10;&#9;at org.junit.runners.model.FrameworkMethod.invokeExplosively(FrameworkMethod.java:42)&#10;&#9;at org.junit.internal.runners.statements.InvokeMethod.evaluate(InvokeMethod.java:20)&#10;&#9;at org.junit.runners.ParentRunner.runLeaf(ParentRunner.java:263)&#10;&#9;at org.junit.runners.BlockJUnit4ClassRunner.runChild(BlockJUnit4ClassRunner.java:68)&#10;&#9;at org.junit.runners.BlockJUnit4ClassRunner.runChild(BlockJUnit4ClassRunner.java:47)&#10;&#9;at org.junit.runners.ParentRunner$3.run(ParentRunner.java:231)&#10;&#9;at org.junit.runners.ParentRunner$1.schedule(ParentRunner.java:60)&#10;&#9;at org.junit.runners.ParentRunner.runChildren(ParentRunner.java:229)&#10;&#9;at org.junit.runners.ParentRunner.access$000(ParentRunner.java:50)&#10;&#9;at org.junit.runners.ParentRunner$2.evaluate(ParentRunner.java:222)&#10;&#9;at org.junit.runners.ParentRunner.run(ParentRunner.java:300)&#10;&#9;at org.eclipse.jdt.internal.junit4.runner.JUnit4TestReference.run(JUnit4TestReference.java:49)&#10;&#9;at org.eclipse.jdt.internal.junit.runner.TestExecution.run(TestExecution.java:38)&#10;&#9;at org.eclipse.jdt.internal.junit.runner.RemoteTestRunner.runTests(RemoteTestRunner.java:467)&#10;&#9;at org.eclipse.jdt.internal.junit.runner.RemoteTestRunner.runTests(RemoteTestRunner.java:683)&#10;&#9;at org.eclipse.jdt.internal.junit.runner.RemoteTestRunner.run(RemoteTestRunner.java:390)&#10;&#9;at org.codecover.juniteclipse.runner.EclipseTestRunner.main(EclipseTestRunner.java:40)" Date="1329200750617" Name="org.jfree.data.RangeTest:constrainTenLessThanLowerBound">
<CovList>
<CovPrefix CovItemPrefix="org.jfree.data.Range.java">
<Cov CovItemId="B2" Value="1"/>
<Cov CovItemId="B5" Value="1"/>
<Cov CovItemId="B8" Value="1"/>
<Cov CovItemId="B9" Value="1"/>
<Cov CovItemId="S11" Value="1"/>
<Cov CovItemId="S15" Value="1"/>
<Cov CovItemId="S16" Value="1"/>
<Cov CovItemId="S17" Value="1"/>
<Cov CovItemId="S19" Value="1"/>
<Cov CovItemId="S2" Value="1"/>
<Cov CovItemId="S20" Value="1"/>
<Cov CovItemId="S21" Value="1"/>
<Cov CovItemId="S5" Value="1"/>
<Cov CovItemId="S6" Value="1"/>
</CovPrefix>
</CovList>
<AssgnmntList>
<AssgnmntPrefix RootTermCovItemPrefix="org.jfree.data.Range.java">
<AssgnmntListEntry Length="1" RootTermCovItemId="C1">
<MapEntry BoolAssgnmnt="0" Value="1"/>
</AssgnmntListEntry>
<AssgnmntListEntry Length="1" RootTermCovItemId="C3">
<MapEntry BoolAssgnmnt="0" Value="1"/>
</AssgnmntListEntry>
<AssgnmntListEntry Length="1" RootTermCovItemId="C4">
<MapEntry BoolAssgnmnt="0" Value="1"/>
</AssgnmntListEntry>
<AssgnmntListEntry Length="1" RootTermCovItemId="C5">
<MapEntry BoolAssgnmnt="1" Value="1"/>
</AssgnmntListEntry>
</AssgnmntPrefix>
</AssgnmntList>
<ObjMetaDataList/>
<MetaDataList/>
</TestCase>
<TestCase Comment="Failure&#10;java.lang.AssertionError: Method should throw exception. expected:&lt;true&gt; but was:&lt;false&gt;&#10;&#9;at org.junit.Assert.fail(Assert.java:93)&#10;&#9;at org.junit.Assert.failNotEquals(Assert.java:647)&#10;&#9;at org.junit.Assert.assertEquals(Assert.java:128)&#10;&#9;at org.jfree.data.RangeTest.constrainOneLessThanLowerBound(RangeTest.java:179)&#10;&#9;at sun.reflect.NativeMethodAccessorImpl.invoke0(Native Method)&#10;&#9;at sun.reflect.NativeMethodAccessorImpl.invoke(NativeMethodAccessorImpl.java:39)&#10;&#9;at sun.reflect.DelegatingMethodAccessorImpl.invoke(DelegatingMethodAccessorImpl.java:25)&#10;&#9;at java.lang.reflect.Method.invoke(Method.java:597)&#10;&#9;at org.junit.runners.model.FrameworkMethod$1.runReflectiveCall(FrameworkMethod.java:45)&#10;&#9;at org.junit.internal.runners.model.ReflectiveCallable.run(ReflectiveCallable.java:15)&#10;&#9;at org.junit.runners.model.FrameworkMethod.invokeExplosively(FrameworkMethod.java:42)&#10;&#9;at org.junit.internal.runners.statements.InvokeMethod.evaluate(InvokeMethod.java:20)&#10;&#9;at org.junit.runners.ParentRunner.runLeaf(ParentRunner.java:263)&#10;&#9;at org.junit.runners.BlockJUnit4ClassRunner.runChild(BlockJUnit4ClassRunner.java:68)&#10;&#9;at org.junit.runners.BlockJUnit4ClassRunner.runChild(BlockJUnit4ClassRunner.java:47)&#10;&#9;at org.junit.runners.ParentRunner$3.run(ParentRunner.java:231)&#10;&#9;at org.junit.runners.ParentRunner$1.schedule(ParentRunner.java:60)&#10;&#9;at org.junit.runners.ParentRunner.runChildren(ParentRunner.java:229)&#10;&#9;at org.junit.runners.ParentRunner.access$000(ParentRunner.java:50)&#10;&#9;at org.junit.runners.ParentRunner$2.evaluate(ParentRunner.java:222)&#10;&#9;at org.junit.runners.ParentRunner.run(ParentRunner.java:300)&#10;&#9;at org.eclipse.jdt.internal.junit4.runner.JUnit4TestReference.run(JUnit4TestReference.java:49)&#10;&#9;at org.eclipse.jdt.internal.junit.runner.TestExecution.run(TestExecution.java:38)&#10;&#9;at org.eclipse.jdt.internal.junit.runner.RemoteTestRunner.runTests(RemoteTestRunner.java:467)&#10;&#9;at org.eclipse.jdt.internal.junit.runner.RemoteTestRunner.runTests(RemoteTestRunner.java:683)&#10;&#9;at org.eclipse.jdt.internal.junit.runner.RemoteTestRunner.run(RemoteTestRunner.java:390)&#10;&#9;at org.codecover.juniteclipse.runner.EclipseTestRunner.main(EclipseTestRunner.java:40)" Date="1329200750624" Name="org.jfree.data.RangeTest:constrainOneLessThanLowerBound">
<CovList>
<CovPrefix CovItemPrefix="org.jfree.data.Range.java">
<Cov CovItemId="B2" Value="1"/>
<Cov CovItemId="B5" Value="1"/>
<Cov CovItemId="B8" Value="1"/>
<Cov CovItemId="B9" Value="1"/>
<Cov CovItemId="S11" Value="1"/>
<Cov CovItemId="S15" Value="1"/>
<Cov CovItemId="S16" Value="1"/>
<Cov CovItemId="S17" Value="1"/>
<Cov CovItemId="S19" Value="1"/>
<Cov CovItemId="S2" Value="1"/>
<Cov CovItemId="S20" Value="1"/>
<Cov CovItemId="S21" Value="1"/>
<Cov CovItemId="S5" Value="1"/>
<Cov CovItemId="S6" Value="1"/>
</CovPrefix>
</CovList>
<AssgnmntList>
<AssgnmntPrefix RootTermCovItemPrefix="org.jfree.data.Range.java">
<AssgnmntListEntry Length="1" RootTermCovItemId="C1">
<MapEntry BoolAssgnmnt="0" Value="1"/>
</AssgnmntListEntry>
<AssgnmntListEntry Length="1" RootTermCovItemId="C3">
<MapEntry BoolAssgnmnt="0" Value="1"/>
</AssgnmntListEntry>
<AssgnmntListEntry Length="1" RootTermCovItemId="C4">
<MapEntry BoolAssgnmnt="0" Value="1"/>
</AssgnmntListEntry>
<AssgnmntListEntry Length="1" RootTermCovItemId="C5">
<MapEntry BoolAssgnmnt="1" Value="1"/>
</AssgnmntListEntry>
</AssgnmntPrefix>
</AssgnmntList>
<ObjMetaDataList/>
<MetaDataList/>
</TestCase>
<TestCase Comment="Failure&#10;java.lang.AssertionError: Method should throw exception. expected:&lt;true&gt; but was:&lt;false&gt;&#10;&#9;at org.junit.Assert.fail(Assert.java:93)&#10;&#9;at org.junit.Assert.failNotEquals(Assert.java:647)&#10;&#9;at org.junit.Assert.assertEquals(Assert.java:128)&#10;&#9;at org.jfree.data.RangeTest.constrainOneMoreThanUpperBound(RangeTest.java:192)&#10;&#9;at sun.reflect.NativeMethodAccessorImpl.invoke0(Native Method)&#10;&#9;at sun.reflect.NativeMethodAccessorImpl.invoke(NativeMethodAccessorImpl.java:39)&#10;&#9;at sun.reflect.DelegatingMethodAccessorImpl.invoke(DelegatingMethodAccessorImpl.java:25)&#10;&#9;at java.lang.reflect.Method.invoke(Method.java:597)&#10;&#9;at org.junit.runners.model.FrameworkMethod$1.runReflectiveCall(FrameworkMethod.java:45)&#10;&#9;at org.junit.internal.runners.model.ReflectiveCallable.run(ReflectiveCallable.java:15)&#10;&#9;at org.junit.runners.model.FrameworkMethod.invokeExplosively(FrameworkMethod.java:42)&#10;&#9;at org.junit.internal.runners.statements.InvokeMethod.evaluate(InvokeMethod.java:20)&#10;&#9;at org.junit.runners.ParentRunner.runLeaf(ParentRunner.java:263)&#10;&#9;at org.junit.runners.BlockJUnit4ClassRunner.runChild(BlockJUnit4ClassRunner.java:68)&#10;&#9;at org.junit.runners.BlockJUnit4ClassRunner.runChild(BlockJUnit4ClassRunner.java:47)&#10;&#9;at org.junit.runners.ParentRunner$3.run(ParentRunner.java:231)&#10;&#9;at org.junit.runners.ParentRunner$1.schedule(ParentRunner.java:60)&#10;&#9;at org.junit.runners.ParentRunner.runChildren(ParentRunner.java:229)&#10;&#9;at org.junit.runners.ParentRunner.access$000(ParentRunner.java:50)&#10;&#9;at org.junit.runners.ParentRunner$2.evaluate(ParentRunner.java:222)&#10;&#9;at org.junit.runners.ParentRunner.run(ParentRunner.java:300)&#10;&#9;at org.eclipse.jdt.internal.junit4.runner.JUnit4TestReference.run(JUnit4TestReference.java:49)&#10;&#9;at org.eclipse.jdt.internal.junit.runner.TestExecution.run(TestExecution.java:38)&#10;&#9;at org.eclipse.jdt.internal.junit.runner.RemoteTestRunner.runTests(RemoteTestRunner.java:467)&#10;&#9;at org.eclipse.jdt.internal.junit.runner.RemoteTestRunner.runTests(RemoteTestRunner.java:683)&#10;&#9;at org.eclipse.jdt.internal.junit.runner.RemoteTestRunner.run(RemoteTestRunner.java:390)&#10;&#9;at org.codecover.juniteclipse.runner.EclipseTestRunner.main(EclipseTestRunner.java:40)" Date="1329200750634" Name="org.jfree.data.RangeTest:constrainOneMoreThanUpperBound">
<CovList>
<CovPrefix CovItemPrefix="org.jfree.data.Range.java">
<Cov CovItemId="B2" Value="1"/>
<Cov CovItemId="B5" Value="1"/>
<Cov CovItemId="B7" Value="1"/>
<Cov CovItemId="S11" Value="1"/>
<Cov CovItemId="S15" Value="1"/>
<Cov CovItemId="S16" Value="1"/>
<Cov CovItemId="S17" Value="1"/>
<Cov CovItemId="S18" Value="1"/>
<Cov CovItemId="S2" Value="1"/>
<Cov CovItemId="S21" Value="1"/>
<Cov CovItemId="S5" Value="1"/>
<Cov CovItemId="S6" Value="1"/>
</CovPrefix>
</CovList>
<AssgnmntList>
<AssgnmntPrefix RootTermCovItemPrefix="org.jfree.data.Range.java">
<AssgnmntListEntry Length="1" RootTermCovItemId="C1">
<MapEntry BoolAssgnmnt="0" Value="1"/>
</AssgnmntListEntry>
<AssgnmntListEntry Length="1" RootTermCovItemId="C3">
<MapEntry BoolAssgnmnt="0" Value="1"/>
</AssgnmntListEntry>
<AssgnmntListEntry Length="1" RootTermCovItemId="C4">
<MapEntry BoolAssgnmnt="1" Value="1"/>
</AssgnmntListEntry>
</AssgnmntPrefix>
</AssgnmntList>
<ObjMetaDataList/>
<MetaDataList/>
</TestCase>
<TestCase Comment="Failure&#10;java.lang.AssertionError: Method should throw exception. expected:&lt;true&gt; but was:&lt;false&gt;&#10;&#9;at org.junit.Assert.fail(Assert.java:93)&#10;&#9;at org.junit.Assert.failNotEquals(Assert.java:647)&#10;&#9;at org.junit.Assert.assertEquals(Assert.java:128)&#10;&#9;at org.jfree.data.RangeTest.constrainTenMoreThanUpperBound(RangeTest.java:205)&#10;&#9;at sun.reflect.NativeMethodAccessorImpl.invoke0(Native Method)&#10;&#9;at sun.reflect.NativeMethodAccessorImpl.invoke(NativeMethodAccessorImpl.java:39)&#10;&#9;at sun.reflect.DelegatingMethodAccessorImpl.invoke(DelegatingMethodAccessorImpl.java:25)&#10;&#9;at java.lang.reflect.Method.invoke(Method.java:597)&#10;&#9;at org.junit.runners.model.FrameworkMethod$1.runReflectiveCall(FrameworkMethod.java:45)&#10;&#9;at org.junit.internal.runners.model.ReflectiveCallable.run(ReflectiveCallable.java:15)&#10;&#9;at org.junit.runners.model.FrameworkMethod.invokeExplosively(FrameworkMethod.java:42)&#10;&#9;at org.junit.internal.runners.statements.InvokeMethod.evaluate(InvokeMethod.java:20)&#10;&#9;at org.junit.runners.ParentRunner.runLeaf(ParentRunner.java:263)&#10;&#9;at org.junit.runners.BlockJUnit4ClassRunner.runChild(BlockJUnit4ClassRunner.java:68)&#10;&#9;at org.junit.runners.BlockJUnit4ClassRunner.runChild(BlockJUnit4ClassRunner.java:47)&#10;&#9;at org.junit.runners.ParentRunner$3.run(ParentRunner.java:231)&#10;&#9;at org.junit.runners.ParentRunner$1.schedule(ParentRunner.java:60)&#10;&#9;at org.junit.runners.ParentRunner.runChildren(ParentRunner.java:229)&#10;&#9;at org.junit.runners.ParentRunner.access$000(ParentRunner.java:50)&#10;&#9;at org.junit.runners.ParentRunner$2.evaluate(ParentRunner.java:222)&#10;&#9;at org.junit.runners.ParentRunner.run(ParentRunner.java:300)&#10;&#9;at org.eclipse.jdt.internal.junit4.runner.JUnit4TestReference.run(JUnit4TestReference.java:49)&#10;&#9;at org.eclipse.jdt.internal.junit.runner.TestExecution.run(TestExecution.java:38)&#10;&#9;at org.eclipse.jdt.internal.junit.runner.RemoteTestRunner.runTests(RemoteTestRunner.java:467)&#10;&#9;at org.eclipse.jdt.internal.junit.runner.RemoteTestRunner.runTests(RemoteTestRunner.java:683)&#10;&#9;at org.eclipse.jdt.internal.junit.runner.RemoteTestRunner.run(RemoteTestRunner.java:390)&#10;&#9;at org.codecover.juniteclipse.runner.EclipseTestRunner.main(EclipseTestRunner.java:40)" Date="1329200750648" Name="org.jfree.data.RangeTest:constrainTenMoreThanUpperBound">
<CovList>
<CovPrefix CovItemPrefix="org.jfree.data.Range.java">
<Cov CovItemId="B2" Value="1"/>
<Cov CovItemId="B5" Value="1"/>
<Cov CovItemId="B7" Value="1"/>
<Cov CovItemId="S11" Value="1"/>
<Cov CovItemId="S15" Value="1"/>
<Cov CovItemId="S16" Value="1"/>
<Cov CovItemId="S17" Value="1"/>
<Cov CovItemId="S18" Value="1"/>
<Cov CovItemId="S2" Value="1"/>
<Cov CovItemId="S21" Value="1"/>
<Cov CovItemId="S5" Value="1"/>
<Cov CovItemId="S6" Value="1"/>
</CovPrefix>
</CovList>
<AssgnmntList>
<AssgnmntPrefix RootTermCovItemPrefix="org.jfree.data.Range.java">
<AssgnmntListEntry Length="1" RootTermCovItemId="C1">
<MapEntry BoolAssgnmnt="0" Value="1"/>
</AssgnmntListEntry>
<AssgnmntListEntry Length="1" RootTermCovItemId="C3">
<MapEntry BoolAssgnmnt="0" Value="1"/>
</AssgnmntListEntry>
<AssgnmntListEntry Length="1" RootTermCovItemId="C4">
<MapEntry BoolAssgnmnt="1" Value="1"/>
</AssgnmntListEntry>
</AssgnmntPrefix>
</AssgnmntList>
<ObjMetaDataList/>
<MetaDataList/>
</TestCase>
<TestCase Comment="" Date="1329200750654" Name="org.jfree.data.RangeTest:constrainUpperBound">
<CovList>
<CovPrefix CovItemPrefix="org.jfree.data.Range.java">
<Cov CovItemId="B2" Value="1"/>
<Cov CovItemId="B6" Value="1"/>
<Cov CovItemId="S11" Value="1"/>
<Cov CovItemId="S15" Value="1"/>
<Cov CovItemId="S16" Value="1"/>
<Cov CovItemId="S2" Value="1"/>
<Cov CovItemId="S21" Value="1"/>
<Cov CovItemId="S5" Value="1"/>
<Cov CovItemId="S6" Value="1"/>
</CovPrefix>
</CovList>
<AssgnmntList>
<AssgnmntPrefix RootTermCovItemPrefix="org.jfree.data.Range.java">
<AssgnmntListEntry Length="1" RootTermCovItemId="C1">
<MapEntry BoolAssgnmnt="0" Value="1"/>
</AssgnmntListEntry>
<AssgnmntListEntry Length="1" RootTermCovItemId="C3">
<MapEntry BoolAssgnmnt="1" Value="1"/>
</AssgnmntListEntry>
</AssgnmntPrefix>
</AssgnmntList>
<ObjMetaDataList/>
<MetaDataList/>
</TestCase>
<TestCase Comment="" Date="1329200750658" Name="org.jfree.data.RangeTest:constrainLowerBound">
<CovList>
<CovPrefix CovItemPrefix="org.jfree.data.Range.java">
<Cov CovItemId="B2" Value="1"/>
<Cov CovItemId="B6" Value="1"/>
<Cov CovItemId="S11" Value="1"/>
<Cov CovItemId="S15" Value="1"/>
<Cov CovItemId="S16" Value="1"/>
<Cov CovItemId="S2" Value="1"/>
<Cov CovItemId="S21" Value="1"/>
<Cov CovItemId="S5" Value="1"/>
<Cov CovItemId="S6" Value="1"/>
</CovPrefix>
</CovList>
<AssgnmntList>
<AssgnmntPrefix RootTermCovItemPrefix="org.jfree.data.Range.java">
<AssgnmntListEntry Length="1" RootTermCovItemId="C1">
<MapEntry BoolAssgnmnt="0" Value="1"/>
</AssgnmntListEntry>
<AssgnmntListEntry Length="1" RootTermCovItemId="C3">
<MapEntry BoolAssgnmnt="1" Value="1"/>
</AssgnmntListEntry>
</AssgnmntPrefix>
</AssgnmntList>
<ObjMetaDataList/>
<MetaDataList/>
</TestCase>
<TestCase Comment="" Date="1329200750660" Name="org.jfree.data.RangeTest:constrainCentralValue">
<CovList>
<CovPrefix CovItemPrefix="org.jfree.data.Range.java">
<Cov CovItemId="B2" Value="1"/>
<Cov CovItemId="B6" Value="1"/>
<Cov CovItemId="S11" Value="1"/>
<Cov CovItemId="S15" Value="1"/>
<Cov CovItemId="S16" Value="1"/>
<Cov CovItemId="S2" Value="1"/>
<Cov CovItemId="S21" Value="1"/>
<Cov CovItemId="S5" Value="1"/>
<Cov CovItemId="S6" Value="1"/>
</CovPrefix>
</CovList>
<AssgnmntList>
<AssgnmntPrefix RootTermCovItemPrefix="org.jfree.data.Range.java">
<AssgnmntListEntry Length="1" RootTermCovItemId="C1">
<MapEntry BoolAssgnmnt="0" Value="1"/>
</AssgnmntListEntry>
<AssgnmntListEntry Length="1" RootTermCovItemId="C3">
<MapEntry BoolAssgnmnt="1" Value="1"/>
</AssgnmntListEntry>
</AssgnmntPrefix>
</AssgnmntList>
<ObjMetaDataList/>
<MetaDataList/>
</TestCase>
<TestCase Comment="" Date="1329200750662" Name="org.jfree.data.RangeTest:containsOneLessThanLowerBound">
<CovList>
<CovPrefix CovItemPrefix="org.jfree.data.Range.java">
<Cov CovItemId="B2" Value="1"/>
<Cov CovItemId="S11" Value="1"/>
<Cov CovItemId="S2" Value="1"/>
<Cov CovItemId="S5" Value="1"/>
<Cov CovItemId="S6" Value="1"/>
</CovPrefix>
</CovList>
<AssgnmntList>
<AssgnmntPrefix RootTermCovItemPrefix="org.jfree.data.Range.java">
<AssgnmntListEntry Length="1" RootTermCovItemId="C1">
<MapEntry BoolAssgnmnt="0" Value="1"/>
</AssgnmntListEntry>
</AssgnmntPrefix>
</AssgnmntList>
<ObjMetaDataList/>
<MetaDataList/>
</TestCase>
<TestCase Comment="" Date="1329200750666" Name="org.jfree.data.RangeTest:containsLowerBound">
<CovList>
<CovPrefix CovItemPrefix="org.jfree.data.Range.java">
<Cov CovItemId="B2" Value="1"/>
<Cov CovItemId="S11" Value="1"/>
<Cov CovItemId="S2" Value="1"/>
<Cov CovItemId="S5" Value="1"/>
<Cov CovItemId="S6" Value="1"/>
</CovPrefix>
</CovList>
<AssgnmntList>
<AssgnmntPrefix RootTermCovItemPrefix="org.jfree.data.Range.java">
<AssgnmntListEntry Length="1" RootTermCovItemId="C1">
<MapEntry BoolAssgnmnt="0" Value="1"/>
</AssgnmntListEntry>
</AssgnmntPrefix>
</AssgnmntList>
<ObjMetaDataList/>
<MetaDataList/>
</TestCase>
<TestCase Comment="" Date="1329200750669" Name="org.jfree.data.RangeTest:containsCenterOfRange">
<CovList>
<CovPrefix CovItemPrefix="org.jfree.data.Range.java">
<Cov CovItemId="B2" Value="1"/>
<Cov CovItemId="S11" Value="1"/>
<Cov CovItemId="S2" Value="1"/>
<Cov CovItemId="S5" Value="1"/>
<Cov CovItemId="S6" Value="1"/>
</CovPrefix>
</CovList>
<AssgnmntList>
<AssgnmntPrefix RootTermCovItemPrefix="org.jfree.data.Range.java">
<AssgnmntListEntry Length="1" RootTermCovItemId="C1">
<MapEntry BoolAssgnmnt="0" Value="1"/>
</AssgnmntListEntry>
</AssgnmntPrefix>
</AssgnmntList>
<ObjMetaDataList/>
<MetaDataList/>
</TestCase>
<TestCase Comment="" Date="1329200750677" Name="org.jfree.data.RangeTest:containsUpperBound">
<CovList>
<CovPrefix CovItemPrefix="org.jfree.data.Range.java">
<Cov CovItemId="B2" Value="1"/>
<Cov CovItemId="S11" Value="1"/>
<Cov CovItemId="S2" Value="1"/>
<Cov CovItemId="S5" Value="1"/>
<Cov CovItemId="S6" Value="1"/>
</CovPrefix>
</CovList>
<AssgnmntList>
<AssgnmntPrefix RootTermCovItemPrefix="org.jfree.data.Range.java">
<AssgnmntListEntry Length="1" RootTermCovItemId="C1">
<MapEntry BoolAssgnmnt="0" Value="1"/>
</AssgnmntListEntry>
</AssgnmntPrefix>
</AssgnmntList>
<ObjMetaDataList/>
<MetaDataList/>
</TestCase>
<TestCase Comment="" Date="1329200750678" Name="org.jfree.data.RangeTest:containsOneOverUpperBound">
<CovList>
<CovPrefix CovItemPrefix="org.jfree.data.Range.java">
<Cov CovItemId="B2" Value="1"/>
<Cov CovItemId="S11" Value="1"/>
<Cov CovItemId="S2" Value="1"/>
<Cov CovItemId="S5" Value="1"/>
<Cov CovItemId="S6" Value="1"/>
</CovPrefix>
</CovList>
<AssgnmntList>
<AssgnmntPrefix RootTermCovItemPrefix="org.jfree.data.Range.java">
<AssgnmntListEntry Length="1" RootTermCovItemId="C1">
<MapEntry BoolAssgnmnt="0" Value="1"/>
</AssgnmntListEntry>
</AssgnmntPrefix>
</AssgnmntList>
<ObjMetaDataList/>
<MetaDataList/>
</TestCase>
<TestCase Comment="Failure&#10;java.lang.AssertionError: expected:&lt;true&gt; but was:&lt;false&gt;&#10;&#9;at org.junit.Assert.fail(Assert.java:93)&#10;&#9;at org.junit.Assert.failNotEquals(Assert.java:647)&#10;&#9;at org.junit.Assert.assertEquals(Assert.java:128)&#10;&#9;at org.junit.Assert.assertEquals(Assert.java:147)&#10;&#9;at org.jfree.data.RangeTest.expandToIncludeTenLessThanLowerBound(RangeTest.java:272)&#10;&#9;at sun.reflect.NativeMethodAccessorImpl.invoke0(Native Method)&#10;&#9;at sun.reflect.NativeMethodAccessorImpl.invoke(NativeMethodAccessorImpl.java:39)&#10;&#9;at sun.reflect.DelegatingMethodAccessorImpl.invoke(DelegatingMethodAccessorImpl.java:25)&#10;&#9;at java.lang.reflect.Method.invoke(Method.java:597)&#10;&#9;at org.junit.runners.model.FrameworkMethod$1.runReflectiveCall(FrameworkMethod.java:45)&#10;&#9;at org.junit.internal.runners.model.ReflectiveCallable.run(ReflectiveCallable.java:15)&#10;&#9;at org.junit.runners.model.FrameworkMethod.invokeExplosively(FrameworkMethod.java:42)&#10;&#9;at org.junit.internal.runners.statements.InvokeMethod.evaluate(InvokeMethod.java:20)&#10;&#9;at org.junit.runners.ParentRunner.runLeaf(ParentRunner.java:263)&#10;&#9;at org.junit.runners.BlockJUnit4ClassRunner.runChild(BlockJUnit4ClassRunner.java:68)&#10;&#9;at org.junit.runners.BlockJUnit4ClassRunner.runChild(BlockJUnit4ClassRunner.java:47)&#10;&#9;at org.junit.runners.ParentRunner$3.run(ParentRunner.java:231)&#10;&#9;at org.junit.runners.ParentRunner$1.schedule(ParentRunner.java:60)&#10;&#9;at org.junit.runners.ParentRunner.runChildren(ParentRunner.java:229)&#10;&#9;at org.junit.runners.ParentRunner.access$000(ParentRunner.java:50)&#10;&#9;at org.junit.runners.ParentRunner$2.evaluate(ParentRunner.java:222)&#10;&#9;at org.junit.runners.ParentRunner.run(ParentRunner.java:300)&#10;&#9;at org.eclipse.jdt.internal.junit4.runner.JUnit4TestReference.run(JUnit4TestReference.java:49)&#10;&#9;at org.eclipse.jdt.internal.junit.runner.TestExecution.run(TestExecution.java:38)&#10;&#9;at org.eclipse.jdt.internal.junit.runner.RemoteTestRunner.runTests(RemoteTestRunner.java:467)&#10;&#9;at org.eclipse.jdt.internal.junit.runner.RemoteTestRunner.runTests(RemoteTestRunner.java:683)&#10;&#9;at org.eclipse.jdt.internal.junit.runner.RemoteTestRunner.run(RemoteTestRunner.java:390)&#10;&#9;at org.codecover.juniteclipse.runner.EclipseTestRunner.main(EclipseTestRunner.java:40)" Date="1329200750679" Name="org.jfree.data.RangeTest:expandToIncludeTenLessThanLowerBound">
<CovList>
<CovPrefix CovItemPrefix="org.jfree.data.Range.java">
<Cov CovItemId="B16" Value="1"/>
<Cov CovItemId="B17" Value="1"/>
<Cov CovItemId="B2" Value="2"/>
<Cov CovItemId="B30" Value="1"/>
<Cov CovItemId="B31" Value="1"/>
<Cov CovItemId="S2" Value="2"/>
<Cov CovItemId="S29" Value="1"/>
<Cov CovItemId="S31" Value="1"/>
<Cov CovItemId="S32" Value="1"/>
<Cov CovItemId="S5" Value="2"/>
<Cov CovItemId="S51" Value="1"/>
<Cov CovItemId="S53" Value="1"/>
<Cov CovItemId="S54" Value="1"/>
<Cov CovItemId="S55" Value="1"/>
<Cov CovItemId="S6" Value="2"/>
<Cov CovItemId="S7" Value="1"/>
<Cov CovItemId="S8" Value="1"/>
</CovPrefix>
</CovList>
<AssgnmntList>
<AssgnmntPrefix RootTermCovItemPrefix="org.jfree.data.Range.java">
<AssgnmntListEntry Length="1" RootTermCovItemId="C1">
<MapEntry BoolAssgnmnt="0" Value="2"/>
</AssgnmntListEntry>
<AssgnmntListEntry Length="1" RootTermCovItemId="C15">
<MapEntry BoolAssgnmnt="1" Value="1"/>
</AssgnmntListEntry>
<AssgnmntListEntry Length="1" RootTermCovItemId="C16">
<MapEntry BoolAssgnmnt="0" Value="1"/>
</AssgnmntListEntry>
<AssgnmntListEntry Length="1" RootTermCovItemId="C8">
<MapEntry BoolAssgnmnt="0" Value="1"/>
</AssgnmntListEntry>
<AssgnmntListEntry Length="1" RootTermCovItemId="C9">
<MapEntry BoolAssgnmnt="1" Value="1"/>
</AssgnmntListEntry>
</AssgnmntPrefix>
</AssgnmntList>
<ObjMetaDataList/>
<MetaDataList/>
</TestCase>
<TestCase Comment="Failure&#10;java.lang.AssertionError: expected:&lt;true&gt; but was:&lt;false&gt;&#10;&#9;at org.junit.Assert.fail(Assert.java:93)&#10;&#9;at org.junit.Assert.failNotEquals(Assert.java:647)&#10;&#9;at org.junit.Assert.assertEquals(Assert.java:128)&#10;&#9;at org.junit.Assert.assertEquals(Assert.java:147)&#10;&#9;at org.jfree.data.RangeTest.expandToIncludeOneLessThanLowerBound(RangeTest.java:281)&#10;&#9;at sun.reflect.NativeMethodAccessorImpl.invoke0(Native Method)&#10;&#9;at sun.reflect.NativeMethodAccessorImpl.invoke(NativeMethodAccessorImpl.java:39)&#10;&#9;at sun.reflect.DelegatingMethodAccessorImpl.invoke(DelegatingMethodAccessorImpl.java:25)&#10;&#9;at java.lang.reflect.Method.invoke(Method.java:597)&#10;&#9;at org.junit.runners.model.FrameworkMethod$1.runReflectiveCall(FrameworkMethod.java:45)&#10;&#9;at org.junit.internal.runners.model.ReflectiveCallable.run(ReflectiveCallable.java:15)&#10;&#9;at org.junit.runners.model.FrameworkMethod.invokeExplosively(FrameworkMethod.java:42)&#10;&#9;at org.junit.internal.runners.statements.InvokeMethod.evaluate(InvokeMethod.java:20)&#10;&#9;at org.junit.runners.ParentRunner.runLeaf(ParentRunner.java:263)&#10;&#9;at org.junit.runners.BlockJUnit4ClassRunner.runChild(BlockJUnit4ClassRunner.java:68)&#10;&#9;at org.junit.runners.BlockJUnit4ClassRunner.runChild(BlockJUnit4ClassRunner.java:47)&#10;&#9;at org.junit.runners.ParentRunner$3.run(ParentRunner.java:231)&#10;&#9;at org.junit.runners.ParentRunner$1.schedule(ParentRunner.java:60)&#10;&#9;at org.junit.runners.ParentRunner.runChildren(ParentRunner.java:229)&#10;&#9;at org.junit.runners.ParentRunner.access$000(ParentRunner.java:50)&#10;&#9;at org.junit.runners.ParentRunner$2.evaluate(ParentRunner.java:222)&#10;&#9;at org.junit.runners.ParentRunner.run(ParentRunner.java:300)&#10;&#9;at org.eclipse.jdt.internal.junit4.runner.JUnit4TestReference.run(JUnit4TestReference.java:49)&#10;&#9;at org.eclipse.jdt.internal.junit.runner.TestExecution.run(TestExecution.java:38)&#10;&#9;at org.eclipse.jdt.internal.junit.runner.RemoteTestRunner.runTests(RemoteTestRunner.java:467)&#10;&#9;at org.eclipse.jdt.internal.junit.runner.RemoteTestRunner.runTests(RemoteTestRunner.java:683)&#10;&#9;at org.eclipse.jdt.internal.junit.runner.RemoteTestRunner.run(RemoteTestRunner.java:390)&#10;&#9;at org.codecover.juniteclipse.runner.EclipseTestRunner.main(EclipseTestRunner.java:40)" Date="1329200750680" Name="org.jfree.data.RangeTest:expandToIncludeOneLessThanLowerBound">
<CovList>
<CovPrefix CovItemPrefix="org.jfree.data.Range.java">
<Cov CovItemId="B16" Value="1"/>
<Cov CovItemId="B17" Value="1"/>
<Cov CovItemId="B2" Value="2"/>
<Cov CovItemId="B30" Value="1"/>
<Cov CovItemId="B31" Value="1"/>
<Cov CovItemId="S2" Value="2"/>
<Cov CovItemId="S29" Value="1"/>
<Cov CovItemId="S31" Value="1"/>
<Cov CovItemId="S32" Value="1"/>
<Cov CovItemId="S5" Value="2"/>
<Cov CovItemId="S51" Value="1"/>
<Cov CovItemId="S53" Value="1"/>
<Cov CovItemId="S54" Value="1"/>
<Cov CovItemId="S55" Value="1"/>
<Cov CovItemId="S6" Value="2"/>
<Cov CovItemId="S7" Value="1"/>
<Cov CovItemId="S8" Value="1"/>
</CovPrefix>
</CovList>
<AssgnmntList>
<AssgnmntPrefix RootTermCovItemPrefix="org.jfree.data.Range.java">
<AssgnmntListEntry Length="1" RootTermCovItemId="C1">
<MapEntry BoolAssgnmnt="0" Value="2"/>
</AssgnmntListEntry>
<AssgnmntListEntry Length="1" RootTermCovItemId="C15">
<MapEntry BoolAssgnmnt="1" Value="1"/>
</AssgnmntListEntry>
<AssgnmntListEntry Length="1" RootTermCovItemId="C16">
<MapEntry BoolAssgnmnt="0" Value="1"/>
</AssgnmntListEntry>
<AssgnmntListEntry Length="1" RootTermCovItemId="C8">
<MapEntry BoolAssgnmnt="0" Value="1"/>
</AssgnmntListEntry>
<AssgnmntListEntry Length="1" RootTermCovItemId="C9">
<MapEntry BoolAssgnmnt="1" Value="1"/>
</AssgnmntListEntry>
</AssgnmntPrefix>
</AssgnmntList>
<ObjMetaDataList/>
<MetaDataList/>
</TestCase>
<TestCase Comment="" Date="1329200750682" Name="org.jfree.data.RangeTest:expandToIncludeLowerBound">
<CovList>
<CovPrefix CovItemPrefix="org.jfree.data.Range.java">
<Cov CovItemId="B16" Value="1"/>
<Cov CovItemId="B18" Value="1"/>
<Cov CovItemId="B2" Value="1"/>
<Cov CovItemId="B20" Value="1"/>
<Cov CovItemId="B30" Value="1"/>
<Cov CovItemId="B32" Value="1"/>
<Cov CovItemId="B34" Value="1"/>
<Cov CovItemId="S2" Value="1"/>
<Cov CovItemId="S29" Value="1"/>
<Cov CovItemId="S31" Value="1"/>
<Cov CovItemId="S33" Value="1"/>
<Cov CovItemId="S35" Value="1"/>
<Cov CovItemId="S5" Value="1"/>
<Cov CovItemId="S51" Value="1"/>
<Cov CovItemId="S53" Value="1"/>
<Cov CovItemId="S54" Value="1"/>
<Cov CovItemId="S56" Value="1"/>
<Cov CovItemId="S58" Value="1"/>
<Cov CovItemId="S6" Value="1"/>
<Cov CovItemId="S7" Value="1"/>
<Cov CovItemId="S8" Value="1"/>
</CovPrefix>
</CovList>
<AssgnmntList>
<AssgnmntPrefix RootTermCovItemPrefix="org.jfree.data.Range.java">
<AssgnmntListEntry Length="1" RootTermCovItemId="C1">
<MapEntry BoolAssgnmnt="0" Value="1"/>
</AssgnmntListEntry>
<AssgnmntListEntry Length="1" RootTermCovItemId="C10">
<MapEntry BoolAssgnmnt="0" Value="1"/>
</AssgnmntListEntry>
<AssgnmntListEntry Length="1" RootTermCovItemId="C15">
<MapEntry BoolAssgnmnt="1" Value="1"/>
</AssgnmntListEntry>
<AssgnmntListEntry Length="1" RootTermCovItemId="C16">
<MapEntry BoolAssgnmnt="1" Value="1"/>
</AssgnmntListEntry>
<AssgnmntListEntry Length="1" RootTermCovItemId="C17">
<MapEntry BoolAssgnmnt="1" Value="1"/>
</AssgnmntListEntry>
<AssgnmntListEntry Length="1" RootTermCovItemId="C8">
<MapEntry BoolAssgnmnt="0" Value="1"/>
</AssgnmntListEntry>
<AssgnmntListEntry Length="1" RootTermCovItemId="C9">
<MapEntry BoolAssgnmnt="0" Value="1"/>
</AssgnmntListEntry>
</AssgnmntPrefix>
</AssgnmntList>
<ObjMetaDataList/>
<MetaDataList/>
</TestCase>
<TestCase Comment="" Date="1329200750683" Name="org.jfree.data.RangeTest:expandToIncludeCentralValue">
<CovList>
<CovPrefix CovItemPrefix="org.jfree.data.Range.java">
<Cov CovItemId="B16" Value="1"/>
<Cov CovItemId="B18" Value="1"/>
<Cov CovItemId="B2" Value="1"/>
<Cov CovItemId="B20" Value="1"/>
<Cov CovItemId="B30" Value="1"/>
<Cov CovItemId="B32" Value="1"/>
<Cov CovItemId="B34" Value="1"/>
<Cov CovItemId="S2" Value="1"/>
<Cov CovItemId="S29" Value="1"/>
<Cov CovItemId="S31" Value="1"/>
<Cov CovItemId="S33" Value="1"/>
<Cov CovItemId="S35" Value="1"/>
<Cov CovItemId="S5" Value="1"/>
<Cov CovItemId="S51" Value="1"/>
<Cov CovItemId="S53" Value="1"/>
<Cov CovItemId="S54" Value="1"/>
<Cov CovItemId="S56" Value="1"/>
<Cov CovItemId="S58" Value="1"/>
<Cov CovItemId="S6" Value="1"/>
<Cov CovItemId="S7" Value="1"/>
<Cov CovItemId="S8" Value="1"/>
</CovPrefix>
</CovList>
<AssgnmntList>
<AssgnmntPrefix RootTermCovItemPrefix="org.jfree.data.Range.java">
<AssgnmntListEntry Length="1" RootTermCovItemId="C1">
<MapEntry BoolAssgnmnt="0" Value="1"/>
</AssgnmntListEntry>
<AssgnmntListEntry Length="1" RootTermCovItemId="C10">
<MapEntry BoolAssgnmnt="0" Value="1"/>
</AssgnmntListEntry>
<AssgnmntListEntry Length="1" RootTermCovItemId="C15">
<MapEntry BoolAssgnmnt="1" Value="1"/>
</AssgnmntListEntry>
<AssgnmntListEntry Length="1" RootTermCovItemId="C16">
<MapEntry BoolAssgnmnt="1" Value="1"/>
</AssgnmntListEntry>
<AssgnmntListEntry Length="1" RootTermCovItemId="C17">
<MapEntry BoolAssgnmnt="1" Value="1"/>
</AssgnmntListEntry>
<AssgnmntListEntry Length="1" RootTermCovItemId="C8">
<MapEntry BoolAssgnmnt="0" Value="1"/>
</AssgnmntListEntry>
<AssgnmntListEntry Length="1" RootTermCovItemId="C9">
<MapEntry BoolAssgnmnt="0" Value="1"/>
</AssgnmntListEntry>
</AssgnmntPrefix>
</AssgnmntList>
<ObjMetaDataList/>
<MetaDataList/>
</TestCase>
<TestCase Comment="" Date="1329200750756" Name="org.jfree.data.RangeTest:expandToIncludeUpperBound">
<CovList>
<CovPrefix CovItemPrefix="org.jfree.data.Range.java">
<Cov CovItemId="B16" Value="1"/>
<Cov CovItemId="B18" Value="1"/>
<Cov CovItemId="B2" Value="1"/>
<Cov CovItemId="B20" Value="1"/>
<Cov CovItemId="B30" Value="1"/>
<Cov CovItemId="B32" Value="1"/>
<Cov CovItemId="B34" Value="1"/>
<Cov CovItemId="S2" Value="1"/>
<Cov CovItemId="S29" Value="1"/>
<Cov CovItemId="S31" Value="1"/>
<Cov CovItemId="S33" Value="1"/>
<Cov CovItemId="S35" Value="1"/>
<Cov CovItemId="S5" Value="1"/>
<Cov CovItemId="S51" Value="1"/>
<Cov CovItemId="S53" Value="1"/>
<Cov CovItemId="S54" Value="1"/>
<Cov CovItemId="S56" Value="1"/>
<Cov CovItemId="S58" Value="1"/>
<Cov CovItemId="S6" Value="1"/>
<Cov CovItemId="S7" Value="1"/>
<Cov CovItemId="S8" Value="1"/>
</CovPrefix>
</CovList>
<AssgnmntList>
<AssgnmntPrefix RootTermCovItemPrefix="org.jfree.data.Range.java">
<AssgnmntListEntry Length="1" RootTermCovItemId="C1">
<MapEntry BoolAssgnmnt="0" Value="1"/>
</AssgnmntListEntry>
<AssgnmntListEntry Length="1" RootTermCovItemId="C10">
<MapEntry BoolAssgnmnt="0" Value="1"/>
</AssgnmntListEntry>
<AssgnmntListEntry Length="1" RootTermCovItemId="C15">
<MapEntry BoolAssgnmnt="1" Value="1"/>
</AssgnmntListEntry>
<AssgnmntListEntry Length="1" RootTermCovItemId="C16">
<MapEntry BoolAssgnmnt="1" Value="1"/>
</AssgnmntListEntry>
<AssgnmntListEntry Length="1" RootTermCovItemId="C17">
<MapEntry BoolAssgnmnt="1" Value="1"/>
</AssgnmntListEntry>
<AssgnmntListEntry Length="1" RootTermCovItemId="C8">
<MapEntry BoolAssgnmnt="0" Value="1"/>
</AssgnmntListEntry>
<AssgnmntListEntry Length="1" RootTermCovItemId="C9">
<MapEntry BoolAssgnmnt="0" Value="1"/>
</AssgnmntListEntry>
</AssgnmntPrefix>
</AssgnmntList>
<ObjMetaDataList/>
<MetaDataList/>
</TestCase>
<TestCase Comment="" Date="1329200750759" Name="org.jfree.data.RangeTest:expandToIncludeOneOverUpperBound">
<CovList>
<CovPrefix CovItemPrefix="org.jfree.data.Range.java">
<Cov CovItemId="B16" Value="1"/>
<Cov CovItemId="B18" Value="1"/>
<Cov CovItemId="B19" Value="1"/>
<Cov CovItemId="B2" Value="3"/>
<Cov CovItemId="B30" Value="1"/>
<Cov CovItemId="B32" Value="1"/>
<Cov CovItemId="B34" Value="1"/>
<Cov CovItemId="S2" Value="3"/>
<Cov CovItemId="S29" Value="1"/>
<Cov CovItemId="S31" Value="1"/>
<Cov CovItemId="S33" Value="1"/>
<Cov CovItemId="S34" Value="1"/>
<Cov CovItemId="S5" Value="3"/>
<Cov CovItemId="S51" Value="1"/>
<Cov CovItemId="S53" Value="1"/>
<Cov CovItemId="S54" Value="1"/>
<Cov CovItemId="S56" Value="1"/>
<Cov CovItemId="S58" Value="1"/>
<Cov CovItemId="S6" Value="3"/>
<Cov CovItemId="S7" Value="2"/>
<Cov CovItemId="S8" Value="1"/>
</CovPrefix>
</CovList>
<AssgnmntList>
<AssgnmntPrefix RootTermCovItemPrefix="org.jfree.data.Range.java">
<AssgnmntListEntry Length="1" RootTermCovItemId="C1">
<MapEntry BoolAssgnmnt="0" Value="3"/>
</AssgnmntListEntry>
<AssgnmntListEntry Length="1" RootTermCovItemId="C10">
<MapEntry BoolAssgnmnt="1" Value="1"/>
</AssgnmntListEntry>
<AssgnmntListEntry Length="1" RootTermCovItemId="C15">
<MapEntry BoolAssgnmnt="1" Value="1"/>
</AssgnmntListEntry>
<AssgnmntListEntry Length="1" RootTermCovItemId="C16">
<MapEntry BoolAssgnmnt="1" Value="1"/>
</AssgnmntListEntry>
<AssgnmntListEntry Length="1" RootTermCovItemId="C17">
<MapEntry BoolAssgnmnt="1" Value="1"/>
</AssgnmntListEntry>
<AssgnmntListEntry Length="1" RootTermCovItemId="C8">
<MapEntry BoolAssgnmnt="0" Value="1"/>
</AssgnmntListEntry>
<AssgnmntListEntry Length="1" RootTermCovItemId="C9">
<MapEntry BoolAssgnmnt="0" Value="1"/>
</AssgnmntListEntry>
</AssgnmntPrefix>
</AssgnmntList>
<ObjMetaDataList/>
<MetaDataList/>
</TestCase>
<TestCase Comment="" Date="1329200750760" Name="org.jfree.data.RangeTest:expandToIncludeTenOverUpperBound">
<CovList>
<CovPrefix CovItemPrefix="org.jfree.data.Range.java">
<Cov CovItemId="B16" Value="1"/>
<Cov CovItemId="B18" Value="1"/>
<Cov CovItemId="B19" Value="1"/>
<Cov CovItemId="B2" Value="3"/>
<Cov CovItemId="B30" Value="1"/>
<Cov CovItemId="B32" Value="1"/>
<Cov CovItemId="B34" Value="1"/>
<Cov CovItemId="S2" Value="3"/>
<Cov CovItemId="S29" Value="1"/>
<Cov CovItemId="S31" Value="1"/>
<Cov CovItemId="S33" Value="1"/>
<Cov CovItemId="S34" Value="1"/>
<Cov CovItemId="S5" Value="3"/>
<Cov CovItemId="S51" Value="1"/>
<Cov CovItemId="S53" Value="1"/>
<Cov CovItemId="S54" Value="1"/>
<Cov CovItemId="S56" Value="1"/>
<Cov CovItemId="S58" Value="1"/>
<Cov CovItemId="S6" Value="3"/>
<Cov CovItemId="S7" Value="2"/>
<Cov CovItemId="S8" Value="1"/>
</CovPrefix>
</CovList>
<AssgnmntList>
<AssgnmntPrefix RootTermCovItemPrefix="org.jfree.data.Range.java">
<AssgnmntListEntry Length="1" RootTermCovItemId="C1">
<MapEntry BoolAssgnmnt="0" Value="3"/>
</AssgnmntListEntry>
<AssgnmntListEntry Length="1" RootTermCovItemId="C10">
<MapEntry BoolAssgnmnt="1" Value="1"/>
</AssgnmntListEntry>
<AssgnmntListEntry Length="1" RootTermCovItemId="C15">
<MapEntry BoolAssgnmnt="1" Value="1"/>
</AssgnmntListEntry>
<AssgnmntListEntry Length="1" RootTermCovItemId="C16">
<MapEntry BoolAssgnmnt="1" Value="1"/>
</AssgnmntListEntry>
<AssgnmntListEntry Length="1" RootTermCovItemId="C17">
<MapEntry BoolAssgnmnt="1" Value="1"/>
</AssgnmntListEntry>
<AssgnmntListEntry Length="1" RootTermCovItemId="C8">
<MapEntry BoolAssgnmnt="0" Value="1"/>
</AssgnmntListEntry>
<AssgnmntListEntry Length="1" RootTermCovItemId="C9">
<MapEntry BoolAssgnmnt="0" Value="1"/>
</AssgnmntListEntry>
</AssgnmntPrefix>
</AssgnmntList>
<ObjMetaDataList/>
<MetaDataList/>
</TestCase>
<TestCase Comment="Failure&#10;java.lang.AssertionError: Method should throw exception. expected:&lt;true&gt; but was:&lt;false&gt;&#10;&#9;at org.junit.Assert.fail(Assert.java:93)&#10;&#9;at org.junit.Assert.failNotEquals(Assert.java:647)&#10;&#9;at org.junit.Assert.assertEquals(Assert.java:128)&#10;&#9;at org.jfree.data.RangeTest.expandToIncludeNullRange(RangeTest.java:340)&#10;&#9;at sun.reflect.NativeMethodAccessorImpl.invoke0(Native Method)&#10;&#9;at sun.reflect.NativeMethodAccessorImpl.invoke(NativeMethodAccessorImpl.java:39)&#10;&#9;at sun.reflect.DelegatingMethodAccessorImpl.invoke(DelegatingMethodAccessorImpl.java:25)&#10;&#9;at java.lang.reflect.Method.invoke(Method.java:597)&#10;&#9;at org.junit.runners.model.FrameworkMethod$1.runReflectiveCall(FrameworkMethod.java:45)&#10;&#9;at org.junit.internal.runners.model.ReflectiveCallable.run(ReflectiveCallable.java:15)&#10;&#9;at org.junit.runners.model.FrameworkMethod.invokeExplosively(FrameworkMethod.java:42)&#10;&#9;at org.junit.internal.runners.statements.InvokeMethod.evaluate(InvokeMethod.java:20)&#10;&#9;at org.junit.runners.ParentRunner.runLeaf(ParentRunner.java:263)&#10;&#9;at org.junit.runners.BlockJUnit4ClassRunner.runChild(BlockJUnit4ClassRunner.java:68)&#10;&#9;at org.junit.runners.BlockJUnit4ClassRunner.runChild(BlockJUnit4ClassRunner.java:47)&#10;&#9;at org.junit.runners.ParentRunner$3.run(ParentRunner.java:231)&#10;&#9;at org.junit.runners.ParentRunner$1.schedule(ParentRunner.java:60)&#10;&#9;at org.junit.runners.ParentRunner.runChildren(ParentRunner.java:229)&#10;&#9;at org.junit.runners.ParentRunner.access$000(ParentRunner.java:50)&#10;&#9;at org.junit.runners.ParentRunner$2.evaluate(ParentRunner.java:222)&#10;&#9;at org.junit.runners.ParentRunner.run(ParentRunner.java:300)&#10;&#9;at org.eclipse.jdt.internal.junit4.runner.JUnit4TestReference.run(JUnit4TestReference.java:49)&#10;&#9;at org.eclipse.jdt.internal.junit.runner.TestExecution.run(TestExecution.java:38)&#10;&#9;at org.eclipse.jdt.internal.junit.runner.RemoteTestRunner.runTests(RemoteTestRunner.java:467)&#10;&#9;at org.eclipse.jdt.internal.junit.runner.RemoteTestRunner.runTests(RemoteTestRunner.java:683)&#10;&#9;at org.eclipse.jdt.internal.junit.runner.RemoteTestRunner.run(RemoteTestRunner.java:390)&#10;&#9;at org.codecover.juniteclipse.runner.EclipseTestRunner.main(EclipseTestRunner.java:40)" Date="1329200750760" Name="org.jfree.data.RangeTest:expandToIncludeNullRange">
<CovList>
<CovPrefix CovItemPrefix="org.jfree.data.Range.java">
<Cov CovItemId="B15" Value="1"/>
<Cov CovItemId="B2" Value="1"/>
<Cov CovItemId="S2" Value="1"/>
<Cov CovItemId="S29" Value="1"/>
<Cov CovItemId="S30" Value="1"/>
<Cov CovItemId="S5" Value="1"/>
<Cov CovItemId="S6" Value="1"/>
</CovPrefix>
</CovList>
<AssgnmntList>
<AssgnmntPrefix RootTermCovItemPrefix="org.jfree.data.Range.java">
<AssgnmntListEntry Length="1" RootTermCovItemId="C1">
<MapEntry BoolAssgnmnt="0" Value="1"/>
</AssgnmntListEntry>
<AssgnmntListEntry Length="1" RootTermCovItemId="C8">
<MapEntry BoolAssgnmnt="1" Value="1"/>
</AssgnmntListEntry>
</AssgnmntPrefix>
</AssgnmntList>
<ObjMetaDataList/>
<MetaDataList/>
</TestCase>
<TestCase Comment="" Date="1329200750762" Name="org.jfree.data.RangeTest:shiftNegShiftLeft">
<CovList>
<CovPrefix CovItemPrefix="org.jfree.data.Range.java">
<Cov CovItemId="B2" Value="3"/>
<Cov CovItemId="B24" Value="1"/>
<Cov CovItemId="B26" Value="2"/>
<Cov CovItemId="B27" Value="2"/>
<Cov CovItemId="B30" Value="1"/>
<Cov CovItemId="B32" Value="1"/>
<Cov CovItemId="B34" Value="1"/>
<Cov CovItemId="S2" Value="3"/>
<Cov CovItemId="S42" Value="1"/>
<Cov CovItemId="S43" Value="1"/>
<Cov CovItemId="S45" Value="1"/>
<Cov CovItemId="S46" Value="2"/>
<Cov CovItemId="S48" Value="2"/>
<Cov CovItemId="S49" Value="2"/>
<Cov CovItemId="S5" Value="3"/>
<Cov CovItemId="S51" Value="1"/>
<Cov CovItemId="S53" Value="1"/>
<Cov CovItemId="S54" Value="1"/>
<Cov CovItemId="S56" Value="1"/>
<Cov CovItemId="S58" Value="1"/>
<Cov CovItemId="S6" Value="3"/>
<Cov CovItemId="S7" Value="1"/>
<Cov CovItemId="S8" Value="1"/>
</CovPrefix>
</CovList>
<AssgnmntList>
<AssgnmntPrefix RootTermCovItemPrefix="org.jfree.data.Range.java">
<AssgnmntListEntry Length="1" RootTermCovItemId="C1">
<MapEntry BoolAssgnmnt="0" Value="3"/>
</AssgnmntListEntry>
<AssgnmntListEntry Length="1" RootTermCovItemId="C12">
<MapEntry BoolAssgnmnt="0" Value="1"/>
</AssgnmntListEntry>
<AssgnmntListEntry Length="1" RootTermCovItemId="C13">
<MapEntry BoolAssgnmnt="0" Value="2"/>
</AssgnmntListEntry>
<AssgnmntListEntry Length="1" RootTermCovItemId="C14">
<MapEntry BoolAssgnmnt="1" Value="2"/>
</AssgnmntListEntry>
<AssgnmntListEntry Length="1" RootTermCovItemId="C15">
<MapEntry BoolAssgnmnt="1" Value="1"/>
</AssgnmntListEntry>
<AssgnmntListEntry Length="1" RootTermCovItemId="C16">
<MapEntry BoolAssgnmnt="1" Value="1"/>
</AssgnmntListEntry>
<AssgnmntListEntry Length="1" RootTermCovItemId="C17">
<MapEntry BoolAssgnmnt="1" Value="1"/>
</AssgnmntListEntry>
</AssgnmntPrefix>
</AssgnmntList>
<ObjMetaDataList/>
<MetaDataList/>
</TestCase>
<TestCase Comment="" Date="1329200750763" Name="org.jfree.data.RangeTest:shiftZeroShiftRightLegal">
<CovList>
<CovPrefix CovItemPrefix="org.jfree.data.Range.java">
<Cov CovItemId="B2" Value="3"/>
<Cov CovItemId="B24" Value="1"/>
<Cov CovItemId="B25" Value="1"/>
<Cov CovItemId="B26" Value="1"/>
<Cov CovItemId="B28" Value="1"/>
<Cov CovItemId="B30" Value="1"/>
<Cov CovItemId="B32" Value="1"/>
<Cov CovItemId="B34" Value="1"/>
<Cov CovItemId="S2" Value="3"/>
<Cov CovItemId="S42" Value="1"/>
<Cov CovItemId="S43" Value="1"/>
<Cov CovItemId="S45" Value="1"/>
<Cov CovItemId="S46" Value="2"/>
<Cov CovItemId="S47" Value="1"/>
<Cov CovItemId="S48" Value="1"/>
<Cov CovItemId="S5" Value="3"/>
<Cov CovItemId="S50" Value="1"/>
<Cov CovItemId="S51" Value="1"/>
<Cov CovItemId="S53" Value="1"/>
<Cov CovItemId="S54" Value="1"/>
<Cov CovItemId="S56" Value="1"/>
<Cov CovItemId="S58" Value="1"/>
<Cov CovItemId="S6" Value="3"/>
<Cov CovItemId="S7" Value="1"/>
<Cov CovItemId="S8" Value="1"/>
</CovPrefix>
</CovList>
<AssgnmntList>
<AssgnmntPrefix RootTermCovItemPrefix="org.jfree.data.Range.java">
<AssgnmntListEntry Length="1" RootTermCovItemId="C1">
<MapEntry BoolAssgnmnt="0" Value="3"/>
</AssgnmntListEntry>
<AssgnmntListEntry Length="1" RootTermCovItemId="C12">
<MapEntry BoolAssgnmnt="0" Value="1"/>
</AssgnmntListEntry>
<AssgnmntListEntry Length="1" RootTermCovItemId="C13">
<MapEntry BoolAssgnmnt="0" Value="1"/>
<MapEntry BoolAssgnmnt="1" Value="1"/>
</AssgnmntListEntry>
<AssgnmntListEntry Length="1" RootTermCovItemId="C14">
<MapEntry BoolAssgnmnt="0" Value="1"/>
</AssgnmntListEntry>
<AssgnmntListEntry Length="1" RootTermCovItemId="C15">
<MapEntry BoolAssgnmnt="1" Value="1"/>
</AssgnmntListEntry>
<AssgnmntListEntry Length="1" RootTermCovItemId="C16">
<MapEntry BoolAssgnmnt="1" Value="1"/>
</AssgnmntListEntry>
<AssgnmntListEntry Length="1" RootTermCovItemId="C17">
<MapEntry BoolAssgnmnt="1" Value="1"/>
</AssgnmntListEntry>
</AssgnmntPrefix>
</AssgnmntList>
<ObjMetaDataList/>
<MetaDataList/>
</TestCase>
<TestCase Comment="" Date="1329200750763" Name="org.jfree.data.RangeTest:shiftNegShiftRightLegal">
<CovList>
<CovPrefix CovItemPrefix="org.jfree.data.Range.java">
<Cov CovItemId="B2" Value="3"/>
<Cov CovItemId="B24" Value="1"/>
<Cov CovItemId="B26" Value="2"/>
<Cov CovItemId="B27" Value="2"/>
<Cov CovItemId="B30" Value="1"/>
<Cov CovItemId="B32" Value="1"/>
<Cov CovItemId="B34" Value="1"/>
<Cov CovItemId="S2" Value="3"/>
<Cov CovItemId="S42" Value="1"/>
<Cov CovItemId="S43" Value="1"/>
<Cov CovItemId="S45" Value="1"/>
<Cov CovItemId="S46" Value="2"/>
<Cov CovItemId="S48" Value="2"/>
<Cov CovItemId="S49" Value="2"/>
<Cov CovItemId="S5" Value="3"/>
<Cov CovItemId="S51" Value="1"/>
<Cov CovItemId="S53" Value="1"/>
<Cov CovItemId="S54" Value="1"/>
<Cov CovItemId="S56" Value="1"/>
<Cov CovItemId="S58" Value="1"/>
<Cov CovItemId="S6" Value="3"/>
<Cov CovItemId="S7" Value="1"/>
<Cov CovItemId="S8" Value="1"/>
</CovPrefix>
</CovList>
<AssgnmntList>
<AssgnmntPrefix RootTermCovItemPrefix="org.jfree.data.Range.java">
<AssgnmntListEntry Length="1" RootTermCovItemId="C1">
<MapEntry BoolAssgnmnt="0" Value="3"/>
</AssgnmntListEntry>
<AssgnmntListEntry Length="1" RootTermCovItemId="C12">
<MapEntry BoolAssgnmnt="0" Value="1"/>
</AssgnmntListEntry>
<AssgnmntListEntry Length="1" RootTermCovItemId="C13">
<MapEntry BoolAssgnmnt="0" Value="2"/>
</AssgnmntListEntry>
<AssgnmntListEntry Length="1" RootTermCovItemId="C14">
<MapEntry BoolAssgnmnt="1" Value="2"/>
</AssgnmntListEntry>
<AssgnmntListEntry Length="1" RootTermCovItemId="C15">
<MapEntry BoolAssgnmnt="1" Value="1"/>
</AssgnmntListEntry>
<AssgnmntListEntry Length="1" RootTermCovItemId="C16">
<MapEntry BoolAssgnmnt="1" Value="1"/>
</AssgnmntListEntry>
<AssgnmntListEntry Length="1" RootTermCovItemId="C17">
<MapEntry BoolAssgnmnt="1" Value="1"/>
</AssgnmntListEntry>
</AssgnmntPrefix>
</AssgnmntList>
<ObjMetaDataList/>
<MetaDataList/>
</TestCase>
<TestCase Comment="Failure&#10;java.lang.AssertionError: Method should throw exception. expected:&lt;true&gt; but was:&lt;false&gt;&#10;&#9;at org.junit.Assert.fail(Assert.java:93)&#10;&#9;at org.junit.Assert.failNotEquals(Assert.java:647)&#10;&#9;at org.junit.Assert.assertEquals(Assert.java:128)&#10;&#9;at org.jfree.data.RangeTest.shiftNegShiftRightIllegal(RangeTest.java:385)&#10;&#9;at sun.reflect.NativeMethodAccessorImpl.invoke0(Native Method)&#10;&#9;at sun.reflect.NativeMethodAccessorImpl.invoke(NativeMethodAccessorImpl.java:39)&#10;&#9;at sun.reflect.DelegatingMethodAccessorImpl.invoke(DelegatingMethodAccessorImpl.java:25)&#10;&#9;at java.lang.reflect.Method.invoke(Method.java:597)&#10;&#9;at org.junit.runners.model.FrameworkMethod$1.runReflectiveCall(FrameworkMethod.java:45)&#10;&#9;at org.junit.internal.runners.model.ReflectiveCallable.run(ReflectiveCallable.java:15)&#10;&#9;at org.junit.runners.model.FrameworkMethod.invokeExplosively(FrameworkMethod.java:42)&#10;&#9;at org.junit.internal.runners.statements.InvokeMethod.evaluate(InvokeMethod.java:20)&#10;&#9;at org.junit.runners.ParentRunner.runLeaf(ParentRunner.java:263)&#10;&#9;at org.junit.runners.BlockJUnit4ClassRunner.runChild(BlockJUnit4ClassRunner.java:68)&#10;&#9;at org.junit.runners.BlockJUnit4ClassRunner.runChild(BlockJUnit4ClassRunner.java:47)&#10;&#9;at org.junit.runners.ParentRunner$3.run(ParentRunner.java:231)&#10;&#9;at org.junit.runners.ParentRunner$1.schedule(ParentRunner.java:60)&#10;&#9;at org.junit.runners.ParentRunner.runChildren(ParentRunner.java:229)&#10;&#9;at org.junit.runners.ParentRunner.access$000(ParentRunner.java:50)&#10;&#9;at org.junit.runners.ParentRunner$2.evaluate(ParentRunner.java:222)&#10;&#9;at org.junit.runners.ParentRunner.run(ParentRunner.java:300)&#10;&#9;at org.eclipse.jdt.internal.junit4.runner.JUnit4TestReference.run(JUnit4TestReference.java:49)&#10;&#9;at org.eclipse.jdt.internal.junit.runner.TestExecution.run(TestExecution.java:38)&#10;&#9;at org.eclipse.jdt.internal.junit.runner.RemoteTestRunner.runTests(RemoteTestRunner.java:467)&#10;&#9;at org.eclipse.jdt.internal.junit.runner.RemoteTestRunner.runTests(RemoteTestRunner.java:683)&#10;&#9;at org.eclipse.jdt.internal.junit.runner.RemoteTestRunner.run(RemoteTestRunner.java:390)&#10;&#9;at org.codecover.juniteclipse.runner.EclipseTestRunner.main(EclipseTestRunner.java:40)" Date="1329200750764" Name="org.jfree.data.RangeTest:shiftNegShiftRightIllegal">
<CovList>
<CovPrefix CovItemPrefix="org.jfree.data.Range.java">
<Cov CovItemId="B2" Value="2"/>
<Cov CovItemId="B24" Value="1"/>
<Cov CovItemId="B26" Value="2"/>
<Cov CovItemId="B27" Value="2"/>
<Cov CovItemId="S2" Value="2"/>
<Cov CovItemId="S42" Value="1"/>
<Cov CovItemId="S43" Value="1"/>
<Cov CovItemId="S45" Value="1"/>
<Cov CovItemId="S46" Value="2"/>
<Cov CovItemId="S48" Value="2"/>
<Cov CovItemId="S49" Value="2"/>
<Cov CovItemId="S5" Value="2"/>
<Cov CovItemId="S6" Value="2"/>
<Cov CovItemId="S7" Value="1"/>
<Cov CovItemId="S8" Value="1"/>
</CovPrefix>
</CovList>
<AssgnmntList>
<AssgnmntPrefix RootTermCovItemPrefix="org.jfree.data.Range.java">
<AssgnmntListEntry Length="1" RootTermCovItemId="C1">
<MapEntry BoolAssgnmnt="0" Value="2"/>
</AssgnmntListEntry>
<AssgnmntListEntry Length="1" RootTermCovItemId="C12">
<MapEntry BoolAssgnmnt="0" Value="1"/>
</AssgnmntListEntry>
<AssgnmntListEntry Length="1" RootTermCovItemId="C13">
<MapEntry BoolAssgnmnt="0" Value="2"/>
</AssgnmntListEntry>
<AssgnmntListEntry Length="1" RootTermCovItemId="C14">
<MapEntry BoolAssgnmnt="1" Value="2"/>
</AssgnmntListEntry>
</AssgnmntPrefix>
</AssgnmntList>
<ObjMetaDataList/>
<MetaDataList/>
</TestCase>
<TestCase Comment="Failure&#10;java.lang.AssertionError: Method should throw exception. expected:&lt;true&gt; but was:&lt;false&gt;&#10;&#9;at org.junit.Assert.fail(Assert.java:93)&#10;&#9;at org.junit.Assert.failNotEquals(Assert.java:647)&#10;&#9;at org.junit.Assert.assertEquals(Assert.java:128)&#10;&#9;at org.jfree.data.RangeTest.shiftNegShiftForUpperEqualsOne(RangeTest.java:399)&#10;&#9;at sun.reflect.NativeMethodAccessorImpl.invoke0(Native Method)&#10;&#9;at sun.reflect.NativeMethodAccessorImpl.invoke(NativeMethodAccessorImpl.java:39)&#10;&#9;at sun.reflect.DelegatingMethodAccessorImpl.invoke(DelegatingMethodAccessorImpl.java:25)&#10;&#9;at java.lang.reflect.Method.invoke(Method.java:597)&#10;&#9;at org.junit.runners.model.FrameworkMethod$1.runReflectiveCall(FrameworkMethod.java:45)&#10;&#9;at org.junit.internal.runners.model.ReflectiveCallable.run(ReflectiveCallable.java:15)&#10;&#9;at org.junit.runners.model.FrameworkMethod.invokeExplosively(FrameworkMethod.java:42)&#10;&#9;at org.junit.internal.runners.statements.InvokeMethod.evaluate(InvokeMethod.java:20)&#10;&#9;at org.junit.runners.ParentRunner.runLeaf(ParentRunner.java:263)&#10;&#9;at org.junit.runners.BlockJUnit4ClassRunner.runChild(BlockJUnit4ClassRunner.java:68)&#10;&#9;at org.junit.runners.BlockJUnit4ClassRunner.runChild(BlockJUnit4ClassRunner.java:47)&#10;&#9;at org.junit.runners.ParentRunner$3.run(ParentRunner.java:231)&#10;&#9;at org.junit.runners.ParentRunner$1.schedule(ParentRunner.java:60)&#10;&#9;at org.junit.runners.ParentRunner.runChildren(ParentRunner.java:229)&#10;&#9;at org.junit.runners.ParentRunner.access$000(ParentRunner.java:50)&#10;&#9;at org.junit.runners.ParentRunner$2.evaluate(ParentRunner.java:222)&#10;&#9;at org.junit.runners.ParentRunner.run(ParentRunner.java:300)&#10;&#9;at org.eclipse.jdt.internal.junit4.runner.JUnit4TestReference.run(JUnit4TestReference.java:49)&#10;&#9;at org.eclipse.jdt.internal.junit.runner.TestExecution.run(TestExecution.java:38)&#10;&#9;at org.eclipse.jdt.internal.junit.runner.RemoteTestRunner.runTests(RemoteTestRunner.java:467)&#10;&#9;at org.eclipse.jdt.internal.junit.runner.RemoteTestRunner.runTests(RemoteTestRunner.java:683)&#10;&#9;at org.eclipse.jdt.internal.junit.runner.RemoteTestRunner.run(RemoteTestRunner.java:390)&#10;&#9;at org.codecover.juniteclipse.runner.EclipseTestRunner.main(EclipseTestRunner.java:40)" Date="1329200750766" Name="org.jfree.data.RangeTest:shiftNegShiftForUpperEqualsOne">
<CovList>
<CovPrefix CovItemPrefix="org.jfree.data.Range.java">
<Cov CovItemId="B2" Value="2"/>
<Cov CovItemId="B24" Value="1"/>
<Cov CovItemId="B26" Value="2"/>
<Cov CovItemId="B27" Value="2"/>
<Cov CovItemId="S2" Value="2"/>
<Cov CovItemId="S42" Value="1"/>
<Cov CovItemId="S43" Value="1"/>
<Cov CovItemId="S45" Value="1"/>
<Cov CovItemId="S46" Value="2"/>
<Cov CovItemId="S48" Value="2"/>
<Cov CovItemId="S49" Value="2"/>
<Cov CovItemId="S5" Value="2"/>
<Cov CovItemId="S6" Value="2"/>
<Cov CovItemId="S7" Value="1"/>
<Cov CovItemId="S8" Value="1"/>
</CovPrefix>
</CovList>
<AssgnmntList>
<AssgnmntPrefix RootTermCovItemPrefix="org.jfree.data.Range.java">
<AssgnmntListEntry Length="1" RootTermCovItemId="C1">
<MapEntry BoolAssgnmnt="0" Value="2"/>
</AssgnmntListEntry>
<AssgnmntListEntry Length="1" RootTermCovItemId="C12">
<MapEntry BoolAssgnmnt="0" Value="1"/>
</AssgnmntListEntry>
<AssgnmntListEntry Length="1" RootTermCovItemId="C13">
<MapEntry BoolAssgnmnt="0" Value="2"/>
</AssgnmntListEntry>
<AssgnmntListEntry Length="1" RootTermCovItemId="C14">
<MapEntry BoolAssgnmnt="1" Value="2"/>
</AssgnmntListEntry>
</AssgnmntPrefix>
</AssgnmntList>
<ObjMetaDataList/>
<MetaDataList/>
</TestCase>
<TestCase Comment="" Date="1329200750767" Name="org.jfree.data.RangeTest:shiftNegShiftForUpperEqualsZero">
<CovList>
<CovPrefix CovItemPrefix="org.jfree.data.Range.java">
<Cov CovItemId="B2" Value="3"/>
<Cov CovItemId="B24" Value="1"/>
<Cov CovItemId="B26" Value="2"/>
<Cov CovItemId="B27" Value="2"/>
<Cov CovItemId="B30" Value="1"/>
<Cov CovItemId="B32" Value="1"/>
<Cov CovItemId="B34" Value="1"/>
<Cov CovItemId="S2" Value="3"/>
<Cov CovItemId="S42" Value="1"/>
<Cov CovItemId="S43" Value="1"/>
<Cov CovItemId="S45" Value="1"/>
<Cov CovItemId="S46" Value="2"/>
<Cov CovItemId="S48" Value="2"/>
<Cov CovItemId="S49" Value="2"/>
<Cov CovItemId="S5" Value="3"/>
<Cov CovItemId="S51" Value="1"/>
<Cov CovItemId="S53" Value="1"/>
<Cov CovItemId="S54" Value="1"/>
<Cov CovItemId="S56" Value="1"/>
<Cov CovItemId="S58" Value="1"/>
<Cov CovItemId="S6" Value="3"/>
<Cov CovItemId="S7" Value="1"/>
<Cov CovItemId="S8" Value="1"/>
</CovPrefix>
</CovList>
<AssgnmntList>
<AssgnmntPrefix RootTermCovItemPrefix="org.jfree.data.Range.java">
<AssgnmntListEntry Length="1" RootTermCovItemId="C1">
<MapEntry BoolAssgnmnt="0" Value="3"/>
</AssgnmntListEntry>
<AssgnmntListEntry Length="1" RootTermCovItemId="C12">
<MapEntry BoolAssgnmnt="0" Value="1"/>
</AssgnmntListEntry>
<AssgnmntListEntry Length="1" RootTermCovItemId="C13">
<MapEntry BoolAssgnmnt="0" Value="2"/>
</AssgnmntListEntry>
<AssgnmntListEntry Length="1" RootTermCovItemId="C14">
<MapEntry BoolAssgnmnt="1" Value="2"/>
</AssgnmntListEntry>
<AssgnmntListEntry Length="1" RootTermCovItemId="C15">
<MapEntry BoolAssgnmnt="1" Value="1"/>
</AssgnmntListEntry>
<AssgnmntListEntry Length="1" RootTermCovItemId="C16">
<MapEntry BoolAssgnmnt="1" Value="1"/>
</AssgnmntListEntry>
<AssgnmntListEntry Length="1" RootTermCovItemId="C17">
<MapEntry BoolAssgnmnt="1" Value="1"/>
</AssgnmntListEntry>
</AssgnmntPrefix>
</AssgnmntList>
<ObjMetaDataList/>
<MetaDataList/>
</TestCase>
<TestCase Comment="" Date="1329200750781" Name="org.jfree.data.RangeTest:shiftPosShiftRight">
<CovList>
<CovPrefix CovItemPrefix="org.jfree.data.Range.java">
<Cov CovItemId="B2" Value="3"/>
<Cov CovItemId="B24" Value="1"/>
<Cov CovItemId="B25" Value="2"/>
<Cov CovItemId="B30" Value="1"/>
<Cov CovItemId="B32" Value="1"/>
<Cov CovItemId="B34" Value="1"/>
<Cov CovItemId="S2" Value="3"/>
<Cov CovItemId="S42" Value="1"/>
<Cov CovItemId="S43" Value="1"/>
<Cov CovItemId="S45" Value="1"/>
<Cov CovItemId="S46" Value="2"/>
<Cov CovItemId="S47" Value="2"/>
<Cov CovItemId="S5" Value="3"/>
<Cov CovItemId="S51" Value="1"/>
<Cov CovItemId="S53" Value="1"/>
<Cov CovItemId="S54" Value="1"/>
<Cov CovItemId="S56" Value="1"/>
<Cov CovItemId="S58" Value="1"/>
<Cov CovItemId="S6" Value="3"/>
<Cov CovItemId="S7" Value="1"/>
<Cov CovItemId="S8" Value="1"/>
</CovPrefix>
</CovList>
<AssgnmntList>
<AssgnmntPrefix RootTermCovItemPrefix="org.jfree.data.Range.java">
<AssgnmntListEntry Length="1" RootTermCovItemId="C1">
<MapEntry BoolAssgnmnt="0" Value="3"/>
</AssgnmntListEntry>
<AssgnmntListEntry Length="1" RootTermCovItemId="C12">
<MapEntry BoolAssgnmnt="0" Value="1"/>
</AssgnmntListEntry>
<AssgnmntListEntry Length="1" RootTermCovItemId="C13">
<MapEntry BoolAssgnmnt="1" Value="2"/>
</AssgnmntListEntry>
<AssgnmntListEntry Length="1" RootTermCovItemId="C15">
<MapEntry BoolAssgnmnt="1" Value="1"/>
</AssgnmntListEntry>
<AssgnmntListEntry Length="1" RootTermCovItemId="C16">
<MapEntry BoolAssgnmnt="1" Value="1"/>
</AssgnmntListEntry>
<AssgnmntListEntry Length="1" RootTermCovItemId="C17">
<MapEntry BoolAssgnmnt="1" Value="1"/>
</AssgnmntListEntry>
</AssgnmntPrefix>
</AssgnmntList>
<ObjMetaDataList/>
<MetaDataList/>
</TestCase>
<TestCase Comment="" Date="1329200750915" Name="org.jfree.data.RangeTest:shiftPosShiftLeftLegal">
<CovList>
<CovPrefix CovItemPrefix="org.jfree.data.Range.java">
<Cov CovItemId="B2" Value="3"/>
<Cov CovItemId="B24" Value="1"/>
<Cov CovItemId="B25" Value="2"/>
<Cov CovItemId="B30" Value="1"/>
<Cov CovItemId="B32" Value="1"/>
<Cov CovItemId="B34" Value="1"/>
<Cov CovItemId="S2" Value="3"/>
<Cov CovItemId="S42" Value="1"/>
<Cov CovItemId="S43" Value="1"/>
<Cov CovItemId="S45" Value="1"/>
<Cov CovItemId="S46" Value="2"/>
<Cov CovItemId="S47" Value="2"/>
<Cov CovItemId="S5" Value="3"/>
<Cov CovItemId="S51" Value="1"/>
<Cov CovItemId="S53" Value="1"/>
<Cov CovItemId="S54" Value="1"/>
<Cov CovItemId="S56" Value="1"/>
<Cov CovItemId="S58" Value="1"/>
<Cov CovItemId="S6" Value="3"/>
<Cov CovItemId="S7" Value="1"/>
<Cov CovItemId="S8" Value="1"/>
</CovPrefix>
</CovList>
<AssgnmntList>
<AssgnmntPrefix RootTermCovItemPrefix="org.jfree.data.Range.java">
<AssgnmntListEntry Length="1" RootTermCovItemId="C1">
<MapEntry BoolAssgnmnt="0" Value="3"/>
</AssgnmntListEntry>
<AssgnmntListEntry Length="1" RootTermCovItemId="C12">
<MapEntry BoolAssgnmnt="0" Value="1"/>
</AssgnmntListEntry>
<AssgnmntListEntry Length="1" RootTermCovItemId="C13">
<MapEntry BoolAssgnmnt="1" Value="2"/>
</AssgnmntListEntry>
<AssgnmntListEntry Length="1" RootTermCovItemId="C15">
<MapEntry BoolAssgnmnt="1" Value="1"/>
</AssgnmntListEntry>
<AssgnmntListEntry Length="1" RootTermCovItemId="C16">
<MapEntry BoolAssgnmnt="1" Value="1"/>
</AssgnmntListEntry>
<AssgnmntListEntry Length="1" RootTermCovItemId="C17">
<MapEntry BoolAssgnmnt="1" Value="1"/>
</AssgnmntListEntry>
</AssgnmntPrefix>
</AssgnmntList>
<ObjMetaDataList/>
<MetaDataList/>
</TestCase>
<TestCase Comment="Failure&#10;java.lang.AssertionError: Method should throw exception. expected:&lt;true&gt; but was:&lt;false&gt;&#10;&#9;at org.junit.Assert.fail(Assert.java:93)&#10;&#9;at org.junit.Assert.failNotEquals(Assert.java:647)&#10;&#9;at org.junit.Assert.assertEquals(Assert.java:128)&#10;&#9;at org.jfree.data.RangeTest.shiftPosShiftLeftIllegal(RangeTest.java:443)&#10;&#9;at sun.reflect.NativeMethodAccessorImpl.invoke0(Native Method)&#10;&#9;at sun.reflect.NativeMethodAccessorImpl.invoke(NativeMethodAccessorImpl.java:39)&#10;&#9;at sun.reflect.DelegatingMethodAccessorImpl.invoke(DelegatingMethodAccessorImpl.java:25)&#10;&#9;at java.lang.reflect.Method.invoke(Method.java:597)&#10;&#9;at org.junit.runners.model.FrameworkMethod$1.runReflectiveCall(FrameworkMethod.java:45)&#10;&#9;at org.junit.internal.runners.model.ReflectiveCallable.run(ReflectiveCallable.java:15)&#10;&#9;at org.junit.runners.model.FrameworkMethod.invokeExplosively(FrameworkMethod.java:42)&#10;&#9;at org.junit.internal.runners.statements.InvokeMethod.evaluate(InvokeMethod.java:20)&#10;&#9;at org.junit.runners.ParentRunner.runLeaf(ParentRunner.java:263)&#10;&#9;at org.junit.runners.BlockJUnit4ClassRunner.runChild(BlockJUnit4ClassRunner.java:68)&#10;&#9;at org.junit.runners.BlockJUnit4ClassRunner.runChild(BlockJUnit4ClassRunner.java:47)&#10;&#9;at org.junit.runners.ParentRunner$3.run(ParentRunner.java:231)&#10;&#9;at org.junit.runners.ParentRunner$1.schedule(ParentRunner.java:60)&#10;&#9;at org.junit.runners.ParentRunner.runChildren(ParentRunner.java:229)&#10;&#9;at org.junit.runners.ParentRunner.access$000(ParentRunner.java:50)&#10;&#9;at org.junit.runners.ParentRunner$2.evaluate(ParentRunner.java:222)&#10;&#9;at org.junit.runners.ParentRunner.run(ParentRunner.java:300)&#10;&#9;at org.eclipse.jdt.internal.junit4.runner.JUnit4TestReference.run(JUnit4TestReference.java:49)&#10;&#9;at org.eclipse.jdt.internal.junit.runner.TestExecution.run(TestExecution.java:38)&#10;&#9;at org.eclipse.jdt.internal.junit.runner.RemoteTestRunner.runTests(RemoteTestRunner.java:467)&#10;&#9;at org.eclipse.jdt.internal.junit.runner.RemoteTestRunner.runTests(RemoteTestRunner.java:683)&#10;&#9;at org.eclipse.jdt.internal.junit.runner.RemoteTestRunner.run(RemoteTestRunner.java:390)&#10;&#9;at org.codecover.juniteclipse.runner.EclipseTestRunner.main(EclipseTestRunner.java:40)" Date="1329200750916" Name="org.jfree.data.RangeTest:shiftPosShiftLeftIllegal">
<CovList>
<CovPrefix CovItemPrefix="org.jfree.data.Range.java">
<Cov CovItemId="B2" Value="2"/>
<Cov CovItemId="B24" Value="1"/>
<Cov CovItemId="B25" Value="2"/>
<Cov CovItemId="S2" Value="2"/>
<Cov CovItemId="S42" Value="1"/>
<Cov CovItemId="S43" Value="1"/>
<Cov CovItemId="S45" Value="1"/>
<Cov CovItemId="S46" Value="2"/>
<Cov CovItemId="S47" Value="2"/>
<Cov CovItemId="S5" Value="2"/>
<Cov CovItemId="S6" Value="2"/>
<Cov CovItemId="S7" Value="1"/>
<Cov CovItemId="S8" Value="1"/>
</CovPrefix>
</CovList>
<AssgnmntList>
<AssgnmntPrefix RootTermCovItemPrefix="org.jfree.data.Range.java">
<AssgnmntListEntry Length="1" RootTermCovItemId="C1">
<MapEntry BoolAssgnmnt="0" Value="2"/>
</AssgnmntListEntry>
<AssgnmntListEntry Length="1" RootTermCovItemId="C12">
<MapEntry BoolAssgnmnt="0" Value="1"/>
</AssgnmntListEntry>
<AssgnmntListEntry Length="1" RootTermCovItemId="C13">
<MapEntry BoolAssgnmnt="1" Value="2"/>
</AssgnmntListEntry>
</AssgnmntPrefix>
</AssgnmntList>
<ObjMetaDataList/>
<MetaDataList/>
</TestCase>
<TestCase Comment="Failure&#10;java.lang.AssertionError: Method should throw exception. expected:&lt;true&gt; but was:&lt;false&gt;&#10;&#9;at org.junit.Assert.fail(Assert.java:93)&#10;&#9;at org.junit.Assert.failNotEquals(Assert.java:647)&#10;&#9;at org.junit.Assert.assertEquals(Assert.java:128)&#10;&#9;at org.jfree.data.RangeTest.shiftPosShiftForLowerEqualMinusOne(RangeTest.java:457)&#10;&#9;at sun.reflect.NativeMethodAccessorImpl.invoke0(Native Method)&#10;&#9;at sun.reflect.NativeMethodAccessorImpl.invoke(NativeMethodAccessorImpl.java:39)&#10;&#9;at sun.reflect.DelegatingMethodAccessorImpl.invoke(DelegatingMethodAccessorImpl.java:25)&#10;&#9;at java.lang.reflect.Method.invoke(Method.java:597)&#10;&#9;at org.junit.runners.model.FrameworkMethod$1.runReflectiveCall(FrameworkMethod.java:45)&#10;&#9;at org.junit.internal.runners.model.ReflectiveCallable.run(ReflectiveCallable.java:15)&#10;&#9;at org.junit.runners.model.FrameworkMethod.invokeExplosively(FrameworkMethod.java:42)&#10;&#9;at org.junit.internal.runners.statements.InvokeMethod.evaluate(InvokeMethod.java:20)&#10;&#9;at org.junit.runners.ParentRunner.runLeaf(ParentRunner.java:263)&#10;&#9;at org.junit.runners.BlockJUnit4ClassRunner.runChild(BlockJUnit4ClassRunner.java:68)&#10;&#9;at org.junit.runners.BlockJUnit4ClassRunner.runChild(BlockJUnit4ClassRunner.java:47)&#10;&#9;at org.junit.runners.ParentRunner$3.run(ParentRunner.java:231)&#10;&#9;at org.junit.runners.ParentRunner$1.schedule(ParentRunner.java:60)&#10;&#9;at org.junit.runners.ParentRunner.runChildren(ParentRunner.java:229)&#10;&#9;at org.junit.runners.ParentRunner.access$000(ParentRunner.java:50)&#10;&#9;at org.junit.runners.ParentRunner$2.evaluate(ParentRunner.java:222)&#10;&#9;at org.junit.runners.ParentRunner.run(ParentRunner.java:300)&#10;&#9;at org.eclipse.jdt.internal.junit4.runner.JUnit4TestReference.run(JUnit4TestReference.java:49)&#10;&#9;at org.eclipse.jdt.internal.junit.runner.TestExecution.run(TestExecution.java:38)&#10;&#9;at org.eclipse.jdt.internal.junit.runner.RemoteTestRunner.runTests(RemoteTestRunner.java:467)&#10;&#9;at org.eclipse.jdt.internal.junit.runner.RemoteTestRunner.runTests(RemoteTestRunner.java:683)&#10;&#9;at org.eclipse.jdt.internal.junit.runner.RemoteTestRunner.run(RemoteTestRunner.java:390)&#10;&#9;at org.codecover.juniteclipse.runner.EclipseTestRunner.main(EclipseTestRunner.java:40)" Date="1329200750918" Name="org.jfree.data.RangeTest:shiftPosShiftForLowerEqualMinusOne">
<CovList>
<CovPrefix CovItemPrefix="org.jfree.data.Range.java">
<Cov CovItemId="B2" Value="2"/>
<Cov CovItemId="B24" Value="1"/>
<Cov CovItemId="B25" Value="2"/>
<Cov CovItemId="S2" Value="2"/>
<Cov CovItemId="S42" Value="1"/>
<Cov CovItemId="S43" Value="1"/>
<Cov CovItemId="S45" Value="1"/>
<Cov CovItemId="S46" Value="2"/>
<Cov CovItemId="S47" Value="2"/>
<Cov CovItemId="S5" Value="2"/>
<Cov CovItemId="S6" Value="2"/>
<Cov CovItemId="S7" Value="1"/>
<Cov CovItemId="S8" Value="1"/>
</CovPrefix>
</CovList>
<AssgnmntList>
<AssgnmntPrefix RootTermCovItemPrefix="org.jfree.data.Range.java">
<AssgnmntListEntry Length="1" RootTermCovItemId="C1">
<MapEntry BoolAssgnmnt="0" Value="2"/>
</AssgnmntListEntry>
<AssgnmntListEntry Length="1" RootTermCovItemId="C12">
<MapEntry BoolAssgnmnt="0" Value="1"/>
</AssgnmntListEntry>
<AssgnmntListEntry Length="1" RootTermCovItemId="C13">
<MapEntry BoolAssgnmnt="1" Value="2"/>
</AssgnmntListEntry>
</AssgnmntPrefix>
</AssgnmntList>
<ObjMetaDataList/>
<MetaDataList/>
</TestCase>
<TestCase Comment="" Date="1329200750925" Name="org.jfree.data.RangeTest:shiftPosShiftForLowerEqualZero">
<CovList>
<CovPrefix CovItemPrefix="org.jfree.data.Range.java">
<Cov CovItemId="B2" Value="3"/>
<Cov CovItemId="B24" Value="1"/>
<Cov CovItemId="B25" Value="2"/>
<Cov CovItemId="B30" Value="1"/>
<Cov CovItemId="B32" Value="1"/>
<Cov CovItemId="B34" Value="1"/>
<Cov CovItemId="S2" Value="3"/>
<Cov CovItemId="S42" Value="1"/>
<Cov CovItemId="S43" Value="1"/>
<Cov CovItemId="S45" Value="1"/>
<Cov CovItemId="S46" Value="2"/>
<Cov CovItemId="S47" Value="2"/>
<Cov CovItemId="S5" Value="3"/>
<Cov CovItemId="S51" Value="1"/>
<Cov CovItemId="S53" Value="1"/>
<Cov CovItemId="S54" Value="1"/>
<Cov CovItemId="S56" Value="1"/>
<Cov CovItemId="S58" Value="1"/>
<Cov CovItemId="S6" Value="3"/>
<Cov CovItemId="S7" Value="1"/>
<Cov CovItemId="S8" Value="1"/>
</CovPrefix>
</CovList>
<AssgnmntList>
<AssgnmntPrefix RootTermCovItemPrefix="org.jfree.data.Range.java">
<AssgnmntListEntry Length="1" RootTermCovItemId="C1">
<MapEntry BoolAssgnmnt="0" Value="3"/>
</AssgnmntListEntry>
<AssgnmntListEntry Length="1" RootTermCovItemId="C12">
<MapEntry BoolAssgnmnt="0" Value="1"/>
</AssgnmntListEntry>
<AssgnmntListEntry Length="1" RootTermCovItemId="C13">
<MapEntry BoolAssgnmnt="1" Value="2"/>
</AssgnmntListEntry>
<AssgnmntListEntry Length="1" RootTermCovItemId="C15">
<MapEntry BoolAssgnmnt="1" Value="1"/>
</AssgnmntListEntry>
<AssgnmntListEntry Length="1" RootTermCovItemId="C16">
<MapEntry BoolAssgnmnt="1" Value="1"/>
</AssgnmntListEntry>
<AssgnmntListEntry Length="1" RootTermCovItemId="C17">
<MapEntry BoolAssgnmnt="1" Value="1"/>
</AssgnmntListEntry>
</AssgnmntPrefix>
</AssgnmntList>
<ObjMetaDataList/>
<MetaDataList/>
</TestCase>
<TestCase Comment="" Date="1329200750927" Name="org.jfree.data.RangeTest:shiftCenterShiftLeftLegal">
<CovList>
<CovPrefix CovItemPrefix="org.jfree.data.Range.java">
<Cov CovItemId="B2" Value="3"/>
<Cov CovItemId="B24" Value="1"/>
<Cov CovItemId="B25" Value="1"/>
<Cov CovItemId="B26" Value="1"/>
<Cov CovItemId="B27" Value="1"/>
<Cov CovItemId="B30" Value="1"/>
<Cov CovItemId="B32" Value="1"/>
<Cov CovItemId="B34" Value="1"/>
<Cov CovItemId="S2" Value="3"/>
<Cov CovItemId="S42" Value="1"/>
<Cov CovItemId="S43" Value="1"/>
<Cov CovItemId="S45" Value="1"/>
<Cov CovItemId="S46" Value="2"/>
<Cov CovItemId="S47" Value="1"/>
<Cov CovItemId="S48" Value="1"/>
<Cov CovItemId="S49" Value="1"/>
<Cov CovItemId="S5" Value="3"/>
<Cov CovItemId="S51" Value="1"/>
<Cov CovItemId="S53" Value="1"/>
<Cov CovItemId="S54" Value="1"/>
<Cov CovItemId="S56" Value="1"/>
<Cov CovItemId="S58" Value="1"/>
<Cov CovItemId="S6" Value="3"/>
<Cov CovItemId="S7" Value="1"/>
<Cov CovItemId="S8" Value="1"/>
</CovPrefix>
</CovList>
<AssgnmntList>
<AssgnmntPrefix RootTermCovItemPrefix="org.jfree.data.Range.java">
<AssgnmntListEntry Length="1" RootTermCovItemId="C1">
<MapEntry BoolAssgnmnt="0" Value="3"/>
</AssgnmntListEntry>
<AssgnmntListEntry Length="1" RootTermCovItemId="C12">
<MapEntry BoolAssgnmnt="0" Value="1"/>
</AssgnmntListEntry>
<AssgnmntListEntry Length="1" RootTermCovItemId="C13">
<MapEntry BoolAssgnmnt="0" Value="1"/>
<MapEntry BoolAssgnmnt="1" Value="1"/>
</AssgnmntListEntry>
<AssgnmntListEntry Length="1" RootTermCovItemId="C14">
<MapEntry BoolAssgnmnt="1" Value="1"/>
</AssgnmntListEntry>
<AssgnmntListEntry Length="1" RootTermCovItemId="C15">
<MapEntry BoolAssgnmnt="1" Value="1"/>
</AssgnmntListEntry>
<AssgnmntListEntry Length="1" RootTermCovItemId="C16">
<MapEntry BoolAssgnmnt="1" Value="1"/>
</AssgnmntListEntry>
<AssgnmntListEntry Length="1" RootTermCovItemId="C17">
<MapEntry BoolAssgnmnt="1" Value="1"/>
</AssgnmntListEntry>
</AssgnmntPrefix>
</AssgnmntList>
<ObjMetaDataList/>
<MetaDataList/>
</TestCase>
<TestCase Comment="" Date="1329200750928" Name="org.jfree.data.RangeTest:shiftCenterShiftRightLegal">
<CovList>
<CovPrefix CovItemPrefix="org.jfree.data.Range.java">
<Cov CovItemId="B2" Value="3"/>
<Cov CovItemId="B24" Value="1"/>
<Cov CovItemId="B25" Value="1"/>
<Cov CovItemId="B26" Value="1"/>
<Cov CovItemId="B27" Value="1"/>
<Cov CovItemId="B30" Value="1"/>
<Cov CovItemId="B32" Value="1"/>
<Cov CovItemId="B34" Value="1"/>
<Cov CovItemId="S2" Value="3"/>
<Cov CovItemId="S42" Value="1"/>
<Cov CovItemId="S43" Value="1"/>
<Cov CovItemId="S45" Value="1"/>
<Cov CovItemId="S46" Value="2"/>
<Cov CovItemId="S47" Value="1"/>
<Cov CovItemId="S48" Value="1"/>
<Cov CovItemId="S49" Value="1"/>
<Cov CovItemId="S5" Value="3"/>
<Cov CovItemId="S51" Value="1"/>
<Cov CovItemId="S53" Value="1"/>
<Cov CovItemId="S54" Value="1"/>
<Cov CovItemId="S56" Value="1"/>
<Cov CovItemId="S58" Value="1"/>
<Cov CovItemId="S6" Value="3"/>
<Cov CovItemId="S7" Value="1"/>
<Cov CovItemId="S8" Value="1"/>
</CovPrefix>
</CovList>
<AssgnmntList>
<AssgnmntPrefix RootTermCovItemPrefix="org.jfree.data.Range.java">
<AssgnmntListEntry Length="1" RootTermCovItemId="C1">
<MapEntry BoolAssgnmnt="0" Value="3"/>
</AssgnmntListEntry>
<AssgnmntListEntry Length="1" RootTermCovItemId="C12">
<MapEntry BoolAssgnmnt="0" Value="1"/>
</AssgnmntListEntry>
<AssgnmntListEntry Length="1" RootTermCovItemId="C13">
<MapEntry BoolAssgnmnt="0" Value="1"/>
<MapEntry BoolAssgnmnt="1" Value="1"/>
</AssgnmntListEntry>
<AssgnmntListEntry Length="1" RootTermCovItemId="C14">
<MapEntry BoolAssgnmnt="1" Value="1"/>
</AssgnmntListEntry>
<AssgnmntListEntry Length="1" RootTermCovItemId="C15">
<MapEntry BoolAssgnmnt="1" Value="1"/>
</AssgnmntListEntry>
<AssgnmntListEntry Length="1" RootTermCovItemId="C16">
<MapEntry BoolAssgnmnt="1" Value="1"/>
</AssgnmntListEntry>
<AssgnmntListEntry Length="1" RootTermCovItemId="C17">
<MapEntry BoolAssgnmnt="1" Value="1"/>
</AssgnmntListEntry>
</AssgnmntPrefix>
</AssgnmntList>
<ObjMetaDataList/>
<MetaDataList/>
</TestCase>
<TestCase Comment="Failure&#10;java.lang.AssertionError: Method should throw exception. expected:&lt;true&gt; but was:&lt;false&gt;&#10;&#9;at org.junit.Assert.fail(Assert.java:93)&#10;&#9;at org.junit.Assert.failNotEquals(Assert.java:647)&#10;&#9;at org.junit.Assert.assertEquals(Assert.java:128)&#10;&#9;at org.jfree.data.RangeTest.shiftCenterShiftLeftIllegal(RangeTest.java:501)&#10;&#9;at sun.reflect.NativeMethodAccessorImpl.invoke0(Native Method)&#10;&#9;at sun.reflect.NativeMethodAccessorImpl.invoke(NativeMethodAccessorImpl.java:39)&#10;&#9;at sun.reflect.DelegatingMethodAccessorImpl.invoke(DelegatingMethodAccessorImpl.java:25)&#10;&#9;at java.lang.reflect.Method.invoke(Method.java:597)&#10;&#9;at org.junit.runners.model.FrameworkMethod$1.runReflectiveCall(FrameworkMethod.java:45)&#10;&#9;at org.junit.internal.runners.model.ReflectiveCallable.run(ReflectiveCallable.java:15)&#10;&#9;at org.junit.runners.model.FrameworkMethod.invokeExplosively(FrameworkMethod.java:42)&#10;&#9;at org.junit.internal.runners.statements.InvokeMethod.evaluate(InvokeMethod.java:20)&#10;&#9;at org.junit.runners.ParentRunner.runLeaf(ParentRunner.java:263)&#10;&#9;at org.junit.runners.BlockJUnit4ClassRunner.runChild(BlockJUnit4ClassRunner.java:68)&#10;&#9;at org.junit.runners.BlockJUnit4ClassRunner.runChild(BlockJUnit4ClassRunner.java:47)&#10;&#9;at org.junit.runners.ParentRunner$3.run(ParentRunner.java:231)&#10;&#9;at org.junit.runners.ParentRunner$1.schedule(ParentRunner.java:60)&#10;&#9;at org.junit.runners.ParentRunner.runChildren(ParentRunner.java:229)&#10;&#9;at org.junit.runners.ParentRunner.access$000(ParentRunner.java:50)&#10;&#9;at org.junit.runners.ParentRunner$2.evaluate(ParentRunner.java:222)&#10;&#9;at org.junit.runners.ParentRunner.run(ParentRunner.java:300)&#10;&#9;at org.eclipse.jdt.internal.junit4.runner.JUnit4TestReference.run(JUnit4TestReference.java:49)&#10;&#9;at org.eclipse.jdt.internal.junit.runner.TestExecution.run(TestExecution.java:38)&#10;&#9;at org.eclipse.jdt.internal.junit.runner.RemoteTestRunner.runTests(RemoteTestRunner.java:467)&#10;&#9;at org.eclipse.jdt.internal.junit.runner.RemoteTestRunner.runTests(RemoteTestRunner.java:683)&#10;&#9;at org.eclipse.jdt.internal.junit.runner.RemoteTestRunner.run(RemoteTestRunner.java:390)&#10;&#9;at org.codecover.juniteclipse.runner.EclipseTestRunner.main(EclipseTestRunner.java:40)" Date="1329200750929" Name="org.jfree.data.RangeTest:shiftCenterShiftLeftIllegal">
<CovList>
<CovPrefix CovItemPrefix="org.jfree.data.Range.java">
<Cov CovItemId="B2" Value="2"/>
<Cov CovItemId="B24" Value="1"/>
<Cov CovItemId="B25" Value="1"/>
<Cov CovItemId="B26" Value="1"/>
<Cov CovItemId="B27" Value="1"/>
<Cov CovItemId="S2" Value="2"/>
<Cov CovItemId="S42" Value="1"/>
<Cov CovItemId="S43" Value="1"/>
<Cov CovItemId="S45" Value="1"/>
<Cov CovItemId="S46" Value="2"/>
<Cov CovItemId="S47" Value="1"/>
<Cov CovItemId="S48" Value="1"/>
<Cov CovItemId="S49" Value="1"/>
<Cov CovItemId="S5" Value="2"/>
<Cov CovItemId="S6" Value="2"/>
<Cov CovItemId="S7" Value="1"/>
<Cov CovItemId="S8" Value="1"/>
</CovPrefix>
</CovList>
<AssgnmntList>
<AssgnmntPrefix RootTermCovItemPrefix="org.jfree.data.Range.java">
<AssgnmntListEntry Length="1" RootTermCovItemId="C1">
<MapEntry BoolAssgnmnt="0" Value="2"/>
</AssgnmntListEntry>
<AssgnmntListEntry Length="1" RootTermCovItemId="C12">
<MapEntry BoolAssgnmnt="0" Value="1"/>
</AssgnmntListEntry>
<AssgnmntListEntry Length="1" RootTermCovItemId="C13">
<MapEntry BoolAssgnmnt="0" Value="1"/>
<MapEntry BoolAssgnmnt="1" Value="1"/>
</AssgnmntListEntry>
<AssgnmntListEntry Length="1" RootTermCovItemId="C14">
<MapEntry BoolAssgnmnt="1" Value="1"/>
</AssgnmntListEntry>
</AssgnmntPrefix>
</AssgnmntList>
<ObjMetaDataList/>
<MetaDataList/>
</TestCase>
<TestCase Comment="Failure&#10;java.lang.AssertionError: Method should throw exception. expected:&lt;true&gt; but was:&lt;false&gt;&#10;&#9;at org.junit.Assert.fail(Assert.java:93)&#10;&#9;at org.junit.Assert.failNotEquals(Assert.java:647)&#10;&#9;at org.junit.Assert.assertEquals(Assert.java:128)&#10;&#9;at org.jfree.data.RangeTest.shiftCenterShiftRightIllegal(RangeTest.java:515)&#10;&#9;at sun.reflect.NativeMethodAccessorImpl.invoke0(Native Method)&#10;&#9;at sun.reflect.NativeMethodAccessorImpl.invoke(NativeMethodAccessorImpl.java:39)&#10;&#9;at sun.reflect.DelegatingMethodAccessorImpl.invoke(DelegatingMethodAccessorImpl.java:25)&#10;&#9;at java.lang.reflect.Method.invoke(Method.java:597)&#10;&#9;at org.junit.runners.model.FrameworkMethod$1.runReflectiveCall(FrameworkMethod.java:45)&#10;&#9;at org.junit.internal.runners.model.ReflectiveCallable.run(ReflectiveCallable.java:15)&#10;&#9;at org.junit.runners.model.FrameworkMethod.invokeExplosively(FrameworkMethod.java:42)&#10;&#9;at org.junit.internal.runners.statements.InvokeMethod.evaluate(InvokeMethod.java:20)&#10;&#9;at org.junit.runners.ParentRunner.runLeaf(ParentRunner.java:263)&#10;&#9;at org.junit.runners.BlockJUnit4ClassRunner.runChild(BlockJUnit4ClassRunner.java:68)&#10;&#9;at org.junit.runners.BlockJUnit4ClassRunner.runChild(BlockJUnit4ClassRunner.java:47)&#10;&#9;at org.junit.runners.ParentRunner$3.run(ParentRunner.java:231)&#10;&#9;at org.junit.runners.ParentRunner$1.schedule(ParentRunner.java:60)&#10;&#9;at org.junit.runners.ParentRunner.runChildren(ParentRunner.java:229)&#10;&#9;at org.junit.runners.ParentRunner.access$000(ParentRunner.java:50)&#10;&#9;at org.junit.runners.ParentRunner$2.evaluate(ParentRunner.java:222)&#10;&#9;at org.junit.runners.ParentRunner.run(ParentRunner.java:300)&#10;&#9;at org.eclipse.jdt.internal.junit4.runner.JUnit4TestReference.run(JUnit4TestReference.java:49)&#10;&#9;at org.eclipse.jdt.internal.junit.runner.TestExecution.run(TestExecution.java:38)&#10;&#9;at org.eclipse.jdt.internal.junit.runner.RemoteTestRunner.runTests(RemoteTestRunner.java:467)&#10;&#9;at org.eclipse.jdt.internal.junit.runner.RemoteTestRunner.runTests(RemoteTestRunner.java:683)&#10;&#9;at org.eclipse.jdt.internal.junit.runner.RemoteTestRunner.run(RemoteTestRunner.java:390)&#10;&#9;at org.codecover.juniteclipse.runner.EclipseTestRunner.main(EclipseTestRunner.java:40)" Date="1329200750930" Name="org.jfree.data.RangeTest:shiftCenterShiftRightIllegal">
<CovList>
<CovPrefix CovItemPrefix="org.jfree.data.Range.java">
<Cov CovItemId="B2" Value="2"/>
<Cov CovItemId="B24" Value="1"/>
<Cov CovItemId="B25" Value="1"/>
<Cov CovItemId="B26" Value="1"/>
<Cov CovItemId="B27" Value="1"/>
<Cov CovItemId="S2" Value="2"/>
<Cov CovItemId="S42" Value="1"/>
<Cov CovItemId="S43" Value="1"/>
<Cov CovItemId="S45" Value="1"/>
<Cov CovItemId="S46" Value="2"/>
<Cov CovItemId="S47" Value="1"/>
<Cov CovItemId="S48" Value="1"/>
<Cov CovItemId="S49" Value="1"/>
<Cov CovItemId="S5" Value="2"/>
<Cov CovItemId="S6" Value="2"/>
<Cov CovItemId="S7" Value="1"/>
<Cov CovItemId="S8" Value="1"/>
</CovPrefix>
</CovList>
<AssgnmntList>
<AssgnmntPrefix RootTermCovItemPrefix="org.jfree.data.Range.java">
<AssgnmntListEntry Length="1" RootTermCovItemId="C1">
<MapEntry BoolAssgnmnt="0" Value="2"/>
</AssgnmntListEntry>
<AssgnmntListEntry Length="1" RootTermCovItemId="C12">
<MapEntry BoolAssgnmnt="0" Value="1"/>
</AssgnmntListEntry>
<AssgnmntListEntry Length="1" RootTermCovItemId="C13">
<MapEntry BoolAssgnmnt="0" Value="1"/>
<MapEntry BoolAssgnmnt="1" Value="1"/>
</AssgnmntListEntry>
<AssgnmntListEntry Length="1" RootTermCovItemId="C14">
<MapEntry BoolAssgnmnt="1" Value="1"/>
</AssgnmntListEntry>
</AssgnmntPrefix>
</AssgnmntList>
<ObjMetaDataList/>
<MetaDataList/>
</TestCase>
<TestCase Comment="" Date="1329200750932" Name="org.jfree.data.RangeTest:shiftCenterNoShift">
<CovList>
<CovPrefix CovItemPrefix="org.jfree.data.Range.java">
<Cov CovItemId="B2" Value="2"/>
<Cov CovItemId="B24" Value="1"/>
<Cov CovItemId="B25" Value="1"/>
<Cov CovItemId="B26" Value="1"/>
<Cov CovItemId="B27" Value="1"/>
<Cov CovItemId="B30" Value="1"/>
<Cov CovItemId="B32" Value="1"/>
<Cov CovItemId="B34" Value="1"/>
<Cov CovItemId="S2" Value="2"/>
<Cov CovItemId="S42" Value="1"/>
<Cov CovItemId="S43" Value="1"/>
<Cov CovItemId="S45" Value="1"/>
<Cov CovItemId="S46" Value="2"/>
<Cov CovItemId="S47" Value="1"/>
<Cov CovItemId="S48" Value="1"/>
<Cov CovItemId="S49" Value="1"/>
<Cov CovItemId="S5" Value="2"/>
<Cov CovItemId="S51" Value="1"/>
<Cov CovItemId="S53" Value="1"/>
<Cov CovItemId="S54" Value="1"/>
<Cov CovItemId="S56" Value="1"/>
<Cov CovItemId="S58" Value="1"/>
<Cov CovItemId="S6" Value="2"/>
<Cov CovItemId="S7" Value="1"/>
<Cov CovItemId="S8" Value="1"/>
</CovPrefix>
</CovList>
<AssgnmntList>
<AssgnmntPrefix RootTermCovItemPrefix="org.jfree.data.Range.java">
<AssgnmntListEntry Length="1" RootTermCovItemId="C1">
<MapEntry BoolAssgnmnt="0" Value="2"/>
</AssgnmntListEntry>
<AssgnmntListEntry Length="1" RootTermCovItemId="C12">
<MapEntry BoolAssgnmnt="0" Value="1"/>
</AssgnmntListEntry>
<AssgnmntListEntry Length="1" RootTermCovItemId="C13">
<MapEntry BoolAssgnmnt="0" Value="1"/>
<MapEntry BoolAssgnmnt="1" Value="1"/>
</AssgnmntListEntry>
<AssgnmntListEntry Length="1" RootTermCovItemId="C14">
<MapEntry BoolAssgnmnt="1" Value="1"/>
</AssgnmntListEntry>
<AssgnmntListEntry Length="1" RootTermCovItemId="C15">
<MapEntry BoolAssgnmnt="1" Value="1"/>
</AssgnmntListEntry>
<AssgnmntListEntry Length="1" RootTermCovItemId="C16">
<MapEntry BoolAssgnmnt="1" Value="1"/>
</AssgnmntListEntry>
<AssgnmntListEntry Length="1" RootTermCovItemId="C17">
<MapEntry BoolAssgnmnt="1" Value="1"/>
</AssgnmntListEntry>
</AssgnmntPrefix>
</AssgnmntList>
<ObjMetaDataList/>
<MetaDataList/>
</TestCase>
<TestCase Comment="" Date="1329200750935" Name="org.jfree.data.RangeTest:shiftZeroCrossingNegShiftLeft">
<CovList>
<CovPrefix CovItemPrefix="org.jfree.data.Range.java">
<Cov CovItemId="B2" Value="3"/>
<Cov CovItemId="B23" Value="1"/>
<Cov CovItemId="B30" Value="1"/>
<Cov CovItemId="B32" Value="1"/>
<Cov CovItemId="B34" Value="1"/>
<Cov CovItemId="S2" Value="3"/>
<Cov CovItemId="S43" Value="1"/>
<Cov CovItemId="S44" Value="1"/>
<Cov CovItemId="S5" Value="3"/>
<Cov CovItemId="S51" Value="1"/>
<Cov CovItemId="S53" Value="1"/>
<Cov CovItemId="S54" Value="1"/>
<Cov CovItemId="S56" Value="1"/>
<Cov CovItemId="S58" Value="1"/>
<Cov CovItemId="S6" Value="3"/>
<Cov CovItemId="S7" Value="1"/>
<Cov CovItemId="S8" Value="1"/>
</CovPrefix>
</CovList>
<AssgnmntList>
<AssgnmntPrefix RootTermCovItemPrefix="org.jfree.data.Range.java">
<AssgnmntListEntry Length="1" RootTermCovItemId="C1">
<MapEntry BoolAssgnmnt="0" Value="3"/>
</AssgnmntListEntry>
<AssgnmntListEntry Length="1" RootTermCovItemId="C12">
<MapEntry BoolAssgnmnt="1" Value="1"/>
</AssgnmntListEntry>
<AssgnmntListEntry Length="1" RootTermCovItemId="C15">
<MapEntry BoolAssgnmnt="1" Value="1"/>
</AssgnmntListEntry>
<AssgnmntListEntry Length="1" RootTermCovItemId="C16">
<MapEntry BoolAssgnmnt="1" Value="1"/>
</AssgnmntListEntry>
<AssgnmntListEntry Length="1" RootTermCovItemId="C17">
<MapEntry BoolAssgnmnt="1" Value="1"/>
</AssgnmntListEntry>
</AssgnmntPrefix>
</AssgnmntList>
<ObjMetaDataList/>
<MetaDataList/>
</TestCase>
<TestCase Comment="" Date="1329200750936" Name="org.jfree.data.RangeTest:shiftZeroCrossingNegShiftRightLegal">
<CovList>
<CovPrefix CovItemPrefix="org.jfree.data.Range.java">
<Cov CovItemId="B2" Value="3"/>
<Cov CovItemId="B23" Value="1"/>
<Cov CovItemId="B30" Value="1"/>
<Cov CovItemId="B32" Value="1"/>
<Cov CovItemId="B34" Value="1"/>
<Cov CovItemId="S2" Value="3"/>
<Cov CovItemId="S43" Value="1"/>
<Cov CovItemId="S44" Value="1"/>
<Cov CovItemId="S5" Value="3"/>
<Cov CovItemId="S51" Value="1"/>
<Cov CovItemId="S53" Value="1"/>
<Cov CovItemId="S54" Value="1"/>
<Cov CovItemId="S56" Value="1"/>
<Cov CovItemId="S58" Value="1"/>
<Cov CovItemId="S6" Value="3"/>
<Cov CovItemId="S7" Value="1"/>
<Cov CovItemId="S8" Value="1"/>
</CovPrefix>
</CovList>
<AssgnmntList>
<AssgnmntPrefix RootTermCovItemPrefix="org.jfree.data.Range.java">
<AssgnmntListEntry Length="1" RootTermCovItemId="C1">
<MapEntry BoolAssgnmnt="0" Value="3"/>
</AssgnmntListEntry>
<AssgnmntListEntry Length="1" RootTermCovItemId="C12">
<MapEntry BoolAssgnmnt="1" Value="1"/>
</AssgnmntListEntry>
<AssgnmntListEntry Length="1" RootTermCovItemId="C15">
<MapEntry BoolAssgnmnt="1" Value="1"/>
</AssgnmntListEntry>
<AssgnmntListEntry Length="1" RootTermCovItemId="C16">
<MapEntry BoolAssgnmnt="1" Value="1"/>
</AssgnmntListEntry>
<AssgnmntListEntry Length="1" RootTermCovItemId="C17">
<MapEntry BoolAssgnmnt="1" Value="1"/>
</AssgnmntListEntry>
</AssgnmntPrefix>
</AssgnmntList>
<ObjMetaDataList/>
<MetaDataList/>
</TestCase>
<TestCase Comment="Failure&#10;java.lang.AssertionError: Method should throw exception. expected:&lt;true&gt; but was:&lt;false&gt;&#10;&#9;at org.junit.Assert.fail(Assert.java:93)&#10;&#9;at org.junit.Assert.failNotEquals(Assert.java:647)&#10;&#9;at org.junit.Assert.assertEquals(Assert.java:128)&#10;&#9;at org.jfree.data.RangeTest.shiftZeroCrossingNegShiftRightIllegal(RangeTest.java:558)&#10;&#9;at sun.reflect.NativeMethodAccessorImpl.invoke0(Native Method)&#10;&#9;at sun.reflect.NativeMethodAccessorImpl.invoke(NativeMethodAccessorImpl.java:39)&#10;&#9;at sun.reflect.DelegatingMethodAccessorImpl.invoke(DelegatingMethodAccessorImpl.java:25)&#10;&#9;at java.lang.reflect.Method.invoke(Method.java:597)&#10;&#9;at org.junit.runners.model.FrameworkMethod$1.runReflectiveCall(FrameworkMethod.java:45)&#10;&#9;at org.junit.internal.runners.model.ReflectiveCallable.run(ReflectiveCallable.java:15)&#10;&#9;at org.junit.runners.model.FrameworkMethod.invokeExplosively(FrameworkMethod.java:42)&#10;&#9;at org.junit.internal.runners.statements.InvokeMethod.evaluate(InvokeMethod.java:20)&#10;&#9;at org.junit.runners.ParentRunner.runLeaf(ParentRunner.java:263)&#10;&#9;at org.junit.runners.BlockJUnit4ClassRunner.runChild(BlockJUnit4ClassRunner.java:68)&#10;&#9;at org.junit.runners.BlockJUnit4ClassRunner.runChild(BlockJUnit4ClassRunner.java:47)&#10;&#9;at org.junit.runners.ParentRunner$3.run(ParentRunner.java:231)&#10;&#9;at org.junit.runners.ParentRunner$1.schedule(ParentRunner.java:60)&#10;&#9;at org.junit.runners.ParentRunner.runChildren(ParentRunner.java:229)&#10;&#9;at org.junit.runners.ParentRunner.access$000(ParentRunner.java:50)&#10;&#9;at org.junit.runners.ParentRunner$2.evaluate(ParentRunner.java:222)&#10;&#9;at org.junit.runners.ParentRunner.run(ParentRunner.java:300)&#10;&#9;at org.eclipse.jdt.internal.junit4.runner.JUnit4TestReference.run(JUnit4TestReference.java:49)&#10;&#9;at org.eclipse.jdt.internal.junit.runner.TestExecution.run(TestExecution.java:38)&#10;&#9;at org.eclipse.jdt.internal.junit.runner.RemoteTestRunner.runTests(RemoteTestRunner.java:467)&#10;&#9;at org.eclipse.jdt.internal.junit.runner.RemoteTestRunner.runTests(RemoteTestRunner.java:683)&#10;&#9;at org.eclipse.jdt.internal.junit.runner.RemoteTestRunner.run(RemoteTestRunner.java:390)&#10;&#9;at org.codecover.juniteclipse.runner.EclipseTestRunner.main(EclipseTestRunner.java:40)" Date="1329200750942" Name="org.jfree.data.RangeTest:shiftZeroCrossingNegShiftRightIllegal">
<CovList>
<CovPrefix CovItemPrefix="org.jfree.data.Range.java">
<Cov CovItemId="B2" Value="2"/>
<Cov CovItemId="B23" Value="1"/>
<Cov CovItemId="S2" Value="2"/>
<Cov CovItemId="S43" Value="1"/>
<Cov CovItemId="S44" Value="1"/>
<Cov CovItemId="S5" Value="2"/>
<Cov CovItemId="S6" Value="2"/>
<Cov CovItemId="S7" Value="1"/>
<Cov CovItemId="S8" Value="1"/>
</CovPrefix>
</CovList>
<AssgnmntList>
<AssgnmntPrefix RootTermCovItemPrefix="org.jfree.data.Range.java">
<AssgnmntListEntry Length="1" RootTermCovItemId="C1">
<MapEntry BoolAssgnmnt="0" Value="2"/>
</AssgnmntListEntry>
<AssgnmntListEntry Length="1" RootTermCovItemId="C12">
<MapEntry BoolAssgnmnt="1" Value="1"/>
</AssgnmntListEntry>
</AssgnmntPrefix>
</AssgnmntList>
<ObjMetaDataList/>
<MetaDataList/>
</TestCase>
<TestCase Comment="Failure&#10;java.lang.AssertionError: Method should throw exception. expected:&lt;true&gt; but was:&lt;false&gt;&#10;&#9;at org.junit.Assert.fail(Assert.java:93)&#10;&#9;at org.junit.Assert.failNotEquals(Assert.java:647)&#10;&#9;at org.junit.Assert.assertEquals(Assert.java:128)&#10;&#9;at org.jfree.data.RangeTest.shiftZeroCrossingNegShiftForUpperEqualsOne(RangeTest.java:572)&#10;&#9;at sun.reflect.NativeMethodAccessorImpl.invoke0(Native Method)&#10;&#9;at sun.reflect.NativeMethodAccessorImpl.invoke(NativeMethodAccessorImpl.java:39)&#10;&#9;at sun.reflect.DelegatingMethodAccessorImpl.invoke(DelegatingMethodAccessorImpl.java:25)&#10;&#9;at java.lang.reflect.Method.invoke(Method.java:597)&#10;&#9;at org.junit.runners.model.FrameworkMethod$1.runReflectiveCall(FrameworkMethod.java:45)&#10;&#9;at org.junit.internal.runners.model.ReflectiveCallable.run(ReflectiveCallable.java:15)&#10;&#9;at org.junit.runners.model.FrameworkMethod.invokeExplosively(FrameworkMethod.java:42)&#10;&#9;at org.junit.internal.runners.statements.InvokeMethod.evaluate(InvokeMethod.java:20)&#10;&#9;at org.junit.runners.ParentRunner.runLeaf(ParentRunner.java:263)&#10;&#9;at org.junit.runners.BlockJUnit4ClassRunner.runChild(BlockJUnit4ClassRunner.java:68)&#10;&#9;at org.junit.runners.BlockJUnit4ClassRunner.runChild(BlockJUnit4ClassRunner.java:47)&#10;&#9;at org.junit.runners.ParentRunner$3.run(ParentRunner.java:231)&#10;&#9;at org.junit.runners.ParentRunner$1.schedule(ParentRunner.java:60)&#10;&#9;at org.junit.runners.ParentRunner.runChildren(ParentRunner.java:229)&#10;&#9;at org.junit.runners.ParentRunner.access$000(ParentRunner.java:50)&#10;&#9;at org.junit.runners.ParentRunner$2.evaluate(ParentRunner.java:222)&#10;&#9;at org.junit.runners.ParentRunner.run(ParentRunner.java:300)&#10;&#9;at org.eclipse.jdt.internal.junit4.runner.JUnit4TestReference.run(JUnit4TestReference.java:49)&#10;&#9;at org.eclipse.jdt.internal.junit.runner.TestExecution.run(TestExecution.java:38)&#10;&#9;at org.eclipse.jdt.internal.junit.runner.RemoteTestRunner.runTests(RemoteTestRunner.java:467)&#10;&#9;at org.eclipse.jdt.internal.junit.runner.RemoteTestRunner.runTests(RemoteTestRunner.java:683)&#10;&#9;at org.eclipse.jdt.internal.junit.runner.RemoteTestRunner.run(RemoteTestRunner.java:390)&#10;&#9;at org.codecover.juniteclipse.runner.EclipseTestRunner.main(EclipseTestRunner.java:40)" Date="1329200750947" Name="org.jfree.data.RangeTest:shiftZeroCrossingNegShiftForUpperEqualsOne">
<CovList>
<CovPrefix CovItemPrefix="org.jfree.data.Range.java">
<Cov CovItemId="B2" Value="2"/>
<Cov CovItemId="B23" Value="1"/>
<Cov CovItemId="S2" Value="2"/>
<Cov CovItemId="S43" Value="1"/>
<Cov CovItemId="S44" Value="1"/>
<Cov CovItemId="S5" Value="2"/>
<Cov CovItemId="S6" Value="2"/>
<Cov CovItemId="S7" Value="1"/>
<Cov CovItemId="S8" Value="1"/>
</CovPrefix>
</CovList>
<AssgnmntList>
<AssgnmntPrefix RootTermCovItemPrefix="org.jfree.data.Range.java">
<AssgnmntListEntry Length="1" RootTermCovItemId="C1">
<MapEntry BoolAssgnmnt="0" Value="2"/>
</AssgnmntListEntry>
<AssgnmntListEntry Length="1" RootTermCovItemId="C12">
<MapEntry BoolAssgnmnt="1" Value="1"/>
</AssgnmntListEntry>
</AssgnmntPrefix>
</AssgnmntList>
<ObjMetaDataList/>
<MetaDataList/>
</TestCase>
<TestCase Comment="" Date="1329200750949" Name="org.jfree.data.RangeTest:shiftZeroCrossingNegShiftForUpperEqualsZero">
<CovList>
<CovPrefix CovItemPrefix="org.jfree.data.Range.java">
<Cov CovItemId="B2" Value="3"/>
<Cov CovItemId="B23" Value="1"/>
<Cov CovItemId="B30" Value="1"/>
<Cov CovItemId="B32" Value="1"/>
<Cov CovItemId="B34" Value="1"/>
<Cov CovItemId="S2" Value="3"/>
<Cov CovItemId="S43" Value="1"/>
<Cov CovItemId="S44" Value="1"/>
<Cov CovItemId="S5" Value="3"/>
<Cov CovItemId="S51" Value="1"/>
<Cov CovItemId="S53" Value="1"/>
<Cov CovItemId="S54" Value="1"/>
<Cov CovItemId="S56" Value="1"/>
<Cov CovItemId="S58" Value="1"/>
<Cov CovItemId="S6" Value="3"/>
<Cov CovItemId="S7" Value="1"/>
<Cov CovItemId="S8" Value="1"/>
</CovPrefix>
</CovList>
<AssgnmntList>
<AssgnmntPrefix RootTermCovItemPrefix="org.jfree.data.Range.java">
<AssgnmntListEntry Length="1" RootTermCovItemId="C1">
<MapEntry BoolAssgnmnt="0" Value="3"/>
</AssgnmntListEntry>
<AssgnmntListEntry Length="1" RootTermCovItemId="C12">
<MapEntry BoolAssgnmnt="1" Value="1"/>
</AssgnmntListEntry>
<AssgnmntListEntry Length="1" RootTermCovItemId="C15">
<MapEntry BoolAssgnmnt="1" Value="1"/>
</AssgnmntListEntry>
<AssgnmntListEntry Length="1" RootTermCovItemId="C16">
<MapEntry BoolAssgnmnt="1" Value="1"/>
</AssgnmntListEntry>
<AssgnmntListEntry Length="1" RootTermCovItemId="C17">
<MapEntry BoolAssgnmnt="1" Value="1"/>
</AssgnmntListEntry>
</AssgnmntPrefix>
</AssgnmntList>
<ObjMetaDataList/>
<MetaDataList/>
</TestCase>
<TestCase Comment="" Date="1329200750949" Name="org.jfree.data.RangeTest:shiftZeroCrossingPosShiftRight">
<CovList>
<CovPrefix CovItemPrefix="org.jfree.data.Range.java">
<Cov CovItemId="B2" Value="3"/>
<Cov CovItemId="B23" Value="1"/>
<Cov CovItemId="B30" Value="1"/>
<Cov CovItemId="B32" Value="1"/>
<Cov CovItemId="B34" Value="1"/>
<Cov CovItemId="S2" Value="3"/>
<Cov CovItemId="S43" Value="1"/>
<Cov CovItemId="S44" Value="1"/>
<Cov CovItemId="S5" Value="3"/>
<Cov CovItemId="S51" Value="1"/>
<Cov CovItemId="S53" Value="1"/>
<Cov CovItemId="S54" Value="1"/>
<Cov CovItemId="S56" Value="1"/>
<Cov CovItemId="S58" Value="1"/>
<Cov CovItemId="S6" Value="3"/>
<Cov CovItemId="S7" Value="1"/>
<Cov CovItemId="S8" Value="1"/>
</CovPrefix>
</CovList>
<AssgnmntList>
<AssgnmntPrefix RootTermCovItemPrefix="org.jfree.data.Range.java">
<AssgnmntListEntry Length="1" RootTermCovItemId="C1">
<MapEntry BoolAssgnmnt="0" Value="3"/>
</AssgnmntListEntry>
<AssgnmntListEntry Length="1" RootTermCovItemId="C12">
<MapEntry BoolAssgnmnt="1" Value="1"/>
</AssgnmntListEntry>
<AssgnmntListEntry Length="1" RootTermCovItemId="C15">
<MapEntry BoolAssgnmnt="1" Value="1"/>
</AssgnmntListEntry>
<AssgnmntListEntry Length="1" RootTermCovItemId="C16">
<MapEntry BoolAssgnmnt="1" Value="1"/>
</AssgnmntListEntry>
<AssgnmntListEntry Length="1" RootTermCovItemId="C17">
<MapEntry BoolAssgnmnt="1" Value="1"/>
</AssgnmntListEntry>
</AssgnmntPrefix>
</AssgnmntList>
<ObjMetaDataList/>
<MetaDataList/>
</TestCase>
<TestCase Comment="" Date="1329200750950" Name="org.jfree.data.RangeTest:shiftZeroCrossingPosShiftLeftLegal">
<CovList>
<CovPrefix CovItemPrefix="org.jfree.data.Range.java">
<Cov CovItemId="B2" Value="3"/>
<Cov CovItemId="B23" Value="1"/>
<Cov CovItemId="B30" Value="1"/>
<Cov CovItemId="B32" Value="1"/>
<Cov CovItemId="B34" Value="1"/>
<Cov CovItemId="S2" Value="3"/>
<Cov CovItemId="S43" Value="1"/>
<Cov CovItemId="S44" Value="1"/>
<Cov CovItemId="S5" Value="3"/>
<Cov CovItemId="S51" Value="1"/>
<Cov CovItemId="S53" Value="1"/>
<Cov CovItemId="S54" Value="1"/>
<Cov CovItemId="S56" Value="1"/>
<Cov CovItemId="S58" Value="1"/>
<Cov CovItemId="S6" Value="3"/>
<Cov CovItemId="S7" Value="1"/>
<Cov CovItemId="S8" Value="1"/>
</CovPrefix>
</CovList>
<AssgnmntList>
<AssgnmntPrefix RootTermCovItemPrefix="org.jfree.data.Range.java">
<AssgnmntListEntry Length="1" RootTermCovItemId="C1">
<MapEntry BoolAssgnmnt="0" Value="3"/>
</AssgnmntListEntry>
<AssgnmntListEntry Length="1" RootTermCovItemId="C12">
<MapEntry BoolAssgnmnt="1" Value="1"/>
</AssgnmntListEntry>
<AssgnmntListEntry Length="1" RootTermCovItemId="C15">
<MapEntry BoolAssgnmnt="1" Value="1"/>
</AssgnmntListEntry>
<AssgnmntListEntry Length="1" RootTermCovItemId="C16">
<MapEntry BoolAssgnmnt="1" Value="1"/>
</AssgnmntListEntry>
<AssgnmntListEntry Length="1" RootTermCovItemId="C17">
<MapEntry BoolAssgnmnt="1" Value="1"/>
</AssgnmntListEntry>
</AssgnmntPrefix>
</AssgnmntList>
<ObjMetaDataList/>
<MetaDataList/>
</TestCase>
<TestCase Comment="Failure&#10;java.lang.AssertionError: Method should throw exception. expected:&lt;true&gt; but was:&lt;false&gt;&#10;&#9;at org.junit.Assert.fail(Assert.java:93)&#10;&#9;at org.junit.Assert.failNotEquals(Assert.java:647)&#10;&#9;at org.junit.Assert.assertEquals(Assert.java:128)&#10;&#9;at org.jfree.data.RangeTest.shiftZeroCrossingPosShiftLeftIllegal(RangeTest.java:616)&#10;&#9;at sun.reflect.NativeMethodAccessorImpl.invoke0(Native Method)&#10;&#9;at sun.reflect.NativeMethodAccessorImpl.invoke(NativeMethodAccessorImpl.java:39)&#10;&#9;at sun.reflect.DelegatingMethodAccessorImpl.invoke(DelegatingMethodAccessorImpl.java:25)&#10;&#9;at java.lang.reflect.Method.invoke(Method.java:597)&#10;&#9;at org.junit.runners.model.FrameworkMethod$1.runReflectiveCall(FrameworkMethod.java:45)&#10;&#9;at org.junit.internal.runners.model.ReflectiveCallable.run(ReflectiveCallable.java:15)&#10;&#9;at org.junit.runners.model.FrameworkMethod.invokeExplosively(FrameworkMethod.java:42)&#10;&#9;at org.junit.internal.runners.statements.InvokeMethod.evaluate(InvokeMethod.java:20)&#10;&#9;at org.junit.runners.ParentRunner.runLeaf(ParentRunner.java:263)&#10;&#9;at org.junit.runners.BlockJUnit4ClassRunner.runChild(BlockJUnit4ClassRunner.java:68)&#10;&#9;at org.junit.runners.BlockJUnit4ClassRunner.runChild(BlockJUnit4ClassRunner.java:47)&#10;&#9;at org.junit.runners.ParentRunner$3.run(ParentRunner.java:231)&#10;&#9;at org.junit.runners.ParentRunner$1.schedule(ParentRunner.java:60)&#10;&#9;at org.junit.runners.ParentRunner.runChildren(ParentRunner.java:229)&#10;&#9;at org.junit.runners.ParentRunner.access$000(ParentRunner.java:50)&#10;&#9;at org.junit.runners.ParentRunner$2.evaluate(ParentRunner.java:222)&#10;&#9;at org.junit.runners.ParentRunner.run(ParentRunner.java:300)&#10;&#9;at org.eclipse.jdt.internal.junit4.runner.JUnit4TestReference.run(JUnit4TestReference.java:49)&#10;&#9;at org.eclipse.jdt.internal.junit.runner.TestExecution.run(TestExecution.java:38)&#10;&#9;at org.eclipse.jdt.internal.junit.runner.RemoteTestRunner.runTests(RemoteTestRunner.java:467)&#10;&#9;at org.eclipse.jdt.internal.junit.runner.RemoteTestRunner.runTests(RemoteTestRunner.java:683)&#10;&#9;at org.eclipse.jdt.internal.junit.runner.RemoteTestRunner.run(RemoteTestRunner.java:390)&#10;&#9;at org.codecover.juniteclipse.runner.EclipseTestRunner.main(EclipseTestRunner.java:40)" Date="1329200750951" Name="org.jfree.data.RangeTest:shiftZeroCrossingPosShiftLeftIllegal">
<CovList>
<CovPrefix CovItemPrefix="org.jfree.data.Range.java">
<Cov CovItemId="B2" Value="2"/>
<Cov CovItemId="B23" Value="1"/>
<Cov CovItemId="S2" Value="2"/>
<Cov CovItemId="S43" Value="1"/>
<Cov CovItemId="S44" Value="1"/>
<Cov CovItemId="S5" Value="2"/>
<Cov CovItemId="S6" Value="2"/>
<Cov CovItemId="S7" Value="1"/>
<Cov CovItemId="S8" Value="1"/>
</CovPrefix>
</CovList>
<AssgnmntList>
<AssgnmntPrefix RootTermCovItemPrefix="org.jfree.data.Range.java">
<AssgnmntListEntry Length="1" RootTermCovItemId="C1">
<MapEntry BoolAssgnmnt="0" Value="2"/>
</AssgnmntListEntry>
<AssgnmntListEntry Length="1" RootTermCovItemId="C12">
<MapEntry BoolAssgnmnt="1" Value="1"/>
</AssgnmntListEntry>
</AssgnmntPrefix>
</AssgnmntList>
<ObjMetaDataList/>
<MetaDataList/>
</TestCase>
<TestCase Comment="Failure&#10;java.lang.AssertionError: Method should throw exception. expected:&lt;true&gt; but was:&lt;false&gt;&#10;&#9;at org.junit.Assert.fail(Assert.java:93)&#10;&#9;at org.junit.Assert.failNotEquals(Assert.java:647)&#10;&#9;at org.junit.Assert.assertEquals(Assert.java:128)&#10;&#9;at org.jfree.data.RangeTest.shiftZeroCrossingPosShiftForLowerEqualMinusOne(RangeTest.java:630)&#10;&#9;at sun.reflect.NativeMethodAccessorImpl.invoke0(Native Method)&#10;&#9;at sun.reflect.NativeMethodAccessorImpl.invoke(NativeMethodAccessorImpl.java:39)&#10;&#9;at sun.reflect.DelegatingMethodAccessorImpl.invoke(DelegatingMethodAccessorImpl.java:25)&#10;&#9;at java.lang.reflect.Method.invoke(Method.java:597)&#10;&#9;at org.junit.runners.model.FrameworkMethod$1.runReflectiveCall(FrameworkMethod.java:45)&#10;&#9;at org.junit.internal.runners.model.ReflectiveCallable.run(ReflectiveCallable.java:15)&#10;&#9;at org.junit.runners.model.FrameworkMethod.invokeExplosively(FrameworkMethod.java:42)&#10;&#9;at org.junit.internal.runners.statements.InvokeMethod.evaluate(InvokeMethod.java:20)&#10;&#9;at org.junit.runners.ParentRunner.runLeaf(ParentRunner.java:263)&#10;&#9;at org.junit.runners.BlockJUnit4ClassRunner.runChild(BlockJUnit4ClassRunner.java:68)&#10;&#9;at org.junit.runners.BlockJUnit4ClassRunner.runChild(BlockJUnit4ClassRunner.java:47)&#10;&#9;at org.junit.runners.ParentRunner$3.run(ParentRunner.java:231)&#10;&#9;at org.junit.runners.ParentRunner$1.schedule(ParentRunner.java:60)&#10;&#9;at org.junit.runners.ParentRunner.runChildren(ParentRunner.java:229)&#10;&#9;at org.junit.runners.ParentRunner.access$000(ParentRunner.java:50)&#10;&#9;at org.junit.runners.ParentRunner$2.evaluate(ParentRunner.java:222)&#10;&#9;at org.junit.runners.ParentRunner.run(ParentRunner.java:300)&#10;&#9;at org.eclipse.jdt.internal.junit4.runner.JUnit4TestReference.run(JUnit4TestReference.java:49)&#10;&#9;at org.eclipse.jdt.internal.junit.runner.TestExecution.run(TestExecution.java:38)&#10;&#9;at org.eclipse.jdt.internal.junit.runner.RemoteTestRunner.runTests(RemoteTestRunner.java:467)&#10;&#9;at org.eclipse.jdt.internal.junit.runner.RemoteTestRunner.runTests(RemoteTestRunner.java:683)&#10;&#9;at org.eclipse.jdt.internal.junit.runner.RemoteTestRunner.run(RemoteTestRunner.java:390)&#10;&#9;at org.codecover.juniteclipse.runner.EclipseTestRunner.main(EclipseTestRunner.java:40)" Date="1329200750952" Name="org.jfree.data.RangeTest:shiftZeroCrossingPosShiftForLowerEqualMinusOne">
<CovList>
<CovPrefix CovItemPrefix="org.jfree.data.Range.java">
<Cov CovItemId="B2" Value="2"/>
<Cov CovItemId="B23" Value="1"/>
<Cov CovItemId="S2" Value="2"/>
<Cov CovItemId="S43" Value="1"/>
<Cov CovItemId="S44" Value="1"/>
<Cov CovItemId="S5" Value="2"/>
<Cov CovItemId="S6" Value="2"/>
<Cov CovItemId="S7" Value="1"/>
<Cov CovItemId="S8" Value="1"/>
</CovPrefix>
</CovList>
<AssgnmntList>
<AssgnmntPrefix RootTermCovItemPrefix="org.jfree.data.Range.java">
<AssgnmntListEntry Length="1" RootTermCovItemId="C1">
<MapEntry BoolAssgnmnt="0" Value="2"/>
</AssgnmntListEntry>
<AssgnmntListEntry Length="1" RootTermCovItemId="C12">
<MapEntry BoolAssgnmnt="1" Value="1"/>
</AssgnmntListEntry>
</AssgnmntPrefix>
</AssgnmntList>
<ObjMetaDataList/>
<MetaDataList/>
</TestCase>
<TestCase Comment="" Date="1329200750953" Name="org.jfree.data.RangeTest:shiftZeroCrossingPosShiftForLowerEqualZero">
<CovList>
<CovPrefix CovItemPrefix="org.jfree.data.Range.java">
<Cov CovItemId="B2" Value="3"/>
<Cov CovItemId="B23" Value="1"/>
<Cov CovItemId="B30" Value="1"/>
<Cov CovItemId="B32" Value="1"/>
<Cov CovItemId="B34" Value="1"/>
<Cov CovItemId="S2" Value="3"/>
<Cov CovItemId="S43" Value="1"/>
<Cov CovItemId="S44" Value="1"/>
<Cov CovItemId="S5" Value="3"/>
<Cov CovItemId="S51" Value="1"/>
<Cov CovItemId="S53" Value="1"/>
<Cov CovItemId="S54" Value="1"/>
<Cov CovItemId="S56" Value="1"/>
<Cov CovItemId="S58" Value="1"/>
<Cov CovItemId="S6" Value="3"/>
<Cov CovItemId="S7" Value="1"/>
<Cov CovItemId="S8" Value="1"/>
</CovPrefix>
</CovList>
<AssgnmntList>
<AssgnmntPrefix RootTermCovItemPrefix="org.jfree.data.Range.java">
<AssgnmntListEntry Length="1" RootTermCovItemId="C1">
<MapEntry BoolAssgnmnt="0" Value="3"/>
</AssgnmntListEntry>
<AssgnmntListEntry Length="1" RootTermCovItemId="C12">
<MapEntry BoolAssgnmnt="1" Value="1"/>
</AssgnmntListEntry>
<AssgnmntListEntry Length="1" RootTermCovItemId="C15">
<MapEntry BoolAssgnmnt="1" Value="1"/>
</AssgnmntListEntry>
<AssgnmntListEntry Length="1" RootTermCovItemId="C16">
<MapEntry BoolAssgnmnt="1" Value="1"/>
</AssgnmntListEntry>
<AssgnmntListEntry Length="1" RootTermCovItemId="C17">
<MapEntry BoolAssgnmnt="1" Value="1"/>
</AssgnmntListEntry>
</AssgnmntPrefix>
</AssgnmntList>
<ObjMetaDataList/>
<MetaDataList/>
</TestCase>
<TestCase Comment="" Date="1329200750954" Name="org.jfree.data.RangeTest:shiftZeroCrossingCenterShiftLeftLegal">
<CovList>
<CovPrefix CovItemPrefix="org.jfree.data.Range.java">
<Cov CovItemId="B2" Value="3"/>
<Cov CovItemId="B23" Value="1"/>
<Cov CovItemId="B30" Value="1"/>
<Cov CovItemId="B32" Value="1"/>
<Cov CovItemId="B34" Value="1"/>
<Cov CovItemId="S2" Value="3"/>
<Cov CovItemId="S43" Value="1"/>
<Cov CovItemId="S44" Value="1"/>
<Cov CovItemId="S5" Value="3"/>
<Cov CovItemId="S51" Value="1"/>
<Cov CovItemId="S53" Value="1"/>
<Cov CovItemId="S54" Value="1"/>
<Cov CovItemId="S56" Value="1"/>
<Cov CovItemId="S58" Value="1"/>
<Cov CovItemId="S6" Value="3"/>
<Cov CovItemId="S7" Value="1"/>
<Cov CovItemId="S8" Value="1"/>
</CovPrefix>
</CovList>
<AssgnmntList>
<AssgnmntPrefix RootTermCovItemPrefix="org.jfree.data.Range.java">
<AssgnmntListEntry Length="1" RootTermCovItemId="C1">
<MapEntry BoolAssgnmnt="0" Value="3"/>
</AssgnmntListEntry>
<AssgnmntListEntry Length="1" RootTermCovItemId="C12">
<MapEntry BoolAssgnmnt="1" Value="1"/>
</AssgnmntListEntry>
<AssgnmntListEntry Length="1" RootTermCovItemId="C15">
<MapEntry BoolAssgnmnt="1" Value="1"/>
</AssgnmntListEntry>
<AssgnmntListEntry Length="1" RootTermCovItemId="C16">
<MapEntry BoolAssgnmnt="1" Value="1"/>
</AssgnmntListEntry>
<AssgnmntListEntry Length="1" RootTermCovItemId="C17">
<MapEntry BoolAssgnmnt="1" Value="1"/>
</AssgnmntListEntry>
</AssgnmntPrefix>
</AssgnmntList>
<ObjMetaDataList/>
<MetaDataList/>
</TestCase>
<TestCase Comment="" Date="1329200750955" Name="org.jfree.data.RangeTest:shiftZeroCrossingCenterShiftRightLegal">
<CovList>
<CovPrefix CovItemPrefix="org.jfree.data.Range.java">
<Cov CovItemId="B2" Value="3"/>
<Cov CovItemId="B23" Value="1"/>
<Cov CovItemId="B30" Value="1"/>
<Cov CovItemId="B32" Value="1"/>
<Cov CovItemId="B34" Value="1"/>
<Cov CovItemId="S2" Value="3"/>
<Cov CovItemId="S43" Value="1"/>
<Cov CovItemId="S44" Value="1"/>
<Cov CovItemId="S5" Value="3"/>
<Cov CovItemId="S51" Value="1"/>
<Cov CovItemId="S53" Value="1"/>
<Cov CovItemId="S54" Value="1"/>
<Cov CovItemId="S56" Value="1"/>
<Cov CovItemId="S58" Value="1"/>
<Cov CovItemId="S6" Value="3"/>
<Cov CovItemId="S7" Value="1"/>
<Cov CovItemId="S8" Value="1"/>
</CovPrefix>
</CovList>
<AssgnmntList>
<AssgnmntPrefix RootTermCovItemPrefix="org.jfree.data.Range.java">
<AssgnmntListEntry Length="1" RootTermCovItemId="C1">
<MapEntry BoolAssgnmnt="0" Value="3"/>
</AssgnmntListEntry>
<AssgnmntListEntry Length="1" RootTermCovItemId="C12">
<MapEntry BoolAssgnmnt="1" Value="1"/>
</AssgnmntListEntry>
<AssgnmntListEntry Length="1" RootTermCovItemId="C15">
<MapEntry BoolAssgnmnt="1" Value="1"/>
</AssgnmntListEntry>
<AssgnmntListEntry Length="1" RootTermCovItemId="C16">
<MapEntry BoolAssgnmnt="1" Value="1"/>
</AssgnmntListEntry>
<AssgnmntListEntry Length="1" RootTermCovItemId="C17">
<MapEntry BoolAssgnmnt="1" Value="1"/>
</AssgnmntListEntry>
</AssgnmntPrefix>
</AssgnmntList>
<ObjMetaDataList/>
<MetaDataList/>
</TestCase>
<TestCase Comment="Failure&#10;java.lang.AssertionError: Method should throw exception. expected:&lt;true&gt; but was:&lt;false&gt;&#10;&#9;at org.junit.Assert.fail(Assert.java:93)&#10;&#9;at org.junit.Assert.failNotEquals(Assert.java:647)&#10;&#9;at org.junit.Assert.assertEquals(Assert.java:128)&#10;&#9;at org.jfree.data.RangeTest.shiftZeroCrossingCenterShiftLeftIllegal(RangeTest.java:674)&#10;&#9;at sun.reflect.NativeMethodAccessorImpl.invoke0(Native Method)&#10;&#9;at sun.reflect.NativeMethodAccessorImpl.invoke(NativeMethodAccessorImpl.java:39)&#10;&#9;at sun.reflect.DelegatingMethodAccessorImpl.invoke(DelegatingMethodAccessorImpl.java:25)&#10;&#9;at java.lang.reflect.Method.invoke(Method.java:597)&#10;&#9;at org.junit.runners.model.FrameworkMethod$1.runReflectiveCall(FrameworkMethod.java:45)&#10;&#9;at org.junit.internal.runners.model.ReflectiveCallable.run(ReflectiveCallable.java:15)&#10;&#9;at org.junit.runners.model.FrameworkMethod.invokeExplosively(FrameworkMethod.java:42)&#10;&#9;at org.junit.internal.runners.statements.InvokeMethod.evaluate(InvokeMethod.java:20)&#10;&#9;at org.junit.runners.ParentRunner.runLeaf(ParentRunner.java:263)&#10;&#9;at org.junit.runners.BlockJUnit4ClassRunner.runChild(BlockJUnit4ClassRunner.java:68)&#10;&#9;at org.junit.runners.BlockJUnit4ClassRunner.runChild(BlockJUnit4ClassRunner.java:47)&#10;&#9;at org.junit.runners.ParentRunner$3.run(ParentRunner.java:231)&#10;&#9;at org.junit.runners.ParentRunner$1.schedule(ParentRunner.java:60)&#10;&#9;at org.junit.runners.ParentRunner.runChildren(ParentRunner.java:229)&#10;&#9;at org.junit.runners.ParentRunner.access$000(ParentRunner.java:50)&#10;&#9;at org.junit.runners.ParentRunner$2.evaluate(ParentRunner.java:222)&#10;&#9;at org.junit.runners.ParentRunner.run(ParentRunner.java:300)&#10;&#9;at org.eclipse.jdt.internal.junit4.runner.JUnit4TestReference.run(JUnit4TestReference.java:49)&#10;&#9;at org.eclipse.jdt.internal.junit.runner.TestExecution.run(TestExecution.java:38)&#10;&#9;at org.eclipse.jdt.internal.junit.runner.RemoteTestRunner.runTests(RemoteTestRunner.java:467)&#10;&#9;at org.eclipse.jdt.internal.junit.runner.RemoteTestRunner.runTests(RemoteTestRunner.java:683)&#10;&#9;at org.eclipse.jdt.internal.junit.runner.RemoteTestRunner.run(RemoteTestRunner.java:390)&#10;&#9;at org.codecover.juniteclipse.runner.EclipseTestRunner.main(EclipseTestRunner.java:40)" Date="1329200750955" Name="org.jfree.data.RangeTest:shiftZeroCrossingCenterShiftLeftIllegal">
<CovList>
<CovPrefix CovItemPrefix="org.jfree.data.Range.java">
<Cov CovItemId="B2" Value="2"/>
<Cov CovItemId="B23" Value="1"/>
<Cov CovItemId="S2" Value="2"/>
<Cov CovItemId="S43" Value="1"/>
<Cov CovItemId="S44" Value="1"/>
<Cov CovItemId="S5" Value="2"/>
<Cov CovItemId="S6" Value="2"/>
<Cov CovItemId="S7" Value="1"/>
<Cov CovItemId="S8" Value="1"/>
</CovPrefix>
</CovList>
<AssgnmntList>
<AssgnmntPrefix RootTermCovItemPrefix="org.jfree.data.Range.java">
<AssgnmntListEntry Length="1" RootTermCovItemId="C1">
<MapEntry BoolAssgnmnt="0" Value="2"/>
</AssgnmntListEntry>
<AssgnmntListEntry Length="1" RootTermCovItemId="C12">
<MapEntry BoolAssgnmnt="1" Value="1"/>
</AssgnmntListEntry>
</AssgnmntPrefix>
</AssgnmntList>
<ObjMetaDataList/>
<MetaDataList/>
</TestCase>
<TestCase Comment="Failure&#10;java.lang.AssertionError: Method should throw exception. expected:&lt;true&gt; but was:&lt;false&gt;&#10;&#9;at org.junit.Assert.fail(Assert.java:93)&#10;&#9;at org.junit.Assert.failNotEquals(Assert.java:647)&#10;&#9;at org.junit.Assert.assertEquals(Assert.java:128)&#10;&#9;at org.jfree.data.RangeTest.shiftZeroCrossingCenterShiftRightIllegal(RangeTest.java:688)&#10;&#9;at sun.reflect.NativeMethodAccessorImpl.invoke0(Native Method)&#10;&#9;at sun.reflect.NativeMethodAccessorImpl.invoke(NativeMethodAccessorImpl.java:39)&#10;&#9;at sun.reflect.DelegatingMethodAccessorImpl.invoke(DelegatingMethodAccessorImpl.java:25)&#10;&#9;at java.lang.reflect.Method.invoke(Method.java:597)&#10;&#9;at org.junit.runners.model.FrameworkMethod$1.runReflectiveCall(FrameworkMethod.java:45)&#10;&#9;at org.junit.internal.runners.model.ReflectiveCallable.run(ReflectiveCallable.java:15)&#10;&#9;at org.junit.runners.model.FrameworkMethod.invokeExplosively(FrameworkMethod.java:42)&#10;&#9;at org.junit.internal.runners.statements.InvokeMethod.evaluate(InvokeMethod.java:20)&#10;&#9;at org.junit.runners.ParentRunner.runLeaf(ParentRunner.java:263)&#10;&#9;at org.junit.runners.BlockJUnit4ClassRunner.runChild(BlockJUnit4ClassRunner.java:68)&#10;&#9;at org.junit.runners.BlockJUnit4ClassRunner.runChild(BlockJUnit4ClassRunner.java:47)&#10;&#9;at org.junit.runners.ParentRunner$3.run(ParentRunner.java:231)&#10;&#9;at org.junit.runners.ParentRunner$1.schedule(ParentRunner.java:60)&#10;&#9;at org.junit.runners.ParentRunner.runChildren(ParentRunner.java:229)&#10;&#9;at org.junit.runners.ParentRunner.access$000(ParentRunner.java:50)&#10;&#9;at org.junit.runners.ParentRunner$2.evaluate(ParentRunner.java:222)&#10;&#9;at org.junit.runners.ParentRunner.run(ParentRunner.java:300)&#10;&#9;at org.eclipse.jdt.internal.junit4.runner.JUnit4TestReference.run(JUnit4TestReference.java:49)&#10;&#9;at org.eclipse.jdt.internal.junit.runner.TestExecution.run(TestExecution.java:38)&#10;&#9;at org.eclipse.jdt.internal.junit.runner.RemoteTestRunner.runTests(RemoteTestRunner.java:467)&#10;&#9;at org.eclipse.jdt.internal.junit.runner.RemoteTestRunner.runTests(RemoteTestRunner.java:683)&#10;&#9;at org.eclipse.jdt.internal.junit.runner.RemoteTestRunner.run(RemoteTestRunner.java:390)&#10;&#9;at org.codecover.juniteclipse.runner.EclipseTestRunner.main(EclipseTestRunner.java:40)" Date="1329200750957" Name="org.jfree.data.RangeTest:shiftZeroCrossingCenterShiftRightIllegal">
<CovList>
<CovPrefix CovItemPrefix="org.jfree.data.Range.java">
<Cov CovItemId="B2" Value="2"/>
<Cov CovItemId="B23" Value="1"/>
<Cov CovItemId="S2" Value="2"/>
<Cov CovItemId="S43" Value="1"/>
<Cov CovItemId="S44" Value="1"/>
<Cov CovItemId="S5" Value="2"/>
<Cov CovItemId="S6" Value="2"/>
<Cov CovItemId="S7" Value="1"/>
<Cov CovItemId="S8" Value="1"/>
</CovPrefix>
</CovList>
<AssgnmntList>
<AssgnmntPrefix RootTermCovItemPrefix="org.jfree.data.Range.java">
<AssgnmntListEntry Length="1" RootTermCovItemId="C1">
<MapEntry BoolAssgnmnt="0" Value="2"/>
</AssgnmntListEntry>
<AssgnmntListEntry Length="1" RootTermCovItemId="C12">
<MapEntry BoolAssgnmnt="1" Value="1"/>
</AssgnmntListEntry>
</AssgnmntPrefix>
</AssgnmntList>
<ObjMetaDataList/>
<MetaDataList/>
</TestCase>
<TestCase Comment="" Date="1329200750958" Name="org.jfree.data.RangeTest:shiftZeroCrossingCenterNoShift">
<CovList>
<CovPrefix CovItemPrefix="org.jfree.data.Range.java">
<Cov CovItemId="B2" Value="2"/>
<Cov CovItemId="B23" Value="1"/>
<Cov CovItemId="B30" Value="1"/>
<Cov CovItemId="B32" Value="1"/>
<Cov CovItemId="B34" Value="1"/>
<Cov CovItemId="S2" Value="2"/>
<Cov CovItemId="S43" Value="1"/>
<Cov CovItemId="S44" Value="1"/>
<Cov CovItemId="S5" Value="2"/>
<Cov CovItemId="S51" Value="1"/>
<Cov CovItemId="S53" Value="1"/>
<Cov CovItemId="S54" Value="1"/>
<Cov CovItemId="S56" Value="1"/>
<Cov CovItemId="S58" Value="1"/>
<Cov CovItemId="S6" Value="2"/>
<Cov CovItemId="S7" Value="1"/>
<Cov CovItemId="S8" Value="1"/>
</CovPrefix>
</CovList>
<AssgnmntList>
<AssgnmntPrefix RootTermCovItemPrefix="org.jfree.data.Range.java">
<AssgnmntListEntry Length="1" RootTermCovItemId="C1">
<MapEntry BoolAssgnmnt="0" Value="2"/>
</AssgnmntListEntry>
<AssgnmntListEntry Length="1" RootTermCovItemId="C12">
<MapEntry BoolAssgnmnt="1" Value="1"/>
</AssgnmntListEntry>
<AssgnmntListEntry Length="1" RootTermCovItemId="C15">
<MapEntry BoolAssgnmnt="1" Value="1"/>
</AssgnmntListEntry>
<AssgnmntListEntry Length="1" RootTermCovItemId="C16">
<MapEntry BoolAssgnmnt="1" Value="1"/>
</AssgnmntListEntry>
<AssgnmntListEntry Length="1" RootTermCovItemId="C17">
<MapEntry BoolAssgnmnt="1" Value="1"/>
</AssgnmntListEntry>
</AssgnmntPrefix>
</AssgnmntList>
<ObjMetaDataList/>
<MetaDataList/>
</TestCase>
<TestCase Comment="" Date="1329200750959" Name="org.jfree.data.RangeTest:equalsNullPassed">
<CovList>
<CovPrefix CovItemPrefix="org.jfree.data.Range.java">
<Cov CovItemId="B2" Value="1"/>
<Cov CovItemId="B29" Value="1"/>
<Cov CovItemId="S2" Value="1"/>
<Cov CovItemId="S5" Value="1"/>
<Cov CovItemId="S51" Value="1"/>
<Cov CovItemId="S52" Value="1"/>
<Cov CovItemId="S6" Value="1"/>
</CovPrefix>
</CovList>
<AssgnmntList>
<AssgnmntPrefix RootTermCovItemPrefix="org.jfree.data.Range.java">
<AssgnmntListEntry Length="1" RootTermCovItemId="C1">
<MapEntry BoolAssgnmnt="0" Value="1"/>
</AssgnmntListEntry>
<AssgnmntListEntry Length="1" RootTermCovItemId="C15">
<MapEntry BoolAssgnmnt="0" Value="1"/>
</AssgnmntListEntry>
</AssgnmntPrefix>
</AssgnmntList>
<ObjMetaDataList/>
<MetaDataList/>
</TestCase>
<TestCase Comment="" Date="1329200750959" Name="org.jfree.data.RangeTest:equalsNonInstanceOfRange">
<CovList>
<CovPrefix CovItemPrefix="org.jfree.data.Range.java">
<Cov CovItemId="B2" Value="1"/>
<Cov CovItemId="B29" Value="1"/>
<Cov CovItemId="S2" Value="1"/>
<Cov CovItemId="S5" Value="1"/>
<Cov CovItemId="S51" Value="1"/>
<Cov CovItemId="S52" Value="1"/>
<Cov CovItemId="S6" Value="1"/>
</CovPrefix>
</CovList>
<AssgnmntList>
<AssgnmntPrefix RootTermCovItemPrefix="org.jfree.data.Range.java">
<AssgnmntListEntry Length="1" RootTermCovItemId="C1">
<MapEntry BoolAssgnmnt="0" Value="1"/>
</AssgnmntListEntry>
<AssgnmntListEntry Length="1" RootTermCovItemId="C15">
<MapEntry BoolAssgnmnt="0" Value="1"/>
</AssgnmntListEntry>
</AssgnmntPrefix>
</AssgnmntList>
<ObjMetaDataList/>
<MetaDataList/>
</TestCase>
<TestCase Comment="" Date="1329200750960" Name="org.jfree.data.RangeTest:equalsNotEquivalentRange">
<CovList>
<CovPrefix CovItemPrefix="org.jfree.data.Range.java">
<Cov CovItemId="B2" Value="2"/>
<Cov CovItemId="B30" Value="1"/>
<Cov CovItemId="B31" Value="1"/>
<Cov CovItemId="S2" Value="2"/>
<Cov CovItemId="S5" Value="2"/>
<Cov CovItemId="S51" Value="1"/>
<Cov CovItemId="S53" Value="1"/>
<Cov CovItemId="S54" Value="1"/>
<Cov CovItemId="S55" Value="1"/>
<Cov CovItemId="S6" Value="2"/>
</CovPrefix>
</CovList>
<AssgnmntList>
<AssgnmntPrefix RootTermCovItemPrefix="org.jfree.data.Range.java">
<AssgnmntListEntry Length="1" RootTermCovItemId="C1">
<MapEntry BoolAssgnmnt="0" Value="2"/>
</AssgnmntListEntry>
<AssgnmntListEntry Length="1" RootTermCovItemId="C15">
<MapEntry BoolAssgnmnt="1" Value="1"/>
</AssgnmntListEntry>
<AssgnmntListEntry Length="1" RootTermCovItemId="C16">
<MapEntry BoolAssgnmnt="0" Value="1"/>
</AssgnmntListEntry>
</AssgnmntPrefix>
</AssgnmntList>
<ObjMetaDataList/>
<MetaDataList/>
</TestCase>
<TestCase Comment="" Date="1329200750961" Name="org.jfree.data.RangeTest:equalsUpperEquivalentLowerNot">
<CovList>
<CovPrefix CovItemPrefix="org.jfree.data.Range.java">
<Cov CovItemId="B2" Value="2"/>
<Cov CovItemId="B30" Value="1"/>
<Cov CovItemId="B31" Value="1"/>
<Cov CovItemId="S2" Value="2"/>
<Cov CovItemId="S5" Value="2"/>
<Cov CovItemId="S51" Value="1"/>
<Cov CovItemId="S53" Value="1"/>
<Cov CovItemId="S54" Value="1"/>
<Cov CovItemId="S55" Value="1"/>
<Cov CovItemId="S6" Value="2"/>
</CovPrefix>
</CovList>
<AssgnmntList>
<AssgnmntPrefix RootTermCovItemPrefix="org.jfree.data.Range.java">
<AssgnmntListEntry Length="1" RootTermCovItemId="C1">
<MapEntry BoolAssgnmnt="0" Value="2"/>
</AssgnmntListEntry>
<AssgnmntListEntry Length="1" RootTermCovItemId="C15">
<MapEntry BoolAssgnmnt="1" Value="1"/>
</AssgnmntListEntry>
<AssgnmntListEntry Length="1" RootTermCovItemId="C16">
<MapEntry BoolAssgnmnt="0" Value="1"/>
</AssgnmntListEntry>
</AssgnmntPrefix>
</AssgnmntList>
<ObjMetaDataList/>
<MetaDataList/>
</TestCase>
<TestCase Comment="Failure&#10;java.lang.AssertionError&#10;&#9;at org.junit.Assert.fail(Assert.java:92)&#10;&#9;at org.junit.Assert.assertTrue(Assert.java:43)&#10;&#9;at org.junit.Assert.assertTrue(Assert.java:54)&#10;&#9;at org.jfree.data.RangeTest.equalsLowerEquivalentUpperNot(RangeTest.java:733)&#10;&#9;at sun.reflect.NativeMethodAccessorImpl.invoke0(Native Method)&#10;&#9;at sun.reflect.NativeMethodAccessorImpl.invoke(NativeMethodAccessorImpl.java:39)&#10;&#9;at sun.reflect.DelegatingMethodAccessorImpl.invoke(DelegatingMethodAccessorImpl.java:25)&#10;&#9;at java.lang.reflect.Method.invoke(Method.java:597)&#10;&#9;at org.junit.runners.model.FrameworkMethod$1.runReflectiveCall(FrameworkMethod.java:45)&#10;&#9;at org.junit.internal.runners.model.ReflectiveCallable.run(ReflectiveCallable.java:15)&#10;&#9;at org.junit.runners.model.FrameworkMethod.invokeExplosively(FrameworkMethod.java:42)&#10;&#9;at org.junit.internal.runners.statements.InvokeMethod.evaluate(InvokeMethod.java:20)&#10;&#9;at org.junit.runners.ParentRunner.runLeaf(ParentRunner.java:263)&#10;&#9;at org.junit.runners.BlockJUnit4ClassRunner.runChild(BlockJUnit4ClassRunner.java:68)&#10;&#9;at org.junit.runners.BlockJUnit4ClassRunner.runChild(BlockJUnit4ClassRunner.java:47)&#10;&#9;at org.junit.runners.ParentRunner$3.run(ParentRunner.java:231)&#10;&#9;at org.junit.runners.ParentRunner$1.schedule(ParentRunner.java:60)&#10;&#9;at org.junit.runners.ParentRunner.runChildren(ParentRunner.java:229)&#10;&#9;at org.junit.runners.ParentRunner.access$000(ParentRunner.java:50)&#10;&#9;at org.junit.runners.ParentRunner$2.evaluate(ParentRunner.java:222)&#10;&#9;at org.junit.runners.ParentRunner.run(ParentRunner.java:300)&#10;&#9;at org.eclipse.jdt.internal.junit4.runner.JUnit4TestReference.run(JUnit4TestReference.java:49)&#10;&#9;at org.eclipse.jdt.internal.junit.runner.TestExecution.run(TestExecution.java:38)&#10;&#9;at org.eclipse.jdt.internal.junit.runner.RemoteTestRunner.runTests(RemoteTestRunner.java:467)&#10;&#9;at org.eclipse.jdt.internal.junit.runner.RemoteTestRunner.runTests(RemoteTestRunner.java:683)&#10;&#9;at org.eclipse.jdt.internal.junit.runner.RemoteTestRunner.run(RemoteTestRunner.java:390)&#10;&#9;at org.codecover.juniteclipse.runner.EclipseTestRunner.main(EclipseTestRunner.java:40)" Date="1329200750961" Name="org.jfree.data.RangeTest:equalsLowerEquivalentUpperNot">
<CovList>
<CovPrefix CovItemPrefix="org.jfree.data.Range.java">
<Cov CovItemId="B2" Value="2"/>
<Cov CovItemId="B30" Value="1"/>
<Cov CovItemId="B32" Value="1"/>
<Cov CovItemId="B33" Value="1"/>
<Cov CovItemId="S2" Value="2"/>
<Cov CovItemId="S5" Value="2"/>
<Cov CovItemId="S51" Value="1"/>
<Cov CovItemId="S53" Value="1"/>
<Cov CovItemId="S54" Value="1"/>
<Cov CovItemId="S56" Value="1"/>
<Cov CovItemId="S57" Value="1"/>
<Cov CovItemId="S6" Value="2"/>
</CovPrefix>
</CovList>
<AssgnmntList>
<AssgnmntPrefix RootTermCovItemPrefix="org.jfree.data.Range.java">
<AssgnmntListEntry Length="1" RootTermCovItemId="C1">
<MapEntry BoolAssgnmnt="0" Value="2"/>
</AssgnmntListEntry>
<AssgnmntListEntry Length="1" RootTermCovItemId="C15">
<MapEntry BoolAssgnmnt="1" Value="1"/>
</AssgnmntListEntry>
<AssgnmntListEntry Length="1" RootTermCovItemId="C16">
<MapEntry BoolAssgnmnt="1" Value="1"/>
</AssgnmntListEntry>
<AssgnmntListEntry Length="1" RootTermCovItemId="C17">
<MapEntry BoolAssgnmnt="0" Value="1"/>
</AssgnmntListEntry>
</AssgnmntPrefix>
</AssgnmntList>
<ObjMetaDataList/>
<MetaDataList/>
</TestCase>
<TestCase Comment="Failure&#10;java.lang.AssertionError&#10;&#9;at org.junit.Assert.fail(Assert.java:92)&#10;&#9;at org.junit.Assert.assertTrue(Assert.java:43)&#10;&#9;at org.junit.Assert.assertTrue(Assert.java:54)&#10;&#9;at org.jfree.data.RangeTest.expandNullPassed(RangeTest.java:745)&#10;&#9;at sun.reflect.NativeMethodAccessorImpl.invoke0(Native Method)&#10;&#9;at sun.reflect.NativeMethodAccessorImpl.invoke(NativeMethodAccessorImpl.java:39)&#10;&#9;at sun.reflect.DelegatingMethodAccessorImpl.invoke(DelegatingMethodAccessorImpl.java:25)&#10;&#9;at java.lang.reflect.Method.invoke(Method.java:597)&#10;&#9;at org.junit.runners.model.FrameworkMethod$1.runReflectiveCall(FrameworkMethod.java:45)&#10;&#9;at org.junit.internal.runners.model.ReflectiveCallable.run(ReflectiveCallable.java:15)&#10;&#9;at org.junit.runners.model.FrameworkMethod.invokeExplosively(FrameworkMethod.java:42)&#10;&#9;at org.junit.internal.runners.statements.InvokeMethod.evaluate(InvokeMethod.java:20)&#10;&#9;at org.junit.runners.ParentRunner.runLeaf(ParentRunner.java:263)&#10;&#9;at org.junit.runners.BlockJUnit4ClassRunner.runChild(BlockJUnit4ClassRunner.java:68)&#10;&#9;at org.junit.runners.BlockJUnit4ClassRunner.runChild(BlockJUnit4ClassRunner.java:47)&#10;&#9;at org.junit.runners.ParentRunner$3.run(ParentRunner.java:231)&#10;&#9;at org.junit.runners.ParentRunner$1.schedule(ParentRunner.java:60)&#10;&#9;at org.junit.runners.ParentRunner.runChildren(ParentRunner.java:229)&#10;&#9;at org.junit.runners.ParentRunner.access$000(ParentRunner.java:50)&#10;&#9;at org.junit.runners.ParentRunner$2.evaluate(ParentRunner.java:222)&#10;&#9;at org.junit.runners.ParentRunner.run(ParentRunner.java:300)&#10;&#9;at org.eclipse.jdt.internal.junit4.runner.JUnit4TestReference.run(JUnit4TestReference.java:49)&#10;&#9;at org.eclipse.jdt.internal.junit.runner.TestExecution.run(TestExecution.java:38)&#10;&#9;at org.eclipse.jdt.internal.junit.runner.RemoteTestRunner.runTests(RemoteTestRunner.java:467)&#10;&#9;at org.eclipse.jdt.internal.junit.runner.RemoteTestRunner.runTests(RemoteTestRunner.java:683)&#10;&#9;at org.eclipse.jdt.internal.junit.runner.RemoteTestRunner.run(RemoteTestRunner.java:390)&#10;&#9;at org.codecover.juniteclipse.runner.EclipseTestRunner.main(EclipseTestRunner.java:40)" Date="1329200750963" Name="org.jfree.data.RangeTest:expandNullPassed">
<CovList>
<CovPrefix CovItemPrefix="org.jfree.data.Range.java">
<Cov CovItemId="B21" Value="1"/>
<Cov CovItemId="S36" Value="1"/>
<Cov CovItemId="S37" Value="1"/>
</CovPrefix>
</CovList>
<AssgnmntList>
<AssgnmntPrefix RootTermCovItemPrefix="org.jfree.data.Range.java">
<AssgnmntListEntry Length="1" RootTermCovItemId="C11">
<MapEntry BoolAssgnmnt="1" Value="1"/>
</AssgnmntListEntry>
</AssgnmntPrefix>
</AssgnmntList>
<ObjMetaDataList/>
<MetaDataList/>
</TestCase>
<TestCase Comment="" Date="1329200750964" Name="org.jfree.data.RangeTest:expandNormalRangeZeroUpperLower">
<CovList>
<CovPrefix CovItemPrefix="org.jfree.data.Range.java">
<Cov CovItemId="B2" Value="3"/>
<Cov CovItemId="B22" Value="1"/>
<Cov CovItemId="B30" Value="1"/>
<Cov CovItemId="B32" Value="1"/>
<Cov CovItemId="B34" Value="1"/>
<Cov CovItemId="S2" Value="3"/>
<Cov CovItemId="S36" Value="1"/>
<Cov CovItemId="S38" Value="1"/>
<Cov CovItemId="S39" Value="1"/>
<Cov CovItemId="S40" Value="1"/>
<Cov CovItemId="S41" Value="1"/>
<Cov CovItemId="S5" Value="3"/>
<Cov CovItemId="S51" Value="1"/>
<Cov CovItemId="S53" Value="1"/>
<Cov CovItemId="S54" Value="1"/>
<Cov CovItemId="S56" Value="1"/>
<Cov CovItemId="S58" Value="1"/>
<Cov CovItemId="S6" Value="3"/>
<Cov CovItemId="S7" Value="1"/>
<Cov CovItemId="S8" Value="1"/>
<Cov CovItemId="S9" Value="1"/>
</CovPrefix>
</CovList>
<AssgnmntList>
<AssgnmntPrefix RootTermCovItemPrefix="org.jfree.data.Range.java">
<AssgnmntListEntry Length="1" RootTermCovItemId="C1">
<MapEntry BoolAssgnmnt="0" Value="3"/>
</AssgnmntListEntry>
<AssgnmntListEntry Length="1" RootTermCovItemId="C11">
<MapEntry BoolAssgnmnt="0" Value="1"/>
</AssgnmntListEntry>
<AssgnmntListEntry Length="1" RootTermCovItemId="C15">
<MapEntry BoolAssgnmnt="1" Value="1"/>
</AssgnmntListEntry>
<AssgnmntListEntry Length="1" RootTermCovItemId="C16">
<MapEntry BoolAssgnmnt="1" Value="1"/>
</AssgnmntListEntry>
<AssgnmntListEntry Length="1" RootTermCovItemId="C17">
<MapEntry BoolAssgnmnt="1" Value="1"/>
</AssgnmntListEntry>
</AssgnmntPrefix>
</AssgnmntList>
<ObjMetaDataList/>
<MetaDataList/>
</TestCase>
<TestCase Comment="" Date="1329200750965" Name="org.jfree.data.RangeTest:expandNormalRangeZeroLowerPointFiveUpper">
<CovList>
<CovPrefix CovItemPrefix="org.jfree.data.Range.java">
<Cov CovItemId="B2" Value="3"/>
<Cov CovItemId="B22" Value="1"/>
<Cov CovItemId="B30" Value="1"/>
<Cov CovItemId="B32" Value="1"/>
<Cov CovItemId="B33" Value="1"/>
<Cov CovItemId="S2" Value="3"/>
<Cov CovItemId="S36" Value="1"/>
<Cov CovItemId="S38" Value="1"/>
<Cov CovItemId="S39" Value="1"/>
<Cov CovItemId="S40" Value="1"/>
<Cov CovItemId="S41" Value="1"/>
<Cov CovItemId="S5" Value="3"/>
<Cov CovItemId="S51" Value="1"/>
<Cov CovItemId="S53" Value="1"/>
<Cov CovItemId="S54" Value="1"/>
<Cov CovItemId="S56" Value="1"/>
<Cov CovItemId="S57" Value="1"/>
<Cov CovItemId="S6" Value="3"/>
<Cov CovItemId="S7" Value="1"/>
<Cov CovItemId="S8" Value="1"/>
<Cov CovItemId="S9" Value="1"/>
</CovPrefix>
</CovList>
<AssgnmntList>
<AssgnmntPrefix RootTermCovItemPrefix="org.jfree.data.Range.java">
<AssgnmntListEntry Length="1" RootTermCovItemId="C1">
<MapEntry BoolAssgnmnt="0" Value="3"/>
</AssgnmntListEntry>
<AssgnmntListEntry Length="1" RootTermCovItemId="C11">
<MapEntry BoolAssgnmnt="0" Value="1"/>
</AssgnmntListEntry>
<AssgnmntListEntry Length="1" RootTermCovItemId="C15">
<MapEntry BoolAssgnmnt="1" Value="1"/>
</AssgnmntListEntry>
<AssgnmntListEntry Length="1" RootTermCovItemId="C16">
<MapEntry BoolAssgnmnt="1" Value="1"/>
</AssgnmntListEntry>
<AssgnmntListEntry Length="1" RootTermCovItemId="C17">
<MapEntry BoolAssgnmnt="0" Value="1"/>
</AssgnmntListEntry>
</AssgnmntPrefix>
</AssgnmntList>
<ObjMetaDataList/>
<MetaDataList/>
</TestCase>
<TestCase Comment="Failure&#10;java.lang.AssertionError&#10;&#9;at org.junit.Assert.fail(Assert.java:92)&#10;&#9;at org.junit.Assert.assertTrue(Assert.java:43)&#10;&#9;at org.junit.Assert.assertTrue(Assert.java:54)&#10;&#9;at org.jfree.data.RangeTest.expandNormalRangeZeroUpperPointFiveLower(RangeTest.java:770)&#10;&#9;at sun.reflect.NativeMethodAccessorImpl.invoke0(Native Method)&#10;&#9;at sun.reflect.NativeMethodAccessorImpl.invoke(NativeMethodAccessorImpl.java:39)&#10;&#9;at sun.reflect.DelegatingMethodAccessorImpl.invoke(DelegatingMethodAccessorImpl.java:25)&#10;&#9;at java.lang.reflect.Method.invoke(Method.java:597)&#10;&#9;at org.junit.runners.model.FrameworkMethod$1.runReflectiveCall(FrameworkMethod.java:45)&#10;&#9;at org.junit.internal.runners.model.ReflectiveCallable.run(ReflectiveCallable.java:15)&#10;&#9;at org.junit.runners.model.FrameworkMethod.invokeExplosively(FrameworkMethod.java:42)&#10;&#9;at org.junit.internal.runners.statements.InvokeMethod.evaluate(InvokeMethod.java:20)&#10;&#9;at org.junit.runners.ParentRunner.runLeaf(ParentRunner.java:263)&#10;&#9;at org.junit.runners.BlockJUnit4ClassRunner.runChild(BlockJUnit4ClassRunner.java:68)&#10;&#9;at org.junit.runners.BlockJUnit4ClassRunner.runChild(BlockJUnit4ClassRunner.java:47)&#10;&#9;at org.junit.runners.ParentRunner$3.run(ParentRunner.java:231)&#10;&#9;at org.junit.runners.ParentRunner$1.schedule(ParentRunner.java:60)&#10;&#9;at org.junit.runners.ParentRunner.runChildren(ParentRunner.java:229)&#10;&#9;at org.junit.runners.ParentRunner.access$000(ParentRunner.java:50)&#10;&#9;at org.junit.runners.ParentRunner$2.evaluate(ParentRunner.java:222)&#10;&#9;at org.junit.runners.ParentRunner.run(ParentRunner.java:300)&#10;&#9;at org.eclipse.jdt.internal.junit4.runner.JUnit4TestReference.run(JUnit4TestReference.java:49)&#10;&#9;at org.eclipse.jdt.internal.junit.runner.TestExecution.run(TestExecution.java:38)&#10;&#9;at org.eclipse.jdt.internal.junit.runner.RemoteTestRunner.runTests(RemoteTestRunner.java:467)&#10;&#9;at org.eclipse.jdt.internal.junit.runner.RemoteTestRunner.runTests(RemoteTestRunner.java:683)&#10;&#9;at org.eclipse.jdt.internal.junit.runner.RemoteTestRunner.run(RemoteTestRunner.java:390)&#10;&#9;at org.codecover.juniteclipse.runner.EclipseTestRunner.main(EclipseTestRunner.java:40)" Date="1329200750981" Name="org.jfree.data.RangeTest:expandNormalRangeZeroUpperPointFiveLower">
<CovList>
<CovPrefix CovItemPrefix="org.jfree.data.Range.java">
<Cov CovItemId="B2" Value="3"/>
<Cov CovItemId="B22" Value="1"/>
<Cov CovItemId="B30" Value="1"/>
<Cov CovItemId="B31" Value="1"/>
<Cov CovItemId="S2" Value="3"/>
<Cov CovItemId="S36" Value="1"/>
<Cov CovItemId="S38" Value="1"/>
<Cov CovItemId="S39" Value="1"/>
<Cov CovItemId="S40" Value="1"/>
<Cov CovItemId="S41" Value="1"/>
<Cov CovItemId="S5" Value="3"/>
<Cov CovItemId="S51" Value="1"/>
<Cov CovItemId="S53" Value="1"/>
<Cov CovItemId="S54" Value="1"/>
<Cov CovItemId="S55" Value="1"/>
<Cov CovItemId="S6" Value="3"/>
<Cov CovItemId="S7" Value="1"/>
<Cov CovItemId="S8" Value="1"/>
<Cov CovItemId="S9" Value="1"/>
</CovPrefix>
</CovList>
<AssgnmntList>
<AssgnmntPrefix RootTermCovItemPrefix="org.jfree.data.Range.java">
<AssgnmntListEntry Length="1" RootTermCovItemId="C1">
<MapEntry BoolAssgnmnt="0" Value="3"/>
</AssgnmntListEntry>
<AssgnmntListEntry Length="1" RootTermCovItemId="C11">
<MapEntry BoolAssgnmnt="0" Value="1"/>
</AssgnmntListEntry>
<AssgnmntListEntry Length="1" RootTermCovItemId="C15">
<MapEntry BoolAssgnmnt="1" Value="1"/>
</AssgnmntListEntry>
<AssgnmntListEntry Length="1" RootTermCovItemId="C16">
<MapEntry BoolAssgnmnt="0" Value="1"/>
</AssgnmntListEntry>
</AssgnmntPrefix>
</AssgnmntList>
<ObjMetaDataList/>
<MetaDataList/>
</TestCase>
<TestCase Comment="Failure&#10;java.lang.AssertionError&#10;&#9;at org.junit.Assert.fail(Assert.java:92)&#10;&#9;at org.junit.Assert.assertTrue(Assert.java:43)&#10;&#9;at org.junit.Assert.assertTrue(Assert.java:54)&#10;&#9;at org.jfree.data.RangeTest.expandNormalRangeUpperLowerAboveZero(RangeTest.java:778)&#10;&#9;at sun.reflect.NativeMethodAccessorImpl.invoke0(Native Method)&#10;&#9;at sun.reflect.NativeMethodAccessorImpl.invoke(NativeMethodAccessorImpl.java:39)&#10;&#9;at sun.reflect.DelegatingMethodAccessorImpl.invoke(DelegatingMethodAccessorImpl.java:25)&#10;&#9;at java.lang.reflect.Method.invoke(Method.java:597)&#10;&#9;at org.junit.runners.model.FrameworkMethod$1.runReflectiveCall(FrameworkMethod.java:45)&#10;&#9;at org.junit.internal.runners.model.ReflectiveCallable.run(ReflectiveCallable.java:15)&#10;&#9;at org.junit.runners.model.FrameworkMethod.invokeExplosively(FrameworkMethod.java:42)&#10;&#9;at org.junit.internal.runners.statements.InvokeMethod.evaluate(InvokeMethod.java:20)&#10;&#9;at org.junit.runners.ParentRunner.runLeaf(ParentRunner.java:263)&#10;&#9;at org.junit.runners.BlockJUnit4ClassRunner.runChild(BlockJUnit4ClassRunner.java:68)&#10;&#9;at org.junit.runners.BlockJUnit4ClassRunner.runChild(BlockJUnit4ClassRunner.java:47)&#10;&#9;at org.junit.runners.ParentRunner$3.run(ParentRunner.java:231)&#10;&#9;at org.junit.runners.ParentRunner$1.schedule(ParentRunner.java:60)&#10;&#9;at org.junit.runners.ParentRunner.runChildren(ParentRunner.java:229)&#10;&#9;at org.junit.runners.ParentRunner.access$000(ParentRunner.java:50)&#10;&#9;at org.junit.runners.ParentRunner$2.evaluate(ParentRunner.java:222)&#10;&#9;at org.junit.runners.ParentRunner.run(ParentRunner.java:300)&#10;&#9;at org.eclipse.jdt.internal.junit4.runner.JUnit4TestReference.run(JUnit4TestReference.java:49)&#10;&#9;at org.eclipse.jdt.internal.junit.runner.TestExecution.run(TestExecution.java:38)&#10;&#9;at org.eclipse.jdt.internal.junit.runner.RemoteTestRunner.runTests(RemoteTestRunner.java:467)&#10;&#9;at org.eclipse.jdt.internal.junit.runner.RemoteTestRunner.runTests(RemoteTestRunner.java:683)&#10;&#9;at org.eclipse.jdt.internal.junit.runner.RemoteTestRunner.run(RemoteTestRunner.java:390)&#10;&#9;at org.codecover.juniteclipse.runner.EclipseTestRunner.main(EclipseTestRunner.java:40)" Date="1329200750982" Name="org.jfree.data.RangeTest:expandNormalRangeUpperLowerAboveZero">
<CovList>
<CovPrefix CovItemPrefix="org.jfree.data.Range.java">
<Cov CovItemId="B2" Value="3"/>
<Cov CovItemId="B22" Value="1"/>
<Cov CovItemId="B30" Value="1"/>
<Cov CovItemId="B31" Value="1"/>
<Cov CovItemId="S2" Value="3"/>
<Cov CovItemId="S36" Value="1"/>
<Cov CovItemId="S38" Value="1"/>
<Cov CovItemId="S39" Value="1"/>
<Cov CovItemId="S40" Value="1"/>
<Cov CovItemId="S41" Value="1"/>
<Cov CovItemId="S5" Value="3"/>
<Cov CovItemId="S51" Value="1"/>
<Cov CovItemId="S53" Value="1"/>
<Cov CovItemId="S54" Value="1"/>
<Cov CovItemId="S55" Value="1"/>
<Cov CovItemId="S6" Value="3"/>
<Cov CovItemId="S7" Value="1"/>
<Cov CovItemId="S8" Value="1"/>
<Cov CovItemId="S9" Value="1"/>
</CovPrefix>
</CovList>
<AssgnmntList>
<AssgnmntPrefix RootTermCovItemPrefix="org.jfree.data.Range.java">
<AssgnmntListEntry Length="1" RootTermCovItemId="C1">
<MapEntry BoolAssgnmnt="0" Value="3"/>
</AssgnmntListEntry>
<AssgnmntListEntry Length="1" RootTermCovItemId="C11">
<MapEntry BoolAssgnmnt="0" Value="1"/>
</AssgnmntListEntry>
<AssgnmntListEntry Length="1" RootTermCovItemId="C15">
<MapEntry BoolAssgnmnt="1" Value="1"/>
</AssgnmntListEntry>
<AssgnmntListEntry Length="1" RootTermCovItemId="C16">
<MapEntry BoolAssgnmnt="0" Value="1"/>
</AssgnmntListEntry>
</AssgnmntPrefix>
</AssgnmntList>
<ObjMetaDataList/>
<MetaDataList/>
</TestCase>
<TestCase Comment="" Date="1329200751001" Name="org.jfree.data.RangeTest:expandZeroRangeUpperLowerAboveZero">
<CovList>
<CovPrefix CovItemPrefix="org.jfree.data.Range.java">
<Cov CovItemId="B2" Value="3"/>
<Cov CovItemId="B22" Value="1"/>
<Cov CovItemId="B30" Value="1"/>
<Cov CovItemId="B32" Value="1"/>
<Cov CovItemId="B34" Value="1"/>
<Cov CovItemId="S2" Value="3"/>
<Cov CovItemId="S36" Value="1"/>
<Cov CovItemId="S38" Value="1"/>
<Cov CovItemId="S39" Value="1"/>
<Cov CovItemId="S40" Value="1"/>
<Cov CovItemId="S41" Value="1"/>
<Cov CovItemId="S5" Value="3"/>
<Cov CovItemId="S51" Value="1"/>
<Cov CovItemId="S53" Value="1"/>
<Cov CovItemId="S54" Value="1"/>
<Cov CovItemId="S56" Value="1"/>
<Cov CovItemId="S58" Value="1"/>
<Cov CovItemId="S6" Value="3"/>
<Cov CovItemId="S7" Value="1"/>
<Cov CovItemId="S8" Value="1"/>
<Cov CovItemId="S9" Value="1"/>
</CovPrefix>
</CovList>
<AssgnmntList>
<AssgnmntPrefix RootTermCovItemPrefix="org.jfree.data.Range.java">
<AssgnmntListEntry Length="1" RootTermCovItemId="C1">
<MapEntry BoolAssgnmnt="0" Value="3"/>
</AssgnmntListEntry>
<AssgnmntListEntry Length="1" RootTermCovItemId="C11">
<MapEntry BoolAssgnmnt="0" Value="1"/>
</AssgnmntListEntry>
<AssgnmntListEntry Length="1" RootTermCovItemId="C15">
<MapEntry BoolAssgnmnt="1" Value="1"/>
</AssgnmntListEntry>
<AssgnmntListEntry Length="1" RootTermCovItemId="C16">
<MapEntry BoolAssgnmnt="1" Value="1"/>
</AssgnmntListEntry>
<AssgnmntListEntry Length="1" RootTermCovItemId="C17">
<MapEntry BoolAssgnmnt="1" Value="1"/>
</AssgnmntListEntry>
</AssgnmntPrefix>
</AssgnmntList>
<ObjMetaDataList/>
<MetaDataList/>
</TestCase>
<TestCase Comment="" Date="1329200751006" Name="org.jfree.data.RangeTest:getCentralValueZeroRange">
<CovList>
<CovPrefix CovItemPrefix="org.jfree.data.Range.java">
<Cov CovItemId="B2" Value="1"/>
<Cov CovItemId="S10" Value="1"/>
<Cov CovItemId="S2" Value="1"/>
<Cov CovItemId="S5" Value="1"/>
<Cov CovItemId="S6" Value="1"/>
</CovPrefix>
</CovList>
<AssgnmntList>
<AssgnmntPrefix RootTermCovItemPrefix="org.jfree.data.Range.java">
<AssgnmntListEntry Length="1" RootTermCovItemId="C1">
<MapEntry BoolAssgnmnt="0" Value="1"/>
</AssgnmntListEntry>
</AssgnmntPrefix>
</AssgnmntList>
<ObjMetaDataList/>
<MetaDataList/>
</TestCase>
<TestCase Comment="" Date="1329200751006" Name="org.jfree.data.RangeTest:getCentralValueUpperLowerOneApart">
<CovList>
<CovPrefix CovItemPrefix="org.jfree.data.Range.java">
<Cov CovItemId="B2" Value="1"/>
<Cov CovItemId="S10" Value="1"/>
<Cov CovItemId="S2" Value="1"/>
<Cov CovItemId="S5" Value="1"/>
<Cov CovItemId="S6" Value="1"/>
</CovPrefix>
</CovList>
<AssgnmntList>
<AssgnmntPrefix RootTermCovItemPrefix="org.jfree.data.Range.java">
<AssgnmntListEntry Length="1" RootTermCovItemId="C1">
<MapEntry BoolAssgnmnt="0" Value="1"/>
</AssgnmntListEntry>
</AssgnmntPrefix>
</AssgnmntList>
<ObjMetaDataList/>
<MetaDataList/>
</TestCase>
<TestCase Comment="" Date="1329200751007" Name="org.jfree.data.RangeTest:getCentralValueUpperLowerTwoApart">
<CovList>
<CovPrefix CovItemPrefix="org.jfree.data.Range.java">
<Cov CovItemId="B2" Value="1"/>
<Cov CovItemId="S10" Value="1"/>
<Cov CovItemId="S2" Value="1"/>
<Cov CovItemId="S5" Value="1"/>
<Cov CovItemId="S6" Value="1"/>
</CovPrefix>
</CovList>
<AssgnmntList>
<AssgnmntPrefix RootTermCovItemPrefix="org.jfree.data.Range.java">
<AssgnmntListEntry Length="1" RootTermCovItemId="C1">
<MapEntry BoolAssgnmnt="0" Value="1"/>
</AssgnmntListEntry>
</AssgnmntPrefix>
</AssgnmntList>
<ObjMetaDataList/>
<MetaDataList/>
</TestCase>
<TestCase Comment="" Date="1329200751007" Name="org.jfree.data.RangeTest:getCentralValueNegToPosRange">
<CovList>
<CovPrefix CovItemPrefix="org.jfree.data.Range.java">
<Cov CovItemId="B2" Value="1"/>
<Cov CovItemId="S10" Value="1"/>
<Cov CovItemId="S2" Value="1"/>
<Cov CovItemId="S5" Value="1"/>
<Cov CovItemId="S6" Value="1"/>
</CovPrefix>
</CovList>
<AssgnmntList>
<AssgnmntPrefix RootTermCovItemPrefix="org.jfree.data.Range.java">
<AssgnmntListEntry Length="1" RootTermCovItemId="C1">
<MapEntry BoolAssgnmnt="0" Value="1"/>
</AssgnmntListEntry>
</AssgnmntPrefix>
</AssgnmntList>
<ObjMetaDataList/>
<MetaDataList/>
</TestCase>
<TestCase Comment="" Date="1329200751008" Name="org.jfree.data.RangeTest:getLengthZeroRange">
<CovList>
<CovPrefix CovItemPrefix="org.jfree.data.Range.java">
<Cov CovItemId="B2" Value="1"/>
<Cov CovItemId="S2" Value="1"/>
<Cov CovItemId="S5" Value="1"/>
<Cov CovItemId="S6" Value="1"/>
<Cov CovItemId="S9" Value="1"/>
</CovPrefix>
</CovList>
<AssgnmntList>
<AssgnmntPrefix RootTermCovItemPrefix="org.jfree.data.Range.java">
<AssgnmntListEntry Length="1" RootTermCovItemId="C1">
<MapEntry BoolAssgnmnt="0" Value="1"/>
</AssgnmntListEntry>
</AssgnmntPrefix>
</AssgnmntList>
<ObjMetaDataList/>
<MetaDataList/>
</TestCase>
<TestCase Comment="" Date="1329200751008" Name="org.jfree.data.RangeTest:getLengthNegToPosRange">
<CovList>
<CovPrefix CovItemPrefix="org.jfree.data.Range.java">
<Cov CovItemId="B2" Value="1"/>
<Cov CovItemId="S2" Value="1"/>
<Cov CovItemId="S5" Value="1"/>
<Cov CovItemId="S6" Value="1"/>
<Cov CovItemId="S9" Value="1"/>
</CovPrefix>
</CovList>
<AssgnmntList>
<AssgnmntPrefix RootTermCovItemPrefix="org.jfree.data.Range.java">
<AssgnmntListEntry Length="1" RootTermCovItemId="C1">
<MapEntry BoolAssgnmnt="0" Value="1"/>
</AssgnmntListEntry>
</AssgnmntPrefix>
</AssgnmntList>
<ObjMetaDataList/>
<MetaDataList/>
</TestCase>
<TestCase Comment="" Date="1329200751009" Name="org.jfree.data.RangeTest:getLengthPosToPosRange">
<CovList>
<CovPrefix CovItemPrefix="org.jfree.data.Range.java">
<Cov CovItemId="B2" Value="1"/>
<Cov CovItemId="S2" Value="1"/>
<Cov CovItemId="S5" Value="1"/>
<Cov CovItemId="S6" Value="1"/>
<Cov CovItemId="S9" Value="1"/>
</CovPrefix>
</CovList>
<AssgnmntList>
<AssgnmntPrefix RootTermCovItemPrefix="org.jfree.data.Range.java">
<AssgnmntListEntry Length="1" RootTermCovItemId="C1">
<MapEntry BoolAssgnmnt="0" Value="1"/>
</AssgnmntListEntry>
</AssgnmntPrefix>
</AssgnmntList>
<ObjMetaDataList/>
<MetaDataList/>
</TestCase>
<TestCase Comment="" Date="1329200751009" Name="org.jfree.data.RangeTest:getLowerBoundZeroRange">
<CovList>
<CovPrefix CovItemPrefix="org.jfree.data.Range.java">
<Cov CovItemId="B2" Value="1"/>
<Cov CovItemId="S2" Value="1"/>
<Cov CovItemId="S5" Value="1"/>
<Cov CovItemId="S6" Value="1"/>
<Cov CovItemId="S7" Value="1"/>
</CovPrefix>
</CovList>
<AssgnmntList>
<AssgnmntPrefix RootTermCovItemPrefix="org.jfree.data.Range.java">
<AssgnmntListEntry Length="1" RootTermCovItemId="C1">
<MapEntry BoolAssgnmnt="0" Value="1"/>
</AssgnmntListEntry>
</AssgnmntPrefix>
</AssgnmntList>
<ObjMetaDataList/>
<MetaDataList/>
</TestCase>
<TestCase Comment="" Date="1329200751010" Name="org.jfree.data.RangeTest:getLowerBoundNonZeroRange">
<CovList>
<CovPrefix CovItemPrefix="org.jfree.data.Range.java">
<Cov CovItemId="B2" Value="1"/>
<Cov CovItemId="S2" Value="1"/>
<Cov CovItemId="S5" Value="1"/>
<Cov CovItemId="S6" Value="1"/>
<Cov CovItemId="S7" Value="1"/>
</CovPrefix>
</CovList>
<AssgnmntList>
<AssgnmntPrefix RootTermCovItemPrefix="org.jfree.data.Range.java">
<AssgnmntListEntry Length="1" RootTermCovItemId="C1">
<MapEntry BoolAssgnmnt="0" Value="1"/>
</AssgnmntListEntry>
</AssgnmntPrefix>
</AssgnmntList>
<ObjMetaDataList/>
<MetaDataList/>
</TestCase>
<TestCase Comment="" Date="1329200751010" Name="org.jfree.data.RangeTest:getUpperBoundZeroRange">
<CovList>
<CovPrefix CovItemPrefix="org.jfree.data.Range.java">
<Cov CovItemId="B2" Value="1"/>
<Cov CovItemId="S2" Value="1"/>
<Cov CovItemId="S5" Value="1"/>
<Cov CovItemId="S6" Value="1"/>
<Cov CovItemId="S8" Value="1"/>
</CovPrefix>
</CovList>
<AssgnmntList>
<AssgnmntPrefix RootTermCovItemPrefix="org.jfree.data.Range.java">
<AssgnmntListEntry Length="1" RootTermCovItemId="C1">
<MapEntry BoolAssgnmnt="0" Value="1"/>
</AssgnmntListEntry>
</AssgnmntPrefix>
</AssgnmntList>
<ObjMetaDataList/>
<MetaDataList/>
</TestCase>
<TestCase Comment="" Date="1329200751011" Name="org.jfree.data.RangeTest:getUpperBoundNonZeroRange">
<CovList>
<CovPrefix CovItemPrefix="org.jfree.data.Range.java">
<Cov CovItemId="B2" Value="1"/>
<Cov CovItemId="S2" Value="1"/>
<Cov CovItemId="S5" Value="1"/>
<Cov CovItemId="S6" Value="1"/>
<Cov CovItemId="S8" Value="1"/>
</CovPrefix>
</CovList>
<AssgnmntList>
<AssgnmntPrefix RootTermCovItemPrefix="org.jfree.data.Range.java">
<AssgnmntListEntry Length="1" RootTermCovItemId="C1">
<MapEntry BoolAssgnmnt="0" Value="1"/>
</AssgnmntListEntry>
</AssgnmntPrefix>
</AssgnmntList>
<ObjMetaDataList/>
<MetaDataList/>
</TestCase>
<TestCase Comment="" Date="1329200751011" Name="org.jfree.data.RangeTest:hashCodeReturnValueIsInt">
<CovList>
<CovPrefix CovItemPrefix="org.jfree.data.Range.java">
<Cov CovItemId="B2" Value="1"/>
<Cov CovItemId="S2" Value="1"/>
<Cov CovItemId="S5" Value="1"/>
<Cov CovItemId="S59" Value="1"/>
<Cov CovItemId="S6" Value="1"/>
<Cov CovItemId="S60" Value="1"/>
<Cov CovItemId="S61" Value="1"/>
<Cov CovItemId="S62" Value="1"/>
<Cov CovItemId="S63" Value="1"/>
</CovPrefix>
</CovList>
<AssgnmntList>
<AssgnmntPrefix RootTermCovItemPrefix="org.jfree.data.Range.java">
<AssgnmntListEntry Length="1" RootTermCovItemId="C1">
<MapEntry BoolAssgnmnt="0" Value="1"/>
</AssgnmntListEntry>
</AssgnmntPrefix>
</AssgnmntList>
<ObjMetaDataList/>
<MetaDataList/>
</TestCase>
<TestCase Comment="Failure&#10;java.lang.AssertionError&#10;&#9;at org.junit.Assert.fail(Assert.java:92)&#10;&#9;at org.junit.Assert.assertTrue(Assert.java:43)&#10;&#9;at org.junit.Assert.assertTrue(Assert.java:54)&#10;&#9;at org.jfree.data.RangeTest.intersectsOverlapping(RangeTest.java:873)&#10;&#9;at sun.reflect.NativeMethodAccessorImpl.invoke0(Native Method)&#10;&#9;at sun.reflect.NativeMethodAccessorImpl.invoke(NativeMethodAccessorImpl.java:39)&#10;&#9;at sun.reflect.DelegatingMethodAccessorImpl.invoke(DelegatingMethodAccessorImpl.java:25)&#10;&#9;at java.lang.reflect.Method.invoke(Method.java:597)&#10;&#9;at org.junit.runners.model.FrameworkMethod$1.runReflectiveCall(FrameworkMethod.java:45)&#10;&#9;at org.junit.internal.runners.model.ReflectiveCallable.run(ReflectiveCallable.java:15)&#10;&#9;at org.junit.runners.model.FrameworkMethod.invokeExplosively(FrameworkMethod.java:42)&#10;&#9;at org.junit.internal.runners.statements.InvokeMethod.evaluate(InvokeMethod.java:20)&#10;&#9;at org.junit.runners.ParentRunner.runLeaf(ParentRunner.java:263)&#10;&#9;at org.junit.runners.BlockJUnit4ClassRunner.runChild(BlockJUnit4ClassRunner.java:68)&#10;&#9;at org.junit.runners.BlockJUnit4ClassRunner.runChild(BlockJUnit4ClassRunner.java:47)&#10;&#9;at org.junit.runners.ParentRunner$3.run(ParentRunner.java:231)&#10;&#9;at org.junit.runners.ParentRunner$1.schedule(ParentRunner.java:60)&#10;&#9;at org.junit.runners.ParentRunner.runChildren(ParentRunner.java:229)&#10;&#9;at org.junit.runners.ParentRunner.access$000(ParentRunner.java:50)&#10;&#9;at org.junit.runners.ParentRunner$2.evaluate(ParentRunner.java:222)&#10;&#9;at org.junit.runners.ParentRunner.run(ParentRunner.java:300)&#10;&#9;at org.eclipse.jdt.internal.junit4.runner.JUnit4TestReference.run(JUnit4TestReference.java:49)&#10;&#9;at org.eclipse.jdt.internal.junit.runner.TestExecution.run(TestExecution.java:38)&#10;&#9;at org.eclipse.jdt.internal.junit.runner.RemoteTestRunner.runTests(RemoteTestRunner.java:467)&#10;&#9;at org.eclipse.jdt.internal.junit.runner.RemoteTestRunner.runTests(RemoteTestRunner.java:683)&#10;&#9;at org.eclipse.jdt.internal.junit.runner.RemoteTestRunner.run(RemoteTestRunner.java:390)&#10;&#9;at org.codecover.juniteclipse.runner.EclipseTestRunner.main(EclipseTestRunner.java:40)" Date="1329200751052" Name="org.jfree.data.RangeTest:intersectsOverlapping">
<CovList>
<CovPrefix CovItemPrefix="org.jfree.data.Range.java">
<Cov CovItemId="B2" Value="1"/>
<Cov CovItemId="B4" Value="1"/>
<Cov CovItemId="S12" Value="1"/>
<Cov CovItemId="S14" Value="1"/>
<Cov CovItemId="S2" Value="1"/>
<Cov CovItemId="S5" Value="1"/>
<Cov CovItemId="S6" Value="1"/>
</CovPrefix>
</CovList>
<AssgnmntList>
<AssgnmntPrefix RootTermCovItemPrefix="org.jfree.data.Range.java">
<AssgnmntListEntry Length="1" RootTermCovItemId="C1">
<MapEntry BoolAssgnmnt="0" Value="1"/>
</AssgnmntListEntry>
<AssgnmntListEntry Length="1" RootTermCovItemId="C2">
<MapEntry BoolAssgnmnt="0" Value="1"/>
</AssgnmntListEntry>
</AssgnmntPrefix>
</AssgnmntList>
<ObjMetaDataList/>
<MetaDataList/>
</TestCase>
<TestCase Comment="" Date="1329200751077" Name="org.jfree.data.RangeTest:intersectsNotOverlapping">
<CovList>
<CovPrefix CovItemPrefix="org.jfree.data.Range.java">
<Cov CovItemId="B2" Value="1"/>
<Cov CovItemId="B4" Value="1"/>
<Cov CovItemId="S12" Value="1"/>
<Cov CovItemId="S14" Value="1"/>
<Cov CovItemId="S2" Value="1"/>
<Cov CovItemId="S5" Value="1"/>
<Cov CovItemId="S6" Value="1"/>
</CovPrefix>
</CovList>
<AssgnmntList>
<AssgnmntPrefix RootTermCovItemPrefix="org.jfree.data.Range.java">
<AssgnmntListEntry Length="1" RootTermCovItemId="C1">
<MapEntry BoolAssgnmnt="0" Value="1"/>
</AssgnmntListEntry>
<AssgnmntListEntry Length="1" RootTermCovItemId="C2">
<MapEntry BoolAssgnmnt="0" Value="1"/>
</AssgnmntListEntry>
</AssgnmntPrefix>
</AssgnmntList>
<ObjMetaDataList/>
<MetaDataList/>
</TestCase>
<TestCase Comment="" Date="1329200751078" Name="org.jfree.data.RangeTest:intersectsEqual">
<CovList>
<CovPrefix CovItemPrefix="org.jfree.data.Range.java">
<Cov CovItemId="B2" Value="1"/>
<Cov CovItemId="B3" Value="1"/>
<Cov CovItemId="S12" Value="1"/>
<Cov CovItemId="S13" Value="1"/>
<Cov CovItemId="S2" Value="1"/>
<Cov CovItemId="S5" Value="1"/>
<Cov CovItemId="S6" Value="1"/>
</CovPrefix>
</CovList>
<AssgnmntList>
<AssgnmntPrefix RootTermCovItemPrefix="org.jfree.data.Range.java">
<AssgnmntListEntry Length="1" RootTermCovItemId="C1">
<MapEntry BoolAssgnmnt="0" Value="1"/>
</AssgnmntListEntry>
<AssgnmntListEntry Length="1" RootTermCovItemId="C2">
<MapEntry BoolAssgnmnt="1" Value="1"/>
</AssgnmntListEntry>
</AssgnmntPrefix>
</AssgnmntList>
<ObjMetaDataList/>
<MetaDataList/>
</TestCase>
<TestCase Comment="" Date="1329200751079" Name="org.jfree.data.RangeTest:intersectsOneApart">
<CovList>
<CovPrefix CovItemPrefix="org.jfree.data.Range.java">
<Cov CovItemId="B2" Value="1"/>
<Cov CovItemId="B4" Value="1"/>
<Cov CovItemId="S12" Value="1"/>
<Cov CovItemId="S14" Value="1"/>
<Cov CovItemId="S2" Value="1"/>
<Cov CovItemId="S5" Value="1"/>
<Cov CovItemId="S6" Value="1"/>
</CovPrefix>
</CovList>
<AssgnmntList>
<AssgnmntPrefix RootTermCovItemPrefix="org.jfree.data.Range.java">
<AssgnmntListEntry Length="1" RootTermCovItemId="C1">
<MapEntry BoolAssgnmnt="0" Value="1"/>
</AssgnmntListEntry>
<AssgnmntListEntry Length="1" RootTermCovItemId="C2">
<MapEntry BoolAssgnmnt="0" Value="1"/>
</AssgnmntListEntry>
</AssgnmntPrefix>
</AssgnmntList>
<ObjMetaDataList/>
<MetaDataList/>
</TestCase>
<TestCase Comment="Failure&#10;java.lang.AssertionError&#10;&#9;at org.junit.Assert.fail(Assert.java:92)&#10;&#9;at org.junit.Assert.assertTrue(Assert.java:43)&#10;&#9;at org.junit.Assert.assertTrue(Assert.java:54)&#10;&#9;at org.jfree.data.RangeTest.intersectsOverlapByOne(RangeTest.java:901)&#10;&#9;at sun.reflect.NativeMethodAccessorImpl.invoke0(Native Method)&#10;&#9;at sun.reflect.NativeMethodAccessorImpl.invoke(NativeMethodAccessorImpl.java:39)&#10;&#9;at sun.reflect.DelegatingMethodAccessorImpl.invoke(DelegatingMethodAccessorImpl.java:25)&#10;&#9;at java.lang.reflect.Method.invoke(Method.java:597)&#10;&#9;at org.junit.runners.model.FrameworkMethod$1.runReflectiveCall(FrameworkMethod.java:45)&#10;&#9;at org.junit.internal.runners.model.ReflectiveCallable.run(ReflectiveCallable.java:15)&#10;&#9;at org.junit.runners.model.FrameworkMethod.invokeExplosively(FrameworkMethod.java:42)&#10;&#9;at org.junit.internal.runners.statements.InvokeMethod.evaluate(InvokeMethod.java:20)&#10;&#9;at org.junit.runners.ParentRunner.runLeaf(ParentRunner.java:263)&#10;&#9;at org.junit.runners.BlockJUnit4ClassRunner.runChild(BlockJUnit4ClassRunner.java:68)&#10;&#9;at org.junit.runners.BlockJUnit4ClassRunner.runChild(BlockJUnit4ClassRunner.java:47)&#10;&#9;at org.junit.runners.ParentRunner$3.run(ParentRunner.java:231)&#10;&#9;at org.junit.runners.ParentRunner$1.schedule(ParentRunner.java:60)&#10;&#9;at org.junit.runners.ParentRunner.runChildren(ParentRunner.java:229)&#10;&#9;at org.junit.runners.ParentRunner.access$000(ParentRunner.java:50)&#10;&#9;at org.junit.runners.ParentRunner$2.evaluate(ParentRunner.java:222)&#10;&#9;at org.junit.runners.ParentRunner.run(ParentRunner.java:300)&#10;&#9;at org.eclipse.jdt.internal.junit4.runner.JUnit4TestReference.run(JUnit4TestReference.java:49)&#10;&#9;at org.eclipse.jdt.internal.junit.runner.TestExecution.run(TestExecution.java:38)&#10;&#9;at org.eclipse.jdt.internal.junit.runner.RemoteTestRunner.runTests(RemoteTestRunner.java:467)&#10;&#9;at org.eclipse.jdt.internal.junit.runner.RemoteTestRunner.runTests(RemoteTestRunner.java:683)&#10;&#9;at org.eclipse.jdt.internal.junit.runner.RemoteTestRunner.run(RemoteTestRunner.java:390)&#10;&#9;at org.codecover.juniteclipse.runner.EclipseTestRunner.main(EclipseTestRunner.java:40)" Date="1329200751079" Name="org.jfree.data.RangeTest:intersectsOverlapByOne">
<CovList>
<CovPrefix CovItemPrefix="org.jfree.data.Range.java">
<Cov CovItemId="B2" Value="1"/>
<Cov CovItemId="B4" Value="1"/>
<Cov CovItemId="S12" Value="1"/>
<Cov CovItemId="S14" Value="1"/>
<Cov CovItemId="S2" Value="1"/>
<Cov CovItemId="S5" Value="1"/>
<Cov CovItemId="S6" Value="1"/>
</CovPrefix>
</CovList>
<AssgnmntList>
<AssgnmntPrefix RootTermCovItemPrefix="org.jfree.data.Range.java">
<AssgnmntListEntry Length="1" RootTermCovItemId="C1">
<MapEntry BoolAssgnmnt="0" Value="1"/>
</AssgnmntListEntry>
<AssgnmntListEntry Length="1" RootTermCovItemId="C2">
<MapEntry BoolAssgnmnt="0" Value="1"/>
</AssgnmntListEntry>
</AssgnmntPrefix>
</AssgnmntList>
<ObjMetaDataList/>
<MetaDataList/>
</TestCase>
<TestCase Comment="Failure&#10;java.lang.AssertionError&#10;&#9;at org.junit.Assert.fail(Assert.java:92)&#10;&#9;at org.junit.Assert.assertTrue(Assert.java:43)&#10;&#9;at org.junit.Assert.assertTrue(Assert.java:54)&#10;&#9;at org.jfree.data.RangeTest.intersectsLowerGreaterThanUpper(RangeTest.java:913)&#10;&#9;at sun.reflect.NativeMethodAccessorImpl.invoke0(Native Method)&#10;&#9;at sun.reflect.NativeMethodAccessorImpl.invoke(NativeMethodAccessorImpl.java:39)&#10;&#9;at sun.reflect.DelegatingMethodAccessorImpl.invoke(DelegatingMethodAccessorImpl.java:25)&#10;&#9;at java.lang.reflect.Method.invoke(Method.java:597)&#10;&#9;at org.junit.runners.model.FrameworkMethod$1.runReflectiveCall(FrameworkMethod.java:45)&#10;&#9;at org.junit.internal.runners.model.ReflectiveCallable.run(ReflectiveCallable.java:15)&#10;&#9;at org.junit.runners.model.FrameworkMethod.invokeExplosively(FrameworkMethod.java:42)&#10;&#9;at org.junit.internal.runners.statements.InvokeMethod.evaluate(InvokeMethod.java:20)&#10;&#9;at org.junit.runners.ParentRunner.runLeaf(ParentRunner.java:263)&#10;&#9;at org.junit.runners.BlockJUnit4ClassRunner.runChild(BlockJUnit4ClassRunner.java:68)&#10;&#9;at org.junit.runners.BlockJUnit4ClassRunner.runChild(BlockJUnit4ClassRunner.java:47)&#10;&#9;at org.junit.runners.ParentRunner$3.run(ParentRunner.java:231)&#10;&#9;at org.junit.runners.ParentRunner$1.schedule(ParentRunner.java:60)&#10;&#9;at org.junit.runners.ParentRunner.runChildren(ParentRunner.java:229)&#10;&#9;at org.junit.runners.ParentRunner.access$000(ParentRunner.java:50)&#10;&#9;at org.junit.runners.ParentRunner$2.evaluate(ParentRunner.java:222)&#10;&#9;at org.junit.runners.ParentRunner.run(ParentRunner.java:300)&#10;&#9;at org.eclipse.jdt.internal.junit4.runner.JUnit4TestReference.run(JUnit4TestReference.java:49)&#10;&#9;at org.eclipse.jdt.internal.junit.runner.TestExecution.run(TestExecution.java:38)&#10;&#9;at org.eclipse.jdt.internal.junit.runner.RemoteTestRunner.runTests(RemoteTestRunner.java:467)&#10;&#9;at org.eclipse.jdt.internal.junit.runner.RemoteTestRunner.runTests(RemoteTestRunner.java:683)&#10;&#9;at org.eclipse.jdt.internal.junit.runner.RemoteTestRunner.run(RemoteTestRunner.java:390)&#10;&#9;at org.codecover.juniteclipse.runner.EclipseTestRunner.main(EclipseTestRunner.java:40)" Date="1329200751080" Name="org.jfree.data.RangeTest:intersectsLowerGreaterThanUpper">
<CovList>
<CovPrefix CovItemPrefix="org.jfree.data.Range.java">
<Cov CovItemId="B2" Value="1"/>
<Cov CovItemId="B4" Value="1"/>
<Cov CovItemId="S12" Value="1"/>
<Cov CovItemId="S14" Value="1"/>
<Cov CovItemId="S2" Value="1"/>
<Cov CovItemId="S5" Value="1"/>
<Cov CovItemId="S6" Value="1"/>
</CovPrefix>
</CovList>
<AssgnmntList>
<AssgnmntPrefix RootTermCovItemPrefix="org.jfree.data.Range.java">
<AssgnmntListEntry Length="1" RootTermCovItemId="C1">
<MapEntry BoolAssgnmnt="0" Value="1"/>
</AssgnmntListEntry>
<AssgnmntListEntry Length="1" RootTermCovItemId="C2">
<MapEntry BoolAssgnmnt="0" Value="1"/>
</AssgnmntListEntry>
</AssgnmntPrefix>
</AssgnmntList>
<ObjMetaDataList/>
<MetaDataList/>
</TestCase>
<TestCase Comment="Failure&#10;java.lang.AssertionError&#10;&#9;at org.junit.Assert.fail(Assert.java:92)&#10;&#9;at org.junit.Assert.assertTrue(Assert.java:43)&#10;&#9;at org.junit.Assert.assertTrue(Assert.java:54)&#10;&#9;at org.jfree.data.RangeTest.toStringZeroRange(RangeTest.java:921)&#10;&#9;at sun.reflect.NativeMethodAccessorImpl.invoke0(Native Method)&#10;&#9;at sun.reflect.NativeMethodAccessorImpl.invoke(NativeMethodAccessorImpl.java:39)&#10;&#9;at sun.reflect.DelegatingMethodAccessorImpl.invoke(DelegatingMethodAccessorImpl.java:25)&#10;&#9;at java.lang.reflect.Method.invoke(Method.java:597)&#10;&#9;at org.junit.runners.model.FrameworkMethod$1.runReflectiveCall(FrameworkMethod.java:45)&#10;&#9;at org.junit.internal.runners.model.ReflectiveCallable.run(ReflectiveCallable.java:15)&#10;&#9;at org.junit.runners.model.FrameworkMethod.invokeExplosively(FrameworkMethod.java:42)&#10;&#9;at org.junit.internal.runners.statements.InvokeMethod.evaluate(InvokeMethod.java:20)&#10;&#9;at org.junit.runners.ParentRunner.runLeaf(ParentRunner.java:263)&#10;&#9;at org.junit.runners.BlockJUnit4ClassRunner.runChild(BlockJUnit4ClassRunner.java:68)&#10;&#9;at org.junit.runners.BlockJUnit4ClassRunner.runChild(BlockJUnit4ClassRunner.java:47)&#10;&#9;at org.junit.runners.ParentRunner$3.run(ParentRunner.java:231)&#10;&#9;at org.junit.runners.ParentRunner$1.schedule(ParentRunner.java:60)&#10;&#9;at org.junit.runners.ParentRunner.runChildren(ParentRunner.java:229)&#10;&#9;at org.junit.runners.ParentRunner.access$000(ParentRunner.java:50)&#10;&#9;at org.junit.runners.ParentRunner$2.evaluate(ParentRunner.java:222)&#10;&#9;at org.junit.runners.ParentRunner.run(ParentRunner.java:300)&#10;&#9;at org.eclipse.jdt.internal.junit4.runner.JUnit4TestReference.run(JUnit4TestReference.java:49)&#10;&#9;at org.eclipse.jdt.internal.junit.runner.TestExecution.run(TestExecution.java:38)&#10;&#9;at org.eclipse.jdt.internal.junit.runner.RemoteTestRunner.runTests(RemoteTestRunner.java:467)&#10;&#9;at org.eclipse.jdt.internal.junit.runner.RemoteTestRunner.runTests(RemoteTestRunner.java:683)&#10;&#9;at org.eclipse.jdt.internal.junit.runner.RemoteTestRunner.run(RemoteTestRunner.java:390)&#10;&#9;at org.codecover.juniteclipse.runner.EclipseTestRunner.main(EclipseTestRunner.java:40)" Date="1329200751082" Name="org.jfree.data.RangeTest:toStringZeroRange">
<CovList>
<CovPrefix CovItemPrefix="org.jfree.data.Range.java">
<Cov CovItemId="B2" Value="1"/>
<Cov CovItemId="S2" Value="1"/>
<Cov CovItemId="S5" Value="1"/>
<Cov CovItemId="S6" Value="1"/>
<Cov CovItemId="S64" Value="1"/>
</CovPrefix>
</CovList>
<AssgnmntList>
<AssgnmntPrefix RootTermCovItemPrefix="org.jfree.data.Range.java">
<AssgnmntListEntry Length="1" RootTermCovItemId="C1">
<MapEntry BoolAssgnmnt="0" Value="1"/>
</AssgnmntListEntry>
</AssgnmntPrefix>
</AssgnmntList>
<ObjMetaDataList/>
<MetaDataList/>
</TestCase>
<TestCase Comment="Failure&#10;java.lang.AssertionError&#10;&#9;at org.junit.Assert.fail(Assert.java:92)&#10;&#9;at org.junit.Assert.assertTrue(Assert.java:43)&#10;&#9;at org.junit.Assert.assertTrue(Assert.java:54)&#10;&#9;at org.jfree.data.RangeTest.toStringPositiveRange(RangeTest.java:928)&#10;&#9;at sun.reflect.NativeMethodAccessorImpl.invoke0(Native Method)&#10;&#9;at sun.reflect.NativeMethodAccessorImpl.invoke(NativeMethodAccessorImpl.java:39)&#10;&#9;at sun.reflect.DelegatingMethodAccessorImpl.invoke(DelegatingMethodAccessorImpl.java:25)&#10;&#9;at java.lang.reflect.Method.invoke(Method.java:597)&#10;&#9;at org.junit.runners.model.FrameworkMethod$1.runReflectiveCall(FrameworkMethod.java:45)&#10;&#9;at org.junit.internal.runners.model.ReflectiveCallable.run(ReflectiveCallable.java:15)&#10;&#9;at org.junit.runners.model.FrameworkMethod.invokeExplosively(FrameworkMethod.java:42)&#10;&#9;at org.junit.internal.runners.statements.InvokeMethod.evaluate(InvokeMethod.java:20)&#10;&#9;at org.junit.runners.ParentRunner.runLeaf(ParentRunner.java:263)&#10;&#9;at org.junit.runners.BlockJUnit4ClassRunner.runChild(BlockJUnit4ClassRunner.java:68)&#10;&#9;at org.junit.runners.BlockJUnit4ClassRunner.runChild(BlockJUnit4ClassRunner.java:47)&#10;&#9;at org.junit.runners.ParentRunner$3.run(ParentRunner.java:231)&#10;&#9;at org.junit.runners.ParentRunner$1.schedule(ParentRunner.java:60)&#10;&#9;at org.junit.runners.ParentRunner.runChildren(ParentRunner.java:229)&#10;&#9;at org.junit.runners.ParentRunner.access$000(ParentRunner.java:50)&#10;&#9;at org.junit.runners.ParentRunner$2.evaluate(ParentRunner.java:222)&#10;&#9;at org.junit.runners.ParentRunner.run(ParentRunner.java:300)&#10;&#9;at org.eclipse.jdt.internal.junit4.runner.JUnit4TestReference.run(JUnit4TestReference.java:49)&#10;&#9;at org.eclipse.jdt.internal.junit.runner.TestExecution.run(TestExecution.java:38)&#10;&#9;at org.eclipse.jdt.internal.junit.runner.RemoteTestRunner.runTests(RemoteTestRunner.java:467)&#10;&#9;at org.eclipse.jdt.internal.junit.runner.RemoteTestRunner.runTests(RemoteTestRunner.java:683)&#10;&#9;at org.eclipse.jdt.internal.junit.runner.RemoteTestRunner.run(RemoteTestRunner.java:390)&#10;&#9;at org.codecover.juniteclipse.runner.EclipseTestRunner.main(EclipseTestRunner.java:40)" Date="1329200751094" Name="org.jfree.data.RangeTest:toStringPositiveRange">
<CovList>
<CovPrefix CovItemPrefix="org.jfree.data.Range.java">
<Cov CovItemId="B2" Value="1"/>
<Cov CovItemId="S2" Value="1"/>
<Cov CovItemId="S5" Value="1"/>
<Cov CovItemId="S6" Value="1"/>
<Cov CovItemId="S64" Value="1"/>
</CovPrefix>
</CovList>
<AssgnmntList>
<AssgnmntPrefix RootTermCovItemPrefix="org.jfree.data.Range.java">
<AssgnmntListEntry Length="1" RootTermCovItemId="C1">
<MapEntry BoolAssgnmnt="0" Value="1"/>
</AssgnmntListEntry>
</AssgnmntPrefix>
</AssgnmntList>
<ObjMetaDataList/>
<MetaDataList/>
</TestCase>
<TestCase Comment="Failure&#10;java.lang.AssertionError: Method should throw exception. expected:&lt;true&gt; but was:&lt;false&gt;&#10;&#9;at org.junit.Assert.fail(Assert.java:93)&#10;&#9;at org.junit.Assert.failNotEquals(Assert.java:647)&#10;&#9;at org.junit.Assert.assertEquals(Assert.java:128)&#10;&#9;at org.jfree.data.CreateNumberArray.nullDataObjectPassed(CreateNumberArray.java:21)&#10;&#9;at sun.reflect.NativeMethodAccessorImpl.invoke0(Native Method)&#10;&#9;at sun.reflect.NativeMethodAccessorImpl.invoke(NativeMethodAccessorImpl.java:39)&#10;&#9;at sun.reflect.DelegatingMethodAccessorImpl.invoke(DelegatingMethodAccessorImpl.java:25)&#10;&#9;at java.lang.reflect.Method.invoke(Method.java:597)&#10;&#9;at org.junit.runners.model.FrameworkMethod$1.runReflectiveCall(FrameworkMethod.java:45)&#10;&#9;at org.junit.internal.runners.model.ReflectiveCallable.run(ReflectiveCallable.java:15)&#10;&#9;at org.junit.runners.model.FrameworkMethod.invokeExplosively(FrameworkMethod.java:42)&#10;&#9;at org.junit.internal.runners.statements.InvokeMethod.evaluate(InvokeMethod.java:20)&#10;&#9;at org.junit.runners.ParentRunner.runLeaf(ParentRunner.java:263)&#10;&#9;at org.junit.runners.BlockJUnit4ClassRunner.runChild(BlockJUnit4ClassRunner.java:68)&#10;&#9;at org.junit.runners.BlockJUnit4ClassRunner.runChild(BlockJUnit4ClassRunner.java:47)&#10;&#9;at org.junit.runners.ParentRunner$3.run(ParentRunner.java:231)&#10;&#9;at org.junit.runners.ParentRunner$1.schedule(ParentRunner.java:60)&#10;&#9;at org.junit.runners.ParentRunner.runChildren(ParentRunner.java:229)&#10;&#9;at org.junit.runners.ParentRunner.access$000(ParentRunner.java:50)&#10;&#9;at org.junit.runners.ParentRunner$2.evaluate(ParentRunner.java:222)&#10;&#9;at org.junit.runners.ParentRunner.run(ParentRunner.java:300)&#10;&#9;at org.eclipse.jdt.internal.junit4.runner.JUnit4TestReference.run(JUnit4TestReference.java:49)&#10;&#9;at org.eclipse.jdt.internal.junit.runner.TestExecution.run(TestExecution.java:38)&#10;&#9;at org.eclipse.jdt.internal.junit.runner.RemoteTestRunner.runTests(RemoteTestRunner.java:467)&#10;&#9;at org.eclipse.jdt.internal.junit.runner.RemoteTestRunner.runTests(RemoteTestRunner.java:683)&#10;&#9;at org.eclipse.jdt.internal.junit.runner.RemoteTestRunner.run(RemoteTestRunner.java:390)&#10;&#9;at org.codecover.juniteclipse.runner.EclipseTestRunner.main(EclipseTestRunner.java:40)" Date="1329200751098" Name="org.jfree.data.CreateNumberArray:nullDataObjectPassed">
<CovList>
<CovPrefix CovItemPrefix="org.jfree.data.DataUtilities.java">
<Cov CovItemId="B5" Value="1"/>
<Cov CovItemId="S15" Value="1"/>
<Cov CovItemId="S16" Value="1"/>
</CovPrefix>
</CovList>
<AssgnmntList>
<AssgnmntPrefix RootTermCovItemPrefix="org.jfree.data.DataUtilities.java">
<AssgnmntListEntry Length="1" RootTermCovItemId="C5">
<MapEntry BoolAssgnmnt="1" Value="1"/>
</AssgnmntListEntry>
</AssgnmntPrefix>
</AssgnmntList>
<ObjMetaDataList/>
<MetaDataList/>
</TestCase>
<TestCase Comment="Failure&#10;java.lang.AssertionError: expected:&lt;true&gt; but was:&lt;false&gt;&#10;&#9;at org.junit.Assert.fail(Assert.java:93)&#10;&#9;at org.junit.Assert.failNotEquals(Assert.java:647)&#10;&#9;at org.junit.Assert.assertEquals(Assert.java:128)&#10;&#9;at org.junit.Assert.assertEquals(Assert.java:147)&#10;&#9;at org.jfree.data.CreateNumberArray.oneElementArrayPassed(CreateNumberArray.java:32)&#10;&#9;at sun.reflect.NativeMethodAccessorImpl.invoke0(Native Method)&#10;&#9;at sun.reflect.NativeMethodAccessorImpl.invoke(NativeMethodAccessorImpl.java:39)&#10;&#9;at sun.reflect.DelegatingMethodAccessorImpl.invoke(DelegatingMethodAccessorImpl.java:25)&#10;&#9;at java.lang.reflect.Method.invoke(Method.java:597)&#10;&#9;at org.junit.runners.model.FrameworkMethod$1.runReflectiveCall(FrameworkMethod.java:45)&#10;&#9;at org.junit.internal.runners.model.ReflectiveCallable.run(ReflectiveCallable.java:15)&#10;&#9;at org.junit.runners.model.FrameworkMethod.invokeExplosively(FrameworkMethod.java:42)&#10;&#9;at org.junit.internal.runners.statements.InvokeMethod.evaluate(InvokeMethod.java:20)&#10;&#9;at org.junit.runners.ParentRunner.runLeaf(ParentRunner.java:263)&#10;&#9;at org.junit.runners.BlockJUnit4ClassRunner.runChild(BlockJUnit4ClassRunner.java:68)&#10;&#9;at org.junit.runners.BlockJUnit4ClassRunner.runChild(BlockJUnit4ClassRunner.java:47)&#10;&#9;at org.junit.runners.ParentRunner$3.run(ParentRunner.java:231)&#10;&#9;at org.junit.runners.ParentRunner$1.schedule(ParentRunner.java:60)&#10;&#9;at org.junit.runners.ParentRunner.runChildren(ParentRunner.java:229)&#10;&#9;at org.junit.runners.ParentRunner.access$000(ParentRunner.java:50)&#10;&#9;at org.junit.runners.ParentRunner$2.evaluate(ParentRunner.java:222)&#10;&#9;at org.junit.runners.ParentRunner.run(ParentRunner.java:300)&#10;&#9;at org.eclipse.jdt.internal.junit4.runner.JUnit4TestReference.run(JUnit4TestReference.java:49)&#10;&#9;at org.eclipse.jdt.internal.junit.runner.TestExecution.run(TestExecution.java:38)&#10;&#9;at org.eclipse.jdt.internal.junit.runner.RemoteTestRunner.runTests(RemoteTestRunner.java:467)&#10;&#9;at org.eclipse.jdt.internal.junit.runner.RemoteTestRunner.runTests(RemoteTestRunner.java:683)&#10;&#9;at org.eclipse.jdt.internal.junit.runner.RemoteTestRunner.run(RemoteTestRunner.java:390)&#10;&#9;at org.codecover.juniteclipse.runner.EclipseTestRunner.main(EclipseTestRunner.java:40)" Date="1329200751117" Name="org.jfree.data.CreateNumberArray:oneElementArrayPassed">
<CovList>
<CovPrefix CovItemPrefix="org.jfree.data.DataUtilities.java">
<Cov CovItemId="B6" Value="1"/>
<Cov CovItemId="L3-1" Value="1"/>
<Cov CovItemId="S15" Value="1"/>
<Cov CovItemId="S17" Value="1"/>
<Cov CovItemId="S18" Value="1"/>
<Cov CovItemId="S19" Value="1"/>
<Cov CovItemId="S20" Value="1"/>
</CovPrefix>
</CovList>
<AssgnmntList>
<AssgnmntPrefix RootTermCovItemPrefix="org.jfree.data.DataUtilities.java">
<AssgnmntListEntry Length="1" RootTermCovItemId="C5">
<MapEntry BoolAssgnmnt="0" Value="1"/>
</AssgnmntListEntry>
<AssgnmntListEntry Length="1" RootTermCovItemId="C6">
<MapEntry BoolAssgnmnt="0" Value="1"/>
<MapEntry BoolAssgnmnt="1" Value="1"/>
</AssgnmntListEntry>
</AssgnmntPrefix>
</AssgnmntList>
<ObjMetaDataList/>
<MetaDataList/>
</TestCase>
<TestCase Comment="Failure&#10;java.lang.AssertionError: expected:&lt;true&gt; but was:&lt;false&gt;&#10;&#9;at org.junit.Assert.fail(Assert.java:93)&#10;&#9;at org.junit.Assert.failNotEquals(Assert.java:647)&#10;&#9;at org.junit.Assert.assertEquals(Assert.java:128)&#10;&#9;at org.junit.Assert.assertEquals(Assert.java:147)&#10;&#9;at org.jfree.data.CreateNumberArray.tenElementArrayPassed(CreateNumberArray.java:42)&#10;&#9;at sun.reflect.NativeMethodAccessorImpl.invoke0(Native Method)&#10;&#9;at sun.reflect.NativeMethodAccessorImpl.invoke(NativeMethodAccessorImpl.java:39)&#10;&#9;at sun.reflect.DelegatingMethodAccessorImpl.invoke(DelegatingMethodAccessorImpl.java:25)&#10;&#9;at java.lang.reflect.Method.invoke(Method.java:597)&#10;&#9;at org.junit.runners.model.FrameworkMethod$1.runReflectiveCall(FrameworkMethod.java:45)&#10;&#9;at org.junit.internal.runners.model.ReflectiveCallable.run(ReflectiveCallable.java:15)&#10;&#9;at org.junit.runners.model.FrameworkMethod.invokeExplosively(FrameworkMethod.java:42)&#10;&#9;at org.junit.internal.runners.statements.InvokeMethod.evaluate(InvokeMethod.java:20)&#10;&#9;at org.junit.runners.ParentRunner.runLeaf(ParentRunner.java:263)&#10;&#9;at org.junit.runners.BlockJUnit4ClassRunner.runChild(BlockJUnit4ClassRunner.java:68)&#10;&#9;at org.junit.runners.BlockJUnit4ClassRunner.runChild(BlockJUnit4ClassRunner.java:47)&#10;&#9;at org.junit.runners.ParentRunner$3.run(ParentRunner.java:231)&#10;&#9;at org.junit.runners.ParentRunner$1.schedule(ParentRunner.java:60)&#10;&#9;at org.junit.runners.ParentRunner.runChildren(ParentRunner.java:229)&#10;&#9;at org.junit.runners.ParentRunner.access$000(ParentRunner.java:50)&#10;&#9;at org.junit.runners.ParentRunner$2.evaluate(ParentRunner.java:222)&#10;&#9;at org.junit.runners.ParentRunner.run(ParentRunner.java:300)&#10;&#9;at org.eclipse.jdt.internal.junit4.runner.JUnit4TestReference.run(JUnit4TestReference.java:49)&#10;&#9;at org.eclipse.jdt.internal.junit.runner.TestExecution.run(TestExecution.java:38)&#10;&#9;at org.eclipse.jdt.internal.junit.runner.RemoteTestRunner.runTests(RemoteTestRunner.java:467)&#10;&#9;at org.eclipse.jdt.internal.junit.runner.RemoteTestRunner.runTests(RemoteTestRunner.java:683)&#10;&#9;at org.eclipse.jdt.internal.junit.runner.RemoteTestRunner.run(RemoteTestRunner.java:390)&#10;&#9;at org.codecover.juniteclipse.runner.EclipseTestRunner.main(EclipseTestRunner.java:40)" Date="1329200751119" Name="org.jfree.data.CreateNumberArray:tenElementArrayPassed">
<CovList>
<CovPrefix CovItemPrefix="org.jfree.data.DataUtilities.java">
<Cov CovItemId="B6" Value="1"/>
<Cov CovItemId="L3-2" Value="1"/>
<Cov CovItemId="S15" Value="1"/>
<Cov CovItemId="S17" Value="1"/>
<Cov CovItemId="S18" Value="1"/>
<Cov CovItemId="S19" Value="10"/>
<Cov CovItemId="S20" Value="1"/>
</CovPrefix>
</CovList>
<AssgnmntList>
<AssgnmntPrefix RootTermCovItemPrefix="org.jfree.data.DataUtilities.java">
<AssgnmntListEntry Length="1" RootTermCovItemId="C5">
<MapEntry BoolAssgnmnt="0" Value="1"/>
</AssgnmntListEntry>
<AssgnmntListEntry Length="1" RootTermCovItemId="C6">
<MapEntry BoolAssgnmnt="0" Value="1"/>
<MapEntry BoolAssgnmnt="1" Value="10"/>
</AssgnmntListEntry>
</AssgnmntPrefix>
</AssgnmntList>
<ObjMetaDataList/>
<MetaDataList/>
</TestCase>
<MetaDataList/>
</TestSession>
</TestSessionContainer>
