<?xml version="1.0" encoding="UTF-8"?>
<TestSessionContainer xmlns="http://www.codecover.org/xml/testsession-container" Date="1328027046205" TestSessionContainerId="3188035e-d4fa-4cab-81f2-a0a7c28ae90c" version="1.0">
<SrcFileList>
<SrcFile Content="package org.jfree.data;&#10;&#10;import static org.junit.Assert.assertEquals;&#10;&#10;import java.security.InvalidParameterException;&#10;&#10;import org.junit.Test;&#10;&#10;public class Shift {&#10;&#10;&#9;@Test&#10;&#9;public void negShiftLeft() {&#10;&#9;&#9;Range range1 = new Range(-10.0, -5);&#10;&#9;&#9;Range actual = Range.shift(range1, -1);&#10;&#9;&#9;Range expected = new Range(-11.0, -6);&#10;&#9;&#9;boolean testPassed = false;&#10;&#9;&#9;testPassed = actual.equals(expected);&#10;&#9;&#9;assertEquals(true, testPassed);&#10;&#9;}&#10;&#10;&#9;@Test&#10;&#9;public void negShiftRightLegal() {&#10;&#9;&#9;Range range1 = new Range(-10.0, -5);&#10;&#9;&#9;Range actual = Range.shift(range1, 1);&#10;&#9;&#9;Range expected = new Range(-9.0, -4);&#10;&#9;&#9;boolean testPassed = false;&#10;&#9;&#9;testPassed = actual.equals(expected);&#10;&#9;&#9;assertEquals(true, testPassed);&#10;&#9;}&#10;&#10;&#9;@Test&#10;&#9;public void negShiftRightIllegal() {&#10;&#9;&#9;Range range1 = new Range(-10.0, -5);&#10;&#9;&#9;boolean testPassed = false;&#10;&#9;&#9;Range actual;&#10;&#9;&#9;try {&#10;&#9;&#9;&#9;actual = Range.shift(range1, 7.0);&#10;&#9;&#9;} catch (InvalidParameterException e) {&#10;&#9;&#9;&#9;testPassed = true;&#10;&#9;&#9;} finally {&#10;&#9;&#9;&#9;assertEquals(&quot;Method should throw exception.&quot;, true, testPassed);&#10;&#9;&#9;}&#10;&#9;}&#10;&#10;&#9;@Test&#10;&#9;public void negShiftForUpperEqualsOne() {&#10;&#9;&#9;Range range1 = new Range(-10.0, -5);&#10;&#9;&#9;boolean testPassed = false;&#10;&#9;&#9;Range actual;&#10;&#9;&#9;try {&#10;&#9;&#9;&#9;actual = Range.shift(range1, 6.0);&#10;&#9;&#9;} catch (InvalidParameterException e) {&#10;&#9;&#9;&#9;testPassed = true;&#10;&#9;&#9;} finally {&#10;&#9;&#9;&#9;assertEquals(&quot;Method should throw exception.&quot;, true, testPassed);&#10;&#9;&#9;}&#10;&#9;}&#10;&#9;&#10;&#9;@Test&#10;&#9;public void negShiftForUpperEqualsZero() {&#10;&#9;&#9;Range range1 = new Range(-10.0, -5.0);&#10;&#9;&#9;Range actual = Range.shift(range1, 5.0);&#10;&#9;&#9;Range expected = new Range(-5.0, 0.0);&#10;&#9;&#9;boolean testPassed = false;&#10;&#9;&#9;testPassed = actual.equals(expected);&#10;&#9;&#9;assertEquals(true, testPassed);&#10;&#9;}&#10;&#9;&#10;&#9;@Test&#10;&#9;public void posShiftRight() {&#10;&#9;&#9;Range range1 = new Range(5.0, 10.0);&#10;&#9;&#9;Range actual = Range.shift(range1, 1);&#10;&#9;&#9;Range expected = new Range(6.0, 11);&#10;&#9;&#9;boolean testPassed = false;&#10;&#9;&#9;testPassed = actual.equals(expected);&#10;&#9;&#9;assertEquals(true, testPassed);&#10;&#9;}&#10;&#10;&#9;@Test&#10;&#9;public void posShiftLeftLegal() {&#10;&#9;&#9;Range range1 = new Range(5.0, 10.0);&#10;&#9;&#9;Range actual = Range.shift(range1, -1);&#10;&#9;&#9;Range expected = new Range(4.0, 9.0);&#10;&#9;&#9;boolean testPassed = false;&#10;&#9;&#9;testPassed = actual.equals(expected);&#10;&#9;&#9;assertEquals(true, testPassed);&#10;&#9;}&#10;&#10;&#9;@Test&#10;&#9;public void posShiftLeftIllegal() {&#10;&#9;&#9;Range range1 = new Range(5.0, 10.0);&#10;&#9;&#9;boolean testPassed = false;&#10;&#9;&#9;Range actual;&#10;&#9;&#9;try {&#10;&#9;&#9;&#9;actual = Range.shift(range1, -7.0);&#10;&#9;&#9;} catch (InvalidParameterException e) {&#10;&#9;&#9;&#9;testPassed = true;&#10;&#9;&#9;} finally {&#10;&#9;&#9;&#9;assertEquals(&quot;Method should throw exception.&quot;, true, testPassed);&#10;&#9;&#9;}&#10;&#9;}&#10;&#10;&#9;@Test&#10;&#9;public void posShiftForLowerEqualMinusOne() {&#10;&#9;&#9;Range range1 = new Range(5.0, 10.0);&#10;&#9;&#9;boolean testPassed = false;&#10;&#9;&#9;Range actual;&#10;&#9;&#9;try {&#10;&#9;&#9;&#9;actual = Range.shift(range1, -6.0);&#10;&#9;&#9;} catch (InvalidParameterException e) {&#10;&#9;&#9;&#9;testPassed = true;&#10;&#9;&#9;} finally {&#10;&#9;&#9;&#9;assertEquals(&quot;Method should throw exception.&quot;, true, testPassed);&#10;&#9;&#9;}&#10;&#9;}&#10;&#9;&#10;&#9;@Test&#10;&#9;public void posShiftForLowerEqualZero() {&#10;&#9;&#9;Range range1 = new Range(5.0, 10.0);&#10;&#9;&#9;Range actual = Range.shift(range1, -5.0);&#10;&#9;&#9;Range expected = new Range(0.0, 5.0);&#10;&#9;&#9;boolean testPassed = false;&#10;&#9;&#9;testPassed = actual.equals(expected);&#10;&#9;&#9;assertEquals(true, testPassed);&#10;&#9;}&#10;&#10;&#9;@Test&#10;&#9;public void centerShiftLeftLegal() {&#10;&#9;&#9;Range range1 = new Range(-5.0, 5.0);&#10;&#9;&#9;Range actual = Range.shift(range1, -1.0);&#10;&#9;&#9;Range expected = new Range(-6.0, 4.0);&#10;&#9;&#9;boolean testPassed = false;&#10;&#9;&#9;testPassed = actual.equals(expected);&#10;&#9;&#9;assertEquals(true, testPassed);&#10;&#9;}&#10;&#10;&#9;@Test&#10;&#9;public void centerShiftRightLegal() {&#10;&#9;&#9;Range range1 = new Range(-5.0, 5.0);&#10;&#9;&#9;Range actual = Range.shift(range1, 1.0);&#10;&#9;&#9;Range expected = new Range(-4.0, 6.0);&#10;&#9;&#9;boolean testPassed = false;&#10;&#9;&#9;testPassed = actual.equals(expected);&#10;&#9;&#9;assertEquals(true, testPassed);&#10;&#9;}&#10;&#10;&#9;@Test&#10;&#9;public void centerShiftLeftIllegal() {&#10;&#9;&#9;Range range1 = new Range(-5.0, 5.0);&#10;&#9;&#9;boolean testPassed = false;&#10;&#9;&#9;Range actual;&#10;&#9;&#9;try {&#10;&#9;&#9;&#9;actual = Range.shift(range1, -6.0);&#10;&#9;&#9;} catch (InvalidParameterException e) {&#10;&#9;&#9;&#9;testPassed = true;&#10;&#9;&#9;} finally {&#10;&#9;&#9;&#9;assertEquals(&quot;Method should throw exception.&quot;, true, testPassed);&#10;&#9;&#9;}&#10;&#9;}&#10;&#10;&#9;@Test&#10;&#9;public void centerShiftRightIllegal() {&#10;&#9;&#9;Range range1 = new Range(-5.0, 5.0);&#10;&#9;&#9;boolean testPassed = false;&#10;&#9;&#9;Range actual;&#10;&#9;&#9;try {&#10;&#9;&#9;&#9;actual = Range.shift(range1, 6.0);&#10;&#9;&#9;} catch (InvalidParameterException e) {&#10;&#9;&#9;&#9;testPassed = true;&#10;&#9;&#9;} finally {&#10;&#9;&#9;&#9;assertEquals(&quot;Method should throw exception.&quot;, true, testPassed);&#10;&#9;&#9;}&#10;&#9;}&#10;&#10;&#9;@Test&#10;&#9;public void centerNoShift() {&#10;&#9;&#9;Range expected = new Range(-5.0, 5.0);&#10;&#9;&#9;Range actual = Range.shift(expected, 0.0);&#10;&#9;&#9;boolean testPassed = false;&#10;&#9;&#9;testPassed = actual.equals(expected);&#10;&#9;&#9;assertEquals(true, testPassed);&#10;&#9;}&#10;}&#10;" Filename="Shift.java" Intrnl_Id="1"/>
<SrcFile Content="package org.jfree.data;&#10;&#10;import static org.junit.Assert.assertEquals;&#10;&#10;import org.jmock.Expectations;&#10;import org.jmock.Mockery;&#10;import org.junit.Test;&#10;&#10;&#10;public class GetCumulativePercentages {&#10;&#9;&#10;&#9;@Test&#10;&#9;public void dataHasOneRow(){&#10;&#9;&#9;Mockery mockingContext = new Mockery();&#10;&#9;&#9;final KeyedValues values = mockingContext.mock(KeyedValues.class);&#10;&#9;&#9;mockingContext.checking(new Expectations() {&#10;&#9;&#9;&#9;{&#10;&#9;&#9;&#9;&#9;allowing(values).getItemCount();&#10;&#9;&#9;&#9;&#9;will(returnValue(1));&#10;&#9;&#9;&#9;&#9;allowing(values).getValue(0);&#10;&#9;&#9;&#9;&#9;will(returnValue(2));&#10;&#9;&#9;&#9;&#9;allowing(values).getKey(0);&#10;&#9;&#9;&#9;&#9;will(returnValue(1));&#10;&#9;&#9;&#9;}&#10;&#9;&#9;});&#10;&#9;&#9;&#10;&#9;&#9;KeyedValues result = DataUtilities.getCumulativePercentages(values);&#10;&#9;&#9;assertEquals(1.0, result.getValue(0));&#10;&#9;}&#10;&#9;&#10;&#9;@Test&#10;&#9;public void dataHasFourRows(){&#10;&#9;&#9;Mockery mockingContext = new Mockery();&#10;&#9;&#9;final KeyedValues values = mockingContext.mock(KeyedValues.class);&#10;&#9;&#9;mockingContext.checking(new Expectations() {&#10;&#9;&#9;&#9;{&#10;&#9;&#9;&#9;&#9;allowing(values).getItemCount();&#10;&#9;&#9;&#9;&#9;will(returnValue(4));&#10;&#9;&#9;&#9;&#9;allowing(values).getValue(0);&#10;&#9;&#9;&#9;&#9;will(returnValue(2));&#10;&#9;&#9;&#9;&#9;allowing(values).getValue(1);&#10;&#9;&#9;&#9;&#9;will(returnValue(2));&#10;&#9;&#9;&#9;&#9;allowing(values).getValue(2);&#10;&#9;&#9;&#9;&#9;will(returnValue(2));&#10;&#9;&#9;&#9;&#9;allowing(values).getValue(3);&#10;&#9;&#9;&#9;&#9;will(returnValue(2));&#10;&#9;&#9;&#9;&#9;allowing(values).getKey(0);&#10;&#9;&#9;&#9;&#9;will(returnValue(0));&#10;&#9;&#9;&#9;&#9;allowing(values).getKey(1);&#10;&#9;&#9;&#9;&#9;will(returnValue(1));&#10;&#9;&#9;&#9;&#9;allowing(values).getKey(2);&#10;&#9;&#9;&#9;&#9;will(returnValue(2));&#10;&#9;&#9;&#9;&#9;allowing(values).getKey(3);&#10;&#9;&#9;&#9;&#9;will(returnValue(3));&#10;&#9;&#9;&#9;}&#10;&#9;&#9;});&#10;&#9;&#9;&#10;&#9;&#9;KeyedValues result = DataUtilities.getCumulativePercentages(values);&#10;&#9;&#9;assertEquals(0.25, result.getValue(0));&#10;&#9;&#9;assertEquals(0.5, result.getValue(1));&#10;&#9;&#9;assertEquals(0.75, result.getValue(2));&#10;&#9;&#9;assertEquals(1.0, result.getValue(3));&#10;&#9;}&#10;&#9;&#10;&#9;@Test&#10;&#9;public void firstThreeRowsAreZero(){&#10;&#9;&#9;Mockery mockingContext = new Mockery();&#10;&#9;&#9;final KeyedValues values = mockingContext.mock(KeyedValues.class);&#10;&#9;&#9;mockingContext.checking(new Expectations() {&#10;&#9;&#9;&#9;{&#10;&#9;&#9;&#9;&#9;allowing(values).getItemCount();&#10;&#9;&#9;&#9;&#9;will(returnValue(4));&#10;&#9;&#9;&#9;&#9;allowing(values).getValue(0);&#10;&#9;&#9;&#9;&#9;will(returnValue(0));&#10;&#9;&#9;&#9;&#9;allowing(values).getValue(1);&#10;&#9;&#9;&#9;&#9;will(returnValue(0));&#10;&#9;&#9;&#9;&#9;allowing(values).getValue(2);&#10;&#9;&#9;&#9;&#9;will(returnValue(0));&#10;&#9;&#9;&#9;&#9;allowing(values).getValue(3);&#10;&#9;&#9;&#9;&#9;will(returnValue(2));&#10;&#9;&#9;&#9;&#9;allowing(values).getKey(0);&#10;&#9;&#9;&#9;&#9;will(returnValue(0));&#10;&#9;&#9;&#9;&#9;allowing(values).getKey(1);&#10;&#9;&#9;&#9;&#9;will(returnValue(1));&#10;&#9;&#9;&#9;&#9;allowing(values).getKey(2);&#10;&#9;&#9;&#9;&#9;will(returnValue(2));&#10;&#9;&#9;&#9;&#9;allowing(values).getKey(3);&#10;&#9;&#9;&#9;&#9;will(returnValue(3));&#10;&#9;&#9;&#9;}&#10;&#9;&#9;});&#10;&#9;&#9;&#10;&#9;&#9;KeyedValues result = DataUtilities.getCumulativePercentages(values);&#10;&#9;&#9;assertEquals(0.0, result.getValue(0));&#10;&#9;&#9;assertEquals(0.0, result.getValue(1));&#10;&#9;&#9;assertEquals(0.0, result.getValue(2));&#10;&#9;&#9;assertEquals(1.0, result.getValue(3));&#10;&#9;}&#10;&#9;&#10;&#9;@Test&#10;&#9;public void lastThreeRowsAreZero(){&#10;&#9;&#9;Mockery mockingContext = new Mockery();&#10;&#9;&#9;final KeyedValues values = mockingContext.mock(KeyedValues.class);&#10;&#9;&#9;mockingContext.checking(new Expectations() {&#10;&#9;&#9;&#9;{&#10;&#9;&#9;&#9;&#9;allowing(values).getItemCount();&#10;&#9;&#9;&#9;&#9;will(returnValue(4));&#10;&#9;&#9;&#9;&#9;allowing(values).getValue(0);&#10;&#9;&#9;&#9;&#9;will(returnValue(2));&#10;&#9;&#9;&#9;&#9;allowing(values).getValue(1);&#10;&#9;&#9;&#9;&#9;will(returnValue(0));&#10;&#9;&#9;&#9;&#9;allowing(values).getValue(2);&#10;&#9;&#9;&#9;&#9;will(returnValue(0));&#10;&#9;&#9;&#9;&#9;allowing(values).getValue(3);&#10;&#9;&#9;&#9;&#9;will(returnValue(0));&#10;&#9;&#9;&#9;&#9;allowing(values).getKey(0);&#10;&#9;&#9;&#9;&#9;will(returnValue(0));&#10;&#9;&#9;&#9;&#9;allowing(values).getKey(1);&#10;&#9;&#9;&#9;&#9;will(returnValue(1));&#10;&#9;&#9;&#9;&#9;allowing(values).getKey(2);&#10;&#9;&#9;&#9;&#9;will(returnValue(2));&#10;&#9;&#9;&#9;&#9;allowing(values).getKey(3);&#10;&#9;&#9;&#9;&#9;will(returnValue(3));&#10;&#9;&#9;&#9;}&#10;&#9;&#9;});&#10;&#9;&#9;&#10;&#9;&#9;KeyedValues result = DataUtilities.getCumulativePercentages(values);&#10;&#9;&#9;assertEquals(1.0, result.getValue(0));&#10;&#9;&#9;assertEquals(1.0, result.getValue(1));&#10;&#9;&#9;assertEquals(1.0, result.getValue(2));&#10;&#9;&#9;assertEquals(1.0, result.getValue(3));&#10;&#9;}&#10;&#9;&#10;&#9;@Test&#10;&#9;public void allRowsAreZero(){&#10;&#9;&#9;Mockery mockingContext = new Mockery();&#10;&#9;&#9;final KeyedValues values = mockingContext.mock(KeyedValues.class);&#10;&#9;&#9;mockingContext.checking(new Expectations() {&#10;&#9;&#9;&#9;{&#10;&#9;&#9;&#9;&#9;allowing(values).getItemCount();&#10;&#9;&#9;&#9;&#9;will(returnValue(4));&#10;&#9;&#9;&#9;&#9;allowing(values).getValue(0);&#10;&#9;&#9;&#9;&#9;will(returnValue(0));&#10;&#9;&#9;&#9;&#9;allowing(values).getValue(1);&#10;&#9;&#9;&#9;&#9;will(returnValue(0));&#10;&#9;&#9;&#9;&#9;allowing(values).getValue(2);&#10;&#9;&#9;&#9;&#9;will(returnValue(0));&#10;&#9;&#9;&#9;&#9;allowing(values).getValue(3);&#10;&#9;&#9;&#9;&#9;will(returnValue(0));&#10;&#9;&#9;&#9;&#9;allowing(values).getKey(0);&#10;&#9;&#9;&#9;&#9;will(returnValue(0));&#10;&#9;&#9;&#9;&#9;allowing(values).getKey(1);&#10;&#9;&#9;&#9;&#9;will(returnValue(1));&#10;&#9;&#9;&#9;&#9;allowing(values).getKey(2);&#10;&#9;&#9;&#9;&#9;will(returnValue(2));&#10;&#9;&#9;&#9;&#9;allowing(values).getKey(3);&#10;&#9;&#9;&#9;&#9;will(returnValue(3));&#10;&#9;&#9;&#9;}&#10;&#9;&#9;});&#10;&#9;&#9;&#10;&#9;&#9;KeyedValues result = DataUtilities.getCumulativePercentages(values);&#10;&#9;&#9;assertEquals(0.0 / 0.0, result.getValue(0));&#10;&#9;&#9;assertEquals(0.0 / 0.0, result.getValue(1));&#10;&#9;&#9;assertEquals(0.0 / 0.0, result.getValue(2));&#10;&#9;&#9;assertEquals(0.0 / 0.0, result.getValue(3));&#10;&#9;}&#10;}&#10;" Filename="GetCumulativePercentages.java" Intrnl_Id="2"/>
<SrcFile Content="package org.jfree.data;&#10;&#10;import static org.junit.Assert.assertEquals;&#10;&#10;import java.security.InvalidParameterException;&#10;&#10;import org.junit.Test;&#10;&#10;public class ExpandToInclude {&#10;&#10;&#9;@Test&#10;&#9;public void tenLessThanLowerBound() {&#10;&#9;&#9;Range expected = new Range(1.0, 100.0);&#10;&#9;&#9;Range actual = Range.expandToInclude(expected, 90.0);&#10;&#9;&#9;boolean testPassed = false;&#10;&#9;&#9;testPassed = actual.equals(expected);&#10;&#9;&#9;assertEquals(true, testPassed);&#10;&#9;}&#10;&#10;&#9;@Test&#10;&#9;public void oneLessThanLowerBound() {&#10;&#9;&#9;Range expected = new Range(1.0, 100.0);&#10;&#9;&#9;Range actual = Range.expandToInclude(expected, 99.0);&#10;&#9;&#9;boolean testPassed = false;&#10;&#9;&#9;testPassed = actual.equals(expected);&#10;&#9;&#9;assertEquals(true, testPassed);&#10;&#9;}&#10;&#10;&#9;@Test&#10;&#9;public void lowerBound() {&#10;&#9;&#9;Range expected = new Range(1.0, 100.0);&#10;&#9;&#9;Range actual = Range.expandToInclude(expected, 1.0);&#10;&#9;&#9;boolean testPassed = false;&#10;&#9;&#9;testPassed = actual.equals(expected);&#10;&#9;&#9;assertEquals(true, testPassed);&#10;&#9;}&#10;&#10;&#9;@Test&#10;&#9;public void centralValue() {&#10;&#9;&#9;Range expected = new Range(0.0, 100.0);&#10;&#9;&#9;Range actual = Range.expandToInclude(expected, 50.0);&#10;&#9;&#9;boolean testPassed = false;&#10;&#9;&#9;testPassed = actual.equals(expected);&#10;&#9;&#9;assertEquals(true, testPassed);&#10;&#9;}&#10;&#10;&#9;@Test&#10;&#9;public void upperBound() {&#10;&#9;&#9;Range expected = new Range(0.0, 100.0);&#10;&#9;&#9;Range actual = Range.expandToInclude(expected, 100.0);&#10;&#9;&#9;boolean testPassed = false;&#10;&#9;&#9;testPassed = actual.equals(expected);&#10;&#9;&#9;assertEquals(true, testPassed);&#10;&#9;}&#10;&#10;&#9;@Test&#10;&#9;public void oneOverUpperBound() {&#10;&#9;&#9;Range range1 = new Range(0.0, 100.0);&#10;&#9;&#9;Range expected = new Range(0.0, 101.0);&#10;&#9;&#9;Range actual = Range.expandToInclude(range1, 101.0);&#10;&#9;&#9;boolean testPassed = false;&#10;&#9;&#9;testPassed = actual.equals(expected);&#10;&#9;&#9;assertEquals(true, testPassed);&#10;&#9;}&#10;&#10;&#9;@Test&#10;&#9;public void tenOverUpperBound() {&#10;&#9;&#9;Range range1 = new Range(0.0, 100.0);&#10;&#9;&#9;Range expected = new Range(0.0, 110.0);&#10;&#9;&#9;Range actual = Range.expandToInclude(range1, 110.0);&#10;&#9;&#9;boolean testPassed = false;&#10;&#9;&#9;testPassed = actual.equals(expected);&#10;&#9;&#9;assertEquals(true, testPassed);&#10;&#9;}&#10;&#10;&#9;@Test&#10;&#9;public void nullRange() {&#10;&#9;&#9;boolean testPassed = false;&#10;&#9;&#9;Range range1 = null;&#10;&#9;&#9;try {&#10;&#9;&#9;&#9;Range actual = Range.expandToInclude(range1, 1);&#10;&#9;&#9;} catch (InvalidParameterException e) {&#10;&#9;&#9;&#9;testPassed = true;&#10;&#9;&#9;} finally {&#10;&#9;&#9;&#9;assertEquals(&quot;Method should throw exception.&quot;, true, testPassed);&#10;&#9;&#9;}&#10;&#9;}&#10;}&#10;" Filename="ExpandToInclude.java" Intrnl_Id="3"/>
<SrcFile Content="package org.jfree.data;&#10;&#10;import static org.junit.Assert.assertEquals;&#10;&#10;import java.security.InvalidParameterException;&#10;&#10;import org.junit.Test;&#10;&#10;&#10;public class CreateNumberArray2D {&#10;&#9;&#10;&#9;@Test&#10;&#9;public void nullDataObjectPassed() {&#10;&#9;&#9;boolean testPassed = false;&#10;&#9;&#9;&#10;&#9;&#9;try {&#10;&#9;&#9;&#9;DataUtilities.createNumberArray2D(null);&#10;&#9;&#9;} catch (InvalidParameterException e) {&#10;&#9;&#9;&#9;testPassed = true;&#10;&#9;&#9;} finally {&#10;&#9;&#9;&#9;assertEquals(&quot;Method should throw exception.&quot;, true, testPassed);&#10;&#9;&#9;}&#10;&#9;}&#10;&#9;&#10;&#9;@Test&#10;&#9;public void oneByOneArrayPassed() {&#10;&#9;&#9;double [][] input = {{2.5}};&#10;&#9;&#9;Number [][] expected = {{2.5}};&#10;&#9;&#9;Number [][] actual = DataUtilities.createNumberArray2D(input);&#10;&#9;&#9;boolean testPassed = false;&#10;&#9;&#9;testPassed = actual.equals(expected);&#10;&#9;&#9;assertEquals(true, testPassed);&#10;&#9;}&#10;&#9;&#10;&#9;@Test&#10;&#9;public void oneByTenElementArrayPassed() {&#10;&#9;&#9;double [][] input = {{2.5, 2.5, 2.5, 2.5, 2.5, 2.5, 2.5, 2.5, 2.5, 2.5}};&#10;&#9;&#9;Number [][] expected = {{2.5, 2.5, 2.5, 2.5, 2.5, 2.5, 2.5, 2.5, 2.5, 2.5}};&#10;&#9;&#9;Number [][] actual = DataUtilities.createNumberArray2D(input);&#10;&#9;&#9;boolean testPassed = false;&#10;&#9;&#9;testPassed = actual.equals(expected);&#10;&#9;&#9;assertEquals(true, testPassed);&#10;&#9;}&#10;&#9;&#10;&#9;@Test&#10;&#9;public void tenByOneElementArrayPassed() {&#10;&#9;&#9;double [][] input = {&#10;&#9;&#9;&#9;&#9;{2.5},&#10;&#9;&#9;&#9;&#9;{2.5},&#10;&#9;&#9;&#9;&#9;{2.5},&#10;&#9;&#9;&#9;&#9;{2.5},&#10;&#9;&#9;&#9;&#9;{2.5},&#10;&#9;&#9;&#9;&#9;{2.5},&#10;&#9;&#9;&#9;&#9;{2.5},&#10;&#9;&#9;&#9;&#9;{2.5},&#10;&#9;&#9;&#9;&#9;{2.5},&#10;&#9;&#9;&#9;&#9;{2.5},&#10;&#9;&#9;&#9;};&#10;&#9;&#9;Number [][] expected = {&#10;&#9;&#9;&#9;&#9;{2.5},&#10;&#9;&#9;&#9;&#9;{2.5},&#10;&#9;&#9;&#9;&#9;{2.5},&#10;&#9;&#9;&#9;&#9;{2.5},&#10;&#9;&#9;&#9;&#9;{2.5},&#10;&#9;&#9;&#9;&#9;{2.5},&#10;&#9;&#9;&#9;&#9;{2.5},&#10;&#9;&#9;&#9;&#9;{2.5},&#10;&#9;&#9;&#9;&#9;{2.5},&#10;&#9;&#9;&#9;&#9;{2.5},&#10;&#9;&#9;&#9;};&#10;&#9;&#9;Number [][] actual = DataUtilities.createNumberArray2D(input);&#10;&#9;&#9;boolean testPassed = false;&#10;&#9;&#9;testPassed = actual.equals(expected);&#10;&#9;&#9;assertEquals(true, testPassed);&#10;&#9;}&#10;&#9;&#10;&#9;@Test&#10;&#9;public void tenByTenElementArrayPassed() {&#10;&#9;&#9;double [][] input = {&#10;&#9;&#9;&#9;&#9;{2.5, 2.5, 2.5, 2.5, 2.5, 2.5, 2.5, 2.5, 2.5, 2.5},&#10;&#9;&#9;&#9;&#9;{2.5, 2.5, 2.5, 2.5, 2.5, 2.5, 2.5, 2.5, 2.5, 2.5},&#10;&#9;&#9;&#9;&#9;{2.5, 2.5, 2.5, 2.5, 2.5, 2.5, 2.5, 2.5, 2.5, 2.5},&#10;&#9;&#9;&#9;&#9;{2.5, 2.5, 2.5, 2.5, 2.5, 2.5, 2.5, 2.5, 2.5, 2.5},&#10;&#9;&#9;&#9;&#9;{2.5, 2.5, 2.5, 2.5, 2.5, 2.5, 2.5, 2.5, 2.5, 2.5},&#10;&#9;&#9;&#9;&#9;{2.5, 2.5, 2.5, 2.5, 2.5, 2.5, 2.5, 2.5, 2.5, 2.5},&#10;&#9;&#9;&#9;&#9;{2.5, 2.5, 2.5, 2.5, 2.5, 2.5, 2.5, 2.5, 2.5, 2.5},&#10;&#9;&#9;&#9;&#9;{2.5, 2.5, 2.5, 2.5, 2.5, 2.5, 2.5, 2.5, 2.5, 2.5},&#10;&#9;&#9;&#9;&#9;{2.5, 2.5, 2.5, 2.5, 2.5, 2.5, 2.5, 2.5, 2.5, 2.5},&#10;&#9;&#9;&#9;&#9;{2.5, 2.5, 2.5, 2.5, 2.5, 2.5, 2.5, 2.5, 2.5, 2.5}&#10;&#9;&#9;&#9;&#9;};&#10;&#9;&#9;Number [][] expected = {&#10;&#9;&#9;&#9;&#9;{2.5, 2.5, 2.5, 2.5, 2.5, 2.5, 2.5, 2.5, 2.5, 2.5},&#10;&#9;&#9;&#9;&#9;{2.5, 2.5, 2.5, 2.5, 2.5, 2.5, 2.5, 2.5, 2.5, 2.5},&#10;&#9;&#9;&#9;&#9;{2.5, 2.5, 2.5, 2.5, 2.5, 2.5, 2.5, 2.5, 2.5, 2.5},&#10;&#9;&#9;&#9;&#9;{2.5, 2.5, 2.5, 2.5, 2.5, 2.5, 2.5, 2.5, 2.5, 2.5},&#10;&#9;&#9;&#9;&#9;{2.5, 2.5, 2.5, 2.5, 2.5, 2.5, 2.5, 2.5, 2.5, 2.5},&#10;&#9;&#9;&#9;&#9;{2.5, 2.5, 2.5, 2.5, 2.5, 2.5, 2.5, 2.5, 2.5, 2.5},&#10;&#9;&#9;&#9;&#9;{2.5, 2.5, 2.5, 2.5, 2.5, 2.5, 2.5, 2.5, 2.5, 2.5},&#10;&#9;&#9;&#9;&#9;{2.5, 2.5, 2.5, 2.5, 2.5, 2.5, 2.5, 2.5, 2.5, 2.5},&#10;&#9;&#9;&#9;&#9;{2.5, 2.5, 2.5, 2.5, 2.5, 2.5, 2.5, 2.5, 2.5, 2.5},&#10;&#9;&#9;&#9;&#9;{2.5, 2.5, 2.5, 2.5, 2.5, 2.5, 2.5, 2.5, 2.5, 2.5}&#10;&#9;&#9;&#9;&#9;};&#10;&#9;&#9;Number [][] actual = DataUtilities.createNumberArray2D(input);&#10;&#9;&#9;boolean testPassed = false;&#10;&#9;&#9;testPassed = actual.equals(expected);&#10;&#9;&#9;assertEquals(true, testPassed);&#10;&#9;}&#10;}&#10;" Filename="CreateNumberArray2D.java" Intrnl_Id="4"/>
<SrcFile Content="package org.jfree.data;&#10;&#10;import static org.junit.Assert.assertEquals;&#10;&#10;import java.security.InvalidParameterException;&#10;&#10;import org.junit.Test;&#10;&#10;&#10;public class CreateNumberArray {&#10;&#9;&#10;&#9;@Test&#10;&#9;public void nullDataObjectPassed() {&#10;&#9;&#9;boolean testPassed = false;&#10;&#9;&#9;&#10;&#9;&#9;try {&#10;&#9;&#9;&#9;DataUtilities.createNumberArray(null);&#10;&#9;&#9;} catch (InvalidParameterException e) {&#10;&#9;&#9;&#9;testPassed = true;&#10;&#9;&#9;} finally {&#10;&#9;&#9;&#9;assertEquals(&quot;Method should throw exception.&quot;, true, testPassed);&#10;&#9;&#9;}&#10;&#9;}&#10;&#9;&#10;&#9;@Test&#10;&#9;public void oneElementArrayPassed() {&#10;&#9;&#9;double [] input = {2.5};&#10;&#9;&#9;Number [] expected = {2.5};&#10;&#9;&#9;Number [] actual = DataUtilities.createNumberArray(input);&#10;&#9;&#9;boolean testPassed = false;&#10;&#9;&#9;testPassed = actual.equals(expected);&#10;&#9;&#9;assertEquals(true, testPassed);&#10;&#9;}&#10;&#9;&#10;&#9;@Test&#10;&#9;public void tenElementArrayPassed() {&#10;&#9;&#9;double [] input = {2.5, 2.5, 2.5, 2.5, 2.5, 2.5, 2.5, 2.5, 2.5, 2.5};&#10;&#9;&#9;Number [] expected = {2.5, 2.5, 2.5, 2.5, 2.5, 2.5, 2.5, 2.5, 2.5, 2.5};&#10;&#9;&#9;Number [] actual = DataUtilities.createNumberArray(input);&#10;&#9;&#9;boolean testPassed = false;&#10;&#9;&#9;testPassed = actual.equals(expected);&#10;&#9;&#9;assertEquals(true, testPassed);&#10;&#9;}&#10;}&#10;" Filename="CreateNumberArray.java" Intrnl_Id="5"/>
<SrcFile Content="package org.jfree.data;&#10;&#10;import static org.junit.Assert.assertEquals;&#10;&#10;import org.junit.Test;&#10;&#10;public class Contains {&#10;&#10;&#9;@Test&#10;&#9;public void oneLessThanLowerBound() {&#10;&#9;&#9;Range range1 = new Range(1.0, 10.0);&#10;&#9;&#9;boolean testPassed = range1.contains(9.0);&#10;&#9;&#9;assertEquals(true, testPassed);&#10;&#9;}&#10;&#10;&#9;@Test&#10;&#9;public void lowerBound() {&#10;&#9;&#9;Range range1 = new Range(1.0, 10.0);&#10;&#9;&#9;boolean testPassed = range1.contains(1.0);&#10;&#9;&#9;assertEquals(true, testPassed);&#10;&#9;}&#10;&#10;&#9;@Test&#10;&#9;public void centerOfRange() {&#10;&#9;&#9;Range range1 = new Range(1.0, 9.0);&#10;&#9;&#9;boolean testPassed = range1.contains(5.0);&#10;&#9;&#9;assertEquals(true, testPassed);&#10;&#9;}&#10;&#10;&#9;@Test&#10;&#9;public void upperBound() {&#10;&#9;&#9;Range range1 = new Range(1.0, 10.0);&#10;&#9;&#9;boolean testPassed = range1.contains(10.0);&#10;&#9;&#9;assertEquals(true, testPassed);&#10;&#9;}&#10;&#10;&#9;@Test&#10;&#9;public void oneOverUpperBound() {&#10;&#9;&#9;Range range1 = new Range(1.0, 10.0);&#10;&#9;&#9;boolean testPassed = !range1.contains(11.0);&#10;&#9;&#9;assertEquals(true, testPassed);&#10;&#9;}&#10;}&#10;" Filename="Contains.java" Intrnl_Id="6"/>
<SrcFile Content="package org.jfree.data;&#10;&#10;import static org.junit.Assert.assertEquals;&#10;&#10;import org.junit.Test;&#10;&#10;public class Constrain {&#10;&#10;&#9;@Test&#10;&#9;public void tenLessThanLowerBound() {&#10;&#9;&#9;Range range1 = new Range(20.0, 100.0);&#10;&#9;&#9;boolean testPassed = false;&#10;&#9;&#9;try {&#10;&#9;&#9;&#9;double actual = range1.constrain(10.0);&#10;&#9;&#9;} catch (Exception e) {&#10;&#9;&#9;&#9;testPassed = true;&#10;&#9;&#9;} finally {&#10;&#9;&#9;&#9;assertEquals(&quot;Method should throw exception.&quot;, true, testPassed);&#10;&#9;&#9;}&#10;&#9;}&#10;&#10;&#9;@Test&#10;&#9;public void oneLessThanLowerBound() {&#10;&#9;&#9;Range range1 = new Range(20.0, 100.0);&#10;&#9;&#9;boolean testPassed = false;&#10;&#9;&#9;try {&#10;&#9;&#9;&#9;double actual = range1.constrain(19.0);&#10;&#9;&#9;} catch (Exception e) {&#10;&#9;&#9;&#9;testPassed = true;&#10;&#9;&#9;} finally {&#10;&#9;&#9;&#9;assertEquals(&quot;Method should throw exception.&quot;, true, testPassed);&#10;&#9;&#9;}&#10;&#9;}&#10;&#10;&#9;@Test&#10;&#9;public void oneMoreThanUpperBound() {&#10;&#9;&#9;Range range1 = new Range(20.0, 100.0);&#10;&#9;&#9;boolean testPassed = false;&#10;&#9;&#9;try {&#10;&#9;&#9;&#9;double actual = range1.constrain(101.0);&#10;&#9;&#9;} catch (Exception e) {&#10;&#9;&#9;&#9;testPassed = true;&#10;&#9;&#9;} finally {&#10;&#9;&#9;&#9;assertEquals(&quot;Method should throw exception.&quot;, true, testPassed);&#10;&#9;&#9;}&#10;&#9;}&#10;&#10;&#9;@Test&#10;&#9;public void tenMoreThanUpperBound() {&#10;&#9;&#9;Range range1 = new Range(20.0, 100.0);&#10;&#9;&#9;boolean testPassed = false;&#10;&#9;&#9;try {&#10;&#9;&#9;&#9;double actual = range1.constrain(110.0);&#10;&#9;&#9;} catch (Exception e) {&#10;&#9;&#9;&#9;testPassed = true;&#10;&#9;&#9;} finally {&#10;&#9;&#9;&#9;assertEquals(&quot;Method should throw exception.&quot;, true, testPassed);&#10;&#9;&#9;}&#10;&#9;}&#10;&#10;&#9;@Test&#10;&#9;public void upperBound() {&#10;&#9;&#9;Range range1 = new Range(20.0, 100.0);&#10;&#9;&#9;double actual = range1.constrain(100.0);&#10;&#9;&#9;assertEquals(100.0, actual, 0);&#10;&#9;}&#10;&#10;&#9;@Test&#10;&#9;public void lowerBound() {&#10;&#9;&#9;Range range1 = new Range(20.0, 100.0);&#10;&#9;&#9;double actual = range1.constrain(20.0);&#10;&#9;&#9;assertEquals(20.0, actual, 0);&#10;&#9;}&#10;&#10;&#9;@Test&#10;&#9;public void centralValue() {&#10;&#9;&#9;Range range1 = new Range(0.0, 100.0);&#10;&#9;&#9;double actual = range1.constrain(50.0);&#10;&#9;&#9;assertEquals(50.0, actual, 0);&#10;&#9;}&#10;}&#10;" Filename="Constrain.java" Intrnl_Id="7"/>
<SrcFile Content="package org.jfree.data;&#10;&#10;&#10;import static org.junit.Assert.assertEquals;&#10;&#10;import java.security.InvalidParameterException;&#10;&#10;import org.junit.Test;&#10;&#10;public class Combine {&#10;&#10;&#9;@Test&#10;&#9;public void firstRangeNullSecondNot() {&#10;&#9;&#9;boolean testPassed = false;&#10;&#9;&#9;Range range1 = null;&#10;&#9;&#9;Range range2 = new Range(1.0, 2.0);&#10;&#9;&#9;Range range3;&#10;&#9;&#9;try {&#10;&#9;&#9;&#9;range3 = Range.combine(range1, range2);&#10;&#9;&#9;} catch (InvalidParameterException e) {&#10;&#9;&#9;&#9;testPassed = true;&#10;&#9;&#9;} finally {&#10;&#9;&#9;&#9;assertEquals(&quot;Method should throw exception.&quot;, true, testPassed);&#10;&#9;&#9;}&#10;&#9;}&#10;&#10;&#9;@Test&#10;&#9;public void secondRangeNullFirstNot() {&#10;&#9;&#9;boolean testPassed = false;&#10;&#9;&#9;Range range1 = new Range(1.0, 2.0);&#10;&#9;&#9;Range range2 = null;&#10;&#9;&#9;Range range3;&#10;&#9;&#9;try {&#10;&#9;&#9;&#9;range3 = Range.combine(range1, range2);&#10;&#9;&#9;} catch (InvalidParameterException e) {&#10;&#9;&#9;&#9;testPassed = true;&#10;&#9;&#9;} finally {&#10;&#9;&#9;&#9;assertEquals(&quot;Method should throw exception.&quot;, true, testPassed);&#10;&#9;&#9;}&#10;&#9;}&#10;&#10;&#9;@Test&#10;&#9;public void bothRangesNull() {&#10;&#9;&#9;boolean testPassed = false;&#10;&#9;&#9;Range range1 = null;&#10;&#9;&#9;Range range2 = null;&#10;&#9;&#9;Range range3;&#10;&#9;&#9;try {&#10;&#9;&#9;&#9;range3 = Range.combine(range1, range2);&#10;&#9;&#9;} catch (InvalidParameterException e) {&#10;&#9;&#9;&#9;testPassed = true;&#10;&#9;&#9;} finally {&#10;&#9;&#9;&#9;assertEquals(&quot;Method should throw exception.&quot;, true, testPassed);&#10;&#9;&#9;}&#10;&#9;}&#10;&#10;&#9;@Test&#10;&#9;public void rangeOneEqualsRangeTwo() {&#10;&#9;&#9;Range range1 = new Range(1.0, 2.0);&#10;&#9;&#9;Range range2 = new Range(1.0, 2.0);&#10;&#9;&#9;Range expected = new Range(1.0, 2.0);&#10;&#9;&#9;Range actual = Range.combine(range1, range2);&#10;&#9;&#9;boolean testPassed = false;&#10;&#9;&#9;testPassed = actual.equals(expected);&#10;&#9;&#9;assertEquals(true, testPassed);&#10;&#9;}&#10;&#10;&#9;@Test&#10;&#9;public void overlappingRanges() {&#10;&#9;&#9;Range range1 = new Range(1.0, 3.0);&#10;&#9;&#9;Range range2 = new Range(2.0, 4.0);&#10;&#9;&#9;Range expected = new Range(1.0, 4.0);&#10;&#9;&#9;Range actual = Range.combine(range2, range1);&#10;&#9;&#9;boolean testPassed = false;&#10;&#9;&#9;testPassed = actual.equals(expected);&#10;&#9;&#9;assertEquals(true, testPassed);&#10;&#9;}&#10;&#10;&#9;@Test&#10;&#9;public void gapBetweenRanges() {&#10;&#9;&#9;Range range1 = new Range(1.0, 2.0);&#10;&#9;&#9;Range range2 = new Range(3.0, 4.0);&#10;&#9;&#9;Range expected = new Range(1.0, 4.0);&#10;&#9;&#9;Range actual = Range.combine(range2, range1);&#10;&#9;&#9;boolean testPassed = false;&#10;&#9;&#9;testPassed = actual.equals(expected);&#10;&#9;&#9;assertEquals(true, testPassed);&#10;&#9;}&#10;&#10;&#9;@Test&#10;&#9;public void noOverlapNoIntegerGap() {&#10;&#9;&#9;Range range1 = new Range(1.0, 2.0);&#10;&#9;&#9;Range range2 = new Range(2.1, 4.0);&#10;&#9;&#9;Range expected = new Range(1.0, 4.0);&#10;&#9;&#9;Range actual = Range.combine(range2, range1);&#10;&#9;&#9;boolean testPassed = false;&#10;&#9;&#9;testPassed = actual.equals(expected);&#10;&#9;&#9;assertEquals(true, testPassed);&#10;&#9;}&#10;&#10;&#9;@Test&#10;&#9;public void oneNegativeRangeOnePositive() {&#10;&#9;&#9;Range range1 = new Range(-2.0, -1.0);&#10;&#9;&#9;Range range2 = new Range(1.0, 2.0);&#10;&#9;&#9;Range expected = new Range(-2.0, 2.0);&#10;&#9;&#9;Range actual = Range.combine(range2, range1);&#10;&#9;&#9;boolean testPassed = false;&#10;&#9;&#9;testPassed = actual.equals(expected);&#10;&#9;&#9;assertEquals(true, testPassed);&#10;&#9;}&#10;}&#10;" Filename="Combine.java" Intrnl_Id="8"/>
<SrcFile Content="package org.jfree.data;&#10;&#10;import static org.junit.Assert.assertEquals;&#10;&#10;import java.security.InvalidParameterException;&#10;&#10;import org.jmock.Expectations;&#10;import org.jmock.Mockery;&#10;import org.junit.Test;&#10;&#10;&#10;public class CalculateRowTotal {&#10;&#9;@Test&#10;&#9;public void nullDataObjectPassed() {&#10;&#9;&#9;boolean testPassed = false;&#10;&#9;&#9;&#10;&#9;&#9;try {&#10;&#9;&#9;&#9;DataUtilities.calculateRowTotal(null, 1);&#10;&#9;&#9;} catch (InvalidParameterException e) {&#10;&#9;&#9;&#9;testPassed = true;&#10;&#9;&#9;} finally {&#10;&#9;&#9;&#9;assertEquals(&quot;Method should throw exception.&quot;, true, testPassed);&#10;&#9;&#9;}&#10;&#9;}&#10;&#9;&#10;&#9;@Test&#10;&#9;public void invalidDataPassed() {&#10;&#9;&#9;Mockery mockingContext = new Mockery();&#10;&#9;&#9;final Values2D values = mockingContext.mock(Values2D.class);&#10;&#9;&#9;mockingContext.checking(new Expectations() {&#10;&#9;&#9;&#9;{&#10;&#9;&#9;&#9;&#9;one(values).getColumnCount();&#10;&#9;&#9;&#9;&#9;will(returnValue(2));&#10;&#9;&#9;&#9;&#9;one(values).getValue(0, 0); &#10;&#9;&#9;&#9;    will(returnValue(true)); &#10;&#9;&#9;&#9;    one(values).getValue(0, 1); &#10;&#9;&#9;&#9;    will(returnValue(false));&#10;&#9;&#9;&#9;}&#10;&#9;&#9;});&#10;&#9;&#9;double result = DataUtilities.calculateRowTotal(values, 0);&#10;&#9;&#9;assertEquals(0, result, 0.000000001d);&#10;&#9;}&#10;&#9;&#10;&#9;@Test&#10;&#9;public void columnIsLastColumnInTable() {&#10;&#9;&#9;Mockery mockingContext = new Mockery();&#10;&#9;&#9;final Values2D values = mockingContext.mock(Values2D.class);&#10;&#9;&#9;mockingContext.checking(new Expectations() {&#10;&#9;&#9;&#9;{&#10;&#9;&#9;&#9;&#9;one(values).getColumnCount();&#10;&#9;&#9;&#9;&#9;will(returnValue(3));&#10;&#9;&#9;&#9;&#9;one(values).getValue(2, 0); &#10;&#9;&#9;&#9;    will(returnValue(2.4)); &#10;&#9;&#9;&#9;    one(values).getValue(2, 1); &#10;&#9;&#9;&#9;    will(returnValue(1.6));&#10;&#9;&#9;&#9;    one(values).getValue(2, 2); &#10;&#9;&#9;&#9;    will(returnValue(3.4));&#10;&#9;&#9;&#9;}&#10;&#9;&#9;});&#10;&#9;&#9;double result = DataUtilities.calculateRowTotal(values, 2);&#10;&#9;&#9;assertEquals(7.4, result, 0.000000001d);&#10;&#9;}&#10;&#9;&#10;&#9;@Test&#10;&#9;public void columnIsFirstInTable() {&#10;&#9;&#9;Mockery mockingContext = new Mockery();&#10;&#9;&#9;final Values2D values = mockingContext.mock(Values2D.class);&#10;&#9;&#9;mockingContext.checking(new Expectations() {&#10;&#9;&#9;&#9;{&#10;&#9;&#9;&#9;&#9;one(values).getColumnCount();&#10;&#9;&#9;&#9;&#9;will(returnValue(3));&#10;&#9;&#9;&#9;&#9;one(values).getValue(0, 0); &#10;&#9;&#9;&#9;    will(returnValue(1.4)); &#10;&#9;&#9;&#9;    one(values).getValue(0, 1); &#10;&#9;&#9;&#9;    will(returnValue(1.6));&#10;&#9;&#9;&#9;    one(values).getValue(0, 2); &#10;&#9;&#9;&#9;    will(returnValue(3.4));&#10;&#9;&#9;&#9;}&#10;&#9;&#9;});&#10;&#9;&#9;double result = DataUtilities.calculateRowTotal(values, 0);&#10;&#9;&#9;assertEquals(6.4, result, 0.000000001d);&#10;&#9;}&#10;&#9;&#10;&#9;@Test&#10;&#9;public void columnIsNegativeOne() {&#10;&#9;&#9;Mockery mockingContext = new Mockery();&#10;&#9;&#9;final Values2D values = mockingContext.mock(Values2D.class);&#10;&#9;&#9;mockingContext.checking(new Expectations() {&#10;&#9;&#9;&#9;{&#10;&#9;&#9;&#9;&#9;one(values).getColumnCount();&#10;&#9;&#9;&#9;&#9;will(returnValue(3));&#10;&#9;&#9;&#9;}&#10;&#9;&#9;});&#10;&#9;&#9;double result = DataUtilities.calculateRowTotal(values, -1);&#10;&#9;&#9;assertEquals(0, result, 0.000000001d);&#10;&#9;}&#10;&#9;&#10;&#9;@Test&#10;&#9;public void columnIsOneMoreThanMax() {&#10;&#9;&#9;Mockery mockingContext = new Mockery();&#10;&#9;&#9;final Values2D values = mockingContext.mock(Values2D.class);&#10;&#9;&#9;mockingContext.checking(new Expectations() {&#10;&#9;&#9;&#9;{&#10;&#9;&#9;&#9;&#9;one(values).getColumnCount();&#10;&#9;&#9;&#9;&#9;will(returnValue(3));&#10;&#9;&#9;&#9;}&#10;&#9;&#9;});&#10;&#9;&#9;double result = DataUtilities.calculateRowTotal(values, 3);&#10;&#9;&#9;assertEquals(0, result, 0.000000001d);&#10;&#9;}&#10;&#9;&#10;&#9;@Test&#10;&#9;public void columnIsCentralInTable() {&#10;&#9;&#9;Mockery mockingContext = new Mockery();&#10;&#9;&#9;final Values2D values = mockingContext.mock(Values2D.class);&#10;&#9;&#9;mockingContext.checking(new Expectations() {&#10;&#9;&#9;&#9;{&#10;&#9;&#9;&#9;&#9;one(values).getColumnCount();&#10;&#9;&#9;&#9;&#9;will(returnValue(3));&#10;&#9;&#9;&#9;&#9;one(values).getValue(1, 0); &#10;&#9;&#9;&#9;    will(returnValue(1.4)); &#10;&#9;&#9;&#9;    one(values).getValue(1, 1); &#10;&#9;&#9;&#9;    will(returnValue(1.6));&#10;&#9;&#9;&#9;    one(values).getValue(1, 2); &#10;&#9;&#9;&#9;    will(returnValue(3.4));&#10;&#9;&#9;&#9;}&#10;&#9;&#9;});&#10;&#9;&#9;double result = DataUtilities.calculateRowTotal(values, 1);&#10;&#9;&#9;assertEquals(6.4, result, 0.000000001d);&#10;&#9;}&#10;}&#10;" Filename="CalculateRowTotal.java" Intrnl_Id="9"/>
<SrcFile Content="package org.jfree.data;&#10;&#10;&#10;import static org.junit.Assert.assertEquals;&#10;&#10;import java.security.InvalidParameterException;&#10;&#10;import org.jmock.Expectations;&#10;import org.jmock.Mockery;&#10;import org.junit.Test;&#10;&#10;public class CalculateColumnTotal {&#10;&#10;&#9;@Test&#10;&#9;public void nullDataObjectPassed() {&#10;&#9;&#9;boolean testPassed = false;&#10;&#9;&#9;&#10;&#9;&#9;try {&#10;&#9;&#9;&#9;DataUtilities.calculateColumnTotal(null, 1);&#10;&#9;&#9;} catch (InvalidParameterException e) {&#10;&#9;&#9;&#9;testPassed = true;&#10;&#9;&#9;} finally {&#10;&#9;&#9;&#9;assertEquals(&quot;Method should throw exception.&quot;, true, testPassed);&#10;&#9;&#9;}&#10;&#9;}&#10;&#9;&#10;&#9;@Test&#10;&#9;public void invalidDataPassed() {&#10;&#9;&#9;Mockery mockingContext = new Mockery();&#10;&#9;&#9;final Values2D values = mockingContext.mock(Values2D.class);&#10;&#9;&#9;mockingContext.checking(new Expectations() {&#10;&#9;&#9;&#9;{&#10;&#9;&#9;&#9;&#9;one(values).getRowCount();&#10;&#9;&#9;&#9;&#9;will(returnValue(2));&#10;&#9;&#9;&#9;&#9;one(values).getValue(0, 0); &#10;&#9;&#9;&#9;    will(returnValue(true)); &#10;&#9;&#9;&#9;    one(values).getValue(1, 0); &#10;&#9;&#9;&#9;    will(returnValue(false));&#10;&#9;&#9;&#9;}&#10;&#9;&#9;});&#10;&#9;&#9;double result = DataUtilities.calculateColumnTotal(values, 0);&#10;&#9;&#9;assertEquals(0, result, 0.000000001d);&#10;&#9;}&#10;&#9;&#10;&#9;@Test&#10;&#9;public void columnIsLastColumnInTable() {&#10;&#9;&#9;Mockery mockingContext = new Mockery();&#10;&#9;&#9;final Values2D values = mockingContext.mock(Values2D.class);&#10;&#9;&#9;mockingContext.checking(new Expectations() {&#10;&#9;&#9;&#9;{&#10;&#9;&#9;&#9;&#9;one(values).getRowCount();&#10;&#9;&#9;&#9;&#9;will(returnValue(3));&#10;&#9;&#9;&#9;&#9;one(values).getValue(0, 2); &#10;&#9;&#9;&#9;    will(returnValue(2.4)); &#10;&#9;&#9;&#9;    one(values).getValue(1, 2); &#10;&#9;&#9;&#9;    will(returnValue(1.6));&#10;&#9;&#9;&#9;    one(values).getValue(2, 2); &#10;&#9;&#9;&#9;    will(returnValue(3.4));&#10;&#9;&#9;&#9;}&#10;&#9;&#9;});&#10;&#9;&#9;double result = DataUtilities.calculateColumnTotal(values, 2);&#10;&#9;&#9;assertEquals(7.4, result, 0.000000001d);&#10;&#9;}&#10;&#9;&#10;&#9;@Test&#10;&#9;public void columnIsFirstInTable() {&#10;&#9;&#9;Mockery mockingContext = new Mockery();&#10;&#9;&#9;final Values2D values = mockingContext.mock(Values2D.class);&#10;&#9;&#9;mockingContext.checking(new Expectations() {&#10;&#9;&#9;&#9;{&#10;&#9;&#9;&#9;&#9;one(values).getRowCount();&#10;&#9;&#9;&#9;&#9;will(returnValue(3));&#10;&#9;&#9;&#9;&#9;one(values).getValue(0, 0); &#10;&#9;&#9;&#9;    will(returnValue(1.4)); &#10;&#9;&#9;&#9;    one(values).getValue(1, 0); &#10;&#9;&#9;&#9;    will(returnValue(1.6));&#10;&#9;&#9;&#9;    one(values).getValue(2, 0); &#10;&#9;&#9;&#9;    will(returnValue(3.4));&#10;&#9;&#9;&#9;}&#10;&#9;&#9;});&#10;&#9;&#9;double result = DataUtilities.calculateColumnTotal(values, 0);&#10;&#9;&#9;assertEquals(6.4, result, 0.000000001d);&#10;&#9;}&#10;&#9;&#10;&#9;@Test&#10;&#9;public void columnIsNegativeOne() {&#10;&#9;&#9;Mockery mockingContext = new Mockery();&#10;&#9;&#9;final Values2D values = mockingContext.mock(Values2D.class);&#10;&#9;&#9;mockingContext.checking(new Expectations() {&#10;&#9;&#9;&#9;{&#10;&#9;&#9;&#9;&#9;one(values).getRowCount();&#10;&#9;&#9;&#9;&#9;will(returnValue(3));&#10;&#9;&#9;&#9;}&#10;&#9;&#9;});&#10;&#9;&#9;double result = DataUtilities.calculateColumnTotal(values, -1);&#10;&#9;&#9;assertEquals(0, result, 0.000000001d);&#10;&#9;}&#10;&#9;&#10;&#9;@Test&#10;&#9;public void columnIsOneMoreThanMax() {&#10;&#9;&#9;Mockery mockingContext = new Mockery();&#10;&#9;&#9;final Values2D values = mockingContext.mock(Values2D.class);&#10;&#9;&#9;mockingContext.checking(new Expectations() {&#10;&#9;&#9;&#9;{&#10;&#9;&#9;&#9;&#9;one(values).getRowCount();&#10;&#9;&#9;&#9;&#9;will(returnValue(3));&#10;&#9;&#9;&#9;}&#10;&#9;&#9;});&#10;&#9;&#9;double result = DataUtilities.calculateColumnTotal(values, 3);&#10;&#9;&#9;assertEquals(0, result, 0.000000001d);&#10;&#9;}&#10;&#9;&#10;&#9;@Test&#10;&#9;public void columnIsCentralInTable() {&#10;&#9;&#9;Mockery mockingContext = new Mockery();&#10;&#9;&#9;final Values2D values = mockingContext.mock(Values2D.class);&#10;&#9;&#9;mockingContext.checking(new Expectations() {&#10;&#9;&#9;&#9;{&#10;&#9;&#9;&#9;&#9;one(values).getRowCount();&#10;&#9;&#9;&#9;&#9;will(returnValue(3));&#10;&#9;&#9;&#9;&#9;one(values).getValue(0, 1); &#10;&#9;&#9;&#9;    will(returnValue(1.4)); &#10;&#9;&#9;&#9;    one(values).getValue(1, 1); &#10;&#9;&#9;&#9;    will(returnValue(1.6));&#10;&#9;&#9;&#9;    one(values).getValue(2, 1); &#10;&#9;&#9;&#9;    will(returnValue(3.4));&#10;&#9;&#9;&#9;}&#10;&#9;&#9;});&#10;&#9;&#9;double result = DataUtilities.calculateColumnTotal(values, 1);&#10;&#9;&#9;assertEquals(6.4, result, 0.000000001d);&#10;&#9;}&#10;}&#10;" Filename="CalculateColumnTotal.java" Intrnl_Id="10"/>
</SrcFileList>
<CritList>
<CritListEntry Name="org.codecover.model.utils.criteria.LoopCoverage" PluginName="org.codecover"/>
<CritListEntry Name="org.codecover.model.utils.criteria.BranchCoverage" PluginName="org.codecover"/>
<CritListEntry Name="org.codecover.model.utils.criteria.ConditionCoverage" PluginName="org.codecover"/>
<CritListEntry Name="org.codecover.model.utils.criteria.SynchronizedStatementCoverage" PluginName="org.codecover"/>
<CritListEntry Name="org.codecover.model.utils.criteria.QMOCoverage" PluginName="org.codecover"/>
<CritListEntry Name="org.codecover.model.utils.criteria.StatementCoverage" PluginName="org.codecover"/>
</CritList>
<BoolOpList/>
<HierarchyLvlTypeList>
<HierarchyLvlType EnglishName="package" IntrnlName="package" Intrnl_Id="11"/>
<HierarchyLvlType EnglishName="class" IntrnlName="class" Intrnl_Id="12"/>
<HierarchyLvlType EnglishName="method" IntrnlName="method" Intrnl_Id="13"/>
<HierarchyLvlType EnglishName="default package" IntrnlName="default package" Intrnl_Id="14"/>
<HierarchyLvlType EnglishName="anonymous class" IntrnlName="class" Intrnl_Id="15"/>
</HierarchyLvlTypeList>
<MASTRoot>
<HierarchyLvl HierarchyLvlId="102" HierarchyLvlTypeId="14" Intrnl_Id="16" Name="default package">
<Header/>
<LocList/>
<HierarchyLvl HierarchyLvlId="101" HierarchyLvlTypeId="11" Intrnl_Id="17" Name="org">
<Header/>
<LocList/>
<HierarchyLvl HierarchyLvlId="100" HierarchyLvlTypeId="11" Intrnl_Id="18" Name="jfree">
<Header/>
<LocList/>
<HierarchyLvl HierarchyLvlId="99" HierarchyLvlTypeId="11" Intrnl_Id="19" Name="data">
<Header/>
<LocList/>
<HierarchyLvl HierarchyLvlId="17" HierarchyLvlTypeId="12" Intrnl_Id="20" Name="Shift">
<Header>
<Loc EndOffset="162" SrcFileId="1" StartOffset="144"/>
</Header>
<LocList>
<Loc EndOffset="4601" SrcFileId="1" StartOffset="144"/>
</LocList>
<HierarchyLvl HierarchyLvlId="2" HierarchyLvlTypeId="13" Intrnl_Id="21" Name="negShiftLeft">
<Header>
<Loc EndOffset="200" SrcFileId="1" StartOffset="167"/>
</Header>
<LocList>
<Loc EndOffset="431" SrcFileId="1" StartOffset="167"/>
</LocList>
<StmntSeq Intrnl_Id="22">
<LocList>
<Loc EndOffset="241" SrcFileId="1" StartOffset="205"/>
<Loc EndOffset="283" SrcFileId="1" StartOffset="244"/>
<Loc EndOffset="324" SrcFileId="1" StartOffset="286"/>
<Loc EndOffset="354" SrcFileId="1" StartOffset="327"/>
<Loc EndOffset="394" SrcFileId="1" StartOffset="357"/>
<Loc EndOffset="428" SrcFileId="1" StartOffset="397"/>
</LocList>
<BasicStmnt CovItemId="S1" CovItemPrefix="org.jfree.data.Shift.java" Intrnl_Id="23">
<LocList>
<Loc EndOffset="241" SrcFileId="1" StartOffset="205"/>
</LocList>
</BasicStmnt>
<BasicStmnt CovItemId="S2" CovItemPrefix="org.jfree.data.Shift.java" Intrnl_Id="24">
<LocList>
<Loc EndOffset="283" SrcFileId="1" StartOffset="244"/>
</LocList>
</BasicStmnt>
<BasicStmnt CovItemId="S3" CovItemPrefix="org.jfree.data.Shift.java" Intrnl_Id="25">
<LocList>
<Loc EndOffset="324" SrcFileId="1" StartOffset="286"/>
</LocList>
</BasicStmnt>
<BasicStmnt CovItemId="S4" CovItemPrefix="org.jfree.data.Shift.java" Intrnl_Id="26">
<LocList>
<Loc EndOffset="354" SrcFileId="1" StartOffset="327"/>
</LocList>
</BasicStmnt>
<BasicStmnt CovItemId="S5" CovItemPrefix="org.jfree.data.Shift.java" Intrnl_Id="27">
<LocList>
<Loc EndOffset="394" SrcFileId="1" StartOffset="357"/>
</LocList>
</BasicStmnt>
<BasicStmnt CovItemId="S6" CovItemPrefix="org.jfree.data.Shift.java" Intrnl_Id="28">
<LocList>
<Loc EndOffset="428" SrcFileId="1" StartOffset="397"/>
</LocList>
</BasicStmnt>
</StmntSeq>
</HierarchyLvl>
<HierarchyLvl HierarchyLvlId="3" HierarchyLvlTypeId="13" Intrnl_Id="29" Name="negShiftRightLegal">
<Header>
<Loc EndOffset="473" SrcFileId="1" StartOffset="434"/>
</Header>
<LocList>
<Loc EndOffset="702" SrcFileId="1" StartOffset="434"/>
</LocList>
<StmntSeq Intrnl_Id="30">
<LocList>
<Loc EndOffset="514" SrcFileId="1" StartOffset="478"/>
<Loc EndOffset="555" SrcFileId="1" StartOffset="517"/>
<Loc EndOffset="595" SrcFileId="1" StartOffset="558"/>
<Loc EndOffset="625" SrcFileId="1" StartOffset="598"/>
<Loc EndOffset="665" SrcFileId="1" StartOffset="628"/>
<Loc EndOffset="699" SrcFileId="1" StartOffset="668"/>
</LocList>
<BasicStmnt CovItemId="S7" CovItemPrefix="org.jfree.data.Shift.java" Intrnl_Id="31">
<LocList>
<Loc EndOffset="514" SrcFileId="1" StartOffset="478"/>
</LocList>
</BasicStmnt>
<BasicStmnt CovItemId="S8" CovItemPrefix="org.jfree.data.Shift.java" Intrnl_Id="32">
<LocList>
<Loc EndOffset="555" SrcFileId="1" StartOffset="517"/>
</LocList>
</BasicStmnt>
<BasicStmnt CovItemId="S9" CovItemPrefix="org.jfree.data.Shift.java" Intrnl_Id="33">
<LocList>
<Loc EndOffset="595" SrcFileId="1" StartOffset="558"/>
</LocList>
</BasicStmnt>
<BasicStmnt CovItemId="S10" CovItemPrefix="org.jfree.data.Shift.java" Intrnl_Id="34">
<LocList>
<Loc EndOffset="625" SrcFileId="1" StartOffset="598"/>
</LocList>
</BasicStmnt>
<BasicStmnt CovItemId="S11" CovItemPrefix="org.jfree.data.Shift.java" Intrnl_Id="35">
<LocList>
<Loc EndOffset="665" SrcFileId="1" StartOffset="628"/>
</LocList>
</BasicStmnt>
<BasicStmnt CovItemId="S12" CovItemPrefix="org.jfree.data.Shift.java" Intrnl_Id="36">
<LocList>
<Loc EndOffset="699" SrcFileId="1" StartOffset="668"/>
</LocList>
</BasicStmnt>
</StmntSeq>
</HierarchyLvl>
<HierarchyLvl HierarchyLvlId="4" HierarchyLvlTypeId="13" Intrnl_Id="37" Name="negShiftRightIllegal">
<Header>
<Loc EndOffset="746" SrcFileId="1" StartOffset="705"/>
</Header>
<LocList>
<Loc EndOffset="1033" SrcFileId="1" StartOffset="705"/>
</LocList>
<StmntSeq Intrnl_Id="38">
<LocList>
<Loc EndOffset="787" SrcFileId="1" StartOffset="751"/>
<Loc EndOffset="817" SrcFileId="1" StartOffset="790"/>
<Loc EndOffset="879" SrcFileId="1" StartOffset="845"/>
<Loc EndOffset="947" SrcFileId="1" StartOffset="836"/>
<Loc EndOffset="1026" SrcFileId="1" StartOffset="961"/>
</LocList>
<BasicStmnt CovItemId="S13" CovItemPrefix="org.jfree.data.Shift.java" Intrnl_Id="39">
<LocList>
<Loc EndOffset="787" SrcFileId="1" StartOffset="751"/>
</LocList>
</BasicStmnt>
<BasicStmnt CovItemId="S14" CovItemPrefix="org.jfree.data.Shift.java" Intrnl_Id="40">
<LocList>
<Loc EndOffset="817" SrcFileId="1" StartOffset="790"/>
</LocList>
</BasicStmnt>
<BasicStmnt CovItemId="S16" CovItemPrefix="org.jfree.data.Shift.java" Intrnl_Id="41">
<LocList>
<Loc EndOffset="879" SrcFileId="1" StartOffset="845"/>
</LocList>
</BasicStmnt>
<CondStmnt CovItemId="S15" CovItemPrefix="org.jfree.data.Shift.java" Intrnl_Id="42">
<Branch CovItemId="B1" CovItemPrefix="org.jfree.data.Shift.java" Implct="true" Intrnl_Id="43">
<Cond/>
<LocList/>
<StmntSeq Intrnl_Id="44">
<LocList/>
</StmntSeq>
</Branch>
<Branch CovItemId="B2" CovItemPrefix="org.jfree.data.Shift.java" Implct="false" Intrnl_Id="45">
<Cond>
<Loc EndOffset="919" SrcFileId="1" StartOffset="884"/>
</Cond>
<LocList>
<Loc EndOffset="947" SrcFileId="1" StartOffset="920"/>
</LocList>
<StmntSeq Intrnl_Id="46">
<LocList>
<Loc EndOffset="943" SrcFileId="1" StartOffset="925"/>
</LocList>
<BasicStmnt CovItemId="S17" CovItemPrefix="org.jfree.data.Shift.java" Intrnl_Id="47">
<LocList>
<Loc EndOffset="943" SrcFileId="1" StartOffset="925"/>
</LocList>
</BasicStmnt>
</StmntSeq>
</Branch>
<Keyword EndOffset="839" SrcFileId="1" StartOffset="836"/>
<LocList>
<Loc EndOffset="947" SrcFileId="1" StartOffset="836"/>
</LocList>
</CondStmnt>
<BasicStmnt CovItemId="S18" CovItemPrefix="org.jfree.data.Shift.java" Intrnl_Id="48">
<LocList>
<Loc EndOffset="1026" SrcFileId="1" StartOffset="961"/>
</LocList>
</BasicStmnt>
</StmntSeq>
</HierarchyLvl>
<HierarchyLvl HierarchyLvlId="5" HierarchyLvlTypeId="13" Intrnl_Id="49" Name="negShiftForUpperEqualsOne">
<Header>
<Loc EndOffset="1082" SrcFileId="1" StartOffset="1036"/>
</Header>
<LocList>
<Loc EndOffset="1369" SrcFileId="1" StartOffset="1036"/>
</LocList>
<StmntSeq Intrnl_Id="50">
<LocList>
<Loc EndOffset="1123" SrcFileId="1" StartOffset="1087"/>
<Loc EndOffset="1153" SrcFileId="1" StartOffset="1126"/>
<Loc EndOffset="1215" SrcFileId="1" StartOffset="1181"/>
<Loc EndOffset="1283" SrcFileId="1" StartOffset="1172"/>
<Loc EndOffset="1362" SrcFileId="1" StartOffset="1297"/>
</LocList>
<BasicStmnt CovItemId="S19" CovItemPrefix="org.jfree.data.Shift.java" Intrnl_Id="51">
<LocList>
<Loc EndOffset="1123" SrcFileId="1" StartOffset="1087"/>
</LocList>
</BasicStmnt>
<BasicStmnt CovItemId="S20" CovItemPrefix="org.jfree.data.Shift.java" Intrnl_Id="52">
<LocList>
<Loc EndOffset="1153" SrcFileId="1" StartOffset="1126"/>
</LocList>
</BasicStmnt>
<BasicStmnt CovItemId="S22" CovItemPrefix="org.jfree.data.Shift.java" Intrnl_Id="53">
<LocList>
<Loc EndOffset="1215" SrcFileId="1" StartOffset="1181"/>
</LocList>
</BasicStmnt>
<CondStmnt CovItemId="S21" CovItemPrefix="org.jfree.data.Shift.java" Intrnl_Id="54">
<Branch CovItemId="B3" CovItemPrefix="org.jfree.data.Shift.java" Implct="true" Intrnl_Id="55">
<Cond/>
<LocList/>
<StmntSeq Intrnl_Id="56">
<LocList/>
</StmntSeq>
</Branch>
<Branch CovItemId="B4" CovItemPrefix="org.jfree.data.Shift.java" Implct="false" Intrnl_Id="57">
<Cond>
<Loc EndOffset="1255" SrcFileId="1" StartOffset="1220"/>
</Cond>
<LocList>
<Loc EndOffset="1283" SrcFileId="1" StartOffset="1256"/>
</LocList>
<StmntSeq Intrnl_Id="58">
<LocList>
<Loc EndOffset="1279" SrcFileId="1" StartOffset="1261"/>
</LocList>
<BasicStmnt CovItemId="S23" CovItemPrefix="org.jfree.data.Shift.java" Intrnl_Id="59">
<LocList>
<Loc EndOffset="1279" SrcFileId="1" StartOffset="1261"/>
</LocList>
</BasicStmnt>
</StmntSeq>
</Branch>
<Keyword EndOffset="1175" SrcFileId="1" StartOffset="1172"/>
<LocList>
<Loc EndOffset="1283" SrcFileId="1" StartOffset="1172"/>
</LocList>
</CondStmnt>
<BasicStmnt CovItemId="S24" CovItemPrefix="org.jfree.data.Shift.java" Intrnl_Id="60">
<LocList>
<Loc EndOffset="1362" SrcFileId="1" StartOffset="1297"/>
</LocList>
</BasicStmnt>
</StmntSeq>
</HierarchyLvl>
<HierarchyLvl HierarchyLvlId="6" HierarchyLvlTypeId="13" Intrnl_Id="61" Name="negShiftForUpperEqualsZero">
<Header>
<Loc EndOffset="1420" SrcFileId="1" StartOffset="1373"/>
</Header>
<LocList>
<Loc EndOffset="1654" SrcFileId="1" StartOffset="1373"/>
</LocList>
<StmntSeq Intrnl_Id="62">
<LocList>
<Loc EndOffset="1463" SrcFileId="1" StartOffset="1425"/>
<Loc EndOffset="1506" SrcFileId="1" StartOffset="1466"/>
<Loc EndOffset="1547" SrcFileId="1" StartOffset="1509"/>
<Loc EndOffset="1577" SrcFileId="1" StartOffset="1550"/>
<Loc EndOffset="1617" SrcFileId="1" StartOffset="1580"/>
<Loc EndOffset="1651" SrcFileId="1" StartOffset="1620"/>
</LocList>
<BasicStmnt CovItemId="S25" CovItemPrefix="org.jfree.data.Shift.java" Intrnl_Id="63">
<LocList>
<Loc EndOffset="1463" SrcFileId="1" StartOffset="1425"/>
</LocList>
</BasicStmnt>
<BasicStmnt CovItemId="S26" CovItemPrefix="org.jfree.data.Shift.java" Intrnl_Id="64">
<LocList>
<Loc EndOffset="1506" SrcFileId="1" StartOffset="1466"/>
</LocList>
</BasicStmnt>
<BasicStmnt CovItemId="S27" CovItemPrefix="org.jfree.data.Shift.java" Intrnl_Id="65">
<LocList>
<Loc EndOffset="1547" SrcFileId="1" StartOffset="1509"/>
</LocList>
</BasicStmnt>
<BasicStmnt CovItemId="S28" CovItemPrefix="org.jfree.data.Shift.java" Intrnl_Id="66">
<LocList>
<Loc EndOffset="1577" SrcFileId="1" StartOffset="1550"/>
</LocList>
</BasicStmnt>
<BasicStmnt CovItemId="S29" CovItemPrefix="org.jfree.data.Shift.java" Intrnl_Id="67">
<LocList>
<Loc EndOffset="1617" SrcFileId="1" StartOffset="1580"/>
</LocList>
</BasicStmnt>
<BasicStmnt CovItemId="S30" CovItemPrefix="org.jfree.data.Shift.java" Intrnl_Id="68">
<LocList>
<Loc EndOffset="1651" SrcFileId="1" StartOffset="1620"/>
</LocList>
</BasicStmnt>
</StmntSeq>
</HierarchyLvl>
<HierarchyLvl HierarchyLvlId="7" HierarchyLvlTypeId="13" Intrnl_Id="69" Name="posShiftRight">
<Header>
<Loc EndOffset="1692" SrcFileId="1" StartOffset="1658"/>
</Header>
<LocList>
<Loc EndOffset="1920" SrcFileId="1" StartOffset="1658"/>
</LocList>
<StmntSeq Intrnl_Id="70">
<LocList>
<Loc EndOffset="1733" SrcFileId="1" StartOffset="1697"/>
<Loc EndOffset="1774" SrcFileId="1" StartOffset="1736"/>
<Loc EndOffset="1813" SrcFileId="1" StartOffset="1777"/>
<Loc EndOffset="1843" SrcFileId="1" StartOffset="1816"/>
<Loc EndOffset="1883" SrcFileId="1" StartOffset="1846"/>
<Loc EndOffset="1917" SrcFileId="1" StartOffset="1886"/>
</LocList>
<BasicStmnt CovItemId="S31" CovItemPrefix="org.jfree.data.Shift.java" Intrnl_Id="71">
<LocList>
<Loc EndOffset="1733" SrcFileId="1" StartOffset="1697"/>
</LocList>
</BasicStmnt>
<BasicStmnt CovItemId="S32" CovItemPrefix="org.jfree.data.Shift.java" Intrnl_Id="72">
<LocList>
<Loc EndOffset="1774" SrcFileId="1" StartOffset="1736"/>
</LocList>
</BasicStmnt>
<BasicStmnt CovItemId="S33" CovItemPrefix="org.jfree.data.Shift.java" Intrnl_Id="73">
<LocList>
<Loc EndOffset="1813" SrcFileId="1" StartOffset="1777"/>
</LocList>
</BasicStmnt>
<BasicStmnt CovItemId="S34" CovItemPrefix="org.jfree.data.Shift.java" Intrnl_Id="74">
<LocList>
<Loc EndOffset="1843" SrcFileId="1" StartOffset="1816"/>
</LocList>
</BasicStmnt>
<BasicStmnt CovItemId="S35" CovItemPrefix="org.jfree.data.Shift.java" Intrnl_Id="75">
<LocList>
<Loc EndOffset="1883" SrcFileId="1" StartOffset="1846"/>
</LocList>
</BasicStmnt>
<BasicStmnt CovItemId="S36" CovItemPrefix="org.jfree.data.Shift.java" Intrnl_Id="76">
<LocList>
<Loc EndOffset="1917" SrcFileId="1" StartOffset="1886"/>
</LocList>
</BasicStmnt>
</StmntSeq>
</HierarchyLvl>
<HierarchyLvl HierarchyLvlId="8" HierarchyLvlTypeId="13" Intrnl_Id="77" Name="posShiftLeftLegal">
<Header>
<Loc EndOffset="1961" SrcFileId="1" StartOffset="1923"/>
</Header>
<LocList>
<Loc EndOffset="2191" SrcFileId="1" StartOffset="1923"/>
</LocList>
<StmntSeq Intrnl_Id="78">
<LocList>
<Loc EndOffset="2002" SrcFileId="1" StartOffset="1966"/>
<Loc EndOffset="2044" SrcFileId="1" StartOffset="2005"/>
<Loc EndOffset="2084" SrcFileId="1" StartOffset="2047"/>
<Loc EndOffset="2114" SrcFileId="1" StartOffset="2087"/>
<Loc EndOffset="2154" SrcFileId="1" StartOffset="2117"/>
<Loc EndOffset="2188" SrcFileId="1" StartOffset="2157"/>
</LocList>
<BasicStmnt CovItemId="S37" CovItemPrefix="org.jfree.data.Shift.java" Intrnl_Id="79">
<LocList>
<Loc EndOffset="2002" SrcFileId="1" StartOffset="1966"/>
</LocList>
</BasicStmnt>
<BasicStmnt CovItemId="S38" CovItemPrefix="org.jfree.data.Shift.java" Intrnl_Id="80">
<LocList>
<Loc EndOffset="2044" SrcFileId="1" StartOffset="2005"/>
</LocList>
</BasicStmnt>
<BasicStmnt CovItemId="S39" CovItemPrefix="org.jfree.data.Shift.java" Intrnl_Id="81">
<LocList>
<Loc EndOffset="2084" SrcFileId="1" StartOffset="2047"/>
</LocList>
</BasicStmnt>
<BasicStmnt CovItemId="S40" CovItemPrefix="org.jfree.data.Shift.java" Intrnl_Id="82">
<LocList>
<Loc EndOffset="2114" SrcFileId="1" StartOffset="2087"/>
</LocList>
</BasicStmnt>
<BasicStmnt CovItemId="S41" CovItemPrefix="org.jfree.data.Shift.java" Intrnl_Id="83">
<LocList>
<Loc EndOffset="2154" SrcFileId="1" StartOffset="2117"/>
</LocList>
</BasicStmnt>
<BasicStmnt CovItemId="S42" CovItemPrefix="org.jfree.data.Shift.java" Intrnl_Id="84">
<LocList>
<Loc EndOffset="2188" SrcFileId="1" StartOffset="2157"/>
</LocList>
</BasicStmnt>
</StmntSeq>
</HierarchyLvl>
<HierarchyLvl HierarchyLvlId="9" HierarchyLvlTypeId="13" Intrnl_Id="85" Name="posShiftLeftIllegal">
<Header>
<Loc EndOffset="2234" SrcFileId="1" StartOffset="2194"/>
</Header>
<LocList>
<Loc EndOffset="2522" SrcFileId="1" StartOffset="2194"/>
</LocList>
<StmntSeq Intrnl_Id="86">
<LocList>
<Loc EndOffset="2275" SrcFileId="1" StartOffset="2239"/>
<Loc EndOffset="2305" SrcFileId="1" StartOffset="2278"/>
<Loc EndOffset="2368" SrcFileId="1" StartOffset="2333"/>
<Loc EndOffset="2436" SrcFileId="1" StartOffset="2324"/>
<Loc EndOffset="2515" SrcFileId="1" StartOffset="2450"/>
</LocList>
<BasicStmnt CovItemId="S43" CovItemPrefix="org.jfree.data.Shift.java" Intrnl_Id="87">
<LocList>
<Loc EndOffset="2275" SrcFileId="1" StartOffset="2239"/>
</LocList>
</BasicStmnt>
<BasicStmnt CovItemId="S44" CovItemPrefix="org.jfree.data.Shift.java" Intrnl_Id="88">
<LocList>
<Loc EndOffset="2305" SrcFileId="1" StartOffset="2278"/>
</LocList>
</BasicStmnt>
<BasicStmnt CovItemId="S46" CovItemPrefix="org.jfree.data.Shift.java" Intrnl_Id="89">
<LocList>
<Loc EndOffset="2368" SrcFileId="1" StartOffset="2333"/>
</LocList>
</BasicStmnt>
<CondStmnt CovItemId="S45" CovItemPrefix="org.jfree.data.Shift.java" Intrnl_Id="90">
<Branch CovItemId="B5" CovItemPrefix="org.jfree.data.Shift.java" Implct="true" Intrnl_Id="91">
<Cond/>
<LocList/>
<StmntSeq Intrnl_Id="92">
<LocList/>
</StmntSeq>
</Branch>
<Branch CovItemId="B6" CovItemPrefix="org.jfree.data.Shift.java" Implct="false" Intrnl_Id="93">
<Cond>
<Loc EndOffset="2408" SrcFileId="1" StartOffset="2373"/>
</Cond>
<LocList>
<Loc EndOffset="2436" SrcFileId="1" StartOffset="2409"/>
</LocList>
<StmntSeq Intrnl_Id="94">
<LocList>
<Loc EndOffset="2432" SrcFileId="1" StartOffset="2414"/>
</LocList>
<BasicStmnt CovItemId="S47" CovItemPrefix="org.jfree.data.Shift.java" Intrnl_Id="95">
<LocList>
<Loc EndOffset="2432" SrcFileId="1" StartOffset="2414"/>
</LocList>
</BasicStmnt>
</StmntSeq>
</Branch>
<Keyword EndOffset="2327" SrcFileId="1" StartOffset="2324"/>
<LocList>
<Loc EndOffset="2436" SrcFileId="1" StartOffset="2324"/>
</LocList>
</CondStmnt>
<BasicStmnt CovItemId="S48" CovItemPrefix="org.jfree.data.Shift.java" Intrnl_Id="96">
<LocList>
<Loc EndOffset="2515" SrcFileId="1" StartOffset="2450"/>
</LocList>
</BasicStmnt>
</StmntSeq>
</HierarchyLvl>
<HierarchyLvl HierarchyLvlId="10" HierarchyLvlTypeId="13" Intrnl_Id="97" Name="posShiftForLowerEqualMinusOne">
<Header>
<Loc EndOffset="2575" SrcFileId="1" StartOffset="2525"/>
</Header>
<LocList>
<Loc EndOffset="2863" SrcFileId="1" StartOffset="2525"/>
</LocList>
<StmntSeq Intrnl_Id="98">
<LocList>
<Loc EndOffset="2616" SrcFileId="1" StartOffset="2580"/>
<Loc EndOffset="2646" SrcFileId="1" StartOffset="2619"/>
<Loc EndOffset="2709" SrcFileId="1" StartOffset="2674"/>
<Loc EndOffset="2777" SrcFileId="1" StartOffset="2665"/>
<Loc EndOffset="2856" SrcFileId="1" StartOffset="2791"/>
</LocList>
<BasicStmnt CovItemId="S49" CovItemPrefix="org.jfree.data.Shift.java" Intrnl_Id="99">
<LocList>
<Loc EndOffset="2616" SrcFileId="1" StartOffset="2580"/>
</LocList>
</BasicStmnt>
<BasicStmnt CovItemId="S50" CovItemPrefix="org.jfree.data.Shift.java" Intrnl_Id="100">
<LocList>
<Loc EndOffset="2646" SrcFileId="1" StartOffset="2619"/>
</LocList>
</BasicStmnt>
<BasicStmnt CovItemId="S52" CovItemPrefix="org.jfree.data.Shift.java" Intrnl_Id="101">
<LocList>
<Loc EndOffset="2709" SrcFileId="1" StartOffset="2674"/>
</LocList>
</BasicStmnt>
<CondStmnt CovItemId="S51" CovItemPrefix="org.jfree.data.Shift.java" Intrnl_Id="102">
<Branch CovItemId="B7" CovItemPrefix="org.jfree.data.Shift.java" Implct="true" Intrnl_Id="103">
<Cond/>
<LocList/>
<StmntSeq Intrnl_Id="104">
<LocList/>
</StmntSeq>
</Branch>
<Branch CovItemId="B8" CovItemPrefix="org.jfree.data.Shift.java" Implct="false" Intrnl_Id="105">
<Cond>
<Loc EndOffset="2749" SrcFileId="1" StartOffset="2714"/>
</Cond>
<LocList>
<Loc EndOffset="2777" SrcFileId="1" StartOffset="2750"/>
</LocList>
<StmntSeq Intrnl_Id="106">
<LocList>
<Loc EndOffset="2773" SrcFileId="1" StartOffset="2755"/>
</LocList>
<BasicStmnt CovItemId="S53" CovItemPrefix="org.jfree.data.Shift.java" Intrnl_Id="107">
<LocList>
<Loc EndOffset="2773" SrcFileId="1" StartOffset="2755"/>
</LocList>
</BasicStmnt>
</StmntSeq>
</Branch>
<Keyword EndOffset="2668" SrcFileId="1" StartOffset="2665"/>
<LocList>
<Loc EndOffset="2777" SrcFileId="1" StartOffset="2665"/>
</LocList>
</CondStmnt>
<BasicStmnt CovItemId="S54" CovItemPrefix="org.jfree.data.Shift.java" Intrnl_Id="108">
<LocList>
<Loc EndOffset="2856" SrcFileId="1" StartOffset="2791"/>
</LocList>
</BasicStmnt>
</StmntSeq>
</HierarchyLvl>
<HierarchyLvl HierarchyLvlId="11" HierarchyLvlTypeId="13" Intrnl_Id="109" Name="posShiftForLowerEqualZero">
<Header>
<Loc EndOffset="2913" SrcFileId="1" StartOffset="2867"/>
</Header>
<LocList>
<Loc EndOffset="3145" SrcFileId="1" StartOffset="2867"/>
</LocList>
<StmntSeq Intrnl_Id="110">
<LocList>
<Loc EndOffset="2954" SrcFileId="1" StartOffset="2918"/>
<Loc EndOffset="2998" SrcFileId="1" StartOffset="2957"/>
<Loc EndOffset="3038" SrcFileId="1" StartOffset="3001"/>
<Loc EndOffset="3068" SrcFileId="1" StartOffset="3041"/>
<Loc EndOffset="3108" SrcFileId="1" StartOffset="3071"/>
<Loc EndOffset="3142" SrcFileId="1" StartOffset="3111"/>
</LocList>
<BasicStmnt CovItemId="S55" CovItemPrefix="org.jfree.data.Shift.java" Intrnl_Id="111">
<LocList>
<Loc EndOffset="2954" SrcFileId="1" StartOffset="2918"/>
</LocList>
</BasicStmnt>
<BasicStmnt CovItemId="S56" CovItemPrefix="org.jfree.data.Shift.java" Intrnl_Id="112">
<LocList>
<Loc EndOffset="2998" SrcFileId="1" StartOffset="2957"/>
</LocList>
</BasicStmnt>
<BasicStmnt CovItemId="S57" CovItemPrefix="org.jfree.data.Shift.java" Intrnl_Id="113">
<LocList>
<Loc EndOffset="3038" SrcFileId="1" StartOffset="3001"/>
</LocList>
</BasicStmnt>
<BasicStmnt CovItemId="S58" CovItemPrefix="org.jfree.data.Shift.java" Intrnl_Id="114">
<LocList>
<Loc EndOffset="3068" SrcFileId="1" StartOffset="3041"/>
</LocList>
</BasicStmnt>
<BasicStmnt CovItemId="S59" CovItemPrefix="org.jfree.data.Shift.java" Intrnl_Id="115">
<LocList>
<Loc EndOffset="3108" SrcFileId="1" StartOffset="3071"/>
</LocList>
</BasicStmnt>
<BasicStmnt CovItemId="S60" CovItemPrefix="org.jfree.data.Shift.java" Intrnl_Id="116">
<LocList>
<Loc EndOffset="3142" SrcFileId="1" StartOffset="3111"/>
</LocList>
</BasicStmnt>
</StmntSeq>
</HierarchyLvl>
<HierarchyLvl HierarchyLvlId="12" HierarchyLvlTypeId="13" Intrnl_Id="117" Name="centerShiftLeftLegal">
<Header>
<Loc EndOffset="3189" SrcFileId="1" StartOffset="3148"/>
</Header>
<LocList>
<Loc EndOffset="3422" SrcFileId="1" StartOffset="3148"/>
</LocList>
<StmntSeq Intrnl_Id="118">
<LocList>
<Loc EndOffset="3230" SrcFileId="1" StartOffset="3194"/>
<Loc EndOffset="3274" SrcFileId="1" StartOffset="3233"/>
<Loc EndOffset="3315" SrcFileId="1" StartOffset="3277"/>
<Loc EndOffset="3345" SrcFileId="1" StartOffset="3318"/>
<Loc EndOffset="3385" SrcFileId="1" StartOffset="3348"/>
<Loc EndOffset="3419" SrcFileId="1" StartOffset="3388"/>
</LocList>
<BasicStmnt CovItemId="S61" CovItemPrefix="org.jfree.data.Shift.java" Intrnl_Id="119">
<LocList>
<Loc EndOffset="3230" SrcFileId="1" StartOffset="3194"/>
</LocList>
</BasicStmnt>
<BasicStmnt CovItemId="S62" CovItemPrefix="org.jfree.data.Shift.java" Intrnl_Id="120">
<LocList>
<Loc EndOffset="3274" SrcFileId="1" StartOffset="3233"/>
</LocList>
</BasicStmnt>
<BasicStmnt CovItemId="S63" CovItemPrefix="org.jfree.data.Shift.java" Intrnl_Id="121">
<LocList>
<Loc EndOffset="3315" SrcFileId="1" StartOffset="3277"/>
</LocList>
</BasicStmnt>
<BasicStmnt CovItemId="S64" CovItemPrefix="org.jfree.data.Shift.java" Intrnl_Id="122">
<LocList>
<Loc EndOffset="3345" SrcFileId="1" StartOffset="3318"/>
</LocList>
</BasicStmnt>
<BasicStmnt CovItemId="S65" CovItemPrefix="org.jfree.data.Shift.java" Intrnl_Id="123">
<LocList>
<Loc EndOffset="3385" SrcFileId="1" StartOffset="3348"/>
</LocList>
</BasicStmnt>
<BasicStmnt CovItemId="S66" CovItemPrefix="org.jfree.data.Shift.java" Intrnl_Id="124">
<LocList>
<Loc EndOffset="3419" SrcFileId="1" StartOffset="3388"/>
</LocList>
</BasicStmnt>
</StmntSeq>
</HierarchyLvl>
<HierarchyLvl HierarchyLvlId="13" HierarchyLvlTypeId="13" Intrnl_Id="125" Name="centerShiftRightLegal">
<Header>
<Loc EndOffset="3467" SrcFileId="1" StartOffset="3425"/>
</Header>
<LocList>
<Loc EndOffset="3699" SrcFileId="1" StartOffset="3425"/>
</LocList>
<StmntSeq Intrnl_Id="126">
<LocList>
<Loc EndOffset="3508" SrcFileId="1" StartOffset="3472"/>
<Loc EndOffset="3551" SrcFileId="1" StartOffset="3511"/>
<Loc EndOffset="3592" SrcFileId="1" StartOffset="3554"/>
<Loc EndOffset="3622" SrcFileId="1" StartOffset="3595"/>
<Loc EndOffset="3662" SrcFileId="1" StartOffset="3625"/>
<Loc EndOffset="3696" SrcFileId="1" StartOffset="3665"/>
</LocList>
<BasicStmnt CovItemId="S67" CovItemPrefix="org.jfree.data.Shift.java" Intrnl_Id="127">
<LocList>
<Loc EndOffset="3508" SrcFileId="1" StartOffset="3472"/>
</LocList>
</BasicStmnt>
<BasicStmnt CovItemId="S68" CovItemPrefix="org.jfree.data.Shift.java" Intrnl_Id="128">
<LocList>
<Loc EndOffset="3551" SrcFileId="1" StartOffset="3511"/>
</LocList>
</BasicStmnt>
<BasicStmnt CovItemId="S69" CovItemPrefix="org.jfree.data.Shift.java" Intrnl_Id="129">
<LocList>
<Loc EndOffset="3592" SrcFileId="1" StartOffset="3554"/>
</LocList>
</BasicStmnt>
<BasicStmnt CovItemId="S70" CovItemPrefix="org.jfree.data.Shift.java" Intrnl_Id="130">
<LocList>
<Loc EndOffset="3622" SrcFileId="1" StartOffset="3595"/>
</LocList>
</BasicStmnt>
<BasicStmnt CovItemId="S71" CovItemPrefix="org.jfree.data.Shift.java" Intrnl_Id="131">
<LocList>
<Loc EndOffset="3662" SrcFileId="1" StartOffset="3625"/>
</LocList>
</BasicStmnt>
<BasicStmnt CovItemId="S72" CovItemPrefix="org.jfree.data.Shift.java" Intrnl_Id="132">
<LocList>
<Loc EndOffset="3696" SrcFileId="1" StartOffset="3665"/>
</LocList>
</BasicStmnt>
</StmntSeq>
</HierarchyLvl>
<HierarchyLvl HierarchyLvlId="14" HierarchyLvlTypeId="13" Intrnl_Id="133" Name="centerShiftLeftIllegal">
<Header>
<Loc EndOffset="3745" SrcFileId="1" StartOffset="3702"/>
</Header>
<LocList>
<Loc EndOffset="4033" SrcFileId="1" StartOffset="3702"/>
</LocList>
<StmntSeq Intrnl_Id="134">
<LocList>
<Loc EndOffset="3786" SrcFileId="1" StartOffset="3750"/>
<Loc EndOffset="3816" SrcFileId="1" StartOffset="3789"/>
<Loc EndOffset="3879" SrcFileId="1" StartOffset="3844"/>
<Loc EndOffset="3947" SrcFileId="1" StartOffset="3835"/>
<Loc EndOffset="4026" SrcFileId="1" StartOffset="3961"/>
</LocList>
<BasicStmnt CovItemId="S73" CovItemPrefix="org.jfree.data.Shift.java" Intrnl_Id="135">
<LocList>
<Loc EndOffset="3786" SrcFileId="1" StartOffset="3750"/>
</LocList>
</BasicStmnt>
<BasicStmnt CovItemId="S74" CovItemPrefix="org.jfree.data.Shift.java" Intrnl_Id="136">
<LocList>
<Loc EndOffset="3816" SrcFileId="1" StartOffset="3789"/>
</LocList>
</BasicStmnt>
<BasicStmnt CovItemId="S76" CovItemPrefix="org.jfree.data.Shift.java" Intrnl_Id="137">
<LocList>
<Loc EndOffset="3879" SrcFileId="1" StartOffset="3844"/>
</LocList>
</BasicStmnt>
<CondStmnt CovItemId="S75" CovItemPrefix="org.jfree.data.Shift.java" Intrnl_Id="138">
<Branch CovItemId="B9" CovItemPrefix="org.jfree.data.Shift.java" Implct="true" Intrnl_Id="139">
<Cond/>
<LocList/>
<StmntSeq Intrnl_Id="140">
<LocList/>
</StmntSeq>
</Branch>
<Branch CovItemId="B10" CovItemPrefix="org.jfree.data.Shift.java" Implct="false" Intrnl_Id="141">
<Cond>
<Loc EndOffset="3919" SrcFileId="1" StartOffset="3884"/>
</Cond>
<LocList>
<Loc EndOffset="3947" SrcFileId="1" StartOffset="3920"/>
</LocList>
<StmntSeq Intrnl_Id="142">
<LocList>
<Loc EndOffset="3943" SrcFileId="1" StartOffset="3925"/>
</LocList>
<BasicStmnt CovItemId="S77" CovItemPrefix="org.jfree.data.Shift.java" Intrnl_Id="143">
<LocList>
<Loc EndOffset="3943" SrcFileId="1" StartOffset="3925"/>
</LocList>
</BasicStmnt>
</StmntSeq>
</Branch>
<Keyword EndOffset="3838" SrcFileId="1" StartOffset="3835"/>
<LocList>
<Loc EndOffset="3947" SrcFileId="1" StartOffset="3835"/>
</LocList>
</CondStmnt>
<BasicStmnt CovItemId="S78" CovItemPrefix="org.jfree.data.Shift.java" Intrnl_Id="144">
<LocList>
<Loc EndOffset="4026" SrcFileId="1" StartOffset="3961"/>
</LocList>
</BasicStmnt>
</StmntSeq>
</HierarchyLvl>
<HierarchyLvl HierarchyLvlId="15" HierarchyLvlTypeId="13" Intrnl_Id="145" Name="centerShiftRightIllegal">
<Header>
<Loc EndOffset="4080" SrcFileId="1" StartOffset="4036"/>
</Header>
<LocList>
<Loc EndOffset="4367" SrcFileId="1" StartOffset="4036"/>
</LocList>
<StmntSeq Intrnl_Id="146">
<LocList>
<Loc EndOffset="4121" SrcFileId="1" StartOffset="4085"/>
<Loc EndOffset="4151" SrcFileId="1" StartOffset="4124"/>
<Loc EndOffset="4213" SrcFileId="1" StartOffset="4179"/>
<Loc EndOffset="4281" SrcFileId="1" StartOffset="4170"/>
<Loc EndOffset="4360" SrcFileId="1" StartOffset="4295"/>
</LocList>
<BasicStmnt CovItemId="S79" CovItemPrefix="org.jfree.data.Shift.java" Intrnl_Id="147">
<LocList>
<Loc EndOffset="4121" SrcFileId="1" StartOffset="4085"/>
</LocList>
</BasicStmnt>
<BasicStmnt CovItemId="S80" CovItemPrefix="org.jfree.data.Shift.java" Intrnl_Id="148">
<LocList>
<Loc EndOffset="4151" SrcFileId="1" StartOffset="4124"/>
</LocList>
</BasicStmnt>
<BasicStmnt CovItemId="S82" CovItemPrefix="org.jfree.data.Shift.java" Intrnl_Id="149">
<LocList>
<Loc EndOffset="4213" SrcFileId="1" StartOffset="4179"/>
</LocList>
</BasicStmnt>
<CondStmnt CovItemId="S81" CovItemPrefix="org.jfree.data.Shift.java" Intrnl_Id="150">
<Branch CovItemId="B11" CovItemPrefix="org.jfree.data.Shift.java" Implct="true" Intrnl_Id="151">
<Cond/>
<LocList/>
<StmntSeq Intrnl_Id="152">
<LocList/>
</StmntSeq>
</Branch>
<Branch CovItemId="B12" CovItemPrefix="org.jfree.data.Shift.java" Implct="false" Intrnl_Id="153">
<Cond>
<Loc EndOffset="4253" SrcFileId="1" StartOffset="4218"/>
</Cond>
<LocList>
<Loc EndOffset="4281" SrcFileId="1" StartOffset="4254"/>
</LocList>
<StmntSeq Intrnl_Id="154">
<LocList>
<Loc EndOffset="4277" SrcFileId="1" StartOffset="4259"/>
</LocList>
<BasicStmnt CovItemId="S83" CovItemPrefix="org.jfree.data.Shift.java" Intrnl_Id="155">
<LocList>
<Loc EndOffset="4277" SrcFileId="1" StartOffset="4259"/>
</LocList>
</BasicStmnt>
</StmntSeq>
</Branch>
<Keyword EndOffset="4173" SrcFileId="1" StartOffset="4170"/>
<LocList>
<Loc EndOffset="4281" SrcFileId="1" StartOffset="4170"/>
</LocList>
</CondStmnt>
<BasicStmnt CovItemId="S84" CovItemPrefix="org.jfree.data.Shift.java" Intrnl_Id="156">
<LocList>
<Loc EndOffset="4360" SrcFileId="1" StartOffset="4295"/>
</LocList>
</BasicStmnt>
</StmntSeq>
</HierarchyLvl>
<HierarchyLvl HierarchyLvlId="16" HierarchyLvlTypeId="13" Intrnl_Id="157" Name="centerNoShift">
<Header>
<Loc EndOffset="4404" SrcFileId="1" StartOffset="4370"/>
</Header>
<LocList>
<Loc EndOffset="4599" SrcFileId="1" StartOffset="4370"/>
</LocList>
<StmntSeq Intrnl_Id="158">
<LocList>
<Loc EndOffset="4447" SrcFileId="1" StartOffset="4409"/>
<Loc EndOffset="4492" SrcFileId="1" StartOffset="4450"/>
<Loc EndOffset="4522" SrcFileId="1" StartOffset="4495"/>
<Loc EndOffset="4562" SrcFileId="1" StartOffset="4525"/>
<Loc EndOffset="4596" SrcFileId="1" StartOffset="4565"/>
</LocList>
<BasicStmnt CovItemId="S85" CovItemPrefix="org.jfree.data.Shift.java" Intrnl_Id="159">
<LocList>
<Loc EndOffset="4447" SrcFileId="1" StartOffset="4409"/>
</LocList>
</BasicStmnt>
<BasicStmnt CovItemId="S86" CovItemPrefix="org.jfree.data.Shift.java" Intrnl_Id="160">
<LocList>
<Loc EndOffset="4492" SrcFileId="1" StartOffset="4450"/>
</LocList>
</BasicStmnt>
<BasicStmnt CovItemId="S87" CovItemPrefix="org.jfree.data.Shift.java" Intrnl_Id="161">
<LocList>
<Loc EndOffset="4522" SrcFileId="1" StartOffset="4495"/>
</LocList>
</BasicStmnt>
<BasicStmnt CovItemId="S88" CovItemPrefix="org.jfree.data.Shift.java" Intrnl_Id="162">
<LocList>
<Loc EndOffset="4562" SrcFileId="1" StartOffset="4525"/>
</LocList>
</BasicStmnt>
<BasicStmnt CovItemId="S89" CovItemPrefix="org.jfree.data.Shift.java" Intrnl_Id="163">
<LocList>
<Loc EndOffset="4596" SrcFileId="1" StartOffset="4565"/>
</LocList>
</BasicStmnt>
</StmntSeq>
</HierarchyLvl>
</HierarchyLvl>
<HierarchyLvl HierarchyLvlId="28" HierarchyLvlTypeId="12" Intrnl_Id="164" Name="GetCumulativePercentages">
<Header>
<Loc EndOffset="190" SrcFileId="2" StartOffset="153"/>
</Header>
<LocList>
<Loc EndOffset="4706" SrcFileId="2" StartOffset="153"/>
</LocList>
<HierarchyLvl HierarchyLvlId="19" HierarchyLvlTypeId="13" Intrnl_Id="165" Name="dataHasOneRow">
<Header>
<Loc EndOffset="230" SrcFileId="2" StartOffset="196"/>
</Header>
<LocList>
<Loc EndOffset="704" SrcFileId="2" StartOffset="196"/>
</LocList>
<StmntSeq Intrnl_Id="166">
<LocList>
<Loc EndOffset="273" SrcFileId="2" StartOffset="234"/>
<Loc EndOffset="342" SrcFileId="2" StartOffset="276"/>
<Loc EndOffset="369" SrcFileId="2" StartOffset="345"/>
<Loc EndOffset="586" SrcFileId="2" StartOffset="584"/>
<Loc EndOffset="660" SrcFileId="2" StartOffset="592"/>
<Loc EndOffset="701" SrcFileId="2" StartOffset="663"/>
</LocList>
<BasicStmnt CovItemId="S1" CovItemPrefix="org.jfree.data.GetCumulativePercentages.java" Intrnl_Id="167">
<LocList>
<Loc EndOffset="273" SrcFileId="2" StartOffset="234"/>
</LocList>
</BasicStmnt>
<BasicStmnt CovItemId="S2" CovItemPrefix="org.jfree.data.GetCumulativePercentages.java" Intrnl_Id="168">
<LocList>
<Loc EndOffset="342" SrcFileId="2" StartOffset="276"/>
</LocList>
</BasicStmnt>
<BasicStmnt CovItemId="S3" CovItemPrefix="org.jfree.data.GetCumulativePercentages.java" Intrnl_Id="169">
<LocList>
<Loc EndOffset="369" SrcFileId="2" StartOffset="345"/>
<Loc EndOffset="586" SrcFileId="2" StartOffset="584"/>
</LocList>
</BasicStmnt>
<BasicStmnt CovItemId="S10" CovItemPrefix="org.jfree.data.GetCumulativePercentages.java" Intrnl_Id="170">
<LocList>
<Loc EndOffset="660" SrcFileId="2" StartOffset="592"/>
</LocList>
</BasicStmnt>
<BasicStmnt CovItemId="S11" CovItemPrefix="org.jfree.data.GetCumulativePercentages.java" Intrnl_Id="171">
<LocList>
<Loc EndOffset="701" SrcFileId="2" StartOffset="663"/>
</LocList>
</BasicStmnt>
</StmntSeq>
<HierarchyLvl HierarchyLvlId="18" HierarchyLvlTypeId="15" Intrnl_Id="172" Name="Expectations">
<Header>
<Loc EndOffset="387" SrcFileId="2" StartOffset="373"/>
</Header>
<LocList>
<Loc EndOffset="584" SrcFileId="2" StartOffset="369"/>
</LocList>
<StmntSeq Intrnl_Id="173">
<LocList>
<Loc EndOffset="431" SrcFileId="2" StartOffset="399"/>
<Loc EndOffset="457" SrcFileId="2" StartOffset="436"/>
<Loc EndOffset="491" SrcFileId="2" StartOffset="462"/>
<Loc EndOffset="517" SrcFileId="2" StartOffset="496"/>
<Loc EndOffset="549" SrcFileId="2" StartOffset="522"/>
<Loc EndOffset="575" SrcFileId="2" StartOffset="554"/>
</LocList>
<BasicStmnt CovItemId="S4" CovItemPrefix="org.jfree.data.GetCumulativePercentages.java" Intrnl_Id="174">
<LocList>
<Loc EndOffset="431" SrcFileId="2" StartOffset="399"/>
</LocList>
</BasicStmnt>
<BasicStmnt CovItemId="S5" CovItemPrefix="org.jfree.data.GetCumulativePercentages.java" Intrnl_Id="175">
<LocList>
<Loc EndOffset="457" SrcFileId="2" StartOffset="436"/>
</LocList>
</BasicStmnt>
<BasicStmnt CovItemId="S6" CovItemPrefix="org.jfree.data.GetCumulativePercentages.java" Intrnl_Id="176">
<LocList>
<Loc EndOffset="491" SrcFileId="2" StartOffset="462"/>
</LocList>
</BasicStmnt>
<BasicStmnt CovItemId="S7" CovItemPrefix="org.jfree.data.GetCumulativePercentages.java" Intrnl_Id="177">
<LocList>
<Loc EndOffset="517" SrcFileId="2" StartOffset="496"/>
</LocList>
</BasicStmnt>
<BasicStmnt CovItemId="S8" CovItemPrefix="org.jfree.data.GetCumulativePercentages.java" Intrnl_Id="178">
<LocList>
<Loc EndOffset="549" SrcFileId="2" StartOffset="522"/>
</LocList>
</BasicStmnt>
<BasicStmnt CovItemId="S9" CovItemPrefix="org.jfree.data.GetCumulativePercentages.java" Intrnl_Id="179">
<LocList>
<Loc EndOffset="575" SrcFileId="2" StartOffset="554"/>
</LocList>
</BasicStmnt>
</StmntSeq>
</HierarchyLvl>
</HierarchyLvl>
<HierarchyLvl HierarchyLvlId="21" HierarchyLvlTypeId="13" Intrnl_Id="180" Name="dataHasFourRows">
<Header>
<Loc EndOffset="744" SrcFileId="2" StartOffset="708"/>
</Header>
<LocList>
<Loc EndOffset="1697" SrcFileId="2" StartOffset="708"/>
</LocList>
<StmntSeq Intrnl_Id="181">
<LocList>
<Loc EndOffset="787" SrcFileId="2" StartOffset="748"/>
<Loc EndOffset="856" SrcFileId="2" StartOffset="790"/>
<Loc EndOffset="883" SrcFileId="2" StartOffset="859"/>
<Loc EndOffset="1454" SrcFileId="2" StartOffset="1452"/>
<Loc EndOffset="1528" SrcFileId="2" StartOffset="1460"/>
<Loc EndOffset="1570" SrcFileId="2" StartOffset="1531"/>
<Loc EndOffset="1611" SrcFileId="2" StartOffset="1573"/>
<Loc EndOffset="1653" SrcFileId="2" StartOffset="1614"/>
<Loc EndOffset="1694" SrcFileId="2" StartOffset="1656"/>
</LocList>
<BasicStmnt CovItemId="S12" CovItemPrefix="org.jfree.data.GetCumulativePercentages.java" Intrnl_Id="182">
<LocList>
<Loc EndOffset="787" SrcFileId="2" StartOffset="748"/>
</LocList>
</BasicStmnt>
<BasicStmnt CovItemId="S13" CovItemPrefix="org.jfree.data.GetCumulativePercentages.java" Intrnl_Id="183">
<LocList>
<Loc EndOffset="856" SrcFileId="2" StartOffset="790"/>
</LocList>
</BasicStmnt>
<BasicStmnt CovItemId="S14" CovItemPrefix="org.jfree.data.GetCumulativePercentages.java" Intrnl_Id="184">
<LocList>
<Loc EndOffset="883" SrcFileId="2" StartOffset="859"/>
<Loc EndOffset="1454" SrcFileId="2" StartOffset="1452"/>
</LocList>
</BasicStmnt>
<BasicStmnt CovItemId="S33" CovItemPrefix="org.jfree.data.GetCumulativePercentages.java" Intrnl_Id="185">
<LocList>
<Loc EndOffset="1528" SrcFileId="2" StartOffset="1460"/>
</LocList>
</BasicStmnt>
<BasicStmnt CovItemId="S34" CovItemPrefix="org.jfree.data.GetCumulativePercentages.java" Intrnl_Id="186">
<LocList>
<Loc EndOffset="1570" SrcFileId="2" StartOffset="1531"/>
</LocList>
</BasicStmnt>
<BasicStmnt CovItemId="S35" CovItemPrefix="org.jfree.data.GetCumulativePercentages.java" Intrnl_Id="187">
<LocList>
<Loc EndOffset="1611" SrcFileId="2" StartOffset="1573"/>
</LocList>
</BasicStmnt>
<BasicStmnt CovItemId="S36" CovItemPrefix="org.jfree.data.GetCumulativePercentages.java" Intrnl_Id="188">
<LocList>
<Loc EndOffset="1653" SrcFileId="2" StartOffset="1614"/>
</LocList>
</BasicStmnt>
<BasicStmnt CovItemId="S37" CovItemPrefix="org.jfree.data.GetCumulativePercentages.java" Intrnl_Id="189">
<LocList>
<Loc EndOffset="1694" SrcFileId="2" StartOffset="1656"/>
</LocList>
</BasicStmnt>
</StmntSeq>
<HierarchyLvl HierarchyLvlId="20" HierarchyLvlTypeId="15" Intrnl_Id="190" Name="Expectations">
<Header>
<Loc EndOffset="901" SrcFileId="2" StartOffset="887"/>
</Header>
<LocList>
<Loc EndOffset="1452" SrcFileId="2" StartOffset="883"/>
</LocList>
<StmntSeq Intrnl_Id="191">
<LocList>
<Loc EndOffset="945" SrcFileId="2" StartOffset="913"/>
<Loc EndOffset="971" SrcFileId="2" StartOffset="950"/>
<Loc EndOffset="1005" SrcFileId="2" StartOffset="976"/>
<Loc EndOffset="1031" SrcFileId="2" StartOffset="1010"/>
<Loc EndOffset="1065" SrcFileId="2" StartOffset="1036"/>
<Loc EndOffset="1091" SrcFileId="2" StartOffset="1070"/>
<Loc EndOffset="1125" SrcFileId="2" StartOffset="1096"/>
<Loc EndOffset="1151" SrcFileId="2" StartOffset="1130"/>
<Loc EndOffset="1185" SrcFileId="2" StartOffset="1156"/>
<Loc EndOffset="1211" SrcFileId="2" StartOffset="1190"/>
<Loc EndOffset="1243" SrcFileId="2" StartOffset="1216"/>
<Loc EndOffset="1269" SrcFileId="2" StartOffset="1248"/>
<Loc EndOffset="1301" SrcFileId="2" StartOffset="1274"/>
<Loc EndOffset="1327" SrcFileId="2" StartOffset="1306"/>
<Loc EndOffset="1359" SrcFileId="2" StartOffset="1332"/>
<Loc EndOffset="1385" SrcFileId="2" StartOffset="1364"/>
<Loc EndOffset="1417" SrcFileId="2" StartOffset="1390"/>
<Loc EndOffset="1443" SrcFileId="2" StartOffset="1422"/>
</LocList>
<BasicStmnt CovItemId="S15" CovItemPrefix="org.jfree.data.GetCumulativePercentages.java" Intrnl_Id="192">
<LocList>
<Loc EndOffset="945" SrcFileId="2" StartOffset="913"/>
</LocList>
</BasicStmnt>
<BasicStmnt CovItemId="S16" CovItemPrefix="org.jfree.data.GetCumulativePercentages.java" Intrnl_Id="193">
<LocList>
<Loc EndOffset="971" SrcFileId="2" StartOffset="950"/>
</LocList>
</BasicStmnt>
<BasicStmnt CovItemId="S17" CovItemPrefix="org.jfree.data.GetCumulativePercentages.java" Intrnl_Id="194">
<LocList>
<Loc EndOffset="1005" SrcFileId="2" StartOffset="976"/>
</LocList>
</BasicStmnt>
<BasicStmnt CovItemId="S18" CovItemPrefix="org.jfree.data.GetCumulativePercentages.java" Intrnl_Id="195">
<LocList>
<Loc EndOffset="1031" SrcFileId="2" StartOffset="1010"/>
</LocList>
</BasicStmnt>
<BasicStmnt CovItemId="S19" CovItemPrefix="org.jfree.data.GetCumulativePercentages.java" Intrnl_Id="196">
<LocList>
<Loc EndOffset="1065" SrcFileId="2" StartOffset="1036"/>
</LocList>
</BasicStmnt>
<BasicStmnt CovItemId="S20" CovItemPrefix="org.jfree.data.GetCumulativePercentages.java" Intrnl_Id="197">
<LocList>
<Loc EndOffset="1091" SrcFileId="2" StartOffset="1070"/>
</LocList>
</BasicStmnt>
<BasicStmnt CovItemId="S21" CovItemPrefix="org.jfree.data.GetCumulativePercentages.java" Intrnl_Id="198">
<LocList>
<Loc EndOffset="1125" SrcFileId="2" StartOffset="1096"/>
</LocList>
</BasicStmnt>
<BasicStmnt CovItemId="S22" CovItemPrefix="org.jfree.data.GetCumulativePercentages.java" Intrnl_Id="199">
<LocList>
<Loc EndOffset="1151" SrcFileId="2" StartOffset="1130"/>
</LocList>
</BasicStmnt>
<BasicStmnt CovItemId="S23" CovItemPrefix="org.jfree.data.GetCumulativePercentages.java" Intrnl_Id="200">
<LocList>
<Loc EndOffset="1185" SrcFileId="2" StartOffset="1156"/>
</LocList>
</BasicStmnt>
<BasicStmnt CovItemId="S24" CovItemPrefix="org.jfree.data.GetCumulativePercentages.java" Intrnl_Id="201">
<LocList>
<Loc EndOffset="1211" SrcFileId="2" StartOffset="1190"/>
</LocList>
</BasicStmnt>
<BasicStmnt CovItemId="S25" CovItemPrefix="org.jfree.data.GetCumulativePercentages.java" Intrnl_Id="202">
<LocList>
<Loc EndOffset="1243" SrcFileId="2" StartOffset="1216"/>
</LocList>
</BasicStmnt>
<BasicStmnt CovItemId="S26" CovItemPrefix="org.jfree.data.GetCumulativePercentages.java" Intrnl_Id="203">
<LocList>
<Loc EndOffset="1269" SrcFileId="2" StartOffset="1248"/>
</LocList>
</BasicStmnt>
<BasicStmnt CovItemId="S27" CovItemPrefix="org.jfree.data.GetCumulativePercentages.java" Intrnl_Id="204">
<LocList>
<Loc EndOffset="1301" SrcFileId="2" StartOffset="1274"/>
</LocList>
</BasicStmnt>
<BasicStmnt CovItemId="S28" CovItemPrefix="org.jfree.data.GetCumulativePercentages.java" Intrnl_Id="205">
<LocList>
<Loc EndOffset="1327" SrcFileId="2" StartOffset="1306"/>
</LocList>
</BasicStmnt>
<BasicStmnt CovItemId="S29" CovItemPrefix="org.jfree.data.GetCumulativePercentages.java" Intrnl_Id="206">
<LocList>
<Loc EndOffset="1359" SrcFileId="2" StartOffset="1332"/>
</LocList>
</BasicStmnt>
<BasicStmnt CovItemId="S30" CovItemPrefix="org.jfree.data.GetCumulativePercentages.java" Intrnl_Id="207">
<LocList>
<Loc EndOffset="1385" SrcFileId="2" StartOffset="1364"/>
</LocList>
</BasicStmnt>
<BasicStmnt CovItemId="S31" CovItemPrefix="org.jfree.data.GetCumulativePercentages.java" Intrnl_Id="208">
<LocList>
<Loc EndOffset="1417" SrcFileId="2" StartOffset="1390"/>
</LocList>
</BasicStmnt>
<BasicStmnt CovItemId="S32" CovItemPrefix="org.jfree.data.GetCumulativePercentages.java" Intrnl_Id="209">
<LocList>
<Loc EndOffset="1443" SrcFileId="2" StartOffset="1422"/>
</LocList>
</BasicStmnt>
</StmntSeq>
</HierarchyLvl>
</HierarchyLvl>
<HierarchyLvl HierarchyLvlId="23" HierarchyLvlTypeId="13" Intrnl_Id="210" Name="firstThreeRowsAreZero">
<Header>
<Loc EndOffset="1743" SrcFileId="2" StartOffset="1701"/>
</Header>
<LocList>
<Loc EndOffset="2694" SrcFileId="2" StartOffset="1701"/>
</LocList>
<StmntSeq Intrnl_Id="211">
<LocList>
<Loc EndOffset="1786" SrcFileId="2" StartOffset="1747"/>
<Loc EndOffset="1855" SrcFileId="2" StartOffset="1789"/>
<Loc EndOffset="1882" SrcFileId="2" StartOffset="1858"/>
<Loc EndOffset="2453" SrcFileId="2" StartOffset="2451"/>
<Loc EndOffset="2527" SrcFileId="2" StartOffset="2459"/>
<Loc EndOffset="2568" SrcFileId="2" StartOffset="2530"/>
<Loc EndOffset="2609" SrcFileId="2" StartOffset="2571"/>
<Loc EndOffset="2650" SrcFileId="2" StartOffset="2612"/>
<Loc EndOffset="2691" SrcFileId="2" StartOffset="2653"/>
</LocList>
<BasicStmnt CovItemId="S38" CovItemPrefix="org.jfree.data.GetCumulativePercentages.java" Intrnl_Id="212">
<LocList>
<Loc EndOffset="1786" SrcFileId="2" StartOffset="1747"/>
</LocList>
</BasicStmnt>
<BasicStmnt CovItemId="S39" CovItemPrefix="org.jfree.data.GetCumulativePercentages.java" Intrnl_Id="213">
<LocList>
<Loc EndOffset="1855" SrcFileId="2" StartOffset="1789"/>
</LocList>
</BasicStmnt>
<BasicStmnt CovItemId="S40" CovItemPrefix="org.jfree.data.GetCumulativePercentages.java" Intrnl_Id="214">
<LocList>
<Loc EndOffset="1882" SrcFileId="2" StartOffset="1858"/>
<Loc EndOffset="2453" SrcFileId="2" StartOffset="2451"/>
</LocList>
</BasicStmnt>
<BasicStmnt CovItemId="S59" CovItemPrefix="org.jfree.data.GetCumulativePercentages.java" Intrnl_Id="215">
<LocList>
<Loc EndOffset="2527" SrcFileId="2" StartOffset="2459"/>
</LocList>
</BasicStmnt>
<BasicStmnt CovItemId="S60" CovItemPrefix="org.jfree.data.GetCumulativePercentages.java" Intrnl_Id="216">
<LocList>
<Loc EndOffset="2568" SrcFileId="2" StartOffset="2530"/>
</LocList>
</BasicStmnt>
<BasicStmnt CovItemId="S61" CovItemPrefix="org.jfree.data.GetCumulativePercentages.java" Intrnl_Id="217">
<LocList>
<Loc EndOffset="2609" SrcFileId="2" StartOffset="2571"/>
</LocList>
</BasicStmnt>
<BasicStmnt CovItemId="S62" CovItemPrefix="org.jfree.data.GetCumulativePercentages.java" Intrnl_Id="218">
<LocList>
<Loc EndOffset="2650" SrcFileId="2" StartOffset="2612"/>
</LocList>
</BasicStmnt>
<BasicStmnt CovItemId="S63" CovItemPrefix="org.jfree.data.GetCumulativePercentages.java" Intrnl_Id="219">
<LocList>
<Loc EndOffset="2691" SrcFileId="2" StartOffset="2653"/>
</LocList>
</BasicStmnt>
</StmntSeq>
<HierarchyLvl HierarchyLvlId="22" HierarchyLvlTypeId="15" Intrnl_Id="220" Name="Expectations">
<Header>
<Loc EndOffset="1900" SrcFileId="2" StartOffset="1886"/>
</Header>
<LocList>
<Loc EndOffset="2451" SrcFileId="2" StartOffset="1882"/>
</LocList>
<StmntSeq Intrnl_Id="221">
<LocList>
<Loc EndOffset="1944" SrcFileId="2" StartOffset="1912"/>
<Loc EndOffset="1970" SrcFileId="2" StartOffset="1949"/>
<Loc EndOffset="2004" SrcFileId="2" StartOffset="1975"/>
<Loc EndOffset="2030" SrcFileId="2" StartOffset="2009"/>
<Loc EndOffset="2064" SrcFileId="2" StartOffset="2035"/>
<Loc EndOffset="2090" SrcFileId="2" StartOffset="2069"/>
<Loc EndOffset="2124" SrcFileId="2" StartOffset="2095"/>
<Loc EndOffset="2150" SrcFileId="2" StartOffset="2129"/>
<Loc EndOffset="2184" SrcFileId="2" StartOffset="2155"/>
<Loc EndOffset="2210" SrcFileId="2" StartOffset="2189"/>
<Loc EndOffset="2242" SrcFileId="2" StartOffset="2215"/>
<Loc EndOffset="2268" SrcFileId="2" StartOffset="2247"/>
<Loc EndOffset="2300" SrcFileId="2" StartOffset="2273"/>
<Loc EndOffset="2326" SrcFileId="2" StartOffset="2305"/>
<Loc EndOffset="2358" SrcFileId="2" StartOffset="2331"/>
<Loc EndOffset="2384" SrcFileId="2" StartOffset="2363"/>
<Loc EndOffset="2416" SrcFileId="2" StartOffset="2389"/>
<Loc EndOffset="2442" SrcFileId="2" StartOffset="2421"/>
</LocList>
<BasicStmnt CovItemId="S41" CovItemPrefix="org.jfree.data.GetCumulativePercentages.java" Intrnl_Id="222">
<LocList>
<Loc EndOffset="1944" SrcFileId="2" StartOffset="1912"/>
</LocList>
</BasicStmnt>
<BasicStmnt CovItemId="S42" CovItemPrefix="org.jfree.data.GetCumulativePercentages.java" Intrnl_Id="223">
<LocList>
<Loc EndOffset="1970" SrcFileId="2" StartOffset="1949"/>
</LocList>
</BasicStmnt>
<BasicStmnt CovItemId="S43" CovItemPrefix="org.jfree.data.GetCumulativePercentages.java" Intrnl_Id="224">
<LocList>
<Loc EndOffset="2004" SrcFileId="2" StartOffset="1975"/>
</LocList>
</BasicStmnt>
<BasicStmnt CovItemId="S44" CovItemPrefix="org.jfree.data.GetCumulativePercentages.java" Intrnl_Id="225">
<LocList>
<Loc EndOffset="2030" SrcFileId="2" StartOffset="2009"/>
</LocList>
</BasicStmnt>
<BasicStmnt CovItemId="S45" CovItemPrefix="org.jfree.data.GetCumulativePercentages.java" Intrnl_Id="226">
<LocList>
<Loc EndOffset="2064" SrcFileId="2" StartOffset="2035"/>
</LocList>
</BasicStmnt>
<BasicStmnt CovItemId="S46" CovItemPrefix="org.jfree.data.GetCumulativePercentages.java" Intrnl_Id="227">
<LocList>
<Loc EndOffset="2090" SrcFileId="2" StartOffset="2069"/>
</LocList>
</BasicStmnt>
<BasicStmnt CovItemId="S47" CovItemPrefix="org.jfree.data.GetCumulativePercentages.java" Intrnl_Id="228">
<LocList>
<Loc EndOffset="2124" SrcFileId="2" StartOffset="2095"/>
</LocList>
</BasicStmnt>
<BasicStmnt CovItemId="S48" CovItemPrefix="org.jfree.data.GetCumulativePercentages.java" Intrnl_Id="229">
<LocList>
<Loc EndOffset="2150" SrcFileId="2" StartOffset="2129"/>
</LocList>
</BasicStmnt>
<BasicStmnt CovItemId="S49" CovItemPrefix="org.jfree.data.GetCumulativePercentages.java" Intrnl_Id="230">
<LocList>
<Loc EndOffset="2184" SrcFileId="2" StartOffset="2155"/>
</LocList>
</BasicStmnt>
<BasicStmnt CovItemId="S50" CovItemPrefix="org.jfree.data.GetCumulativePercentages.java" Intrnl_Id="231">
<LocList>
<Loc EndOffset="2210" SrcFileId="2" StartOffset="2189"/>
</LocList>
</BasicStmnt>
<BasicStmnt CovItemId="S51" CovItemPrefix="org.jfree.data.GetCumulativePercentages.java" Intrnl_Id="232">
<LocList>
<Loc EndOffset="2242" SrcFileId="2" StartOffset="2215"/>
</LocList>
</BasicStmnt>
<BasicStmnt CovItemId="S52" CovItemPrefix="org.jfree.data.GetCumulativePercentages.java" Intrnl_Id="233">
<LocList>
<Loc EndOffset="2268" SrcFileId="2" StartOffset="2247"/>
</LocList>
</BasicStmnt>
<BasicStmnt CovItemId="S53" CovItemPrefix="org.jfree.data.GetCumulativePercentages.java" Intrnl_Id="234">
<LocList>
<Loc EndOffset="2300" SrcFileId="2" StartOffset="2273"/>
</LocList>
</BasicStmnt>
<BasicStmnt CovItemId="S54" CovItemPrefix="org.jfree.data.GetCumulativePercentages.java" Intrnl_Id="235">
<LocList>
<Loc EndOffset="2326" SrcFileId="2" StartOffset="2305"/>
</LocList>
</BasicStmnt>
<BasicStmnt CovItemId="S55" CovItemPrefix="org.jfree.data.GetCumulativePercentages.java" Intrnl_Id="236">
<LocList>
<Loc EndOffset="2358" SrcFileId="2" StartOffset="2331"/>
</LocList>
</BasicStmnt>
<BasicStmnt CovItemId="S56" CovItemPrefix="org.jfree.data.GetCumulativePercentages.java" Intrnl_Id="237">
<LocList>
<Loc EndOffset="2384" SrcFileId="2" StartOffset="2363"/>
</LocList>
</BasicStmnt>
<BasicStmnt CovItemId="S57" CovItemPrefix="org.jfree.data.GetCumulativePercentages.java" Intrnl_Id="238">
<LocList>
<Loc EndOffset="2416" SrcFileId="2" StartOffset="2389"/>
</LocList>
</BasicStmnt>
<BasicStmnt CovItemId="S58" CovItemPrefix="org.jfree.data.GetCumulativePercentages.java" Intrnl_Id="239">
<LocList>
<Loc EndOffset="2442" SrcFileId="2" StartOffset="2421"/>
</LocList>
</BasicStmnt>
</StmntSeq>
</HierarchyLvl>
</HierarchyLvl>
<HierarchyLvl HierarchyLvlId="25" HierarchyLvlTypeId="13" Intrnl_Id="240" Name="lastThreeRowsAreZero">
<Header>
<Loc EndOffset="2739" SrcFileId="2" StartOffset="2698"/>
</Header>
<LocList>
<Loc EndOffset="3690" SrcFileId="2" StartOffset="2698"/>
</LocList>
<StmntSeq Intrnl_Id="241">
<LocList>
<Loc EndOffset="2782" SrcFileId="2" StartOffset="2743"/>
<Loc EndOffset="2851" SrcFileId="2" StartOffset="2785"/>
<Loc EndOffset="2878" SrcFileId="2" StartOffset="2854"/>
<Loc EndOffset="3449" SrcFileId="2" StartOffset="3447"/>
<Loc EndOffset="3523" SrcFileId="2" StartOffset="3455"/>
<Loc EndOffset="3564" SrcFileId="2" StartOffset="3526"/>
<Loc EndOffset="3605" SrcFileId="2" StartOffset="3567"/>
<Loc EndOffset="3646" SrcFileId="2" StartOffset="3608"/>
<Loc EndOffset="3687" SrcFileId="2" StartOffset="3649"/>
</LocList>
<BasicStmnt CovItemId="S64" CovItemPrefix="org.jfree.data.GetCumulativePercentages.java" Intrnl_Id="242">
<LocList>
<Loc EndOffset="2782" SrcFileId="2" StartOffset="2743"/>
</LocList>
</BasicStmnt>
<BasicStmnt CovItemId="S65" CovItemPrefix="org.jfree.data.GetCumulativePercentages.java" Intrnl_Id="243">
<LocList>
<Loc EndOffset="2851" SrcFileId="2" StartOffset="2785"/>
</LocList>
</BasicStmnt>
<BasicStmnt CovItemId="S66" CovItemPrefix="org.jfree.data.GetCumulativePercentages.java" Intrnl_Id="244">
<LocList>
<Loc EndOffset="2878" SrcFileId="2" StartOffset="2854"/>
<Loc EndOffset="3449" SrcFileId="2" StartOffset="3447"/>
</LocList>
</BasicStmnt>
<BasicStmnt CovItemId="S85" CovItemPrefix="org.jfree.data.GetCumulativePercentages.java" Intrnl_Id="245">
<LocList>
<Loc EndOffset="3523" SrcFileId="2" StartOffset="3455"/>
</LocList>
</BasicStmnt>
<BasicStmnt CovItemId="S86" CovItemPrefix="org.jfree.data.GetCumulativePercentages.java" Intrnl_Id="246">
<LocList>
<Loc EndOffset="3564" SrcFileId="2" StartOffset="3526"/>
</LocList>
</BasicStmnt>
<BasicStmnt CovItemId="S87" CovItemPrefix="org.jfree.data.GetCumulativePercentages.java" Intrnl_Id="247">
<LocList>
<Loc EndOffset="3605" SrcFileId="2" StartOffset="3567"/>
</LocList>
</BasicStmnt>
<BasicStmnt CovItemId="S88" CovItemPrefix="org.jfree.data.GetCumulativePercentages.java" Intrnl_Id="248">
<LocList>
<Loc EndOffset="3646" SrcFileId="2" StartOffset="3608"/>
</LocList>
</BasicStmnt>
<BasicStmnt CovItemId="S89" CovItemPrefix="org.jfree.data.GetCumulativePercentages.java" Intrnl_Id="249">
<LocList>
<Loc EndOffset="3687" SrcFileId="2" StartOffset="3649"/>
</LocList>
</BasicStmnt>
</StmntSeq>
<HierarchyLvl HierarchyLvlId="24" HierarchyLvlTypeId="15" Intrnl_Id="250" Name="Expectations">
<Header>
<Loc EndOffset="2896" SrcFileId="2" StartOffset="2882"/>
</Header>
<LocList>
<Loc EndOffset="3447" SrcFileId="2" StartOffset="2878"/>
</LocList>
<StmntSeq Intrnl_Id="251">
<LocList>
<Loc EndOffset="2940" SrcFileId="2" StartOffset="2908"/>
<Loc EndOffset="2966" SrcFileId="2" StartOffset="2945"/>
<Loc EndOffset="3000" SrcFileId="2" StartOffset="2971"/>
<Loc EndOffset="3026" SrcFileId="2" StartOffset="3005"/>
<Loc EndOffset="3060" SrcFileId="2" StartOffset="3031"/>
<Loc EndOffset="3086" SrcFileId="2" StartOffset="3065"/>
<Loc EndOffset="3120" SrcFileId="2" StartOffset="3091"/>
<Loc EndOffset="3146" SrcFileId="2" StartOffset="3125"/>
<Loc EndOffset="3180" SrcFileId="2" StartOffset="3151"/>
<Loc EndOffset="3206" SrcFileId="2" StartOffset="3185"/>
<Loc EndOffset="3238" SrcFileId="2" StartOffset="3211"/>
<Loc EndOffset="3264" SrcFileId="2" StartOffset="3243"/>
<Loc EndOffset="3296" SrcFileId="2" StartOffset="3269"/>
<Loc EndOffset="3322" SrcFileId="2" StartOffset="3301"/>
<Loc EndOffset="3354" SrcFileId="2" StartOffset="3327"/>
<Loc EndOffset="3380" SrcFileId="2" StartOffset="3359"/>
<Loc EndOffset="3412" SrcFileId="2" StartOffset="3385"/>
<Loc EndOffset="3438" SrcFileId="2" StartOffset="3417"/>
</LocList>
<BasicStmnt CovItemId="S67" CovItemPrefix="org.jfree.data.GetCumulativePercentages.java" Intrnl_Id="252">
<LocList>
<Loc EndOffset="2940" SrcFileId="2" StartOffset="2908"/>
</LocList>
</BasicStmnt>
<BasicStmnt CovItemId="S68" CovItemPrefix="org.jfree.data.GetCumulativePercentages.java" Intrnl_Id="253">
<LocList>
<Loc EndOffset="2966" SrcFileId="2" StartOffset="2945"/>
</LocList>
</BasicStmnt>
<BasicStmnt CovItemId="S69" CovItemPrefix="org.jfree.data.GetCumulativePercentages.java" Intrnl_Id="254">
<LocList>
<Loc EndOffset="3000" SrcFileId="2" StartOffset="2971"/>
</LocList>
</BasicStmnt>
<BasicStmnt CovItemId="S70" CovItemPrefix="org.jfree.data.GetCumulativePercentages.java" Intrnl_Id="255">
<LocList>
<Loc EndOffset="3026" SrcFileId="2" StartOffset="3005"/>
</LocList>
</BasicStmnt>
<BasicStmnt CovItemId="S71" CovItemPrefix="org.jfree.data.GetCumulativePercentages.java" Intrnl_Id="256">
<LocList>
<Loc EndOffset="3060" SrcFileId="2" StartOffset="3031"/>
</LocList>
</BasicStmnt>
<BasicStmnt CovItemId="S72" CovItemPrefix="org.jfree.data.GetCumulativePercentages.java" Intrnl_Id="257">
<LocList>
<Loc EndOffset="3086" SrcFileId="2" StartOffset="3065"/>
</LocList>
</BasicStmnt>
<BasicStmnt CovItemId="S73" CovItemPrefix="org.jfree.data.GetCumulativePercentages.java" Intrnl_Id="258">
<LocList>
<Loc EndOffset="3120" SrcFileId="2" StartOffset="3091"/>
</LocList>
</BasicStmnt>
<BasicStmnt CovItemId="S74" CovItemPrefix="org.jfree.data.GetCumulativePercentages.java" Intrnl_Id="259">
<LocList>
<Loc EndOffset="3146" SrcFileId="2" StartOffset="3125"/>
</LocList>
</BasicStmnt>
<BasicStmnt CovItemId="S75" CovItemPrefix="org.jfree.data.GetCumulativePercentages.java" Intrnl_Id="260">
<LocList>
<Loc EndOffset="3180" SrcFileId="2" StartOffset="3151"/>
</LocList>
</BasicStmnt>
<BasicStmnt CovItemId="S76" CovItemPrefix="org.jfree.data.GetCumulativePercentages.java" Intrnl_Id="261">
<LocList>
<Loc EndOffset="3206" SrcFileId="2" StartOffset="3185"/>
</LocList>
</BasicStmnt>
<BasicStmnt CovItemId="S77" CovItemPrefix="org.jfree.data.GetCumulativePercentages.java" Intrnl_Id="262">
<LocList>
<Loc EndOffset="3238" SrcFileId="2" StartOffset="3211"/>
</LocList>
</BasicStmnt>
<BasicStmnt CovItemId="S78" CovItemPrefix="org.jfree.data.GetCumulativePercentages.java" Intrnl_Id="263">
<LocList>
<Loc EndOffset="3264" SrcFileId="2" StartOffset="3243"/>
</LocList>
</BasicStmnt>
<BasicStmnt CovItemId="S79" CovItemPrefix="org.jfree.data.GetCumulativePercentages.java" Intrnl_Id="264">
<LocList>
<Loc EndOffset="3296" SrcFileId="2" StartOffset="3269"/>
</LocList>
</BasicStmnt>
<BasicStmnt CovItemId="S80" CovItemPrefix="org.jfree.data.GetCumulativePercentages.java" Intrnl_Id="265">
<LocList>
<Loc EndOffset="3322" SrcFileId="2" StartOffset="3301"/>
</LocList>
</BasicStmnt>
<BasicStmnt CovItemId="S81" CovItemPrefix="org.jfree.data.GetCumulativePercentages.java" Intrnl_Id="266">
<LocList>
<Loc EndOffset="3354" SrcFileId="2" StartOffset="3327"/>
</LocList>
</BasicStmnt>
<BasicStmnt CovItemId="S82" CovItemPrefix="org.jfree.data.GetCumulativePercentages.java" Intrnl_Id="267">
<LocList>
<Loc EndOffset="3380" SrcFileId="2" StartOffset="3359"/>
</LocList>
</BasicStmnt>
<BasicStmnt CovItemId="S83" CovItemPrefix="org.jfree.data.GetCumulativePercentages.java" Intrnl_Id="268">
<LocList>
<Loc EndOffset="3412" SrcFileId="2" StartOffset="3385"/>
</LocList>
</BasicStmnt>
<BasicStmnt CovItemId="S84" CovItemPrefix="org.jfree.data.GetCumulativePercentages.java" Intrnl_Id="269">
<LocList>
<Loc EndOffset="3438" SrcFileId="2" StartOffset="3417"/>
</LocList>
</BasicStmnt>
</StmntSeq>
</HierarchyLvl>
</HierarchyLvl>
<HierarchyLvl HierarchyLvlId="27" HierarchyLvlTypeId="13" Intrnl_Id="270" Name="allRowsAreZero">
<Header>
<Loc EndOffset="3729" SrcFileId="2" StartOffset="3694"/>
</Header>
<LocList>
<Loc EndOffset="4704" SrcFileId="2" StartOffset="3694"/>
</LocList>
<StmntSeq Intrnl_Id="271">
<LocList>
<Loc EndOffset="3772" SrcFileId="2" StartOffset="3733"/>
<Loc EndOffset="3841" SrcFileId="2" StartOffset="3775"/>
<Loc EndOffset="3868" SrcFileId="2" StartOffset="3844"/>
<Loc EndOffset="4439" SrcFileId="2" StartOffset="4437"/>
<Loc EndOffset="4513" SrcFileId="2" StartOffset="4445"/>
<Loc EndOffset="4560" SrcFileId="2" StartOffset="4516"/>
<Loc EndOffset="4607" SrcFileId="2" StartOffset="4563"/>
<Loc EndOffset="4654" SrcFileId="2" StartOffset="4610"/>
<Loc EndOffset="4701" SrcFileId="2" StartOffset="4657"/>
</LocList>
<BasicStmnt CovItemId="S90" CovItemPrefix="org.jfree.data.GetCumulativePercentages.java" Intrnl_Id="272">
<LocList>
<Loc EndOffset="3772" SrcFileId="2" StartOffset="3733"/>
</LocList>
</BasicStmnt>
<BasicStmnt CovItemId="S91" CovItemPrefix="org.jfree.data.GetCumulativePercentages.java" Intrnl_Id="273">
<LocList>
<Loc EndOffset="3841" SrcFileId="2" StartOffset="3775"/>
</LocList>
</BasicStmnt>
<BasicStmnt CovItemId="S92" CovItemPrefix="org.jfree.data.GetCumulativePercentages.java" Intrnl_Id="274">
<LocList>
<Loc EndOffset="3868" SrcFileId="2" StartOffset="3844"/>
<Loc EndOffset="4439" SrcFileId="2" StartOffset="4437"/>
</LocList>
</BasicStmnt>
<BasicStmnt CovItemId="S111" CovItemPrefix="org.jfree.data.GetCumulativePercentages.java" Intrnl_Id="275">
<LocList>
<Loc EndOffset="4513" SrcFileId="2" StartOffset="4445"/>
</LocList>
</BasicStmnt>
<BasicStmnt CovItemId="S112" CovItemPrefix="org.jfree.data.GetCumulativePercentages.java" Intrnl_Id="276">
<LocList>
<Loc EndOffset="4560" SrcFileId="2" StartOffset="4516"/>
</LocList>
</BasicStmnt>
<BasicStmnt CovItemId="S113" CovItemPrefix="org.jfree.data.GetCumulativePercentages.java" Intrnl_Id="277">
<LocList>
<Loc EndOffset="4607" SrcFileId="2" StartOffset="4563"/>
</LocList>
</BasicStmnt>
<BasicStmnt CovItemId="S114" CovItemPrefix="org.jfree.data.GetCumulativePercentages.java" Intrnl_Id="278">
<LocList>
<Loc EndOffset="4654" SrcFileId="2" StartOffset="4610"/>
</LocList>
</BasicStmnt>
<BasicStmnt CovItemId="S115" CovItemPrefix="org.jfree.data.GetCumulativePercentages.java" Intrnl_Id="279">
<LocList>
<Loc EndOffset="4701" SrcFileId="2" StartOffset="4657"/>
</LocList>
</BasicStmnt>
</StmntSeq>
<HierarchyLvl HierarchyLvlId="26" HierarchyLvlTypeId="15" Intrnl_Id="280" Name="Expectations">
<Header>
<Loc EndOffset="3886" SrcFileId="2" StartOffset="3872"/>
</Header>
<LocList>
<Loc EndOffset="4437" SrcFileId="2" StartOffset="3868"/>
</LocList>
<StmntSeq Intrnl_Id="281">
<LocList>
<Loc EndOffset="3930" SrcFileId="2" StartOffset="3898"/>
<Loc EndOffset="3956" SrcFileId="2" StartOffset="3935"/>
<Loc EndOffset="3990" SrcFileId="2" StartOffset="3961"/>
<Loc EndOffset="4016" SrcFileId="2" StartOffset="3995"/>
<Loc EndOffset="4050" SrcFileId="2" StartOffset="4021"/>
<Loc EndOffset="4076" SrcFileId="2" StartOffset="4055"/>
<Loc EndOffset="4110" SrcFileId="2" StartOffset="4081"/>
<Loc EndOffset="4136" SrcFileId="2" StartOffset="4115"/>
<Loc EndOffset="4170" SrcFileId="2" StartOffset="4141"/>
<Loc EndOffset="4196" SrcFileId="2" StartOffset="4175"/>
<Loc EndOffset="4228" SrcFileId="2" StartOffset="4201"/>
<Loc EndOffset="4254" SrcFileId="2" StartOffset="4233"/>
<Loc EndOffset="4286" SrcFileId="2" StartOffset="4259"/>
<Loc EndOffset="4312" SrcFileId="2" StartOffset="4291"/>
<Loc EndOffset="4344" SrcFileId="2" StartOffset="4317"/>
<Loc EndOffset="4370" SrcFileId="2" StartOffset="4349"/>
<Loc EndOffset="4402" SrcFileId="2" StartOffset="4375"/>
<Loc EndOffset="4428" SrcFileId="2" StartOffset="4407"/>
</LocList>
<BasicStmnt CovItemId="S93" CovItemPrefix="org.jfree.data.GetCumulativePercentages.java" Intrnl_Id="282">
<LocList>
<Loc EndOffset="3930" SrcFileId="2" StartOffset="3898"/>
</LocList>
</BasicStmnt>
<BasicStmnt CovItemId="S94" CovItemPrefix="org.jfree.data.GetCumulativePercentages.java" Intrnl_Id="283">
<LocList>
<Loc EndOffset="3956" SrcFileId="2" StartOffset="3935"/>
</LocList>
</BasicStmnt>
<BasicStmnt CovItemId="S95" CovItemPrefix="org.jfree.data.GetCumulativePercentages.java" Intrnl_Id="284">
<LocList>
<Loc EndOffset="3990" SrcFileId="2" StartOffset="3961"/>
</LocList>
</BasicStmnt>
<BasicStmnt CovItemId="S96" CovItemPrefix="org.jfree.data.GetCumulativePercentages.java" Intrnl_Id="285">
<LocList>
<Loc EndOffset="4016" SrcFileId="2" StartOffset="3995"/>
</LocList>
</BasicStmnt>
<BasicStmnt CovItemId="S97" CovItemPrefix="org.jfree.data.GetCumulativePercentages.java" Intrnl_Id="286">
<LocList>
<Loc EndOffset="4050" SrcFileId="2" StartOffset="4021"/>
</LocList>
</BasicStmnt>
<BasicStmnt CovItemId="S98" CovItemPrefix="org.jfree.data.GetCumulativePercentages.java" Intrnl_Id="287">
<LocList>
<Loc EndOffset="4076" SrcFileId="2" StartOffset="4055"/>
</LocList>
</BasicStmnt>
<BasicStmnt CovItemId="S99" CovItemPrefix="org.jfree.data.GetCumulativePercentages.java" Intrnl_Id="288">
<LocList>
<Loc EndOffset="4110" SrcFileId="2" StartOffset="4081"/>
</LocList>
</BasicStmnt>
<BasicStmnt CovItemId="S100" CovItemPrefix="org.jfree.data.GetCumulativePercentages.java" Intrnl_Id="289">
<LocList>
<Loc EndOffset="4136" SrcFileId="2" StartOffset="4115"/>
</LocList>
</BasicStmnt>
<BasicStmnt CovItemId="S101" CovItemPrefix="org.jfree.data.GetCumulativePercentages.java" Intrnl_Id="290">
<LocList>
<Loc EndOffset="4170" SrcFileId="2" StartOffset="4141"/>
</LocList>
</BasicStmnt>
<BasicStmnt CovItemId="S102" CovItemPrefix="org.jfree.data.GetCumulativePercentages.java" Intrnl_Id="291">
<LocList>
<Loc EndOffset="4196" SrcFileId="2" StartOffset="4175"/>
</LocList>
</BasicStmnt>
<BasicStmnt CovItemId="S103" CovItemPrefix="org.jfree.data.GetCumulativePercentages.java" Intrnl_Id="292">
<LocList>
<Loc EndOffset="4228" SrcFileId="2" StartOffset="4201"/>
</LocList>
</BasicStmnt>
<BasicStmnt CovItemId="S104" CovItemPrefix="org.jfree.data.GetCumulativePercentages.java" Intrnl_Id="293">
<LocList>
<Loc EndOffset="4254" SrcFileId="2" StartOffset="4233"/>
</LocList>
</BasicStmnt>
<BasicStmnt CovItemId="S105" CovItemPrefix="org.jfree.data.GetCumulativePercentages.java" Intrnl_Id="294">
<LocList>
<Loc EndOffset="4286" SrcFileId="2" StartOffset="4259"/>
</LocList>
</BasicStmnt>
<BasicStmnt CovItemId="S106" CovItemPrefix="org.jfree.data.GetCumulativePercentages.java" Intrnl_Id="295">
<LocList>
<Loc EndOffset="4312" SrcFileId="2" StartOffset="4291"/>
</LocList>
</BasicStmnt>
<BasicStmnt CovItemId="S107" CovItemPrefix="org.jfree.data.GetCumulativePercentages.java" Intrnl_Id="296">
<LocList>
<Loc EndOffset="4344" SrcFileId="2" StartOffset="4317"/>
</LocList>
</BasicStmnt>
<BasicStmnt CovItemId="S108" CovItemPrefix="org.jfree.data.GetCumulativePercentages.java" Intrnl_Id="297">
<LocList>
<Loc EndOffset="4370" SrcFileId="2" StartOffset="4349"/>
</LocList>
</BasicStmnt>
<BasicStmnt CovItemId="S109" CovItemPrefix="org.jfree.data.GetCumulativePercentages.java" Intrnl_Id="298">
<LocList>
<Loc EndOffset="4402" SrcFileId="2" StartOffset="4375"/>
</LocList>
</BasicStmnt>
<BasicStmnt CovItemId="S110" CovItemPrefix="org.jfree.data.GetCumulativePercentages.java" Intrnl_Id="299">
<LocList>
<Loc EndOffset="4428" SrcFileId="2" StartOffset="4407"/>
</LocList>
</BasicStmnt>
</StmntSeq>
</HierarchyLvl>
</HierarchyLvl>
</HierarchyLvl>
<HierarchyLvl HierarchyLvlId="37" HierarchyLvlTypeId="12" Intrnl_Id="300" Name="ExpandToInclude">
<Header>
<Loc EndOffset="172" SrcFileId="3" StartOffset="144"/>
</Header>
<LocList>
<Loc EndOffset="2281" SrcFileId="3" StartOffset="144"/>
</LocList>
<HierarchyLvl HierarchyLvlId="29" HierarchyLvlTypeId="13" Intrnl_Id="301" Name="tenLessThanLowerBound">
<Header>
<Loc EndOffset="219" SrcFileId="3" StartOffset="177"/>
</Header>
<LocList>
<Loc EndOffset="426" SrcFileId="3" StartOffset="177"/>
</LocList>
<StmntSeq Intrnl_Id="302">
<LocList>
<Loc EndOffset="263" SrcFileId="3" StartOffset="224"/>
<Loc EndOffset="319" SrcFileId="3" StartOffset="266"/>
<Loc EndOffset="349" SrcFileId="3" StartOffset="322"/>
<Loc EndOffset="389" SrcFileId="3" StartOffset="352"/>
<Loc EndOffset="423" SrcFileId="3" StartOffset="392"/>
</LocList>
<BasicStmnt CovItemId="S1" CovItemPrefix="org.jfree.data.ExpandToInclude.java" Intrnl_Id="303">
<LocList>
<Loc EndOffset="263" SrcFileId="3" StartOffset="224"/>
</LocList>
</BasicStmnt>
<BasicStmnt CovItemId="S2" CovItemPrefix="org.jfree.data.ExpandToInclude.java" Intrnl_Id="304">
<LocList>
<Loc EndOffset="319" SrcFileId="3" StartOffset="266"/>
</LocList>
</BasicStmnt>
<BasicStmnt CovItemId="S3" CovItemPrefix="org.jfree.data.ExpandToInclude.java" Intrnl_Id="305">
<LocList>
<Loc EndOffset="349" SrcFileId="3" StartOffset="322"/>
</LocList>
</BasicStmnt>
<BasicStmnt CovItemId="S4" CovItemPrefix="org.jfree.data.ExpandToInclude.java" Intrnl_Id="306">
<LocList>
<Loc EndOffset="389" SrcFileId="3" StartOffset="352"/>
</LocList>
</BasicStmnt>
<BasicStmnt CovItemId="S5" CovItemPrefix="org.jfree.data.ExpandToInclude.java" Intrnl_Id="307">
<LocList>
<Loc EndOffset="423" SrcFileId="3" StartOffset="392"/>
</LocList>
</BasicStmnt>
</StmntSeq>
</HierarchyLvl>
<HierarchyLvl HierarchyLvlId="30" HierarchyLvlTypeId="13" Intrnl_Id="308" Name="oneLessThanLowerBound">
<Header>
<Loc EndOffset="471" SrcFileId="3" StartOffset="429"/>
</Header>
<LocList>
<Loc EndOffset="678" SrcFileId="3" StartOffset="429"/>
</LocList>
<StmntSeq Intrnl_Id="309">
<LocList>
<Loc EndOffset="515" SrcFileId="3" StartOffset="476"/>
<Loc EndOffset="571" SrcFileId="3" StartOffset="518"/>
<Loc EndOffset="601" SrcFileId="3" StartOffset="574"/>
<Loc EndOffset="641" SrcFileId="3" StartOffset="604"/>
<Loc EndOffset="675" SrcFileId="3" StartOffset="644"/>
</LocList>
<BasicStmnt CovItemId="S6" CovItemPrefix="org.jfree.data.ExpandToInclude.java" Intrnl_Id="310">
<LocList>
<Loc EndOffset="515" SrcFileId="3" StartOffset="476"/>
</LocList>
</BasicStmnt>
<BasicStmnt CovItemId="S7" CovItemPrefix="org.jfree.data.ExpandToInclude.java" Intrnl_Id="311">
<LocList>
<Loc EndOffset="571" SrcFileId="3" StartOffset="518"/>
</LocList>
</BasicStmnt>
<BasicStmnt CovItemId="S8" CovItemPrefix="org.jfree.data.ExpandToInclude.java" Intrnl_Id="312">
<LocList>
<Loc EndOffset="601" SrcFileId="3" StartOffset="574"/>
</LocList>
</BasicStmnt>
<BasicStmnt CovItemId="S9" CovItemPrefix="org.jfree.data.ExpandToInclude.java" Intrnl_Id="313">
<LocList>
<Loc EndOffset="641" SrcFileId="3" StartOffset="604"/>
</LocList>
</BasicStmnt>
<BasicStmnt CovItemId="S10" CovItemPrefix="org.jfree.data.ExpandToInclude.java" Intrnl_Id="314">
<LocList>
<Loc EndOffset="675" SrcFileId="3" StartOffset="644"/>
</LocList>
</BasicStmnt>
</StmntSeq>
</HierarchyLvl>
<HierarchyLvl HierarchyLvlId="31" HierarchyLvlTypeId="13" Intrnl_Id="315" Name="lowerBound">
<Header>
<Loc EndOffset="712" SrcFileId="3" StartOffset="681"/>
</Header>
<LocList>
<Loc EndOffset="918" SrcFileId="3" StartOffset="681"/>
</LocList>
<StmntSeq Intrnl_Id="316">
<LocList>
<Loc EndOffset="756" SrcFileId="3" StartOffset="717"/>
<Loc EndOffset="811" SrcFileId="3" StartOffset="759"/>
<Loc EndOffset="841" SrcFileId="3" StartOffset="814"/>
<Loc EndOffset="881" SrcFileId="3" StartOffset="844"/>
<Loc EndOffset="915" SrcFileId="3" StartOffset="884"/>
</LocList>
<BasicStmnt CovItemId="S11" CovItemPrefix="org.jfree.data.ExpandToInclude.java" Intrnl_Id="317">
<LocList>
<Loc EndOffset="756" SrcFileId="3" StartOffset="717"/>
</LocList>
</BasicStmnt>
<BasicStmnt CovItemId="S12" CovItemPrefix="org.jfree.data.ExpandToInclude.java" Intrnl_Id="318">
<LocList>
<Loc EndOffset="811" SrcFileId="3" StartOffset="759"/>
</LocList>
</BasicStmnt>
<BasicStmnt CovItemId="S13" CovItemPrefix="org.jfree.data.ExpandToInclude.java" Intrnl_Id="319">
<LocList>
<Loc EndOffset="841" SrcFileId="3" StartOffset="814"/>
</LocList>
</BasicStmnt>
<BasicStmnt CovItemId="S14" CovItemPrefix="org.jfree.data.ExpandToInclude.java" Intrnl_Id="320">
<LocList>
<Loc EndOffset="881" SrcFileId="3" StartOffset="844"/>
</LocList>
</BasicStmnt>
<BasicStmnt CovItemId="S15" CovItemPrefix="org.jfree.data.ExpandToInclude.java" Intrnl_Id="321">
<LocList>
<Loc EndOffset="915" SrcFileId="3" StartOffset="884"/>
</LocList>
</BasicStmnt>
</StmntSeq>
</HierarchyLvl>
<HierarchyLvl HierarchyLvlId="32" HierarchyLvlTypeId="13" Intrnl_Id="322" Name="centralValue">
<Header>
<Loc EndOffset="954" SrcFileId="3" StartOffset="921"/>
</Header>
<LocList>
<Loc EndOffset="1161" SrcFileId="3" StartOffset="921"/>
</LocList>
<StmntSeq Intrnl_Id="323">
<LocList>
<Loc EndOffset="998" SrcFileId="3" StartOffset="959"/>
<Loc EndOffset="1054" SrcFileId="3" StartOffset="1001"/>
<Loc EndOffset="1084" SrcFileId="3" StartOffset="1057"/>
<Loc EndOffset="1124" SrcFileId="3" StartOffset="1087"/>
<Loc EndOffset="1158" SrcFileId="3" StartOffset="1127"/>
</LocList>
<BasicStmnt CovItemId="S16" CovItemPrefix="org.jfree.data.ExpandToInclude.java" Intrnl_Id="324">
<LocList>
<Loc EndOffset="998" SrcFileId="3" StartOffset="959"/>
</LocList>
</BasicStmnt>
<BasicStmnt CovItemId="S17" CovItemPrefix="org.jfree.data.ExpandToInclude.java" Intrnl_Id="325">
<LocList>
<Loc EndOffset="1054" SrcFileId="3" StartOffset="1001"/>
</LocList>
</BasicStmnt>
<BasicStmnt CovItemId="S18" CovItemPrefix="org.jfree.data.ExpandToInclude.java" Intrnl_Id="326">
<LocList>
<Loc EndOffset="1084" SrcFileId="3" StartOffset="1057"/>
</LocList>
</BasicStmnt>
<BasicStmnt CovItemId="S19" CovItemPrefix="org.jfree.data.ExpandToInclude.java" Intrnl_Id="327">
<LocList>
<Loc EndOffset="1124" SrcFileId="3" StartOffset="1087"/>
</LocList>
</BasicStmnt>
<BasicStmnt CovItemId="S20" CovItemPrefix="org.jfree.data.ExpandToInclude.java" Intrnl_Id="328">
<LocList>
<Loc EndOffset="1158" SrcFileId="3" StartOffset="1127"/>
</LocList>
</BasicStmnt>
</StmntSeq>
</HierarchyLvl>
<HierarchyLvl HierarchyLvlId="33" HierarchyLvlTypeId="13" Intrnl_Id="329" Name="upperBound">
<Header>
<Loc EndOffset="1195" SrcFileId="3" StartOffset="1164"/>
</Header>
<LocList>
<Loc EndOffset="1403" SrcFileId="3" StartOffset="1164"/>
</LocList>
<StmntSeq Intrnl_Id="330">
<LocList>
<Loc EndOffset="1239" SrcFileId="3" StartOffset="1200"/>
<Loc EndOffset="1296" SrcFileId="3" StartOffset="1242"/>
<Loc EndOffset="1326" SrcFileId="3" StartOffset="1299"/>
<Loc EndOffset="1366" SrcFileId="3" StartOffset="1329"/>
<Loc EndOffset="1400" SrcFileId="3" StartOffset="1369"/>
</LocList>
<BasicStmnt CovItemId="S21" CovItemPrefix="org.jfree.data.ExpandToInclude.java" Intrnl_Id="331">
<LocList>
<Loc EndOffset="1239" SrcFileId="3" StartOffset="1200"/>
</LocList>
</BasicStmnt>
<BasicStmnt CovItemId="S22" CovItemPrefix="org.jfree.data.ExpandToInclude.java" Intrnl_Id="332">
<LocList>
<Loc EndOffset="1296" SrcFileId="3" StartOffset="1242"/>
</LocList>
</BasicStmnt>
<BasicStmnt CovItemId="S23" CovItemPrefix="org.jfree.data.ExpandToInclude.java" Intrnl_Id="333">
<LocList>
<Loc EndOffset="1326" SrcFileId="3" StartOffset="1299"/>
</LocList>
</BasicStmnt>
<BasicStmnt CovItemId="S24" CovItemPrefix="org.jfree.data.ExpandToInclude.java" Intrnl_Id="334">
<LocList>
<Loc EndOffset="1366" SrcFileId="3" StartOffset="1329"/>
</LocList>
</BasicStmnt>
<BasicStmnt CovItemId="S25" CovItemPrefix="org.jfree.data.ExpandToInclude.java" Intrnl_Id="335">
<LocList>
<Loc EndOffset="1400" SrcFileId="3" StartOffset="1369"/>
</LocList>
</BasicStmnt>
</StmntSeq>
</HierarchyLvl>
<HierarchyLvl HierarchyLvlId="34" HierarchyLvlTypeId="13" Intrnl_Id="336" Name="oneOverUpperBound">
<Header>
<Loc EndOffset="1444" SrcFileId="3" StartOffset="1406"/>
</Header>
<LocList>
<Loc EndOffset="1690" SrcFileId="3" StartOffset="1406"/>
</LocList>
<StmntSeq Intrnl_Id="337">
<LocList>
<Loc EndOffset="1486" SrcFileId="3" StartOffset="1449"/>
<Loc EndOffset="1528" SrcFileId="3" StartOffset="1489"/>
<Loc EndOffset="1583" SrcFileId="3" StartOffset="1531"/>
<Loc EndOffset="1613" SrcFileId="3" StartOffset="1586"/>
<Loc EndOffset="1653" SrcFileId="3" StartOffset="1616"/>
<Loc EndOffset="1687" SrcFileId="3" StartOffset="1656"/>
</LocList>
<BasicStmnt CovItemId="S26" CovItemPrefix="org.jfree.data.ExpandToInclude.java" Intrnl_Id="338">
<LocList>
<Loc EndOffset="1486" SrcFileId="3" StartOffset="1449"/>
</LocList>
</BasicStmnt>
<BasicStmnt CovItemId="S27" CovItemPrefix="org.jfree.data.ExpandToInclude.java" Intrnl_Id="339">
<LocList>
<Loc EndOffset="1528" SrcFileId="3" StartOffset="1489"/>
</LocList>
</BasicStmnt>
<BasicStmnt CovItemId="S28" CovItemPrefix="org.jfree.data.ExpandToInclude.java" Intrnl_Id="340">
<LocList>
<Loc EndOffset="1583" SrcFileId="3" StartOffset="1531"/>
</LocList>
</BasicStmnt>
<BasicStmnt CovItemId="S29" CovItemPrefix="org.jfree.data.ExpandToInclude.java" Intrnl_Id="341">
<LocList>
<Loc EndOffset="1613" SrcFileId="3" StartOffset="1586"/>
</LocList>
</BasicStmnt>
<BasicStmnt CovItemId="S30" CovItemPrefix="org.jfree.data.ExpandToInclude.java" Intrnl_Id="342">
<LocList>
<Loc EndOffset="1653" SrcFileId="3" StartOffset="1616"/>
</LocList>
</BasicStmnt>
<BasicStmnt CovItemId="S31" CovItemPrefix="org.jfree.data.ExpandToInclude.java" Intrnl_Id="343">
<LocList>
<Loc EndOffset="1687" SrcFileId="3" StartOffset="1656"/>
</LocList>
</BasicStmnt>
</StmntSeq>
</HierarchyLvl>
<HierarchyLvl HierarchyLvlId="35" HierarchyLvlTypeId="13" Intrnl_Id="344" Name="tenOverUpperBound">
<Header>
<Loc EndOffset="1731" SrcFileId="3" StartOffset="1693"/>
</Header>
<LocList>
<Loc EndOffset="1977" SrcFileId="3" StartOffset="1693"/>
</LocList>
<StmntSeq Intrnl_Id="345">
<LocList>
<Loc EndOffset="1773" SrcFileId="3" StartOffset="1736"/>
<Loc EndOffset="1815" SrcFileId="3" StartOffset="1776"/>
<Loc EndOffset="1870" SrcFileId="3" StartOffset="1818"/>
<Loc EndOffset="1900" SrcFileId="3" StartOffset="1873"/>
<Loc EndOffset="1940" SrcFileId="3" StartOffset="1903"/>
<Loc EndOffset="1974" SrcFileId="3" StartOffset="1943"/>
</LocList>
<BasicStmnt CovItemId="S32" CovItemPrefix="org.jfree.data.ExpandToInclude.java" Intrnl_Id="346">
<LocList>
<Loc EndOffset="1773" SrcFileId="3" StartOffset="1736"/>
</LocList>
</BasicStmnt>
<BasicStmnt CovItemId="S33" CovItemPrefix="org.jfree.data.ExpandToInclude.java" Intrnl_Id="347">
<LocList>
<Loc EndOffset="1815" SrcFileId="3" StartOffset="1776"/>
</LocList>
</BasicStmnt>
<BasicStmnt CovItemId="S34" CovItemPrefix="org.jfree.data.ExpandToInclude.java" Intrnl_Id="348">
<LocList>
<Loc EndOffset="1870" SrcFileId="3" StartOffset="1818"/>
</LocList>
</BasicStmnt>
<BasicStmnt CovItemId="S35" CovItemPrefix="org.jfree.data.ExpandToInclude.java" Intrnl_Id="349">
<LocList>
<Loc EndOffset="1900" SrcFileId="3" StartOffset="1873"/>
</LocList>
</BasicStmnt>
<BasicStmnt CovItemId="S36" CovItemPrefix="org.jfree.data.ExpandToInclude.java" Intrnl_Id="350">
<LocList>
<Loc EndOffset="1940" SrcFileId="3" StartOffset="1903"/>
</LocList>
</BasicStmnt>
<BasicStmnt CovItemId="S37" CovItemPrefix="org.jfree.data.ExpandToInclude.java" Intrnl_Id="351">
<LocList>
<Loc EndOffset="1974" SrcFileId="3" StartOffset="1943"/>
</LocList>
</BasicStmnt>
</StmntSeq>
</HierarchyLvl>
<HierarchyLvl HierarchyLvlId="36" HierarchyLvlTypeId="13" Intrnl_Id="352" Name="nullRange">
<Header>
<Loc EndOffset="2010" SrcFileId="3" StartOffset="1980"/>
</Header>
<LocList>
<Loc EndOffset="2279" SrcFileId="3" StartOffset="1980"/>
</LocList>
<StmntSeq Intrnl_Id="353">
<LocList>
<Loc EndOffset="2042" SrcFileId="3" StartOffset="2015"/>
<Loc EndOffset="2065" SrcFileId="3" StartOffset="2045"/>
<Loc EndOffset="2125" SrcFileId="3" StartOffset="2077"/>
<Loc EndOffset="2193" SrcFileId="3" StartOffset="2068"/>
<Loc EndOffset="2272" SrcFileId="3" StartOffset="2207"/>
</LocList>
<BasicStmnt CovItemId="S38" CovItemPrefix="org.jfree.data.ExpandToInclude.java" Intrnl_Id="354">
<LocList>
<Loc EndOffset="2042" SrcFileId="3" StartOffset="2015"/>
</LocList>
</BasicStmnt>
<BasicStmnt CovItemId="S39" CovItemPrefix="org.jfree.data.ExpandToInclude.java" Intrnl_Id="355">
<LocList>
<Loc EndOffset="2065" SrcFileId="3" StartOffset="2045"/>
</LocList>
</BasicStmnt>
<BasicStmnt CovItemId="S41" CovItemPrefix="org.jfree.data.ExpandToInclude.java" Intrnl_Id="356">
<LocList>
<Loc EndOffset="2125" SrcFileId="3" StartOffset="2077"/>
</LocList>
</BasicStmnt>
<CondStmnt CovItemId="S40" CovItemPrefix="org.jfree.data.ExpandToInclude.java" Intrnl_Id="357">
<Branch CovItemId="B1" CovItemPrefix="org.jfree.data.ExpandToInclude.java" Implct="true" Intrnl_Id="358">
<Cond/>
<LocList/>
<StmntSeq Intrnl_Id="359">
<LocList/>
</StmntSeq>
</Branch>
<Branch CovItemId="B2" CovItemPrefix="org.jfree.data.ExpandToInclude.java" Implct="false" Intrnl_Id="360">
<Cond>
<Loc EndOffset="2165" SrcFileId="3" StartOffset="2130"/>
</Cond>
<LocList>
<Loc EndOffset="2193" SrcFileId="3" StartOffset="2166"/>
</LocList>
<StmntSeq Intrnl_Id="361">
<LocList>
<Loc EndOffset="2189" SrcFileId="3" StartOffset="2171"/>
</LocList>
<BasicStmnt CovItemId="S42" CovItemPrefix="org.jfree.data.ExpandToInclude.java" Intrnl_Id="362">
<LocList>
<Loc EndOffset="2189" SrcFileId="3" StartOffset="2171"/>
</LocList>
</BasicStmnt>
</StmntSeq>
</Branch>
<Keyword EndOffset="2071" SrcFileId="3" StartOffset="2068"/>
<LocList>
<Loc EndOffset="2193" SrcFileId="3" StartOffset="2068"/>
</LocList>
</CondStmnt>
<BasicStmnt CovItemId="S43" CovItemPrefix="org.jfree.data.ExpandToInclude.java" Intrnl_Id="363">
<LocList>
<Loc EndOffset="2272" SrcFileId="3" StartOffset="2207"/>
</LocList>
</BasicStmnt>
</StmntSeq>
</HierarchyLvl>
</HierarchyLvl>
<HierarchyLvl HierarchyLvlId="43" HierarchyLvlTypeId="12" Intrnl_Id="364" Name="CreateNumberArray2D">
<Header>
<Loc EndOffset="177" SrcFileId="4" StartOffset="145"/>
</Header>
<LocList>
<Loc EndOffset="3046" SrcFileId="4" StartOffset="145"/>
</LocList>
<HierarchyLvl HierarchyLvlId="38" HierarchyLvlTypeId="13" Intrnl_Id="365" Name="nullDataObjectPassed">
<Header>
<Loc EndOffset="224" SrcFileId="4" StartOffset="183"/>
</Header>
<LocList>
<Loc EndOffset="465" SrcFileId="4" StartOffset="183"/>
</LocList>
<StmntSeq Intrnl_Id="366">
<LocList>
<Loc EndOffset="256" SrcFileId="4" StartOffset="229"/>
<Loc EndOffset="311" SrcFileId="4" StartOffset="271"/>
<Loc EndOffset="379" SrcFileId="4" StartOffset="262"/>
<Loc EndOffset="458" SrcFileId="4" StartOffset="393"/>
</LocList>
<BasicStmnt CovItemId="S1" CovItemPrefix="org.jfree.data.CreateNumberArray2D.java" Intrnl_Id="367">
<LocList>
<Loc EndOffset="256" SrcFileId="4" StartOffset="229"/>
</LocList>
</BasicStmnt>
<BasicStmnt CovItemId="S3" CovItemPrefix="org.jfree.data.CreateNumberArray2D.java" Intrnl_Id="368">
<LocList>
<Loc EndOffset="311" SrcFileId="4" StartOffset="271"/>
</LocList>
</BasicStmnt>
<CondStmnt CovItemId="S2" CovItemPrefix="org.jfree.data.CreateNumberArray2D.java" Intrnl_Id="369">
<Branch CovItemId="B1" CovItemPrefix="org.jfree.data.CreateNumberArray2D.java" Implct="true" Intrnl_Id="370">
<Cond/>
<LocList/>
<StmntSeq Intrnl_Id="371">
<LocList/>
</StmntSeq>
</Branch>
<Branch CovItemId="B2" CovItemPrefix="org.jfree.data.CreateNumberArray2D.java" Implct="false" Intrnl_Id="372">
<Cond>
<Loc EndOffset="351" SrcFileId="4" StartOffset="316"/>
</Cond>
<LocList>
<Loc EndOffset="379" SrcFileId="4" StartOffset="352"/>
</LocList>
<StmntSeq Intrnl_Id="373">
<LocList>
<Loc EndOffset="375" SrcFileId="4" StartOffset="357"/>
</LocList>
<BasicStmnt CovItemId="S4" CovItemPrefix="org.jfree.data.CreateNumberArray2D.java" Intrnl_Id="374">
<LocList>
<Loc EndOffset="375" SrcFileId="4" StartOffset="357"/>
</LocList>
</BasicStmnt>
</StmntSeq>
</Branch>
<Keyword EndOffset="265" SrcFileId="4" StartOffset="262"/>
<LocList>
<Loc EndOffset="379" SrcFileId="4" StartOffset="262"/>
</LocList>
</CondStmnt>
<BasicStmnt CovItemId="S5" CovItemPrefix="org.jfree.data.CreateNumberArray2D.java" Intrnl_Id="375">
<LocList>
<Loc EndOffset="458" SrcFileId="4" StartOffset="393"/>
</LocList>
</BasicStmnt>
</StmntSeq>
</HierarchyLvl>
<HierarchyLvl HierarchyLvlId="39" HierarchyLvlTypeId="13" Intrnl_Id="376" Name="oneByOneArrayPassed">
<Header>
<Loc EndOffset="509" SrcFileId="4" StartOffset="469"/>
</Header>
<LocList>
<Loc EndOffset="748" SrcFileId="4" StartOffset="469"/>
</LocList>
<StmntSeq Intrnl_Id="377">
<LocList>
<Loc EndOffset="542" SrcFileId="4" StartOffset="514"/>
<Loc EndOffset="576" SrcFileId="4" StartOffset="545"/>
<Loc EndOffset="641" SrcFileId="4" StartOffset="579"/>
<Loc EndOffset="671" SrcFileId="4" StartOffset="644"/>
<Loc EndOffset="711" SrcFileId="4" StartOffset="674"/>
<Loc EndOffset="745" SrcFileId="4" StartOffset="714"/>
</LocList>
<BasicStmnt CovItemId="S6" CovItemPrefix="org.jfree.data.CreateNumberArray2D.java" Intrnl_Id="378">
<LocList>
<Loc EndOffset="542" SrcFileId="4" StartOffset="514"/>
</LocList>
</BasicStmnt>
<BasicStmnt CovItemId="S7" CovItemPrefix="org.jfree.data.CreateNumberArray2D.java" Intrnl_Id="379">
<LocList>
<Loc EndOffset="576" SrcFileId="4" StartOffset="545"/>
</LocList>
</BasicStmnt>
<BasicStmnt CovItemId="S8" CovItemPrefix="org.jfree.data.CreateNumberArray2D.java" Intrnl_Id="380">
<LocList>
<Loc EndOffset="641" SrcFileId="4" StartOffset="579"/>
</LocList>
</BasicStmnt>
<BasicStmnt CovItemId="S9" CovItemPrefix="org.jfree.data.CreateNumberArray2D.java" Intrnl_Id="381">
<LocList>
<Loc EndOffset="671" SrcFileId="4" StartOffset="644"/>
</LocList>
</BasicStmnt>
<BasicStmnt CovItemId="S10" CovItemPrefix="org.jfree.data.CreateNumberArray2D.java" Intrnl_Id="382">
<LocList>
<Loc EndOffset="711" SrcFileId="4" StartOffset="674"/>
</LocList>
</BasicStmnt>
<BasicStmnt CovItemId="S11" CovItemPrefix="org.jfree.data.CreateNumberArray2D.java" Intrnl_Id="383">
<LocList>
<Loc EndOffset="745" SrcFileId="4" StartOffset="714"/>
</LocList>
</BasicStmnt>
</StmntSeq>
</HierarchyLvl>
<HierarchyLvl HierarchyLvlId="40" HierarchyLvlTypeId="13" Intrnl_Id="384" Name="oneByTenElementArrayPassed">
<Header>
<Loc EndOffset="799" SrcFileId="4" StartOffset="752"/>
</Header>
<LocList>
<Loc EndOffset="1128" SrcFileId="4" StartOffset="752"/>
</LocList>
<StmntSeq Intrnl_Id="385">
<LocList>
<Loc EndOffset="877" SrcFileId="4" StartOffset="804"/>
<Loc EndOffset="956" SrcFileId="4" StartOffset="880"/>
<Loc EndOffset="1021" SrcFileId="4" StartOffset="959"/>
<Loc EndOffset="1051" SrcFileId="4" StartOffset="1024"/>
<Loc EndOffset="1091" SrcFileId="4" StartOffset="1054"/>
<Loc EndOffset="1125" SrcFileId="4" StartOffset="1094"/>
</LocList>
<BasicStmnt CovItemId="S12" CovItemPrefix="org.jfree.data.CreateNumberArray2D.java" Intrnl_Id="386">
<LocList>
<Loc EndOffset="877" SrcFileId="4" StartOffset="804"/>
</LocList>
</BasicStmnt>
<BasicStmnt CovItemId="S13" CovItemPrefix="org.jfree.data.CreateNumberArray2D.java" Intrnl_Id="387">
<LocList>
<Loc EndOffset="956" SrcFileId="4" StartOffset="880"/>
</LocList>
</BasicStmnt>
<BasicStmnt CovItemId="S14" CovItemPrefix="org.jfree.data.CreateNumberArray2D.java" Intrnl_Id="388">
<LocList>
<Loc EndOffset="1021" SrcFileId="4" StartOffset="959"/>
</LocList>
</BasicStmnt>
<BasicStmnt CovItemId="S15" CovItemPrefix="org.jfree.data.CreateNumberArray2D.java" Intrnl_Id="389">
<LocList>
<Loc EndOffset="1051" SrcFileId="4" StartOffset="1024"/>
</LocList>
</BasicStmnt>
<BasicStmnt CovItemId="S16" CovItemPrefix="org.jfree.data.CreateNumberArray2D.java" Intrnl_Id="390">
<LocList>
<Loc EndOffset="1091" SrcFileId="4" StartOffset="1054"/>
</LocList>
</BasicStmnt>
<BasicStmnt CovItemId="S17" CovItemPrefix="org.jfree.data.CreateNumberArray2D.java" Intrnl_Id="391">
<LocList>
<Loc EndOffset="1125" SrcFileId="4" StartOffset="1094"/>
</LocList>
</BasicStmnt>
</StmntSeq>
</HierarchyLvl>
<HierarchyLvl HierarchyLvlId="41" HierarchyLvlTypeId="13" Intrnl_Id="392" Name="tenByOneElementArrayPassed">
<Header>
<Loc EndOffset="1179" SrcFileId="4" StartOffset="1132"/>
</Header>
<LocList>
<Loc EndOffset="1636" SrcFileId="4" StartOffset="1132"/>
</LocList>
<StmntSeq Intrnl_Id="393">
<LocList>
<Loc EndOffset="1321" SrcFileId="4" StartOffset="1184"/>
<Loc EndOffset="1464" SrcFileId="4" StartOffset="1324"/>
<Loc EndOffset="1529" SrcFileId="4" StartOffset="1467"/>
<Loc EndOffset="1559" SrcFileId="4" StartOffset="1532"/>
<Loc EndOffset="1599" SrcFileId="4" StartOffset="1562"/>
<Loc EndOffset="1633" SrcFileId="4" StartOffset="1602"/>
</LocList>
<BasicStmnt CovItemId="S18" CovItemPrefix="org.jfree.data.CreateNumberArray2D.java" Intrnl_Id="394">
<LocList>
<Loc EndOffset="1321" SrcFileId="4" StartOffset="1184"/>
</LocList>
</BasicStmnt>
<BasicStmnt CovItemId="S19" CovItemPrefix="org.jfree.data.CreateNumberArray2D.java" Intrnl_Id="395">
<LocList>
<Loc EndOffset="1464" SrcFileId="4" StartOffset="1324"/>
</LocList>
</BasicStmnt>
<BasicStmnt CovItemId="S20" CovItemPrefix="org.jfree.data.CreateNumberArray2D.java" Intrnl_Id="396">
<LocList>
<Loc EndOffset="1529" SrcFileId="4" StartOffset="1467"/>
</LocList>
</BasicStmnt>
<BasicStmnt CovItemId="S21" CovItemPrefix="org.jfree.data.CreateNumberArray2D.java" Intrnl_Id="397">
<LocList>
<Loc EndOffset="1559" SrcFileId="4" StartOffset="1532"/>
</LocList>
</BasicStmnt>
<BasicStmnt CovItemId="S22" CovItemPrefix="org.jfree.data.CreateNumberArray2D.java" Intrnl_Id="398">
<LocList>
<Loc EndOffset="1599" SrcFileId="4" StartOffset="1562"/>
</LocList>
</BasicStmnt>
<BasicStmnt CovItemId="S23" CovItemPrefix="org.jfree.data.CreateNumberArray2D.java" Intrnl_Id="399">
<LocList>
<Loc EndOffset="1633" SrcFileId="4" StartOffset="1602"/>
</LocList>
</BasicStmnt>
</StmntSeq>
</HierarchyLvl>
<HierarchyLvl HierarchyLvlId="42" HierarchyLvlTypeId="13" Intrnl_Id="400" Name="tenByTenElementArrayPassed">
<Header>
<Loc EndOffset="1687" SrcFileId="4" StartOffset="1640"/>
</Header>
<LocList>
<Loc EndOffset="3044" SrcFileId="4" StartOffset="1640"/>
</LocList>
<StmntSeq Intrnl_Id="401">
<LocList>
<Loc EndOffset="2279" SrcFileId="4" StartOffset="1692"/>
<Loc EndOffset="2872" SrcFileId="4" StartOffset="2282"/>
<Loc EndOffset="2937" SrcFileId="4" StartOffset="2875"/>
<Loc EndOffset="2967" SrcFileId="4" StartOffset="2940"/>
<Loc EndOffset="3007" SrcFileId="4" StartOffset="2970"/>
<Loc EndOffset="3041" SrcFileId="4" StartOffset="3010"/>
</LocList>
<BasicStmnt CovItemId="S24" CovItemPrefix="org.jfree.data.CreateNumberArray2D.java" Intrnl_Id="402">
<LocList>
<Loc EndOffset="2279" SrcFileId="4" StartOffset="1692"/>
</LocList>
</BasicStmnt>
<BasicStmnt CovItemId="S25" CovItemPrefix="org.jfree.data.CreateNumberArray2D.java" Intrnl_Id="403">
<LocList>
<Loc EndOffset="2872" SrcFileId="4" StartOffset="2282"/>
</LocList>
</BasicStmnt>
<BasicStmnt CovItemId="S26" CovItemPrefix="org.jfree.data.CreateNumberArray2D.java" Intrnl_Id="404">
<LocList>
<Loc EndOffset="2937" SrcFileId="4" StartOffset="2875"/>
</LocList>
</BasicStmnt>
<BasicStmnt CovItemId="S27" CovItemPrefix="org.jfree.data.CreateNumberArray2D.java" Intrnl_Id="405">
<LocList>
<Loc EndOffset="2967" SrcFileId="4" StartOffset="2940"/>
</LocList>
</BasicStmnt>
<BasicStmnt CovItemId="S28" CovItemPrefix="org.jfree.data.CreateNumberArray2D.java" Intrnl_Id="406">
<LocList>
<Loc EndOffset="3007" SrcFileId="4" StartOffset="2970"/>
</LocList>
</BasicStmnt>
<BasicStmnt CovItemId="S29" CovItemPrefix="org.jfree.data.CreateNumberArray2D.java" Intrnl_Id="407">
<LocList>
<Loc EndOffset="3041" SrcFileId="4" StartOffset="3010"/>
</LocList>
</BasicStmnt>
</StmntSeq>
</HierarchyLvl>
</HierarchyLvl>
<HierarchyLvl HierarchyLvlId="47" HierarchyLvlTypeId="12" Intrnl_Id="408" Name="CreateNumberArray">
<Header>
<Loc EndOffset="175" SrcFileId="5" StartOffset="145"/>
</Header>
<LocList>
<Loc EndOffset="1099" SrcFileId="5" StartOffset="145"/>
</LocList>
<HierarchyLvl HierarchyLvlId="44" HierarchyLvlTypeId="13" Intrnl_Id="409" Name="nullDataObjectPassed">
<Header>
<Loc EndOffset="222" SrcFileId="5" StartOffset="181"/>
</Header>
<LocList>
<Loc EndOffset="461" SrcFileId="5" StartOffset="181"/>
</LocList>
<StmntSeq Intrnl_Id="410">
<LocList>
<Loc EndOffset="254" SrcFileId="5" StartOffset="227"/>
<Loc EndOffset="307" SrcFileId="5" StartOffset="269"/>
<Loc EndOffset="375" SrcFileId="5" StartOffset="260"/>
<Loc EndOffset="454" SrcFileId="5" StartOffset="389"/>
</LocList>
<BasicStmnt CovItemId="S1" CovItemPrefix="org.jfree.data.CreateNumberArray.java" Intrnl_Id="411">
<LocList>
<Loc EndOffset="254" SrcFileId="5" StartOffset="227"/>
</LocList>
</BasicStmnt>
<BasicStmnt CovItemId="S3" CovItemPrefix="org.jfree.data.CreateNumberArray.java" Intrnl_Id="412">
<LocList>
<Loc EndOffset="307" SrcFileId="5" StartOffset="269"/>
</LocList>
</BasicStmnt>
<CondStmnt CovItemId="S2" CovItemPrefix="org.jfree.data.CreateNumberArray.java" Intrnl_Id="413">
<Branch CovItemId="B1" CovItemPrefix="org.jfree.data.CreateNumberArray.java" Implct="true" Intrnl_Id="414">
<Cond/>
<LocList/>
<StmntSeq Intrnl_Id="415">
<LocList/>
</StmntSeq>
</Branch>
<Branch CovItemId="B2" CovItemPrefix="org.jfree.data.CreateNumberArray.java" Implct="false" Intrnl_Id="416">
<Cond>
<Loc EndOffset="347" SrcFileId="5" StartOffset="312"/>
</Cond>
<LocList>
<Loc EndOffset="375" SrcFileId="5" StartOffset="348"/>
</LocList>
<StmntSeq Intrnl_Id="417">
<LocList>
<Loc EndOffset="371" SrcFileId="5" StartOffset="353"/>
</LocList>
<BasicStmnt CovItemId="S4" CovItemPrefix="org.jfree.data.CreateNumberArray.java" Intrnl_Id="418">
<LocList>
<Loc EndOffset="371" SrcFileId="5" StartOffset="353"/>
</LocList>
</BasicStmnt>
</StmntSeq>
</Branch>
<Keyword EndOffset="263" SrcFileId="5" StartOffset="260"/>
<LocList>
<Loc EndOffset="375" SrcFileId="5" StartOffset="260"/>
</LocList>
</CondStmnt>
<BasicStmnt CovItemId="S5" CovItemPrefix="org.jfree.data.CreateNumberArray.java" Intrnl_Id="419">
<LocList>
<Loc EndOffset="454" SrcFileId="5" StartOffset="389"/>
</LocList>
</BasicStmnt>
</StmntSeq>
</HierarchyLvl>
<HierarchyLvl HierarchyLvlId="45" HierarchyLvlTypeId="13" Intrnl_Id="420" Name="oneElementArrayPassed">
<Header>
<Loc EndOffset="507" SrcFileId="5" StartOffset="465"/>
</Header>
<LocList>
<Loc EndOffset="734" SrcFileId="5" StartOffset="465"/>
</LocList>
<StmntSeq Intrnl_Id="421">
<LocList>
<Loc EndOffset="536" SrcFileId="5" StartOffset="512"/>
<Loc EndOffset="566" SrcFileId="5" StartOffset="539"/>
<Loc EndOffset="627" SrcFileId="5" StartOffset="569"/>
<Loc EndOffset="657" SrcFileId="5" StartOffset="630"/>
<Loc EndOffset="697" SrcFileId="5" StartOffset="660"/>
<Loc EndOffset="731" SrcFileId="5" StartOffset="700"/>
</LocList>
<BasicStmnt CovItemId="S6" CovItemPrefix="org.jfree.data.CreateNumberArray.java" Intrnl_Id="422">
<LocList>
<Loc EndOffset="536" SrcFileId="5" StartOffset="512"/>
</LocList>
</BasicStmnt>
<BasicStmnt CovItemId="S7" CovItemPrefix="org.jfree.data.CreateNumberArray.java" Intrnl_Id="423">
<LocList>
<Loc EndOffset="566" SrcFileId="5" StartOffset="539"/>
</LocList>
</BasicStmnt>
<BasicStmnt CovItemId="S8" CovItemPrefix="org.jfree.data.CreateNumberArray.java" Intrnl_Id="424">
<LocList>
<Loc EndOffset="627" SrcFileId="5" StartOffset="569"/>
</LocList>
</BasicStmnt>
<BasicStmnt CovItemId="S9" CovItemPrefix="org.jfree.data.CreateNumberArray.java" Intrnl_Id="425">
<LocList>
<Loc EndOffset="657" SrcFileId="5" StartOffset="630"/>
</LocList>
</BasicStmnt>
<BasicStmnt CovItemId="S10" CovItemPrefix="org.jfree.data.CreateNumberArray.java" Intrnl_Id="426">
<LocList>
<Loc EndOffset="697" SrcFileId="5" StartOffset="660"/>
</LocList>
</BasicStmnt>
<BasicStmnt CovItemId="S11" CovItemPrefix="org.jfree.data.CreateNumberArray.java" Intrnl_Id="427">
<LocList>
<Loc EndOffset="731" SrcFileId="5" StartOffset="700"/>
</LocList>
</BasicStmnt>
</StmntSeq>
</HierarchyLvl>
<HierarchyLvl HierarchyLvlId="46" HierarchyLvlTypeId="13" Intrnl_Id="428" Name="tenElementArrayPassed">
<Header>
<Loc EndOffset="780" SrcFileId="5" StartOffset="738"/>
</Header>
<LocList>
<Loc EndOffset="1097" SrcFileId="5" StartOffset="738"/>
</LocList>
<StmntSeq Intrnl_Id="429">
<LocList>
<Loc EndOffset="854" SrcFileId="5" StartOffset="785"/>
<Loc EndOffset="929" SrcFileId="5" StartOffset="857"/>
<Loc EndOffset="990" SrcFileId="5" StartOffset="932"/>
<Loc EndOffset="1020" SrcFileId="5" StartOffset="993"/>
<Loc EndOffset="1060" SrcFileId="5" StartOffset="1023"/>
<Loc EndOffset="1094" SrcFileId="5" StartOffset="1063"/>
</LocList>
<BasicStmnt CovItemId="S12" CovItemPrefix="org.jfree.data.CreateNumberArray.java" Intrnl_Id="430">
<LocList>
<Loc EndOffset="854" SrcFileId="5" StartOffset="785"/>
</LocList>
</BasicStmnt>
<BasicStmnt CovItemId="S13" CovItemPrefix="org.jfree.data.CreateNumberArray.java" Intrnl_Id="431">
<LocList>
<Loc EndOffset="929" SrcFileId="5" StartOffset="857"/>
</LocList>
</BasicStmnt>
<BasicStmnt CovItemId="S14" CovItemPrefix="org.jfree.data.CreateNumberArray.java" Intrnl_Id="432">
<LocList>
<Loc EndOffset="990" SrcFileId="5" StartOffset="932"/>
</LocList>
</BasicStmnt>
<BasicStmnt CovItemId="S15" CovItemPrefix="org.jfree.data.CreateNumberArray.java" Intrnl_Id="433">
<LocList>
<Loc EndOffset="1020" SrcFileId="5" StartOffset="993"/>
</LocList>
</BasicStmnt>
<BasicStmnt CovItemId="S16" CovItemPrefix="org.jfree.data.CreateNumberArray.java" Intrnl_Id="434">
<LocList>
<Loc EndOffset="1060" SrcFileId="5" StartOffset="1023"/>
</LocList>
</BasicStmnt>
<BasicStmnt CovItemId="S17" CovItemPrefix="org.jfree.data.CreateNumberArray.java" Intrnl_Id="435">
<LocList>
<Loc EndOffset="1094" SrcFileId="5" StartOffset="1063"/>
</LocList>
</BasicStmnt>
</StmntSeq>
</HierarchyLvl>
</HierarchyLvl>
<HierarchyLvl HierarchyLvlId="53" HierarchyLvlTypeId="12" Intrnl_Id="436" Name="Contains">
<Header>
<Loc EndOffset="116" SrcFileId="6" StartOffset="95"/>
</Header>
<LocList>
<Loc EndOffset="928" SrcFileId="6" StartOffset="95"/>
</LocList>
<HierarchyLvl HierarchyLvlId="48" HierarchyLvlTypeId="13" Intrnl_Id="437" Name="oneLessThanLowerBound">
<Header>
<Loc EndOffset="163" SrcFileId="6" StartOffset="121"/>
</Header>
<LocList>
<Loc EndOffset="286" SrcFileId="6" StartOffset="121"/>
</LocList>
<StmntSeq Intrnl_Id="438">
<LocList>
<Loc EndOffset="204" SrcFileId="6" StartOffset="168"/>
<Loc EndOffset="249" SrcFileId="6" StartOffset="207"/>
<Loc EndOffset="283" SrcFileId="6" StartOffset="252"/>
</LocList>
<BasicStmnt CovItemId="S1" CovItemPrefix="org.jfree.data.Contains.java" Intrnl_Id="439">
<LocList>
<Loc EndOffset="204" SrcFileId="6" StartOffset="168"/>
</LocList>
</BasicStmnt>
<BasicStmnt CovItemId="S2" CovItemPrefix="org.jfree.data.Contains.java" Intrnl_Id="440">
<LocList>
<Loc EndOffset="249" SrcFileId="6" StartOffset="207"/>
</LocList>
</BasicStmnt>
<BasicStmnt CovItemId="S3" CovItemPrefix="org.jfree.data.Contains.java" Intrnl_Id="441">
<LocList>
<Loc EndOffset="283" SrcFileId="6" StartOffset="252"/>
</LocList>
</BasicStmnt>
</StmntSeq>
</HierarchyLvl>
<HierarchyLvl HierarchyLvlId="49" HierarchyLvlTypeId="13" Intrnl_Id="442" Name="lowerBound">
<Header>
<Loc EndOffset="320" SrcFileId="6" StartOffset="289"/>
</Header>
<LocList>
<Loc EndOffset="443" SrcFileId="6" StartOffset="289"/>
</LocList>
<StmntSeq Intrnl_Id="443">
<LocList>
<Loc EndOffset="361" SrcFileId="6" StartOffset="325"/>
<Loc EndOffset="406" SrcFileId="6" StartOffset="364"/>
<Loc EndOffset="440" SrcFileId="6" StartOffset="409"/>
</LocList>
<BasicStmnt CovItemId="S4" CovItemPrefix="org.jfree.data.Contains.java" Intrnl_Id="444">
<LocList>
<Loc EndOffset="361" SrcFileId="6" StartOffset="325"/>
</LocList>
</BasicStmnt>
<BasicStmnt CovItemId="S5" CovItemPrefix="org.jfree.data.Contains.java" Intrnl_Id="445">
<LocList>
<Loc EndOffset="406" SrcFileId="6" StartOffset="364"/>
</LocList>
</BasicStmnt>
<BasicStmnt CovItemId="S6" CovItemPrefix="org.jfree.data.Contains.java" Intrnl_Id="446">
<LocList>
<Loc EndOffset="440" SrcFileId="6" StartOffset="409"/>
</LocList>
</BasicStmnt>
</StmntSeq>
</HierarchyLvl>
<HierarchyLvl HierarchyLvlId="50" HierarchyLvlTypeId="13" Intrnl_Id="447" Name="centerOfRange">
<Header>
<Loc EndOffset="480" SrcFileId="6" StartOffset="446"/>
</Header>
<LocList>
<Loc EndOffset="602" SrcFileId="6" StartOffset="446"/>
</LocList>
<StmntSeq Intrnl_Id="448">
<LocList>
<Loc EndOffset="520" SrcFileId="6" StartOffset="485"/>
<Loc EndOffset="565" SrcFileId="6" StartOffset="523"/>
<Loc EndOffset="599" SrcFileId="6" StartOffset="568"/>
</LocList>
<BasicStmnt CovItemId="S7" CovItemPrefix="org.jfree.data.Contains.java" Intrnl_Id="449">
<LocList>
<Loc EndOffset="520" SrcFileId="6" StartOffset="485"/>
</LocList>
</BasicStmnt>
<BasicStmnt CovItemId="S8" CovItemPrefix="org.jfree.data.Contains.java" Intrnl_Id="450">
<LocList>
<Loc EndOffset="565" SrcFileId="6" StartOffset="523"/>
</LocList>
</BasicStmnt>
<BasicStmnt CovItemId="S9" CovItemPrefix="org.jfree.data.Contains.java" Intrnl_Id="451">
<LocList>
<Loc EndOffset="599" SrcFileId="6" StartOffset="568"/>
</LocList>
</BasicStmnt>
</StmntSeq>
</HierarchyLvl>
<HierarchyLvl HierarchyLvlId="51" HierarchyLvlTypeId="13" Intrnl_Id="452" Name="upperBound">
<Header>
<Loc EndOffset="636" SrcFileId="6" StartOffset="605"/>
</Header>
<LocList>
<Loc EndOffset="760" SrcFileId="6" StartOffset="605"/>
</LocList>
<StmntSeq Intrnl_Id="453">
<LocList>
<Loc EndOffset="677" SrcFileId="6" StartOffset="641"/>
<Loc EndOffset="723" SrcFileId="6" StartOffset="680"/>
<Loc EndOffset="757" SrcFileId="6" StartOffset="726"/>
</LocList>
<BasicStmnt CovItemId="S10" CovItemPrefix="org.jfree.data.Contains.java" Intrnl_Id="454">
<LocList>
<Loc EndOffset="677" SrcFileId="6" StartOffset="641"/>
</LocList>
</BasicStmnt>
<BasicStmnt CovItemId="S11" CovItemPrefix="org.jfree.data.Contains.java" Intrnl_Id="455">
<LocList>
<Loc EndOffset="723" SrcFileId="6" StartOffset="680"/>
</LocList>
</BasicStmnt>
<BasicStmnt CovItemId="S12" CovItemPrefix="org.jfree.data.Contains.java" Intrnl_Id="456">
<LocList>
<Loc EndOffset="757" SrcFileId="6" StartOffset="726"/>
</LocList>
</BasicStmnt>
</StmntSeq>
</HierarchyLvl>
<HierarchyLvl HierarchyLvlId="52" HierarchyLvlTypeId="13" Intrnl_Id="457" Name="oneOverUpperBound">
<Header>
<Loc EndOffset="801" SrcFileId="6" StartOffset="763"/>
</Header>
<LocList>
<Loc EndOffset="926" SrcFileId="6" StartOffset="763"/>
</LocList>
<StmntSeq Intrnl_Id="458">
<LocList>
<Loc EndOffset="842" SrcFileId="6" StartOffset="806"/>
<Loc EndOffset="889" SrcFileId="6" StartOffset="845"/>
<Loc EndOffset="923" SrcFileId="6" StartOffset="892"/>
</LocList>
<BasicStmnt CovItemId="S13" CovItemPrefix="org.jfree.data.Contains.java" Intrnl_Id="459">
<LocList>
<Loc EndOffset="842" SrcFileId="6" StartOffset="806"/>
</LocList>
</BasicStmnt>
<BasicStmnt CovItemId="S14" CovItemPrefix="org.jfree.data.Contains.java" Intrnl_Id="460">
<LocList>
<Loc EndOffset="889" SrcFileId="6" StartOffset="845"/>
</LocList>
</BasicStmnt>
<BasicStmnt CovItemId="S15" CovItemPrefix="org.jfree.data.Contains.java" Intrnl_Id="461">
<LocList>
<Loc EndOffset="923" SrcFileId="6" StartOffset="892"/>
</LocList>
</BasicStmnt>
</StmntSeq>
</HierarchyLvl>
</HierarchyLvl>
<HierarchyLvl HierarchyLvlId="61" HierarchyLvlTypeId="12" Intrnl_Id="462" Name="Constrain">
<Header>
<Loc EndOffset="117" SrcFileId="7" StartOffset="95"/>
</Header>
<LocList>
<Loc EndOffset="1819" SrcFileId="7" StartOffset="95"/>
</LocList>
<HierarchyLvl HierarchyLvlId="54" HierarchyLvlTypeId="13" Intrnl_Id="463" Name="tenLessThanLowerBound">
<Header>
<Loc EndOffset="164" SrcFileId="7" StartOffset="122"/>
</Header>
<LocList>
<Loc EndOffset="426" SrcFileId="7" StartOffset="122"/>
</LocList>
<StmntSeq Intrnl_Id="464">
<LocList>
<Loc EndOffset="207" SrcFileId="7" StartOffset="169"/>
<Loc EndOffset="237" SrcFileId="7" StartOffset="210"/>
<Loc EndOffset="288" SrcFileId="7" StartOffset="249"/>
<Loc EndOffset="340" SrcFileId="7" StartOffset="240"/>
<Loc EndOffset="419" SrcFileId="7" StartOffset="354"/>
</LocList>
<BasicStmnt CovItemId="S1" CovItemPrefix="org.jfree.data.Constrain.java" Intrnl_Id="465">
<LocList>
<Loc EndOffset="207" SrcFileId="7" StartOffset="169"/>
</LocList>
</BasicStmnt>
<BasicStmnt CovItemId="S2" CovItemPrefix="org.jfree.data.Constrain.java" Intrnl_Id="466">
<LocList>
<Loc EndOffset="237" SrcFileId="7" StartOffset="210"/>
</LocList>
</BasicStmnt>
<BasicStmnt CovItemId="S4" CovItemPrefix="org.jfree.data.Constrain.java" Intrnl_Id="467">
<LocList>
<Loc EndOffset="288" SrcFileId="7" StartOffset="249"/>
</LocList>
</BasicStmnt>
<CondStmnt CovItemId="S3" CovItemPrefix="org.jfree.data.Constrain.java" Intrnl_Id="468">
<Branch CovItemId="B1" CovItemPrefix="org.jfree.data.Constrain.java" Implct="true" Intrnl_Id="469">
<Cond/>
<LocList/>
<StmntSeq Intrnl_Id="470">
<LocList/>
</StmntSeq>
</Branch>
<Branch CovItemId="B2" CovItemPrefix="org.jfree.data.Constrain.java" Implct="false" Intrnl_Id="471">
<Cond>
<Loc EndOffset="312" SrcFileId="7" StartOffset="293"/>
</Cond>
<LocList>
<Loc EndOffset="340" SrcFileId="7" StartOffset="313"/>
</LocList>
<StmntSeq Intrnl_Id="472">
<LocList>
<Loc EndOffset="336" SrcFileId="7" StartOffset="318"/>
</LocList>
<BasicStmnt CovItemId="S5" CovItemPrefix="org.jfree.data.Constrain.java" Intrnl_Id="473">
<LocList>
<Loc EndOffset="336" SrcFileId="7" StartOffset="318"/>
</LocList>
</BasicStmnt>
</StmntSeq>
</Branch>
<Keyword EndOffset="243" SrcFileId="7" StartOffset="240"/>
<LocList>
<Loc EndOffset="340" SrcFileId="7" StartOffset="240"/>
</LocList>
</CondStmnt>
<BasicStmnt CovItemId="S6" CovItemPrefix="org.jfree.data.Constrain.java" Intrnl_Id="474">
<LocList>
<Loc EndOffset="419" SrcFileId="7" StartOffset="354"/>
</LocList>
</BasicStmnt>
</StmntSeq>
</HierarchyLvl>
<HierarchyLvl HierarchyLvlId="55" HierarchyLvlTypeId="13" Intrnl_Id="475" Name="oneLessThanLowerBound">
<Header>
<Loc EndOffset="471" SrcFileId="7" StartOffset="429"/>
</Header>
<LocList>
<Loc EndOffset="733" SrcFileId="7" StartOffset="429"/>
</LocList>
<StmntSeq Intrnl_Id="476">
<LocList>
<Loc EndOffset="514" SrcFileId="7" StartOffset="476"/>
<Loc EndOffset="544" SrcFileId="7" StartOffset="517"/>
<Loc EndOffset="595" SrcFileId="7" StartOffset="556"/>
<Loc EndOffset="647" SrcFileId="7" StartOffset="547"/>
<Loc EndOffset="726" SrcFileId="7" StartOffset="661"/>
</LocList>
<BasicStmnt CovItemId="S7" CovItemPrefix="org.jfree.data.Constrain.java" Intrnl_Id="477">
<LocList>
<Loc EndOffset="514" SrcFileId="7" StartOffset="476"/>
</LocList>
</BasicStmnt>
<BasicStmnt CovItemId="S8" CovItemPrefix="org.jfree.data.Constrain.java" Intrnl_Id="478">
<LocList>
<Loc EndOffset="544" SrcFileId="7" StartOffset="517"/>
</LocList>
</BasicStmnt>
<BasicStmnt CovItemId="S10" CovItemPrefix="org.jfree.data.Constrain.java" Intrnl_Id="479">
<LocList>
<Loc EndOffset="595" SrcFileId="7" StartOffset="556"/>
</LocList>
</BasicStmnt>
<CondStmnt CovItemId="S9" CovItemPrefix="org.jfree.data.Constrain.java" Intrnl_Id="480">
<Branch CovItemId="B3" CovItemPrefix="org.jfree.data.Constrain.java" Implct="true" Intrnl_Id="481">
<Cond/>
<LocList/>
<StmntSeq Intrnl_Id="482">
<LocList/>
</StmntSeq>
</Branch>
<Branch CovItemId="B4" CovItemPrefix="org.jfree.data.Constrain.java" Implct="false" Intrnl_Id="483">
<Cond>
<Loc EndOffset="619" SrcFileId="7" StartOffset="600"/>
</Cond>
<LocList>
<Loc EndOffset="647" SrcFileId="7" StartOffset="620"/>
</LocList>
<StmntSeq Intrnl_Id="484">
<LocList>
<Loc EndOffset="643" SrcFileId="7" StartOffset="625"/>
</LocList>
<BasicStmnt CovItemId="S11" CovItemPrefix="org.jfree.data.Constrain.java" Intrnl_Id="485">
<LocList>
<Loc EndOffset="643" SrcFileId="7" StartOffset="625"/>
</LocList>
</BasicStmnt>
</StmntSeq>
</Branch>
<Keyword EndOffset="550" SrcFileId="7" StartOffset="547"/>
<LocList>
<Loc EndOffset="647" SrcFileId="7" StartOffset="547"/>
</LocList>
</CondStmnt>
<BasicStmnt CovItemId="S12" CovItemPrefix="org.jfree.data.Constrain.java" Intrnl_Id="486">
<LocList>
<Loc EndOffset="726" SrcFileId="7" StartOffset="661"/>
</LocList>
</BasicStmnt>
</StmntSeq>
</HierarchyLvl>
<HierarchyLvl HierarchyLvlId="56" HierarchyLvlTypeId="13" Intrnl_Id="487" Name="oneMoreThanUpperBound">
<Header>
<Loc EndOffset="778" SrcFileId="7" StartOffset="736"/>
</Header>
<LocList>
<Loc EndOffset="1041" SrcFileId="7" StartOffset="736"/>
</LocList>
<StmntSeq Intrnl_Id="488">
<LocList>
<Loc EndOffset="821" SrcFileId="7" StartOffset="783"/>
<Loc EndOffset="851" SrcFileId="7" StartOffset="824"/>
<Loc EndOffset="903" SrcFileId="7" StartOffset="863"/>
<Loc EndOffset="955" SrcFileId="7" StartOffset="854"/>
<Loc EndOffset="1034" SrcFileId="7" StartOffset="969"/>
</LocList>
<BasicStmnt CovItemId="S13" CovItemPrefix="org.jfree.data.Constrain.java" Intrnl_Id="489">
<LocList>
<Loc EndOffset="821" SrcFileId="7" StartOffset="783"/>
</LocList>
</BasicStmnt>
<BasicStmnt CovItemId="S14" CovItemPrefix="org.jfree.data.Constrain.java" Intrnl_Id="490">
<LocList>
<Loc EndOffset="851" SrcFileId="7" StartOffset="824"/>
</LocList>
</BasicStmnt>
<BasicStmnt CovItemId="S16" CovItemPrefix="org.jfree.data.Constrain.java" Intrnl_Id="491">
<LocList>
<Loc EndOffset="903" SrcFileId="7" StartOffset="863"/>
</LocList>
</BasicStmnt>
<CondStmnt CovItemId="S15" CovItemPrefix="org.jfree.data.Constrain.java" Intrnl_Id="492">
<Branch CovItemId="B5" CovItemPrefix="org.jfree.data.Constrain.java" Implct="true" Intrnl_Id="493">
<Cond/>
<LocList/>
<StmntSeq Intrnl_Id="494">
<LocList/>
</StmntSeq>
</Branch>
<Branch CovItemId="B6" CovItemPrefix="org.jfree.data.Constrain.java" Implct="false" Intrnl_Id="495">
<Cond>
<Loc EndOffset="927" SrcFileId="7" StartOffset="908"/>
</Cond>
<LocList>
<Loc EndOffset="955" SrcFileId="7" StartOffset="928"/>
</LocList>
<StmntSeq Intrnl_Id="496">
<LocList>
<Loc EndOffset="951" SrcFileId="7" StartOffset="933"/>
</LocList>
<BasicStmnt CovItemId="S17" CovItemPrefix="org.jfree.data.Constrain.java" Intrnl_Id="497">
<LocList>
<Loc EndOffset="951" SrcFileId="7" StartOffset="933"/>
</LocList>
</BasicStmnt>
</StmntSeq>
</Branch>
<Keyword EndOffset="857" SrcFileId="7" StartOffset="854"/>
<LocList>
<Loc EndOffset="955" SrcFileId="7" StartOffset="854"/>
</LocList>
</CondStmnt>
<BasicStmnt CovItemId="S18" CovItemPrefix="org.jfree.data.Constrain.java" Intrnl_Id="498">
<LocList>
<Loc EndOffset="1034" SrcFileId="7" StartOffset="969"/>
</LocList>
</BasicStmnt>
</StmntSeq>
</HierarchyLvl>
<HierarchyLvl HierarchyLvlId="57" HierarchyLvlTypeId="13" Intrnl_Id="499" Name="tenMoreThanUpperBound">
<Header>
<Loc EndOffset="1086" SrcFileId="7" StartOffset="1044"/>
</Header>
<LocList>
<Loc EndOffset="1349" SrcFileId="7" StartOffset="1044"/>
</LocList>
<StmntSeq Intrnl_Id="500">
<LocList>
<Loc EndOffset="1129" SrcFileId="7" StartOffset="1091"/>
<Loc EndOffset="1159" SrcFileId="7" StartOffset="1132"/>
<Loc EndOffset="1211" SrcFileId="7" StartOffset="1171"/>
<Loc EndOffset="1263" SrcFileId="7" StartOffset="1162"/>
<Loc EndOffset="1342" SrcFileId="7" StartOffset="1277"/>
</LocList>
<BasicStmnt CovItemId="S19" CovItemPrefix="org.jfree.data.Constrain.java" Intrnl_Id="501">
<LocList>
<Loc EndOffset="1129" SrcFileId="7" StartOffset="1091"/>
</LocList>
</BasicStmnt>
<BasicStmnt CovItemId="S20" CovItemPrefix="org.jfree.data.Constrain.java" Intrnl_Id="502">
<LocList>
<Loc EndOffset="1159" SrcFileId="7" StartOffset="1132"/>
</LocList>
</BasicStmnt>
<BasicStmnt CovItemId="S22" CovItemPrefix="org.jfree.data.Constrain.java" Intrnl_Id="503">
<LocList>
<Loc EndOffset="1211" SrcFileId="7" StartOffset="1171"/>
</LocList>
</BasicStmnt>
<CondStmnt CovItemId="S21" CovItemPrefix="org.jfree.data.Constrain.java" Intrnl_Id="504">
<Branch CovItemId="B7" CovItemPrefix="org.jfree.data.Constrain.java" Implct="true" Intrnl_Id="505">
<Cond/>
<LocList/>
<StmntSeq Intrnl_Id="506">
<LocList/>
</StmntSeq>
</Branch>
<Branch CovItemId="B8" CovItemPrefix="org.jfree.data.Constrain.java" Implct="false" Intrnl_Id="507">
<Cond>
<Loc EndOffset="1235" SrcFileId="7" StartOffset="1216"/>
</Cond>
<LocList>
<Loc EndOffset="1263" SrcFileId="7" StartOffset="1236"/>
</LocList>
<StmntSeq Intrnl_Id="508">
<LocList>
<Loc EndOffset="1259" SrcFileId="7" StartOffset="1241"/>
</LocList>
<BasicStmnt CovItemId="S23" CovItemPrefix="org.jfree.data.Constrain.java" Intrnl_Id="509">
<LocList>
<Loc EndOffset="1259" SrcFileId="7" StartOffset="1241"/>
</LocList>
</BasicStmnt>
</StmntSeq>
</Branch>
<Keyword EndOffset="1165" SrcFileId="7" StartOffset="1162"/>
<LocList>
<Loc EndOffset="1263" SrcFileId="7" StartOffset="1162"/>
</LocList>
</CondStmnt>
<BasicStmnt CovItemId="S24" CovItemPrefix="org.jfree.data.Constrain.java" Intrnl_Id="510">
<LocList>
<Loc EndOffset="1342" SrcFileId="7" StartOffset="1277"/>
</LocList>
</BasicStmnt>
</StmntSeq>
</HierarchyLvl>
<HierarchyLvl HierarchyLvlId="58" HierarchyLvlTypeId="13" Intrnl_Id="511" Name="upperBound">
<Header>
<Loc EndOffset="1383" SrcFileId="7" StartOffset="1352"/>
</Header>
<LocList>
<Loc EndOffset="1506" SrcFileId="7" StartOffset="1352"/>
</LocList>
<StmntSeq Intrnl_Id="512">
<LocList>
<Loc EndOffset="1426" SrcFileId="7" StartOffset="1388"/>
<Loc EndOffset="1469" SrcFileId="7" StartOffset="1429"/>
<Loc EndOffset="1503" SrcFileId="7" StartOffset="1472"/>
</LocList>
<BasicStmnt CovItemId="S25" CovItemPrefix="org.jfree.data.Constrain.java" Intrnl_Id="513">
<LocList>
<Loc EndOffset="1426" SrcFileId="7" StartOffset="1388"/>
</LocList>
</BasicStmnt>
<BasicStmnt CovItemId="S26" CovItemPrefix="org.jfree.data.Constrain.java" Intrnl_Id="514">
<LocList>
<Loc EndOffset="1469" SrcFileId="7" StartOffset="1429"/>
</LocList>
</BasicStmnt>
<BasicStmnt CovItemId="S27" CovItemPrefix="org.jfree.data.Constrain.java" Intrnl_Id="515">
<LocList>
<Loc EndOffset="1503" SrcFileId="7" StartOffset="1472"/>
</LocList>
</BasicStmnt>
</StmntSeq>
</HierarchyLvl>
<HierarchyLvl HierarchyLvlId="59" HierarchyLvlTypeId="13" Intrnl_Id="516" Name="lowerBound">
<Header>
<Loc EndOffset="1540" SrcFileId="7" StartOffset="1509"/>
</Header>
<LocList>
<Loc EndOffset="1661" SrcFileId="7" StartOffset="1509"/>
</LocList>
<StmntSeq Intrnl_Id="517">
<LocList>
<Loc EndOffset="1583" SrcFileId="7" StartOffset="1545"/>
<Loc EndOffset="1625" SrcFileId="7" StartOffset="1586"/>
<Loc EndOffset="1658" SrcFileId="7" StartOffset="1628"/>
</LocList>
<BasicStmnt CovItemId="S28" CovItemPrefix="org.jfree.data.Constrain.java" Intrnl_Id="518">
<LocList>
<Loc EndOffset="1583" SrcFileId="7" StartOffset="1545"/>
</LocList>
</BasicStmnt>
<BasicStmnt CovItemId="S29" CovItemPrefix="org.jfree.data.Constrain.java" Intrnl_Id="519">
<LocList>
<Loc EndOffset="1625" SrcFileId="7" StartOffset="1586"/>
</LocList>
</BasicStmnt>
<BasicStmnt CovItemId="S30" CovItemPrefix="org.jfree.data.Constrain.java" Intrnl_Id="520">
<LocList>
<Loc EndOffset="1658" SrcFileId="7" StartOffset="1628"/>
</LocList>
</BasicStmnt>
</StmntSeq>
</HierarchyLvl>
<HierarchyLvl HierarchyLvlId="60" HierarchyLvlTypeId="13" Intrnl_Id="521" Name="centralValue">
<Header>
<Loc EndOffset="1697" SrcFileId="7" StartOffset="1664"/>
</Header>
<LocList>
<Loc EndOffset="1817" SrcFileId="7" StartOffset="1664"/>
</LocList>
<StmntSeq Intrnl_Id="522">
<LocList>
<Loc EndOffset="1739" SrcFileId="7" StartOffset="1702"/>
<Loc EndOffset="1781" SrcFileId="7" StartOffset="1742"/>
<Loc EndOffset="1814" SrcFileId="7" StartOffset="1784"/>
</LocList>
<BasicStmnt CovItemId="S31" CovItemPrefix="org.jfree.data.Constrain.java" Intrnl_Id="523">
<LocList>
<Loc EndOffset="1739" SrcFileId="7" StartOffset="1702"/>
</LocList>
</BasicStmnt>
<BasicStmnt CovItemId="S32" CovItemPrefix="org.jfree.data.Constrain.java" Intrnl_Id="524">
<LocList>
<Loc EndOffset="1781" SrcFileId="7" StartOffset="1742"/>
</LocList>
</BasicStmnt>
<BasicStmnt CovItemId="S33" CovItemPrefix="org.jfree.data.Constrain.java" Intrnl_Id="525">
<LocList>
<Loc EndOffset="1814" SrcFileId="7" StartOffset="1784"/>
</LocList>
</BasicStmnt>
</StmntSeq>
</HierarchyLvl>
</HierarchyLvl>
<HierarchyLvl HierarchyLvlId="70" HierarchyLvlTypeId="12" Intrnl_Id="526" Name="Combine">
<Header>
<Loc EndOffset="165" SrcFileId="8" StartOffset="145"/>
</Header>
<LocList>
<Loc EndOffset="2819" SrcFileId="8" StartOffset="145"/>
</LocList>
<HierarchyLvl HierarchyLvlId="62" HierarchyLvlTypeId="13" Intrnl_Id="527" Name="firstRangeNullSecondNot">
<Header>
<Loc EndOffset="214" SrcFileId="8" StartOffset="170"/>
</Header>
<LocList>
<Loc EndOffset="528" SrcFileId="8" StartOffset="170"/>
</LocList>
<StmntSeq Intrnl_Id="528">
<LocList>
<Loc EndOffset="246" SrcFileId="8" StartOffset="219"/>
<Loc EndOffset="269" SrcFileId="8" StartOffset="249"/>
<Loc EndOffset="307" SrcFileId="8" StartOffset="272"/>
<Loc EndOffset="374" SrcFileId="8" StartOffset="335"/>
<Loc EndOffset="442" SrcFileId="8" StartOffset="326"/>
<Loc EndOffset="521" SrcFileId="8" StartOffset="456"/>
</LocList>
<BasicStmnt CovItemId="S1" CovItemPrefix="org.jfree.data.Combine.java" Intrnl_Id="529">
<LocList>
<Loc EndOffset="246" SrcFileId="8" StartOffset="219"/>
</LocList>
</BasicStmnt>
<BasicStmnt CovItemId="S2" CovItemPrefix="org.jfree.data.Combine.java" Intrnl_Id="530">
<LocList>
<Loc EndOffset="269" SrcFileId="8" StartOffset="249"/>
</LocList>
</BasicStmnt>
<BasicStmnt CovItemId="S3" CovItemPrefix="org.jfree.data.Combine.java" Intrnl_Id="531">
<LocList>
<Loc EndOffset="307" SrcFileId="8" StartOffset="272"/>
</LocList>
</BasicStmnt>
<BasicStmnt CovItemId="S5" CovItemPrefix="org.jfree.data.Combine.java" Intrnl_Id="532">
<LocList>
<Loc EndOffset="374" SrcFileId="8" StartOffset="335"/>
</LocList>
</BasicStmnt>
<CondStmnt CovItemId="S4" CovItemPrefix="org.jfree.data.Combine.java" Intrnl_Id="533">
<Branch CovItemId="B1" CovItemPrefix="org.jfree.data.Combine.java" Implct="true" Intrnl_Id="534">
<Cond/>
<LocList/>
<StmntSeq Intrnl_Id="535">
<LocList/>
</StmntSeq>
</Branch>
<Branch CovItemId="B2" CovItemPrefix="org.jfree.data.Combine.java" Implct="false" Intrnl_Id="536">
<Cond>
<Loc EndOffset="414" SrcFileId="8" StartOffset="379"/>
</Cond>
<LocList>
<Loc EndOffset="442" SrcFileId="8" StartOffset="415"/>
</LocList>
<StmntSeq Intrnl_Id="537">
<LocList>
<Loc EndOffset="438" SrcFileId="8" StartOffset="420"/>
</LocList>
<BasicStmnt CovItemId="S6" CovItemPrefix="org.jfree.data.Combine.java" Intrnl_Id="538">
<LocList>
<Loc EndOffset="438" SrcFileId="8" StartOffset="420"/>
</LocList>
</BasicStmnt>
</StmntSeq>
</Branch>
<Keyword EndOffset="329" SrcFileId="8" StartOffset="326"/>
<LocList>
<Loc EndOffset="442" SrcFileId="8" StartOffset="326"/>
</LocList>
</CondStmnt>
<BasicStmnt CovItemId="S7" CovItemPrefix="org.jfree.data.Combine.java" Intrnl_Id="539">
<LocList>
<Loc EndOffset="521" SrcFileId="8" StartOffset="456"/>
</LocList>
</BasicStmnt>
</StmntSeq>
</HierarchyLvl>
<HierarchyLvl HierarchyLvlId="63" HierarchyLvlTypeId="13" Intrnl_Id="540" Name="secondRangeNullFirstNot">
<Header>
<Loc EndOffset="575" SrcFileId="8" StartOffset="531"/>
</Header>
<LocList>
<Loc EndOffset="889" SrcFileId="8" StartOffset="531"/>
</LocList>
<StmntSeq Intrnl_Id="541">
<LocList>
<Loc EndOffset="607" SrcFileId="8" StartOffset="580"/>
<Loc EndOffset="645" SrcFileId="8" StartOffset="610"/>
<Loc EndOffset="668" SrcFileId="8" StartOffset="648"/>
<Loc EndOffset="735" SrcFileId="8" StartOffset="696"/>
<Loc EndOffset="803" SrcFileId="8" StartOffset="687"/>
<Loc EndOffset="882" SrcFileId="8" StartOffset="817"/>
</LocList>
<BasicStmnt CovItemId="S8" CovItemPrefix="org.jfree.data.Combine.java" Intrnl_Id="542">
<LocList>
<Loc EndOffset="607" SrcFileId="8" StartOffset="580"/>
</LocList>
</BasicStmnt>
<BasicStmnt CovItemId="S9" CovItemPrefix="org.jfree.data.Combine.java" Intrnl_Id="543">
<LocList>
<Loc EndOffset="645" SrcFileId="8" StartOffset="610"/>
</LocList>
</BasicStmnt>
<BasicStmnt CovItemId="S10" CovItemPrefix="org.jfree.data.Combine.java" Intrnl_Id="544">
<LocList>
<Loc EndOffset="668" SrcFileId="8" StartOffset="648"/>
</LocList>
</BasicStmnt>
<BasicStmnt CovItemId="S12" CovItemPrefix="org.jfree.data.Combine.java" Intrnl_Id="545">
<LocList>
<Loc EndOffset="735" SrcFileId="8" StartOffset="696"/>
</LocList>
</BasicStmnt>
<CondStmnt CovItemId="S11" CovItemPrefix="org.jfree.data.Combine.java" Intrnl_Id="546">
<Branch CovItemId="B3" CovItemPrefix="org.jfree.data.Combine.java" Implct="true" Intrnl_Id="547">
<Cond/>
<LocList/>
<StmntSeq Intrnl_Id="548">
<LocList/>
</StmntSeq>
</Branch>
<Branch CovItemId="B4" CovItemPrefix="org.jfree.data.Combine.java" Implct="false" Intrnl_Id="549">
<Cond>
<Loc EndOffset="775" SrcFileId="8" StartOffset="740"/>
</Cond>
<LocList>
<Loc EndOffset="803" SrcFileId="8" StartOffset="776"/>
</LocList>
<StmntSeq Intrnl_Id="550">
<LocList>
<Loc EndOffset="799" SrcFileId="8" StartOffset="781"/>
</LocList>
<BasicStmnt CovItemId="S13" CovItemPrefix="org.jfree.data.Combine.java" Intrnl_Id="551">
<LocList>
<Loc EndOffset="799" SrcFileId="8" StartOffset="781"/>
</LocList>
</BasicStmnt>
</StmntSeq>
</Branch>
<Keyword EndOffset="690" SrcFileId="8" StartOffset="687"/>
<LocList>
<Loc EndOffset="803" SrcFileId="8" StartOffset="687"/>
</LocList>
</CondStmnt>
<BasicStmnt CovItemId="S14" CovItemPrefix="org.jfree.data.Combine.java" Intrnl_Id="552">
<LocList>
<Loc EndOffset="882" SrcFileId="8" StartOffset="817"/>
</LocList>
</BasicStmnt>
</StmntSeq>
</HierarchyLvl>
<HierarchyLvl HierarchyLvlId="64" HierarchyLvlTypeId="13" Intrnl_Id="553" Name="bothRangesNull">
<Header>
<Loc EndOffset="927" SrcFileId="8" StartOffset="892"/>
</Header>
<LocList>
<Loc EndOffset="1226" SrcFileId="8" StartOffset="892"/>
</LocList>
<StmntSeq Intrnl_Id="554">
<LocList>
<Loc EndOffset="959" SrcFileId="8" StartOffset="932"/>
<Loc EndOffset="982" SrcFileId="8" StartOffset="962"/>
<Loc EndOffset="1005" SrcFileId="8" StartOffset="985"/>
<Loc EndOffset="1072" SrcFileId="8" StartOffset="1033"/>
<Loc EndOffset="1140" SrcFileId="8" StartOffset="1024"/>
<Loc EndOffset="1219" SrcFileId="8" StartOffset="1154"/>
</LocList>
<BasicStmnt CovItemId="S15" CovItemPrefix="org.jfree.data.Combine.java" Intrnl_Id="555">
<LocList>
<Loc EndOffset="959" SrcFileId="8" StartOffset="932"/>
</LocList>
</BasicStmnt>
<BasicStmnt CovItemId="S16" CovItemPrefix="org.jfree.data.Combine.java" Intrnl_Id="556">
<LocList>
<Loc EndOffset="982" SrcFileId="8" StartOffset="962"/>
</LocList>
</BasicStmnt>
<BasicStmnt CovItemId="S17" CovItemPrefix="org.jfree.data.Combine.java" Intrnl_Id="557">
<LocList>
<Loc EndOffset="1005" SrcFileId="8" StartOffset="985"/>
</LocList>
</BasicStmnt>
<BasicStmnt CovItemId="S19" CovItemPrefix="org.jfree.data.Combine.java" Intrnl_Id="558">
<LocList>
<Loc EndOffset="1072" SrcFileId="8" StartOffset="1033"/>
</LocList>
</BasicStmnt>
<CondStmnt CovItemId="S18" CovItemPrefix="org.jfree.data.Combine.java" Intrnl_Id="559">
<Branch CovItemId="B5" CovItemPrefix="org.jfree.data.Combine.java" Implct="true" Intrnl_Id="560">
<Cond/>
<LocList/>
<StmntSeq Intrnl_Id="561">
<LocList/>
</StmntSeq>
</Branch>
<Branch CovItemId="B6" CovItemPrefix="org.jfree.data.Combine.java" Implct="false" Intrnl_Id="562">
<Cond>
<Loc EndOffset="1112" SrcFileId="8" StartOffset="1077"/>
</Cond>
<LocList>
<Loc EndOffset="1140" SrcFileId="8" StartOffset="1113"/>
</LocList>
<StmntSeq Intrnl_Id="563">
<LocList>
<Loc EndOffset="1136" SrcFileId="8" StartOffset="1118"/>
</LocList>
<BasicStmnt CovItemId="S20" CovItemPrefix="org.jfree.data.Combine.java" Intrnl_Id="564">
<LocList>
<Loc EndOffset="1136" SrcFileId="8" StartOffset="1118"/>
</LocList>
</BasicStmnt>
</StmntSeq>
</Branch>
<Keyword EndOffset="1027" SrcFileId="8" StartOffset="1024"/>
<LocList>
<Loc EndOffset="1140" SrcFileId="8" StartOffset="1024"/>
</LocList>
</CondStmnt>
<BasicStmnt CovItemId="S21" CovItemPrefix="org.jfree.data.Combine.java" Intrnl_Id="565">
<LocList>
<Loc EndOffset="1219" SrcFileId="8" StartOffset="1154"/>
</LocList>
</BasicStmnt>
</StmntSeq>
</HierarchyLvl>
<HierarchyLvl HierarchyLvlId="65" HierarchyLvlTypeId="13" Intrnl_Id="566" Name="rangeOneEqualsRangeTwo">
<Header>
<Loc EndOffset="1272" SrcFileId="8" StartOffset="1229"/>
</Header>
<LocList>
<Loc EndOffset="1545" SrcFileId="8" StartOffset="1229"/>
</LocList>
<StmntSeq Intrnl_Id="567">
<LocList>
<Loc EndOffset="1312" SrcFileId="8" StartOffset="1277"/>
<Loc EndOffset="1350" SrcFileId="8" StartOffset="1315"/>
<Loc EndOffset="1390" SrcFileId="8" StartOffset="1353"/>
<Loc EndOffset="1438" SrcFileId="8" StartOffset="1393"/>
<Loc EndOffset="1468" SrcFileId="8" StartOffset="1441"/>
<Loc EndOffset="1508" SrcFileId="8" StartOffset="1471"/>
<Loc EndOffset="1542" SrcFileId="8" StartOffset="1511"/>
</LocList>
<BasicStmnt CovItemId="S22" CovItemPrefix="org.jfree.data.Combine.java" Intrnl_Id="568">
<LocList>
<Loc EndOffset="1312" SrcFileId="8" StartOffset="1277"/>
</LocList>
</BasicStmnt>
<BasicStmnt CovItemId="S23" CovItemPrefix="org.jfree.data.Combine.java" Intrnl_Id="569">
<LocList>
<Loc EndOffset="1350" SrcFileId="8" StartOffset="1315"/>
</LocList>
</BasicStmnt>
<BasicStmnt CovItemId="S24" CovItemPrefix="org.jfree.data.Combine.java" Intrnl_Id="570">
<LocList>
<Loc EndOffset="1390" SrcFileId="8" StartOffset="1353"/>
</LocList>
</BasicStmnt>
<BasicStmnt CovItemId="S25" CovItemPrefix="org.jfree.data.Combine.java" Intrnl_Id="571">
<LocList>
<Loc EndOffset="1438" SrcFileId="8" StartOffset="1393"/>
</LocList>
</BasicStmnt>
<BasicStmnt CovItemId="S26" CovItemPrefix="org.jfree.data.Combine.java" Intrnl_Id="572">
<LocList>
<Loc EndOffset="1468" SrcFileId="8" StartOffset="1441"/>
</LocList>
</BasicStmnt>
<BasicStmnt CovItemId="S27" CovItemPrefix="org.jfree.data.Combine.java" Intrnl_Id="573">
<LocList>
<Loc EndOffset="1508" SrcFileId="8" StartOffset="1471"/>
</LocList>
</BasicStmnt>
<BasicStmnt CovItemId="S28" CovItemPrefix="org.jfree.data.Combine.java" Intrnl_Id="574">
<LocList>
<Loc EndOffset="1542" SrcFileId="8" StartOffset="1511"/>
</LocList>
</BasicStmnt>
</StmntSeq>
</HierarchyLvl>
<HierarchyLvl HierarchyLvlId="66" HierarchyLvlTypeId="13" Intrnl_Id="575" Name="overlappingRanges">
<Header>
<Loc EndOffset="1586" SrcFileId="8" StartOffset="1548"/>
</Header>
<LocList>
<Loc EndOffset="1859" SrcFileId="8" StartOffset="1548"/>
</LocList>
<StmntSeq Intrnl_Id="576">
<LocList>
<Loc EndOffset="1626" SrcFileId="8" StartOffset="1591"/>
<Loc EndOffset="1664" SrcFileId="8" StartOffset="1629"/>
<Loc EndOffset="1704" SrcFileId="8" StartOffset="1667"/>
<Loc EndOffset="1752" SrcFileId="8" StartOffset="1707"/>
<Loc EndOffset="1782" SrcFileId="8" StartOffset="1755"/>
<Loc EndOffset="1822" SrcFileId="8" StartOffset="1785"/>
<Loc EndOffset="1856" SrcFileId="8" StartOffset="1825"/>
</LocList>
<BasicStmnt CovItemId="S29" CovItemPrefix="org.jfree.data.Combine.java" Intrnl_Id="577">
<LocList>
<Loc EndOffset="1626" SrcFileId="8" StartOffset="1591"/>
</LocList>
</BasicStmnt>
<BasicStmnt CovItemId="S30" CovItemPrefix="org.jfree.data.Combine.java" Intrnl_Id="578">
<LocList>
<Loc EndOffset="1664" SrcFileId="8" StartOffset="1629"/>
</LocList>
</BasicStmnt>
<BasicStmnt CovItemId="S31" CovItemPrefix="org.jfree.data.Combine.java" Intrnl_Id="579">
<LocList>
<Loc EndOffset="1704" SrcFileId="8" StartOffset="1667"/>
</LocList>
</BasicStmnt>
<BasicStmnt CovItemId="S32" CovItemPrefix="org.jfree.data.Combine.java" Intrnl_Id="580">
<LocList>
<Loc EndOffset="1752" SrcFileId="8" StartOffset="1707"/>
</LocList>
</BasicStmnt>
<BasicStmnt CovItemId="S33" CovItemPrefix="org.jfree.data.Combine.java" Intrnl_Id="581">
<LocList>
<Loc EndOffset="1782" SrcFileId="8" StartOffset="1755"/>
</LocList>
</BasicStmnt>
<BasicStmnt CovItemId="S34" CovItemPrefix="org.jfree.data.Combine.java" Intrnl_Id="582">
<LocList>
<Loc EndOffset="1822" SrcFileId="8" StartOffset="1785"/>
</LocList>
</BasicStmnt>
<BasicStmnt CovItemId="S35" CovItemPrefix="org.jfree.data.Combine.java" Intrnl_Id="583">
<LocList>
<Loc EndOffset="1856" SrcFileId="8" StartOffset="1825"/>
</LocList>
</BasicStmnt>
</StmntSeq>
</HierarchyLvl>
<HierarchyLvl HierarchyLvlId="67" HierarchyLvlTypeId="13" Intrnl_Id="584" Name="gapBetweenRanges">
<Header>
<Loc EndOffset="1899" SrcFileId="8" StartOffset="1862"/>
</Header>
<LocList>
<Loc EndOffset="2172" SrcFileId="8" StartOffset="1862"/>
</LocList>
<StmntSeq Intrnl_Id="585">
<LocList>
<Loc EndOffset="1939" SrcFileId="8" StartOffset="1904"/>
<Loc EndOffset="1977" SrcFileId="8" StartOffset="1942"/>
<Loc EndOffset="2017" SrcFileId="8" StartOffset="1980"/>
<Loc EndOffset="2065" SrcFileId="8" StartOffset="2020"/>
<Loc EndOffset="2095" SrcFileId="8" StartOffset="2068"/>
<Loc EndOffset="2135" SrcFileId="8" StartOffset="2098"/>
<Loc EndOffset="2169" SrcFileId="8" StartOffset="2138"/>
</LocList>
<BasicStmnt CovItemId="S36" CovItemPrefix="org.jfree.data.Combine.java" Intrnl_Id="586">
<LocList>
<Loc EndOffset="1939" SrcFileId="8" StartOffset="1904"/>
</LocList>
</BasicStmnt>
<BasicStmnt CovItemId="S37" CovItemPrefix="org.jfree.data.Combine.java" Intrnl_Id="587">
<LocList>
<Loc EndOffset="1977" SrcFileId="8" StartOffset="1942"/>
</LocList>
</BasicStmnt>
<BasicStmnt CovItemId="S38" CovItemPrefix="org.jfree.data.Combine.java" Intrnl_Id="588">
<LocList>
<Loc EndOffset="2017" SrcFileId="8" StartOffset="1980"/>
</LocList>
</BasicStmnt>
<BasicStmnt CovItemId="S39" CovItemPrefix="org.jfree.data.Combine.java" Intrnl_Id="589">
<LocList>
<Loc EndOffset="2065" SrcFileId="8" StartOffset="2020"/>
</LocList>
</BasicStmnt>
<BasicStmnt CovItemId="S40" CovItemPrefix="org.jfree.data.Combine.java" Intrnl_Id="590">
<LocList>
<Loc EndOffset="2095" SrcFileId="8" StartOffset="2068"/>
</LocList>
</BasicStmnt>
<BasicStmnt CovItemId="S41" CovItemPrefix="org.jfree.data.Combine.java" Intrnl_Id="591">
<LocList>
<Loc EndOffset="2135" SrcFileId="8" StartOffset="2098"/>
</LocList>
</BasicStmnt>
<BasicStmnt CovItemId="S42" CovItemPrefix="org.jfree.data.Combine.java" Intrnl_Id="592">
<LocList>
<Loc EndOffset="2169" SrcFileId="8" StartOffset="2138"/>
</LocList>
</BasicStmnt>
</StmntSeq>
</HierarchyLvl>
<HierarchyLvl HierarchyLvlId="68" HierarchyLvlTypeId="13" Intrnl_Id="593" Name="noOverlapNoIntegerGap">
<Header>
<Loc EndOffset="2217" SrcFileId="8" StartOffset="2175"/>
</Header>
<LocList>
<Loc EndOffset="2490" SrcFileId="8" StartOffset="2175"/>
</LocList>
<StmntSeq Intrnl_Id="594">
<LocList>
<Loc EndOffset="2257" SrcFileId="8" StartOffset="2222"/>
<Loc EndOffset="2295" SrcFileId="8" StartOffset="2260"/>
<Loc EndOffset="2335" SrcFileId="8" StartOffset="2298"/>
<Loc EndOffset="2383" SrcFileId="8" StartOffset="2338"/>
<Loc EndOffset="2413" SrcFileId="8" StartOffset="2386"/>
<Loc EndOffset="2453" SrcFileId="8" StartOffset="2416"/>
<Loc EndOffset="2487" SrcFileId="8" StartOffset="2456"/>
</LocList>
<BasicStmnt CovItemId="S43" CovItemPrefix="org.jfree.data.Combine.java" Intrnl_Id="595">
<LocList>
<Loc EndOffset="2257" SrcFileId="8" StartOffset="2222"/>
</LocList>
</BasicStmnt>
<BasicStmnt CovItemId="S44" CovItemPrefix="org.jfree.data.Combine.java" Intrnl_Id="596">
<LocList>
<Loc EndOffset="2295" SrcFileId="8" StartOffset="2260"/>
</LocList>
</BasicStmnt>
<BasicStmnt CovItemId="S45" CovItemPrefix="org.jfree.data.Combine.java" Intrnl_Id="597">
<LocList>
<Loc EndOffset="2335" SrcFileId="8" StartOffset="2298"/>
</LocList>
</BasicStmnt>
<BasicStmnt CovItemId="S46" CovItemPrefix="org.jfree.data.Combine.java" Intrnl_Id="598">
<LocList>
<Loc EndOffset="2383" SrcFileId="8" StartOffset="2338"/>
</LocList>
</BasicStmnt>
<BasicStmnt CovItemId="S47" CovItemPrefix="org.jfree.data.Combine.java" Intrnl_Id="599">
<LocList>
<Loc EndOffset="2413" SrcFileId="8" StartOffset="2386"/>
</LocList>
</BasicStmnt>
<BasicStmnt CovItemId="S48" CovItemPrefix="org.jfree.data.Combine.java" Intrnl_Id="600">
<LocList>
<Loc EndOffset="2453" SrcFileId="8" StartOffset="2416"/>
</LocList>
</BasicStmnt>
<BasicStmnt CovItemId="S49" CovItemPrefix="org.jfree.data.Combine.java" Intrnl_Id="601">
<LocList>
<Loc EndOffset="2487" SrcFileId="8" StartOffset="2456"/>
</LocList>
</BasicStmnt>
</StmntSeq>
</HierarchyLvl>
<HierarchyLvl HierarchyLvlId="69" HierarchyLvlTypeId="13" Intrnl_Id="602" Name="oneNegativeRangeOnePositive">
<Header>
<Loc EndOffset="2541" SrcFileId="8" StartOffset="2493"/>
</Header>
<LocList>
<Loc EndOffset="2817" SrcFileId="8" StartOffset="2493"/>
</LocList>
<StmntSeq Intrnl_Id="603">
<LocList>
<Loc EndOffset="2583" SrcFileId="8" StartOffset="2546"/>
<Loc EndOffset="2621" SrcFileId="8" StartOffset="2586"/>
<Loc EndOffset="2662" SrcFileId="8" StartOffset="2624"/>
<Loc EndOffset="2710" SrcFileId="8" StartOffset="2665"/>
<Loc EndOffset="2740" SrcFileId="8" StartOffset="2713"/>
<Loc EndOffset="2780" SrcFileId="8" StartOffset="2743"/>
<Loc EndOffset="2814" SrcFileId="8" StartOffset="2783"/>
</LocList>
<BasicStmnt CovItemId="S50" CovItemPrefix="org.jfree.data.Combine.java" Intrnl_Id="604">
<LocList>
<Loc EndOffset="2583" SrcFileId="8" StartOffset="2546"/>
</LocList>
</BasicStmnt>
<BasicStmnt CovItemId="S51" CovItemPrefix="org.jfree.data.Combine.java" Intrnl_Id="605">
<LocList>
<Loc EndOffset="2621" SrcFileId="8" StartOffset="2586"/>
</LocList>
</BasicStmnt>
<BasicStmnt CovItemId="S52" CovItemPrefix="org.jfree.data.Combine.java" Intrnl_Id="606">
<LocList>
<Loc EndOffset="2662" SrcFileId="8" StartOffset="2624"/>
</LocList>
</BasicStmnt>
<BasicStmnt CovItemId="S53" CovItemPrefix="org.jfree.data.Combine.java" Intrnl_Id="607">
<LocList>
<Loc EndOffset="2710" SrcFileId="8" StartOffset="2665"/>
</LocList>
</BasicStmnt>
<BasicStmnt CovItemId="S54" CovItemPrefix="org.jfree.data.Combine.java" Intrnl_Id="608">
<LocList>
<Loc EndOffset="2740" SrcFileId="8" StartOffset="2713"/>
</LocList>
</BasicStmnt>
<BasicStmnt CovItemId="S55" CovItemPrefix="org.jfree.data.Combine.java" Intrnl_Id="609">
<LocList>
<Loc EndOffset="2780" SrcFileId="8" StartOffset="2743"/>
</LocList>
</BasicStmnt>
<BasicStmnt CovItemId="S56" CovItemPrefix="org.jfree.data.Combine.java" Intrnl_Id="610">
<LocList>
<Loc EndOffset="2814" SrcFileId="8" StartOffset="2783"/>
</LocList>
</BasicStmnt>
</StmntSeq>
</HierarchyLvl>
</HierarchyLvl>
<HierarchyLvl HierarchyLvlId="84" HierarchyLvlTypeId="12" Intrnl_Id="611" Name="CalculateRowTotal">
<Header>
<Loc EndOffset="232" SrcFileId="9" StartOffset="202"/>
</Header>
<LocList>
<Loc EndOffset="3551" SrcFileId="9" StartOffset="202"/>
</LocList>
<HierarchyLvl HierarchyLvlId="71" HierarchyLvlTypeId="13" Intrnl_Id="612" Name="nullDataObjectPassed">
<Header>
<Loc EndOffset="277" SrcFileId="9" StartOffset="236"/>
</Header>
<LocList>
<Loc EndOffset="519" SrcFileId="9" StartOffset="236"/>
</LocList>
<StmntSeq Intrnl_Id="613">
<LocList>
<Loc EndOffset="309" SrcFileId="9" StartOffset="282"/>
<Loc EndOffset="365" SrcFileId="9" StartOffset="324"/>
<Loc EndOffset="433" SrcFileId="9" StartOffset="315"/>
<Loc EndOffset="512" SrcFileId="9" StartOffset="447"/>
</LocList>
<BasicStmnt CovItemId="S1" CovItemPrefix="org.jfree.data.CalculateRowTotal.java" Intrnl_Id="614">
<LocList>
<Loc EndOffset="309" SrcFileId="9" StartOffset="282"/>
</LocList>
</BasicStmnt>
<BasicStmnt CovItemId="S3" CovItemPrefix="org.jfree.data.CalculateRowTotal.java" Intrnl_Id="615">
<LocList>
<Loc EndOffset="365" SrcFileId="9" StartOffset="324"/>
</LocList>
</BasicStmnt>
<CondStmnt CovItemId="S2" CovItemPrefix="org.jfree.data.CalculateRowTotal.java" Intrnl_Id="616">
<Branch CovItemId="B1" CovItemPrefix="org.jfree.data.CalculateRowTotal.java" Implct="true" Intrnl_Id="617">
<Cond/>
<LocList/>
<StmntSeq Intrnl_Id="618">
<LocList/>
</StmntSeq>
</Branch>
<Branch CovItemId="B2" CovItemPrefix="org.jfree.data.CalculateRowTotal.java" Implct="false" Intrnl_Id="619">
<Cond>
<Loc EndOffset="405" SrcFileId="9" StartOffset="370"/>
</Cond>
<LocList>
<Loc EndOffset="433" SrcFileId="9" StartOffset="406"/>
</LocList>
<StmntSeq Intrnl_Id="620">
<LocList>
<Loc EndOffset="429" SrcFileId="9" StartOffset="411"/>
</LocList>
<BasicStmnt CovItemId="S4" CovItemPrefix="org.jfree.data.CalculateRowTotal.java" Intrnl_Id="621">
<LocList>
<Loc EndOffset="429" SrcFileId="9" StartOffset="411"/>
</LocList>
</BasicStmnt>
</StmntSeq>
</Branch>
<Keyword EndOffset="318" SrcFileId="9" StartOffset="315"/>
<LocList>
<Loc EndOffset="433" SrcFileId="9" StartOffset="315"/>
</LocList>
</CondStmnt>
<BasicStmnt CovItemId="S5" CovItemPrefix="org.jfree.data.CalculateRowTotal.java" Intrnl_Id="622">
<LocList>
<Loc EndOffset="512" SrcFileId="9" StartOffset="447"/>
</LocList>
</BasicStmnt>
</StmntSeq>
</HierarchyLvl>
<HierarchyLvl HierarchyLvlId="73" HierarchyLvlTypeId="13" Intrnl_Id="623" Name="invalidDataPassed">
<Header>
<Loc EndOffset="561" SrcFileId="9" StartOffset="523"/>
</Header>
<LocList>
<Loc EndOffset="1032" SrcFileId="9" StartOffset="523"/>
</LocList>
<StmntSeq Intrnl_Id="624">
<LocList>
<Loc EndOffset="605" SrcFileId="9" StartOffset="566"/>
<Loc EndOffset="668" SrcFileId="9" StartOffset="608"/>
<Loc EndOffset="695" SrcFileId="9" StartOffset="671"/>
<Loc EndOffset="926" SrcFileId="9" StartOffset="924"/>
<Loc EndOffset="988" SrcFileId="9" StartOffset="929"/>
<Loc EndOffset="1029" SrcFileId="9" StartOffset="991"/>
</LocList>
<BasicStmnt CovItemId="S6" CovItemPrefix="org.jfree.data.CalculateRowTotal.java" Intrnl_Id="625">
<LocList>
<Loc EndOffset="605" SrcFileId="9" StartOffset="566"/>
</LocList>
</BasicStmnt>
<BasicStmnt CovItemId="S7" CovItemPrefix="org.jfree.data.CalculateRowTotal.java" Intrnl_Id="626">
<LocList>
<Loc EndOffset="668" SrcFileId="9" StartOffset="608"/>
</LocList>
</BasicStmnt>
<BasicStmnt CovItemId="S8" CovItemPrefix="org.jfree.data.CalculateRowTotal.java" Intrnl_Id="627">
<LocList>
<Loc EndOffset="695" SrcFileId="9" StartOffset="671"/>
<Loc EndOffset="926" SrcFileId="9" StartOffset="924"/>
</LocList>
</BasicStmnt>
<BasicStmnt CovItemId="S15" CovItemPrefix="org.jfree.data.CalculateRowTotal.java" Intrnl_Id="628">
<LocList>
<Loc EndOffset="988" SrcFileId="9" StartOffset="929"/>
</LocList>
</BasicStmnt>
<BasicStmnt CovItemId="S16" CovItemPrefix="org.jfree.data.CalculateRowTotal.java" Intrnl_Id="629">
<LocList>
<Loc EndOffset="1029" SrcFileId="9" StartOffset="991"/>
</LocList>
</BasicStmnt>
</StmntSeq>
<HierarchyLvl HierarchyLvlId="72" HierarchyLvlTypeId="15" Intrnl_Id="630" Name="Expectations">
<Header>
<Loc EndOffset="713" SrcFileId="9" StartOffset="699"/>
</Header>
<LocList>
<Loc EndOffset="924" SrcFileId="9" StartOffset="695"/>
</LocList>
<StmntSeq Intrnl_Id="631">
<LocList>
<Loc EndOffset="754" SrcFileId="9" StartOffset="725"/>
<Loc EndOffset="780" SrcFileId="9" StartOffset="759"/>
<Loc EndOffset="812" SrcFileId="9" StartOffset="785"/>
<Loc EndOffset="845" SrcFileId="9" StartOffset="821"/>
<Loc EndOffset="881" SrcFileId="9" StartOffset="854"/>
<Loc EndOffset="915" SrcFileId="9" StartOffset="890"/>
</LocList>
<BasicStmnt CovItemId="S9" CovItemPrefix="org.jfree.data.CalculateRowTotal.java" Intrnl_Id="632">
<LocList>
<Loc EndOffset="754" SrcFileId="9" StartOffset="725"/>
</LocList>
</BasicStmnt>
<BasicStmnt CovItemId="S10" CovItemPrefix="org.jfree.data.CalculateRowTotal.java" Intrnl_Id="633">
<LocList>
<Loc EndOffset="780" SrcFileId="9" StartOffset="759"/>
</LocList>
</BasicStmnt>
<BasicStmnt CovItemId="S11" CovItemPrefix="org.jfree.data.CalculateRowTotal.java" Intrnl_Id="634">
<LocList>
<Loc EndOffset="812" SrcFileId="9" StartOffset="785"/>
</LocList>
</BasicStmnt>
<BasicStmnt CovItemId="S12" CovItemPrefix="org.jfree.data.CalculateRowTotal.java" Intrnl_Id="635">
<LocList>
<Loc EndOffset="845" SrcFileId="9" StartOffset="821"/>
</LocList>
</BasicStmnt>
<BasicStmnt CovItemId="S13" CovItemPrefix="org.jfree.data.CalculateRowTotal.java" Intrnl_Id="636">
<LocList>
<Loc EndOffset="881" SrcFileId="9" StartOffset="854"/>
</LocList>
</BasicStmnt>
<BasicStmnt CovItemId="S14" CovItemPrefix="org.jfree.data.CalculateRowTotal.java" Intrnl_Id="637">
<LocList>
<Loc EndOffset="915" SrcFileId="9" StartOffset="890"/>
</LocList>
</BasicStmnt>
</StmntSeq>
</HierarchyLvl>
</HierarchyLvl>
<HierarchyLvl HierarchyLvlId="75" HierarchyLvlTypeId="13" Intrnl_Id="638" Name="columnIsLastColumnInTable">
<Header>
<Loc EndOffset="1082" SrcFileId="9" StartOffset="1036"/>
</Header>
<LocList>
<Loc EndOffset="1619" SrcFileId="9" StartOffset="1036"/>
</LocList>
<StmntSeq Intrnl_Id="639">
<LocList>
<Loc EndOffset="1126" SrcFileId="9" StartOffset="1087"/>
<Loc EndOffset="1189" SrcFileId="9" StartOffset="1129"/>
<Loc EndOffset="1216" SrcFileId="9" StartOffset="1192"/>
<Loc EndOffset="1511" SrcFileId="9" StartOffset="1509"/>
<Loc EndOffset="1573" SrcFileId="9" StartOffset="1514"/>
<Loc EndOffset="1616" SrcFileId="9" StartOffset="1576"/>
</LocList>
<BasicStmnt CovItemId="S17" CovItemPrefix="org.jfree.data.CalculateRowTotal.java" Intrnl_Id="640">
<LocList>
<Loc EndOffset="1126" SrcFileId="9" StartOffset="1087"/>
</LocList>
</BasicStmnt>
<BasicStmnt CovItemId="S18" CovItemPrefix="org.jfree.data.CalculateRowTotal.java" Intrnl_Id="641">
<LocList>
<Loc EndOffset="1189" SrcFileId="9" StartOffset="1129"/>
</LocList>
</BasicStmnt>
<BasicStmnt CovItemId="S19" CovItemPrefix="org.jfree.data.CalculateRowTotal.java" Intrnl_Id="642">
<LocList>
<Loc EndOffset="1216" SrcFileId="9" StartOffset="1192"/>
<Loc EndOffset="1511" SrcFileId="9" StartOffset="1509"/>
</LocList>
</BasicStmnt>
<BasicStmnt CovItemId="S28" CovItemPrefix="org.jfree.data.CalculateRowTotal.java" Intrnl_Id="643">
<LocList>
<Loc EndOffset="1573" SrcFileId="9" StartOffset="1514"/>
</LocList>
</BasicStmnt>
<BasicStmnt CovItemId="S29" CovItemPrefix="org.jfree.data.CalculateRowTotal.java" Intrnl_Id="644">
<LocList>
<Loc EndOffset="1616" SrcFileId="9" StartOffset="1576"/>
</LocList>
</BasicStmnt>
</StmntSeq>
<HierarchyLvl HierarchyLvlId="74" HierarchyLvlTypeId="15" Intrnl_Id="645" Name="Expectations">
<Header>
<Loc EndOffset="1234" SrcFileId="9" StartOffset="1220"/>
</Header>
<LocList>
<Loc EndOffset="1509" SrcFileId="9" StartOffset="1216"/>
</LocList>
<StmntSeq Intrnl_Id="646">
<LocList>
<Loc EndOffset="1275" SrcFileId="9" StartOffset="1246"/>
<Loc EndOffset="1301" SrcFileId="9" StartOffset="1280"/>
<Loc EndOffset="1333" SrcFileId="9" StartOffset="1306"/>
<Loc EndOffset="1365" SrcFileId="9" StartOffset="1342"/>
<Loc EndOffset="1401" SrcFileId="9" StartOffset="1374"/>
<Loc EndOffset="1433" SrcFileId="9" StartOffset="1410"/>
<Loc EndOffset="1468" SrcFileId="9" StartOffset="1441"/>
<Loc EndOffset="1500" SrcFileId="9" StartOffset="1477"/>
</LocList>
<BasicStmnt CovItemId="S20" CovItemPrefix="org.jfree.data.CalculateRowTotal.java" Intrnl_Id="647">
<LocList>
<Loc EndOffset="1275" SrcFileId="9" StartOffset="1246"/>
</LocList>
</BasicStmnt>
<BasicStmnt CovItemId="S21" CovItemPrefix="org.jfree.data.CalculateRowTotal.java" Intrnl_Id="648">
<LocList>
<Loc EndOffset="1301" SrcFileId="9" StartOffset="1280"/>
</LocList>
</BasicStmnt>
<BasicStmnt CovItemId="S22" CovItemPrefix="org.jfree.data.CalculateRowTotal.java" Intrnl_Id="649">
<LocList>
<Loc EndOffset="1333" SrcFileId="9" StartOffset="1306"/>
</LocList>
</BasicStmnt>
<BasicStmnt CovItemId="S23" CovItemPrefix="org.jfree.data.CalculateRowTotal.java" Intrnl_Id="650">
<LocList>
<Loc EndOffset="1365" SrcFileId="9" StartOffset="1342"/>
</LocList>
</BasicStmnt>
<BasicStmnt CovItemId="S24" CovItemPrefix="org.jfree.data.CalculateRowTotal.java" Intrnl_Id="651">
<LocList>
<Loc EndOffset="1401" SrcFileId="9" StartOffset="1374"/>
</LocList>
</BasicStmnt>
<BasicStmnt CovItemId="S25" CovItemPrefix="org.jfree.data.CalculateRowTotal.java" Intrnl_Id="652">
<LocList>
<Loc EndOffset="1433" SrcFileId="9" StartOffset="1410"/>
</LocList>
</BasicStmnt>
<BasicStmnt CovItemId="S26" CovItemPrefix="org.jfree.data.CalculateRowTotal.java" Intrnl_Id="653">
<LocList>
<Loc EndOffset="1468" SrcFileId="9" StartOffset="1441"/>
</LocList>
</BasicStmnt>
<BasicStmnt CovItemId="S27" CovItemPrefix="org.jfree.data.CalculateRowTotal.java" Intrnl_Id="654">
<LocList>
<Loc EndOffset="1500" SrcFileId="9" StartOffset="1477"/>
</LocList>
</BasicStmnt>
</StmntSeq>
</HierarchyLvl>
</HierarchyLvl>
<HierarchyLvl HierarchyLvlId="77" HierarchyLvlTypeId="13" Intrnl_Id="655" Name="columnIsFirstInTable">
<Header>
<Loc EndOffset="1664" SrcFileId="9" StartOffset="1623"/>
</Header>
<LocList>
<Loc EndOffset="2201" SrcFileId="9" StartOffset="1623"/>
</LocList>
<StmntSeq Intrnl_Id="656">
<LocList>
<Loc EndOffset="1708" SrcFileId="9" StartOffset="1669"/>
<Loc EndOffset="1771" SrcFileId="9" StartOffset="1711"/>
<Loc EndOffset="1798" SrcFileId="9" StartOffset="1774"/>
<Loc EndOffset="2093" SrcFileId="9" StartOffset="2091"/>
<Loc EndOffset="2155" SrcFileId="9" StartOffset="2096"/>
<Loc EndOffset="2198" SrcFileId="9" StartOffset="2158"/>
</LocList>
<BasicStmnt CovItemId="S30" CovItemPrefix="org.jfree.data.CalculateRowTotal.java" Intrnl_Id="657">
<LocList>
<Loc EndOffset="1708" SrcFileId="9" StartOffset="1669"/>
</LocList>
</BasicStmnt>
<BasicStmnt CovItemId="S31" CovItemPrefix="org.jfree.data.CalculateRowTotal.java" Intrnl_Id="658">
<LocList>
<Loc EndOffset="1771" SrcFileId="9" StartOffset="1711"/>
</LocList>
</BasicStmnt>
<BasicStmnt CovItemId="S32" CovItemPrefix="org.jfree.data.CalculateRowTotal.java" Intrnl_Id="659">
<LocList>
<Loc EndOffset="1798" SrcFileId="9" StartOffset="1774"/>
<Loc EndOffset="2093" SrcFileId="9" StartOffset="2091"/>
</LocList>
</BasicStmnt>
<BasicStmnt CovItemId="S41" CovItemPrefix="org.jfree.data.CalculateRowTotal.java" Intrnl_Id="660">
<LocList>
<Loc EndOffset="2155" SrcFileId="9" StartOffset="2096"/>
</LocList>
</BasicStmnt>
<BasicStmnt CovItemId="S42" CovItemPrefix="org.jfree.data.CalculateRowTotal.java" Intrnl_Id="661">
<LocList>
<Loc EndOffset="2198" SrcFileId="9" StartOffset="2158"/>
</LocList>
</BasicStmnt>
</StmntSeq>
<HierarchyLvl HierarchyLvlId="76" HierarchyLvlTypeId="15" Intrnl_Id="662" Name="Expectations">
<Header>
<Loc EndOffset="1816" SrcFileId="9" StartOffset="1802"/>
</Header>
<LocList>
<Loc EndOffset="2091" SrcFileId="9" StartOffset="1798"/>
</LocList>
<StmntSeq Intrnl_Id="663">
<LocList>
<Loc EndOffset="1857" SrcFileId="9" StartOffset="1828"/>
<Loc EndOffset="1883" SrcFileId="9" StartOffset="1862"/>
<Loc EndOffset="1915" SrcFileId="9" StartOffset="1888"/>
<Loc EndOffset="1947" SrcFileId="9" StartOffset="1924"/>
<Loc EndOffset="1983" SrcFileId="9" StartOffset="1956"/>
<Loc EndOffset="2015" SrcFileId="9" StartOffset="1992"/>
<Loc EndOffset="2050" SrcFileId="9" StartOffset="2023"/>
<Loc EndOffset="2082" SrcFileId="9" StartOffset="2059"/>
</LocList>
<BasicStmnt CovItemId="S33" CovItemPrefix="org.jfree.data.CalculateRowTotal.java" Intrnl_Id="664">
<LocList>
<Loc EndOffset="1857" SrcFileId="9" StartOffset="1828"/>
</LocList>
</BasicStmnt>
<BasicStmnt CovItemId="S34" CovItemPrefix="org.jfree.data.CalculateRowTotal.java" Intrnl_Id="665">
<LocList>
<Loc EndOffset="1883" SrcFileId="9" StartOffset="1862"/>
</LocList>
</BasicStmnt>
<BasicStmnt CovItemId="S35" CovItemPrefix="org.jfree.data.CalculateRowTotal.java" Intrnl_Id="666">
<LocList>
<Loc EndOffset="1915" SrcFileId="9" StartOffset="1888"/>
</LocList>
</BasicStmnt>
<BasicStmnt CovItemId="S36" CovItemPrefix="org.jfree.data.CalculateRowTotal.java" Intrnl_Id="667">
<LocList>
<Loc EndOffset="1947" SrcFileId="9" StartOffset="1924"/>
</LocList>
</BasicStmnt>
<BasicStmnt CovItemId="S37" CovItemPrefix="org.jfree.data.CalculateRowTotal.java" Intrnl_Id="668">
<LocList>
<Loc EndOffset="1983" SrcFileId="9" StartOffset="1956"/>
</LocList>
</BasicStmnt>
<BasicStmnt CovItemId="S38" CovItemPrefix="org.jfree.data.CalculateRowTotal.java" Intrnl_Id="669">
<LocList>
<Loc EndOffset="2015" SrcFileId="9" StartOffset="1992"/>
</LocList>
</BasicStmnt>
<BasicStmnt CovItemId="S39" CovItemPrefix="org.jfree.data.CalculateRowTotal.java" Intrnl_Id="670">
<LocList>
<Loc EndOffset="2050" SrcFileId="9" StartOffset="2023"/>
</LocList>
</BasicStmnt>
<BasicStmnt CovItemId="S40" CovItemPrefix="org.jfree.data.CalculateRowTotal.java" Intrnl_Id="671">
<LocList>
<Loc EndOffset="2082" SrcFileId="9" StartOffset="2059"/>
</LocList>
</BasicStmnt>
</StmntSeq>
</HierarchyLvl>
</HierarchyLvl>
<HierarchyLvl HierarchyLvlId="79" HierarchyLvlTypeId="13" Intrnl_Id="672" Name="columnIsNegativeOne">
<Header>
<Loc EndOffset="2245" SrcFileId="9" StartOffset="2205"/>
</Header>
<LocList>
<Loc EndOffset="2582" SrcFileId="9" StartOffset="2205"/>
</LocList>
<StmntSeq Intrnl_Id="673">
<LocList>
<Loc EndOffset="2289" SrcFileId="9" StartOffset="2250"/>
<Loc EndOffset="2352" SrcFileId="9" StartOffset="2292"/>
<Loc EndOffset="2379" SrcFileId="9" StartOffset="2355"/>
<Loc EndOffset="2475" SrcFileId="9" StartOffset="2473"/>
<Loc EndOffset="2538" SrcFileId="9" StartOffset="2478"/>
<Loc EndOffset="2579" SrcFileId="9" StartOffset="2541"/>
</LocList>
<BasicStmnt CovItemId="S43" CovItemPrefix="org.jfree.data.CalculateRowTotal.java" Intrnl_Id="674">
<LocList>
<Loc EndOffset="2289" SrcFileId="9" StartOffset="2250"/>
</LocList>
</BasicStmnt>
<BasicStmnt CovItemId="S44" CovItemPrefix="org.jfree.data.CalculateRowTotal.java" Intrnl_Id="675">
<LocList>
<Loc EndOffset="2352" SrcFileId="9" StartOffset="2292"/>
</LocList>
</BasicStmnt>
<BasicStmnt CovItemId="S45" CovItemPrefix="org.jfree.data.CalculateRowTotal.java" Intrnl_Id="676">
<LocList>
<Loc EndOffset="2379" SrcFileId="9" StartOffset="2355"/>
<Loc EndOffset="2475" SrcFileId="9" StartOffset="2473"/>
</LocList>
</BasicStmnt>
<BasicStmnt CovItemId="S48" CovItemPrefix="org.jfree.data.CalculateRowTotal.java" Intrnl_Id="677">
<LocList>
<Loc EndOffset="2538" SrcFileId="9" StartOffset="2478"/>
</LocList>
</BasicStmnt>
<BasicStmnt CovItemId="S49" CovItemPrefix="org.jfree.data.CalculateRowTotal.java" Intrnl_Id="678">
<LocList>
<Loc EndOffset="2579" SrcFileId="9" StartOffset="2541"/>
</LocList>
</BasicStmnt>
</StmntSeq>
<HierarchyLvl HierarchyLvlId="78" HierarchyLvlTypeId="15" Intrnl_Id="679" Name="Expectations">
<Header>
<Loc EndOffset="2397" SrcFileId="9" StartOffset="2383"/>
</Header>
<LocList>
<Loc EndOffset="2473" SrcFileId="9" StartOffset="2379"/>
</LocList>
<StmntSeq Intrnl_Id="680">
<LocList>
<Loc EndOffset="2438" SrcFileId="9" StartOffset="2409"/>
<Loc EndOffset="2464" SrcFileId="9" StartOffset="2443"/>
</LocList>
<BasicStmnt CovItemId="S46" CovItemPrefix="org.jfree.data.CalculateRowTotal.java" Intrnl_Id="681">
<LocList>
<Loc EndOffset="2438" SrcFileId="9" StartOffset="2409"/>
</LocList>
</BasicStmnt>
<BasicStmnt CovItemId="S47" CovItemPrefix="org.jfree.data.CalculateRowTotal.java" Intrnl_Id="682">
<LocList>
<Loc EndOffset="2464" SrcFileId="9" StartOffset="2443"/>
</LocList>
</BasicStmnt>
</StmntSeq>
</HierarchyLvl>
</HierarchyLvl>
<HierarchyLvl HierarchyLvlId="81" HierarchyLvlTypeId="13" Intrnl_Id="683" Name="columnIsOneMoreThanMax">
<Header>
<Loc EndOffset="2629" SrcFileId="9" StartOffset="2586"/>
</Header>
<LocList>
<Loc EndOffset="2965" SrcFileId="9" StartOffset="2586"/>
</LocList>
<StmntSeq Intrnl_Id="684">
<LocList>
<Loc EndOffset="2673" SrcFileId="9" StartOffset="2634"/>
<Loc EndOffset="2736" SrcFileId="9" StartOffset="2676"/>
<Loc EndOffset="2763" SrcFileId="9" StartOffset="2739"/>
<Loc EndOffset="2859" SrcFileId="9" StartOffset="2857"/>
<Loc EndOffset="2921" SrcFileId="9" StartOffset="2862"/>
<Loc EndOffset="2962" SrcFileId="9" StartOffset="2924"/>
</LocList>
<BasicStmnt CovItemId="S50" CovItemPrefix="org.jfree.data.CalculateRowTotal.java" Intrnl_Id="685">
<LocList>
<Loc EndOffset="2673" SrcFileId="9" StartOffset="2634"/>
</LocList>
</BasicStmnt>
<BasicStmnt CovItemId="S51" CovItemPrefix="org.jfree.data.CalculateRowTotal.java" Intrnl_Id="686">
<LocList>
<Loc EndOffset="2736" SrcFileId="9" StartOffset="2676"/>
</LocList>
</BasicStmnt>
<BasicStmnt CovItemId="S52" CovItemPrefix="org.jfree.data.CalculateRowTotal.java" Intrnl_Id="687">
<LocList>
<Loc EndOffset="2763" SrcFileId="9" StartOffset="2739"/>
<Loc EndOffset="2859" SrcFileId="9" StartOffset="2857"/>
</LocList>
</BasicStmnt>
<BasicStmnt CovItemId="S55" CovItemPrefix="org.jfree.data.CalculateRowTotal.java" Intrnl_Id="688">
<LocList>
<Loc EndOffset="2921" SrcFileId="9" StartOffset="2862"/>
</LocList>
</BasicStmnt>
<BasicStmnt CovItemId="S56" CovItemPrefix="org.jfree.data.CalculateRowTotal.java" Intrnl_Id="689">
<LocList>
<Loc EndOffset="2962" SrcFileId="9" StartOffset="2924"/>
</LocList>
</BasicStmnt>
</StmntSeq>
<HierarchyLvl HierarchyLvlId="80" HierarchyLvlTypeId="15" Intrnl_Id="690" Name="Expectations">
<Header>
<Loc EndOffset="2781" SrcFileId="9" StartOffset="2767"/>
</Header>
<LocList>
<Loc EndOffset="2857" SrcFileId="9" StartOffset="2763"/>
</LocList>
<StmntSeq Intrnl_Id="691">
<LocList>
<Loc EndOffset="2822" SrcFileId="9" StartOffset="2793"/>
<Loc EndOffset="2848" SrcFileId="9" StartOffset="2827"/>
</LocList>
<BasicStmnt CovItemId="S53" CovItemPrefix="org.jfree.data.CalculateRowTotal.java" Intrnl_Id="692">
<LocList>
<Loc EndOffset="2822" SrcFileId="9" StartOffset="2793"/>
</LocList>
</BasicStmnt>
<BasicStmnt CovItemId="S54" CovItemPrefix="org.jfree.data.CalculateRowTotal.java" Intrnl_Id="693">
<LocList>
<Loc EndOffset="2848" SrcFileId="9" StartOffset="2827"/>
</LocList>
</BasicStmnt>
</StmntSeq>
</HierarchyLvl>
</HierarchyLvl>
<HierarchyLvl HierarchyLvlId="83" HierarchyLvlTypeId="13" Intrnl_Id="694" Name="columnIsCentralInTable">
<Header>
<Loc EndOffset="3012" SrcFileId="9" StartOffset="2969"/>
</Header>
<LocList>
<Loc EndOffset="3549" SrcFileId="9" StartOffset="2969"/>
</LocList>
<StmntSeq Intrnl_Id="695">
<LocList>
<Loc EndOffset="3056" SrcFileId="9" StartOffset="3017"/>
<Loc EndOffset="3119" SrcFileId="9" StartOffset="3059"/>
<Loc EndOffset="3146" SrcFileId="9" StartOffset="3122"/>
<Loc EndOffset="3441" SrcFileId="9" StartOffset="3439"/>
<Loc EndOffset="3503" SrcFileId="9" StartOffset="3444"/>
<Loc EndOffset="3546" SrcFileId="9" StartOffset="3506"/>
</LocList>
<BasicStmnt CovItemId="S57" CovItemPrefix="org.jfree.data.CalculateRowTotal.java" Intrnl_Id="696">
<LocList>
<Loc EndOffset="3056" SrcFileId="9" StartOffset="3017"/>
</LocList>
</BasicStmnt>
<BasicStmnt CovItemId="S58" CovItemPrefix="org.jfree.data.CalculateRowTotal.java" Intrnl_Id="697">
<LocList>
<Loc EndOffset="3119" SrcFileId="9" StartOffset="3059"/>
</LocList>
</BasicStmnt>
<BasicStmnt CovItemId="S59" CovItemPrefix="org.jfree.data.CalculateRowTotal.java" Intrnl_Id="698">
<LocList>
<Loc EndOffset="3146" SrcFileId="9" StartOffset="3122"/>
<Loc EndOffset="3441" SrcFileId="9" StartOffset="3439"/>
</LocList>
</BasicStmnt>
<BasicStmnt CovItemId="S68" CovItemPrefix="org.jfree.data.CalculateRowTotal.java" Intrnl_Id="699">
<LocList>
<Loc EndOffset="3503" SrcFileId="9" StartOffset="3444"/>
</LocList>
</BasicStmnt>
<BasicStmnt CovItemId="S69" CovItemPrefix="org.jfree.data.CalculateRowTotal.java" Intrnl_Id="700">
<LocList>
<Loc EndOffset="3546" SrcFileId="9" StartOffset="3506"/>
</LocList>
</BasicStmnt>
</StmntSeq>
<HierarchyLvl HierarchyLvlId="82" HierarchyLvlTypeId="15" Intrnl_Id="701" Name="Expectations">
<Header>
<Loc EndOffset="3164" SrcFileId="9" StartOffset="3150"/>
</Header>
<LocList>
<Loc EndOffset="3439" SrcFileId="9" StartOffset="3146"/>
</LocList>
<StmntSeq Intrnl_Id="702">
<LocList>
<Loc EndOffset="3205" SrcFileId="9" StartOffset="3176"/>
<Loc EndOffset="3231" SrcFileId="9" StartOffset="3210"/>
<Loc EndOffset="3263" SrcFileId="9" StartOffset="3236"/>
<Loc EndOffset="3295" SrcFileId="9" StartOffset="3272"/>
<Loc EndOffset="3331" SrcFileId="9" StartOffset="3304"/>
<Loc EndOffset="3363" SrcFileId="9" StartOffset="3340"/>
<Loc EndOffset="3398" SrcFileId="9" StartOffset="3371"/>
<Loc EndOffset="3430" SrcFileId="9" StartOffset="3407"/>
</LocList>
<BasicStmnt CovItemId="S60" CovItemPrefix="org.jfree.data.CalculateRowTotal.java" Intrnl_Id="703">
<LocList>
<Loc EndOffset="3205" SrcFileId="9" StartOffset="3176"/>
</LocList>
</BasicStmnt>
<BasicStmnt CovItemId="S61" CovItemPrefix="org.jfree.data.CalculateRowTotal.java" Intrnl_Id="704">
<LocList>
<Loc EndOffset="3231" SrcFileId="9" StartOffset="3210"/>
</LocList>
</BasicStmnt>
<BasicStmnt CovItemId="S62" CovItemPrefix="org.jfree.data.CalculateRowTotal.java" Intrnl_Id="705">
<LocList>
<Loc EndOffset="3263" SrcFileId="9" StartOffset="3236"/>
</LocList>
</BasicStmnt>
<BasicStmnt CovItemId="S63" CovItemPrefix="org.jfree.data.CalculateRowTotal.java" Intrnl_Id="706">
<LocList>
<Loc EndOffset="3295" SrcFileId="9" StartOffset="3272"/>
</LocList>
</BasicStmnt>
<BasicStmnt CovItemId="S64" CovItemPrefix="org.jfree.data.CalculateRowTotal.java" Intrnl_Id="707">
<LocList>
<Loc EndOffset="3331" SrcFileId="9" StartOffset="3304"/>
</LocList>
</BasicStmnt>
<BasicStmnt CovItemId="S65" CovItemPrefix="org.jfree.data.CalculateRowTotal.java" Intrnl_Id="708">
<LocList>
<Loc EndOffset="3363" SrcFileId="9" StartOffset="3340"/>
</LocList>
</BasicStmnt>
<BasicStmnt CovItemId="S66" CovItemPrefix="org.jfree.data.CalculateRowTotal.java" Intrnl_Id="709">
<LocList>
<Loc EndOffset="3398" SrcFileId="9" StartOffset="3371"/>
</LocList>
</BasicStmnt>
<BasicStmnt CovItemId="S67" CovItemPrefix="org.jfree.data.CalculateRowTotal.java" Intrnl_Id="710">
<LocList>
<Loc EndOffset="3430" SrcFileId="9" StartOffset="3407"/>
</LocList>
</BasicStmnt>
</StmntSeq>
</HierarchyLvl>
</HierarchyLvl>
</HierarchyLvl>
<HierarchyLvl HierarchyLvlId="98" HierarchyLvlTypeId="12" Intrnl_Id="711" Name="CalculateColumnTotal">
<Header>
<Loc EndOffset="235" SrcFileId="10" StartOffset="202"/>
</Header>
<LocList>
<Loc EndOffset="3558" SrcFileId="10" StartOffset="202"/>
</LocList>
<HierarchyLvl HierarchyLvlId="85" HierarchyLvlTypeId="13" Intrnl_Id="712" Name="nullDataObjectPassed">
<Header>
<Loc EndOffset="281" SrcFileId="10" StartOffset="240"/>
</Header>
<LocList>
<Loc EndOffset="526" SrcFileId="10" StartOffset="240"/>
</LocList>
<StmntSeq Intrnl_Id="713">
<LocList>
<Loc EndOffset="313" SrcFileId="10" StartOffset="286"/>
<Loc EndOffset="372" SrcFileId="10" StartOffset="328"/>
<Loc EndOffset="440" SrcFileId="10" StartOffset="319"/>
<Loc EndOffset="519" SrcFileId="10" StartOffset="454"/>
</LocList>
<BasicStmnt CovItemId="S1" CovItemPrefix="org.jfree.data.CalculateColumnTotal.java" Intrnl_Id="714">
<LocList>
<Loc EndOffset="313" SrcFileId="10" StartOffset="286"/>
</LocList>
</BasicStmnt>
<BasicStmnt CovItemId="S3" CovItemPrefix="org.jfree.data.CalculateColumnTotal.java" Intrnl_Id="715">
<LocList>
<Loc EndOffset="372" SrcFileId="10" StartOffset="328"/>
</LocList>
</BasicStmnt>
<CondStmnt CovItemId="S2" CovItemPrefix="org.jfree.data.CalculateColumnTotal.java" Intrnl_Id="716">
<Branch CovItemId="B1" CovItemPrefix="org.jfree.data.CalculateColumnTotal.java" Implct="true" Intrnl_Id="717">
<Cond/>
<LocList/>
<StmntSeq Intrnl_Id="718">
<LocList/>
</StmntSeq>
</Branch>
<Branch CovItemId="B2" CovItemPrefix="org.jfree.data.CalculateColumnTotal.java" Implct="false" Intrnl_Id="719">
<Cond>
<Loc EndOffset="412" SrcFileId="10" StartOffset="377"/>
</Cond>
<LocList>
<Loc EndOffset="440" SrcFileId="10" StartOffset="413"/>
</LocList>
<StmntSeq Intrnl_Id="720">
<LocList>
<Loc EndOffset="436" SrcFileId="10" StartOffset="418"/>
</LocList>
<BasicStmnt CovItemId="S4" CovItemPrefix="org.jfree.data.CalculateColumnTotal.java" Intrnl_Id="721">
<LocList>
<Loc EndOffset="436" SrcFileId="10" StartOffset="418"/>
</LocList>
</BasicStmnt>
</StmntSeq>
</Branch>
<Keyword EndOffset="322" SrcFileId="10" StartOffset="319"/>
<LocList>
<Loc EndOffset="440" SrcFileId="10" StartOffset="319"/>
</LocList>
</CondStmnt>
<BasicStmnt CovItemId="S5" CovItemPrefix="org.jfree.data.CalculateColumnTotal.java" Intrnl_Id="722">
<LocList>
<Loc EndOffset="519" SrcFileId="10" StartOffset="454"/>
</LocList>
</BasicStmnt>
</StmntSeq>
</HierarchyLvl>
<HierarchyLvl HierarchyLvlId="87" HierarchyLvlTypeId="13" Intrnl_Id="723" Name="invalidDataPassed">
<Header>
<Loc EndOffset="568" SrcFileId="10" StartOffset="530"/>
</Header>
<LocList>
<Loc EndOffset="1039" SrcFileId="10" StartOffset="530"/>
</LocList>
<StmntSeq Intrnl_Id="724">
<LocList>
<Loc EndOffset="612" SrcFileId="10" StartOffset="573"/>
<Loc EndOffset="675" SrcFileId="10" StartOffset="615"/>
<Loc EndOffset="702" SrcFileId="10" StartOffset="678"/>
<Loc EndOffset="930" SrcFileId="10" StartOffset="928"/>
<Loc EndOffset="995" SrcFileId="10" StartOffset="933"/>
<Loc EndOffset="1036" SrcFileId="10" StartOffset="998"/>
</LocList>
<BasicStmnt CovItemId="S6" CovItemPrefix="org.jfree.data.CalculateColumnTotal.java" Intrnl_Id="725">
<LocList>
<Loc EndOffset="612" SrcFileId="10" StartOffset="573"/>
</LocList>
</BasicStmnt>
<BasicStmnt CovItemId="S7" CovItemPrefix="org.jfree.data.CalculateColumnTotal.java" Intrnl_Id="726">
<LocList>
<Loc EndOffset="675" SrcFileId="10" StartOffset="615"/>
</LocList>
</BasicStmnt>
<BasicStmnt CovItemId="S8" CovItemPrefix="org.jfree.data.CalculateColumnTotal.java" Intrnl_Id="727">
<LocList>
<Loc EndOffset="702" SrcFileId="10" StartOffset="678"/>
<Loc EndOffset="930" SrcFileId="10" StartOffset="928"/>
</LocList>
</BasicStmnt>
<BasicStmnt CovItemId="S15" CovItemPrefix="org.jfree.data.CalculateColumnTotal.java" Intrnl_Id="728">
<LocList>
<Loc EndOffset="995" SrcFileId="10" StartOffset="933"/>
</LocList>
</BasicStmnt>
<BasicStmnt CovItemId="S16" CovItemPrefix="org.jfree.data.CalculateColumnTotal.java" Intrnl_Id="729">
<LocList>
<Loc EndOffset="1036" SrcFileId="10" StartOffset="998"/>
</LocList>
</BasicStmnt>
</StmntSeq>
<HierarchyLvl HierarchyLvlId="86" HierarchyLvlTypeId="15" Intrnl_Id="730" Name="Expectations">
<Header>
<Loc EndOffset="720" SrcFileId="10" StartOffset="706"/>
</Header>
<LocList>
<Loc EndOffset="928" SrcFileId="10" StartOffset="702"/>
</LocList>
<StmntSeq Intrnl_Id="731">
<LocList>
<Loc EndOffset="758" SrcFileId="10" StartOffset="732"/>
<Loc EndOffset="784" SrcFileId="10" StartOffset="763"/>
<Loc EndOffset="816" SrcFileId="10" StartOffset="789"/>
<Loc EndOffset="849" SrcFileId="10" StartOffset="825"/>
<Loc EndOffset="885" SrcFileId="10" StartOffset="858"/>
<Loc EndOffset="919" SrcFileId="10" StartOffset="894"/>
</LocList>
<BasicStmnt CovItemId="S9" CovItemPrefix="org.jfree.data.CalculateColumnTotal.java" Intrnl_Id="732">
<LocList>
<Loc EndOffset="758" SrcFileId="10" StartOffset="732"/>
</LocList>
</BasicStmnt>
<BasicStmnt CovItemId="S10" CovItemPrefix="org.jfree.data.CalculateColumnTotal.java" Intrnl_Id="733">
<LocList>
<Loc EndOffset="784" SrcFileId="10" StartOffset="763"/>
</LocList>
</BasicStmnt>
<BasicStmnt CovItemId="S11" CovItemPrefix="org.jfree.data.CalculateColumnTotal.java" Intrnl_Id="734">
<LocList>
<Loc EndOffset="816" SrcFileId="10" StartOffset="789"/>
</LocList>
</BasicStmnt>
<BasicStmnt CovItemId="S12" CovItemPrefix="org.jfree.data.CalculateColumnTotal.java" Intrnl_Id="735">
<LocList>
<Loc EndOffset="849" SrcFileId="10" StartOffset="825"/>
</LocList>
</BasicStmnt>
<BasicStmnt CovItemId="S13" CovItemPrefix="org.jfree.data.CalculateColumnTotal.java" Intrnl_Id="736">
<LocList>
<Loc EndOffset="885" SrcFileId="10" StartOffset="858"/>
</LocList>
</BasicStmnt>
<BasicStmnt CovItemId="S14" CovItemPrefix="org.jfree.data.CalculateColumnTotal.java" Intrnl_Id="737">
<LocList>
<Loc EndOffset="919" SrcFileId="10" StartOffset="894"/>
</LocList>
</BasicStmnt>
</StmntSeq>
</HierarchyLvl>
</HierarchyLvl>
<HierarchyLvl HierarchyLvlId="89" HierarchyLvlTypeId="13" Intrnl_Id="738" Name="columnIsLastColumnInTable">
<Header>
<Loc EndOffset="1089" SrcFileId="10" StartOffset="1043"/>
</Header>
<LocList>
<Loc EndOffset="1626" SrcFileId="10" StartOffset="1043"/>
</LocList>
<StmntSeq Intrnl_Id="739">
<LocList>
<Loc EndOffset="1133" SrcFileId="10" StartOffset="1094"/>
<Loc EndOffset="1196" SrcFileId="10" StartOffset="1136"/>
<Loc EndOffset="1223" SrcFileId="10" StartOffset="1199"/>
<Loc EndOffset="1515" SrcFileId="10" StartOffset="1513"/>
<Loc EndOffset="1580" SrcFileId="10" StartOffset="1518"/>
<Loc EndOffset="1623" SrcFileId="10" StartOffset="1583"/>
</LocList>
<BasicStmnt CovItemId="S17" CovItemPrefix="org.jfree.data.CalculateColumnTotal.java" Intrnl_Id="740">
<LocList>
<Loc EndOffset="1133" SrcFileId="10" StartOffset="1094"/>
</LocList>
</BasicStmnt>
<BasicStmnt CovItemId="S18" CovItemPrefix="org.jfree.data.CalculateColumnTotal.java" Intrnl_Id="741">
<LocList>
<Loc EndOffset="1196" SrcFileId="10" StartOffset="1136"/>
</LocList>
</BasicStmnt>
<BasicStmnt CovItemId="S19" CovItemPrefix="org.jfree.data.CalculateColumnTotal.java" Intrnl_Id="742">
<LocList>
<Loc EndOffset="1223" SrcFileId="10" StartOffset="1199"/>
<Loc EndOffset="1515" SrcFileId="10" StartOffset="1513"/>
</LocList>
</BasicStmnt>
<BasicStmnt CovItemId="S28" CovItemPrefix="org.jfree.data.CalculateColumnTotal.java" Intrnl_Id="743">
<LocList>
<Loc EndOffset="1580" SrcFileId="10" StartOffset="1518"/>
</LocList>
</BasicStmnt>
<BasicStmnt CovItemId="S29" CovItemPrefix="org.jfree.data.CalculateColumnTotal.java" Intrnl_Id="744">
<LocList>
<Loc EndOffset="1623" SrcFileId="10" StartOffset="1583"/>
</LocList>
</BasicStmnt>
</StmntSeq>
<HierarchyLvl HierarchyLvlId="88" HierarchyLvlTypeId="15" Intrnl_Id="745" Name="Expectations">
<Header>
<Loc EndOffset="1241" SrcFileId="10" StartOffset="1227"/>
</Header>
<LocList>
<Loc EndOffset="1513" SrcFileId="10" StartOffset="1223"/>
</LocList>
<StmntSeq Intrnl_Id="746">
<LocList>
<Loc EndOffset="1279" SrcFileId="10" StartOffset="1253"/>
<Loc EndOffset="1305" SrcFileId="10" StartOffset="1284"/>
<Loc EndOffset="1337" SrcFileId="10" StartOffset="1310"/>
<Loc EndOffset="1369" SrcFileId="10" StartOffset="1346"/>
<Loc EndOffset="1405" SrcFileId="10" StartOffset="1378"/>
<Loc EndOffset="1437" SrcFileId="10" StartOffset="1414"/>
<Loc EndOffset="1472" SrcFileId="10" StartOffset="1445"/>
<Loc EndOffset="1504" SrcFileId="10" StartOffset="1481"/>
</LocList>
<BasicStmnt CovItemId="S20" CovItemPrefix="org.jfree.data.CalculateColumnTotal.java" Intrnl_Id="747">
<LocList>
<Loc EndOffset="1279" SrcFileId="10" StartOffset="1253"/>
</LocList>
</BasicStmnt>
<BasicStmnt CovItemId="S21" CovItemPrefix="org.jfree.data.CalculateColumnTotal.java" Intrnl_Id="748">
<LocList>
<Loc EndOffset="1305" SrcFileId="10" StartOffset="1284"/>
</LocList>
</BasicStmnt>
<BasicStmnt CovItemId="S22" CovItemPrefix="org.jfree.data.CalculateColumnTotal.java" Intrnl_Id="749">
<LocList>
<Loc EndOffset="1337" SrcFileId="10" StartOffset="1310"/>
</LocList>
</BasicStmnt>
<BasicStmnt CovItemId="S23" CovItemPrefix="org.jfree.data.CalculateColumnTotal.java" Intrnl_Id="750">
<LocList>
<Loc EndOffset="1369" SrcFileId="10" StartOffset="1346"/>
</LocList>
</BasicStmnt>
<BasicStmnt CovItemId="S24" CovItemPrefix="org.jfree.data.CalculateColumnTotal.java" Intrnl_Id="751">
<LocList>
<Loc EndOffset="1405" SrcFileId="10" StartOffset="1378"/>
</LocList>
</BasicStmnt>
<BasicStmnt CovItemId="S25" CovItemPrefix="org.jfree.data.CalculateColumnTotal.java" Intrnl_Id="752">
<LocList>
<Loc EndOffset="1437" SrcFileId="10" StartOffset="1414"/>
</LocList>
</BasicStmnt>
<BasicStmnt CovItemId="S26" CovItemPrefix="org.jfree.data.CalculateColumnTotal.java" Intrnl_Id="753">
<LocList>
<Loc EndOffset="1472" SrcFileId="10" StartOffset="1445"/>
</LocList>
</BasicStmnt>
<BasicStmnt CovItemId="S27" CovItemPrefix="org.jfree.data.CalculateColumnTotal.java" Intrnl_Id="754">
<LocList>
<Loc EndOffset="1504" SrcFileId="10" StartOffset="1481"/>
</LocList>
</BasicStmnt>
</StmntSeq>
</HierarchyLvl>
</HierarchyLvl>
<HierarchyLvl HierarchyLvlId="91" HierarchyLvlTypeId="13" Intrnl_Id="755" Name="columnIsFirstInTable">
<Header>
<Loc EndOffset="1671" SrcFileId="10" StartOffset="1630"/>
</Header>
<LocList>
<Loc EndOffset="2208" SrcFileId="10" StartOffset="1630"/>
</LocList>
<StmntSeq Intrnl_Id="756">
<LocList>
<Loc EndOffset="1715" SrcFileId="10" StartOffset="1676"/>
<Loc EndOffset="1778" SrcFileId="10" StartOffset="1718"/>
<Loc EndOffset="1805" SrcFileId="10" StartOffset="1781"/>
<Loc EndOffset="2097" SrcFileId="10" StartOffset="2095"/>
<Loc EndOffset="2162" SrcFileId="10" StartOffset="2100"/>
<Loc EndOffset="2205" SrcFileId="10" StartOffset="2165"/>
</LocList>
<BasicStmnt CovItemId="S30" CovItemPrefix="org.jfree.data.CalculateColumnTotal.java" Intrnl_Id="757">
<LocList>
<Loc EndOffset="1715" SrcFileId="10" StartOffset="1676"/>
</LocList>
</BasicStmnt>
<BasicStmnt CovItemId="S31" CovItemPrefix="org.jfree.data.CalculateColumnTotal.java" Intrnl_Id="758">
<LocList>
<Loc EndOffset="1778" SrcFileId="10" StartOffset="1718"/>
</LocList>
</BasicStmnt>
<BasicStmnt CovItemId="S32" CovItemPrefix="org.jfree.data.CalculateColumnTotal.java" Intrnl_Id="759">
<LocList>
<Loc EndOffset="1805" SrcFileId="10" StartOffset="1781"/>
<Loc EndOffset="2097" SrcFileId="10" StartOffset="2095"/>
</LocList>
</BasicStmnt>
<BasicStmnt CovItemId="S41" CovItemPrefix="org.jfree.data.CalculateColumnTotal.java" Intrnl_Id="760">
<LocList>
<Loc EndOffset="2162" SrcFileId="10" StartOffset="2100"/>
</LocList>
</BasicStmnt>
<BasicStmnt CovItemId="S42" CovItemPrefix="org.jfree.data.CalculateColumnTotal.java" Intrnl_Id="761">
<LocList>
<Loc EndOffset="2205" SrcFileId="10" StartOffset="2165"/>
</LocList>
</BasicStmnt>
</StmntSeq>
<HierarchyLvl HierarchyLvlId="90" HierarchyLvlTypeId="15" Intrnl_Id="762" Name="Expectations">
<Header>
<Loc EndOffset="1823" SrcFileId="10" StartOffset="1809"/>
</Header>
<LocList>
<Loc EndOffset="2095" SrcFileId="10" StartOffset="1805"/>
</LocList>
<StmntSeq Intrnl_Id="763">
<LocList>
<Loc EndOffset="1861" SrcFileId="10" StartOffset="1835"/>
<Loc EndOffset="1887" SrcFileId="10" StartOffset="1866"/>
<Loc EndOffset="1919" SrcFileId="10" StartOffset="1892"/>
<Loc EndOffset="1951" SrcFileId="10" StartOffset="1928"/>
<Loc EndOffset="1987" SrcFileId="10" StartOffset="1960"/>
<Loc EndOffset="2019" SrcFileId="10" StartOffset="1996"/>
<Loc EndOffset="2054" SrcFileId="10" StartOffset="2027"/>
<Loc EndOffset="2086" SrcFileId="10" StartOffset="2063"/>
</LocList>
<BasicStmnt CovItemId="S33" CovItemPrefix="org.jfree.data.CalculateColumnTotal.java" Intrnl_Id="764">
<LocList>
<Loc EndOffset="1861" SrcFileId="10" StartOffset="1835"/>
</LocList>
</BasicStmnt>
<BasicStmnt CovItemId="S34" CovItemPrefix="org.jfree.data.CalculateColumnTotal.java" Intrnl_Id="765">
<LocList>
<Loc EndOffset="1887" SrcFileId="10" StartOffset="1866"/>
</LocList>
</BasicStmnt>
<BasicStmnt CovItemId="S35" CovItemPrefix="org.jfree.data.CalculateColumnTotal.java" Intrnl_Id="766">
<LocList>
<Loc EndOffset="1919" SrcFileId="10" StartOffset="1892"/>
</LocList>
</BasicStmnt>
<BasicStmnt CovItemId="S36" CovItemPrefix="org.jfree.data.CalculateColumnTotal.java" Intrnl_Id="767">
<LocList>
<Loc EndOffset="1951" SrcFileId="10" StartOffset="1928"/>
</LocList>
</BasicStmnt>
<BasicStmnt CovItemId="S37" CovItemPrefix="org.jfree.data.CalculateColumnTotal.java" Intrnl_Id="768">
<LocList>
<Loc EndOffset="1987" SrcFileId="10" StartOffset="1960"/>
</LocList>
</BasicStmnt>
<BasicStmnt CovItemId="S38" CovItemPrefix="org.jfree.data.CalculateColumnTotal.java" Intrnl_Id="769">
<LocList>
<Loc EndOffset="2019" SrcFileId="10" StartOffset="1996"/>
</LocList>
</BasicStmnt>
<BasicStmnt CovItemId="S39" CovItemPrefix="org.jfree.data.CalculateColumnTotal.java" Intrnl_Id="770">
<LocList>
<Loc EndOffset="2054" SrcFileId="10" StartOffset="2027"/>
</LocList>
</BasicStmnt>
<BasicStmnt CovItemId="S40" CovItemPrefix="org.jfree.data.CalculateColumnTotal.java" Intrnl_Id="771">
<LocList>
<Loc EndOffset="2086" SrcFileId="10" StartOffset="2063"/>
</LocList>
</BasicStmnt>
</StmntSeq>
</HierarchyLvl>
</HierarchyLvl>
<HierarchyLvl HierarchyLvlId="93" HierarchyLvlTypeId="13" Intrnl_Id="772" Name="columnIsNegativeOne">
<Header>
<Loc EndOffset="2252" SrcFileId="10" StartOffset="2212"/>
</Header>
<LocList>
<Loc EndOffset="2589" SrcFileId="10" StartOffset="2212"/>
</LocList>
<StmntSeq Intrnl_Id="773">
<LocList>
<Loc EndOffset="2296" SrcFileId="10" StartOffset="2257"/>
<Loc EndOffset="2359" SrcFileId="10" StartOffset="2299"/>
<Loc EndOffset="2386" SrcFileId="10" StartOffset="2362"/>
<Loc EndOffset="2479" SrcFileId="10" StartOffset="2477"/>
<Loc EndOffset="2545" SrcFileId="10" StartOffset="2482"/>
<Loc EndOffset="2586" SrcFileId="10" StartOffset="2548"/>
</LocList>
<BasicStmnt CovItemId="S43" CovItemPrefix="org.jfree.data.CalculateColumnTotal.java" Intrnl_Id="774">
<LocList>
<Loc EndOffset="2296" SrcFileId="10" StartOffset="2257"/>
</LocList>
</BasicStmnt>
<BasicStmnt CovItemId="S44" CovItemPrefix="org.jfree.data.CalculateColumnTotal.java" Intrnl_Id="775">
<LocList>
<Loc EndOffset="2359" SrcFileId="10" StartOffset="2299"/>
</LocList>
</BasicStmnt>
<BasicStmnt CovItemId="S45" CovItemPrefix="org.jfree.data.CalculateColumnTotal.java" Intrnl_Id="776">
<LocList>
<Loc EndOffset="2386" SrcFileId="10" StartOffset="2362"/>
<Loc EndOffset="2479" SrcFileId="10" StartOffset="2477"/>
</LocList>
</BasicStmnt>
<BasicStmnt CovItemId="S48" CovItemPrefix="org.jfree.data.CalculateColumnTotal.java" Intrnl_Id="777">
<LocList>
<Loc EndOffset="2545" SrcFileId="10" StartOffset="2482"/>
</LocList>
</BasicStmnt>
<BasicStmnt CovItemId="S49" CovItemPrefix="org.jfree.data.CalculateColumnTotal.java" Intrnl_Id="778">
<LocList>
<Loc EndOffset="2586" SrcFileId="10" StartOffset="2548"/>
</LocList>
</BasicStmnt>
</StmntSeq>
<HierarchyLvl HierarchyLvlId="92" HierarchyLvlTypeId="15" Intrnl_Id="779" Name="Expectations">
<Header>
<Loc EndOffset="2404" SrcFileId="10" StartOffset="2390"/>
</Header>
<LocList>
<Loc EndOffset="2477" SrcFileId="10" StartOffset="2386"/>
</LocList>
<StmntSeq Intrnl_Id="780">
<LocList>
<Loc EndOffset="2442" SrcFileId="10" StartOffset="2416"/>
<Loc EndOffset="2468" SrcFileId="10" StartOffset="2447"/>
</LocList>
<BasicStmnt CovItemId="S46" CovItemPrefix="org.jfree.data.CalculateColumnTotal.java" Intrnl_Id="781">
<LocList>
<Loc EndOffset="2442" SrcFileId="10" StartOffset="2416"/>
</LocList>
</BasicStmnt>
<BasicStmnt CovItemId="S47" CovItemPrefix="org.jfree.data.CalculateColumnTotal.java" Intrnl_Id="782">
<LocList>
<Loc EndOffset="2468" SrcFileId="10" StartOffset="2447"/>
</LocList>
</BasicStmnt>
</StmntSeq>
</HierarchyLvl>
</HierarchyLvl>
<HierarchyLvl HierarchyLvlId="95" HierarchyLvlTypeId="13" Intrnl_Id="783" Name="columnIsOneMoreThanMax">
<Header>
<Loc EndOffset="2636" SrcFileId="10" StartOffset="2593"/>
</Header>
<LocList>
<Loc EndOffset="2972" SrcFileId="10" StartOffset="2593"/>
</LocList>
<StmntSeq Intrnl_Id="784">
<LocList>
<Loc EndOffset="2680" SrcFileId="10" StartOffset="2641"/>
<Loc EndOffset="2743" SrcFileId="10" StartOffset="2683"/>
<Loc EndOffset="2770" SrcFileId="10" StartOffset="2746"/>
<Loc EndOffset="2863" SrcFileId="10" StartOffset="2861"/>
<Loc EndOffset="2928" SrcFileId="10" StartOffset="2866"/>
<Loc EndOffset="2969" SrcFileId="10" StartOffset="2931"/>
</LocList>
<BasicStmnt CovItemId="S50" CovItemPrefix="org.jfree.data.CalculateColumnTotal.java" Intrnl_Id="785">
<LocList>
<Loc EndOffset="2680" SrcFileId="10" StartOffset="2641"/>
</LocList>
</BasicStmnt>
<BasicStmnt CovItemId="S51" CovItemPrefix="org.jfree.data.CalculateColumnTotal.java" Intrnl_Id="786">
<LocList>
<Loc EndOffset="2743" SrcFileId="10" StartOffset="2683"/>
</LocList>
</BasicStmnt>
<BasicStmnt CovItemId="S52" CovItemPrefix="org.jfree.data.CalculateColumnTotal.java" Intrnl_Id="787">
<LocList>
<Loc EndOffset="2770" SrcFileId="10" StartOffset="2746"/>
<Loc EndOffset="2863" SrcFileId="10" StartOffset="2861"/>
</LocList>
</BasicStmnt>
<BasicStmnt CovItemId="S55" CovItemPrefix="org.jfree.data.CalculateColumnTotal.java" Intrnl_Id="788">
<LocList>
<Loc EndOffset="2928" SrcFileId="10" StartOffset="2866"/>
</LocList>
</BasicStmnt>
<BasicStmnt CovItemId="S56" CovItemPrefix="org.jfree.data.CalculateColumnTotal.java" Intrnl_Id="789">
<LocList>
<Loc EndOffset="2969" SrcFileId="10" StartOffset="2931"/>
</LocList>
</BasicStmnt>
</StmntSeq>
<HierarchyLvl HierarchyLvlId="94" HierarchyLvlTypeId="15" Intrnl_Id="790" Name="Expectations">
<Header>
<Loc EndOffset="2788" SrcFileId="10" StartOffset="2774"/>
</Header>
<LocList>
<Loc EndOffset="2861" SrcFileId="10" StartOffset="2770"/>
</LocList>
<StmntSeq Intrnl_Id="791">
<LocList>
<Loc EndOffset="2826" SrcFileId="10" StartOffset="2800"/>
<Loc EndOffset="2852" SrcFileId="10" StartOffset="2831"/>
</LocList>
<BasicStmnt CovItemId="S53" CovItemPrefix="org.jfree.data.CalculateColumnTotal.java" Intrnl_Id="792">
<LocList>
<Loc EndOffset="2826" SrcFileId="10" StartOffset="2800"/>
</LocList>
</BasicStmnt>
<BasicStmnt CovItemId="S54" CovItemPrefix="org.jfree.data.CalculateColumnTotal.java" Intrnl_Id="793">
<LocList>
<Loc EndOffset="2852" SrcFileId="10" StartOffset="2831"/>
</LocList>
</BasicStmnt>
</StmntSeq>
</HierarchyLvl>
</HierarchyLvl>
<HierarchyLvl HierarchyLvlId="97" HierarchyLvlTypeId="13" Intrnl_Id="794" Name="columnIsCentralInTable">
<Header>
<Loc EndOffset="3019" SrcFileId="10" StartOffset="2976"/>
</Header>
<LocList>
<Loc EndOffset="3556" SrcFileId="10" StartOffset="2976"/>
</LocList>
<StmntSeq Intrnl_Id="795">
<LocList>
<Loc EndOffset="3063" SrcFileId="10" StartOffset="3024"/>
<Loc EndOffset="3126" SrcFileId="10" StartOffset="3066"/>
<Loc EndOffset="3153" SrcFileId="10" StartOffset="3129"/>
<Loc EndOffset="3445" SrcFileId="10" StartOffset="3443"/>
<Loc EndOffset="3510" SrcFileId="10" StartOffset="3448"/>
<Loc EndOffset="3553" SrcFileId="10" StartOffset="3513"/>
</LocList>
<BasicStmnt CovItemId="S57" CovItemPrefix="org.jfree.data.CalculateColumnTotal.java" Intrnl_Id="796">
<LocList>
<Loc EndOffset="3063" SrcFileId="10" StartOffset="3024"/>
</LocList>
</BasicStmnt>
<BasicStmnt CovItemId="S58" CovItemPrefix="org.jfree.data.CalculateColumnTotal.java" Intrnl_Id="797">
<LocList>
<Loc EndOffset="3126" SrcFileId="10" StartOffset="3066"/>
</LocList>
</BasicStmnt>
<BasicStmnt CovItemId="S59" CovItemPrefix="org.jfree.data.CalculateColumnTotal.java" Intrnl_Id="798">
<LocList>
<Loc EndOffset="3153" SrcFileId="10" StartOffset="3129"/>
<Loc EndOffset="3445" SrcFileId="10" StartOffset="3443"/>
</LocList>
</BasicStmnt>
<BasicStmnt CovItemId="S68" CovItemPrefix="org.jfree.data.CalculateColumnTotal.java" Intrnl_Id="799">
<LocList>
<Loc EndOffset="3510" SrcFileId="10" StartOffset="3448"/>
</LocList>
</BasicStmnt>
<BasicStmnt CovItemId="S69" CovItemPrefix="org.jfree.data.CalculateColumnTotal.java" Intrnl_Id="800">
<LocList>
<Loc EndOffset="3553" SrcFileId="10" StartOffset="3513"/>
</LocList>
</BasicStmnt>
</StmntSeq>
<HierarchyLvl HierarchyLvlId="96" HierarchyLvlTypeId="15" Intrnl_Id="801" Name="Expectations">
<Header>
<Loc EndOffset="3171" SrcFileId="10" StartOffset="3157"/>
</Header>
<LocList>
<Loc EndOffset="3443" SrcFileId="10" StartOffset="3153"/>
</LocList>
<StmntSeq Intrnl_Id="802">
<LocList>
<Loc EndOffset="3209" SrcFileId="10" StartOffset="3183"/>
<Loc EndOffset="3235" SrcFileId="10" StartOffset="3214"/>
<Loc EndOffset="3267" SrcFileId="10" StartOffset="3240"/>
<Loc EndOffset="3299" SrcFileId="10" StartOffset="3276"/>
<Loc EndOffset="3335" SrcFileId="10" StartOffset="3308"/>
<Loc EndOffset="3367" SrcFileId="10" StartOffset="3344"/>
<Loc EndOffset="3402" SrcFileId="10" StartOffset="3375"/>
<Loc EndOffset="3434" SrcFileId="10" StartOffset="3411"/>
</LocList>
<BasicStmnt CovItemId="S60" CovItemPrefix="org.jfree.data.CalculateColumnTotal.java" Intrnl_Id="803">
<LocList>
<Loc EndOffset="3209" SrcFileId="10" StartOffset="3183"/>
</LocList>
</BasicStmnt>
<BasicStmnt CovItemId="S61" CovItemPrefix="org.jfree.data.CalculateColumnTotal.java" Intrnl_Id="804">
<LocList>
<Loc EndOffset="3235" SrcFileId="10" StartOffset="3214"/>
</LocList>
</BasicStmnt>
<BasicStmnt CovItemId="S62" CovItemPrefix="org.jfree.data.CalculateColumnTotal.java" Intrnl_Id="805">
<LocList>
<Loc EndOffset="3267" SrcFileId="10" StartOffset="3240"/>
</LocList>
</BasicStmnt>
<BasicStmnt CovItemId="S63" CovItemPrefix="org.jfree.data.CalculateColumnTotal.java" Intrnl_Id="806">
<LocList>
<Loc EndOffset="3299" SrcFileId="10" StartOffset="3276"/>
</LocList>
</BasicStmnt>
<BasicStmnt CovItemId="S64" CovItemPrefix="org.jfree.data.CalculateColumnTotal.java" Intrnl_Id="807">
<LocList>
<Loc EndOffset="3335" SrcFileId="10" StartOffset="3308"/>
</LocList>
</BasicStmnt>
<BasicStmnt CovItemId="S65" CovItemPrefix="org.jfree.data.CalculateColumnTotal.java" Intrnl_Id="808">
<LocList>
<Loc EndOffset="3367" SrcFileId="10" StartOffset="3344"/>
</LocList>
</BasicStmnt>
<BasicStmnt CovItemId="S66" CovItemPrefix="org.jfree.data.CalculateColumnTotal.java" Intrnl_Id="809">
<LocList>
<Loc EndOffset="3402" SrcFileId="10" StartOffset="3375"/>
</LocList>
</BasicStmnt>
<BasicStmnt CovItemId="S67" CovItemPrefix="org.jfree.data.CalculateColumnTotal.java" Intrnl_Id="810">
<LocList>
<Loc EndOffset="3434" SrcFileId="10" StartOffset="3411"/>
</LocList>
</BasicStmnt>
</StmntSeq>
</HierarchyLvl>
</HierarchyLvl>
</HierarchyLvl>
</HierarchyLvl>
</HierarchyLvl>
</HierarchyLvl>
</HierarchyLvl>
</MASTRoot>
<TestSession Comment="" Date="1328027107058" Name="Jan 31, 2012 9:25:06 AM">
<TestCase Comment="" Date="1328027106369" Name="org.jfree.data.Shift:negShiftLeft">
<CovList>
<CovPrefix CovItemPrefix="org.jfree.data.Shift.java">
<Cov CovItemId="S1" Value="1"/>
<Cov CovItemId="S2" Value="1"/>
<Cov CovItemId="S3" Value="1"/>
<Cov CovItemId="S4" Value="1"/>
<Cov CovItemId="S5" Value="1"/>
<Cov CovItemId="S6" Value="1"/>
</CovPrefix>
</CovList>
<AssgnmntList/>
<ObjMetaDataList/>
<MetaDataList/>
</TestCase>
<TestCase Comment="" Date="1328027106382" Name="org.jfree.data.Shift:negShiftRightLegal">
<CovList>
<CovPrefix CovItemPrefix="org.jfree.data.Shift.java">
<Cov CovItemId="S10" Value="1"/>
<Cov CovItemId="S11" Value="1"/>
<Cov CovItemId="S12" Value="1"/>
<Cov CovItemId="S7" Value="1"/>
<Cov CovItemId="S8" Value="1"/>
<Cov CovItemId="S9" Value="1"/>
</CovPrefix>
</CovList>
<AssgnmntList/>
<ObjMetaDataList/>
<MetaDataList/>
</TestCase>
<TestCase Comment="Failure&#10;java.lang.AssertionError: Method should throw exception. expected:&lt;true&gt; but was:&lt;false&gt;&#10;&#9;at org.junit.Assert.fail(Assert.java:93)&#10;&#9;at org.junit.Assert.failNotEquals(Assert.java:647)&#10;&#9;at org.junit.Assert.assertEquals(Assert.java:128)&#10;&#9;at org.jfree.data.Shift.negShiftRightIllegal(Shift.java:70)&#10;&#9;at sun.reflect.NativeMethodAccessorImpl.invoke0(Native Method)&#10;&#9;at sun.reflect.NativeMethodAccessorImpl.invoke(NativeMethodAccessorImpl.java:39)&#10;&#9;at sun.reflect.DelegatingMethodAccessorImpl.invoke(DelegatingMethodAccessorImpl.java:25)&#10;&#9;at java.lang.reflect.Method.invoke(Method.java:597)&#10;&#9;at org.junit.runners.model.FrameworkMethod$1.runReflectiveCall(FrameworkMethod.java:45)&#10;&#9;at org.junit.internal.runners.model.ReflectiveCallable.run(ReflectiveCallable.java:15)&#10;&#9;at org.junit.runners.model.FrameworkMethod.invokeExplosively(FrameworkMethod.java:42)&#10;&#9;at org.junit.internal.runners.statements.InvokeMethod.evaluate(InvokeMethod.java:20)&#10;&#9;at org.junit.runners.ParentRunner.runLeaf(ParentRunner.java:263)&#10;&#9;at org.junit.runners.BlockJUnit4ClassRunner.runChild(BlockJUnit4ClassRunner.java:68)&#10;&#9;at org.junit.runners.BlockJUnit4ClassRunner.runChild(BlockJUnit4ClassRunner.java:47)&#10;&#9;at org.junit.runners.ParentRunner$3.run(ParentRunner.java:231)&#10;&#9;at org.junit.runners.ParentRunner$1.schedule(ParentRunner.java:60)&#10;&#9;at org.junit.runners.ParentRunner.runChildren(ParentRunner.java:229)&#10;&#9;at org.junit.runners.ParentRunner.access$000(ParentRunner.java:50)&#10;&#9;at org.junit.runners.ParentRunner$2.evaluate(ParentRunner.java:222)&#10;&#9;at org.junit.runners.ParentRunner.run(ParentRunner.java:300)&#10;&#9;at org.eclipse.jdt.internal.junit4.runner.JUnit4TestReference.run(JUnit4TestReference.java:49)&#10;&#9;at org.eclipse.jdt.internal.junit.runner.TestExecution.run(TestExecution.java:38)&#10;&#9;at org.eclipse.jdt.internal.junit.runner.RemoteTestRunner.runTests(RemoteTestRunner.java:467)&#10;&#9;at org.eclipse.jdt.internal.junit.runner.RemoteTestRunner.runTests(RemoteTestRunner.java:683)&#10;&#9;at org.eclipse.jdt.internal.junit.runner.RemoteTestRunner.run(RemoteTestRunner.java:390)&#10;&#9;at org.codecover.juniteclipse.runner.EclipseTestRunner.main(EclipseTestRunner.java:40)" Date="1328027106383" Name="org.jfree.data.Shift:negShiftRightIllegal">
<CovList>
<CovPrefix CovItemPrefix="org.jfree.data.Shift.java">
<Cov CovItemId="B1" Value="1"/>
<Cov CovItemId="S13" Value="1"/>
<Cov CovItemId="S14" Value="1"/>
<Cov CovItemId="S15" Value="1"/>
<Cov CovItemId="S16" Value="1"/>
<Cov CovItemId="S18" Value="1"/>
</CovPrefix>
</CovList>
<AssgnmntList/>
<ObjMetaDataList/>
<MetaDataList/>
</TestCase>
<TestCase Comment="Failure&#10;java.lang.AssertionError: Method should throw exception. expected:&lt;true&gt; but was:&lt;false&gt;&#10;&#9;at org.junit.Assert.fail(Assert.java:93)&#10;&#9;at org.junit.Assert.failNotEquals(Assert.java:647)&#10;&#9;at org.junit.Assert.assertEquals(Assert.java:128)&#10;&#9;at org.jfree.data.Shift.negShiftForUpperEqualsOne(Shift.java:97)&#10;&#9;at sun.reflect.NativeMethodAccessorImpl.invoke0(Native Method)&#10;&#9;at sun.reflect.NativeMethodAccessorImpl.invoke(NativeMethodAccessorImpl.java:39)&#10;&#9;at sun.reflect.DelegatingMethodAccessorImpl.invoke(DelegatingMethodAccessorImpl.java:25)&#10;&#9;at java.lang.reflect.Method.invoke(Method.java:597)&#10;&#9;at org.junit.runners.model.FrameworkMethod$1.runReflectiveCall(FrameworkMethod.java:45)&#10;&#9;at org.junit.internal.runners.model.ReflectiveCallable.run(ReflectiveCallable.java:15)&#10;&#9;at org.junit.runners.model.FrameworkMethod.invokeExplosively(FrameworkMethod.java:42)&#10;&#9;at org.junit.internal.runners.statements.InvokeMethod.evaluate(InvokeMethod.java:20)&#10;&#9;at org.junit.runners.ParentRunner.runLeaf(ParentRunner.java:263)&#10;&#9;at org.junit.runners.BlockJUnit4ClassRunner.runChild(BlockJUnit4ClassRunner.java:68)&#10;&#9;at org.junit.runners.BlockJUnit4ClassRunner.runChild(BlockJUnit4ClassRunner.java:47)&#10;&#9;at org.junit.runners.ParentRunner$3.run(ParentRunner.java:231)&#10;&#9;at org.junit.runners.ParentRunner$1.schedule(ParentRunner.java:60)&#10;&#9;at org.junit.runners.ParentRunner.runChildren(ParentRunner.java:229)&#10;&#9;at org.junit.runners.ParentRunner.access$000(ParentRunner.java:50)&#10;&#9;at org.junit.runners.ParentRunner$2.evaluate(ParentRunner.java:222)&#10;&#9;at org.junit.runners.ParentRunner.run(ParentRunner.java:300)&#10;&#9;at org.eclipse.jdt.internal.junit4.runner.JUnit4TestReference.run(JUnit4TestReference.java:49)&#10;&#9;at org.eclipse.jdt.internal.junit.runner.TestExecution.run(TestExecution.java:38)&#10;&#9;at org.eclipse.jdt.internal.junit.runner.RemoteTestRunner.runTests(RemoteTestRunner.java:467)&#10;&#9;at org.eclipse.jdt.internal.junit.runner.RemoteTestRunner.runTests(RemoteTestRunner.java:683)&#10;&#9;at org.eclipse.jdt.internal.junit.runner.RemoteTestRunner.run(RemoteTestRunner.java:390)&#10;&#9;at org.codecover.juniteclipse.runner.EclipseTestRunner.main(EclipseTestRunner.java:40)" Date="1328027106450" Name="org.jfree.data.Shift:negShiftForUpperEqualsOne">
<CovList>
<CovPrefix CovItemPrefix="org.jfree.data.Shift.java">
<Cov CovItemId="B3" Value="1"/>
<Cov CovItemId="S19" Value="1"/>
<Cov CovItemId="S20" Value="1"/>
<Cov CovItemId="S21" Value="1"/>
<Cov CovItemId="S22" Value="1"/>
<Cov CovItemId="S24" Value="1"/>
</CovPrefix>
</CovList>
<AssgnmntList/>
<ObjMetaDataList/>
<MetaDataList/>
</TestCase>
<TestCase Comment="" Date="1328027106453" Name="org.jfree.data.Shift:negShiftForUpperEqualsZero">
<CovList>
<CovPrefix CovItemPrefix="org.jfree.data.Shift.java">
<Cov CovItemId="S25" Value="1"/>
<Cov CovItemId="S26" Value="1"/>
<Cov CovItemId="S27" Value="1"/>
<Cov CovItemId="S28" Value="1"/>
<Cov CovItemId="S29" Value="1"/>
<Cov CovItemId="S30" Value="1"/>
</CovPrefix>
</CovList>
<AssgnmntList/>
<ObjMetaDataList/>
<MetaDataList/>
</TestCase>
<TestCase Comment="" Date="1328027106455" Name="org.jfree.data.Shift:posShiftRight">
<CovList>
<CovPrefix CovItemPrefix="org.jfree.data.Shift.java">
<Cov CovItemId="S31" Value="1"/>
<Cov CovItemId="S32" Value="1"/>
<Cov CovItemId="S33" Value="1"/>
<Cov CovItemId="S34" Value="1"/>
<Cov CovItemId="S35" Value="1"/>
<Cov CovItemId="S36" Value="1"/>
</CovPrefix>
</CovList>
<AssgnmntList/>
<ObjMetaDataList/>
<MetaDataList/>
</TestCase>
<TestCase Comment="" Date="1328027106456" Name="org.jfree.data.Shift:posShiftLeftLegal">
<CovList>
<CovPrefix CovItemPrefix="org.jfree.data.Shift.java">
<Cov CovItemId="S37" Value="1"/>
<Cov CovItemId="S38" Value="1"/>
<Cov CovItemId="S39" Value="1"/>
<Cov CovItemId="S40" Value="1"/>
<Cov CovItemId="S41" Value="1"/>
<Cov CovItemId="S42" Value="1"/>
</CovPrefix>
</CovList>
<AssgnmntList/>
<ObjMetaDataList/>
<MetaDataList/>
</TestCase>
<TestCase Comment="Failure&#10;java.lang.AssertionError: Method should throw exception. expected:&lt;true&gt; but was:&lt;false&gt;&#10;&#9;at org.junit.Assert.fail(Assert.java:93)&#10;&#9;at org.junit.Assert.failNotEquals(Assert.java:647)&#10;&#9;at org.junit.Assert.assertEquals(Assert.java:128)&#10;&#9;at org.jfree.data.Shift.posShiftLeftIllegal(Shift.java:172)&#10;&#9;at sun.reflect.NativeMethodAccessorImpl.invoke0(Native Method)&#10;&#9;at sun.reflect.NativeMethodAccessorImpl.invoke(NativeMethodAccessorImpl.java:39)&#10;&#9;at sun.reflect.DelegatingMethodAccessorImpl.invoke(DelegatingMethodAccessorImpl.java:25)&#10;&#9;at java.lang.reflect.Method.invoke(Method.java:597)&#10;&#9;at org.junit.runners.model.FrameworkMethod$1.runReflectiveCall(FrameworkMethod.java:45)&#10;&#9;at org.junit.internal.runners.model.ReflectiveCallable.run(ReflectiveCallable.java:15)&#10;&#9;at org.junit.runners.model.FrameworkMethod.invokeExplosively(FrameworkMethod.java:42)&#10;&#9;at org.junit.internal.runners.statements.InvokeMethod.evaluate(InvokeMethod.java:20)&#10;&#9;at org.junit.runners.ParentRunner.runLeaf(ParentRunner.java:263)&#10;&#9;at org.junit.runners.BlockJUnit4ClassRunner.runChild(BlockJUnit4ClassRunner.java:68)&#10;&#9;at org.junit.runners.BlockJUnit4ClassRunner.runChild(BlockJUnit4ClassRunner.java:47)&#10;&#9;at org.junit.runners.ParentRunner$3.run(ParentRunner.java:231)&#10;&#9;at org.junit.runners.ParentRunner$1.schedule(ParentRunner.java:60)&#10;&#9;at org.junit.runners.ParentRunner.runChildren(ParentRunner.java:229)&#10;&#9;at org.junit.runners.ParentRunner.access$000(ParentRunner.java:50)&#10;&#9;at org.junit.runners.ParentRunner$2.evaluate(ParentRunner.java:222)&#10;&#9;at org.junit.runners.ParentRunner.run(ParentRunner.java:300)&#10;&#9;at org.eclipse.jdt.internal.junit4.runner.JUnit4TestReference.run(JUnit4TestReference.java:49)&#10;&#9;at org.eclipse.jdt.internal.junit.runner.TestExecution.run(TestExecution.java:38)&#10;&#9;at org.eclipse.jdt.internal.junit.runner.RemoteTestRunner.runTests(RemoteTestRunner.java:467)&#10;&#9;at org.eclipse.jdt.internal.junit.runner.RemoteTestRunner.runTests(RemoteTestRunner.java:683)&#10;&#9;at org.eclipse.jdt.internal.junit.runner.RemoteTestRunner.run(RemoteTestRunner.java:390)&#10;&#9;at org.codecover.juniteclipse.runner.EclipseTestRunner.main(EclipseTestRunner.java:40)" Date="1328027106457" Name="org.jfree.data.Shift:posShiftLeftIllegal">
<CovList>
<CovPrefix CovItemPrefix="org.jfree.data.Shift.java">
<Cov CovItemId="B5" Value="1"/>
<Cov CovItemId="S43" Value="1"/>
<Cov CovItemId="S44" Value="1"/>
<Cov CovItemId="S45" Value="1"/>
<Cov CovItemId="S46" Value="1"/>
<Cov CovItemId="S48" Value="1"/>
</CovPrefix>
</CovList>
<AssgnmntList/>
<ObjMetaDataList/>
<MetaDataList/>
</TestCase>
<TestCase Comment="Failure&#10;java.lang.AssertionError: Method should throw exception. expected:&lt;true&gt; but was:&lt;false&gt;&#10;&#9;at org.junit.Assert.fail(Assert.java:93)&#10;&#9;at org.junit.Assert.failNotEquals(Assert.java:647)&#10;&#9;at org.junit.Assert.assertEquals(Assert.java:128)&#10;&#9;at org.jfree.data.Shift.posShiftForLowerEqualMinusOne(Shift.java:199)&#10;&#9;at sun.reflect.NativeMethodAccessorImpl.invoke0(Native Method)&#10;&#9;at sun.reflect.NativeMethodAccessorImpl.invoke(NativeMethodAccessorImpl.java:39)&#10;&#9;at sun.reflect.DelegatingMethodAccessorImpl.invoke(DelegatingMethodAccessorImpl.java:25)&#10;&#9;at java.lang.reflect.Method.invoke(Method.java:597)&#10;&#9;at org.junit.runners.model.FrameworkMethod$1.runReflectiveCall(FrameworkMethod.java:45)&#10;&#9;at org.junit.internal.runners.model.ReflectiveCallable.run(ReflectiveCallable.java:15)&#10;&#9;at org.junit.runners.model.FrameworkMethod.invokeExplosively(FrameworkMethod.java:42)&#10;&#9;at org.junit.internal.runners.statements.InvokeMethod.evaluate(InvokeMethod.java:20)&#10;&#9;at org.junit.runners.ParentRunner.runLeaf(ParentRunner.java:263)&#10;&#9;at org.junit.runners.BlockJUnit4ClassRunner.runChild(BlockJUnit4ClassRunner.java:68)&#10;&#9;at org.junit.runners.BlockJUnit4ClassRunner.runChild(BlockJUnit4ClassRunner.java:47)&#10;&#9;at org.junit.runners.ParentRunner$3.run(ParentRunner.java:231)&#10;&#9;at org.junit.runners.ParentRunner$1.schedule(ParentRunner.java:60)&#10;&#9;at org.junit.runners.ParentRunner.runChildren(ParentRunner.java:229)&#10;&#9;at org.junit.runners.ParentRunner.access$000(ParentRunner.java:50)&#10;&#9;at org.junit.runners.ParentRunner$2.evaluate(ParentRunner.java:222)&#10;&#9;at org.junit.runners.ParentRunner.run(ParentRunner.java:300)&#10;&#9;at org.eclipse.jdt.internal.junit4.runner.JUnit4TestReference.run(JUnit4TestReference.java:49)&#10;&#9;at org.eclipse.jdt.internal.junit.runner.TestExecution.run(TestExecution.java:38)&#10;&#9;at org.eclipse.jdt.internal.junit.runner.RemoteTestRunner.runTests(RemoteTestRunner.java:467)&#10;&#9;at org.eclipse.jdt.internal.junit.runner.RemoteTestRunner.runTests(RemoteTestRunner.java:683)&#10;&#9;at org.eclipse.jdt.internal.junit.runner.RemoteTestRunner.run(RemoteTestRunner.java:390)&#10;&#9;at org.codecover.juniteclipse.runner.EclipseTestRunner.main(EclipseTestRunner.java:40)" Date="1328027106464" Name="org.jfree.data.Shift:posShiftForLowerEqualMinusOne">
<CovList>
<CovPrefix CovItemPrefix="org.jfree.data.Shift.java">
<Cov CovItemId="B7" Value="1"/>
<Cov CovItemId="S49" Value="1"/>
<Cov CovItemId="S50" Value="1"/>
<Cov CovItemId="S51" Value="1"/>
<Cov CovItemId="S52" Value="1"/>
<Cov CovItemId="S54" Value="1"/>
</CovPrefix>
</CovList>
<AssgnmntList/>
<ObjMetaDataList/>
<MetaDataList/>
</TestCase>
<TestCase Comment="" Date="1328027106466" Name="org.jfree.data.Shift:posShiftForLowerEqualZero">
<CovList>
<CovPrefix CovItemPrefix="org.jfree.data.Shift.java">
<Cov CovItemId="S55" Value="1"/>
<Cov CovItemId="S56" Value="1"/>
<Cov CovItemId="S57" Value="1"/>
<Cov CovItemId="S58" Value="1"/>
<Cov CovItemId="S59" Value="1"/>
<Cov CovItemId="S60" Value="1"/>
</CovPrefix>
</CovList>
<AssgnmntList/>
<ObjMetaDataList/>
<MetaDataList/>
</TestCase>
<TestCase Comment="" Date="1328027106468" Name="org.jfree.data.Shift:centerShiftLeftLegal">
<CovList>
<CovPrefix CovItemPrefix="org.jfree.data.Shift.java">
<Cov CovItemId="S61" Value="1"/>
<Cov CovItemId="S62" Value="1"/>
<Cov CovItemId="S63" Value="1"/>
<Cov CovItemId="S64" Value="1"/>
<Cov CovItemId="S65" Value="1"/>
<Cov CovItemId="S66" Value="1"/>
</CovPrefix>
</CovList>
<AssgnmntList/>
<ObjMetaDataList/>
<MetaDataList/>
</TestCase>
<TestCase Comment="" Date="1328027106469" Name="org.jfree.data.Shift:centerShiftRightLegal">
<CovList>
<CovPrefix CovItemPrefix="org.jfree.data.Shift.java">
<Cov CovItemId="S67" Value="1"/>
<Cov CovItemId="S68" Value="1"/>
<Cov CovItemId="S69" Value="1"/>
<Cov CovItemId="S70" Value="1"/>
<Cov CovItemId="S71" Value="1"/>
<Cov CovItemId="S72" Value="1"/>
</CovPrefix>
</CovList>
<AssgnmntList/>
<ObjMetaDataList/>
<MetaDataList/>
</TestCase>
<TestCase Comment="Failure&#10;java.lang.AssertionError: Method should throw exception. expected:&lt;true&gt; but was:&lt;false&gt;&#10;&#9;at org.junit.Assert.fail(Assert.java:93)&#10;&#9;at org.junit.Assert.failNotEquals(Assert.java:647)&#10;&#9;at org.junit.Assert.assertEquals(Assert.java:128)&#10;&#9;at org.jfree.data.Shift.centerShiftLeftIllegal(Shift.java:274)&#10;&#9;at sun.reflect.NativeMethodAccessorImpl.invoke0(Native Method)&#10;&#9;at sun.reflect.NativeMethodAccessorImpl.invoke(NativeMethodAccessorImpl.java:39)&#10;&#9;at sun.reflect.DelegatingMethodAccessorImpl.invoke(DelegatingMethodAccessorImpl.java:25)&#10;&#9;at java.lang.reflect.Method.invoke(Method.java:597)&#10;&#9;at org.junit.runners.model.FrameworkMethod$1.runReflectiveCall(FrameworkMethod.java:45)&#10;&#9;at org.junit.internal.runners.model.ReflectiveCallable.run(ReflectiveCallable.java:15)&#10;&#9;at org.junit.runners.model.FrameworkMethod.invokeExplosively(FrameworkMethod.java:42)&#10;&#9;at org.junit.internal.runners.statements.InvokeMethod.evaluate(InvokeMethod.java:20)&#10;&#9;at org.junit.runners.ParentRunner.runLeaf(ParentRunner.java:263)&#10;&#9;at org.junit.runners.BlockJUnit4ClassRunner.runChild(BlockJUnit4ClassRunner.java:68)&#10;&#9;at org.junit.runners.BlockJUnit4ClassRunner.runChild(BlockJUnit4ClassRunner.java:47)&#10;&#9;at org.junit.runners.ParentRunner$3.run(ParentRunner.java:231)&#10;&#9;at org.junit.runners.ParentRunner$1.schedule(ParentRunner.java:60)&#10;&#9;at org.junit.runners.ParentRunner.runChildren(ParentRunner.java:229)&#10;&#9;at org.junit.runners.ParentRunner.access$000(ParentRunner.java:50)&#10;&#9;at org.junit.runners.ParentRunner$2.evaluate(ParentRunner.java:222)&#10;&#9;at org.junit.runners.ParentRunner.run(ParentRunner.java:300)&#10;&#9;at org.eclipse.jdt.internal.junit4.runner.JUnit4TestReference.run(JUnit4TestReference.java:49)&#10;&#9;at org.eclipse.jdt.internal.junit.runner.TestExecution.run(TestExecution.java:38)&#10;&#9;at org.eclipse.jdt.internal.junit.runner.RemoteTestRunner.runTests(RemoteTestRunner.java:467)&#10;&#9;at org.eclipse.jdt.internal.junit.runner.RemoteTestRunner.runTests(RemoteTestRunner.java:683)&#10;&#9;at org.eclipse.jdt.internal.junit.runner.RemoteTestRunner.run(RemoteTestRunner.java:390)&#10;&#9;at org.codecover.juniteclipse.runner.EclipseTestRunner.main(EclipseTestRunner.java:40)" Date="1328027106470" Name="org.jfree.data.Shift:centerShiftLeftIllegal">
<CovList>
<CovPrefix CovItemPrefix="org.jfree.data.Shift.java">
<Cov CovItemId="B9" Value="1"/>
<Cov CovItemId="S73" Value="1"/>
<Cov CovItemId="S74" Value="1"/>
<Cov CovItemId="S75" Value="1"/>
<Cov CovItemId="S76" Value="1"/>
<Cov CovItemId="S78" Value="1"/>
</CovPrefix>
</CovList>
<AssgnmntList/>
<ObjMetaDataList/>
<MetaDataList/>
</TestCase>
<TestCase Comment="Failure&#10;java.lang.AssertionError: Method should throw exception. expected:&lt;true&gt; but was:&lt;false&gt;&#10;&#9;at org.junit.Assert.fail(Assert.java:93)&#10;&#9;at org.junit.Assert.failNotEquals(Assert.java:647)&#10;&#9;at org.junit.Assert.assertEquals(Assert.java:128)&#10;&#9;at org.jfree.data.Shift.centerShiftRightIllegal(Shift.java:301)&#10;&#9;at sun.reflect.NativeMethodAccessorImpl.invoke0(Native Method)&#10;&#9;at sun.reflect.NativeMethodAccessorImpl.invoke(NativeMethodAccessorImpl.java:39)&#10;&#9;at sun.reflect.DelegatingMethodAccessorImpl.invoke(DelegatingMethodAccessorImpl.java:25)&#10;&#9;at java.lang.reflect.Method.invoke(Method.java:597)&#10;&#9;at org.junit.runners.model.FrameworkMethod$1.runReflectiveCall(FrameworkMethod.java:45)&#10;&#9;at org.junit.internal.runners.model.ReflectiveCallable.run(ReflectiveCallable.java:15)&#10;&#9;at org.junit.runners.model.FrameworkMethod.invokeExplosively(FrameworkMethod.java:42)&#10;&#9;at org.junit.internal.runners.statements.InvokeMethod.evaluate(InvokeMethod.java:20)&#10;&#9;at org.junit.runners.ParentRunner.runLeaf(ParentRunner.java:263)&#10;&#9;at org.junit.runners.BlockJUnit4ClassRunner.runChild(BlockJUnit4ClassRunner.java:68)&#10;&#9;at org.junit.runners.BlockJUnit4ClassRunner.runChild(BlockJUnit4ClassRunner.java:47)&#10;&#9;at org.junit.runners.ParentRunner$3.run(ParentRunner.java:231)&#10;&#9;at org.junit.runners.ParentRunner$1.schedule(ParentRunner.java:60)&#10;&#9;at org.junit.runners.ParentRunner.runChildren(ParentRunner.java:229)&#10;&#9;at org.junit.runners.ParentRunner.access$000(ParentRunner.java:50)&#10;&#9;at org.junit.runners.ParentRunner$2.evaluate(ParentRunner.java:222)&#10;&#9;at org.junit.runners.ParentRunner.run(ParentRunner.java:300)&#10;&#9;at org.eclipse.jdt.internal.junit4.runner.JUnit4TestReference.run(JUnit4TestReference.java:49)&#10;&#9;at org.eclipse.jdt.internal.junit.runner.TestExecution.run(TestExecution.java:38)&#10;&#9;at org.eclipse.jdt.internal.junit.runner.RemoteTestRunner.runTests(RemoteTestRunner.java:467)&#10;&#9;at org.eclipse.jdt.internal.junit.runner.RemoteTestRunner.runTests(RemoteTestRunner.java:683)&#10;&#9;at org.eclipse.jdt.internal.junit.runner.RemoteTestRunner.run(RemoteTestRunner.java:390)&#10;&#9;at org.codecover.juniteclipse.runner.EclipseTestRunner.main(EclipseTestRunner.java:40)" Date="1328027106484" Name="org.jfree.data.Shift:centerShiftRightIllegal">
<CovList>
<CovPrefix CovItemPrefix="org.jfree.data.Shift.java">
<Cov CovItemId="B11" Value="1"/>
<Cov CovItemId="S79" Value="1"/>
<Cov CovItemId="S80" Value="1"/>
<Cov CovItemId="S81" Value="1"/>
<Cov CovItemId="S82" Value="1"/>
<Cov CovItemId="S84" Value="1"/>
</CovPrefix>
</CovList>
<AssgnmntList/>
<ObjMetaDataList/>
<MetaDataList/>
</TestCase>
<TestCase Comment="" Date="1328027106493" Name="org.jfree.data.Shift:centerNoShift">
<CovList>
<CovPrefix CovItemPrefix="org.jfree.data.Shift.java">
<Cov CovItemId="S85" Value="1"/>
<Cov CovItemId="S86" Value="1"/>
<Cov CovItemId="S87" Value="1"/>
<Cov CovItemId="S88" Value="1"/>
<Cov CovItemId="S89" Value="1"/>
</CovPrefix>
</CovList>
<AssgnmntList/>
<ObjMetaDataList/>
<MetaDataList/>
</TestCase>
<TestCase Comment="Failure&#10;java.lang.AssertionError: Method should throw exception. expected:&lt;true&gt; but was:&lt;false&gt;&#10;&#9;at org.junit.Assert.fail(Assert.java:93)&#10;&#9;at org.junit.Assert.failNotEquals(Assert.java:647)&#10;&#9;at org.junit.Assert.assertEquals(Assert.java:128)&#10;&#9;at org.jfree.data.Combine.firstRangeNullSecondNot(Combine.java:41)&#10;&#9;at sun.reflect.NativeMethodAccessorImpl.invoke0(Native Method)&#10;&#9;at sun.reflect.NativeMethodAccessorImpl.invoke(NativeMethodAccessorImpl.java:39)&#10;&#9;at sun.reflect.DelegatingMethodAccessorImpl.invoke(DelegatingMethodAccessorImpl.java:25)&#10;&#9;at java.lang.reflect.Method.invoke(Method.java:597)&#10;&#9;at org.junit.runners.model.FrameworkMethod$1.runReflectiveCall(FrameworkMethod.java:45)&#10;&#9;at org.junit.internal.runners.model.ReflectiveCallable.run(ReflectiveCallable.java:15)&#10;&#9;at org.junit.runners.model.FrameworkMethod.invokeExplosively(FrameworkMethod.java:42)&#10;&#9;at org.junit.internal.runners.statements.InvokeMethod.evaluate(InvokeMethod.java:20)&#10;&#9;at org.junit.runners.ParentRunner.runLeaf(ParentRunner.java:263)&#10;&#9;at org.junit.runners.BlockJUnit4ClassRunner.runChild(BlockJUnit4ClassRunner.java:68)&#10;&#9;at org.junit.runners.BlockJUnit4ClassRunner.runChild(BlockJUnit4ClassRunner.java:47)&#10;&#9;at org.junit.runners.ParentRunner$3.run(ParentRunner.java:231)&#10;&#9;at org.junit.runners.ParentRunner$1.schedule(ParentRunner.java:60)&#10;&#9;at org.junit.runners.ParentRunner.runChildren(ParentRunner.java:229)&#10;&#9;at org.junit.runners.ParentRunner.access$000(ParentRunner.java:50)&#10;&#9;at org.junit.runners.ParentRunner$2.evaluate(ParentRunner.java:222)&#10;&#9;at org.junit.runners.ParentRunner.run(ParentRunner.java:300)&#10;&#9;at org.eclipse.jdt.internal.junit4.runner.JUnit4TestReference.run(JUnit4TestReference.java:49)&#10;&#9;at org.eclipse.jdt.internal.junit.runner.TestExecution.run(TestExecution.java:38)&#10;&#9;at org.eclipse.jdt.internal.junit.runner.RemoteTestRunner.runTests(RemoteTestRunner.java:467)&#10;&#9;at org.eclipse.jdt.internal.junit.runner.RemoteTestRunner.runTests(RemoteTestRunner.java:683)&#10;&#9;at org.eclipse.jdt.internal.junit.runner.RemoteTestRunner.run(RemoteTestRunner.java:390)&#10;&#9;at org.codecover.juniteclipse.runner.EclipseTestRunner.main(EclipseTestRunner.java:40)" Date="1328027106499" Name="org.jfree.data.Combine:firstRangeNullSecondNot">
<CovList>
<CovPrefix CovItemPrefix="org.jfree.data.Combine.java">
<Cov CovItemId="B1" Value="1"/>
<Cov CovItemId="S1" Value="1"/>
<Cov CovItemId="S2" Value="1"/>
<Cov CovItemId="S3" Value="1"/>
<Cov CovItemId="S4" Value="1"/>
<Cov CovItemId="S5" Value="1"/>
<Cov CovItemId="S7" Value="1"/>
</CovPrefix>
</CovList>
<AssgnmntList/>
<ObjMetaDataList/>
<MetaDataList/>
</TestCase>
<TestCase Comment="Failure&#10;java.lang.AssertionError: Method should throw exception. expected:&lt;true&gt; but was:&lt;false&gt;&#10;&#9;at org.junit.Assert.fail(Assert.java:93)&#10;&#9;at org.junit.Assert.failNotEquals(Assert.java:647)&#10;&#9;at org.junit.Assert.assertEquals(Assert.java:128)&#10;&#9;at org.jfree.data.Combine.secondRangeNullFirstNot(Combine.java:70)&#10;&#9;at sun.reflect.NativeMethodAccessorImpl.invoke0(Native Method)&#10;&#9;at sun.reflect.NativeMethodAccessorImpl.invoke(NativeMethodAccessorImpl.java:39)&#10;&#9;at sun.reflect.DelegatingMethodAccessorImpl.invoke(DelegatingMethodAccessorImpl.java:25)&#10;&#9;at java.lang.reflect.Method.invoke(Method.java:597)&#10;&#9;at org.junit.runners.model.FrameworkMethod$1.runReflectiveCall(FrameworkMethod.java:45)&#10;&#9;at org.junit.internal.runners.model.ReflectiveCallable.run(ReflectiveCallable.java:15)&#10;&#9;at org.junit.runners.model.FrameworkMethod.invokeExplosively(FrameworkMethod.java:42)&#10;&#9;at org.junit.internal.runners.statements.InvokeMethod.evaluate(InvokeMethod.java:20)&#10;&#9;at org.junit.runners.ParentRunner.runLeaf(ParentRunner.java:263)&#10;&#9;at org.junit.runners.BlockJUnit4ClassRunner.runChild(BlockJUnit4ClassRunner.java:68)&#10;&#9;at org.junit.runners.BlockJUnit4ClassRunner.runChild(BlockJUnit4ClassRunner.java:47)&#10;&#9;at org.junit.runners.ParentRunner$3.run(ParentRunner.java:231)&#10;&#9;at org.junit.runners.ParentRunner$1.schedule(ParentRunner.java:60)&#10;&#9;at org.junit.runners.ParentRunner.runChildren(ParentRunner.java:229)&#10;&#9;at org.junit.runners.ParentRunner.access$000(ParentRunner.java:50)&#10;&#9;at org.junit.runners.ParentRunner$2.evaluate(ParentRunner.java:222)&#10;&#9;at org.junit.runners.ParentRunner.run(ParentRunner.java:300)&#10;&#9;at org.eclipse.jdt.internal.junit4.runner.JUnit4TestReference.run(JUnit4TestReference.java:49)&#10;&#9;at org.eclipse.jdt.internal.junit.runner.TestExecution.run(TestExecution.java:38)&#10;&#9;at org.eclipse.jdt.internal.junit.runner.RemoteTestRunner.runTests(RemoteTestRunner.java:467)&#10;&#9;at org.eclipse.jdt.internal.junit.runner.RemoteTestRunner.runTests(RemoteTestRunner.java:683)&#10;&#9;at org.eclipse.jdt.internal.junit.runner.RemoteTestRunner.run(RemoteTestRunner.java:390)&#10;&#9;at org.codecover.juniteclipse.runner.EclipseTestRunner.main(EclipseTestRunner.java:40)" Date="1328027106502" Name="org.jfree.data.Combine:secondRangeNullFirstNot">
<CovList>
<CovPrefix CovItemPrefix="org.jfree.data.Combine.java">
<Cov CovItemId="B3" Value="1"/>
<Cov CovItemId="S10" Value="1"/>
<Cov CovItemId="S11" Value="1"/>
<Cov CovItemId="S12" Value="1"/>
<Cov CovItemId="S14" Value="1"/>
<Cov CovItemId="S8" Value="1"/>
<Cov CovItemId="S9" Value="1"/>
</CovPrefix>
</CovList>
<AssgnmntList/>
<ObjMetaDataList/>
<MetaDataList/>
</TestCase>
<TestCase Comment="Failure&#10;java.lang.AssertionError: Method should throw exception. expected:&lt;true&gt; but was:&lt;false&gt;&#10;&#9;at org.junit.Assert.fail(Assert.java:93)&#10;&#9;at org.junit.Assert.failNotEquals(Assert.java:647)&#10;&#9;at org.junit.Assert.assertEquals(Assert.java:128)&#10;&#9;at org.jfree.data.Combine.bothRangesNull(Combine.java:99)&#10;&#9;at sun.reflect.NativeMethodAccessorImpl.invoke0(Native Method)&#10;&#9;at sun.reflect.NativeMethodAccessorImpl.invoke(NativeMethodAccessorImpl.java:39)&#10;&#9;at sun.reflect.DelegatingMethodAccessorImpl.invoke(DelegatingMethodAccessorImpl.java:25)&#10;&#9;at java.lang.reflect.Method.invoke(Method.java:597)&#10;&#9;at org.junit.runners.model.FrameworkMethod$1.runReflectiveCall(FrameworkMethod.java:45)&#10;&#9;at org.junit.internal.runners.model.ReflectiveCallable.run(ReflectiveCallable.java:15)&#10;&#9;at org.junit.runners.model.FrameworkMethod.invokeExplosively(FrameworkMethod.java:42)&#10;&#9;at org.junit.internal.runners.statements.InvokeMethod.evaluate(InvokeMethod.java:20)&#10;&#9;at org.junit.runners.ParentRunner.runLeaf(ParentRunner.java:263)&#10;&#9;at org.junit.runners.BlockJUnit4ClassRunner.runChild(BlockJUnit4ClassRunner.java:68)&#10;&#9;at org.junit.runners.BlockJUnit4ClassRunner.runChild(BlockJUnit4ClassRunner.java:47)&#10;&#9;at org.junit.runners.ParentRunner$3.run(ParentRunner.java:231)&#10;&#9;at org.junit.runners.ParentRunner$1.schedule(ParentRunner.java:60)&#10;&#9;at org.junit.runners.ParentRunner.runChildren(ParentRunner.java:229)&#10;&#9;at org.junit.runners.ParentRunner.access$000(ParentRunner.java:50)&#10;&#9;at org.junit.runners.ParentRunner$2.evaluate(ParentRunner.java:222)&#10;&#9;at org.junit.runners.ParentRunner.run(ParentRunner.java:300)&#10;&#9;at org.eclipse.jdt.internal.junit4.runner.JUnit4TestReference.run(JUnit4TestReference.java:49)&#10;&#9;at org.eclipse.jdt.internal.junit.runner.TestExecution.run(TestExecution.java:38)&#10;&#9;at org.eclipse.jdt.internal.junit.runner.RemoteTestRunner.runTests(RemoteTestRunner.java:467)&#10;&#9;at org.eclipse.jdt.internal.junit.runner.RemoteTestRunner.runTests(RemoteTestRunner.java:683)&#10;&#9;at org.eclipse.jdt.internal.junit.runner.RemoteTestRunner.run(RemoteTestRunner.java:390)&#10;&#9;at org.codecover.juniteclipse.runner.EclipseTestRunner.main(EclipseTestRunner.java:40)" Date="1328027106504" Name="org.jfree.data.Combine:bothRangesNull">
<CovList>
<CovPrefix CovItemPrefix="org.jfree.data.Combine.java">
<Cov CovItemId="B5" Value="1"/>
<Cov CovItemId="S15" Value="1"/>
<Cov CovItemId="S16" Value="1"/>
<Cov CovItemId="S17" Value="1"/>
<Cov CovItemId="S18" Value="1"/>
<Cov CovItemId="S19" Value="1"/>
<Cov CovItemId="S21" Value="1"/>
</CovPrefix>
</CovList>
<AssgnmntList/>
<ObjMetaDataList/>
<MetaDataList/>
</TestCase>
<TestCase Comment="" Date="1328027106506" Name="org.jfree.data.Combine:rangeOneEqualsRangeTwo">
<CovList>
<CovPrefix CovItemPrefix="org.jfree.data.Combine.java">
<Cov CovItemId="S22" Value="1"/>
<Cov CovItemId="S23" Value="1"/>
<Cov CovItemId="S24" Value="1"/>
<Cov CovItemId="S25" Value="1"/>
<Cov CovItemId="S26" Value="1"/>
<Cov CovItemId="S27" Value="1"/>
<Cov CovItemId="S28" Value="1"/>
</CovPrefix>
</CovList>
<AssgnmntList/>
<ObjMetaDataList/>
<MetaDataList/>
</TestCase>
<TestCase Comment="" Date="1328027106507" Name="org.jfree.data.Combine:overlappingRanges">
<CovList>
<CovPrefix CovItemPrefix="org.jfree.data.Combine.java">
<Cov CovItemId="S29" Value="1"/>
<Cov CovItemId="S30" Value="1"/>
<Cov CovItemId="S31" Value="1"/>
<Cov CovItemId="S32" Value="1"/>
<Cov CovItemId="S33" Value="1"/>
<Cov CovItemId="S34" Value="1"/>
<Cov CovItemId="S35" Value="1"/>
</CovPrefix>
</CovList>
<AssgnmntList/>
<ObjMetaDataList/>
<MetaDataList/>
</TestCase>
<TestCase Comment="" Date="1328027106508" Name="org.jfree.data.Combine:gapBetweenRanges">
<CovList>
<CovPrefix CovItemPrefix="org.jfree.data.Combine.java">
<Cov CovItemId="S36" Value="1"/>
<Cov CovItemId="S37" Value="1"/>
<Cov CovItemId="S38" Value="1"/>
<Cov CovItemId="S39" Value="1"/>
<Cov CovItemId="S40" Value="1"/>
<Cov CovItemId="S41" Value="1"/>
<Cov CovItemId="S42" Value="1"/>
</CovPrefix>
</CovList>
<AssgnmntList/>
<ObjMetaDataList/>
<MetaDataList/>
</TestCase>
<TestCase Comment="" Date="1328027106509" Name="org.jfree.data.Combine:noOverlapNoIntegerGap">
<CovList>
<CovPrefix CovItemPrefix="org.jfree.data.Combine.java">
<Cov CovItemId="S43" Value="1"/>
<Cov CovItemId="S44" Value="1"/>
<Cov CovItemId="S45" Value="1"/>
<Cov CovItemId="S46" Value="1"/>
<Cov CovItemId="S47" Value="1"/>
<Cov CovItemId="S48" Value="1"/>
<Cov CovItemId="S49" Value="1"/>
</CovPrefix>
</CovList>
<AssgnmntList/>
<ObjMetaDataList/>
<MetaDataList/>
</TestCase>
<TestCase Comment="" Date="1328027106511" Name="org.jfree.data.Combine:oneNegativeRangeOnePositive">
<CovList>
<CovPrefix CovItemPrefix="org.jfree.data.Combine.java">
<Cov CovItemId="S50" Value="1"/>
<Cov CovItemId="S51" Value="1"/>
<Cov CovItemId="S52" Value="1"/>
<Cov CovItemId="S53" Value="1"/>
<Cov CovItemId="S54" Value="1"/>
<Cov CovItemId="S55" Value="1"/>
<Cov CovItemId="S56" Value="1"/>
</CovPrefix>
</CovList>
<AssgnmntList/>
<ObjMetaDataList/>
<MetaDataList/>
</TestCase>
<TestCase Comment="Failure&#10;java.lang.AssertionError: expected:&lt;1.0&gt; but was:&lt;0.9&gt;&#10;&#9;at org.junit.Assert.fail(Assert.java:93)&#10;&#9;at org.junit.Assert.failNotEquals(Assert.java:647)&#10;&#9;at org.junit.Assert.assertEquals(Assert.java:128)&#10;&#9;at org.junit.Assert.assertEquals(Assert.java:147)&#10;&#9;at org.jfree.data.GetCumulativePercentages.dataHasOneRow(GetCumulativePercentages.java:43)&#10;&#9;at sun.reflect.NativeMethodAccessorImpl.invoke0(Native Method)&#10;&#9;at sun.reflect.NativeMethodAccessorImpl.invoke(NativeMethodAccessorImpl.java:39)&#10;&#9;at sun.reflect.DelegatingMethodAccessorImpl.invoke(DelegatingMethodAccessorImpl.java:25)&#10;&#9;at java.lang.reflect.Method.invoke(Method.java:597)&#10;&#9;at org.junit.runners.model.FrameworkMethod$1.runReflectiveCall(FrameworkMethod.java:45)&#10;&#9;at org.junit.internal.runners.model.ReflectiveCallable.run(ReflectiveCallable.java:15)&#10;&#9;at org.junit.runners.model.FrameworkMethod.invokeExplosively(FrameworkMethod.java:42)&#10;&#9;at org.junit.internal.runners.statements.InvokeMethod.evaluate(InvokeMethod.java:20)&#10;&#9;at org.junit.runners.ParentRunner.runLeaf(ParentRunner.java:263)&#10;&#9;at org.junit.runners.BlockJUnit4ClassRunner.runChild(BlockJUnit4ClassRunner.java:68)&#10;&#9;at org.junit.runners.BlockJUnit4ClassRunner.runChild(BlockJUnit4ClassRunner.java:47)&#10;&#9;at org.junit.runners.ParentRunner$3.run(ParentRunner.java:231)&#10;&#9;at org.junit.runners.ParentRunner$1.schedule(ParentRunner.java:60)&#10;&#9;at org.junit.runners.ParentRunner.runChildren(ParentRunner.java:229)&#10;&#9;at org.junit.runners.ParentRunner.access$000(ParentRunner.java:50)&#10;&#9;at org.junit.runners.ParentRunner$2.evaluate(ParentRunner.java:222)&#10;&#9;at org.junit.runners.ParentRunner.run(ParentRunner.java:300)&#10;&#9;at org.eclipse.jdt.internal.junit4.runner.JUnit4TestReference.run(JUnit4TestReference.java:49)&#10;&#9;at org.eclipse.jdt.internal.junit.runner.TestExecution.run(TestExecution.java:38)&#10;&#9;at org.eclipse.jdt.internal.junit.runner.RemoteTestRunner.runTests(RemoteTestRunner.java:467)&#10;&#9;at org.eclipse.jdt.internal.junit.runner.RemoteTestRunner.runTests(RemoteTestRunner.java:683)&#10;&#9;at org.eclipse.jdt.internal.junit.runner.RemoteTestRunner.run(RemoteTestRunner.java:390)&#10;&#9;at org.codecover.juniteclipse.runner.EclipseTestRunner.main(EclipseTestRunner.java:40)" Date="1328027106513" Name="org.jfree.data.GetCumulativePercentages:dataHasOneRow">
<CovList>
<CovPrefix CovItemPrefix="org.jfree.data.GetCumulativePercentages.java">
<Cov CovItemId="S1" Value="1"/>
<Cov CovItemId="S10" Value="1"/>
<Cov CovItemId="S11" Value="1"/>
<Cov CovItemId="S2" Value="1"/>
<Cov CovItemId="S3" Value="1"/>
<Cov CovItemId="S4" Value="1"/>
<Cov CovItemId="S5" Value="1"/>
<Cov CovItemId="S6" Value="1"/>
<Cov CovItemId="S7" Value="1"/>
<Cov CovItemId="S8" Value="1"/>
<Cov CovItemId="S9" Value="1"/>
</CovPrefix>
</CovList>
<AssgnmntList/>
<ObjMetaDataList/>
<MetaDataList/>
</TestCase>
<TestCase Comment="Failure&#10;java.lang.AssertionError: expected:&lt;0.25&gt; but was:&lt;0.225&gt;&#10;&#9;at org.junit.Assert.fail(Assert.java:93)&#10;&#9;at org.junit.Assert.failNotEquals(Assert.java:647)&#10;&#9;at org.junit.Assert.assertEquals(Assert.java:128)&#10;&#9;at org.junit.Assert.assertEquals(Assert.java:147)&#10;&#9;at org.jfree.data.GetCumulativePercentages.dataHasFourRows(GetCumulativePercentages.java:97)&#10;&#9;at sun.reflect.NativeMethodAccessorImpl.invoke0(Native Method)&#10;&#9;at sun.reflect.NativeMethodAccessorImpl.invoke(NativeMethodAccessorImpl.java:39)&#10;&#9;at sun.reflect.DelegatingMethodAccessorImpl.invoke(DelegatingMethodAccessorImpl.java:25)&#10;&#9;at java.lang.reflect.Method.invoke(Method.java:597)&#10;&#9;at org.junit.runners.model.FrameworkMethod$1.runReflectiveCall(FrameworkMethod.java:45)&#10;&#9;at org.junit.internal.runners.model.ReflectiveCallable.run(ReflectiveCallable.java:15)&#10;&#9;at org.junit.runners.model.FrameworkMethod.invokeExplosively(FrameworkMethod.java:42)&#10;&#9;at org.junit.internal.runners.statements.InvokeMethod.evaluate(InvokeMethod.java:20)&#10;&#9;at org.junit.runners.ParentRunner.runLeaf(ParentRunner.java:263)&#10;&#9;at org.junit.runners.BlockJUnit4ClassRunner.runChild(BlockJUnit4ClassRunner.java:68)&#10;&#9;at org.junit.runners.BlockJUnit4ClassRunner.runChild(BlockJUnit4ClassRunner.java:47)&#10;&#9;at org.junit.runners.ParentRunner$3.run(ParentRunner.java:231)&#10;&#9;at org.junit.runners.ParentRunner$1.schedule(ParentRunner.java:60)&#10;&#9;at org.junit.runners.ParentRunner.runChildren(ParentRunner.java:229)&#10;&#9;at org.junit.runners.ParentRunner.access$000(ParentRunner.java:50)&#10;&#9;at org.junit.runners.ParentRunner$2.evaluate(ParentRunner.java:222)&#10;&#9;at org.junit.runners.ParentRunner.run(ParentRunner.java:300)&#10;&#9;at org.eclipse.jdt.internal.junit4.runner.JUnit4TestReference.run(JUnit4TestReference.java:49)&#10;&#9;at org.eclipse.jdt.internal.junit.runner.TestExecution.run(TestExecution.java:38)&#10;&#9;at org.eclipse.jdt.internal.junit.runner.RemoteTestRunner.runTests(RemoteTestRunner.java:467)&#10;&#9;at org.eclipse.jdt.internal.junit.runner.RemoteTestRunner.runTests(RemoteTestRunner.java:683)&#10;&#9;at org.eclipse.jdt.internal.junit.runner.RemoteTestRunner.run(RemoteTestRunner.java:390)&#10;&#9;at org.codecover.juniteclipse.runner.EclipseTestRunner.main(EclipseTestRunner.java:40)" Date="1328027106572" Name="org.jfree.data.GetCumulativePercentages:dataHasFourRows">
<CovList>
<CovPrefix CovItemPrefix="org.jfree.data.GetCumulativePercentages.java">
<Cov CovItemId="S12" Value="1"/>
<Cov CovItemId="S13" Value="1"/>
<Cov CovItemId="S14" Value="1"/>
<Cov CovItemId="S15" Value="1"/>
<Cov CovItemId="S16" Value="1"/>
<Cov CovItemId="S17" Value="1"/>
<Cov CovItemId="S18" Value="1"/>
<Cov CovItemId="S19" Value="1"/>
<Cov CovItemId="S20" Value="1"/>
<Cov CovItemId="S21" Value="1"/>
<Cov CovItemId="S22" Value="1"/>
<Cov CovItemId="S23" Value="1"/>
<Cov CovItemId="S24" Value="1"/>
<Cov CovItemId="S25" Value="1"/>
<Cov CovItemId="S26" Value="1"/>
<Cov CovItemId="S27" Value="1"/>
<Cov CovItemId="S28" Value="1"/>
<Cov CovItemId="S29" Value="1"/>
<Cov CovItemId="S30" Value="1"/>
<Cov CovItemId="S31" Value="1"/>
<Cov CovItemId="S32" Value="1"/>
<Cov CovItemId="S33" Value="1"/>
<Cov CovItemId="S34" Value="1"/>
</CovPrefix>
</CovList>
<AssgnmntList/>
<ObjMetaDataList/>
<MetaDataList/>
</TestCase>
<TestCase Comment="Failure&#10;java.lang.AssertionError: expected:&lt;1.0&gt; but was:&lt;0.9&gt;&#10;&#9;at org.junit.Assert.fail(Assert.java:93)&#10;&#9;at org.junit.Assert.failNotEquals(Assert.java:647)&#10;&#9;at org.junit.Assert.assertEquals(Assert.java:128)&#10;&#9;at org.junit.Assert.assertEquals(Assert.java:147)&#10;&#9;at org.jfree.data.GetCumulativePercentages.firstThreeRowsAreZero(GetCumulativePercentages.java:163)&#10;&#9;at sun.reflect.NativeMethodAccessorImpl.invoke0(Native Method)&#10;&#9;at sun.reflect.NativeMethodAccessorImpl.invoke(NativeMethodAccessorImpl.java:39)&#10;&#9;at sun.reflect.DelegatingMethodAccessorImpl.invoke(DelegatingMethodAccessorImpl.java:25)&#10;&#9;at java.lang.reflect.Method.invoke(Method.java:597)&#10;&#9;at org.junit.runners.model.FrameworkMethod$1.runReflectiveCall(FrameworkMethod.java:45)&#10;&#9;at org.junit.internal.runners.model.ReflectiveCallable.run(ReflectiveCallable.java:15)&#10;&#9;at org.junit.runners.model.FrameworkMethod.invokeExplosively(FrameworkMethod.java:42)&#10;&#9;at org.junit.internal.runners.statements.InvokeMethod.evaluate(InvokeMethod.java:20)&#10;&#9;at org.junit.runners.ParentRunner.runLeaf(ParentRunner.java:263)&#10;&#9;at org.junit.runners.BlockJUnit4ClassRunner.runChild(BlockJUnit4ClassRunner.java:68)&#10;&#9;at org.junit.runners.BlockJUnit4ClassRunner.runChild(BlockJUnit4ClassRunner.java:47)&#10;&#9;at org.junit.runners.ParentRunner$3.run(ParentRunner.java:231)&#10;&#9;at org.junit.runners.ParentRunner$1.schedule(ParentRunner.java:60)&#10;&#9;at org.junit.runners.ParentRunner.runChildren(ParentRunner.java:229)&#10;&#9;at org.junit.runners.ParentRunner.access$000(ParentRunner.java:50)&#10;&#9;at org.junit.runners.ParentRunner$2.evaluate(ParentRunner.java:222)&#10;&#9;at org.junit.runners.ParentRunner.run(ParentRunner.java:300)&#10;&#9;at org.eclipse.jdt.internal.junit4.runner.JUnit4TestReference.run(JUnit4TestReference.java:49)&#10;&#9;at org.eclipse.jdt.internal.junit.runner.TestExecution.run(TestExecution.java:38)&#10;&#9;at org.eclipse.jdt.internal.junit.runner.RemoteTestRunner.runTests(RemoteTestRunner.java:467)&#10;&#9;at org.eclipse.jdt.internal.junit.runner.RemoteTestRunner.runTests(RemoteTestRunner.java:683)&#10;&#9;at org.eclipse.jdt.internal.junit.runner.RemoteTestRunner.run(RemoteTestRunner.java:390)&#10;&#9;at org.codecover.juniteclipse.runner.EclipseTestRunner.main(EclipseTestRunner.java:40)" Date="1328027106579" Name="org.jfree.data.GetCumulativePercentages:firstThreeRowsAreZero">
<CovList>
<CovPrefix CovItemPrefix="org.jfree.data.GetCumulativePercentages.java">
<Cov CovItemId="S38" Value="1"/>
<Cov CovItemId="S39" Value="1"/>
<Cov CovItemId="S40" Value="1"/>
<Cov CovItemId="S41" Value="1"/>
<Cov CovItemId="S42" Value="1"/>
<Cov CovItemId="S43" Value="1"/>
<Cov CovItemId="S44" Value="1"/>
<Cov CovItemId="S45" Value="1"/>
<Cov CovItemId="S46" Value="1"/>
<Cov CovItemId="S47" Value="1"/>
<Cov CovItemId="S48" Value="1"/>
<Cov CovItemId="S49" Value="1"/>
<Cov CovItemId="S50" Value="1"/>
<Cov CovItemId="S51" Value="1"/>
<Cov CovItemId="S52" Value="1"/>
<Cov CovItemId="S53" Value="1"/>
<Cov CovItemId="S54" Value="1"/>
<Cov CovItemId="S55" Value="1"/>
<Cov CovItemId="S56" Value="1"/>
<Cov CovItemId="S57" Value="1"/>
<Cov CovItemId="S58" Value="1"/>
<Cov CovItemId="S59" Value="1"/>
<Cov CovItemId="S60" Value="1"/>
<Cov CovItemId="S61" Value="1"/>
<Cov CovItemId="S62" Value="1"/>
<Cov CovItemId="S63" Value="1"/>
</CovPrefix>
</CovList>
<AssgnmntList/>
<ObjMetaDataList/>
<MetaDataList/>
</TestCase>
<TestCase Comment="Failure&#10;java.lang.AssertionError: expected:&lt;1.0&gt; but was:&lt;0.9&gt;&#10;&#9;at org.junit.Assert.fail(Assert.java:93)&#10;&#9;at org.junit.Assert.failNotEquals(Assert.java:647)&#10;&#9;at org.junit.Assert.assertEquals(Assert.java:128)&#10;&#9;at org.junit.Assert.assertEquals(Assert.java:147)&#10;&#9;at org.jfree.data.GetCumulativePercentages.lastThreeRowsAreZero(GetCumulativePercentages.java:217)&#10;&#9;at sun.reflect.NativeMethodAccessorImpl.invoke0(Native Method)&#10;&#9;at sun.reflect.NativeMethodAccessorImpl.invoke(NativeMethodAccessorImpl.java:39)&#10;&#9;at sun.reflect.DelegatingMethodAccessorImpl.invoke(DelegatingMethodAccessorImpl.java:25)&#10;&#9;at java.lang.reflect.Method.invoke(Method.java:597)&#10;&#9;at org.junit.runners.model.FrameworkMethod$1.runReflectiveCall(FrameworkMethod.java:45)&#10;&#9;at org.junit.internal.runners.model.ReflectiveCallable.run(ReflectiveCallable.java:15)&#10;&#9;at org.junit.runners.model.FrameworkMethod.invokeExplosively(FrameworkMethod.java:42)&#10;&#9;at org.junit.internal.runners.statements.InvokeMethod.evaluate(InvokeMethod.java:20)&#10;&#9;at org.junit.runners.ParentRunner.runLeaf(ParentRunner.java:263)&#10;&#9;at org.junit.runners.BlockJUnit4ClassRunner.runChild(BlockJUnit4ClassRunner.java:68)&#10;&#9;at org.junit.runners.BlockJUnit4ClassRunner.runChild(BlockJUnit4ClassRunner.java:47)&#10;&#9;at org.junit.runners.ParentRunner$3.run(ParentRunner.java:231)&#10;&#9;at org.junit.runners.ParentRunner$1.schedule(ParentRunner.java:60)&#10;&#9;at org.junit.runners.ParentRunner.runChildren(ParentRunner.java:229)&#10;&#9;at org.junit.runners.ParentRunner.access$000(ParentRunner.java:50)&#10;&#9;at org.junit.runners.ParentRunner$2.evaluate(ParentRunner.java:222)&#10;&#9;at org.junit.runners.ParentRunner.run(ParentRunner.java:300)&#10;&#9;at org.eclipse.jdt.internal.junit4.runner.JUnit4TestReference.run(JUnit4TestReference.java:49)&#10;&#9;at org.eclipse.jdt.internal.junit.runner.TestExecution.run(TestExecution.java:38)&#10;&#9;at org.eclipse.jdt.internal.junit.runner.RemoteTestRunner.runTests(RemoteTestRunner.java:467)&#10;&#9;at org.eclipse.jdt.internal.junit.runner.RemoteTestRunner.runTests(RemoteTestRunner.java:683)&#10;&#9;at org.eclipse.jdt.internal.junit.runner.RemoteTestRunner.run(RemoteTestRunner.java:390)&#10;&#9;at org.codecover.juniteclipse.runner.EclipseTestRunner.main(EclipseTestRunner.java:40)" Date="1328027106587" Name="org.jfree.data.GetCumulativePercentages:lastThreeRowsAreZero">
<CovList>
<CovPrefix CovItemPrefix="org.jfree.data.GetCumulativePercentages.java">
<Cov CovItemId="S64" Value="1"/>
<Cov CovItemId="S65" Value="1"/>
<Cov CovItemId="S66" Value="1"/>
<Cov CovItemId="S67" Value="1"/>
<Cov CovItemId="S68" Value="1"/>
<Cov CovItemId="S69" Value="1"/>
<Cov CovItemId="S70" Value="1"/>
<Cov CovItemId="S71" Value="1"/>
<Cov CovItemId="S72" Value="1"/>
<Cov CovItemId="S73" Value="1"/>
<Cov CovItemId="S74" Value="1"/>
<Cov CovItemId="S75" Value="1"/>
<Cov CovItemId="S76" Value="1"/>
<Cov CovItemId="S77" Value="1"/>
<Cov CovItemId="S78" Value="1"/>
<Cov CovItemId="S79" Value="1"/>
<Cov CovItemId="S80" Value="1"/>
<Cov CovItemId="S81" Value="1"/>
<Cov CovItemId="S82" Value="1"/>
<Cov CovItemId="S83" Value="1"/>
<Cov CovItemId="S84" Value="1"/>
<Cov CovItemId="S85" Value="1"/>
<Cov CovItemId="S86" Value="1"/>
</CovPrefix>
</CovList>
<AssgnmntList/>
<ObjMetaDataList/>
<MetaDataList/>
</TestCase>
<TestCase Comment="" Date="1328027106593" Name="org.jfree.data.GetCumulativePercentages:allRowsAreZero">
<CovList>
<CovPrefix CovItemPrefix="org.jfree.data.GetCumulativePercentages.java">
<Cov CovItemId="S100" Value="1"/>
<Cov CovItemId="S101" Value="1"/>
<Cov CovItemId="S102" Value="1"/>
<Cov CovItemId="S103" Value="1"/>
<Cov CovItemId="S104" Value="1"/>
<Cov CovItemId="S105" Value="1"/>
<Cov CovItemId="S106" Value="1"/>
<Cov CovItemId="S107" Value="1"/>
<Cov CovItemId="S108" Value="1"/>
<Cov CovItemId="S109" Value="1"/>
<Cov CovItemId="S110" Value="1"/>
<Cov CovItemId="S111" Value="1"/>
<Cov CovItemId="S112" Value="1"/>
<Cov CovItemId="S113" Value="1"/>
<Cov CovItemId="S114" Value="1"/>
<Cov CovItemId="S115" Value="1"/>
<Cov CovItemId="S90" Value="1"/>
<Cov CovItemId="S91" Value="1"/>
<Cov CovItemId="S92" Value="1"/>
<Cov CovItemId="S93" Value="1"/>
<Cov CovItemId="S94" Value="1"/>
<Cov CovItemId="S95" Value="1"/>
<Cov CovItemId="S96" Value="1"/>
<Cov CovItemId="S97" Value="1"/>
<Cov CovItemId="S98" Value="1"/>
<Cov CovItemId="S99" Value="1"/>
</CovPrefix>
</CovList>
<AssgnmntList/>
<ObjMetaDataList/>
<MetaDataList/>
</TestCase>
<TestCase Comment="Failure&#10;java.lang.AssertionError: Method should throw exception. expected:&lt;true&gt; but was:&lt;false&gt;&#10;&#9;at org.junit.Assert.fail(Assert.java:93)&#10;&#9;at org.junit.Assert.failNotEquals(Assert.java:647)&#10;&#9;at org.junit.Assert.assertEquals(Assert.java:128)&#10;&#9;at org.jfree.data.CalculateColumnTotal.nullDataObjectPassed(CalculateColumnTotal.java:39)&#10;&#9;at sun.reflect.NativeMethodAccessorImpl.invoke0(Native Method)&#10;&#9;at sun.reflect.NativeMethodAccessorImpl.invoke(NativeMethodAccessorImpl.java:39)&#10;&#9;at sun.reflect.DelegatingMethodAccessorImpl.invoke(DelegatingMethodAccessorImpl.java:25)&#10;&#9;at java.lang.reflect.Method.invoke(Method.java:597)&#10;&#9;at org.junit.runners.model.FrameworkMethod$1.runReflectiveCall(FrameworkMethod.java:45)&#10;&#9;at org.junit.internal.runners.model.ReflectiveCallable.run(ReflectiveCallable.java:15)&#10;&#9;at org.junit.runners.model.FrameworkMethod.invokeExplosively(FrameworkMethod.java:42)&#10;&#9;at org.junit.internal.runners.statements.InvokeMethod.evaluate(InvokeMethod.java:20)&#10;&#9;at org.junit.runners.ParentRunner.runLeaf(ParentRunner.java:263)&#10;&#9;at org.junit.runners.BlockJUnit4ClassRunner.runChild(BlockJUnit4ClassRunner.java:68)&#10;&#9;at org.junit.runners.BlockJUnit4ClassRunner.runChild(BlockJUnit4ClassRunner.java:47)&#10;&#9;at org.junit.runners.ParentRunner$3.run(ParentRunner.java:231)&#10;&#9;at org.junit.runners.ParentRunner$1.schedule(ParentRunner.java:60)&#10;&#9;at org.junit.runners.ParentRunner.runChildren(ParentRunner.java:229)&#10;&#9;at org.junit.runners.ParentRunner.access$000(ParentRunner.java:50)&#10;&#9;at org.junit.runners.ParentRunner$2.evaluate(ParentRunner.java:222)&#10;&#9;at org.junit.runners.ParentRunner.run(ParentRunner.java:300)&#10;&#9;at org.eclipse.jdt.internal.junit4.runner.JUnit4TestReference.run(JUnit4TestReference.java:49)&#10;&#9;at org.eclipse.jdt.internal.junit.runner.TestExecution.run(TestExecution.java:38)&#10;&#9;at org.eclipse.jdt.internal.junit.runner.RemoteTestRunner.runTests(RemoteTestRunner.java:467)&#10;&#9;at org.eclipse.jdt.internal.junit.runner.RemoteTestRunner.runTests(RemoteTestRunner.java:683)&#10;&#9;at org.eclipse.jdt.internal.junit.runner.RemoteTestRunner.run(RemoteTestRunner.java:390)&#10;&#9;at org.codecover.juniteclipse.runner.EclipseTestRunner.main(EclipseTestRunner.java:40)" Date="1328027106599" Name="org.jfree.data.CalculateColumnTotal:nullDataObjectPassed">
<CovList>
<CovPrefix CovItemPrefix="org.jfree.data.CalculateColumnTotal.java">
<Cov CovItemId="B1" Value="1"/>
<Cov CovItemId="S1" Value="1"/>
<Cov CovItemId="S2" Value="1"/>
<Cov CovItemId="S3" Value="1"/>
<Cov CovItemId="S5" Value="1"/>
</CovPrefix>
</CovList>
<AssgnmntList/>
<ObjMetaDataList/>
<MetaDataList/>
</TestCase>
<TestCase Comment="Error&#10;java.lang.IllegalStateException: tried to return a java.lang.Boolean from a method that can only return a java.lang.Number&#10;&#9;at org.jmock.api.Invocation.reportTypeError(Invocation.java:151)&#10;&#9;at org.jmock.api.Invocation.checkReturnTypeCompatibility(Invocation.java:119)&#10;&#9;at org.jmock.internal.InvocationExpectation.invoke(InvocationExpectation.java:115)&#10;&#9;at org.jmock.internal.InvocationDispatcher.dispatch(InvocationDispatcher.java:52)&#10;&#9;at org.jmock.Mockery.dispatch(Mockery.java:218)&#10;&#9;at org.jmock.Mockery.access$000(Mockery.java:43)&#10;&#9;at org.jmock.Mockery$MockObject.invoke(Mockery.java:258)&#10;&#9;at org.jmock.internal.InvocationDiverter.invoke(InvocationDiverter.java:27)&#10;&#9;at org.jmock.internal.FakeObjectMethods.invoke(FakeObjectMethods.java:38)&#10;&#9;at org.jmock.lib.JavaReflectionImposteriser$1.invoke(JavaReflectionImposteriser.java:33)&#10;&#9;at $Proxy7.getValue(Unknown Source)&#10;&#9;at org.jfree.data.DataUtilities.calculateColumnTotal(DataUtilities.java:69)&#10;&#9;at org.jfree.data.CalculateColumnTotal.invalidDataPassed(CalculateColumnTotal.java:67)&#10;&#9;at sun.reflect.NativeMethodAccessorImpl.invoke0(Native Method)&#10;&#9;at sun.reflect.NativeMethodAccessorImpl.invoke(NativeMethodAccessorImpl.java:39)&#10;&#9;at sun.reflect.DelegatingMethodAccessorImpl.invoke(DelegatingMethodAccessorImpl.java:25)&#10;&#9;at java.lang.reflect.Method.invoke(Method.java:597)&#10;&#9;at org.junit.runners.model.FrameworkMethod$1.runReflectiveCall(FrameworkMethod.java:45)&#10;&#9;at org.junit.internal.runners.model.ReflectiveCallable.run(ReflectiveCallable.java:15)&#10;&#9;at org.junit.runners.model.FrameworkMethod.invokeExplosively(FrameworkMethod.java:42)&#10;&#9;at org.junit.internal.runners.statements.InvokeMethod.evaluate(InvokeMethod.java:20)&#10;&#9;at org.junit.runners.ParentRunner.runLeaf(ParentRunner.java:263)&#10;&#9;at org.junit.runners.BlockJUnit4ClassRunner.runChild(BlockJUnit4ClassRunner.java:68)&#10;&#9;at org.junit.runners.BlockJUnit4ClassRunner.runChild(BlockJUnit4ClassRunner.java:47)&#10;&#9;at org.junit.runners.ParentRunner$3.run(ParentRunner.java:231)&#10;&#9;at org.junit.runners.ParentRunner$1.schedule(ParentRunner.java:60)&#10;&#9;at org.junit.runners.ParentRunner.runChildren(ParentRunner.java:229)&#10;&#9;at org.junit.runners.ParentRunner.access$000(ParentRunner.java:50)&#10;&#9;at org.junit.runners.ParentRunner$2.evaluate(ParentRunner.java:222)&#10;&#9;at org.junit.runners.ParentRunner.run(ParentRunner.java:300)&#10;&#9;at org.eclipse.jdt.internal.junit4.runner.JUnit4TestReference.run(JUnit4TestReference.java:49)&#10;&#9;at org.eclipse.jdt.internal.junit.runner.TestExecution.run(TestExecution.java:38)&#10;&#9;at org.eclipse.jdt.internal.junit.runner.RemoteTestRunner.runTests(RemoteTestRunner.java:467)&#10;&#9;at org.eclipse.jdt.internal.junit.runner.RemoteTestRunner.runTests(RemoteTestRunner.java:683)&#10;&#9;at org.eclipse.jdt.internal.junit.runner.RemoteTestRunner.run(RemoteTestRunner.java:390)&#10;&#9;at org.codecover.juniteclipse.runner.EclipseTestRunner.main(EclipseTestRunner.java:40)" Date="1328027106604" Name="org.jfree.data.CalculateColumnTotal:invalidDataPassed">
<CovList>
<CovPrefix CovItemPrefix="org.jfree.data.CalculateColumnTotal.java">
<Cov CovItemId="S10" Value="1"/>
<Cov CovItemId="S11" Value="1"/>
<Cov CovItemId="S12" Value="1"/>
<Cov CovItemId="S13" Value="1"/>
<Cov CovItemId="S14" Value="1"/>
<Cov CovItemId="S15" Value="1"/>
<Cov CovItemId="S6" Value="1"/>
<Cov CovItemId="S7" Value="1"/>
<Cov CovItemId="S8" Value="1"/>
<Cov CovItemId="S9" Value="1"/>
</CovPrefix>
</CovList>
<AssgnmntList/>
<ObjMetaDataList/>
<MetaDataList/>
</TestCase>
<TestCase Comment="" Date="1328027106615" Name="org.jfree.data.CalculateColumnTotal:columnIsLastColumnInTable">
<CovList>
<CovPrefix CovItemPrefix="org.jfree.data.CalculateColumnTotal.java">
<Cov CovItemId="S17" Value="1"/>
<Cov CovItemId="S18" Value="1"/>
<Cov CovItemId="S19" Value="1"/>
<Cov CovItemId="S20" Value="1"/>
<Cov CovItemId="S21" Value="1"/>
<Cov CovItemId="S22" Value="1"/>
<Cov CovItemId="S23" Value="1"/>
<Cov CovItemId="S24" Value="1"/>
<Cov CovItemId="S25" Value="1"/>
<Cov CovItemId="S26" Value="1"/>
<Cov CovItemId="S27" Value="1"/>
<Cov CovItemId="S28" Value="1"/>
<Cov CovItemId="S29" Value="1"/>
</CovPrefix>
</CovList>
<AssgnmntList/>
<ObjMetaDataList/>
<MetaDataList/>
</TestCase>
<TestCase Comment="" Date="1328027106626" Name="org.jfree.data.CalculateColumnTotal:columnIsFirstInTable">
<CovList>
<CovPrefix CovItemPrefix="org.jfree.data.CalculateColumnTotal.java">
<Cov CovItemId="S30" Value="1"/>
<Cov CovItemId="S31" Value="1"/>
<Cov CovItemId="S32" Value="1"/>
<Cov CovItemId="S33" Value="1"/>
<Cov CovItemId="S34" Value="1"/>
<Cov CovItemId="S35" Value="1"/>
<Cov CovItemId="S36" Value="1"/>
<Cov CovItemId="S37" Value="1"/>
<Cov CovItemId="S38" Value="1"/>
<Cov CovItemId="S39" Value="1"/>
<Cov CovItemId="S40" Value="1"/>
<Cov CovItemId="S41" Value="1"/>
<Cov CovItemId="S42" Value="1"/>
</CovPrefix>
</CovList>
<AssgnmntList/>
<ObjMetaDataList/>
<MetaDataList/>
</TestCase>
<TestCase Comment="Error&#10;unexpected invocation: values2D.getValue(&lt;0&gt;, &lt;-1&gt;)&#10;expectations:&#10;  expected once, already invoked 1 time: values2D.getRowCount(); returns &lt;3&gt;&#10;what happened before this:&#10;  values2D.getRowCount()&#10;&#10;&#9;at org.jmock.internal.InvocationDispatcher.dispatch(InvocationDispatcher.java:56)&#10;&#9;at org.jmock.Mockery.dispatch(Mockery.java:218)&#10;&#9;at org.jmock.Mockery.access$000(Mockery.java:43)&#10;&#9;at org.jmock.Mockery$MockObject.invoke(Mockery.java:258)&#10;&#9;at org.jmock.internal.InvocationDiverter.invoke(InvocationDiverter.java:27)&#10;&#9;at org.jmock.internal.FakeObjectMethods.invoke(FakeObjectMethods.java:38)&#10;&#9;at org.jmock.lib.JavaReflectionImposteriser$1.invoke(JavaReflectionImposteriser.java:33)&#10;&#9;at $Proxy7.getValue(Unknown Source)&#10;&#9;at org.jfree.data.DataUtilities.calculateColumnTotal(DataUtilities.java:69)&#10;&#9;at org.jfree.data.CalculateColumnTotal.columnIsNegativeOne(CalculateColumnTotal.java:154)&#10;&#9;at sun.reflect.NativeMethodAccessorImpl.invoke0(Native Method)&#10;&#9;at sun.reflect.NativeMethodAccessorImpl.invoke(NativeMethodAccessorImpl.java:39)&#10;&#9;at sun.reflect.DelegatingMethodAccessorImpl.invoke(DelegatingMethodAccessorImpl.java:25)&#10;&#9;at java.lang.reflect.Method.invoke(Method.java:597)&#10;&#9;at org.junit.runners.model.FrameworkMethod$1.runReflectiveCall(FrameworkMethod.java:45)&#10;&#9;at org.junit.internal.runners.model.ReflectiveCallable.run(ReflectiveCallable.java:15)&#10;&#9;at org.junit.runners.model.FrameworkMethod.invokeExplosively(FrameworkMethod.java:42)&#10;&#9;at org.junit.internal.runners.statements.InvokeMethod.evaluate(InvokeMethod.java:20)&#10;&#9;at org.junit.runners.ParentRunner.runLeaf(ParentRunner.java:263)&#10;&#9;at org.junit.runners.BlockJUnit4ClassRunner.runChild(BlockJUnit4ClassRunner.java:68)&#10;&#9;at org.junit.runners.BlockJUnit4ClassRunner.runChild(BlockJUnit4ClassRunner.java:47)&#10;&#9;at org.junit.runners.ParentRunner$3.run(ParentRunner.java:231)&#10;&#9;at org.junit.runners.ParentRunner$1.schedule(ParentRunner.java:60)&#10;&#9;at org.junit.runners.ParentRunner.runChildren(ParentRunner.java:229)&#10;&#9;at org.junit.runners.ParentRunner.access$000(ParentRunner.java:50)&#10;&#9;at org.junit.runners.ParentRunner$2.evaluate(ParentRunner.java:222)&#10;&#9;at org.junit.runners.ParentRunner.run(ParentRunner.java:300)&#10;&#9;at org.eclipse.jdt.internal.junit4.runner.JUnit4TestReference.run(JUnit4TestReference.java:49)&#10;&#9;at org.eclipse.jdt.internal.junit.runner.TestExecution.run(TestExecution.java:38)&#10;&#9;at org.eclipse.jdt.internal.junit.runner.RemoteTestRunner.runTests(RemoteTestRunner.java:467)&#10;&#9;at org.eclipse.jdt.internal.junit.runner.RemoteTestRunner.runTests(RemoteTestRunner.java:683)&#10;&#9;at org.eclipse.jdt.internal.junit.runner.RemoteTestRunner.run(RemoteTestRunner.java:390)&#10;&#9;at org.codecover.juniteclipse.runner.EclipseTestRunner.main(EclipseTestRunner.java:40)" Date="1328027106630" Name="org.jfree.data.CalculateColumnTotal:columnIsNegativeOne">
<CovList>
<CovPrefix CovItemPrefix="org.jfree.data.CalculateColumnTotal.java">
<Cov CovItemId="S43" Value="1"/>
<Cov CovItemId="S44" Value="1"/>
<Cov CovItemId="S45" Value="1"/>
<Cov CovItemId="S46" Value="1"/>
<Cov CovItemId="S47" Value="1"/>
<Cov CovItemId="S48" Value="1"/>
</CovPrefix>
</CovList>
<AssgnmntList/>
<ObjMetaDataList/>
<MetaDataList/>
</TestCase>
<TestCase Comment="Error&#10;unexpected invocation: values2D.getValue(&lt;0&gt;, &lt;3&gt;)&#10;expectations:&#10;  expected once, already invoked 1 time: values2D.getRowCount(); returns &lt;3&gt;&#10;what happened before this:&#10;  values2D.getRowCount()&#10;&#10;&#9;at org.jmock.internal.InvocationDispatcher.dispatch(InvocationDispatcher.java:56)&#10;&#9;at org.jmock.Mockery.dispatch(Mockery.java:218)&#10;&#9;at org.jmock.Mockery.access$000(Mockery.java:43)&#10;&#9;at org.jmock.Mockery$MockObject.invoke(Mockery.java:258)&#10;&#9;at org.jmock.internal.InvocationDiverter.invoke(InvocationDiverter.java:27)&#10;&#9;at org.jmock.internal.FakeObjectMethods.invoke(FakeObjectMethods.java:38)&#10;&#9;at org.jmock.lib.JavaReflectionImposteriser$1.invoke(JavaReflectionImposteriser.java:33)&#10;&#9;at $Proxy7.getValue(Unknown Source)&#10;&#9;at org.jfree.data.DataUtilities.calculateColumnTotal(DataUtilities.java:69)&#10;&#9;at org.jfree.data.CalculateColumnTotal.columnIsOneMoreThanMax(CalculateColumnTotal.java:175)&#10;&#9;at sun.reflect.NativeMethodAccessorImpl.invoke0(Native Method)&#10;&#9;at sun.reflect.NativeMethodAccessorImpl.invoke(NativeMethodAccessorImpl.java:39)&#10;&#9;at sun.reflect.DelegatingMethodAccessorImpl.invoke(DelegatingMethodAccessorImpl.java:25)&#10;&#9;at java.lang.reflect.Method.invoke(Method.java:597)&#10;&#9;at org.junit.runners.model.FrameworkMethod$1.runReflectiveCall(FrameworkMethod.java:45)&#10;&#9;at org.junit.internal.runners.model.ReflectiveCallable.run(ReflectiveCallable.java:15)&#10;&#9;at org.junit.runners.model.FrameworkMethod.invokeExplosively(FrameworkMethod.java:42)&#10;&#9;at org.junit.internal.runners.statements.InvokeMethod.evaluate(InvokeMethod.java:20)&#10;&#9;at org.junit.runners.ParentRunner.runLeaf(ParentRunner.java:263)&#10;&#9;at org.junit.runners.BlockJUnit4ClassRunner.runChild(BlockJUnit4ClassRunner.java:68)&#10;&#9;at org.junit.runners.BlockJUnit4ClassRunner.runChild(BlockJUnit4ClassRunner.java:47)&#10;&#9;at org.junit.runners.ParentRunner$3.run(ParentRunner.java:231)&#10;&#9;at org.junit.runners.ParentRunner$1.schedule(ParentRunner.java:60)&#10;&#9;at org.junit.runners.ParentRunner.runChildren(ParentRunner.java:229)&#10;&#9;at org.junit.runners.ParentRunner.access$000(ParentRunner.java:50)&#10;&#9;at org.junit.runners.ParentRunner$2.evaluate(ParentRunner.java:222)&#10;&#9;at org.junit.runners.ParentRunner.run(ParentRunner.java:300)&#10;&#9;at org.eclipse.jdt.internal.junit4.runner.JUnit4TestReference.run(JUnit4TestReference.java:49)&#10;&#9;at org.eclipse.jdt.internal.junit.runner.TestExecution.run(TestExecution.java:38)&#10;&#9;at org.eclipse.jdt.internal.junit.runner.RemoteTestRunner.runTests(RemoteTestRunner.java:467)&#10;&#9;at org.eclipse.jdt.internal.junit.runner.RemoteTestRunner.runTests(RemoteTestRunner.java:683)&#10;&#9;at org.eclipse.jdt.internal.junit.runner.RemoteTestRunner.run(RemoteTestRunner.java:390)&#10;&#9;at org.codecover.juniteclipse.runner.EclipseTestRunner.main(EclipseTestRunner.java:40)" Date="1328027106638" Name="org.jfree.data.CalculateColumnTotal:columnIsOneMoreThanMax">
<CovList>
<CovPrefix CovItemPrefix="org.jfree.data.CalculateColumnTotal.java">
<Cov CovItemId="S50" Value="1"/>
<Cov CovItemId="S51" Value="1"/>
<Cov CovItemId="S52" Value="1"/>
<Cov CovItemId="S53" Value="1"/>
<Cov CovItemId="S54" Value="1"/>
<Cov CovItemId="S55" Value="1"/>
</CovPrefix>
</CovList>
<AssgnmntList/>
<ObjMetaDataList/>
<MetaDataList/>
</TestCase>
<TestCase Comment="" Date="1328027106641" Name="org.jfree.data.CalculateColumnTotal:columnIsCentralInTable">
<CovList>
<CovPrefix CovItemPrefix="org.jfree.data.CalculateColumnTotal.java">
<Cov CovItemId="S57" Value="1"/>
<Cov CovItemId="S58" Value="1"/>
<Cov CovItemId="S59" Value="1"/>
<Cov CovItemId="S60" Value="1"/>
<Cov CovItemId="S61" Value="1"/>
<Cov CovItemId="S62" Value="1"/>
<Cov CovItemId="S63" Value="1"/>
<Cov CovItemId="S64" Value="1"/>
<Cov CovItemId="S65" Value="1"/>
<Cov CovItemId="S66" Value="1"/>
<Cov CovItemId="S67" Value="1"/>
<Cov CovItemId="S68" Value="1"/>
<Cov CovItemId="S69" Value="1"/>
</CovPrefix>
</CovList>
<AssgnmntList/>
<ObjMetaDataList/>
<MetaDataList/>
</TestCase>
<TestCase Comment="Failure&#10;java.lang.AssertionError: Method should throw exception. expected:&lt;true&gt; but was:&lt;false&gt;&#10;&#9;at org.junit.Assert.fail(Assert.java:93)&#10;&#9;at org.junit.Assert.failNotEquals(Assert.java:647)&#10;&#9;at org.junit.Assert.assertEquals(Assert.java:128)&#10;&#9;at org.jfree.data.CalculateRowTotal.nullDataObjectPassed(CalculateRowTotal.java:38)&#10;&#9;at sun.reflect.NativeMethodAccessorImpl.invoke0(Native Method)&#10;&#9;at sun.reflect.NativeMethodAccessorImpl.invoke(NativeMethodAccessorImpl.java:39)&#10;&#9;at sun.reflect.DelegatingMethodAccessorImpl.invoke(DelegatingMethodAccessorImpl.java:25)&#10;&#9;at java.lang.reflect.Method.invoke(Method.java:597)&#10;&#9;at org.junit.runners.model.FrameworkMethod$1.runReflectiveCall(FrameworkMethod.java:45)&#10;&#9;at org.junit.internal.runners.model.ReflectiveCallable.run(ReflectiveCallable.java:15)&#10;&#9;at org.junit.runners.model.FrameworkMethod.invokeExplosively(FrameworkMethod.java:42)&#10;&#9;at org.junit.internal.runners.statements.InvokeMethod.evaluate(InvokeMethod.java:20)&#10;&#9;at org.junit.runners.ParentRunner.runLeaf(ParentRunner.java:263)&#10;&#9;at org.junit.runners.BlockJUnit4ClassRunner.runChild(BlockJUnit4ClassRunner.java:68)&#10;&#9;at org.junit.runners.BlockJUnit4ClassRunner.runChild(BlockJUnit4ClassRunner.java:47)&#10;&#9;at org.junit.runners.ParentRunner$3.run(ParentRunner.java:231)&#10;&#9;at org.junit.runners.ParentRunner$1.schedule(ParentRunner.java:60)&#10;&#9;at org.junit.runners.ParentRunner.runChildren(ParentRunner.java:229)&#10;&#9;at org.junit.runners.ParentRunner.access$000(ParentRunner.java:50)&#10;&#9;at org.junit.runners.ParentRunner$2.evaluate(ParentRunner.java:222)&#10;&#9;at org.junit.runners.ParentRunner.run(ParentRunner.java:300)&#10;&#9;at org.eclipse.jdt.internal.junit4.runner.JUnit4TestReference.run(JUnit4TestReference.java:49)&#10;&#9;at org.eclipse.jdt.internal.junit.runner.TestExecution.run(TestExecution.java:38)&#10;&#9;at org.eclipse.jdt.internal.junit.runner.RemoteTestRunner.runTests(RemoteTestRunner.java:467)&#10;&#9;at org.eclipse.jdt.internal.junit.runner.RemoteTestRunner.runTests(RemoteTestRunner.java:683)&#10;&#9;at org.eclipse.jdt.internal.junit.runner.RemoteTestRunner.run(RemoteTestRunner.java:390)&#10;&#9;at org.codecover.juniteclipse.runner.EclipseTestRunner.main(EclipseTestRunner.java:40)" Date="1328027106647" Name="org.jfree.data.CalculateRowTotal:nullDataObjectPassed">
<CovList>
<CovPrefix CovItemPrefix="org.jfree.data.CalculateRowTotal.java">
<Cov CovItemId="B1" Value="1"/>
<Cov CovItemId="S1" Value="1"/>
<Cov CovItemId="S2" Value="1"/>
<Cov CovItemId="S3" Value="1"/>
<Cov CovItemId="S5" Value="1"/>
</CovPrefix>
</CovList>
<AssgnmntList/>
<ObjMetaDataList/>
<MetaDataList/>
</TestCase>
<TestCase Comment="Error&#10;java.lang.IllegalStateException: tried to return a java.lang.Boolean from a method that can only return a java.lang.Number&#10;&#9;at org.jmock.api.Invocation.reportTypeError(Invocation.java:151)&#10;&#9;at org.jmock.api.Invocation.checkReturnTypeCompatibility(Invocation.java:119)&#10;&#9;at org.jmock.internal.InvocationExpectation.invoke(InvocationExpectation.java:115)&#10;&#9;at org.jmock.internal.InvocationDispatcher.dispatch(InvocationDispatcher.java:52)&#10;&#9;at org.jmock.Mockery.dispatch(Mockery.java:218)&#10;&#9;at org.jmock.Mockery.access$000(Mockery.java:43)&#10;&#9;at org.jmock.Mockery$MockObject.invoke(Mockery.java:258)&#10;&#9;at org.jmock.internal.InvocationDiverter.invoke(InvocationDiverter.java:27)&#10;&#9;at org.jmock.internal.FakeObjectMethods.invoke(FakeObjectMethods.java:38)&#10;&#9;at org.jmock.lib.JavaReflectionImposteriser$1.invoke(JavaReflectionImposteriser.java:33)&#10;&#9;at $Proxy7.getValue(Unknown Source)&#10;&#9;at org.jfree.data.DataUtilities.calculateRowTotal(DataUtilities.java:90)&#10;&#9;at org.jfree.data.CalculateRowTotal.invalidDataPassed(CalculateRowTotal.java:66)&#10;&#9;at sun.reflect.NativeMethodAccessorImpl.invoke0(Native Method)&#10;&#9;at sun.reflect.NativeMethodAccessorImpl.invoke(NativeMethodAccessorImpl.java:39)&#10;&#9;at sun.reflect.DelegatingMethodAccessorImpl.invoke(DelegatingMethodAccessorImpl.java:25)&#10;&#9;at java.lang.reflect.Method.invoke(Method.java:597)&#10;&#9;at org.junit.runners.model.FrameworkMethod$1.runReflectiveCall(FrameworkMethod.java:45)&#10;&#9;at org.junit.internal.runners.model.ReflectiveCallable.run(ReflectiveCallable.java:15)&#10;&#9;at org.junit.runners.model.FrameworkMethod.invokeExplosively(FrameworkMethod.java:42)&#10;&#9;at org.junit.internal.runners.statements.InvokeMethod.evaluate(InvokeMethod.java:20)&#10;&#9;at org.junit.runners.ParentRunner.runLeaf(ParentRunner.java:263)&#10;&#9;at org.junit.runners.BlockJUnit4ClassRunner.runChild(BlockJUnit4ClassRunner.java:68)&#10;&#9;at org.junit.runners.BlockJUnit4ClassRunner.runChild(BlockJUnit4ClassRunner.java:47)&#10;&#9;at org.junit.runners.ParentRunner$3.run(ParentRunner.java:231)&#10;&#9;at org.junit.runners.ParentRunner$1.schedule(ParentRunner.java:60)&#10;&#9;at org.junit.runners.ParentRunner.runChildren(ParentRunner.java:229)&#10;&#9;at org.junit.runners.ParentRunner.access$000(ParentRunner.java:50)&#10;&#9;at org.junit.runners.ParentRunner$2.evaluate(ParentRunner.java:222)&#10;&#9;at org.junit.runners.ParentRunner.run(ParentRunner.java:300)&#10;&#9;at org.eclipse.jdt.internal.junit4.runner.JUnit4TestReference.run(JUnit4TestReference.java:49)&#10;&#9;at org.eclipse.jdt.internal.junit.runner.TestExecution.run(TestExecution.java:38)&#10;&#9;at org.eclipse.jdt.internal.junit.runner.RemoteTestRunner.runTests(RemoteTestRunner.java:467)&#10;&#9;at org.eclipse.jdt.internal.junit.runner.RemoteTestRunner.runTests(RemoteTestRunner.java:683)&#10;&#9;at org.eclipse.jdt.internal.junit.runner.RemoteTestRunner.run(RemoteTestRunner.java:390)&#10;&#9;at org.codecover.juniteclipse.runner.EclipseTestRunner.main(EclipseTestRunner.java:40)" Date="1328027106660" Name="org.jfree.data.CalculateRowTotal:invalidDataPassed">
<CovList>
<CovPrefix CovItemPrefix="org.jfree.data.CalculateRowTotal.java">
<Cov CovItemId="S10" Value="1"/>
<Cov CovItemId="S11" Value="1"/>
<Cov CovItemId="S12" Value="1"/>
<Cov CovItemId="S13" Value="1"/>
<Cov CovItemId="S14" Value="1"/>
<Cov CovItemId="S15" Value="1"/>
<Cov CovItemId="S6" Value="1"/>
<Cov CovItemId="S7" Value="1"/>
<Cov CovItemId="S8" Value="1"/>
<Cov CovItemId="S9" Value="1"/>
</CovPrefix>
</CovList>
<AssgnmntList/>
<ObjMetaDataList/>
<MetaDataList/>
</TestCase>
<TestCase Comment="" Date="1328027106668" Name="org.jfree.data.CalculateRowTotal:columnIsLastColumnInTable">
<CovList>
<CovPrefix CovItemPrefix="org.jfree.data.CalculateRowTotal.java">
<Cov CovItemId="S17" Value="1"/>
<Cov CovItemId="S18" Value="1"/>
<Cov CovItemId="S19" Value="1"/>
<Cov CovItemId="S20" Value="1"/>
<Cov CovItemId="S21" Value="1"/>
<Cov CovItemId="S22" Value="1"/>
<Cov CovItemId="S23" Value="1"/>
<Cov CovItemId="S24" Value="1"/>
<Cov CovItemId="S25" Value="1"/>
<Cov CovItemId="S26" Value="1"/>
<Cov CovItemId="S27" Value="1"/>
<Cov CovItemId="S28" Value="1"/>
<Cov CovItemId="S29" Value="1"/>
</CovPrefix>
</CovList>
<AssgnmntList/>
<ObjMetaDataList/>
<MetaDataList/>
</TestCase>
<TestCase Comment="" Date="1328027106675" Name="org.jfree.data.CalculateRowTotal:columnIsFirstInTable">
<CovList>
<CovPrefix CovItemPrefix="org.jfree.data.CalculateRowTotal.java">
<Cov CovItemId="S30" Value="1"/>
<Cov CovItemId="S31" Value="1"/>
<Cov CovItemId="S32" Value="1"/>
<Cov CovItemId="S33" Value="1"/>
<Cov CovItemId="S34" Value="1"/>
<Cov CovItemId="S35" Value="1"/>
<Cov CovItemId="S36" Value="1"/>
<Cov CovItemId="S37" Value="1"/>
<Cov CovItemId="S38" Value="1"/>
<Cov CovItemId="S39" Value="1"/>
<Cov CovItemId="S40" Value="1"/>
<Cov CovItemId="S41" Value="1"/>
<Cov CovItemId="S42" Value="1"/>
</CovPrefix>
</CovList>
<AssgnmntList/>
<ObjMetaDataList/>
<MetaDataList/>
</TestCase>
<TestCase Comment="Error&#10;unexpected invocation: values2D.getValue(&lt;-1&gt;, &lt;0&gt;)&#10;expectations:&#10;  expected once, already invoked 1 time: values2D.getColumnCount(); returns &lt;3&gt;&#10;what happened before this:&#10;  values2D.getColumnCount()&#10;&#10;&#9;at org.jmock.internal.InvocationDispatcher.dispatch(InvocationDispatcher.java:56)&#10;&#9;at org.jmock.Mockery.dispatch(Mockery.java:218)&#10;&#9;at org.jmock.Mockery.access$000(Mockery.java:43)&#10;&#9;at org.jmock.Mockery$MockObject.invoke(Mockery.java:258)&#10;&#9;at org.jmock.internal.InvocationDiverter.invoke(InvocationDiverter.java:27)&#10;&#9;at org.jmock.internal.FakeObjectMethods.invoke(FakeObjectMethods.java:38)&#10;&#9;at org.jmock.lib.JavaReflectionImposteriser$1.invoke(JavaReflectionImposteriser.java:33)&#10;&#9;at $Proxy7.getValue(Unknown Source)&#10;&#9;at org.jfree.data.DataUtilities.calculateRowTotal(DataUtilities.java:90)&#10;&#9;at org.jfree.data.CalculateRowTotal.columnIsNegativeOne(CalculateRowTotal.java:153)&#10;&#9;at sun.reflect.NativeMethodAccessorImpl.invoke0(Native Method)&#10;&#9;at sun.reflect.NativeMethodAccessorImpl.invoke(NativeMethodAccessorImpl.java:39)&#10;&#9;at sun.reflect.DelegatingMethodAccessorImpl.invoke(DelegatingMethodAccessorImpl.java:25)&#10;&#9;at java.lang.reflect.Method.invoke(Method.java:597)&#10;&#9;at org.junit.runners.model.FrameworkMethod$1.runReflectiveCall(FrameworkMethod.java:45)&#10;&#9;at org.junit.internal.runners.model.ReflectiveCallable.run(ReflectiveCallable.java:15)&#10;&#9;at org.junit.runners.model.FrameworkMethod.invokeExplosively(FrameworkMethod.java:42)&#10;&#9;at org.junit.internal.runners.statements.InvokeMethod.evaluate(InvokeMethod.java:20)&#10;&#9;at org.junit.runners.ParentRunner.runLeaf(ParentRunner.java:263)&#10;&#9;at org.junit.runners.BlockJUnit4ClassRunner.runChild(BlockJUnit4ClassRunner.java:68)&#10;&#9;at org.junit.runners.BlockJUnit4ClassRunner.runChild(BlockJUnit4ClassRunner.java:47)&#10;&#9;at org.junit.runners.ParentRunner$3.run(ParentRunner.java:231)&#10;&#9;at org.junit.runners.ParentRunner$1.schedule(ParentRunner.java:60)&#10;&#9;at org.junit.runners.ParentRunner.runChildren(ParentRunner.java:229)&#10;&#9;at org.junit.runners.ParentRunner.access$000(ParentRunner.java:50)&#10;&#9;at org.junit.runners.ParentRunner$2.evaluate(ParentRunner.java:222)&#10;&#9;at org.junit.runners.ParentRunner.run(ParentRunner.java:300)&#10;&#9;at org.eclipse.jdt.internal.junit4.runner.JUnit4TestReference.run(JUnit4TestReference.java:49)&#10;&#9;at org.eclipse.jdt.internal.junit.runner.TestExecution.run(TestExecution.java:38)&#10;&#9;at org.eclipse.jdt.internal.junit.runner.RemoteTestRunner.runTests(RemoteTestRunner.java:467)&#10;&#9;at org.eclipse.jdt.internal.junit.runner.RemoteTestRunner.runTests(RemoteTestRunner.java:683)&#10;&#9;at org.eclipse.jdt.internal.junit.runner.RemoteTestRunner.run(RemoteTestRunner.java:390)&#10;&#9;at org.codecover.juniteclipse.runner.EclipseTestRunner.main(EclipseTestRunner.java:40)" Date="1328027106678" Name="org.jfree.data.CalculateRowTotal:columnIsNegativeOne">
<CovList>
<CovPrefix CovItemPrefix="org.jfree.data.CalculateRowTotal.java">
<Cov CovItemId="S43" Value="1"/>
<Cov CovItemId="S44" Value="1"/>
<Cov CovItemId="S45" Value="1"/>
<Cov CovItemId="S46" Value="1"/>
<Cov CovItemId="S47" Value="1"/>
<Cov CovItemId="S48" Value="1"/>
</CovPrefix>
</CovList>
<AssgnmntList/>
<ObjMetaDataList/>
<MetaDataList/>
</TestCase>
<TestCase Comment="Error&#10;unexpected invocation: values2D.getValue(&lt;3&gt;, &lt;0&gt;)&#10;expectations:&#10;  expected once, already invoked 1 time: values2D.getColumnCount(); returns &lt;3&gt;&#10;what happened before this:&#10;  values2D.getColumnCount()&#10;&#10;&#9;at org.jmock.internal.InvocationDispatcher.dispatch(InvocationDispatcher.java:56)&#10;&#9;at org.jmock.Mockery.dispatch(Mockery.java:218)&#10;&#9;at org.jmock.Mockery.access$000(Mockery.java:43)&#10;&#9;at org.jmock.Mockery$MockObject.invoke(Mockery.java:258)&#10;&#9;at org.jmock.internal.InvocationDiverter.invoke(InvocationDiverter.java:27)&#10;&#9;at org.jmock.internal.FakeObjectMethods.invoke(FakeObjectMethods.java:38)&#10;&#9;at org.jmock.lib.JavaReflectionImposteriser$1.invoke(JavaReflectionImposteriser.java:33)&#10;&#9;at $Proxy7.getValue(Unknown Source)&#10;&#9;at org.jfree.data.DataUtilities.calculateRowTotal(DataUtilities.java:90)&#10;&#9;at org.jfree.data.CalculateRowTotal.columnIsOneMoreThanMax(CalculateRowTotal.java:174)&#10;&#9;at sun.reflect.NativeMethodAccessorImpl.invoke0(Native Method)&#10;&#9;at sun.reflect.NativeMethodAccessorImpl.invoke(NativeMethodAccessorImpl.java:39)&#10;&#9;at sun.reflect.DelegatingMethodAccessorImpl.invoke(DelegatingMethodAccessorImpl.java:25)&#10;&#9;at java.lang.reflect.Method.invoke(Method.java:597)&#10;&#9;at org.junit.runners.model.FrameworkMethod$1.runReflectiveCall(FrameworkMethod.java:45)&#10;&#9;at org.junit.internal.runners.model.ReflectiveCallable.run(ReflectiveCallable.java:15)&#10;&#9;at org.junit.runners.model.FrameworkMethod.invokeExplosively(FrameworkMethod.java:42)&#10;&#9;at org.junit.internal.runners.statements.InvokeMethod.evaluate(InvokeMethod.java:20)&#10;&#9;at org.junit.runners.ParentRunner.runLeaf(ParentRunner.java:263)&#10;&#9;at org.junit.runners.BlockJUnit4ClassRunner.runChild(BlockJUnit4ClassRunner.java:68)&#10;&#9;at org.junit.runners.BlockJUnit4ClassRunner.runChild(BlockJUnit4ClassRunner.java:47)&#10;&#9;at org.junit.runners.ParentRunner$3.run(ParentRunner.java:231)&#10;&#9;at org.junit.runners.ParentRunner$1.schedule(ParentRunner.java:60)&#10;&#9;at org.junit.runners.ParentRunner.runChildren(ParentRunner.java:229)&#10;&#9;at org.junit.runners.ParentRunner.access$000(ParentRunner.java:50)&#10;&#9;at org.junit.runners.ParentRunner$2.evaluate(ParentRunner.java:222)&#10;&#9;at org.junit.runners.ParentRunner.run(ParentRunner.java:300)&#10;&#9;at org.eclipse.jdt.internal.junit4.runner.JUnit4TestReference.run(JUnit4TestReference.java:49)&#10;&#9;at org.eclipse.jdt.internal.junit.runner.TestExecution.run(TestExecution.java:38)&#10;&#9;at org.eclipse.jdt.internal.junit.runner.RemoteTestRunner.runTests(RemoteTestRunner.java:467)&#10;&#9;at org.eclipse.jdt.internal.junit.runner.RemoteTestRunner.runTests(RemoteTestRunner.java:683)&#10;&#9;at org.eclipse.jdt.internal.junit.runner.RemoteTestRunner.run(RemoteTestRunner.java:390)&#10;&#9;at org.codecover.juniteclipse.runner.EclipseTestRunner.main(EclipseTestRunner.java:40)" Date="1328027106682" Name="org.jfree.data.CalculateRowTotal:columnIsOneMoreThanMax">
<CovList>
<CovPrefix CovItemPrefix="org.jfree.data.CalculateRowTotal.java">
<Cov CovItemId="S50" Value="1"/>
<Cov CovItemId="S51" Value="1"/>
<Cov CovItemId="S52" Value="1"/>
<Cov CovItemId="S53" Value="1"/>
<Cov CovItemId="S54" Value="1"/>
<Cov CovItemId="S55" Value="1"/>
</CovPrefix>
</CovList>
<AssgnmntList/>
<ObjMetaDataList/>
<MetaDataList/>
</TestCase>
<TestCase Comment="" Date="1328027106686" Name="org.jfree.data.CalculateRowTotal:columnIsCentralInTable">
<CovList>
<CovPrefix CovItemPrefix="org.jfree.data.CalculateRowTotal.java">
<Cov CovItemId="S57" Value="1"/>
<Cov CovItemId="S58" Value="1"/>
<Cov CovItemId="S59" Value="1"/>
<Cov CovItemId="S60" Value="1"/>
<Cov CovItemId="S61" Value="1"/>
<Cov CovItemId="S62" Value="1"/>
<Cov CovItemId="S63" Value="1"/>
<Cov CovItemId="S64" Value="1"/>
<Cov CovItemId="S65" Value="1"/>
<Cov CovItemId="S66" Value="1"/>
<Cov CovItemId="S67" Value="1"/>
<Cov CovItemId="S68" Value="1"/>
<Cov CovItemId="S69" Value="1"/>
</CovPrefix>
</CovList>
<AssgnmntList/>
<ObjMetaDataList/>
<MetaDataList/>
</TestCase>
<TestCase Comment="Failure&#10;java.lang.AssertionError: Method should throw exception. expected:&lt;true&gt; but was:&lt;false&gt;&#10;&#9;at org.junit.Assert.fail(Assert.java:93)&#10;&#9;at org.junit.Assert.failNotEquals(Assert.java:647)&#10;&#9;at org.junit.Assert.assertEquals(Assert.java:128)&#10;&#9;at org.jfree.data.CreateNumberArray2D.nullDataObjectPassed(CreateNumberArray2D.java:37)&#10;&#9;at sun.reflect.NativeMethodAccessorImpl.invoke0(Native Method)&#10;&#9;at sun.reflect.NativeMethodAccessorImpl.invoke(NativeMethodAccessorImpl.java:39)&#10;&#9;at sun.reflect.DelegatingMethodAccessorImpl.invoke(DelegatingMethodAccessorImpl.java:25)&#10;&#9;at java.lang.reflect.Method.invoke(Method.java:597)&#10;&#9;at org.junit.runners.model.FrameworkMethod$1.runReflectiveCall(FrameworkMethod.java:45)&#10;&#9;at org.junit.internal.runners.model.ReflectiveCallable.run(ReflectiveCallable.java:15)&#10;&#9;at org.junit.runners.model.FrameworkMethod.invokeExplosively(FrameworkMethod.java:42)&#10;&#9;at org.junit.internal.runners.statements.InvokeMethod.evaluate(InvokeMethod.java:20)&#10;&#9;at org.junit.runners.ParentRunner.runLeaf(ParentRunner.java:263)&#10;&#9;at org.junit.runners.BlockJUnit4ClassRunner.runChild(BlockJUnit4ClassRunner.java:68)&#10;&#9;at org.junit.runners.BlockJUnit4ClassRunner.runChild(BlockJUnit4ClassRunner.java:47)&#10;&#9;at org.junit.runners.ParentRunner$3.run(ParentRunner.java:231)&#10;&#9;at org.junit.runners.ParentRunner$1.schedule(ParentRunner.java:60)&#10;&#9;at org.junit.runners.ParentRunner.runChildren(ParentRunner.java:229)&#10;&#9;at org.junit.runners.ParentRunner.access$000(ParentRunner.java:50)&#10;&#9;at org.junit.runners.ParentRunner$2.evaluate(ParentRunner.java:222)&#10;&#9;at org.junit.runners.ParentRunner.run(ParentRunner.java:300)&#10;&#9;at org.eclipse.jdt.internal.junit4.runner.JUnit4TestReference.run(JUnit4TestReference.java:49)&#10;&#9;at org.eclipse.jdt.internal.junit.runner.TestExecution.run(TestExecution.java:38)&#10;&#9;at org.eclipse.jdt.internal.junit.runner.RemoteTestRunner.runTests(RemoteTestRunner.java:467)&#10;&#9;at org.eclipse.jdt.internal.junit.runner.RemoteTestRunner.runTests(RemoteTestRunner.java:683)&#10;&#9;at org.eclipse.jdt.internal.junit.runner.RemoteTestRunner.run(RemoteTestRunner.java:390)&#10;&#9;at org.codecover.juniteclipse.runner.EclipseTestRunner.main(EclipseTestRunner.java:40)" Date="1328027106690" Name="org.jfree.data.CreateNumberArray2D:nullDataObjectPassed">
<CovList>
<CovPrefix CovItemPrefix="org.jfree.data.CreateNumberArray2D.java">
<Cov CovItemId="B1" Value="1"/>
<Cov CovItemId="S1" Value="1"/>
<Cov CovItemId="S2" Value="1"/>
<Cov CovItemId="S3" Value="1"/>
<Cov CovItemId="S5" Value="1"/>
</CovPrefix>
</CovList>
<AssgnmntList/>
<ObjMetaDataList/>
<MetaDataList/>
</TestCase>
<TestCase Comment="Failure&#10;java.lang.AssertionError: expected:&lt;true&gt; but was:&lt;false&gt;&#10;&#9;at org.junit.Assert.fail(Assert.java:93)&#10;&#9;at org.junit.Assert.failNotEquals(Assert.java:647)&#10;&#9;at org.junit.Assert.assertEquals(Assert.java:128)&#10;&#9;at org.junit.Assert.assertEquals(Assert.java:147)&#10;&#9;at org.jfree.data.CreateNumberArray2D.oneByOneArrayPassed(CreateNumberArray2D.java:54)&#10;&#9;at sun.reflect.NativeMethodAccessorImpl.invoke0(Native Method)&#10;&#9;at sun.reflect.NativeMethodAccessorImpl.invoke(NativeMethodAccessorImpl.java:39)&#10;&#9;at sun.reflect.DelegatingMethodAccessorImpl.invoke(DelegatingMethodAccessorImpl.java:25)&#10;&#9;at java.lang.reflect.Method.invoke(Method.java:597)&#10;&#9;at org.junit.runners.model.FrameworkMethod$1.runReflectiveCall(FrameworkMethod.java:45)&#10;&#9;at org.junit.internal.runners.model.ReflectiveCallable.run(ReflectiveCallable.java:15)&#10;&#9;at org.junit.runners.model.FrameworkMethod.invokeExplosively(FrameworkMethod.java:42)&#10;&#9;at org.junit.internal.runners.statements.InvokeMethod.evaluate(InvokeMethod.java:20)&#10;&#9;at org.junit.runners.ParentRunner.runLeaf(ParentRunner.java:263)&#10;&#9;at org.junit.runners.BlockJUnit4ClassRunner.runChild(BlockJUnit4ClassRunner.java:68)&#10;&#9;at org.junit.runners.BlockJUnit4ClassRunner.runChild(BlockJUnit4ClassRunner.java:47)&#10;&#9;at org.junit.runners.ParentRunner$3.run(ParentRunner.java:231)&#10;&#9;at org.junit.runners.ParentRunner$1.schedule(ParentRunner.java:60)&#10;&#9;at org.junit.runners.ParentRunner.runChildren(ParentRunner.java:229)&#10;&#9;at org.junit.runners.ParentRunner.access$000(ParentRunner.java:50)&#10;&#9;at org.junit.runners.ParentRunner$2.evaluate(ParentRunner.java:222)&#10;&#9;at org.junit.runners.ParentRunner.run(ParentRunner.java:300)&#10;&#9;at org.eclipse.jdt.internal.junit4.runner.JUnit4TestReference.run(JUnit4TestReference.java:49)&#10;&#9;at org.eclipse.jdt.internal.junit.runner.TestExecution.run(TestExecution.java:38)&#10;&#9;at org.eclipse.jdt.internal.junit.runner.RemoteTestRunner.runTests(RemoteTestRunner.java:467)&#10;&#9;at org.eclipse.jdt.internal.junit.runner.RemoteTestRunner.runTests(RemoteTestRunner.java:683)&#10;&#9;at org.eclipse.jdt.internal.junit.runner.RemoteTestRunner.run(RemoteTestRunner.java:390)&#10;&#9;at org.codecover.juniteclipse.runner.EclipseTestRunner.main(EclipseTestRunner.java:40)" Date="1328027106722" Name="org.jfree.data.CreateNumberArray2D:oneByOneArrayPassed">
<CovList>
<CovPrefix CovItemPrefix="org.jfree.data.CreateNumberArray2D.java">
<Cov CovItemId="S10" Value="1"/>
<Cov CovItemId="S11" Value="1"/>
<Cov CovItemId="S6" Value="1"/>
<Cov CovItemId="S7" Value="1"/>
<Cov CovItemId="S8" Value="1"/>
<Cov CovItemId="S9" Value="1"/>
</CovPrefix>
</CovList>
<AssgnmntList/>
<ObjMetaDataList/>
<MetaDataList/>
</TestCase>
<TestCase Comment="Failure&#10;java.lang.AssertionError: expected:&lt;true&gt; but was:&lt;false&gt;&#10;&#9;at org.junit.Assert.fail(Assert.java:93)&#10;&#9;at org.junit.Assert.failNotEquals(Assert.java:647)&#10;&#9;at org.junit.Assert.assertEquals(Assert.java:128)&#10;&#9;at org.junit.Assert.assertEquals(Assert.java:147)&#10;&#9;at org.jfree.data.CreateNumberArray2D.oneByTenElementArrayPassed(CreateNumberArray2D.java:70)&#10;&#9;at sun.reflect.NativeMethodAccessorImpl.invoke0(Native Method)&#10;&#9;at sun.reflect.NativeMethodAccessorImpl.invoke(NativeMethodAccessorImpl.java:39)&#10;&#9;at sun.reflect.DelegatingMethodAccessorImpl.invoke(DelegatingMethodAccessorImpl.java:25)&#10;&#9;at java.lang.reflect.Method.invoke(Method.java:597)&#10;&#9;at org.junit.runners.model.FrameworkMethod$1.runReflectiveCall(FrameworkMethod.java:45)&#10;&#9;at org.junit.internal.runners.model.ReflectiveCallable.run(ReflectiveCallable.java:15)&#10;&#9;at org.junit.runners.model.FrameworkMethod.invokeExplosively(FrameworkMethod.java:42)&#10;&#9;at org.junit.internal.runners.statements.InvokeMethod.evaluate(InvokeMethod.java:20)&#10;&#9;at org.junit.runners.ParentRunner.runLeaf(ParentRunner.java:263)&#10;&#9;at org.junit.runners.BlockJUnit4ClassRunner.runChild(BlockJUnit4ClassRunner.java:68)&#10;&#9;at org.junit.runners.BlockJUnit4ClassRunner.runChild(BlockJUnit4ClassRunner.java:47)&#10;&#9;at org.junit.runners.ParentRunner$3.run(ParentRunner.java:231)&#10;&#9;at org.junit.runners.ParentRunner$1.schedule(ParentRunner.java:60)&#10;&#9;at org.junit.runners.ParentRunner.runChildren(ParentRunner.java:229)&#10;&#9;at org.junit.runners.ParentRunner.access$000(ParentRunner.java:50)&#10;&#9;at org.junit.runners.ParentRunner$2.evaluate(ParentRunner.java:222)&#10;&#9;at org.junit.runners.ParentRunner.run(ParentRunner.java:300)&#10;&#9;at org.eclipse.jdt.internal.junit4.runner.JUnit4TestReference.run(JUnit4TestReference.java:49)&#10;&#9;at org.eclipse.jdt.internal.junit.runner.TestExecution.run(TestExecution.java:38)&#10;&#9;at org.eclipse.jdt.internal.junit.runner.RemoteTestRunner.runTests(RemoteTestRunner.java:467)&#10;&#9;at org.eclipse.jdt.internal.junit.runner.RemoteTestRunner.runTests(RemoteTestRunner.java:683)&#10;&#9;at org.eclipse.jdt.internal.junit.runner.RemoteTestRunner.run(RemoteTestRunner.java:390)&#10;&#9;at org.codecover.juniteclipse.runner.EclipseTestRunner.main(EclipseTestRunner.java:40)" Date="1328027106725" Name="org.jfree.data.CreateNumberArray2D:oneByTenElementArrayPassed">
<CovList>
<CovPrefix CovItemPrefix="org.jfree.data.CreateNumberArray2D.java">
<Cov CovItemId="S12" Value="1"/>
<Cov CovItemId="S13" Value="1"/>
<Cov CovItemId="S14" Value="1"/>
<Cov CovItemId="S15" Value="1"/>
<Cov CovItemId="S16" Value="1"/>
<Cov CovItemId="S17" Value="1"/>
</CovPrefix>
</CovList>
<AssgnmntList/>
<ObjMetaDataList/>
<MetaDataList/>
</TestCase>
<TestCase Comment="Failure&#10;java.lang.AssertionError: expected:&lt;true&gt; but was:&lt;false&gt;&#10;&#9;at org.junit.Assert.fail(Assert.java:93)&#10;&#9;at org.junit.Assert.failNotEquals(Assert.java:647)&#10;&#9;at org.junit.Assert.assertEquals(Assert.java:128)&#10;&#9;at org.junit.Assert.assertEquals(Assert.java:147)&#10;&#9;at org.jfree.data.CreateNumberArray2D.tenByOneElementArrayPassed(CreateNumberArray2D.java:108)&#10;&#9;at sun.reflect.NativeMethodAccessorImpl.invoke0(Native Method)&#10;&#9;at sun.reflect.NativeMethodAccessorImpl.invoke(NativeMethodAccessorImpl.java:39)&#10;&#9;at sun.reflect.DelegatingMethodAccessorImpl.invoke(DelegatingMethodAccessorImpl.java:25)&#10;&#9;at java.lang.reflect.Method.invoke(Method.java:597)&#10;&#9;at org.junit.runners.model.FrameworkMethod$1.runReflectiveCall(FrameworkMethod.java:45)&#10;&#9;at org.junit.internal.runners.model.ReflectiveCallable.run(ReflectiveCallable.java:15)&#10;&#9;at org.junit.runners.model.FrameworkMethod.invokeExplosively(FrameworkMethod.java:42)&#10;&#9;at org.junit.internal.runners.statements.InvokeMethod.evaluate(InvokeMethod.java:20)&#10;&#9;at org.junit.runners.ParentRunner.runLeaf(ParentRunner.java:263)&#10;&#9;at org.junit.runners.BlockJUnit4ClassRunner.runChild(BlockJUnit4ClassRunner.java:68)&#10;&#9;at org.junit.runners.BlockJUnit4ClassRunner.runChild(BlockJUnit4ClassRunner.java:47)&#10;&#9;at org.junit.runners.ParentRunner$3.run(ParentRunner.java:231)&#10;&#9;at org.junit.runners.ParentRunner$1.schedule(ParentRunner.java:60)&#10;&#9;at org.junit.runners.ParentRunner.runChildren(ParentRunner.java:229)&#10;&#9;at org.junit.runners.ParentRunner.access$000(ParentRunner.java:50)&#10;&#9;at org.junit.runners.ParentRunner$2.evaluate(ParentRunner.java:222)&#10;&#9;at org.junit.runners.ParentRunner.run(ParentRunner.java:300)&#10;&#9;at org.eclipse.jdt.internal.junit4.runner.JUnit4TestReference.run(JUnit4TestReference.java:49)&#10;&#9;at org.eclipse.jdt.internal.junit.runner.TestExecution.run(TestExecution.java:38)&#10;&#9;at org.eclipse.jdt.internal.junit.runner.RemoteTestRunner.runTests(RemoteTestRunner.java:467)&#10;&#9;at org.eclipse.jdt.internal.junit.runner.RemoteTestRunner.runTests(RemoteTestRunner.java:683)&#10;&#9;at org.eclipse.jdt.internal.junit.runner.RemoteTestRunner.run(RemoteTestRunner.java:390)&#10;&#9;at org.codecover.juniteclipse.runner.EclipseTestRunner.main(EclipseTestRunner.java:40)" Date="1328027106728" Name="org.jfree.data.CreateNumberArray2D:tenByOneElementArrayPassed">
<CovList>
<CovPrefix CovItemPrefix="org.jfree.data.CreateNumberArray2D.java">
<Cov CovItemId="S18" Value="1"/>
<Cov CovItemId="S19" Value="1"/>
<Cov CovItemId="S20" Value="1"/>
<Cov CovItemId="S21" Value="1"/>
<Cov CovItemId="S22" Value="1"/>
<Cov CovItemId="S23" Value="1"/>
</CovPrefix>
</CovList>
<AssgnmntList/>
<ObjMetaDataList/>
<MetaDataList/>
</TestCase>
<TestCase Comment="Failure&#10;java.lang.AssertionError: expected:&lt;true&gt; but was:&lt;false&gt;&#10;&#9;at org.junit.Assert.fail(Assert.java:93)&#10;&#9;at org.junit.Assert.failNotEquals(Assert.java:647)&#10;&#9;at org.junit.Assert.assertEquals(Assert.java:128)&#10;&#9;at org.junit.Assert.assertEquals(Assert.java:147)&#10;&#9;at org.jfree.data.CreateNumberArray2D.tenByTenElementArrayPassed(CreateNumberArray2D.java:146)&#10;&#9;at sun.reflect.NativeMethodAccessorImpl.invoke0(Native Method)&#10;&#9;at sun.reflect.NativeMethodAccessorImpl.invoke(NativeMethodAccessorImpl.java:39)&#10;&#9;at sun.reflect.DelegatingMethodAccessorImpl.invoke(DelegatingMethodAccessorImpl.java:25)&#10;&#9;at java.lang.reflect.Method.invoke(Method.java:597)&#10;&#9;at org.junit.runners.model.FrameworkMethod$1.runReflectiveCall(FrameworkMethod.java:45)&#10;&#9;at org.junit.internal.runners.model.ReflectiveCallable.run(ReflectiveCallable.java:15)&#10;&#9;at org.junit.runners.model.FrameworkMethod.invokeExplosively(FrameworkMethod.java:42)&#10;&#9;at org.junit.internal.runners.statements.InvokeMethod.evaluate(InvokeMethod.java:20)&#10;&#9;at org.junit.runners.ParentRunner.runLeaf(ParentRunner.java:263)&#10;&#9;at org.junit.runners.BlockJUnit4ClassRunner.runChild(BlockJUnit4ClassRunner.java:68)&#10;&#9;at org.junit.runners.BlockJUnit4ClassRunner.runChild(BlockJUnit4ClassRunner.java:47)&#10;&#9;at org.junit.runners.ParentRunner$3.run(ParentRunner.java:231)&#10;&#9;at org.junit.runners.ParentRunner$1.schedule(ParentRunner.java:60)&#10;&#9;at org.junit.runners.ParentRunner.runChildren(ParentRunner.java:229)&#10;&#9;at org.junit.runners.ParentRunner.access$000(ParentRunner.java:50)&#10;&#9;at org.junit.runners.ParentRunner$2.evaluate(ParentRunner.java:222)&#10;&#9;at org.junit.runners.ParentRunner.run(ParentRunner.java:300)&#10;&#9;at org.eclipse.jdt.internal.junit4.runner.JUnit4TestReference.run(JUnit4TestReference.java:49)&#10;&#9;at org.eclipse.jdt.internal.junit.runner.TestExecution.run(TestExecution.java:38)&#10;&#9;at org.eclipse.jdt.internal.junit.runner.RemoteTestRunner.runTests(RemoteTestRunner.java:467)&#10;&#9;at org.eclipse.jdt.internal.junit.runner.RemoteTestRunner.runTests(RemoteTestRunner.java:683)&#10;&#9;at org.eclipse.jdt.internal.junit.runner.RemoteTestRunner.run(RemoteTestRunner.java:390)&#10;&#9;at org.codecover.juniteclipse.runner.EclipseTestRunner.main(EclipseTestRunner.java:40)" Date="1328027106730" Name="org.jfree.data.CreateNumberArray2D:tenByTenElementArrayPassed">
<CovList>
<CovPrefix CovItemPrefix="org.jfree.data.CreateNumberArray2D.java">
<Cov CovItemId="S24" Value="1"/>
<Cov CovItemId="S25" Value="1"/>
<Cov CovItemId="S26" Value="1"/>
<Cov CovItemId="S27" Value="1"/>
<Cov CovItemId="S28" Value="1"/>
<Cov CovItemId="S29" Value="1"/>
</CovPrefix>
</CovList>
<AssgnmntList/>
<ObjMetaDataList/>
<MetaDataList/>
</TestCase>
<TestCase Comment="Failure&#10;java.lang.AssertionError: Method should throw exception. expected:&lt;true&gt; but was:&lt;false&gt;&#10;&#9;at org.junit.Assert.fail(Assert.java:93)&#10;&#9;at org.junit.Assert.failNotEquals(Assert.java:647)&#10;&#9;at org.junit.Assert.assertEquals(Assert.java:128)&#10;&#9;at org.jfree.data.CreateNumberArray.nullDataObjectPassed(CreateNumberArray.java:37)&#10;&#9;at sun.reflect.NativeMethodAccessorImpl.invoke0(Native Method)&#10;&#9;at sun.reflect.NativeMethodAccessorImpl.invoke(NativeMethodAccessorImpl.java:39)&#10;&#9;at sun.reflect.DelegatingMethodAccessorImpl.invoke(DelegatingMethodAccessorImpl.java:25)&#10;&#9;at java.lang.reflect.Method.invoke(Method.java:597)&#10;&#9;at org.junit.runners.model.FrameworkMethod$1.runReflectiveCall(FrameworkMethod.java:45)&#10;&#9;at org.junit.internal.runners.model.ReflectiveCallable.run(ReflectiveCallable.java:15)&#10;&#9;at org.junit.runners.model.FrameworkMethod.invokeExplosively(FrameworkMethod.java:42)&#10;&#9;at org.junit.internal.runners.statements.InvokeMethod.evaluate(InvokeMethod.java:20)&#10;&#9;at org.junit.runners.ParentRunner.runLeaf(ParentRunner.java:263)&#10;&#9;at org.junit.runners.BlockJUnit4ClassRunner.runChild(BlockJUnit4ClassRunner.java:68)&#10;&#9;at org.junit.runners.BlockJUnit4ClassRunner.runChild(BlockJUnit4ClassRunner.java:47)&#10;&#9;at org.junit.runners.ParentRunner$3.run(ParentRunner.java:231)&#10;&#9;at org.junit.runners.ParentRunner$1.schedule(ParentRunner.java:60)&#10;&#9;at org.junit.runners.ParentRunner.runChildren(ParentRunner.java:229)&#10;&#9;at org.junit.runners.ParentRunner.access$000(ParentRunner.java:50)&#10;&#9;at org.junit.runners.ParentRunner$2.evaluate(ParentRunner.java:222)&#10;&#9;at org.junit.runners.ParentRunner.run(ParentRunner.java:300)&#10;&#9;at org.eclipse.jdt.internal.junit4.runner.JUnit4TestReference.run(JUnit4TestReference.java:49)&#10;&#9;at org.eclipse.jdt.internal.junit.runner.TestExecution.run(TestExecution.java:38)&#10;&#9;at org.eclipse.jdt.internal.junit.runner.RemoteTestRunner.runTests(RemoteTestRunner.java:467)&#10;&#9;at org.eclipse.jdt.internal.junit.runner.RemoteTestRunner.runTests(RemoteTestRunner.java:683)&#10;&#9;at org.eclipse.jdt.internal.junit.runner.RemoteTestRunner.run(RemoteTestRunner.java:390)&#10;&#9;at org.codecover.juniteclipse.runner.EclipseTestRunner.main(EclipseTestRunner.java:40)" Date="1328027106734" Name="org.jfree.data.CreateNumberArray:nullDataObjectPassed">
<CovList>
<CovPrefix CovItemPrefix="org.jfree.data.CreateNumberArray.java">
<Cov CovItemId="B1" Value="1"/>
<Cov CovItemId="S1" Value="1"/>
<Cov CovItemId="S2" Value="1"/>
<Cov CovItemId="S3" Value="1"/>
<Cov CovItemId="S5" Value="1"/>
</CovPrefix>
</CovList>
<AssgnmntList/>
<ObjMetaDataList/>
<MetaDataList/>
</TestCase>
<TestCase Comment="Failure&#10;java.lang.AssertionError: expected:&lt;true&gt; but was:&lt;false&gt;&#10;&#9;at org.junit.Assert.fail(Assert.java:93)&#10;&#9;at org.junit.Assert.failNotEquals(Assert.java:647)&#10;&#9;at org.junit.Assert.assertEquals(Assert.java:128)&#10;&#9;at org.junit.Assert.assertEquals(Assert.java:147)&#10;&#9;at org.jfree.data.CreateNumberArray.oneElementArrayPassed(CreateNumberArray.java:54)&#10;&#9;at sun.reflect.NativeMethodAccessorImpl.invoke0(Native Method)&#10;&#9;at sun.reflect.NativeMethodAccessorImpl.invoke(NativeMethodAccessorImpl.java:39)&#10;&#9;at sun.reflect.DelegatingMethodAccessorImpl.invoke(DelegatingMethodAccessorImpl.java:25)&#10;&#9;at java.lang.reflect.Method.invoke(Method.java:597)&#10;&#9;at org.junit.runners.model.FrameworkMethod$1.runReflectiveCall(FrameworkMethod.java:45)&#10;&#9;at org.junit.internal.runners.model.ReflectiveCallable.run(ReflectiveCallable.java:15)&#10;&#9;at org.junit.runners.model.FrameworkMethod.invokeExplosively(FrameworkMethod.java:42)&#10;&#9;at org.junit.internal.runners.statements.InvokeMethod.evaluate(InvokeMethod.java:20)&#10;&#9;at org.junit.runners.ParentRunner.runLeaf(ParentRunner.java:263)&#10;&#9;at org.junit.runners.BlockJUnit4ClassRunner.runChild(BlockJUnit4ClassRunner.java:68)&#10;&#9;at org.junit.runners.BlockJUnit4ClassRunner.runChild(BlockJUnit4ClassRunner.java:47)&#10;&#9;at org.junit.runners.ParentRunner$3.run(ParentRunner.java:231)&#10;&#9;at org.junit.runners.ParentRunner$1.schedule(ParentRunner.java:60)&#10;&#9;at org.junit.runners.ParentRunner.runChildren(ParentRunner.java:229)&#10;&#9;at org.junit.runners.ParentRunner.access$000(ParentRunner.java:50)&#10;&#9;at org.junit.runners.ParentRunner$2.evaluate(ParentRunner.java:222)&#10;&#9;at org.junit.runners.ParentRunner.run(ParentRunner.java:300)&#10;&#9;at org.eclipse.jdt.internal.junit4.runner.JUnit4TestReference.run(JUnit4TestReference.java:49)&#10;&#9;at org.eclipse.jdt.internal.junit.runner.TestExecution.run(TestExecution.java:38)&#10;&#9;at org.eclipse.jdt.internal.junit.runner.RemoteTestRunner.runTests(RemoteTestRunner.java:467)&#10;&#9;at org.eclipse.jdt.internal.junit.runner.RemoteTestRunner.runTests(RemoteTestRunner.java:683)&#10;&#9;at org.eclipse.jdt.internal.junit.runner.RemoteTestRunner.run(RemoteTestRunner.java:390)&#10;&#9;at org.codecover.juniteclipse.runner.EclipseTestRunner.main(EclipseTestRunner.java:40)" Date="1328027106737" Name="org.jfree.data.CreateNumberArray:oneElementArrayPassed">
<CovList>
<CovPrefix CovItemPrefix="org.jfree.data.CreateNumberArray.java">
<Cov CovItemId="S10" Value="1"/>
<Cov CovItemId="S11" Value="1"/>
<Cov CovItemId="S6" Value="1"/>
<Cov CovItemId="S7" Value="1"/>
<Cov CovItemId="S8" Value="1"/>
<Cov CovItemId="S9" Value="1"/>
</CovPrefix>
</CovList>
<AssgnmntList/>
<ObjMetaDataList/>
<MetaDataList/>
</TestCase>
<TestCase Comment="Failure&#10;java.lang.AssertionError: expected:&lt;true&gt; but was:&lt;false&gt;&#10;&#9;at org.junit.Assert.fail(Assert.java:93)&#10;&#9;at org.junit.Assert.failNotEquals(Assert.java:647)&#10;&#9;at org.junit.Assert.assertEquals(Assert.java:128)&#10;&#9;at org.junit.Assert.assertEquals(Assert.java:147)&#10;&#9;at org.jfree.data.CreateNumberArray.tenElementArrayPassed(CreateNumberArray.java:70)&#10;&#9;at sun.reflect.NativeMethodAccessorImpl.invoke0(Native Method)&#10;&#9;at sun.reflect.NativeMethodAccessorImpl.invoke(NativeMethodAccessorImpl.java:39)&#10;&#9;at sun.reflect.DelegatingMethodAccessorImpl.invoke(DelegatingMethodAccessorImpl.java:25)&#10;&#9;at java.lang.reflect.Method.invoke(Method.java:597)&#10;&#9;at org.junit.runners.model.FrameworkMethod$1.runReflectiveCall(FrameworkMethod.java:45)&#10;&#9;at org.junit.internal.runners.model.ReflectiveCallable.run(ReflectiveCallable.java:15)&#10;&#9;at org.junit.runners.model.FrameworkMethod.invokeExplosively(FrameworkMethod.java:42)&#10;&#9;at org.junit.internal.runners.statements.InvokeMethod.evaluate(InvokeMethod.java:20)&#10;&#9;at org.junit.runners.ParentRunner.runLeaf(ParentRunner.java:263)&#10;&#9;at org.junit.runners.BlockJUnit4ClassRunner.runChild(BlockJUnit4ClassRunner.java:68)&#10;&#9;at org.junit.runners.BlockJUnit4ClassRunner.runChild(BlockJUnit4ClassRunner.java:47)&#10;&#9;at org.junit.runners.ParentRunner$3.run(ParentRunner.java:231)&#10;&#9;at org.junit.runners.ParentRunner$1.schedule(ParentRunner.java:60)&#10;&#9;at org.junit.runners.ParentRunner.runChildren(ParentRunner.java:229)&#10;&#9;at org.junit.runners.ParentRunner.access$000(ParentRunner.java:50)&#10;&#9;at org.junit.runners.ParentRunner$2.evaluate(ParentRunner.java:222)&#10;&#9;at org.junit.runners.ParentRunner.run(ParentRunner.java:300)&#10;&#9;at org.eclipse.jdt.internal.junit4.runner.JUnit4TestReference.run(JUnit4TestReference.java:49)&#10;&#9;at org.eclipse.jdt.internal.junit.runner.TestExecution.run(TestExecution.java:38)&#10;&#9;at org.eclipse.jdt.internal.junit.runner.RemoteTestRunner.runTests(RemoteTestRunner.java:467)&#10;&#9;at org.eclipse.jdt.internal.junit.runner.RemoteTestRunner.runTests(RemoteTestRunner.java:683)&#10;&#9;at org.eclipse.jdt.internal.junit.runner.RemoteTestRunner.run(RemoteTestRunner.java:390)&#10;&#9;at org.codecover.juniteclipse.runner.EclipseTestRunner.main(EclipseTestRunner.java:40)" Date="1328027106741" Name="org.jfree.data.CreateNumberArray:tenElementArrayPassed">
<CovList>
<CovPrefix CovItemPrefix="org.jfree.data.CreateNumberArray.java">
<Cov CovItemId="S12" Value="1"/>
<Cov CovItemId="S13" Value="1"/>
<Cov CovItemId="S14" Value="1"/>
<Cov CovItemId="S15" Value="1"/>
<Cov CovItemId="S16" Value="1"/>
<Cov CovItemId="S17" Value="1"/>
</CovPrefix>
</CovList>
<AssgnmntList/>
<ObjMetaDataList/>
<MetaDataList/>
</TestCase>
<TestCase Comment="Failure&#10;java.lang.AssertionError: Method should throw exception. expected:&lt;true&gt; but was:&lt;false&gt;&#10;&#9;at org.junit.Assert.fail(Assert.java:93)&#10;&#9;at org.junit.Assert.failNotEquals(Assert.java:647)&#10;&#9;at org.junit.Assert.assertEquals(Assert.java:128)&#10;&#9;at org.jfree.data.Constrain.tenLessThanLowerBound(Constrain.java:35)&#10;&#9;at sun.reflect.NativeMethodAccessorImpl.invoke0(Native Method)&#10;&#9;at sun.reflect.NativeMethodAccessorImpl.invoke(NativeMethodAccessorImpl.java:39)&#10;&#9;at sun.reflect.DelegatingMethodAccessorImpl.invoke(DelegatingMethodAccessorImpl.java:25)&#10;&#9;at java.lang.reflect.Method.invoke(Method.java:597)&#10;&#9;at org.junit.runners.model.FrameworkMethod$1.runReflectiveCall(FrameworkMethod.java:45)&#10;&#9;at org.junit.internal.runners.model.ReflectiveCallable.run(ReflectiveCallable.java:15)&#10;&#9;at org.junit.runners.model.FrameworkMethod.invokeExplosively(FrameworkMethod.java:42)&#10;&#9;at org.junit.internal.runners.statements.InvokeMethod.evaluate(InvokeMethod.java:20)&#10;&#9;at org.junit.runners.ParentRunner.runLeaf(ParentRunner.java:263)&#10;&#9;at org.junit.runners.BlockJUnit4ClassRunner.runChild(BlockJUnit4ClassRunner.java:68)&#10;&#9;at org.junit.runners.BlockJUnit4ClassRunner.runChild(BlockJUnit4ClassRunner.java:47)&#10;&#9;at org.junit.runners.ParentRunner$3.run(ParentRunner.java:231)&#10;&#9;at org.junit.runners.ParentRunner$1.schedule(ParentRunner.java:60)&#10;&#9;at org.junit.runners.ParentRunner.runChildren(ParentRunner.java:229)&#10;&#9;at org.junit.runners.ParentRunner.access$000(ParentRunner.java:50)&#10;&#9;at org.junit.runners.ParentRunner$2.evaluate(ParentRunner.java:222)&#10;&#9;at org.junit.runners.ParentRunner.run(ParentRunner.java:300)&#10;&#9;at org.eclipse.jdt.internal.junit4.runner.JUnit4TestReference.run(JUnit4TestReference.java:49)&#10;&#9;at org.eclipse.jdt.internal.junit.runner.TestExecution.run(TestExecution.java:38)&#10;&#9;at org.eclipse.jdt.internal.junit.runner.RemoteTestRunner.runTests(RemoteTestRunner.java:467)&#10;&#9;at org.eclipse.jdt.internal.junit.runner.RemoteTestRunner.runTests(RemoteTestRunner.java:683)&#10;&#9;at org.eclipse.jdt.internal.junit.runner.RemoteTestRunner.run(RemoteTestRunner.java:390)&#10;&#9;at org.codecover.juniteclipse.runner.EclipseTestRunner.main(EclipseTestRunner.java:40)" Date="1328027106746" Name="org.jfree.data.Constrain:tenLessThanLowerBound">
<CovList>
<CovPrefix CovItemPrefix="org.jfree.data.Constrain.java">
<Cov CovItemId="B1" Value="1"/>
<Cov CovItemId="S1" Value="1"/>
<Cov CovItemId="S2" Value="1"/>
<Cov CovItemId="S3" Value="1"/>
<Cov CovItemId="S4" Value="1"/>
<Cov CovItemId="S6" Value="1"/>
</CovPrefix>
</CovList>
<AssgnmntList/>
<ObjMetaDataList/>
<MetaDataList/>
</TestCase>
<TestCase Comment="Failure&#10;java.lang.AssertionError: Method should throw exception. expected:&lt;true&gt; but was:&lt;false&gt;&#10;&#9;at org.junit.Assert.fail(Assert.java:93)&#10;&#9;at org.junit.Assert.failNotEquals(Assert.java:647)&#10;&#9;at org.junit.Assert.assertEquals(Assert.java:128)&#10;&#9;at org.jfree.data.Constrain.oneLessThanLowerBound(Constrain.java:61)&#10;&#9;at sun.reflect.NativeMethodAccessorImpl.invoke0(Native Method)&#10;&#9;at sun.reflect.NativeMethodAccessorImpl.invoke(NativeMethodAccessorImpl.java:39)&#10;&#9;at sun.reflect.DelegatingMethodAccessorImpl.invoke(DelegatingMethodAccessorImpl.java:25)&#10;&#9;at java.lang.reflect.Method.invoke(Method.java:597)&#10;&#9;at org.junit.runners.model.FrameworkMethod$1.runReflectiveCall(FrameworkMethod.java:45)&#10;&#9;at org.junit.internal.runners.model.ReflectiveCallable.run(ReflectiveCallable.java:15)&#10;&#9;at org.junit.runners.model.FrameworkMethod.invokeExplosively(FrameworkMethod.java:42)&#10;&#9;at org.junit.internal.runners.statements.InvokeMethod.evaluate(InvokeMethod.java:20)&#10;&#9;at org.junit.runners.ParentRunner.runLeaf(ParentRunner.java:263)&#10;&#9;at org.junit.runners.BlockJUnit4ClassRunner.runChild(BlockJUnit4ClassRunner.java:68)&#10;&#9;at org.junit.runners.BlockJUnit4ClassRunner.runChild(BlockJUnit4ClassRunner.java:47)&#10;&#9;at org.junit.runners.ParentRunner$3.run(ParentRunner.java:231)&#10;&#9;at org.junit.runners.ParentRunner$1.schedule(ParentRunner.java:60)&#10;&#9;at org.junit.runners.ParentRunner.runChildren(ParentRunner.java:229)&#10;&#9;at org.junit.runners.ParentRunner.access$000(ParentRunner.java:50)&#10;&#9;at org.junit.runners.ParentRunner$2.evaluate(ParentRunner.java:222)&#10;&#9;at org.junit.runners.ParentRunner.run(ParentRunner.java:300)&#10;&#9;at org.eclipse.jdt.internal.junit4.runner.JUnit4TestReference.run(JUnit4TestReference.java:49)&#10;&#9;at org.eclipse.jdt.internal.junit.runner.TestExecution.run(TestExecution.java:38)&#10;&#9;at org.eclipse.jdt.internal.junit.runner.RemoteTestRunner.runTests(RemoteTestRunner.java:467)&#10;&#9;at org.eclipse.jdt.internal.junit.runner.RemoteTestRunner.runTests(RemoteTestRunner.java:683)&#10;&#9;at org.eclipse.jdt.internal.junit.runner.RemoteTestRunner.run(RemoteTestRunner.java:390)&#10;&#9;at org.codecover.juniteclipse.runner.EclipseTestRunner.main(EclipseTestRunner.java:40)" Date="1328027106756" Name="org.jfree.data.Constrain:oneLessThanLowerBound">
<CovList>
<CovPrefix CovItemPrefix="org.jfree.data.Constrain.java">
<Cov CovItemId="B3" Value="1"/>
<Cov CovItemId="S10" Value="1"/>
<Cov CovItemId="S12" Value="1"/>
<Cov CovItemId="S7" Value="1"/>
<Cov CovItemId="S8" Value="1"/>
<Cov CovItemId="S9" Value="1"/>
</CovPrefix>
</CovList>
<AssgnmntList/>
<ObjMetaDataList/>
<MetaDataList/>
</TestCase>
<TestCase Comment="Failure&#10;java.lang.AssertionError: Method should throw exception. expected:&lt;true&gt; but was:&lt;false&gt;&#10;&#9;at org.junit.Assert.fail(Assert.java:93)&#10;&#9;at org.junit.Assert.failNotEquals(Assert.java:647)&#10;&#9;at org.junit.Assert.assertEquals(Assert.java:128)&#10;&#9;at org.jfree.data.Constrain.oneMoreThanUpperBound(Constrain.java:87)&#10;&#9;at sun.reflect.NativeMethodAccessorImpl.invoke0(Native Method)&#10;&#9;at sun.reflect.NativeMethodAccessorImpl.invoke(NativeMethodAccessorImpl.java:39)&#10;&#9;at sun.reflect.DelegatingMethodAccessorImpl.invoke(DelegatingMethodAccessorImpl.java:25)&#10;&#9;at java.lang.reflect.Method.invoke(Method.java:597)&#10;&#9;at org.junit.runners.model.FrameworkMethod$1.runReflectiveCall(FrameworkMethod.java:45)&#10;&#9;at org.junit.internal.runners.model.ReflectiveCallable.run(ReflectiveCallable.java:15)&#10;&#9;at org.junit.runners.model.FrameworkMethod.invokeExplosively(FrameworkMethod.java:42)&#10;&#9;at org.junit.internal.runners.statements.InvokeMethod.evaluate(InvokeMethod.java:20)&#10;&#9;at org.junit.runners.ParentRunner.runLeaf(ParentRunner.java:263)&#10;&#9;at org.junit.runners.BlockJUnit4ClassRunner.runChild(BlockJUnit4ClassRunner.java:68)&#10;&#9;at org.junit.runners.BlockJUnit4ClassRunner.runChild(BlockJUnit4ClassRunner.java:47)&#10;&#9;at org.junit.runners.ParentRunner$3.run(ParentRunner.java:231)&#10;&#9;at org.junit.runners.ParentRunner$1.schedule(ParentRunner.java:60)&#10;&#9;at org.junit.runners.ParentRunner.runChildren(ParentRunner.java:229)&#10;&#9;at org.junit.runners.ParentRunner.access$000(ParentRunner.java:50)&#10;&#9;at org.junit.runners.ParentRunner$2.evaluate(ParentRunner.java:222)&#10;&#9;at org.junit.runners.ParentRunner.run(ParentRunner.java:300)&#10;&#9;at org.eclipse.jdt.internal.junit4.runner.JUnit4TestReference.run(JUnit4TestReference.java:49)&#10;&#9;at org.eclipse.jdt.internal.junit.runner.TestExecution.run(TestExecution.java:38)&#10;&#9;at org.eclipse.jdt.internal.junit.runner.RemoteTestRunner.runTests(RemoteTestRunner.java:467)&#10;&#9;at org.eclipse.jdt.internal.junit.runner.RemoteTestRunner.runTests(RemoteTestRunner.java:683)&#10;&#9;at org.eclipse.jdt.internal.junit.runner.RemoteTestRunner.run(RemoteTestRunner.java:390)&#10;&#9;at org.codecover.juniteclipse.runner.EclipseTestRunner.main(EclipseTestRunner.java:40)" Date="1328027106759" Name="org.jfree.data.Constrain:oneMoreThanUpperBound">
<CovList>
<CovPrefix CovItemPrefix="org.jfree.data.Constrain.java">
<Cov CovItemId="B5" Value="1"/>
<Cov CovItemId="S13" Value="1"/>
<Cov CovItemId="S14" Value="1"/>
<Cov CovItemId="S15" Value="1"/>
<Cov CovItemId="S16" Value="1"/>
<Cov CovItemId="S18" Value="1"/>
</CovPrefix>
</CovList>
<AssgnmntList/>
<ObjMetaDataList/>
<MetaDataList/>
</TestCase>
<TestCase Comment="Failure&#10;java.lang.AssertionError: Method should throw exception. expected:&lt;true&gt; but was:&lt;false&gt;&#10;&#9;at org.junit.Assert.fail(Assert.java:93)&#10;&#9;at org.junit.Assert.failNotEquals(Assert.java:647)&#10;&#9;at org.junit.Assert.assertEquals(Assert.java:128)&#10;&#9;at org.jfree.data.Constrain.tenMoreThanUpperBound(Constrain.java:113)&#10;&#9;at sun.reflect.NativeMethodAccessorImpl.invoke0(Native Method)&#10;&#9;at sun.reflect.NativeMethodAccessorImpl.invoke(NativeMethodAccessorImpl.java:39)&#10;&#9;at sun.reflect.DelegatingMethodAccessorImpl.invoke(DelegatingMethodAccessorImpl.java:25)&#10;&#9;at java.lang.reflect.Method.invoke(Method.java:597)&#10;&#9;at org.junit.runners.model.FrameworkMethod$1.runReflectiveCall(FrameworkMethod.java:45)&#10;&#9;at org.junit.internal.runners.model.ReflectiveCallable.run(ReflectiveCallable.java:15)&#10;&#9;at org.junit.runners.model.FrameworkMethod.invokeExplosively(FrameworkMethod.java:42)&#10;&#9;at org.junit.internal.runners.statements.InvokeMethod.evaluate(InvokeMethod.java:20)&#10;&#9;at org.junit.runners.ParentRunner.runLeaf(ParentRunner.java:263)&#10;&#9;at org.junit.runners.BlockJUnit4ClassRunner.runChild(BlockJUnit4ClassRunner.java:68)&#10;&#9;at org.junit.runners.BlockJUnit4ClassRunner.runChild(BlockJUnit4ClassRunner.java:47)&#10;&#9;at org.junit.runners.ParentRunner$3.run(ParentRunner.java:231)&#10;&#9;at org.junit.runners.ParentRunner$1.schedule(ParentRunner.java:60)&#10;&#9;at org.junit.runners.ParentRunner.runChildren(ParentRunner.java:229)&#10;&#9;at org.junit.runners.ParentRunner.access$000(ParentRunner.java:50)&#10;&#9;at org.junit.runners.ParentRunner$2.evaluate(ParentRunner.java:222)&#10;&#9;at org.junit.runners.ParentRunner.run(ParentRunner.java:300)&#10;&#9;at org.eclipse.jdt.internal.junit4.runner.JUnit4TestReference.run(JUnit4TestReference.java:49)&#10;&#9;at org.eclipse.jdt.internal.junit.runner.TestExecution.run(TestExecution.java:38)&#10;&#9;at org.eclipse.jdt.internal.junit.runner.RemoteTestRunner.runTests(RemoteTestRunner.java:467)&#10;&#9;at org.eclipse.jdt.internal.junit.runner.RemoteTestRunner.runTests(RemoteTestRunner.java:683)&#10;&#9;at org.eclipse.jdt.internal.junit.runner.RemoteTestRunner.run(RemoteTestRunner.java:390)&#10;&#9;at org.codecover.juniteclipse.runner.EclipseTestRunner.main(EclipseTestRunner.java:40)" Date="1328027106763" Name="org.jfree.data.Constrain:tenMoreThanUpperBound">
<CovList>
<CovPrefix CovItemPrefix="org.jfree.data.Constrain.java">
<Cov CovItemId="B7" Value="1"/>
<Cov CovItemId="S19" Value="1"/>
<Cov CovItemId="S20" Value="1"/>
<Cov CovItemId="S21" Value="1"/>
<Cov CovItemId="S22" Value="1"/>
<Cov CovItemId="S24" Value="1"/>
</CovPrefix>
</CovList>
<AssgnmntList/>
<ObjMetaDataList/>
<MetaDataList/>
</TestCase>
<TestCase Comment="" Date="1328027106767" Name="org.jfree.data.Constrain:upperBound">
<CovList>
<CovPrefix CovItemPrefix="org.jfree.data.Constrain.java">
<Cov CovItemId="S25" Value="1"/>
<Cov CovItemId="S26" Value="1"/>
<Cov CovItemId="S27" Value="1"/>
</CovPrefix>
</CovList>
<AssgnmntList/>
<ObjMetaDataList/>
<MetaDataList/>
</TestCase>
<TestCase Comment="" Date="1328027106768" Name="org.jfree.data.Constrain:lowerBound">
<CovList>
<CovPrefix CovItemPrefix="org.jfree.data.Constrain.java">
<Cov CovItemId="S28" Value="1"/>
<Cov CovItemId="S29" Value="1"/>
<Cov CovItemId="S30" Value="1"/>
</CovPrefix>
</CovList>
<AssgnmntList/>
<ObjMetaDataList/>
<MetaDataList/>
</TestCase>
<TestCase Comment="" Date="1328027106770" Name="org.jfree.data.Constrain:centralValue">
<CovList>
<CovPrefix CovItemPrefix="org.jfree.data.Constrain.java">
<Cov CovItemId="S31" Value="1"/>
<Cov CovItemId="S32" Value="1"/>
<Cov CovItemId="S33" Value="1"/>
</CovPrefix>
</CovList>
<AssgnmntList/>
<ObjMetaDataList/>
<MetaDataList/>
</TestCase>
<TestCase Comment="" Date="1328027106774" Name="org.jfree.data.ExpandToInclude:tenLessThanLowerBound">
<CovList>
<CovPrefix CovItemPrefix="org.jfree.data.ExpandToInclude.java">
<Cov CovItemId="S1" Value="1"/>
<Cov CovItemId="S2" Value="1"/>
<Cov CovItemId="S3" Value="1"/>
<Cov CovItemId="S4" Value="1"/>
<Cov CovItemId="S5" Value="1"/>
</CovPrefix>
</CovList>
<AssgnmntList/>
<ObjMetaDataList/>
<MetaDataList/>
</TestCase>
<TestCase Comment="" Date="1328027106779" Name="org.jfree.data.ExpandToInclude:oneLessThanLowerBound">
<CovList>
<CovPrefix CovItemPrefix="org.jfree.data.ExpandToInclude.java">
<Cov CovItemId="S10" Value="1"/>
<Cov CovItemId="S6" Value="1"/>
<Cov CovItemId="S7" Value="1"/>
<Cov CovItemId="S8" Value="1"/>
<Cov CovItemId="S9" Value="1"/>
</CovPrefix>
</CovList>
<AssgnmntList/>
<ObjMetaDataList/>
<MetaDataList/>
</TestCase>
<TestCase Comment="" Date="1328027106780" Name="org.jfree.data.ExpandToInclude:upperBound">
<CovList>
<CovPrefix CovItemPrefix="org.jfree.data.ExpandToInclude.java">
<Cov CovItemId="S21" Value="1"/>
<Cov CovItemId="S22" Value="1"/>
<Cov CovItemId="S23" Value="1"/>
<Cov CovItemId="S24" Value="1"/>
<Cov CovItemId="S25" Value="1"/>
</CovPrefix>
</CovList>
<AssgnmntList/>
<ObjMetaDataList/>
<MetaDataList/>
</TestCase>
<TestCase Comment="" Date="1328027106782" Name="org.jfree.data.ExpandToInclude:lowerBound">
<CovList>
<CovPrefix CovItemPrefix="org.jfree.data.ExpandToInclude.java">
<Cov CovItemId="S11" Value="1"/>
<Cov CovItemId="S12" Value="1"/>
<Cov CovItemId="S13" Value="1"/>
<Cov CovItemId="S14" Value="1"/>
<Cov CovItemId="S15" Value="1"/>
</CovPrefix>
</CovList>
<AssgnmntList/>
<ObjMetaDataList/>
<MetaDataList/>
</TestCase>
<TestCase Comment="" Date="1328027106784" Name="org.jfree.data.ExpandToInclude:centralValue">
<CovList>
<CovPrefix CovItemPrefix="org.jfree.data.ExpandToInclude.java">
<Cov CovItemId="S16" Value="1"/>
<Cov CovItemId="S17" Value="1"/>
<Cov CovItemId="S18" Value="1"/>
<Cov CovItemId="S19" Value="1"/>
<Cov CovItemId="S20" Value="1"/>
</CovPrefix>
</CovList>
<AssgnmntList/>
<ObjMetaDataList/>
<MetaDataList/>
</TestCase>
<TestCase Comment="" Date="1328027106786" Name="org.jfree.data.ExpandToInclude:oneOverUpperBound">
<CovList>
<CovPrefix CovItemPrefix="org.jfree.data.ExpandToInclude.java">
<Cov CovItemId="S26" Value="1"/>
<Cov CovItemId="S27" Value="1"/>
<Cov CovItemId="S28" Value="1"/>
<Cov CovItemId="S29" Value="1"/>
<Cov CovItemId="S30" Value="1"/>
<Cov CovItemId="S31" Value="1"/>
</CovPrefix>
</CovList>
<AssgnmntList/>
<ObjMetaDataList/>
<MetaDataList/>
</TestCase>
<TestCase Comment="" Date="1328027106788" Name="org.jfree.data.ExpandToInclude:tenOverUpperBound">
<CovList>
<CovPrefix CovItemPrefix="org.jfree.data.ExpandToInclude.java">
<Cov CovItemId="S32" Value="1"/>
<Cov CovItemId="S33" Value="1"/>
<Cov CovItemId="S34" Value="1"/>
<Cov CovItemId="S35" Value="1"/>
<Cov CovItemId="S36" Value="1"/>
<Cov CovItemId="S37" Value="1"/>
</CovPrefix>
</CovList>
<AssgnmntList/>
<ObjMetaDataList/>
<MetaDataList/>
</TestCase>
<TestCase Comment="Failure&#10;java.lang.AssertionError: Method should throw exception. expected:&lt;true&gt; but was:&lt;false&gt;&#10;&#9;at org.junit.Assert.fail(Assert.java:93)&#10;&#9;at org.junit.Assert.failNotEquals(Assert.java:647)&#10;&#9;at org.junit.Assert.assertEquals(Assert.java:128)&#10;&#9;at org.jfree.data.ExpandToInclude.nullRange(ExpandToInclude.java:139)&#10;&#9;at sun.reflect.NativeMethodAccessorImpl.invoke0(Native Method)&#10;&#9;at sun.reflect.NativeMethodAccessorImpl.invoke(NativeMethodAccessorImpl.java:39)&#10;&#9;at sun.reflect.DelegatingMethodAccessorImpl.invoke(DelegatingMethodAccessorImpl.java:25)&#10;&#9;at java.lang.reflect.Method.invoke(Method.java:597)&#10;&#9;at org.junit.runners.model.FrameworkMethod$1.runReflectiveCall(FrameworkMethod.java:45)&#10;&#9;at org.junit.internal.runners.model.ReflectiveCallable.run(ReflectiveCallable.java:15)&#10;&#9;at org.junit.runners.model.FrameworkMethod.invokeExplosively(FrameworkMethod.java:42)&#10;&#9;at org.junit.internal.runners.statements.InvokeMethod.evaluate(InvokeMethod.java:20)&#10;&#9;at org.junit.runners.ParentRunner.runLeaf(ParentRunner.java:263)&#10;&#9;at org.junit.runners.BlockJUnit4ClassRunner.runChild(BlockJUnit4ClassRunner.java:68)&#10;&#9;at org.junit.runners.BlockJUnit4ClassRunner.runChild(BlockJUnit4ClassRunner.java:47)&#10;&#9;at org.junit.runners.ParentRunner$3.run(ParentRunner.java:231)&#10;&#9;at org.junit.runners.ParentRunner$1.schedule(ParentRunner.java:60)&#10;&#9;at org.junit.runners.ParentRunner.runChildren(ParentRunner.java:229)&#10;&#9;at org.junit.runners.ParentRunner.access$000(ParentRunner.java:50)&#10;&#9;at org.junit.runners.ParentRunner$2.evaluate(ParentRunner.java:222)&#10;&#9;at org.junit.runners.ParentRunner.run(ParentRunner.java:300)&#10;&#9;at org.eclipse.jdt.internal.junit4.runner.JUnit4TestReference.run(JUnit4TestReference.java:49)&#10;&#9;at org.eclipse.jdt.internal.junit.runner.TestExecution.run(TestExecution.java:38)&#10;&#9;at org.eclipse.jdt.internal.junit.runner.RemoteTestRunner.runTests(RemoteTestRunner.java:467)&#10;&#9;at org.eclipse.jdt.internal.junit.runner.RemoteTestRunner.runTests(RemoteTestRunner.java:683)&#10;&#9;at org.eclipse.jdt.internal.junit.runner.RemoteTestRunner.run(RemoteTestRunner.java:390)&#10;&#9;at org.codecover.juniteclipse.runner.EclipseTestRunner.main(EclipseTestRunner.java:40)" Date="1328027106789" Name="org.jfree.data.ExpandToInclude:nullRange">
<CovList>
<CovPrefix CovItemPrefix="org.jfree.data.ExpandToInclude.java">
<Cov CovItemId="B1" Value="1"/>
<Cov CovItemId="S38" Value="1"/>
<Cov CovItemId="S39" Value="1"/>
<Cov CovItemId="S40" Value="1"/>
<Cov CovItemId="S41" Value="1"/>
<Cov CovItemId="S43" Value="1"/>
</CovPrefix>
</CovList>
<AssgnmntList/>
<ObjMetaDataList/>
<MetaDataList/>
</TestCase>
<TestCase Comment="" Date="1328027106803" Name="org.jfree.data.Contains:oneLessThanLowerBound">
<CovList>
<CovPrefix CovItemPrefix="org.jfree.data.Contains.java">
<Cov CovItemId="S1" Value="1"/>
<Cov CovItemId="S2" Value="1"/>
<Cov CovItemId="S3" Value="1"/>
</CovPrefix>
</CovList>
<AssgnmntList/>
<ObjMetaDataList/>
<MetaDataList/>
</TestCase>
<TestCase Comment="" Date="1328027106805" Name="org.jfree.data.Contains:upperBound">
<CovList>
<CovPrefix CovItemPrefix="org.jfree.data.Contains.java">
<Cov CovItemId="S10" Value="1"/>
<Cov CovItemId="S11" Value="1"/>
<Cov CovItemId="S12" Value="1"/>
</CovPrefix>
</CovList>
<AssgnmntList/>
<ObjMetaDataList/>
<MetaDataList/>
</TestCase>
<TestCase Comment="" Date="1328027106807" Name="org.jfree.data.Contains:lowerBound">
<CovList>
<CovPrefix CovItemPrefix="org.jfree.data.Contains.java">
<Cov CovItemId="S4" Value="1"/>
<Cov CovItemId="S5" Value="1"/>
<Cov CovItemId="S6" Value="1"/>
</CovPrefix>
</CovList>
<AssgnmntList/>
<ObjMetaDataList/>
<MetaDataList/>
</TestCase>
<TestCase Comment="" Date="1328027106810" Name="org.jfree.data.Contains:oneOverUpperBound">
<CovList>
<CovPrefix CovItemPrefix="org.jfree.data.Contains.java">
<Cov CovItemId="S13" Value="1"/>
<Cov CovItemId="S14" Value="1"/>
<Cov CovItemId="S15" Value="1"/>
</CovPrefix>
</CovList>
<AssgnmntList/>
<ObjMetaDataList/>
<MetaDataList/>
</TestCase>
<TestCase Comment="" Date="1328027106812" Name="org.jfree.data.Contains:centerOfRange">
<CovList>
<CovPrefix CovItemPrefix="org.jfree.data.Contains.java">
<Cov CovItemId="S7" Value="1"/>
<Cov CovItemId="S8" Value="1"/>
<Cov CovItemId="S9" Value="1"/>
</CovPrefix>
</CovList>
<AssgnmntList/>
<ObjMetaDataList/>
<MetaDataList/>
</TestCase>
<MetaDataList/>
</TestSession>
</TestSessionContainer>
