<?xml version="1.0" encoding="UTF-8"?>
<TestSessionContainer xmlns="http://www.codecover.org/xml/testsession-container" Date="1329200580008" TestSessionContainerId="59c3a953-6db8-4bba-a5dc-5f36f92b4e57" version="1.0">
<SrcFileList>
<SrcFile Content="/* ===========================================================&#13;&#10; * JFreeChart : a free chart library for the Java(tm) platform&#13;&#10; * ===========================================================&#13;&#10; *&#13;&#10; * (C) Copyright 2000-2006, by Object Refinery Limited and Contributors.&#13;&#10; *&#13;&#10; * Project Info:  http://www.jfree.org/jfreechart/index.html&#13;&#10; *&#13;&#10; * This library is free software; you can redistribute it and/or modify it &#13;&#10; * under the terms of the GNU Lesser General Public License as published by &#13;&#10; * the Free Software Foundation; either version 2.1 of the License, or &#13;&#10; * (at your option) any later version.&#13;&#10; *&#13;&#10; * This library is distributed in the hope that it will be useful, but &#13;&#10; * WITHOUT ANY WARRANTY; without even the implied warranty of MERCHANTABILITY &#13;&#10; * or FITNESS FOR A PARTICULAR PURPOSE. See the GNU Lesser General Public &#13;&#10; * License for more details.&#13;&#10; *&#13;&#10; * You should have received a copy of the GNU Lesser General Public&#13;&#10; * License along with this library; if not, write to the Free Software&#13;&#10; * Foundation, Inc., 51 Franklin Street, Fifth Floor, Boston, MA  02110-1301, &#13;&#10; * USA.  &#13;&#10; *&#13;&#10; * [Java is a trademark or registered trademark of Sun Microsystems, Inc. &#13;&#10; * in the United States and other countries.]&#13;&#10; *&#13;&#10; * ----------&#13;&#10; * Range.java&#13;&#10; * ----------&#13;&#10; * (C) Copyright 2002-2006, by Object Refinery Limited and Contributors.&#13;&#10; *&#13;&#10; * Original Author:  David Gilbert (for Object Refinery Limited);&#13;&#10; * Contributor(s):   Chuanhao Chiu;&#13;&#10; *                   Bill Kelemen; &#13;&#10; *                   Nicolas Brodu;&#13;&#10; *&#13;&#10; * $Id: Range.java,v 1.7 2006/01/11 12:10:16 mungady Exp $&#13;&#10; *&#13;&#10; * Changes (from 23-Jun-2001)&#13;&#10; * --------------------------&#13;&#10; * 22-Apr-2002 : Version 1, loosely based by code by Bill Kelemen (DG);&#13;&#10; * 30-Apr-2002 : Added getLength() and getCentralValue() methods.  Changed&#13;&#10; *               argument check in constructor (DG);&#13;&#10; * 13-Jun-2002 : Added contains(double) method (DG);&#13;&#10; * 22-Aug-2002 : Added fix to combine method where both ranges are null, thanks&#13;&#10; *               to Chuanhao Chiu for reporting and fixing this (DG);&#13;&#10; * 07-Oct-2002 : Fixed errors reported by Checkstyle (DG);&#13;&#10; * 26-Mar-2003 : Implemented Serializable (DG);&#13;&#10; * 14-Aug-2003 : Added equals() method (DG);&#13;&#10; * 27-Aug-2003 : Added toString() method (BK);&#13;&#10; * 11-Sep-2003 : Added Clone Support (NB);&#13;&#10; * 23-Sep-2003 : Fixed Checkstyle issues (DG);&#13;&#10; * 25-Sep-2003 : Oops, Range immutable, clone not necessary (NB);&#13;&#10; * 05-May-2004 : Added constrain() and intersects() methods (DG);&#13;&#10; * 18-May-2004 : Added expand() method (DG);&#13;&#10; * 11-Jan-2006 : Added new method expandToInclude(Range, double) (DG);&#13;&#10; * &#13;&#10; */&#13;&#10;&#13;&#10;package org.jfree.data;&#13;&#10;&#13;&#10;import java.io.Serializable;&#13;&#10;&#13;&#10;/**&#13;&#10; * Represents an immutable range of values.&#13;&#10; */&#13;&#10;public strictfp class Range implements Serializable {&#13;&#10;&#13;&#10;    /** For serialization. */&#13;&#10;    private static final long serialVersionUID = -906333695431863380L;&#13;&#10;    &#13;&#10;    /** The lower bound of the range. */&#13;&#10;    private double lower;&#13;&#10;&#13;&#10;    /** The upper bound of the range. */&#13;&#10;    private double upper;&#13;&#10;&#13;&#10;    /**&#13;&#10;     * Creates a new range.&#13;&#10;     *&#13;&#10;     * @param lower  the lower bound (must be &lt;= upper bound).&#13;&#10;     * @param upper  the upper bound (must be &gt;= lower bound).&#13;&#10;     */&#13;&#10;    public Range(double lower, double upper) {&#13;&#10;        if (lower &gt; upper) {&#13;&#10;            String msg = &quot;Range(double, double): require lower (&quot; + lower &#13;&#10;                + &quot;) &lt;= upper (&quot; + upper + &quot;).&quot;;&#13;&#10;            throw new IllegalArgumentException(msg);&#13;&#10;        }&#13;&#10;        this.lower = lower;&#13;&#10;        this.upper = upper;&#13;&#10;    }&#13;&#10;&#13;&#10;    /**&#13;&#10;     * Returns the lower bound for the range.&#13;&#10;     *&#13;&#10;     * @return The lower bound.&#13;&#10;     */&#13;&#10;    public double getLowerBound() {&#13;&#10;        return this.lower;&#13;&#10;    }&#13;&#10;&#13;&#10;    /**&#13;&#10;     * Returns the upper bound for the range.&#13;&#10;     *&#13;&#10;     * @return The upper bound.&#13;&#10;     */&#13;&#10;    public double getUpperBound() {&#13;&#10;        return this.upper;&#13;&#10;    }&#13;&#10;&#13;&#10;    /**&#13;&#10;     * Returns the length of the range.&#13;&#10;     *&#13;&#10;     * @return The length.&#13;&#10;     */&#13;&#10;    public double getLength() {&#13;&#10;        return this.upper - this.lower;&#13;&#10;    }&#13;&#10;&#13;&#10;    /**&#13;&#10;     * Returns the central (or median) value for the range.&#13;&#10;     *&#13;&#10;     * @return The central value.&#13;&#10;     */&#13;&#10;    public double getCentralValue() {&#13;&#10;        return this.lower / 2.0 + this.upper / 2.0;&#13;&#10;    }&#13;&#10;&#13;&#10;    /**&#13;&#10;     * Returns &lt;code&gt;true&lt;/code&gt; if the specified value is within the range and &#13;&#10;     * &lt;code&gt;false&lt;/code&gt; otherwise.&#13;&#10;     *&#13;&#10;     * @param value  the value to be tested&#13;&#10;     *&#13;&#10;     * @return &lt;code&gt;true&lt;/code&gt; if the range contains the specified value.&#13;&#10;     */&#13;&#10;    public boolean contains(double value) {&#13;&#10;        return (value &gt;= this.lower &amp;&amp; value &lt;= this.upper);&#13;&#10;    }&#13;&#10;    &#13;&#10;    /**&#13;&#10;     * Returns &lt;code&gt;true&lt;/code&gt; if the range intersects (overlaps) with the&#13;&#10;     * specified range, and &lt;code&gt;false&lt;/code&gt; otherwise.&#13;&#10;     * &#13;&#10;     * @param lower  the lower bound (should be &lt;= upper bound).&#13;&#10;     * @param upper  the upper bound (should be &gt;= lower bound).&#13;&#10;     * &#13;&#10;     * @return &lt;code&gt;true&lt;/code&gt; if the ranges intersect.&#13;&#10;     */&#13;&#10;    public boolean intersects(double lower, double upper) {&#13;&#10;        if (lower &lt;= this.lower) {&#13;&#10;            return (upper &gt; this.lower);&#13;&#10;        }&#13;&#10;        else {&#13;&#10;            return (upper &lt; this.upper &amp;&amp; upper &gt;= lower);&#13;&#10;        }&#13;&#10;    }&#13;&#10;&#13;&#10;    /**&#13;&#10;     * Returns the value within the range that is closest to the specified &#13;&#10;     * value.&#13;&#10;     * &#13;&#10;     * @param value  the value to find the closest in-range value of.&#13;&#10;     * &#13;&#10;     * @return The constrained value. If value is within the range, will return&#13;&#10;     * the input value. &#13;&#10;     */&#13;&#10;    public double constrain(double value) {&#13;&#10;        double result = value;&#13;&#10;        if (!contains(value)) {&#13;&#10;            if (value &gt; this.upper) {&#13;&#10;                result = this.upper;   &#13;&#10;            }&#13;&#10;            else if (value &lt; this.lower) {&#13;&#10;                result = this.lower;   &#13;&#10;            }&#13;&#10;        }&#13;&#10;        return result;&#13;&#10;    }&#13;&#10;    &#13;&#10;    /**&#13;&#10;     * Creates a new range by combining two existing ranges.&#13;&#10;     * &lt;P&gt;&#13;&#10;     * Note that:&#13;&#10;     * &lt;ul&gt;&#13;&#10;     *   &lt;li&gt;either range can be &lt;code&gt;null&lt;/code&gt;, in which case the other &#13;&#10;     *       range is returned;&lt;/li&gt;&#13;&#10;     *   &lt;li&gt;if both ranges are &lt;code&gt;null&lt;/code&gt; the return value is &#13;&#10;     *       &lt;code&gt;null&lt;/code&gt;.&lt;/li&gt;&#13;&#10;     * &lt;/ul&gt;&#13;&#10;     *&#13;&#10;     * @param range1  the first range (&lt;code&gt;null&lt;/code&gt; permitted).&#13;&#10;     * @param range2  the second range (&lt;code&gt;null&lt;/code&gt; permitted).&#13;&#10;     *&#13;&#10;     * @return A new range subsuming both input ranges (possibly &lt;code&gt;null&lt;/code&gt;).&#13;&#10;     */&#13;&#10;    public static Range combine(Range range1, Range range2) {&#13;&#10;        if (range1 == null) {&#13;&#10;            return range2;&#13;&#10;        }&#13;&#10;        else {&#13;&#10;            if (range2 == null) {&#13;&#10;                return range2;&#13;&#10;            }&#13;&#10;            else {&#13;&#10;                double l = Math.min(range1.getLowerBound(), &#13;&#10;                        range2.getLowerBound());&#13;&#10;                double u = Math.max(range1.getUpperBound(), &#13;&#10;                        range2.getUpperBound());&#13;&#10;                return new Range(l, u);&#13;&#10;            }&#13;&#10;        }&#13;&#10;    }&#13;&#10;    &#13;&#10;    /**&#13;&#10;     * Returns a range that includes all the values in the specified &#13;&#10;     * &lt;code&gt;range&lt;/code&gt; AND contains the specified &lt;code&gt;value&lt;/code&gt;.&#13;&#10;     * &#13;&#10;     * @param range  the range (&lt;code&gt;null&lt;/code&gt; permitted).&#13;&#10;     * @param value  the value that must be included.&#13;&#10;     * &#13;&#10;     * @return A range which spans over the input range, and has been expanded to contain the input value.&#13;&#10;     */&#13;&#10;    public static Range expandToInclude(Range range, double value) {&#13;&#10;        if (range == null) {&#13;&#10;            return new Range(value, value);&#13;&#10;        }&#13;&#10;        if (value &lt; range.getLowerBound()) {&#13;&#10;            return new Range(value, range.getUpperBound());&#13;&#10;        }&#13;&#10;        else if (value &gt; range.getUpperBound()) {&#13;&#10;            return new Range(range.getLowerBound(), value);&#13;&#10;        }&#13;&#10;        else {&#13;&#10;            return range;&#13;&#10;        }&#13;&#10;    }&#13;&#10;    &#13;&#10;    /**&#13;&#10;     * Creates a new range by adding margins to an existing range.&#13;&#10;     * For example: expand(new Range(2, 6), 0.25, 0.5) returns a range from 1 to 8.&#13;&#10;     * &#13;&#10;     * @param range  the range (&lt;code&gt;null&lt;/code&gt; not permitted).&#13;&#10;     * @param lowerMargin  the lower margin (expressed as a percentage of the &#13;&#10;     *                     range length).&#13;&#10;     * @param upperMargin  the upper margin (expressed as a percentage of the &#13;&#10;     *                     range length).&#13;&#10;     * &#13;&#10;     * @return The expanded range.&#13;&#10;     */&#13;&#10;    public static Range expand(Range range, &#13;&#10;                               double lowerMargin, double upperMargin) {&#13;&#10;        if (range == null) {&#13;&#10;            throw new IllegalArgumentException(&quot;Null 'range' argument.&quot;);   &#13;&#10;        }&#13;&#10;        double length = range.getLength();&#13;&#10;        double lower = length * lowerMargin;&#13;&#10;        double upper = length * upperMargin;&#13;&#10;        return new Range(range.getLowerBound() - lower, &#13;&#10;                range.getUpperBound() + upper);&#13;&#10;    }&#13;&#10;&#13;&#10;    /**&#13;&#10;     * Returns a range the size of the input range, which has been moved positively&#13;&#10;     * (to the right) by the delta value. Is equivalent to shift(base, delta, false)&#13;&#10;     * (does not allow zero crossing).&#13;&#10;     * &#13;&#10;     * @param base  the base range.&#13;&#10;     * @param delta  the amount to shift right by.&#13;&#10;     * &#13;&#10;     * @return A range representing the base range shifted right by delta.&#13;&#10;     */&#13;&#10;    public static Range shift(Range base, double delta) {&#13;&#10;        return shift(base, delta, false);&#13;&#10;    }&#13;&#10;    &#13;&#10;    /**&#13;&#10;     * Returns a range the size of the input range, which has been moved positively&#13;&#10;     * (to the right) by the delta value. If allowZeroCrossing is false, any bound which crosses the zero mark after shifting&#13;&#10;     * (either from negative to positive, or positive to negative), will become &#13;&#10;     * zero.&#13;&#10;     * &#13;&#10;     * @param base  the base range.&#13;&#10;     * @param delta  the shift amount.&#13;&#10;     * @param allowZeroCrossing  a flag that determines whether or not the &#13;&#10;     *                           bounds of the range are allowed to cross&#13;&#10;     *                           zero after adjustment.&#13;&#10;     * &#13;&#10;     * @return A range representing the base range shifted right by delta.&#13;&#10;     */&#13;&#10;    public static Range shift(Range base, double delta, &#13;&#10;                              boolean allowZeroCrossing) {&#13;&#10;        if (allowZeroCrossing) {&#13;&#10;            return new Range(base.getLowerBound() + delta, &#13;&#10;                    base.getUpperBound() + delta);&#13;&#10;        }&#13;&#10;        else {&#13;&#10;            return new Range(shiftWithNoZeroCrossing(base.getLowerBound(), &#13;&#10;                    delta), shiftWithNoZeroCrossing(base.getUpperBound(), &#13;&#10;                    delta));&#13;&#10;        }&#13;&#10;    }&#13;&#10;&#13;&#10;    /**&#13;&#10;     * Returns the given &lt;code&gt;value&lt;/code&gt; adjusted by &lt;code&gt;delta&lt;/code&gt; but&#13;&#10;     * with a check to prevent the result from crossing &lt;code&gt;0.0&lt;/code&gt;.&#13;&#10;     * &#13;&#10;     * @param value  the value.&#13;&#10;     * @param delta  the adjustment.&#13;&#10;     * &#13;&#10;     * @return The adjusted value.&#13;&#10;     */&#13;&#10;    private static double shiftWithNoZeroCrossing(double value, double delta) {&#13;&#10;        if (value &gt; 0.0) {&#13;&#10;            return Math.max(value + delta, 0.0);  &#13;&#10;        }&#13;&#10;        else if (value &lt; 0.0) {&#13;&#10;            return Math.min(value + delta, 0.0);&#13;&#10;        }&#13;&#10;        else {&#13;&#10;            return value + delta;   &#13;&#10;        }&#13;&#10;    }&#13;&#10;    &#13;&#10;    /**&#13;&#10;     * Tests this object for equality with an arbitrary object.&#13;&#10;     *&#13;&#10;     * @param obj  the object to test against (&lt;code&gt;null&lt;/code&gt; permitted).&#13;&#10;     *&#13;&#10;     * @return &lt;code&gt;true&lt;/code&gt; if the input object is an equivalent range.&#13;&#10;     */&#13;&#10;    public boolean equals(Object obj) {&#13;&#10;        if (!(obj instanceof Range)) {&#13;&#10;            return false;&#13;&#10;        }&#13;&#10;        Range range = (Range) obj;&#13;&#10;        if (!(this.lower == range.lower)) {&#13;&#10;            return false;&#13;&#10;        }&#13;&#10;        if (!(this.upper == range.upper)) {&#13;&#10;            return true;&#13;&#10;        }&#13;&#10;        return true;&#13;&#10;    }&#13;&#10;&#13;&#10;    /**&#13;&#10;     * Returns a hash code. The hash code should be an integer which is&#13;&#10;     * deterministically calculated for any range.&#13;&#10;     * &#13;&#10;     * @return A hash code for this range.&#13;&#10;     */&#13;&#10;    public int hashCode() {&#13;&#10;        int result;&#13;&#10;        long temp;&#13;&#10;        temp = Double.doubleToLongBits(this.lower);&#13;&#10;        result = (int) (temp ^ (temp &gt;&gt;&gt; 32));&#13;&#10;        temp = Double.doubleToLongBits(this.upper);&#13;&#10;        result = 29 * result + (int) (temp ^ (temp &gt;&gt;&gt; 32));&#13;&#10;        return result;&#13;&#10;    }&#13;&#10;&#13;&#10;    /**&#13;&#10;     * Returns a string representation of this Range.&#13;&#10;     *&#13;&#10;     * @return A String &quot;Range[lower,upper]&quot; where lower=lower range and &#13;&#10;     *         upper=upper range.&#13;&#10;     */&#13;&#10;    public String toString() {&#13;&#10;        return (&quot;Range[&quot; + this.lower + &quot;,&quot; + this.upper + &quot;]&quot;);&#13;&#10;    }&#13;&#10;&#13;&#10;}" Filename="Range.java" Intrnl_Id="1"/>
<SrcFile Content="package org.jfree.data.test;&#10;&#10;import static org.junit.Assert.*;&#10;&#10;import org.jfree.data.DefaultKeyedValues;&#10;import org.jfree.data.UnknownKeyException;&#10;import org.jfree.util.SortOrder;&#10;import org.junit.Test;&#10;&#10;&#10;public class DefaultKeyedValuesTest {&#10;&#9;//tests for method 1&#10;&#9;@Test&#10;&#9;public void testConstructor() {&#10;&#9;&#9;DefaultKeyedValues testDKV = new DefaultKeyedValues();&#10;&#9;&#9;assertTrue(testDKV.getItemCount() == 0);&#10;&#9;}&#10;&#9;&#10;&#9;//tests for method 2&#10;&#9;@Test&#10;&#9;public void testGetItemCount_DKVHasZeroEntries() {&#10;&#9;&#9;DefaultKeyedValues testDKV = new DefaultKeyedValues();&#10;&#9;&#9;int expected = 0;&#10;&#9;&#9;int actual = testDKV.getItemCount();&#10;&#9;&#9;&#10;&#9;&#9;assertTrue(actual == expected);&#10;&#9;}&#10;&#9;&#10;&#9;@Test&#10;&#9;public void testGetItemCount_DKVHasOneEntry() {&#10;&#9;&#9;DefaultKeyedValues testDKV = new DefaultKeyedValues();&#10;&#9;&#9;testDKV.addValue(new Integer(0), 1.0);&#10;&#9;&#9;int expected = 1;&#10;&#9;&#9;int actual = testDKV.getItemCount();&#10;&#9;&#9;&#10;&#9;&#9;assertTrue(actual == expected);&#10;&#9;}&#10;&#9;&#10;&#9;@Test&#10;&#9;public void testGetItemCount_DKVHasFiveEntries() {&#10;&#9;&#9;DefaultKeyedValues testDKV = new DefaultKeyedValues();&#10;&#9;&#9;for(int i = 0; i &lt; 5; i++) {&#10;&#9;&#9;&#9;testDKV.addValue(new Integer(i), i);&#10;&#9;&#9;}&#10;&#9;&#9;&#9;&#10;&#9;&#9;int expected = 5;&#10;&#9;&#9;int actual = testDKV.getItemCount();&#10;&#9;&#9;&#10;&#9;&#9;assertTrue(actual == expected);&#10;&#9;}&#10;&#9;&#10;&#9;//tests for method 3&#10;&#9;@Test&#10;&#9;public void testGetValue_indexIsZero() {&#10;&#9;&#9;DefaultKeyedValues testDKV = new DefaultKeyedValues();&#10;&#9;&#9;for(int i = 0; i &lt; 5; i++) {&#10;&#9;&#9;&#9;testDKV.addValue(new Integer(i), i);&#10;&#9;&#9;}&#10;&#9;&#9;&#9;&#10;&#9;&#9;double expected = 0;&#10;&#9;&#9;double actual = (Double) testDKV.getValue(0);&#10;&#9;&#9;&#10;&#9;&#9;assertTrue(actual == expected);&#10;&#9;}&#10;&#9;&#10;&#9;@Test&#10;&#9;public void testGetValue_indexIsHighestInRange() {&#10;&#9;&#9;DefaultKeyedValues testDKV = new DefaultKeyedValues();&#10;&#9;&#9;for(int i = 0; i &lt; 5; i++) {&#10;&#9;&#9;&#9;testDKV.addValue(new Integer(i), i);&#10;&#9;&#9;}&#10;&#9;&#9;&#9;&#10;&#9;&#9;double expected = 4;&#10;&#9;&#9;double actual = (Double) testDKV.getValue(4);&#10;&#9;&#9;&#10;&#9;&#9;assertTrue(actual == expected);&#10;&#9;}&#10;&#9;&#10;&#9;@Test&#10;&#9;public void testGetValue_indexIsOutOfBounds() {&#10;&#9;&#9;DefaultKeyedValues testDKV = new DefaultKeyedValues();&#10;&#9;&#9;for(int i = 0; i &lt; 5; i++) {&#10;&#9;&#9;&#9;testDKV.addValue(new Integer(i), i);&#10;&#9;&#9;}&#10;&#9;&#9;&#9;&#10;&#9;&#9;boolean testPassed = false;&#10;&#9;&#9;try {&#10;&#9;&#9;&#9;testDKV.getValue(5);&#10;&#9;&#9;} catch(IndexOutOfBoundsException e) {&#10;&#9;&#9;&#9;testPassed = true;&#10;&#9;&#9;} finally {&#10;&#9;&#9;&#9;assertTrue(testPassed);&#10;&#9;&#9;}&#10;&#9;}&#10;&#9;&#10;&#9;//tests for method 4&#10;&#9;@Test&#10;&#9;public void testGetKey_indexIsZero() {&#10;&#9;&#9;DefaultKeyedValues testDKV = new DefaultKeyedValues();&#10;&#9;&#9;for(int i = 0; i &lt; 5; i++) {&#10;&#9;&#9;&#9;testDKV.addValue(new Integer(i), i);&#10;&#9;&#9;}&#10;&#9;&#9;&#9;&#10;&#9;&#9;int expected = 0;&#10;&#9;&#9;int actual = (Integer) testDKV.getKey(0);&#10;&#9;&#9;&#10;&#9;&#9;assertTrue(actual == expected);&#10;&#9;}&#10;&#9;&#10;&#9;@Test&#10;&#9;public void testGetKey_indexIsHighestInRange() {&#10;&#9;&#9;DefaultKeyedValues testDKV = new DefaultKeyedValues();&#10;&#9;&#9;for(int i = 0; i &lt; 5; i++) {&#10;&#9;&#9;&#9;testDKV.addValue(new Integer(i), i);&#10;&#9;&#9;}&#10;&#9;&#9;&#9;&#10;&#9;&#9;int expected = 4;&#10;&#9;&#9;int actual = (Integer) testDKV.getKey(4);&#10;&#9;&#9;&#10;&#9;&#9;assertTrue(actual == expected);&#10;&#9;}&#10;&#9;&#10;&#9;@Test&#10;&#9;public void testGetKey_indexIsOutOfBounds() {&#10;&#9;&#9;DefaultKeyedValues testDKV = new DefaultKeyedValues();&#10;&#9;&#9;for(int i = 0; i &lt; 5; i++) {&#10;&#9;&#9;&#9;testDKV.addValue(new Integer(i), i);&#10;&#9;&#9;}&#10;&#9;&#9;&#9;&#10;&#9;&#9;boolean testPassed = false;&#10;&#9;&#9;try {&#10;&#9;&#9;&#9;testDKV.getKey(5);&#10;&#9;&#9;} catch(IndexOutOfBoundsException e) {&#10;&#9;&#9;&#9;testPassed = true;&#10;&#9;&#9;} finally {&#10;&#9;&#9;&#9;assertTrue(testPassed);&#10;&#9;&#9;}&#10;&#9;}&#10;&#9;&#10;&#9;//tests for method 5&#10;&#9;@Test&#10;&#9;public void testGetIndex_keyIsValid() {&#10;&#9;&#9;DefaultKeyedValues testDKV = new DefaultKeyedValues();&#10;&#9;&#9;for(int i = 1; i &lt; 6; i++) {&#10;&#9;&#9;&#9;testDKV.addValue(new Integer(i), i);&#10;&#9;&#9;}&#10;&#9;&#9;&#9;&#10;&#9;&#9;int expected = 2;&#10;&#9;&#9;int actual = (Integer) testDKV.getIndex(new Integer(3));&#10;&#9;&#9;&#10;&#9;&#9;assertTrue(actual == expected);&#10;&#9;}&#10;&#9;&#10;&#9;@Test&#10;&#9;public void testGetIndex_keyIsFoundInZerothElement() {&#10;&#9;&#9;DefaultKeyedValues testDKV = new DefaultKeyedValues();&#10;&#9;&#9;for(int i = 1; i &lt; 6; i++) {&#10;&#9;&#9;&#9;testDKV.addValue(new Integer(i), i);&#10;&#9;&#9;}&#10;&#9;&#9;&#9;&#10;&#9;&#9;int expected = 0;&#10;&#9;&#9;int actual = (Integer) testDKV.getIndex(new Integer(1));&#10;&#9;&#9;&#10;&#9;&#9;assertTrue(actual == expected);&#10;&#9;}&#10;&#9;&#10;&#9;@Test&#10;&#9;public void testGetIndex_keyIsFoundInLastElement() {&#10;&#9;&#9;DefaultKeyedValues testDKV = new DefaultKeyedValues();&#10;&#9;&#9;for(int i = 1; i &lt; 6; i++) {&#10;&#9;&#9;&#9;testDKV.addValue(new Integer(i), i);&#10;&#9;&#9;}&#10;&#9;&#9;&#9;&#10;&#9;&#9;int expected = 4;&#10;&#9;&#9;int actual = (Integer) testDKV.getIndex(new Integer(5));&#10;&#9;&#9;&#10;&#9;&#9;assertTrue(actual == expected);&#10;&#9;}&#10;&#9;&#10;&#9;@Test&#10;&#9;public void testGetIndex_keyNotInTable() {&#10;&#9;&#9;DefaultKeyedValues testDKV = new DefaultKeyedValues();&#10;&#9;&#9;for(int i = 1; i &lt; 6; i++) {&#10;&#9;&#9;&#9;testDKV.addValue(new Integer(i), i);&#10;&#9;&#9;}&#10;&#9;&#9;&#9;&#10;&#9;&#9;int expected = -1;&#10;&#9;&#9;int actual = (Integer) testDKV.getIndex(new Integer(12));&#10;&#9;&#9;&#10;&#9;&#9;assertTrue(actual == expected);&#10;&#9;}&#10;&#9;&#10;&#9;//tests for method 6&#10;&#9;@Test&#10;&#9;public void testGetKeys_emptyDKVUsed() {&#10;&#9;&#9;DefaultKeyedValues testDKV = new DefaultKeyedValues();&#10;&#9;&#9;&#10;&#9;&#9;int expected = 0;&#10;&#9;&#9;int actual = testDKV.getKeys().size();&#10;&#9;&#9;&#10;&#9;&#9;assertTrue(actual == expected);&#10;&#9;}&#10;&#9;&#10;&#9;@Test&#10;&#9;public void testGetKeys_oneElementDKVUsed() {&#10;&#9;&#9;DefaultKeyedValues testDKV = new DefaultKeyedValues();&#10;&#9;&#9;testDKV.addValue(new Integer(0), 1.0);&#10;&#9;&#9;&#10;&#9;&#9;int expected = 1;&#10;&#9;&#9;int actual = testDKV.getKeys().size();&#10;&#9;&#9;&#10;&#9;&#9;assertTrue(actual == expected);&#10;&#9;&#9;&#10;&#9;&#9;assertEquals(0, testDKV.getKeys().get(0));&#10;&#9;}&#10;&#9;&#10;&#9;@Test&#10;&#9;public void testGetKeys_fiveElementDKVUsed() {&#10;&#9;&#9;DefaultKeyedValues testDKV = new DefaultKeyedValues();&#10;&#9;&#9;for(int i = 0; i &lt; 5; i++) {&#10;&#9;&#9;&#9;testDKV.addValue(new Integer(i), i);&#10;&#9;&#9;}&#10;&#9;&#9;&#10;&#9;&#9;int expected = 5;&#10;&#9;&#9;int actual = testDKV.getKeys().size();&#10;&#9;&#9;&#10;&#9;&#9;assertTrue(actual == expected);&#10;&#9;&#9;&#10;&#9;&#9;for(int i = 0; i &lt; 5; i++) {&#10;&#9;&#9;&#9;assertEquals(i, testDKV.getKeys().get(i));&#10;&#9;&#9;}&#10;&#9;}&#10;&#9;&#10;&#9;//tests for method 7&#10;&#9;@Test&#10;&#9;public void testGetValue_validKeyNullValue() {&#10;&#9;&#9;DefaultKeyedValues testDKV = new DefaultKeyedValues();&#10;&#9;&#9;for(int i = 0; i &lt; 5; i++) {&#10;&#9;&#9;&#9;testDKV.addValue(new Integer(i), i);&#10;&#9;&#9;}&#10;&#9;&#9;testDKV.addValue(new Integer(5), null);&#10;&#9;&#9;&#9;&#10;&#9;&#9;Double expected = null;&#10;&#9;&#9;Double actual = (Double) testDKV.getValue(new Integer(5));&#10;&#9;&#9;&#10;&#9;&#9;assertTrue(actual == expected);&#10;&#9;}&#10;&#9;&#10;&#9;@Test&#10;&#9;public void testGetValue_validKeyNonNullValue() {&#10;&#9;&#9;DefaultKeyedValues testDKV = new DefaultKeyedValues();&#10;&#9;&#9;for(int i = 0; i &lt; 5; i++) {&#10;&#9;&#9;&#9;testDKV.addValue(new Integer(i), i);&#10;&#9;&#9;}&#10;&#9;&#9;&#9;&#10;&#9;&#9;double expected = 4.0;&#10;&#9;&#9;double actual = (Double) testDKV.getValue(new Integer(4));&#10;&#9;&#9;&#10;&#9;&#9;assertTrue(actual == expected);&#10;&#9;}&#10;&#9;&#10;&#9;@Test&#10;&#9;public void testGetValue_invalidKey() {&#10;&#9;&#9;DefaultKeyedValues testDKV = new DefaultKeyedValues();&#10;&#9;&#9;for(int i = 0; i &lt; 5; i++) {&#10;&#9;&#9;&#9;testDKV.addValue(new Integer(i), i);&#10;&#9;&#9;}&#10;&#9;&#9;&#9;&#10;&#9;&#9;boolean testPassed = false;&#10;&#9;&#9;&#10;&#9;&#9;try {&#10;&#9;&#9;&#9;testDKV.getValue(new Integer(5));&#10;&#9;&#9;} catch (UnknownKeyException e) {&#10;&#9;&#9;&#9;testPassed = true;&#10;&#9;&#9;} finally {&#10;&#9;&#9;&#9;assertTrue(testPassed);&#10;&#9;&#9;}&#10;&#9;}&#10;&#9;&#10;&#9;//tests for method 8&#10;&#9;@Test&#10;&#9;public void testAddValue_ValueAndKeyNotInTable() {&#10;&#9;&#9;DefaultKeyedValues testDKV = new DefaultKeyedValues();&#10;&#9;&#9;for(int i = 0; i &lt; 5; i++) {&#10;&#9;&#9;&#9;testDKV.addValue(new Integer(i), i);&#10;&#9;&#9;}&#10;&#9;&#9;&#10;&#9;&#9;testDKV.addValue((Integer)5, 10.0);&#10;&#9;&#9;&#10;&#9;&#9;double expected = 10.0;&#10;&#9;&#9;double actual = (Double) testDKV.getValue((Integer)5);&#10;&#9;&#9;&#10;&#9;&#9;assertTrue(expected == actual);&#10;&#9;}&#10;&#9;&#10;&#9;@Test&#10;&#9;public void testAddValue_NullKeyPassed() {&#10;&#9;&#9;DefaultKeyedValues testDKV = new DefaultKeyedValues();&#10;&#9;&#9;for(int i = 0; i &lt; 5; i++) {&#10;&#9;&#9;&#9;testDKV.addValue(new Integer(i), i);&#10;&#9;&#9;}&#10;&#9;&#9;&#10;&#9;&#9;boolean testPassed = false;&#10;&#9;&#9;&#10;&#9;&#9;try {&#10;&#9;&#9;&#9;testDKV.addValue(null, 10.0);&#10;&#9;&#9;} catch (Exception e) {&#10;&#9;&#9;&#9;testPassed = true;&#10;&#9;&#9;} finally {&#10;&#9;&#9;&#9;assertTrue(testPassed);&#10;&#9;&#9;}&#10;&#9;}&#10;&#9;&#10;&#9;@Test&#10;&#9;public void testAddValue_ValueNotInTableKeyInTable() {&#10;&#9;&#9;DefaultKeyedValues testDKV = new DefaultKeyedValues();&#10;&#9;&#9;for(int i = 0; i &lt; 5; i++) {&#10;&#9;&#9;&#9;testDKV.addValue(new Integer(i), i);&#10;&#9;&#9;}&#10;&#9;&#9;&#10;&#9;&#9;testDKV.addValue((Integer)4, 10.0);&#10;&#9;&#9;&#10;&#9;&#9;double expected = 10.0;&#10;&#9;&#9;double actual = (Double) testDKV.getValue((Integer)4);&#10;&#9;&#9;&#10;&#9;&#9;assertTrue(expected == actual);&#10;&#9;}&#10;&#9;&#10;&#9;//tests for method 9&#10;&#9;@Test&#10;&#9;public void testAddValueOverloaded_ValueAndKeyNotInTable() {&#10;&#9;&#9;DefaultKeyedValues testDKV = new DefaultKeyedValues();&#10;&#9;&#9;for(int i = 0; i &lt; 5; i++) {&#10;&#9;&#9;&#9;testDKV.addValue(new Integer(i), i);&#10;&#9;&#9;}&#10;&#9;&#9;&#10;&#9;&#9;testDKV.addValue((Integer)5, (Number)10.0);&#10;&#9;&#9;&#10;&#9;&#9;Number expected = 10.0;&#10;&#9;&#9;Number actual = (Number) testDKV.getValue((Integer)5);&#10;&#9;&#9;&#10;&#9;&#9;assertTrue(expected.equals(actual));&#10;&#9;}&#10;&#9;&#10;&#9;@Test&#10;&#9;public void testAddValueOverloaded_NullKeyPassed() {&#10;&#9;&#9;DefaultKeyedValues testDKV = new DefaultKeyedValues();&#10;&#9;&#9;for(int i = 0; i &lt; 5; i++) {&#10;&#9;&#9;&#9;testDKV.addValue(new Integer(i), i);&#10;&#9;&#9;}&#10;&#9;&#9;&#10;&#9;&#9;boolean testPassed = false;&#10;&#9;&#9;&#10;&#9;&#9;try {&#10;&#9;&#9;&#9;testDKV.addValue(null, (Number)10.0);&#10;&#9;&#9;} catch (Exception e) {&#10;&#9;&#9;&#9;testPassed = true;&#10;&#9;&#9;} finally {&#10;&#9;&#9;&#9;assertTrue(testPassed);&#10;&#9;&#9;}&#10;&#9;}&#10;&#9;&#10;&#9;@Test&#10;&#9;public void testAddValueOverloaded_ValueNotInTableKeyInTable() {&#10;&#9;&#9;DefaultKeyedValues testDKV = new DefaultKeyedValues();&#10;&#9;&#9;for(int i = 0; i &lt; 5; i++) {&#10;&#9;&#9;&#9;testDKV.addValue(new Integer(i), i);&#10;&#9;&#9;}&#10;&#9;&#9;&#10;&#9;&#9;testDKV.addValue((Integer)4, (Number)10.0);&#10;&#9;&#9;&#10;&#9;&#9;Double expected = 10.0;&#10;&#9;&#9;Double actual = (Double) testDKV.getValue((Integer)4);&#10;&#9;&#9;&#10;&#9;&#9;assertTrue(expected.equals(actual));&#10;&#9;}&#10;&#9;&#10;&#9;//tests for method 10&#10;&#9;@Test&#10;&#9;public void testSetValue_ValueAndKeyNotInTable() {&#10;&#9;&#9;DefaultKeyedValues testDKV = new DefaultKeyedValues();&#10;&#9;&#9;for(int i = 0; i &lt; 5; i++) {&#10;&#9;&#9;&#9;testDKV.addValue(new Integer(i), i);&#10;&#9;&#9;}&#10;&#9;&#9;&#10;&#9;&#9;testDKV.setValue((Integer)5, 10.0);&#10;&#9;&#9;&#10;&#9;&#9;double expected = 10.0;&#10;&#9;&#9;double actual = (Double) testDKV.getValue((Integer)5);&#10;&#9;&#9;&#10;&#9;&#9;assertTrue(expected == actual);&#10;&#9;}&#10;&#9;&#10;&#9;@Test&#10;&#9;public void testSetValue_NullKeyPassed() {&#10;&#9;&#9;DefaultKeyedValues testDKV = new DefaultKeyedValues();&#10;&#9;&#9;for(int i = 0; i &lt; 5; i++) {&#10;&#9;&#9;&#9;testDKV.addValue(new Integer(i), i);&#10;&#9;&#9;}&#10;&#9;&#9;&#10;&#9;&#9;boolean testPassed = false;&#10;&#9;&#9;&#10;&#9;&#9;try {&#10;&#9;&#9;&#9;testDKV.setValue(null, 10.0);&#10;&#9;&#9;} catch (Exception e) {&#10;&#9;&#9;&#9;testPassed = true;&#10;&#9;&#9;} finally {&#10;&#9;&#9;&#9;assertTrue(testPassed);&#10;&#9;&#9;}&#10;&#9;}&#10;&#9;&#10;&#9;@Test&#10;&#9;public void testSetValue_ValueNotInTableKeyInTable() {&#10;&#9;&#9;DefaultKeyedValues testDKV = new DefaultKeyedValues();&#10;&#9;&#9;for(int i = 0; i &lt; 5; i++) {&#10;&#9;&#9;&#9;testDKV.addValue(new Integer(i), i);&#10;&#9;&#9;}&#10;&#9;&#9;&#10;&#9;&#9;testDKV.setValue((Integer)4, 10.0);&#10;&#9;&#9;&#10;&#9;&#9;double expected = 10.0;&#10;&#9;&#9;double actual = (Double) testDKV.getValue((Integer)4);&#10;&#9;&#9;&#10;&#9;&#9;assertTrue(expected == actual);&#10;&#9;}&#10;&#9;&#10;&#9;//tests for method 11&#10;&#9;@Test&#10;&#9;public void testSetValueOverloaded_ValueAndKeyNotInTable() {&#10;&#9;&#9;DefaultKeyedValues testDKV = new DefaultKeyedValues();&#10;&#9;&#9;for(int i = 0; i &lt; 5; i++) {&#10;&#9;&#9;&#9;testDKV.addValue(new Integer(i), i);&#10;&#9;&#9;}&#10;&#9;&#9;&#10;&#9;&#9;testDKV.setValue((Integer)5, (Number)10.0);&#10;&#9;&#9;&#10;&#9;&#9;Number expected = 10.0;&#10;&#9;&#9;Number actual = (Number) testDKV.getValue((Integer)5);&#10;&#9;&#9;&#10;&#9;&#9;assertTrue(expected.equals(actual));&#10;&#9;}&#10;&#9;&#10;&#9;@Test&#10;&#9;public void testSetValueOverloaded_NullKeyPassed() {&#10;&#9;&#9;DefaultKeyedValues testDKV = new DefaultKeyedValues();&#10;&#9;&#9;for(int i = 0; i &lt; 5; i++) {&#10;&#9;&#9;&#9;testDKV.addValue(new Integer(i), i);&#10;&#9;&#9;}&#10;&#9;&#9;&#10;&#9;&#9;boolean testPassed = false;&#10;&#9;&#9;&#10;&#9;&#9;try {&#10;&#9;&#9;&#9;testDKV.setValue(null, (Number)10.0);&#10;&#9;&#9;} catch (Exception e) {&#10;&#9;&#9;&#9;testPassed = true;&#10;&#9;&#9;} finally {&#10;&#9;&#9;&#9;assertTrue(testPassed);&#10;&#9;&#9;}&#10;&#9;}&#10;&#9;&#10;&#9;@Test&#10;&#9;public void testSetValueOverloaded_ValueNotInTableKeyInTable() {&#10;&#9;&#9;DefaultKeyedValues testDKV = new DefaultKeyedValues();&#10;&#9;&#9;for(int i = 0; i &lt; 5; i++) {&#10;&#9;&#9;&#9;testDKV.addValue(new Integer(i), i);&#10;&#9;&#9;}&#10;&#9;&#9;&#10;&#9;&#9;testDKV.setValue((Integer)4, (Number)10.0);&#10;&#9;&#9;&#10;&#9;&#9;Double expected = 10.0;&#10;&#9;&#9;Double actual = (Double) testDKV.getValue((Integer)4);&#10;&#9;&#9;&#10;&#9;&#9;assertTrue(expected.equals(actual));&#10;&#9;}&#10;&#9;&#10;&#9;//tests for method 12&#10;&#9;@Test&#10;&#9;public void testRemoveValue_indexEqualsZero() {&#10;&#9;&#9;DefaultKeyedValues testDKV = new DefaultKeyedValues();&#10;&#9;&#9;for(int i = 0; i &lt; 5; i++) {&#10;&#9;&#9;&#9;testDKV.addValue(new Integer(i), i);&#10;&#9;&#9;}&#10;&#9;&#9;&#10;&#9;&#9;testDKV.removeValue(0);&#10;&#9;&#9;&#10;&#9;&#9;assertEquals(testDKV.getValue(0), 1.0);&#10;&#9;}&#10;&#9;&#10;&#9;@Test&#10;&#9;public void testRemoveValue_indexIsHighestIndex() {&#10;&#9;&#9;DefaultKeyedValues testDKV = new DefaultKeyedValues();&#10;&#9;&#9;for(int i = 0; i &lt; 5; i++) {&#10;&#9;&#9;&#9;testDKV.addValue(new Integer(i), i);&#10;&#9;&#9;}&#10;&#9;&#9;&#10;&#9;&#9;boolean testPassed = false;&#10;&#9;&#9;&#10;&#9;&#9;try {&#10;&#9;&#9;&#9;testDKV.removeValue(4);&#10;&#9;&#9;&#9;testDKV.getValue(4);&#10;&#9;&#9;} catch (IndexOutOfBoundsException e) {&#10;&#9;&#9;&#9;testPassed = true;&#10;&#9;&#9;} finally {&#10;&#9;&#9;&#9;assertTrue(testPassed);&#10;&#9;&#9;}&#10;&#9;}&#10;&#9;&#10;&#9;@Test&#10;&#9;public void testRemoveValue_middleIndex() {&#10;&#9;&#9;DefaultKeyedValues testDKV = new DefaultKeyedValues();&#10;&#9;&#9;for(int i = 0; i &lt; 5; i++) {&#10;&#9;&#9;&#9;testDKV.addValue(new Integer(i), i);&#10;&#9;&#9;}&#10;&#9;&#9;&#10;&#9;&#9;testDKV.removeValue(2);&#10;&#9;&#9;&#10;&#9;&#9;assertEquals(testDKV.getValue(2), 3.0);&#10;&#9;}&#10;&#9;&#10;&#9;@Test&#10;&#9;public void testRemoveValue_indexOutOfBounds() {&#10;&#9;&#9;DefaultKeyedValues testDKV = new DefaultKeyedValues();&#10;&#9;&#9;for(int i = 0; i &lt; 5; i++) {&#10;&#9;&#9;&#9;testDKV.addValue(new Integer(i), i);&#10;&#9;&#9;}&#10;&#9;&#9;&#10;&#9;&#9;boolean testPassed = false;&#10;&#9;&#9;&#10;&#9;&#9;try {&#10;&#9;&#9;&#9;testDKV.removeValue(5);&#10;&#9;&#9;} catch (IndexOutOfBoundsException e) {&#10;&#9;&#9;&#9;testPassed = true;&#10;&#9;&#9;} finally {&#10;&#9;&#9;&#9;assertTrue(testPassed);&#10;&#9;&#9;}&#10;&#9;}&#10;&#9;&#10;&#9;//tests for method 13&#10;&#9;@Test&#10;&#9;public void testRemoveValueOverloaded_indexEqualsZero() {&#10;&#9;&#9;DefaultKeyedValues testDKV = new DefaultKeyedValues();&#10;&#9;&#9;for(int i = 0; i &lt; 5; i++) {&#10;&#9;&#9;&#9;testDKV.addValue(new Integer(i), i);&#10;&#9;&#9;}&#10;&#9;&#9;&#10;&#9;&#9;testDKV.removeValue(new Integer(0));&#10;&#9;&#9;&#10;&#9;&#9;assertEquals(testDKV.getValue(0), 1.0);&#10;&#9;}&#10;&#9;&#10;&#9;@Test&#10;&#9;public void testRemoveValueOverloaded_indexIsHighestIndex() {&#10;&#9;&#9;DefaultKeyedValues testDKV = new DefaultKeyedValues();&#10;&#9;&#9;for(int i = 0; i &lt; 5; i++) {&#10;&#9;&#9;&#9;testDKV.addValue(new Integer(i), i);&#10;&#9;&#9;}&#10;&#9;&#9;&#10;&#9;&#9;boolean testPassed = false;&#10;&#9;&#9;&#10;&#9;&#9;try {&#10;&#9;&#9;&#9;testDKV.removeValue(new Integer(4));&#10;&#9;&#9;&#9;testDKV.getValue(4);&#10;&#9;&#9;} catch (IndexOutOfBoundsException e) {&#10;&#9;&#9;&#9;testPassed = true;&#10;&#9;&#9;} finally {&#10;&#9;&#9;&#9;assertTrue(testPassed);&#10;&#9;&#9;}&#10;&#9;}&#10;&#9;&#10;&#9;@Test&#10;&#9;public void testRemoveValueOverloaded_middleIndex() {&#10;&#9;&#9;DefaultKeyedValues testDKV = new DefaultKeyedValues();&#10;&#9;&#9;for(int i = 0; i &lt; 5; i++) {&#10;&#9;&#9;&#9;testDKV.addValue(new Integer(i), i);&#10;&#9;&#9;}&#10;&#9;&#9;&#10;&#9;&#9;testDKV.removeValue(new Integer(2));&#10;&#9;&#9;&#10;&#9;&#9;assertEquals(testDKV.getValue(2), 3.0);&#10;&#9;}&#10;&#9;&#10;&#9;@Test&#10;&#9;public void testRemoveValueOverloaded_indexOutOfBounds() {&#10;&#9;&#9;DefaultKeyedValues testDKV = new DefaultKeyedValues();&#10;&#9;&#9;for(int i = 0; i &lt; 5; i++) {&#10;&#9;&#9;&#9;testDKV.addValue(new Integer(i), i);&#10;&#9;&#9;}&#10;&#9;&#9;&#10;&#9;&#9;DefaultKeyedValues test2 = null;&#10;&#9;&#9;try {&#10;&#9;&#9;&#9;test2 = (DefaultKeyedValues)testDKV.clone();&#10;&#9;&#9;} catch (CloneNotSupportedException e) {&#10;&#9;&#9;&#9;e.printStackTrace();&#10;&#9;&#9;}&#10;&#9;&#9;testDKV.removeValue(new Integer(5));&#10;&#9;&#9;&#10;&#9;&#9;test2.equals(testDKV); // make sure method did nothing to DKV&#10;&#9;}&#10;&#9;&#10;&#9;//tests for method 14&#10;&#9;@Test &#10;&#9;public void testSortByKeys_nullOrder() {&#10;&#9;&#9;DefaultKeyedValues testDKV = new DefaultKeyedValues();&#10;&#9;&#9;&#10;&#9;&#9;boolean testPassed = false;&#10;&#9;&#9;&#10;&#9;&#9;try {&#10;&#9;&#9;&#9;testDKV.sortByKeys(null);&#10;&#9;&#9;} catch(IllegalArgumentException e) {&#10;&#9;&#9;&#9;testPassed = true;&#10;&#9;&#9;} finally {&#10;&#9;&#9;&#9;assertTrue(testPassed);&#10;&#9;&#9;}&#10;&#9;}&#10;&#9;&#10;&#9;@Test &#10;&#9;public void testSortByKeys_emptySet() {&#10;&#9;&#9;DefaultKeyedValues testDKV = new DefaultKeyedValues();&#10;&#9;&#9;&#10;&#9;&#9;boolean testPassed = true;&#10;&#9;&#9;&#10;&#9;&#9;try {&#10;&#9;&#9;&#9;testDKV.sortByKeys(SortOrder.ASCENDING);&#10;&#9;&#9;} catch(Exception e) {&#10;&#9;&#9;&#9;testPassed = false;&#10;&#9;&#9;} finally {&#10;&#9;&#9;&#9;assertTrue(testPassed);&#10;&#9;&#9;}&#10;&#9;}&#10;&#9;&#10;&#9;@Test &#10;&#9;public void testSortByKeys_oneElement() throws CloneNotSupportedException {&#10;&#9;&#9;DefaultKeyedValues testDKV = new DefaultKeyedValues();&#10;&#9;&#9;testDKV.addValue((Integer) 1, 1);&#10;&#9;&#9;DefaultKeyedValues expected = (DefaultKeyedValues) testDKV.clone();&#10;&#9;&#9;testDKV.sortByKeys(SortOrder.ASCENDING);&#10;&#9;&#9;assertTrue(testDKV.equals(expected));&#10;&#9;}&#10;&#9;&#10;&#9;@Test &#10;&#9;public void testSortByKeys_fiveElementsAscending() throws CloneNotSupportedException {&#10;&#9;&#9;DefaultKeyedValues testDKV = new DefaultKeyedValues();&#10;&#9;&#9;testDKV.addValue((Integer) 1, 1);&#10;&#9;&#9;testDKV.addValue((Integer) 3, 3);&#10;&#9;&#9;testDKV.addValue((Integer) 4, 4);&#10;&#9;&#9;testDKV.addValue((Integer) 2, 2);&#10;&#9;&#9;testDKV.addValue((Integer) 5, 5);&#10;&#9;&#9;&#10;&#9;&#9;DefaultKeyedValues expected = new DefaultKeyedValues();&#10;&#9;&#9;&#10;&#9;&#9;for(int i = 1; i &lt;= 5; i++) {&#10;&#9;&#9;&#9;expected.addValue(new Integer(i), i);&#10;&#9;&#9;}&#10;&#9;&#9;&#10;&#9;&#9;testDKV.sortByKeys(SortOrder.ASCENDING);&#10;&#9;&#9;assertTrue(testDKV.equals(expected));&#10;&#9;}&#10;&#9;&#10;&#9;@Test &#10;&#9;public void testSortByKeys_fiveElementsDescending() throws CloneNotSupportedException {&#10;&#9;&#9;DefaultKeyedValues testDKV = new DefaultKeyedValues();&#10;&#9;&#9;testDKV.addValue((Integer) 1, 1);&#10;&#9;&#9;testDKV.addValue((Integer) 3, 3);&#10;&#9;&#9;testDKV.addValue((Integer) 4, 4);&#10;&#9;&#9;testDKV.addValue((Integer) 2, 2);&#10;&#9;&#9;testDKV.addValue((Integer) 5, 5);&#10;&#9;&#9;&#10;&#9;&#9;DefaultKeyedValues expected = new DefaultKeyedValues();&#10;&#9;&#9;&#10;&#9;&#9;for(int i = 1; i &lt;= 5; i++) {&#10;&#9;&#9;&#9;expected.addValue(new Integer(6-i), 6-i);&#10;&#9;&#9;}&#10;&#9;&#9;&#10;&#9;&#9;testDKV.sortByKeys(SortOrder.DESCENDING);&#10;&#9;&#9;assertTrue(testDKV.equals(expected));&#10;&#9;}&#10;&#9;&#10;&#9;//tests for method 15&#10;&#9;@Test &#10;&#9;public void testSortByValues_nullOrder() {&#10;&#9;&#9;DefaultKeyedValues testDKV = new DefaultKeyedValues();&#10;&#9;&#9;&#10;&#9;&#9;boolean testPassed = false;&#10;&#9;&#9;&#10;&#9;&#9;try {&#10;&#9;&#9;&#9;testDKV.sortByValues(null);&#10;&#9;&#9;} catch(IllegalArgumentException e) {&#10;&#9;&#9;&#9;testPassed = true;&#10;&#9;&#9;} finally {&#10;&#9;&#9;&#9;assertTrue(testPassed);&#10;&#9;&#9;}&#10;&#9;}&#10;&#9;&#10;&#9;@Test &#10;&#9;public void testSortByValues_emptySet() {&#10;&#9;&#9;DefaultKeyedValues testDKV = new DefaultKeyedValues();&#10;&#9;&#9;&#10;&#9;&#9;boolean testPassed = true;&#10;&#9;&#9;&#10;&#9;&#9;try {&#10;&#9;&#9;&#9;testDKV.sortByValues(SortOrder.ASCENDING);&#10;&#9;&#9;} catch(Exception e) {&#10;&#9;&#9;&#9;testPassed = false;&#10;&#9;&#9;} finally {&#10;&#9;&#9;&#9;assertTrue(testPassed);&#10;&#9;&#9;}&#10;&#9;}&#10;&#9;&#10;&#9;@Test &#10;&#9;public void testSortByValues_oneElement() throws CloneNotSupportedException {&#10;&#9;&#9;DefaultKeyedValues testDKV = new DefaultKeyedValues();&#10;&#9;&#9;testDKV.addValue((Integer) 1, 1);&#10;&#9;&#9;DefaultKeyedValues expected = (DefaultKeyedValues) testDKV.clone();&#10;&#9;&#9;testDKV.sortByValues(SortOrder.ASCENDING);&#10;&#9;&#9;assertTrue(testDKV.equals(expected));&#10;&#9;}&#10;&#9;&#10;&#9;@Test &#10;&#9;public void testSortByValues_fiveElementsAscending() throws CloneNotSupportedException {&#10;&#9;&#9;DefaultKeyedValues testDKV = new DefaultKeyedValues();&#10;&#9;&#9;testDKV.addValue((Integer) 1, 1);&#10;&#9;&#9;testDKV.addValue((Integer) 3, 3);&#10;&#9;&#9;testDKV.addValue((Integer) 4, 4);&#10;&#9;&#9;testDKV.addValue((Integer) 2, 2);&#10;&#9;&#9;testDKV.addValue((Integer) 5, 5);&#10;&#9;&#9;&#10;&#9;&#9;DefaultKeyedValues expected = new DefaultKeyedValues();&#10;&#9;&#9;&#10;&#9;&#9;for(int i = 1; i &lt;= 5; i++) {&#10;&#9;&#9;&#9;expected.addValue(new Integer(i), i);&#10;&#9;&#9;}&#10;&#9;&#9;&#10;&#9;&#9;testDKV.sortByValues(SortOrder.ASCENDING);&#10;&#9;&#9;assertTrue(testDKV.equals(expected));&#10;&#9;}&#10;&#9;&#10;&#9;@Test &#10;&#9;public void testSortByValues_fiveElementsDescending() throws CloneNotSupportedException {&#10;&#9;&#9;DefaultKeyedValues testDKV = new DefaultKeyedValues();&#10;&#9;&#9;testDKV.addValue((Integer) 1, 1);&#10;&#9;&#9;testDKV.addValue((Integer) 3, 3);&#10;&#9;&#9;testDKV.addValue((Integer) 4, 4);&#10;&#9;&#9;testDKV.addValue((Integer) 2, 2);&#10;&#9;&#9;testDKV.addValue((Integer) 5, 5);&#10;&#9;&#9;&#10;&#9;&#9;DefaultKeyedValues expected = new DefaultKeyedValues();&#10;&#9;&#9;&#10;&#9;&#9;for(int i = 1; i &lt;= 5; i++) {&#10;&#9;&#9;&#9;expected.addValue(new Integer(6-i), 6-i);&#10;&#9;&#9;}&#10;&#9;&#9;&#10;&#9;&#9;testDKV.sortByValues(SortOrder.DESCENDING);&#10;&#9;&#9;assertTrue(testDKV.equals(expected));&#10;&#9;}&#10;&#9;&#10;&#9;@Test &#10;&#9;public void testSortByValues_oneNullValueAmidFive() throws CloneNotSupportedException {&#10;&#9;&#9;DefaultKeyedValues testDKV = new DefaultKeyedValues();&#10;&#9;&#9;testDKV.addValue((Integer) 1, 1);&#10;&#9;&#9;testDKV.addValue((Integer) 3, 3);&#10;&#9;&#9;testDKV.addValue((Integer) 4, 4);&#10;&#9;&#9;testDKV.addValue((Integer) 2, 2);&#10;&#9;&#9;testDKV.addValue((Integer) 5, null);&#10;&#9;&#9;&#10;&#9;&#9;DefaultKeyedValues expected = new DefaultKeyedValues();&#10;&#9;&#9;&#10;&#9;&#9;for(int i = 1; i &lt; 5; i++) {&#10;&#9;&#9;&#9;expected.addValue(new Integer(i), i);&#10;&#9;&#9;}&#10;&#9;&#9;&#10;&#9;&#9;expected.addValue((Integer)5, null);&#10;&#9;&#9;&#10;&#9;&#9;testDKV.sortByValues(SortOrder.ASCENDING);&#10;&#9;&#9;assertTrue(testDKV.equals(expected));&#10;&#9;}&#10;&#9;&#10;&#9;@Test &#10;&#9;public void testSortByValues_twoNullValuesAmidFiveAscending() throws CloneNotSupportedException {&#10;&#9;&#9;DefaultKeyedValues testDKV = new DefaultKeyedValues();&#10;&#9;&#9;testDKV.addValue((Integer) 1, 1);&#10;&#9;&#9;testDKV.addValue((Integer) 3, null);&#10;&#9;&#9;testDKV.addValue((Integer) 4, 4);&#10;&#9;&#9;testDKV.addValue((Integer) 2, 2);&#10;&#9;&#9;testDKV.addValue((Integer) 5, null);&#10;&#9;&#9;&#10;&#9;&#9;DefaultKeyedValues expected = new DefaultKeyedValues();&#10;&#9;&#9;&#10;&#9;&#9;expected.setValue((Integer)1, 1);&#10;&#9;&#9;expected.setValue((Integer)2, 2);&#10;&#9;&#9;expected.setValue((Integer)4, 4);&#10;&#9;&#9;expected.setValue((Integer)3, null);&#10;&#9;&#9;expected.addValue((Integer)5, null);&#10;&#9;&#9;&#10;&#9;&#9;testDKV.sortByValues(SortOrder.ASCENDING);&#10;&#9;&#9;assertTrue(testDKV.equals(expected));&#10;&#9;}&#10;&#9;&#10;&#9;@Test &#10;&#9;public void testSortByValues_twoNullValuesAmidFiveDescending() throws CloneNotSupportedException {&#10;&#9;&#9;DefaultKeyedValues testDKV = new DefaultKeyedValues();&#10;&#9;&#9;testDKV.addValue((Integer) 1, 1);&#10;&#9;&#9;testDKV.addValue((Integer) 3, null);&#10;&#9;&#9;testDKV.addValue((Integer) 4, 4);&#10;&#9;&#9;testDKV.addValue((Integer) 2, 2);&#10;&#9;&#9;testDKV.addValue((Integer) 5, null);&#10;&#9;&#9;&#10;&#9;&#9;DefaultKeyedValues expected = new DefaultKeyedValues();&#10;&#9;&#9;&#10;&#9;&#9;expected.setValue((Integer)4, 4);&#10;&#9;&#9;expected.setValue((Integer)2, 2);&#10;&#9;&#9;expected.setValue((Integer)1, 1);&#10;&#9;&#9;expected.setValue((Integer)3, null);&#10;&#9;&#9;expected.addValue((Integer)5, null);&#10;&#9;&#9;&#10;&#9;&#9;testDKV.sortByValues(SortOrder.DESCENDING);&#10;&#9;&#9;assertTrue(testDKV.equals(expected));&#10;&#9;}&#10;&#9;&#10;&#9;@Test &#10;&#9;public void testSortByValues_allNullValues() throws CloneNotSupportedException {&#10;&#9;&#9;DefaultKeyedValues testDKV = new DefaultKeyedValues();&#10;&#9;&#9;testDKV.addValue((Integer) 1, null);&#10;&#9;&#9;testDKV.addValue((Integer) 3, null);&#10;&#9;&#9;testDKV.addValue((Integer) 4, null);&#10;&#9;&#9;testDKV.addValue((Integer) 2, null);&#10;&#9;&#9;testDKV.addValue((Integer) 5, null);&#10;&#9;&#9;&#10;&#9;&#9;DefaultKeyedValues expected = (DefaultKeyedValues) testDKV.clone();&#10;&#9;&#9;&#10;&#9;&#9;testDKV.sortByValues(SortOrder.DESCENDING);&#10;&#9;&#9;assertTrue(testDKV.equals(expected));&#10;&#9;}&#10;&#9;&#10;&#9;//tests for method 16&#10;&#9;@Test&#10;&#9;public void testEquals_twoEqualObjects() throws CloneNotSupportedException {&#10;&#9;&#9;DefaultKeyedValues testDKV1 = new DefaultKeyedValues();&#10;&#9;&#9;testDKV1.addValue((Integer) 1, 1);&#10;&#9;&#9;testDKV1.addValue((Integer) 3, 3);&#10;&#9;&#9;testDKV1.addValue((Integer) 4, 4);&#10;&#9;&#9;testDKV1.addValue((Integer) 2, 2);&#10;&#9;&#9;testDKV1.addValue((Integer) 5, 5);&#10;&#9;&#9;&#10;&#9;&#9;DefaultKeyedValues testDKV2 = (DefaultKeyedValues) testDKV1.clone();&#10;&#9;&#9;&#10;&#9;&#9;assertTrue(testDKV1.equals(testDKV2));&#10;&#9;}&#10;&#9;&#10;&#9;@Test&#10;&#9;public void testEquals_oneValueDifferent() throws CloneNotSupportedException {&#10;&#9;&#9;DefaultKeyedValues testDKV1 = new DefaultKeyedValues();&#10;&#9;&#9;testDKV1.addValue((Integer) 1, 1);&#10;&#9;&#9;testDKV1.addValue((Integer) 3, 3);&#10;&#9;&#9;testDKV1.addValue((Integer) 4, 4);&#10;&#9;&#9;testDKV1.addValue((Integer) 2, 2);&#10;&#9;&#9;testDKV1.addValue((Integer) 5, 5);&#10;&#9;&#9;&#10;&#9;&#9;DefaultKeyedValues testDKV2 = (DefaultKeyedValues) testDKV1.clone();&#10;&#9;&#9;&#10;&#9;&#9;testDKV2.setValue((Integer) 3, 4);&#10;&#9;&#9;&#10;&#9;&#9;assertFalse(testDKV1.equals(testDKV2));&#10;&#9;}&#10;&#9;&#10;&#9;@Test&#10;&#9;public void testEquals_oneKeyDifferent() throws CloneNotSupportedException {&#10;&#9;&#9;DefaultKeyedValues testDKV1 = new DefaultKeyedValues();&#10;&#9;&#9;testDKV1.addValue((Integer) 1, 1);&#10;&#9;&#9;testDKV1.addValue((Integer) 3, 3);&#10;&#9;&#9;testDKV1.addValue((Integer) 4, 4);&#10;&#9;&#9;testDKV1.addValue((Integer) 2, 2);&#10;&#9;&#9;testDKV1.addValue((Integer) 5, 5);&#10;&#9;&#9;&#10;&#9;&#9;DefaultKeyedValues testDKV2 = (DefaultKeyedValues) testDKV1.clone();&#10;&#9;&#9;&#10;&#9;&#9;testDKV1.addValue((Integer)6, 6);&#10;&#9;&#9;testDKV2.addValue((Integer)7, 6);&#10;&#9;&#9;&#10;&#9;&#9;assertFalse(testDKV1.equals(testDKV2));&#10;&#9;}&#10;&#9;&#10;&#9;@Test&#10;&#9;public void testEquals_noSimilarValues() {&#10;&#9;&#9;DefaultKeyedValues testDKV1 = new DefaultKeyedValues();&#10;&#9;&#9;testDKV1.addValue((Integer) 1, 1);&#10;&#9;&#9;testDKV1.addValue((Integer) 3, 3);&#10;&#9;&#9;testDKV1.addValue((Integer) 4, 4);&#10;&#9;&#9;testDKV1.addValue((Integer) 2, 2);&#10;&#9;&#9;testDKV1.addValue((Integer) 5, 5);&#10;&#9;&#9;&#10;&#9;&#9;DefaultKeyedValues testDKV2 = new DefaultKeyedValues();&#10;&#9;&#9;&#10;&#9;&#9;testDKV1.addValue((Integer) 1, 2);&#10;&#9;&#9;testDKV1.addValue((Integer) 3, 4);&#10;&#9;&#9;testDKV1.addValue((Integer) 4, 5);&#10;&#9;&#9;testDKV1.addValue((Integer) 2, 3);&#10;&#9;&#9;testDKV1.addValue((Integer) 5, 6);&#10;&#9;&#9;&#10;&#9;&#9;assertFalse(testDKV1.equals(testDKV2));&#10;&#9;}&#10;&#9;&#10;&#9;@Test&#10;&#9;public void testEquals_noSimilarKeys() {&#10;&#9;&#9;DefaultKeyedValues testDKV1 = new DefaultKeyedValues();&#10;&#9;&#9;testDKV1.addValue((Integer) 1, 1);&#10;&#9;&#9;testDKV1.addValue((Integer) 3, 3);&#10;&#9;&#9;testDKV1.addValue((Integer) 4, 4);&#10;&#9;&#9;testDKV1.addValue((Integer) 2, 2);&#10;&#9;&#9;testDKV1.addValue((Integer) 5, 5);&#10;&#9;&#9;&#10;&#9;&#9;DefaultKeyedValues testDKV2 = new DefaultKeyedValues();&#10;&#9;&#9;&#10;&#9;&#9;testDKV1.addValue((Integer) 2, 1);&#10;&#9;&#9;testDKV1.addValue((Integer) 4, 3);&#10;&#9;&#9;testDKV1.addValue((Integer) 5, 4);&#10;&#9;&#9;testDKV1.addValue((Integer) 3, 2);&#10;&#9;&#9;testDKV1.addValue((Integer) 6, 5);&#10;&#9;&#9;&#10;&#9;&#9;assertFalse(testDKV1.equals(testDKV2));&#10;&#9;}&#10;&#9;&#10;&#9;@Test&#10;&#9;public void testEquals_noSimilarities() {&#10;&#9;&#9;DefaultKeyedValues testDKV1 = new DefaultKeyedValues();&#10;&#9;&#9;testDKV1.addValue((Integer) 1, 1);&#10;&#9;&#9;testDKV1.addValue((Integer) 3, 3);&#10;&#9;&#9;testDKV1.addValue((Integer) 4, 4);&#10;&#9;&#9;testDKV1.addValue((Integer) 2, 2);&#10;&#9;&#9;testDKV1.addValue((Integer) 5, 5);&#10;&#9;&#9;&#10;&#9;&#9;DefaultKeyedValues testDKV2 = new DefaultKeyedValues();&#10;&#9;&#9;&#10;&#9;&#9;testDKV1.addValue((Integer) 2, 0);&#10;&#9;&#9;testDKV1.addValue((Integer) 4, 2);&#10;&#9;&#9;testDKV1.addValue((Integer) 5, 3);&#10;&#9;&#9;testDKV1.addValue((Integer) 3, 1);&#10;&#9;&#9;testDKV1.addValue((Integer) 6, 4);&#10;&#9;&#9;&#10;&#9;&#9;assertFalse(testDKV1.equals(testDKV2));&#10;&#9;}&#10;&#9;&#10;&#9;//tests for method 17 (no way to test hashcode method without knowing implementation of hashing function&#10;&#9;@Test&#10;&#9;public void testClone_noValues() throws CloneNotSupportedException {&#10;&#9;&#9;DefaultKeyedValues testDKV = new DefaultKeyedValues();&#10;&#9;&#9;DefaultKeyedValues test2 = (DefaultKeyedValues)testDKV.clone();&#10;&#9;&#9;&#10;&#9;&#9;assertTrue(testDKV.equals(test2));&#10;&#9;}&#10;&#9;&#10;&#9;@Test&#10;&#9;public void testClone_fiveValues() throws CloneNotSupportedException {&#10;&#9;&#9;DefaultKeyedValues testDKV = new DefaultKeyedValues();&#10;&#9;&#9;for(int i = 0; i &lt; 5; i++) {&#10;&#9;&#9;&#9;testDKV.addValue(new Integer(i), i);&#10;&#9;&#9;}&#9;&#10;&#9;&#9;DefaultKeyedValues test2 = (DefaultKeyedValues)testDKV.clone();&#10;&#9;&#9;&#10;&#9;&#9;assertTrue(testDKV.equals(test2));&#10;&#9;}&#10;}&#10;" Filename="DefaultKeyedValuesTest.java" Intrnl_Id="2"/>
<SrcFile Content="package org.jfree.data.test;&#10;&#10;import static org.junit.Assert.assertEquals;&#10;&#10;import java.security.InvalidParameterException;&#10;&#10;import org.jfree.data.DataUtilities;&#10;import org.jfree.data.KeyedValues;&#10;import org.jfree.data.Values2D;&#10;import org.jmock.Expectations;&#10;import org.jmock.Mockery;&#10;import org.junit.Test;&#10;&#10;public class DataUtilitiesTest {&#10;&#10;&#9;@Test&#10;&#9;public void testCalculateColumnTotal_nullDataObjectPassed() {&#10;&#9;&#9;boolean testPassed = false;&#10;&#9;&#9;&#10;&#9;&#9;try {&#10;&#9;&#9;&#9;DataUtilities.calculateColumnTotal(null, 1);&#10;&#9;&#9;} catch (InvalidParameterException e) {&#10;&#9;&#9;&#9;testPassed = true;&#10;&#9;&#9;} finally {&#10;&#9;&#9;&#9;assertEquals(&quot;Method should throw exception.&quot;, true, testPassed);&#10;&#9;&#9;}&#10;&#9;}&#10;&#9;&#10;&#9;@Test&#10;&#9;public void testCalculateColumnTotal_invalidDataPassed() {&#10;&#9;&#9;Mockery mockingContext = new Mockery();&#10;&#9;&#9;final Values2D values = mockingContext.mock(Values2D.class);&#10;&#9;&#9;mockingContext.checking(new Expectations() {&#10;&#9;&#9;&#9;{&#10;&#9;&#9;&#9;&#9;one(values).getRowCount();&#10;&#9;&#9;&#9;&#9;will(returnValue(2));&#10;&#9;&#9;&#9;&#9;one(values).getValue(0, 0); &#10;&#9;&#9;&#9;    will(returnValue(true)); &#10;&#9;&#9;&#9;    one(values).getValue(1, 0); &#10;&#9;&#9;&#9;    will(returnValue(false));&#10;&#9;&#9;&#9;}&#10;&#9;&#9;});&#10;&#9;&#9;double result = DataUtilities.calculateColumnTotal(values, 0);&#10;&#9;&#9;assertEquals(0, result, 0.000000001d);&#10;&#9;}&#10;&#9;&#10;&#9;@Test&#10;&#9;public void testCalculateColumnTotal_columnIsLastColumnInTable() {&#10;&#9;&#9;Mockery mockingContext = new Mockery();&#10;&#9;&#9;final Values2D values = mockingContext.mock(Values2D.class);&#10;&#9;&#9;mockingContext.checking(new Expectations() {&#10;&#9;&#9;&#9;{&#10;&#9;&#9;&#9;&#9;one(values).getRowCount();&#10;&#9;&#9;&#9;&#9;will(returnValue(3));&#10;&#9;&#9;&#9;&#9;one(values).getValue(0, 2); &#10;&#9;&#9;&#9;    will(returnValue(2.4)); &#10;&#9;&#9;&#9;    one(values).getValue(1, 2); &#10;&#9;&#9;&#9;    will(returnValue(1.6));&#10;&#9;&#9;&#9;    one(values).getValue(2, 2); &#10;&#9;&#9;&#9;    will(returnValue(3.4));&#10;&#9;&#9;&#9;}&#10;&#9;&#9;});&#10;&#9;&#9;double result = DataUtilities.calculateColumnTotal(values, 2);&#10;&#9;&#9;assertEquals(7.4, result, 0.000000001d);&#10;&#9;}&#10;&#9;&#10;&#9;@Test&#10;&#9;public void testCalculateColumnTotal_columnIsFirstInTable() {&#10;&#9;&#9;Mockery mockingContext = new Mockery();&#10;&#9;&#9;final Values2D values = mockingContext.mock(Values2D.class);&#10;&#9;&#9;mockingContext.checking(new Expectations() {&#10;&#9;&#9;&#9;{&#10;&#9;&#9;&#9;&#9;one(values).getRowCount();&#10;&#9;&#9;&#9;&#9;will(returnValue(3));&#10;&#9;&#9;&#9;&#9;one(values).getValue(0, 0); &#10;&#9;&#9;&#9;    will(returnValue(1.4)); &#10;&#9;&#9;&#9;    one(values).getValue(1, 0); &#10;&#9;&#9;&#9;    will(returnValue(1.6));&#10;&#9;&#9;&#9;    one(values).getValue(2, 0); &#10;&#9;&#9;&#9;    will(returnValue(3.4));&#10;&#9;&#9;&#9;}&#10;&#9;&#9;});&#10;&#9;&#9;double result = DataUtilities.calculateColumnTotal(values, 0);&#10;&#9;&#9;assertEquals(6.4, result, 0.000000001d);&#10;&#9;}&#10;&#9;&#10;&#9;@Test&#10;&#9;public void testCalculateColumnTotal_columnIsNegativeOne() {&#10;&#9;&#9;Mockery mockingContext = new Mockery();&#10;&#9;&#9;final Values2D values = mockingContext.mock(Values2D.class);&#10;&#9;&#9;mockingContext.checking(new Expectations() {&#10;&#9;&#9;&#9;{&#10;&#9;&#9;&#9;&#9;one(values).getRowCount();&#10;&#9;&#9;&#9;&#9;will(returnValue(3));&#10;&#9;&#9;&#9;}&#10;&#9;&#9;});&#10;&#9;&#9;double result = DataUtilities.calculateColumnTotal(values, -1);&#10;&#9;&#9;assertEquals(0, result, 0.000000001d);&#10;&#9;}&#10;&#9;&#10;&#9;@Test&#10;&#9;public void testCalculateColumnTotal_columnIsOneMoreThanMax() {&#10;&#9;&#9;Mockery mockingContext = new Mockery();&#10;&#9;&#9;final Values2D values = mockingContext.mock(Values2D.class);&#10;&#9;&#9;mockingContext.checking(new Expectations() {&#10;&#9;&#9;&#9;{&#10;&#9;&#9;&#9;&#9;one(values).getRowCount();&#10;&#9;&#9;&#9;&#9;will(returnValue(3));&#10;&#9;&#9;&#9;}&#10;&#9;&#9;});&#10;&#9;&#9;double result = DataUtilities.calculateColumnTotal(values, 3);&#10;&#9;&#9;assertEquals(0, result, 0.000000001d);&#10;&#9;}&#10;&#9;&#10;&#9;@Test&#10;&#9;public void testCalculateColumnTotal_columnIsCentralInTable() {&#10;&#9;&#9;Mockery mockingContext = new Mockery();&#10;&#9;&#9;final Values2D values = mockingContext.mock(Values2D.class);&#10;&#9;&#9;mockingContext.checking(new Expectations() {&#10;&#9;&#9;&#9;{&#10;&#9;&#9;&#9;&#9;one(values).getRowCount();&#10;&#9;&#9;&#9;&#9;will(returnValue(3));&#10;&#9;&#9;&#9;&#9;one(values).getValue(0, 1); &#10;&#9;&#9;&#9;    will(returnValue(1.4)); &#10;&#9;&#9;&#9;    one(values).getValue(1, 1); &#10;&#9;&#9;&#9;    will(returnValue(1.6));&#10;&#9;&#9;&#9;    one(values).getValue(2, 1); &#10;&#9;&#9;&#9;    will(returnValue(3.4));&#10;&#9;&#9;&#9;}&#10;&#9;&#9;});&#10;&#9;&#9;double result = DataUtilities.calculateColumnTotal(values, 1);&#10;&#9;&#9;assertEquals(6.4, result, 0.000000001d);&#10;&#9;}&#10;&#9;&#10;&#9;@Test&#10;&#9;public void testCalculateRowTotal_nullDataObjectPassed() {&#10;&#9;&#9;boolean testPassed = false;&#10;&#9;&#9;&#10;&#9;&#9;try {&#10;&#9;&#9;&#9;DataUtilities.calculateRowTotal(null, 1);&#10;&#9;&#9;} catch (InvalidParameterException e) {&#10;&#9;&#9;&#9;testPassed = true;&#10;&#9;&#9;} finally {&#10;&#9;&#9;&#9;assertEquals(&quot;Method should throw exception.&quot;, true, testPassed);&#10;&#9;&#9;}&#10;&#9;}&#10;&#9;&#10;&#9;@Test&#10;&#9;public void testCalculateRowTotal_invalidDataPassed() {&#10;&#9;&#9;Mockery mockingContext = new Mockery();&#10;&#9;&#9;final Values2D values = mockingContext.mock(Values2D.class);&#10;&#9;&#9;mockingContext.checking(new Expectations() {&#10;&#9;&#9;&#9;{&#10;&#9;&#9;&#9;&#9;one(values).getColumnCount();&#10;&#9;&#9;&#9;&#9;will(returnValue(2));&#10;&#9;&#9;&#9;&#9;one(values).getValue(0, 0); &#10;&#9;&#9;&#9;    will(returnValue(true)); &#10;&#9;&#9;&#9;    one(values).getValue(0, 1); &#10;&#9;&#9;&#9;    will(returnValue(false));&#10;&#9;&#9;&#9;}&#10;&#9;&#9;});&#10;&#9;&#9;double result = DataUtilities.calculateRowTotal(values, 0);&#10;&#9;&#9;assertEquals(0, result, 0.000000001d);&#10;&#9;}&#10;&#9;&#10;&#9;@Test&#10;&#9;public void testCalculateRowTotal_columnIsLastColumnInTable() {&#10;&#9;&#9;Mockery mockingContext = new Mockery();&#10;&#9;&#9;final Values2D values = mockingContext.mock(Values2D.class);&#10;&#9;&#9;mockingContext.checking(new Expectations() {&#10;&#9;&#9;&#9;{&#10;&#9;&#9;&#9;&#9;one(values).getColumnCount();&#10;&#9;&#9;&#9;&#9;will(returnValue(3));&#10;&#9;&#9;&#9;&#9;one(values).getValue(2, 0); &#10;&#9;&#9;&#9;    will(returnValue(2.4)); &#10;&#9;&#9;&#9;    one(values).getValue(2, 1); &#10;&#9;&#9;&#9;    will(returnValue(1.6));&#10;&#9;&#9;&#9;    one(values).getValue(2, 2); &#10;&#9;&#9;&#9;    will(returnValue(3.4));&#10;&#9;&#9;&#9;}&#10;&#9;&#9;});&#10;&#9;&#9;double result = DataUtilities.calculateRowTotal(values, 2);&#10;&#9;&#9;assertEquals(7.4, result, 0.000000001d);&#10;&#9;}&#10;&#9;&#10;&#9;@Test&#10;&#9;public void testCalculateRowTotal_columnIsFirstInTable() {&#10;&#9;&#9;Mockery mockingContext = new Mockery();&#10;&#9;&#9;final Values2D values = mockingContext.mock(Values2D.class);&#10;&#9;&#9;mockingContext.checking(new Expectations() {&#10;&#9;&#9;&#9;{&#10;&#9;&#9;&#9;&#9;one(values).getColumnCount();&#10;&#9;&#9;&#9;&#9;will(returnValue(3));&#10;&#9;&#9;&#9;&#9;one(values).getValue(0, 0); &#10;&#9;&#9;&#9;    will(returnValue(1.4)); &#10;&#9;&#9;&#9;    one(values).getValue(0, 1); &#10;&#9;&#9;&#9;    will(returnValue(1.6));&#10;&#9;&#9;&#9;    one(values).getValue(0, 2); &#10;&#9;&#9;&#9;    will(returnValue(3.4));&#10;&#9;&#9;&#9;}&#10;&#9;&#9;});&#10;&#9;&#9;double result = DataUtilities.calculateRowTotal(values, 0);&#10;&#9;&#9;assertEquals(6.4, result, 0.000000001d);&#10;&#9;}&#10;&#9;&#10;&#9;@Test&#10;&#9;public void testCalculateRowTotal_columnIsNegativeOne() {&#10;&#9;&#9;Mockery mockingContext = new Mockery();&#10;&#9;&#9;final Values2D values = mockingContext.mock(Values2D.class);&#10;&#9;&#9;mockingContext.checking(new Expectations() {&#10;&#9;&#9;&#9;{&#10;&#9;&#9;&#9;&#9;one(values).getColumnCount();&#10;&#9;&#9;&#9;&#9;will(returnValue(3));&#10;&#9;&#9;&#9;}&#10;&#9;&#9;});&#10;&#9;&#9;double result = DataUtilities.calculateRowTotal(values, -1);&#10;&#9;&#9;assertEquals(0, result, 0.000000001d);&#10;&#9;}&#10;&#9;&#10;&#9;@Test&#10;&#9;public void testCalculateRowTotal_columnIsOneMoreThanMax() {&#10;&#9;&#9;Mockery mockingContext = new Mockery();&#10;&#9;&#9;final Values2D values = mockingContext.mock(Values2D.class);&#10;&#9;&#9;mockingContext.checking(new Expectations() {&#10;&#9;&#9;&#9;{&#10;&#9;&#9;&#9;&#9;one(values).getColumnCount();&#10;&#9;&#9;&#9;&#9;will(returnValue(3));&#10;&#9;&#9;&#9;}&#10;&#9;&#9;});&#10;&#9;&#9;double result = DataUtilities.calculateRowTotal(values, 3);&#10;&#9;&#9;assertEquals(0, result, 0.000000001d);&#10;&#9;}&#10;&#9;&#10;&#9;@Test&#10;&#9;public void testCalculateRowTotal_columnIsCentralInTable() {&#10;&#9;&#9;Mockery mockingContext = new Mockery();&#10;&#9;&#9;final Values2D values = mockingContext.mock(Values2D.class);&#10;&#9;&#9;mockingContext.checking(new Expectations() {&#10;&#9;&#9;&#9;{&#10;&#9;&#9;&#9;&#9;one(values).getColumnCount();&#10;&#9;&#9;&#9;&#9;will(returnValue(3));&#10;&#9;&#9;&#9;&#9;one(values).getValue(1, 0); &#10;&#9;&#9;&#9;    will(returnValue(1.4)); &#10;&#9;&#9;&#9;    one(values).getValue(1, 1); &#10;&#9;&#9;&#9;    will(returnValue(1.6));&#10;&#9;&#9;&#9;    one(values).getValue(1, 2); &#10;&#9;&#9;&#9;    will(returnValue(3.4));&#10;&#9;&#9;&#9;}&#10;&#9;&#9;});&#10;&#9;&#9;double result = DataUtilities.calculateRowTotal(values, 1);&#10;&#9;&#9;assertEquals(6.4, result, 0.000000001d);&#10;&#9;}&#10;&#9;&#10;&#9;@Test&#10;&#9;public void testcreateNumberArray_nullDataObjectPassed() {&#10;&#9;&#9;boolean testPassed = false;&#10;&#9;&#9;&#10;&#9;&#9;try {&#10;&#9;&#9;&#9;DataUtilities.createNumberArray(null);&#10;&#9;&#9;} catch (InvalidParameterException e) {&#10;&#9;&#9;&#9;testPassed = true;&#10;&#9;&#9;} finally {&#10;&#9;&#9;&#9;assertEquals(&quot;Method should throw exception.&quot;, true, testPassed);&#10;&#9;&#9;}&#10;&#9;}&#10;&#9;&#10;&#9;@Test&#10;&#9;public void testcreateNumberArray_oneElementArrayPassed() {&#10;&#9;&#9;double [] input = {2.5};&#10;&#9;&#9;Number [] expected = {2.5};&#10;&#9;&#9;Number [] actual = DataUtilities.createNumberArray(input);&#10;&#9;&#9;boolean testPassed = false;&#10;&#9;&#9;testPassed = actual.equals(expected);&#10;&#9;&#9;assertEquals(true, testPassed);&#10;&#9;}&#10;&#9;&#10;&#9;@Test&#10;&#9;public void testcreateNumberArray_tenElementArrayPassed() {&#10;&#9;&#9;double [] input = {2.5, 2.5, 2.5, 2.5, 2.5, 2.5, 2.5, 2.5, 2.5, 2.5};&#10;&#9;&#9;Number [] expected = {2.5, 2.5, 2.5, 2.5, 2.5, 2.5, 2.5, 2.5, 2.5, 2.5};&#10;&#9;&#9;Number [] actual = DataUtilities.createNumberArray(input);&#10;&#9;&#9;boolean testPassed = false;&#10;&#9;&#9;testPassed = actual.equals(expected);&#10;&#9;&#9;assertEquals(true, testPassed);&#10;&#9;}&#10;&#9;&#10;&#9;@Test&#10;&#9;public void testcreateNumberArray2D_nullDataObjectPassed() {&#10;&#9;&#9;boolean testPassed = false;&#10;&#9;&#9;&#10;&#9;&#9;try {&#10;&#9;&#9;&#9;DataUtilities.createNumberArray2D(null);&#10;&#9;&#9;} catch (InvalidParameterException e) {&#10;&#9;&#9;&#9;testPassed = true;&#10;&#9;&#9;} finally {&#10;&#9;&#9;&#9;assertEquals(&quot;Method should throw exception.&quot;, true, testPassed);&#10;&#9;&#9;}&#10;&#9;}&#10;&#9;&#10;&#9;@Test&#10;&#9;public void testcreateNumberArray2D_oneByOneArrayPassed() {&#10;&#9;&#9;double [][] input = {{2.5}};&#10;&#9;&#9;Number [][] expected = {{2.5}};&#10;&#9;&#9;Number [][] actual = DataUtilities.createNumberArray2D(input);&#10;&#9;&#9;boolean testPassed = false;&#10;&#9;&#9;testPassed = actual.equals(expected);&#10;&#9;&#9;assertEquals(true, testPassed);&#10;&#9;}&#10;&#9;&#10;&#9;@Test&#10;&#9;public void testcreateNumberArray2D_oneByTenElementArrayPassed() {&#10;&#9;&#9;double [][] input = {{2.5, 2.5, 2.5, 2.5, 2.5, 2.5, 2.5, 2.5, 2.5, 2.5}};&#10;&#9;&#9;Number [][] expected = {{2.5, 2.5, 2.5, 2.5, 2.5, 2.5, 2.5, 2.5, 2.5, 2.5}};&#10;&#9;&#9;Number [][] actual = DataUtilities.createNumberArray2D(input);&#10;&#9;&#9;boolean testPassed = false;&#10;&#9;&#9;testPassed = actual.equals(expected);&#10;&#9;&#9;assertEquals(true, testPassed);&#10;&#9;}&#10;&#9;&#10;&#9;@Test&#10;&#9;public void testcreateNumberArray2D_tenByOneElementArrayPassed() {&#10;&#9;&#9;double [][] input = {&#10;&#9;&#9;&#9;&#9;{2.5},&#10;&#9;&#9;&#9;&#9;{2.5},&#10;&#9;&#9;&#9;&#9;{2.5},&#10;&#9;&#9;&#9;&#9;{2.5},&#10;&#9;&#9;&#9;&#9;{2.5},&#10;&#9;&#9;&#9;&#9;{2.5},&#10;&#9;&#9;&#9;&#9;{2.5},&#10;&#9;&#9;&#9;&#9;{2.5},&#10;&#9;&#9;&#9;&#9;{2.5},&#10;&#9;&#9;&#9;&#9;{2.5},&#10;&#9;&#9;&#9;};&#10;&#9;&#9;Number [][] expected = {&#10;&#9;&#9;&#9;&#9;{2.5},&#10;&#9;&#9;&#9;&#9;{2.5},&#10;&#9;&#9;&#9;&#9;{2.5},&#10;&#9;&#9;&#9;&#9;{2.5},&#10;&#9;&#9;&#9;&#9;{2.5},&#10;&#9;&#9;&#9;&#9;{2.5},&#10;&#9;&#9;&#9;&#9;{2.5},&#10;&#9;&#9;&#9;&#9;{2.5},&#10;&#9;&#9;&#9;&#9;{2.5},&#10;&#9;&#9;&#9;&#9;{2.5},&#10;&#9;&#9;&#9;};&#10;&#9;&#9;Number [][] actual = DataUtilities.createNumberArray2D(input);&#10;&#9;&#9;boolean testPassed = false;&#10;&#9;&#9;testPassed = actual.equals(expected);&#10;&#9;&#9;assertEquals(true, testPassed);&#10;&#9;}&#10;&#9;&#10;&#9;@Test&#10;&#9;public void testcreateNumberArray2D_tenByTenElementArrayPassed() {&#10;&#9;&#9;double [][] input = {&#10;&#9;&#9;&#9;&#9;{2.5, 2.5, 2.5, 2.5, 2.5, 2.5, 2.5, 2.5, 2.5, 2.5},&#10;&#9;&#9;&#9;&#9;{2.5, 2.5, 2.5, 2.5, 2.5, 2.5, 2.5, 2.5, 2.5, 2.5},&#10;&#9;&#9;&#9;&#9;{2.5, 2.5, 2.5, 2.5, 2.5, 2.5, 2.5, 2.5, 2.5, 2.5},&#10;&#9;&#9;&#9;&#9;{2.5, 2.5, 2.5, 2.5, 2.5, 2.5, 2.5, 2.5, 2.5, 2.5},&#10;&#9;&#9;&#9;&#9;{2.5, 2.5, 2.5, 2.5, 2.5, 2.5, 2.5, 2.5, 2.5, 2.5},&#10;&#9;&#9;&#9;&#9;{2.5, 2.5, 2.5, 2.5, 2.5, 2.5, 2.5, 2.5, 2.5, 2.5},&#10;&#9;&#9;&#9;&#9;{2.5, 2.5, 2.5, 2.5, 2.5, 2.5, 2.5, 2.5, 2.5, 2.5},&#10;&#9;&#9;&#9;&#9;{2.5, 2.5, 2.5, 2.5, 2.5, 2.5, 2.5, 2.5, 2.5, 2.5},&#10;&#9;&#9;&#9;&#9;{2.5, 2.5, 2.5, 2.5, 2.5, 2.5, 2.5, 2.5, 2.5, 2.5},&#10;&#9;&#9;&#9;&#9;{2.5, 2.5, 2.5, 2.5, 2.5, 2.5, 2.5, 2.5, 2.5, 2.5}&#10;&#9;&#9;&#9;&#9;};&#10;&#9;&#9;Number [][] expected = {&#10;&#9;&#9;&#9;&#9;{2.5, 2.5, 2.5, 2.5, 2.5, 2.5, 2.5, 2.5, 2.5, 2.5},&#10;&#9;&#9;&#9;&#9;{2.5, 2.5, 2.5, 2.5, 2.5, 2.5, 2.5, 2.5, 2.5, 2.5},&#10;&#9;&#9;&#9;&#9;{2.5, 2.5, 2.5, 2.5, 2.5, 2.5, 2.5, 2.5, 2.5, 2.5},&#10;&#9;&#9;&#9;&#9;{2.5, 2.5, 2.5, 2.5, 2.5, 2.5, 2.5, 2.5, 2.5, 2.5},&#10;&#9;&#9;&#9;&#9;{2.5, 2.5, 2.5, 2.5, 2.5, 2.5, 2.5, 2.5, 2.5, 2.5},&#10;&#9;&#9;&#9;&#9;{2.5, 2.5, 2.5, 2.5, 2.5, 2.5, 2.5, 2.5, 2.5, 2.5},&#10;&#9;&#9;&#9;&#9;{2.5, 2.5, 2.5, 2.5, 2.5, 2.5, 2.5, 2.5, 2.5, 2.5},&#10;&#9;&#9;&#9;&#9;{2.5, 2.5, 2.5, 2.5, 2.5, 2.5, 2.5, 2.5, 2.5, 2.5},&#10;&#9;&#9;&#9;&#9;{2.5, 2.5, 2.5, 2.5, 2.5, 2.5, 2.5, 2.5, 2.5, 2.5},&#10;&#9;&#9;&#9;&#9;{2.5, 2.5, 2.5, 2.5, 2.5, 2.5, 2.5, 2.5, 2.5, 2.5}&#10;&#9;&#9;&#9;&#9;};&#10;&#9;&#9;Number [][] actual = DataUtilities.createNumberArray2D(input);&#10;&#9;&#9;boolean testPassed = false;&#10;&#9;&#9;testPassed = actual.equals(expected);&#10;&#9;&#9;assertEquals(true, testPassed);&#10;&#9;}&#10;&#9;&#10;&#9;@Test&#10;&#9;public void testGetCumulativePercentages_dataHasOneRow(){&#10;&#9;&#9;Mockery mockingContext = new Mockery();&#10;&#9;&#9;final KeyedValues values = mockingContext.mock(KeyedValues.class);&#10;&#9;&#9;mockingContext.checking(new Expectations() {&#10;&#9;&#9;&#9;{&#10;&#9;&#9;&#9;&#9;allowing(values).getItemCount();&#10;&#9;&#9;&#9;&#9;will(returnValue(1));&#10;&#9;&#9;&#9;&#9;allowing(values).getValue(0);&#10;&#9;&#9;&#9;&#9;will(returnValue(2));&#10;&#9;&#9;&#9;&#9;allowing(values).getKey(0);&#10;&#9;&#9;&#9;&#9;will(returnValue(1));&#10;&#9;&#9;&#9;}&#10;&#9;&#9;});&#10;&#9;&#9;&#10;&#9;&#9;KeyedValues result = DataUtilities.getCumulativePercentages(values);&#10;&#9;&#9;assertEquals(1.0, result.getValue(0));&#10;&#9;}&#10;&#9;&#10;&#9;@Test&#10;&#9;public void testGetCumulativePercentages_dataHasFourRows(){&#10;&#9;&#9;Mockery mockingContext = new Mockery();&#10;&#9;&#9;final KeyedValues values = mockingContext.mock(KeyedValues.class);&#10;&#9;&#9;mockingContext.checking(new Expectations() {&#10;&#9;&#9;&#9;{&#10;&#9;&#9;&#9;&#9;allowing(values).getItemCount();&#10;&#9;&#9;&#9;&#9;will(returnValue(4));&#10;&#9;&#9;&#9;&#9;allowing(values).getValue(0);&#10;&#9;&#9;&#9;&#9;will(returnValue(2));&#10;&#9;&#9;&#9;&#9;allowing(values).getValue(1);&#10;&#9;&#9;&#9;&#9;will(returnValue(2));&#10;&#9;&#9;&#9;&#9;allowing(values).getValue(2);&#10;&#9;&#9;&#9;&#9;will(returnValue(2));&#10;&#9;&#9;&#9;&#9;allowing(values).getValue(3);&#10;&#9;&#9;&#9;&#9;will(returnValue(2));&#10;&#9;&#9;&#9;&#9;allowing(values).getKey(0);&#10;&#9;&#9;&#9;&#9;will(returnValue(0));&#10;&#9;&#9;&#9;&#9;allowing(values).getKey(1);&#10;&#9;&#9;&#9;&#9;will(returnValue(1));&#10;&#9;&#9;&#9;&#9;allowing(values).getKey(2);&#10;&#9;&#9;&#9;&#9;will(returnValue(2));&#10;&#9;&#9;&#9;&#9;allowing(values).getKey(3);&#10;&#9;&#9;&#9;&#9;will(returnValue(3));&#10;&#9;&#9;&#9;}&#10;&#9;&#9;});&#10;&#9;&#9;&#10;&#9;&#9;KeyedValues result = DataUtilities.getCumulativePercentages(values);&#10;&#9;&#9;assertEquals(0.25, result.getValue(0));&#10;&#9;&#9;assertEquals(0.5, result.getValue(1));&#10;&#9;&#9;assertEquals(0.75, result.getValue(2));&#10;&#9;&#9;assertEquals(1.0, result.getValue(3));&#10;&#9;}&#10;&#9;&#10;&#9;@Test&#10;&#9;public void testGetCumulativePercentages_firstThreeRowsAreZero(){&#10;&#9;&#9;Mockery mockingContext = new Mockery();&#10;&#9;&#9;final KeyedValues values = mockingContext.mock(KeyedValues.class);&#10;&#9;&#9;mockingContext.checking(new Expectations() {&#10;&#9;&#9;&#9;{&#10;&#9;&#9;&#9;&#9;allowing(values).getItemCount();&#10;&#9;&#9;&#9;&#9;will(returnValue(4));&#10;&#9;&#9;&#9;&#9;allowing(values).getValue(0);&#10;&#9;&#9;&#9;&#9;will(returnValue(0));&#10;&#9;&#9;&#9;&#9;allowing(values).getValue(1);&#10;&#9;&#9;&#9;&#9;will(returnValue(0));&#10;&#9;&#9;&#9;&#9;allowing(values).getValue(2);&#10;&#9;&#9;&#9;&#9;will(returnValue(0));&#10;&#9;&#9;&#9;&#9;allowing(values).getValue(3);&#10;&#9;&#9;&#9;&#9;will(returnValue(2));&#10;&#9;&#9;&#9;&#9;allowing(values).getKey(0);&#10;&#9;&#9;&#9;&#9;will(returnValue(0));&#10;&#9;&#9;&#9;&#9;allowing(values).getKey(1);&#10;&#9;&#9;&#9;&#9;will(returnValue(1));&#10;&#9;&#9;&#9;&#9;allowing(values).getKey(2);&#10;&#9;&#9;&#9;&#9;will(returnValue(2));&#10;&#9;&#9;&#9;&#9;allowing(values).getKey(3);&#10;&#9;&#9;&#9;&#9;will(returnValue(3));&#10;&#9;&#9;&#9;}&#10;&#9;&#9;});&#10;&#9;&#9;&#10;&#9;&#9;KeyedValues result = DataUtilities.getCumulativePercentages(values);&#10;&#9;&#9;assertEquals(0.0, result.getValue(0));&#10;&#9;&#9;assertEquals(0.0, result.getValue(1));&#10;&#9;&#9;assertEquals(0.0, result.getValue(2));&#10;&#9;&#9;assertEquals(1.0, result.getValue(3));&#10;&#9;}&#10;&#9;&#10;&#9;@Test&#10;&#9;public void testGetCumulativePercentages_lastThreeRowsAreZero(){&#10;&#9;&#9;Mockery mockingContext = new Mockery();&#10;&#9;&#9;final KeyedValues values = mockingContext.mock(KeyedValues.class);&#10;&#9;&#9;mockingContext.checking(new Expectations() {&#10;&#9;&#9;&#9;{&#10;&#9;&#9;&#9;&#9;allowing(values).getItemCount();&#10;&#9;&#9;&#9;&#9;will(returnValue(4));&#10;&#9;&#9;&#9;&#9;allowing(values).getValue(0);&#10;&#9;&#9;&#9;&#9;will(returnValue(2));&#10;&#9;&#9;&#9;&#9;allowing(values).getValue(1);&#10;&#9;&#9;&#9;&#9;will(returnValue(0));&#10;&#9;&#9;&#9;&#9;allowing(values).getValue(2);&#10;&#9;&#9;&#9;&#9;will(returnValue(0));&#10;&#9;&#9;&#9;&#9;allowing(values).getValue(3);&#10;&#9;&#9;&#9;&#9;will(returnValue(0));&#10;&#9;&#9;&#9;&#9;allowing(values).getKey(0);&#10;&#9;&#9;&#9;&#9;will(returnValue(0));&#10;&#9;&#9;&#9;&#9;allowing(values).getKey(1);&#10;&#9;&#9;&#9;&#9;will(returnValue(1));&#10;&#9;&#9;&#9;&#9;allowing(values).getKey(2);&#10;&#9;&#9;&#9;&#9;will(returnValue(2));&#10;&#9;&#9;&#9;&#9;allowing(values).getKey(3);&#10;&#9;&#9;&#9;&#9;will(returnValue(3));&#10;&#9;&#9;&#9;}&#10;&#9;&#9;});&#10;&#9;&#9;&#10;&#9;&#9;KeyedValues result = DataUtilities.getCumulativePercentages(values);&#10;&#9;&#9;assertEquals(1.0, result.getValue(0));&#10;&#9;&#9;assertEquals(1.0, result.getValue(1));&#10;&#9;&#9;assertEquals(1.0, result.getValue(2));&#10;&#9;&#9;assertEquals(1.0, result.getValue(3));&#10;&#9;}&#10;&#9;&#10;&#9;@Test&#10;&#9;public void testGetCumulativePercentages_allRowsAreZero(){&#10;&#9;&#9;Mockery mockingContext = new Mockery();&#10;&#9;&#9;final KeyedValues values = mockingContext.mock(KeyedValues.class);&#10;&#9;&#9;mockingContext.checking(new Expectations() {&#10;&#9;&#9;&#9;{&#10;&#9;&#9;&#9;&#9;allowing(values).getItemCount();&#10;&#9;&#9;&#9;&#9;will(returnValue(4));&#10;&#9;&#9;&#9;&#9;allowing(values).getValue(0);&#10;&#9;&#9;&#9;&#9;will(returnValue(0));&#10;&#9;&#9;&#9;&#9;allowing(values).getValue(1);&#10;&#9;&#9;&#9;&#9;will(returnValue(0));&#10;&#9;&#9;&#9;&#9;allowing(values).getValue(2);&#10;&#9;&#9;&#9;&#9;will(returnValue(0));&#10;&#9;&#9;&#9;&#9;allowing(values).getValue(3);&#10;&#9;&#9;&#9;&#9;will(returnValue(0));&#10;&#9;&#9;&#9;&#9;allowing(values).getKey(0);&#10;&#9;&#9;&#9;&#9;will(returnValue(0));&#10;&#9;&#9;&#9;&#9;allowing(values).getKey(1);&#10;&#9;&#9;&#9;&#9;will(returnValue(1));&#10;&#9;&#9;&#9;&#9;allowing(values).getKey(2);&#10;&#9;&#9;&#9;&#9;will(returnValue(2));&#10;&#9;&#9;&#9;&#9;allowing(values).getKey(3);&#10;&#9;&#9;&#9;&#9;will(returnValue(3));&#10;&#9;&#9;&#9;}&#10;&#9;&#9;});&#10;&#9;&#9;&#10;&#9;&#9;KeyedValues result = DataUtilities.getCumulativePercentages(values);&#10;&#9;&#9;assertEquals(0.0 / 0.0, result.getValue(0));&#10;&#9;&#9;assertEquals(0.0 / 0.0, result.getValue(1));&#10;&#9;&#9;assertEquals(0.0 / 0.0, result.getValue(2));&#10;&#9;&#9;assertEquals(0.0 / 0.0, result.getValue(3));&#10;&#9;}&#10;&#9;&#10;}&#10;" Filename="DataUtilitiesTest.java" Intrnl_Id="3"/>
<SrcFile Content="/* ===========================================================&#13;&#10; * JFreeChart : a free chart library for the Java(tm) platform&#13;&#10; * ===========================================================&#13;&#10; *&#13;&#10; * (C) Copyright 2000-2005, by Object Refinery Limited and Contributors.&#13;&#10; *&#13;&#10; * Project Info:  http://www.jfree.org/jfreechart/index.html&#13;&#10; *&#13;&#10; * This library is free software; you can redistribute it and/or modify it &#13;&#10; * under the terms of the GNU Lesser General Public License as published by &#13;&#10; * the Free Software Foundation; either version 2.1 of the License, or &#13;&#10; * (at your option) any later version.&#13;&#10; *&#13;&#10; * This library is distributed in the hope that it will be useful, but &#13;&#10; * WITHOUT ANY WARRANTY; without even the implied warranty of MERCHANTABILITY &#13;&#10; * or FITNESS FOR A PARTICULAR PURPOSE. See the GNU Lesser General Public &#13;&#10; * License for more details.&#13;&#10; *&#13;&#10; * You should have received a copy of the GNU Lesser General Public License &#13;&#10; * along with this library; if not, write to the Free Software Foundation, &#13;&#10; * Inc., 59 Temple Place, Suite 330, Boston, MA 02111-1307, USA.&#13;&#10; *&#13;&#10; * [Java is a trademark or registered trademark of Sun Microsystems, Inc. &#13;&#10; * in the United States and other countries.]&#13;&#10; *&#13;&#10; * ------------------&#13;&#10; * DataUtilities.java&#13;&#10; * ------------------&#13;&#10; * (C) Copyright 2003-2005, by Object Refinery Limited.&#13;&#10; *&#13;&#10; * Original Author:  David Gilbert (for Object Refinery Limited);&#13;&#10; * Contributor(s):   -;&#13;&#10; *&#13;&#10; * $Id: DataUtilities.java,v 1.2 2005/05/17 12:24:00 mungady Exp $&#13;&#10; *&#13;&#10; * Changes&#13;&#10; * -------&#13;&#10; * 05-Mar-2003 : Version 1 (DG);&#13;&#10; * 03-Mar-2005 : Moved createNumberArray() and createNumberArray2D() methods&#13;&#10; *               from the DatasetUtilities class (DG);&#13;&#10; * 17-May-2005 : Added calculateColumnTotal() and calculateRowTotal() &#13;&#10; *               methods (DG);&#13;&#10; * &#13;&#10; */&#13;&#10;&#13;&#10;package org.jfree.data;&#13;&#10;&#13;&#10;import org.jfree.data.general.DatasetUtilities;&#13;&#10;&#13;&#10;/**&#13;&#10; * Utility methods for use with some of the data classes (but not the datasets, &#13;&#10; * see {@link DatasetUtilities}).&#13;&#10; */&#13;&#10;public abstract class DataUtilities {&#13;&#10;&#13;&#10;    /**&#13;&#10;     * Returns the sum of the values in one column of the supplied data&#13;&#10;     * table. With invalid input, a total of zero will be returned.&#13;&#10;     * &#13;&#10;     * @param data  the table of values (&lt;code&gt;null&lt;/code&gt; not permitted).&#13;&#10;     * @param column  the column index (zero-based).&#13;&#10;     * &#13;&#10;     * @return The sum of the values in the specified column.&#13;&#10;     */&#13;&#10;    public static double calculateColumnTotal(Values2D data, int column) {&#13;&#10;        double total = 0.0;&#13;&#10;        int rowCount = data.getRowCount();&#13;&#10;        for (int r = 0; r &lt; rowCount; r++) {&#13;&#10;            Number n = data.getValue(r, column);&#13;&#10;            if (n != null) {&#13;&#10;                total += n.doubleValue();   &#13;&#10;            }&#13;&#10;        }&#13;&#10;        return total;&#13;&#10;    }&#13;&#10;    &#13;&#10;    /**&#13;&#10;     * Returns the sum of the values in one row of the supplied data&#13;&#10;     * table. With invalid input, a total of zero will be returned.&#13;&#10;     * &#13;&#10;     * @param data  the table of values (&lt;code&gt;null&lt;/code&gt; not permitted).&#13;&#10;     * @param row  the row index (zero-based).&#13;&#10;     * &#13;&#10;     * @return The total of the values in the specified row.&#13;&#10;     */&#13;&#10;    public static double calculateRowTotal(Values2D data, int row) {&#13;&#10;        double total = 0.0;&#13;&#10;        int columnCount = data.getColumnCount();&#13;&#10;        for (int c = 0; c &lt; columnCount; c++) {&#13;&#10;            Number n = data.getValue(row, c);&#13;&#10;            if (n != null) {&#13;&#10;                total += n.doubleValue();   &#13;&#10;            }&#13;&#10;        }&#13;&#10;        return total;&#13;&#10;    }&#13;&#10;    &#13;&#10;    /**&#13;&#10;     * Constructs an array of &lt;code&gt;Number&lt;/code&gt; objects from an array of &#13;&#10;     * &lt;code&gt;double&lt;/code&gt; primitives.&#13;&#10;     *&#13;&#10;     * @param data  An array of &lt;code&gt;double&lt;/code&gt; primitives (&lt;code&gt;null&lt;/code&gt; not permitted).&#13;&#10;     *&#13;&#10;     * @return An array of &lt;code&gt;Number&lt;/code&gt; objects.&#13;&#10;     */&#13;&#10;    public static Number[] createNumberArray(double[] data) {&#13;&#10;        if (data == null) {&#13;&#10;            throw new IllegalArgumentException(&quot;Null 'data' argument.&quot;);   &#13;&#10;        }&#13;&#10;        Number[] result = new Number[data.length];&#13;&#10;        for (int i = 0; i &lt; data.length; i++) {&#13;&#10;            result[i] = new Double(data[i]);&#13;&#10;        }&#13;&#10;        return result;&#13;&#10;    }&#13;&#10;&#13;&#10;    /**&#13;&#10;     * Constructs an array of arrays of &lt;code&gt;Number&lt;/code&gt; objects from a &#13;&#10;     * corresponding structure containing &lt;code&gt;double&lt;/code&gt; primitives.&#13;&#10;     *&#13;&#10;     * @param data  An array of &lt;code&gt;double&lt;/code&gt; primitives (&lt;code&gt;null&lt;/code&gt; not permitted).&#13;&#10;     *&#13;&#10;     * @return An array of &lt;code&gt;Number&lt;/code&gt; objects.&#13;&#10;     */&#13;&#10;    public static Number[][] createNumberArray2D(double[][] data) {&#13;&#10;        if (data == null) {&#13;&#10;            throw new IllegalArgumentException(&quot;Null 'data' argument.&quot;);   &#13;&#10;        }&#13;&#10;        int l1 = data.length;&#13;&#10;        Number[][] result = new Number[l1][];&#13;&#10;        for (int i = 0; i &lt; l1; i++) {&#13;&#10;            result[i] = createNumberArray(data[i]);&#13;&#10;        }&#13;&#10;        return result;&#13;&#10;    }&#13;&#10;&#13;&#10;    /**&#13;&#10;     * Returns a {@link KeyedValues} instance that contains the cumulative &#13;&#10;     * percentage values for the data in another {@link KeyedValues} instance.&#13;&#10;     * The cumulative percentage is each value's cumulative sum's portion of the sum of all&#13;&#10;     * the values. &lt;br&gt;&#13;&#10;     * eg: &lt;br&gt;&#13;&#10;     * Input:&lt;br&gt;&#13;&#10;     * &lt;br&gt;&#13;&#10;     * Key&amp;nbsp;&amp;nbsp;Value&lt;br&gt;&#13;&#10;     *  0&amp;nbsp;&amp;nbsp;&amp;nbsp;&amp;nbsp;&amp;nbsp;&amp;nbsp;&amp;nbsp;&amp;nbsp;5&lt;br&gt;&#13;&#10;     *  1&amp;nbsp;&amp;nbsp;&amp;nbsp;&amp;nbsp;&amp;nbsp;&amp;nbsp;&amp;nbsp;&amp;nbsp;9&lt;br&gt;&#13;&#10;     *  2&amp;nbsp;&amp;nbsp;&amp;nbsp;&amp;nbsp;&amp;nbsp;&amp;nbsp;&amp;nbsp;&amp;nbsp;2&lt;br&gt;&#13;&#10;     *  &lt;br&gt;&#13;&#10;     * Returns:&lt;br&gt;&#13;&#10;     * &lt;br&gt;&#13;&#10;     * Key&amp;nbsp;&amp;nbsp;Value&lt;br&gt;&#13;&#10;     *  0&amp;nbsp;&amp;nbsp;&amp;nbsp;&amp;nbsp;&amp;nbsp;0.3125 (5 / 16)&lt;br&gt;&#13;&#10;     *  1&amp;nbsp;&amp;nbsp;&amp;nbsp;&amp;nbsp;&amp;nbsp;0.875 ((5 + 9) / 16)&lt;br&gt;&#13;&#10;     *  2&amp;nbsp;&amp;nbsp;&amp;nbsp;&amp;nbsp;&amp;nbsp;1.0 ((5 + 9 + 2) / 16)&lt;br&gt;&#13;&#10;     * &lt;p&gt;&#13;&#10;     * The percentages are values between 0.0 and 1.0 (where 1.0 = 100%).&#13;&#10;     *&#13;&#10;     * @param data  the data (&lt;code&gt;null&lt;/code&gt; not permitted).&#13;&#10;     *&#13;&#10;     * @return The cumulative percentages.&#13;&#10;     */&#13;&#10;    public static KeyedValues getCumulativePercentages(KeyedValues data) {&#13;&#10;        if (data == null) {&#13;&#10;            throw new IllegalArgumentException(&quot;Null 'data' argument.&quot;);   &#13;&#10;        }&#13;&#10;        DefaultKeyedValues result = new DefaultKeyedValues();&#13;&#10;        double total = 0.0;&#13;&#10;        for (int i = 0; i &lt; data.getItemCount(); i++) {&#13;&#10;            Number v = data.getValue(i);&#13;&#10;            if (v != null) {&#13;&#10;                total = total + v.doubleValue();&#13;&#10;            }&#13;&#10;        }&#13;&#10;        double runningTotal = 0.0;&#13;&#10;        for (int i = 0; i &lt; data.getItemCount(); i++) {&#13;&#10;            Number v = data.getValue(i);&#13;&#10;            if (v != null) {&#13;&#10;                runningTotal = runningTotal + v.doubleValue() * 0.9d;&#13;&#10;            }&#13;&#10;            result.addValue(data.getKey(i), new Double(runningTotal / total));&#13;&#10;        }&#13;&#10;        return result;&#13;&#10;    }&#13;&#10;&#13;&#10;}&#13;&#10;" Filename="DataUtilities.java" Intrnl_Id="4"/>
</SrcFileList>
<CritList>
<CritListEntry Name="org.codecover.model.utils.criteria.LoopCoverage" PluginName="org.codecover"/>
<CritListEntry Name="org.codecover.model.utils.criteria.BranchCoverage" PluginName="org.codecover"/>
<CritListEntry Name="org.codecover.model.utils.criteria.ConditionCoverage" PluginName="org.codecover"/>
<CritListEntry Name="org.codecover.model.utils.criteria.SynchronizedStatementCoverage" PluginName="org.codecover"/>
<CritListEntry Name="org.codecover.model.utils.criteria.QMOCoverage" PluginName="org.codecover"/>
<CritListEntry Name="org.codecover.model.utils.criteria.StatementCoverage" PluginName="org.codecover"/>
</CritList>
<BoolOpList>
<BoolOp Arity="1" Intrnl_Id="5" Name="not (!)">
<BoolAssgnmntBoolMapList>
<MapEntry BoolAssgnmnt="0" Value="true"/>
<MapEntry BoolAssgnmnt="1" Value="false"/>
</BoolAssgnmntBoolMapList>
</BoolOp>
</BoolOpList>
<HierarchyLvlTypeList>
<HierarchyLvlType EnglishName="package" IntrnlName="package" Intrnl_Id="6"/>
<HierarchyLvlType EnglishName="class" IntrnlName="class" Intrnl_Id="7"/>
<HierarchyLvlType EnglishName="method" IntrnlName="method" Intrnl_Id="8"/>
<HierarchyLvlType EnglishName="default package" IntrnlName="default package" Intrnl_Id="9"/>
<HierarchyLvlType EnglishName="anonymous class" IntrnlName="class" Intrnl_Id="10"/>
</HierarchyLvlTypeList>
<MASTRoot>
<HierarchyLvl HierarchyLvlId="529" HierarchyLvlTypeId="9" Intrnl_Id="11" Name="default package">
<Header/>
<LocList/>
<HierarchyLvl HierarchyLvlId="528" HierarchyLvlTypeId="6" Intrnl_Id="12" Name="org">
<Header/>
<LocList/>
<HierarchyLvl HierarchyLvlId="527" HierarchyLvlTypeId="6" Intrnl_Id="13" Name="jfree">
<Header/>
<LocList/>
<HierarchyLvl HierarchyLvlId="526" HierarchyLvlTypeId="6" Intrnl_Id="14" Name="data">
<Header/>
<LocList/>
<HierarchyLvl HierarchyLvlId="525" HierarchyLvlTypeId="6" Intrnl_Id="15" Name="test">
<Header/>
<LocList/>
<HierarchyLvl HierarchyLvlId="473" HierarchyLvlTypeId="7" Intrnl_Id="16" Name="DefaultKeyedValuesTest">
<Header>
<Loc EndOffset="243" SrcFileId="2" StartOffset="208"/>
</Header>
<LocList>
<Loc EndOffset="24440" SrcFileId="2" StartOffset="208"/>
</LocList>
<HierarchyLvl HierarchyLvlId="411" HierarchyLvlTypeId="8" Intrnl_Id="17" Name="testConstructor">
<Header>
<Loc EndOffset="305" SrcFileId="2" StartOffset="269"/>
</Header>
<LocList>
<Loc EndOffset="410" SrcFileId="2" StartOffset="269"/>
</LocList>
<StmntSeq Intrnl_Id="18">
<LocList>
<Loc EndOffset="364" SrcFileId="2" StartOffset="310"/>
<Loc EndOffset="407" SrcFileId="2" StartOffset="367"/>
</LocList>
<BasicStmnt CovItemId="S1" CovItemPrefix="org.jfree.data.test.DefaultKeyedValuesTest.java" Intrnl_Id="19">
<LocList>
<Loc EndOffset="364" SrcFileId="2" StartOffset="310"/>
</LocList>
</BasicStmnt>
<BasicStmnt CovItemId="S2" CovItemPrefix="org.jfree.data.test.DefaultKeyedValuesTest.java" Intrnl_Id="20">
<LocList>
<Loc EndOffset="407" SrcFileId="2" StartOffset="367"/>
</LocList>
</BasicStmnt>
</StmntSeq>
</HierarchyLvl>
<HierarchyLvl HierarchyLvlId="412" HierarchyLvlTypeId="8" Intrnl_Id="21" Name="testGetItemCount_DKVHasZeroEntries">
<Header>
<Loc EndOffset="491" SrcFileId="2" StartOffset="436"/>
</Header>
<LocList>
<Loc EndOffset="649" SrcFileId="2" StartOffset="436"/>
</LocList>
<StmntSeq Intrnl_Id="22">
<LocList>
<Loc EndOffset="550" SrcFileId="2" StartOffset="496"/>
<Loc EndOffset="570" SrcFileId="2" StartOffset="553"/>
<Loc EndOffset="609" SrcFileId="2" StartOffset="573"/>
<Loc EndOffset="646" SrcFileId="2" StartOffset="615"/>
</LocList>
<BasicStmnt CovItemId="S3" CovItemPrefix="org.jfree.data.test.DefaultKeyedValuesTest.java" Intrnl_Id="23">
<LocList>
<Loc EndOffset="550" SrcFileId="2" StartOffset="496"/>
</LocList>
</BasicStmnt>
<BasicStmnt CovItemId="S4" CovItemPrefix="org.jfree.data.test.DefaultKeyedValuesTest.java" Intrnl_Id="24">
<LocList>
<Loc EndOffset="570" SrcFileId="2" StartOffset="553"/>
</LocList>
</BasicStmnt>
<BasicStmnt CovItemId="S5" CovItemPrefix="org.jfree.data.test.DefaultKeyedValuesTest.java" Intrnl_Id="25">
<LocList>
<Loc EndOffset="609" SrcFileId="2" StartOffset="573"/>
</LocList>
</BasicStmnt>
<BasicStmnt CovItemId="S6" CovItemPrefix="org.jfree.data.test.DefaultKeyedValuesTest.java" Intrnl_Id="26">
<LocList>
<Loc EndOffset="646" SrcFileId="2" StartOffset="615"/>
</LocList>
</BasicStmnt>
</StmntSeq>
</HierarchyLvl>
<HierarchyLvl HierarchyLvlId="413" HierarchyLvlTypeId="8" Intrnl_Id="27" Name="testGetItemCount_DKVHasOneEntry">
<Header>
<Loc EndOffset="705" SrcFileId="2" StartOffset="653"/>
</Header>
<LocList>
<Loc EndOffset="904" SrcFileId="2" StartOffset="653"/>
</LocList>
<StmntSeq Intrnl_Id="28">
<LocList>
<Loc EndOffset="764" SrcFileId="2" StartOffset="710"/>
<Loc EndOffset="805" SrcFileId="2" StartOffset="767"/>
<Loc EndOffset="825" SrcFileId="2" StartOffset="808"/>
<Loc EndOffset="864" SrcFileId="2" StartOffset="828"/>
<Loc EndOffset="901" SrcFileId="2" StartOffset="870"/>
</LocList>
<BasicStmnt CovItemId="S7" CovItemPrefix="org.jfree.data.test.DefaultKeyedValuesTest.java" Intrnl_Id="29">
<LocList>
<Loc EndOffset="764" SrcFileId="2" StartOffset="710"/>
</LocList>
</BasicStmnt>
<BasicStmnt CovItemId="S8" CovItemPrefix="org.jfree.data.test.DefaultKeyedValuesTest.java" Intrnl_Id="30">
<LocList>
<Loc EndOffset="805" SrcFileId="2" StartOffset="767"/>
</LocList>
</BasicStmnt>
<BasicStmnt CovItemId="S9" CovItemPrefix="org.jfree.data.test.DefaultKeyedValuesTest.java" Intrnl_Id="31">
<LocList>
<Loc EndOffset="825" SrcFileId="2" StartOffset="808"/>
</LocList>
</BasicStmnt>
<BasicStmnt CovItemId="S10" CovItemPrefix="org.jfree.data.test.DefaultKeyedValuesTest.java" Intrnl_Id="32">
<LocList>
<Loc EndOffset="864" SrcFileId="2" StartOffset="828"/>
</LocList>
</BasicStmnt>
<BasicStmnt CovItemId="S11" CovItemPrefix="org.jfree.data.test.DefaultKeyedValuesTest.java" Intrnl_Id="33">
<LocList>
<Loc EndOffset="901" SrcFileId="2" StartOffset="870"/>
</LocList>
</BasicStmnt>
</StmntSeq>
</HierarchyLvl>
<HierarchyLvl HierarchyLvlId="414" HierarchyLvlTypeId="8" Intrnl_Id="34" Name="testGetItemCount_DKVHasFiveEntries">
<Header>
<Loc EndOffset="963" SrcFileId="2" StartOffset="908"/>
</Header>
<LocList>
<Loc EndOffset="1200" SrcFileId="2" StartOffset="908"/>
</LocList>
<StmntSeq Intrnl_Id="35">
<LocList>
<Loc EndOffset="1022" SrcFileId="2" StartOffset="968"/>
<Loc EndOffset="1097" SrcFileId="2" StartOffset="1025"/>
<Loc EndOffset="1121" SrcFileId="2" StartOffset="1104"/>
<Loc EndOffset="1160" SrcFileId="2" StartOffset="1124"/>
<Loc EndOffset="1197" SrcFileId="2" StartOffset="1166"/>
</LocList>
<BasicStmnt CovItemId="S12" CovItemPrefix="org.jfree.data.test.DefaultKeyedValuesTest.java" Intrnl_Id="36">
<LocList>
<Loc EndOffset="1022" SrcFileId="2" StartOffset="968"/>
</LocList>
</BasicStmnt>
<LoopStmnt CovItemId="S13" CovItemPrefix="org.jfree.data.test.DefaultKeyedValuesTest.java" Intrnl_Id="37" MltplExecId="L1-2" MltplExecPrefix="org.jfree.data.test.DefaultKeyedValuesTest.java" NvrExecId="L1-0" NvrExecPrefix="org.jfree.data.test.DefaultKeyedValuesTest.java" OnceExecutedId="L1-1" OnceExecutedPrefix="org.jfree.data.test.DefaultKeyedValuesTest.java" OptBodyExec="true">
<StmntSeq Intrnl_Id="38">
<LocList>
<Loc EndOffset="1093" SrcFileId="2" StartOffset="1057"/>
</LocList>
<BasicStmnt CovItemId="S14" CovItemPrefix="org.jfree.data.test.DefaultKeyedValuesTest.java" Intrnl_Id="39">
<LocList>
<Loc EndOffset="1093" SrcFileId="2" StartOffset="1057"/>
</LocList>
</BasicStmnt>
</StmntSeq>
<Keyword EndOffset="1028" SrcFileId="2" StartOffset="1025"/>
<LocList>
<Loc EndOffset="1097" SrcFileId="2" StartOffset="1025"/>
</LocList>
<RootTerm CovItemId="C1" CovItemPrefix="org.jfree.data.test.DefaultKeyedValuesTest.java" Intrnl_Id="40">
<BasicBoolTerm Intrnl_Id="41">
<LocList>
<Loc EndOffset="1045" SrcFileId="2" StartOffset="1040"/>
</LocList>
</BasicBoolTerm>
</RootTerm>
</LoopStmnt>
<BasicStmnt CovItemId="S15" CovItemPrefix="org.jfree.data.test.DefaultKeyedValuesTest.java" Intrnl_Id="42">
<LocList>
<Loc EndOffset="1121" SrcFileId="2" StartOffset="1104"/>
</LocList>
</BasicStmnt>
<BasicStmnt CovItemId="S16" CovItemPrefix="org.jfree.data.test.DefaultKeyedValuesTest.java" Intrnl_Id="43">
<LocList>
<Loc EndOffset="1160" SrcFileId="2" StartOffset="1124"/>
</LocList>
</BasicStmnt>
<BasicStmnt CovItemId="S17" CovItemPrefix="org.jfree.data.test.DefaultKeyedValuesTest.java" Intrnl_Id="44">
<LocList>
<Loc EndOffset="1197" SrcFileId="2" StartOffset="1166"/>
</LocList>
</BasicStmnt>
</StmntSeq>
</HierarchyLvl>
<HierarchyLvl HierarchyLvlId="415" HierarchyLvlTypeId="8" Intrnl_Id="45" Name="testGetValue_indexIsZero">
<Header>
<Loc EndOffset="1271" SrcFileId="2" StartOffset="1226"/>
</Header>
<LocList>
<Loc EndOffset="1520" SrcFileId="2" StartOffset="1226"/>
</LocList>
<StmntSeq Intrnl_Id="46">
<LocList>
<Loc EndOffset="1330" SrcFileId="2" StartOffset="1276"/>
<Loc EndOffset="1405" SrcFileId="2" StartOffset="1333"/>
<Loc EndOffset="1432" SrcFileId="2" StartOffset="1412"/>
<Loc EndOffset="1480" SrcFileId="2" StartOffset="1435"/>
<Loc EndOffset="1517" SrcFileId="2" StartOffset="1486"/>
</LocList>
<BasicStmnt CovItemId="S18" CovItemPrefix="org.jfree.data.test.DefaultKeyedValuesTest.java" Intrnl_Id="47">
<LocList>
<Loc EndOffset="1330" SrcFileId="2" StartOffset="1276"/>
</LocList>
</BasicStmnt>
<LoopStmnt CovItemId="S19" CovItemPrefix="org.jfree.data.test.DefaultKeyedValuesTest.java" Intrnl_Id="48" MltplExecId="L2-2" MltplExecPrefix="org.jfree.data.test.DefaultKeyedValuesTest.java" NvrExecId="L2-0" NvrExecPrefix="org.jfree.data.test.DefaultKeyedValuesTest.java" OnceExecutedId="L2-1" OnceExecutedPrefix="org.jfree.data.test.DefaultKeyedValuesTest.java" OptBodyExec="true">
<StmntSeq Intrnl_Id="49">
<LocList>
<Loc EndOffset="1401" SrcFileId="2" StartOffset="1365"/>
</LocList>
<BasicStmnt CovItemId="S20" CovItemPrefix="org.jfree.data.test.DefaultKeyedValuesTest.java" Intrnl_Id="50">
<LocList>
<Loc EndOffset="1401" SrcFileId="2" StartOffset="1365"/>
</LocList>
</BasicStmnt>
</StmntSeq>
<Keyword EndOffset="1336" SrcFileId="2" StartOffset="1333"/>
<LocList>
<Loc EndOffset="1405" SrcFileId="2" StartOffset="1333"/>
</LocList>
<RootTerm CovItemId="C2" CovItemPrefix="org.jfree.data.test.DefaultKeyedValuesTest.java" Intrnl_Id="51">
<BasicBoolTerm Intrnl_Id="52">
<LocList>
<Loc EndOffset="1353" SrcFileId="2" StartOffset="1348"/>
</LocList>
</BasicBoolTerm>
</RootTerm>
</LoopStmnt>
<BasicStmnt CovItemId="S21" CovItemPrefix="org.jfree.data.test.DefaultKeyedValuesTest.java" Intrnl_Id="53">
<LocList>
<Loc EndOffset="1432" SrcFileId="2" StartOffset="1412"/>
</LocList>
</BasicStmnt>
<BasicStmnt CovItemId="S22" CovItemPrefix="org.jfree.data.test.DefaultKeyedValuesTest.java" Intrnl_Id="54">
<LocList>
<Loc EndOffset="1480" SrcFileId="2" StartOffset="1435"/>
</LocList>
</BasicStmnt>
<BasicStmnt CovItemId="S23" CovItemPrefix="org.jfree.data.test.DefaultKeyedValuesTest.java" Intrnl_Id="55">
<LocList>
<Loc EndOffset="1517" SrcFileId="2" StartOffset="1486"/>
</LocList>
</BasicStmnt>
</StmntSeq>
</HierarchyLvl>
<HierarchyLvl HierarchyLvlId="416" HierarchyLvlTypeId="8" Intrnl_Id="56" Name="testGetValue_indexIsHighestInRange">
<Header>
<Loc EndOffset="1579" SrcFileId="2" StartOffset="1524"/>
</Header>
<LocList>
<Loc EndOffset="1828" SrcFileId="2" StartOffset="1524"/>
</LocList>
<StmntSeq Intrnl_Id="57">
<LocList>
<Loc EndOffset="1638" SrcFileId="2" StartOffset="1584"/>
<Loc EndOffset="1713" SrcFileId="2" StartOffset="1641"/>
<Loc EndOffset="1740" SrcFileId="2" StartOffset="1720"/>
<Loc EndOffset="1788" SrcFileId="2" StartOffset="1743"/>
<Loc EndOffset="1825" SrcFileId="2" StartOffset="1794"/>
</LocList>
<BasicStmnt CovItemId="S24" CovItemPrefix="org.jfree.data.test.DefaultKeyedValuesTest.java" Intrnl_Id="58">
<LocList>
<Loc EndOffset="1638" SrcFileId="2" StartOffset="1584"/>
</LocList>
</BasicStmnt>
<LoopStmnt CovItemId="S25" CovItemPrefix="org.jfree.data.test.DefaultKeyedValuesTest.java" Intrnl_Id="59" MltplExecId="L3-2" MltplExecPrefix="org.jfree.data.test.DefaultKeyedValuesTest.java" NvrExecId="L3-0" NvrExecPrefix="org.jfree.data.test.DefaultKeyedValuesTest.java" OnceExecutedId="L3-1" OnceExecutedPrefix="org.jfree.data.test.DefaultKeyedValuesTest.java" OptBodyExec="true">
<StmntSeq Intrnl_Id="60">
<LocList>
<Loc EndOffset="1709" SrcFileId="2" StartOffset="1673"/>
</LocList>
<BasicStmnt CovItemId="S26" CovItemPrefix="org.jfree.data.test.DefaultKeyedValuesTest.java" Intrnl_Id="61">
<LocList>
<Loc EndOffset="1709" SrcFileId="2" StartOffset="1673"/>
</LocList>
</BasicStmnt>
</StmntSeq>
<Keyword EndOffset="1644" SrcFileId="2" StartOffset="1641"/>
<LocList>
<Loc EndOffset="1713" SrcFileId="2" StartOffset="1641"/>
</LocList>
<RootTerm CovItemId="C3" CovItemPrefix="org.jfree.data.test.DefaultKeyedValuesTest.java" Intrnl_Id="62">
<BasicBoolTerm Intrnl_Id="63">
<LocList>
<Loc EndOffset="1661" SrcFileId="2" StartOffset="1656"/>
</LocList>
</BasicBoolTerm>
</RootTerm>
</LoopStmnt>
<BasicStmnt CovItemId="S27" CovItemPrefix="org.jfree.data.test.DefaultKeyedValuesTest.java" Intrnl_Id="64">
<LocList>
<Loc EndOffset="1740" SrcFileId="2" StartOffset="1720"/>
</LocList>
</BasicStmnt>
<BasicStmnt CovItemId="S28" CovItemPrefix="org.jfree.data.test.DefaultKeyedValuesTest.java" Intrnl_Id="65">
<LocList>
<Loc EndOffset="1788" SrcFileId="2" StartOffset="1743"/>
</LocList>
</BasicStmnt>
<BasicStmnt CovItemId="S29" CovItemPrefix="org.jfree.data.test.DefaultKeyedValuesTest.java" Intrnl_Id="66">
<LocList>
<Loc EndOffset="1825" SrcFileId="2" StartOffset="1794"/>
</LocList>
</BasicStmnt>
</StmntSeq>
</HierarchyLvl>
<HierarchyLvl HierarchyLvlId="417" HierarchyLvlTypeId="8" Intrnl_Id="67" Name="testGetValue_indexIsOutOfBounds">
<Header>
<Loc EndOffset="1884" SrcFileId="2" StartOffset="1832"/>
</Header>
<LocList>
<Loc EndOffset="2195" SrcFileId="2" StartOffset="1832"/>
</LocList>
<StmntSeq Intrnl_Id="68">
<LocList>
<Loc EndOffset="1943" SrcFileId="2" StartOffset="1889"/>
<Loc EndOffset="2018" SrcFileId="2" StartOffset="1946"/>
<Loc EndOffset="2052" SrcFileId="2" StartOffset="2025"/>
<Loc EndOffset="2084" SrcFileId="2" StartOffset="2064"/>
<Loc EndOffset="2151" SrcFileId="2" StartOffset="2055"/>
<Loc EndOffset="2188" SrcFileId="2" StartOffset="2165"/>
</LocList>
<BasicStmnt CovItemId="S30" CovItemPrefix="org.jfree.data.test.DefaultKeyedValuesTest.java" Intrnl_Id="69">
<LocList>
<Loc EndOffset="1943" SrcFileId="2" StartOffset="1889"/>
</LocList>
</BasicStmnt>
<LoopStmnt CovItemId="S31" CovItemPrefix="org.jfree.data.test.DefaultKeyedValuesTest.java" Intrnl_Id="70" MltplExecId="L4-2" MltplExecPrefix="org.jfree.data.test.DefaultKeyedValuesTest.java" NvrExecId="L4-0" NvrExecPrefix="org.jfree.data.test.DefaultKeyedValuesTest.java" OnceExecutedId="L4-1" OnceExecutedPrefix="org.jfree.data.test.DefaultKeyedValuesTest.java" OptBodyExec="true">
<StmntSeq Intrnl_Id="71">
<LocList>
<Loc EndOffset="2014" SrcFileId="2" StartOffset="1978"/>
</LocList>
<BasicStmnt CovItemId="S32" CovItemPrefix="org.jfree.data.test.DefaultKeyedValuesTest.java" Intrnl_Id="72">
<LocList>
<Loc EndOffset="2014" SrcFileId="2" StartOffset="1978"/>
</LocList>
</BasicStmnt>
</StmntSeq>
<Keyword EndOffset="1949" SrcFileId="2" StartOffset="1946"/>
<LocList>
<Loc EndOffset="2018" SrcFileId="2" StartOffset="1946"/>
</LocList>
<RootTerm CovItemId="C4" CovItemPrefix="org.jfree.data.test.DefaultKeyedValuesTest.java" Intrnl_Id="73">
<BasicBoolTerm Intrnl_Id="74">
<LocList>
<Loc EndOffset="1966" SrcFileId="2" StartOffset="1961"/>
</LocList>
</BasicBoolTerm>
</RootTerm>
</LoopStmnt>
<BasicStmnt CovItemId="S33" CovItemPrefix="org.jfree.data.test.DefaultKeyedValuesTest.java" Intrnl_Id="75">
<LocList>
<Loc EndOffset="2052" SrcFileId="2" StartOffset="2025"/>
</LocList>
</BasicStmnt>
<BasicStmnt CovItemId="S35" CovItemPrefix="org.jfree.data.test.DefaultKeyedValuesTest.java" Intrnl_Id="76">
<LocList>
<Loc EndOffset="2084" SrcFileId="2" StartOffset="2064"/>
</LocList>
</BasicStmnt>
<CondStmnt CovItemId="S34" CovItemPrefix="org.jfree.data.test.DefaultKeyedValuesTest.java" Intrnl_Id="77">
<Branch CovItemId="B1" CovItemPrefix="org.jfree.data.test.DefaultKeyedValuesTest.java" Implct="true" Intrnl_Id="78">
<Cond/>
<LocList/>
<StmntSeq Intrnl_Id="79">
<LocList/>
</StmntSeq>
</Branch>
<Branch CovItemId="B2" CovItemPrefix="org.jfree.data.test.DefaultKeyedValuesTest.java" Implct="false" Intrnl_Id="80">
<Cond>
<Loc EndOffset="2123" SrcFileId="2" StartOffset="2089"/>
</Cond>
<LocList>
<Loc EndOffset="2151" SrcFileId="2" StartOffset="2124"/>
</LocList>
<StmntSeq Intrnl_Id="81">
<LocList>
<Loc EndOffset="2147" SrcFileId="2" StartOffset="2129"/>
</LocList>
<BasicStmnt CovItemId="S36" CovItemPrefix="org.jfree.data.test.DefaultKeyedValuesTest.java" Intrnl_Id="82">
<LocList>
<Loc EndOffset="2147" SrcFileId="2" StartOffset="2129"/>
</LocList>
</BasicStmnt>
</StmntSeq>
</Branch>
<Keyword EndOffset="2058" SrcFileId="2" StartOffset="2055"/>
<LocList>
<Loc EndOffset="2151" SrcFileId="2" StartOffset="2055"/>
</LocList>
</CondStmnt>
<BasicStmnt CovItemId="S37" CovItemPrefix="org.jfree.data.test.DefaultKeyedValuesTest.java" Intrnl_Id="83">
<LocList>
<Loc EndOffset="2188" SrcFileId="2" StartOffset="2165"/>
</LocList>
</BasicStmnt>
</StmntSeq>
</HierarchyLvl>
<HierarchyLvl HierarchyLvlId="418" HierarchyLvlTypeId="8" Intrnl_Id="84" Name="testGetKey_indexIsZero">
<Header>
<Loc EndOffset="2264" SrcFileId="2" StartOffset="2221"/>
</Header>
<LocList>
<Loc EndOffset="2506" SrcFileId="2" StartOffset="2221"/>
</LocList>
<StmntSeq Intrnl_Id="85">
<LocList>
<Loc EndOffset="2323" SrcFileId="2" StartOffset="2269"/>
<Loc EndOffset="2398" SrcFileId="2" StartOffset="2326"/>
<Loc EndOffset="2422" SrcFileId="2" StartOffset="2405"/>
<Loc EndOffset="2466" SrcFileId="2" StartOffset="2425"/>
<Loc EndOffset="2503" SrcFileId="2" StartOffset="2472"/>
</LocList>
<BasicStmnt CovItemId="S38" CovItemPrefix="org.jfree.data.test.DefaultKeyedValuesTest.java" Intrnl_Id="86">
<LocList>
<Loc EndOffset="2323" SrcFileId="2" StartOffset="2269"/>
</LocList>
</BasicStmnt>
<LoopStmnt CovItemId="S39" CovItemPrefix="org.jfree.data.test.DefaultKeyedValuesTest.java" Intrnl_Id="87" MltplExecId="L5-2" MltplExecPrefix="org.jfree.data.test.DefaultKeyedValuesTest.java" NvrExecId="L5-0" NvrExecPrefix="org.jfree.data.test.DefaultKeyedValuesTest.java" OnceExecutedId="L5-1" OnceExecutedPrefix="org.jfree.data.test.DefaultKeyedValuesTest.java" OptBodyExec="true">
<StmntSeq Intrnl_Id="88">
<LocList>
<Loc EndOffset="2394" SrcFileId="2" StartOffset="2358"/>
</LocList>
<BasicStmnt CovItemId="S40" CovItemPrefix="org.jfree.data.test.DefaultKeyedValuesTest.java" Intrnl_Id="89">
<LocList>
<Loc EndOffset="2394" SrcFileId="2" StartOffset="2358"/>
</LocList>
</BasicStmnt>
</StmntSeq>
<Keyword EndOffset="2329" SrcFileId="2" StartOffset="2326"/>
<LocList>
<Loc EndOffset="2398" SrcFileId="2" StartOffset="2326"/>
</LocList>
<RootTerm CovItemId="C5" CovItemPrefix="org.jfree.data.test.DefaultKeyedValuesTest.java" Intrnl_Id="90">
<BasicBoolTerm Intrnl_Id="91">
<LocList>
<Loc EndOffset="2346" SrcFileId="2" StartOffset="2341"/>
</LocList>
</BasicBoolTerm>
</RootTerm>
</LoopStmnt>
<BasicStmnt CovItemId="S41" CovItemPrefix="org.jfree.data.test.DefaultKeyedValuesTest.java" Intrnl_Id="92">
<LocList>
<Loc EndOffset="2422" SrcFileId="2" StartOffset="2405"/>
</LocList>
</BasicStmnt>
<BasicStmnt CovItemId="S42" CovItemPrefix="org.jfree.data.test.DefaultKeyedValuesTest.java" Intrnl_Id="93">
<LocList>
<Loc EndOffset="2466" SrcFileId="2" StartOffset="2425"/>
</LocList>
</BasicStmnt>
<BasicStmnt CovItemId="S43" CovItemPrefix="org.jfree.data.test.DefaultKeyedValuesTest.java" Intrnl_Id="94">
<LocList>
<Loc EndOffset="2503" SrcFileId="2" StartOffset="2472"/>
</LocList>
</BasicStmnt>
</StmntSeq>
</HierarchyLvl>
<HierarchyLvl HierarchyLvlId="419" HierarchyLvlTypeId="8" Intrnl_Id="95" Name="testGetKey_indexIsHighestInRange">
<Header>
<Loc EndOffset="2563" SrcFileId="2" StartOffset="2510"/>
</Header>
<LocList>
<Loc EndOffset="2805" SrcFileId="2" StartOffset="2510"/>
</LocList>
<StmntSeq Intrnl_Id="96">
<LocList>
<Loc EndOffset="2622" SrcFileId="2" StartOffset="2568"/>
<Loc EndOffset="2697" SrcFileId="2" StartOffset="2625"/>
<Loc EndOffset="2721" SrcFileId="2" StartOffset="2704"/>
<Loc EndOffset="2765" SrcFileId="2" StartOffset="2724"/>
<Loc EndOffset="2802" SrcFileId="2" StartOffset="2771"/>
</LocList>
<BasicStmnt CovItemId="S44" CovItemPrefix="org.jfree.data.test.DefaultKeyedValuesTest.java" Intrnl_Id="97">
<LocList>
<Loc EndOffset="2622" SrcFileId="2" StartOffset="2568"/>
</LocList>
</BasicStmnt>
<LoopStmnt CovItemId="S45" CovItemPrefix="org.jfree.data.test.DefaultKeyedValuesTest.java" Intrnl_Id="98" MltplExecId="L6-2" MltplExecPrefix="org.jfree.data.test.DefaultKeyedValuesTest.java" NvrExecId="L6-0" NvrExecPrefix="org.jfree.data.test.DefaultKeyedValuesTest.java" OnceExecutedId="L6-1" OnceExecutedPrefix="org.jfree.data.test.DefaultKeyedValuesTest.java" OptBodyExec="true">
<StmntSeq Intrnl_Id="99">
<LocList>
<Loc EndOffset="2693" SrcFileId="2" StartOffset="2657"/>
</LocList>
<BasicStmnt CovItemId="S46" CovItemPrefix="org.jfree.data.test.DefaultKeyedValuesTest.java" Intrnl_Id="100">
<LocList>
<Loc EndOffset="2693" SrcFileId="2" StartOffset="2657"/>
</LocList>
</BasicStmnt>
</StmntSeq>
<Keyword EndOffset="2628" SrcFileId="2" StartOffset="2625"/>
<LocList>
<Loc EndOffset="2697" SrcFileId="2" StartOffset="2625"/>
</LocList>
<RootTerm CovItemId="C6" CovItemPrefix="org.jfree.data.test.DefaultKeyedValuesTest.java" Intrnl_Id="101">
<BasicBoolTerm Intrnl_Id="102">
<LocList>
<Loc EndOffset="2645" SrcFileId="2" StartOffset="2640"/>
</LocList>
</BasicBoolTerm>
</RootTerm>
</LoopStmnt>
<BasicStmnt CovItemId="S47" CovItemPrefix="org.jfree.data.test.DefaultKeyedValuesTest.java" Intrnl_Id="103">
<LocList>
<Loc EndOffset="2721" SrcFileId="2" StartOffset="2704"/>
</LocList>
</BasicStmnt>
<BasicStmnt CovItemId="S48" CovItemPrefix="org.jfree.data.test.DefaultKeyedValuesTest.java" Intrnl_Id="104">
<LocList>
<Loc EndOffset="2765" SrcFileId="2" StartOffset="2724"/>
</LocList>
</BasicStmnt>
<BasicStmnt CovItemId="S49" CovItemPrefix="org.jfree.data.test.DefaultKeyedValuesTest.java" Intrnl_Id="105">
<LocList>
<Loc EndOffset="2802" SrcFileId="2" StartOffset="2771"/>
</LocList>
</BasicStmnt>
</StmntSeq>
</HierarchyLvl>
<HierarchyLvl HierarchyLvlId="420" HierarchyLvlTypeId="8" Intrnl_Id="106" Name="testGetKey_indexIsOutOfBounds">
<Header>
<Loc EndOffset="2859" SrcFileId="2" StartOffset="2809"/>
</Header>
<LocList>
<Loc EndOffset="3168" SrcFileId="2" StartOffset="2809"/>
</LocList>
<StmntSeq Intrnl_Id="107">
<LocList>
<Loc EndOffset="2918" SrcFileId="2" StartOffset="2864"/>
<Loc EndOffset="2993" SrcFileId="2" StartOffset="2921"/>
<Loc EndOffset="3027" SrcFileId="2" StartOffset="3000"/>
<Loc EndOffset="3057" SrcFileId="2" StartOffset="3039"/>
<Loc EndOffset="3124" SrcFileId="2" StartOffset="3030"/>
<Loc EndOffset="3161" SrcFileId="2" StartOffset="3138"/>
</LocList>
<BasicStmnt CovItemId="S50" CovItemPrefix="org.jfree.data.test.DefaultKeyedValuesTest.java" Intrnl_Id="108">
<LocList>
<Loc EndOffset="2918" SrcFileId="2" StartOffset="2864"/>
</LocList>
</BasicStmnt>
<LoopStmnt CovItemId="S51" CovItemPrefix="org.jfree.data.test.DefaultKeyedValuesTest.java" Intrnl_Id="109" MltplExecId="L7-2" MltplExecPrefix="org.jfree.data.test.DefaultKeyedValuesTest.java" NvrExecId="L7-0" NvrExecPrefix="org.jfree.data.test.DefaultKeyedValuesTest.java" OnceExecutedId="L7-1" OnceExecutedPrefix="org.jfree.data.test.DefaultKeyedValuesTest.java" OptBodyExec="true">
<StmntSeq Intrnl_Id="110">
<LocList>
<Loc EndOffset="2989" SrcFileId="2" StartOffset="2953"/>
</LocList>
<BasicStmnt CovItemId="S52" CovItemPrefix="org.jfree.data.test.DefaultKeyedValuesTest.java" Intrnl_Id="111">
<LocList>
<Loc EndOffset="2989" SrcFileId="2" StartOffset="2953"/>
</LocList>
</BasicStmnt>
</StmntSeq>
<Keyword EndOffset="2924" SrcFileId="2" StartOffset="2921"/>
<LocList>
<Loc EndOffset="2993" SrcFileId="2" StartOffset="2921"/>
</LocList>
<RootTerm CovItemId="C7" CovItemPrefix="org.jfree.data.test.DefaultKeyedValuesTest.java" Intrnl_Id="112">
<BasicBoolTerm Intrnl_Id="113">
<LocList>
<Loc EndOffset="2941" SrcFileId="2" StartOffset="2936"/>
</LocList>
</BasicBoolTerm>
</RootTerm>
</LoopStmnt>
<BasicStmnt CovItemId="S53" CovItemPrefix="org.jfree.data.test.DefaultKeyedValuesTest.java" Intrnl_Id="114">
<LocList>
<Loc EndOffset="3027" SrcFileId="2" StartOffset="3000"/>
</LocList>
</BasicStmnt>
<BasicStmnt CovItemId="S55" CovItemPrefix="org.jfree.data.test.DefaultKeyedValuesTest.java" Intrnl_Id="115">
<LocList>
<Loc EndOffset="3057" SrcFileId="2" StartOffset="3039"/>
</LocList>
</BasicStmnt>
<CondStmnt CovItemId="S54" CovItemPrefix="org.jfree.data.test.DefaultKeyedValuesTest.java" Intrnl_Id="116">
<Branch CovItemId="B3" CovItemPrefix="org.jfree.data.test.DefaultKeyedValuesTest.java" Implct="true" Intrnl_Id="117">
<Cond/>
<LocList/>
<StmntSeq Intrnl_Id="118">
<LocList/>
</StmntSeq>
</Branch>
<Branch CovItemId="B4" CovItemPrefix="org.jfree.data.test.DefaultKeyedValuesTest.java" Implct="false" Intrnl_Id="119">
<Cond>
<Loc EndOffset="3096" SrcFileId="2" StartOffset="3062"/>
</Cond>
<LocList>
<Loc EndOffset="3124" SrcFileId="2" StartOffset="3097"/>
</LocList>
<StmntSeq Intrnl_Id="120">
<LocList>
<Loc EndOffset="3120" SrcFileId="2" StartOffset="3102"/>
</LocList>
<BasicStmnt CovItemId="S56" CovItemPrefix="org.jfree.data.test.DefaultKeyedValuesTest.java" Intrnl_Id="121">
<LocList>
<Loc EndOffset="3120" SrcFileId="2" StartOffset="3102"/>
</LocList>
</BasicStmnt>
</StmntSeq>
</Branch>
<Keyword EndOffset="3033" SrcFileId="2" StartOffset="3030"/>
<LocList>
<Loc EndOffset="3124" SrcFileId="2" StartOffset="3030"/>
</LocList>
</CondStmnt>
<BasicStmnt CovItemId="S57" CovItemPrefix="org.jfree.data.test.DefaultKeyedValuesTest.java" Intrnl_Id="122">
<LocList>
<Loc EndOffset="3161" SrcFileId="2" StartOffset="3138"/>
</LocList>
</BasicStmnt>
</StmntSeq>
</HierarchyLvl>
<HierarchyLvl HierarchyLvlId="421" HierarchyLvlTypeId="8" Intrnl_Id="123" Name="testGetIndex_keyIsValid">
<Header>
<Loc EndOffset="3238" SrcFileId="2" StartOffset="3194"/>
</Header>
<LocList>
<Loc EndOffset="3495" SrcFileId="2" StartOffset="3194"/>
</LocList>
<StmntSeq Intrnl_Id="124">
<LocList>
<Loc EndOffset="3297" SrcFileId="2" StartOffset="3243"/>
<Loc EndOffset="3372" SrcFileId="2" StartOffset="3300"/>
<Loc EndOffset="3396" SrcFileId="2" StartOffset="3379"/>
<Loc EndOffset="3455" SrcFileId="2" StartOffset="3399"/>
<Loc EndOffset="3492" SrcFileId="2" StartOffset="3461"/>
</LocList>
<BasicStmnt CovItemId="S58" CovItemPrefix="org.jfree.data.test.DefaultKeyedValuesTest.java" Intrnl_Id="125">
<LocList>
<Loc EndOffset="3297" SrcFileId="2" StartOffset="3243"/>
</LocList>
</BasicStmnt>
<LoopStmnt CovItemId="S59" CovItemPrefix="org.jfree.data.test.DefaultKeyedValuesTest.java" Intrnl_Id="126" MltplExecId="L8-2" MltplExecPrefix="org.jfree.data.test.DefaultKeyedValuesTest.java" NvrExecId="L8-0" NvrExecPrefix="org.jfree.data.test.DefaultKeyedValuesTest.java" OnceExecutedId="L8-1" OnceExecutedPrefix="org.jfree.data.test.DefaultKeyedValuesTest.java" OptBodyExec="true">
<StmntSeq Intrnl_Id="127">
<LocList>
<Loc EndOffset="3368" SrcFileId="2" StartOffset="3332"/>
</LocList>
<BasicStmnt CovItemId="S60" CovItemPrefix="org.jfree.data.test.DefaultKeyedValuesTest.java" Intrnl_Id="128">
<LocList>
<Loc EndOffset="3368" SrcFileId="2" StartOffset="3332"/>
</LocList>
</BasicStmnt>
</StmntSeq>
<Keyword EndOffset="3303" SrcFileId="2" StartOffset="3300"/>
<LocList>
<Loc EndOffset="3372" SrcFileId="2" StartOffset="3300"/>
</LocList>
<RootTerm CovItemId="C8" CovItemPrefix="org.jfree.data.test.DefaultKeyedValuesTest.java" Intrnl_Id="129">
<BasicBoolTerm Intrnl_Id="130">
<LocList>
<Loc EndOffset="3320" SrcFileId="2" StartOffset="3315"/>
</LocList>
</BasicBoolTerm>
</RootTerm>
</LoopStmnt>
<BasicStmnt CovItemId="S61" CovItemPrefix="org.jfree.data.test.DefaultKeyedValuesTest.java" Intrnl_Id="131">
<LocList>
<Loc EndOffset="3396" SrcFileId="2" StartOffset="3379"/>
</LocList>
</BasicStmnt>
<BasicStmnt CovItemId="S62" CovItemPrefix="org.jfree.data.test.DefaultKeyedValuesTest.java" Intrnl_Id="132">
<LocList>
<Loc EndOffset="3455" SrcFileId="2" StartOffset="3399"/>
</LocList>
</BasicStmnt>
<BasicStmnt CovItemId="S63" CovItemPrefix="org.jfree.data.test.DefaultKeyedValuesTest.java" Intrnl_Id="133">
<LocList>
<Loc EndOffset="3492" SrcFileId="2" StartOffset="3461"/>
</LocList>
</BasicStmnt>
</StmntSeq>
</HierarchyLvl>
<HierarchyLvl HierarchyLvlId="422" HierarchyLvlTypeId="8" Intrnl_Id="134" Name="testGetIndex_keyIsFoundInZerothElement">
<Header>
<Loc EndOffset="3558" SrcFileId="2" StartOffset="3499"/>
</Header>
<LocList>
<Loc EndOffset="3815" SrcFileId="2" StartOffset="3499"/>
</LocList>
<StmntSeq Intrnl_Id="135">
<LocList>
<Loc EndOffset="3617" SrcFileId="2" StartOffset="3563"/>
<Loc EndOffset="3692" SrcFileId="2" StartOffset="3620"/>
<Loc EndOffset="3716" SrcFileId="2" StartOffset="3699"/>
<Loc EndOffset="3775" SrcFileId="2" StartOffset="3719"/>
<Loc EndOffset="3812" SrcFileId="2" StartOffset="3781"/>
</LocList>
<BasicStmnt CovItemId="S64" CovItemPrefix="org.jfree.data.test.DefaultKeyedValuesTest.java" Intrnl_Id="136">
<LocList>
<Loc EndOffset="3617" SrcFileId="2" StartOffset="3563"/>
</LocList>
</BasicStmnt>
<LoopStmnt CovItemId="S65" CovItemPrefix="org.jfree.data.test.DefaultKeyedValuesTest.java" Intrnl_Id="137" MltplExecId="L9-2" MltplExecPrefix="org.jfree.data.test.DefaultKeyedValuesTest.java" NvrExecId="L9-0" NvrExecPrefix="org.jfree.data.test.DefaultKeyedValuesTest.java" OnceExecutedId="L9-1" OnceExecutedPrefix="org.jfree.data.test.DefaultKeyedValuesTest.java" OptBodyExec="true">
<StmntSeq Intrnl_Id="138">
<LocList>
<Loc EndOffset="3688" SrcFileId="2" StartOffset="3652"/>
</LocList>
<BasicStmnt CovItemId="S66" CovItemPrefix="org.jfree.data.test.DefaultKeyedValuesTest.java" Intrnl_Id="139">
<LocList>
<Loc EndOffset="3688" SrcFileId="2" StartOffset="3652"/>
</LocList>
</BasicStmnt>
</StmntSeq>
<Keyword EndOffset="3623" SrcFileId="2" StartOffset="3620"/>
<LocList>
<Loc EndOffset="3692" SrcFileId="2" StartOffset="3620"/>
</LocList>
<RootTerm CovItemId="C9" CovItemPrefix="org.jfree.data.test.DefaultKeyedValuesTest.java" Intrnl_Id="140">
<BasicBoolTerm Intrnl_Id="141">
<LocList>
<Loc EndOffset="3640" SrcFileId="2" StartOffset="3635"/>
</LocList>
</BasicBoolTerm>
</RootTerm>
</LoopStmnt>
<BasicStmnt CovItemId="S67" CovItemPrefix="org.jfree.data.test.DefaultKeyedValuesTest.java" Intrnl_Id="142">
<LocList>
<Loc EndOffset="3716" SrcFileId="2" StartOffset="3699"/>
</LocList>
</BasicStmnt>
<BasicStmnt CovItemId="S68" CovItemPrefix="org.jfree.data.test.DefaultKeyedValuesTest.java" Intrnl_Id="143">
<LocList>
<Loc EndOffset="3775" SrcFileId="2" StartOffset="3719"/>
</LocList>
</BasicStmnt>
<BasicStmnt CovItemId="S69" CovItemPrefix="org.jfree.data.test.DefaultKeyedValuesTest.java" Intrnl_Id="144">
<LocList>
<Loc EndOffset="3812" SrcFileId="2" StartOffset="3781"/>
</LocList>
</BasicStmnt>
</StmntSeq>
</HierarchyLvl>
<HierarchyLvl HierarchyLvlId="423" HierarchyLvlTypeId="8" Intrnl_Id="145" Name="testGetIndex_keyIsFoundInLastElement">
<Header>
<Loc EndOffset="3876" SrcFileId="2" StartOffset="3819"/>
</Header>
<LocList>
<Loc EndOffset="4133" SrcFileId="2" StartOffset="3819"/>
</LocList>
<StmntSeq Intrnl_Id="146">
<LocList>
<Loc EndOffset="3935" SrcFileId="2" StartOffset="3881"/>
<Loc EndOffset="4010" SrcFileId="2" StartOffset="3938"/>
<Loc EndOffset="4034" SrcFileId="2" StartOffset="4017"/>
<Loc EndOffset="4093" SrcFileId="2" StartOffset="4037"/>
<Loc EndOffset="4130" SrcFileId="2" StartOffset="4099"/>
</LocList>
<BasicStmnt CovItemId="S70" CovItemPrefix="org.jfree.data.test.DefaultKeyedValuesTest.java" Intrnl_Id="147">
<LocList>
<Loc EndOffset="3935" SrcFileId="2" StartOffset="3881"/>
</LocList>
</BasicStmnt>
<LoopStmnt CovItemId="S71" CovItemPrefix="org.jfree.data.test.DefaultKeyedValuesTest.java" Intrnl_Id="148" MltplExecId="L10-2" MltplExecPrefix="org.jfree.data.test.DefaultKeyedValuesTest.java" NvrExecId="L10-0" NvrExecPrefix="org.jfree.data.test.DefaultKeyedValuesTest.java" OnceExecutedId="L10-1" OnceExecutedPrefix="org.jfree.data.test.DefaultKeyedValuesTest.java" OptBodyExec="true">
<StmntSeq Intrnl_Id="149">
<LocList>
<Loc EndOffset="4006" SrcFileId="2" StartOffset="3970"/>
</LocList>
<BasicStmnt CovItemId="S72" CovItemPrefix="org.jfree.data.test.DefaultKeyedValuesTest.java" Intrnl_Id="150">
<LocList>
<Loc EndOffset="4006" SrcFileId="2" StartOffset="3970"/>
</LocList>
</BasicStmnt>
</StmntSeq>
<Keyword EndOffset="3941" SrcFileId="2" StartOffset="3938"/>
<LocList>
<Loc EndOffset="4010" SrcFileId="2" StartOffset="3938"/>
</LocList>
<RootTerm CovItemId="C10" CovItemPrefix="org.jfree.data.test.DefaultKeyedValuesTest.java" Intrnl_Id="151">
<BasicBoolTerm Intrnl_Id="152">
<LocList>
<Loc EndOffset="3958" SrcFileId="2" StartOffset="3953"/>
</LocList>
</BasicBoolTerm>
</RootTerm>
</LoopStmnt>
<BasicStmnt CovItemId="S73" CovItemPrefix="org.jfree.data.test.DefaultKeyedValuesTest.java" Intrnl_Id="153">
<LocList>
<Loc EndOffset="4034" SrcFileId="2" StartOffset="4017"/>
</LocList>
</BasicStmnt>
<BasicStmnt CovItemId="S74" CovItemPrefix="org.jfree.data.test.DefaultKeyedValuesTest.java" Intrnl_Id="154">
<LocList>
<Loc EndOffset="4093" SrcFileId="2" StartOffset="4037"/>
</LocList>
</BasicStmnt>
<BasicStmnt CovItemId="S75" CovItemPrefix="org.jfree.data.test.DefaultKeyedValuesTest.java" Intrnl_Id="155">
<LocList>
<Loc EndOffset="4130" SrcFileId="2" StartOffset="4099"/>
</LocList>
</BasicStmnt>
</StmntSeq>
</HierarchyLvl>
<HierarchyLvl HierarchyLvlId="424" HierarchyLvlTypeId="8" Intrnl_Id="156" Name="testGetIndex_keyNotInTable">
<Header>
<Loc EndOffset="4184" SrcFileId="2" StartOffset="4137"/>
</Header>
<LocList>
<Loc EndOffset="4443" SrcFileId="2" StartOffset="4137"/>
</LocList>
<StmntSeq Intrnl_Id="157">
<LocList>
<Loc EndOffset="4243" SrcFileId="2" StartOffset="4189"/>
<Loc EndOffset="4318" SrcFileId="2" StartOffset="4246"/>
<Loc EndOffset="4343" SrcFileId="2" StartOffset="4325"/>
<Loc EndOffset="4403" SrcFileId="2" StartOffset="4346"/>
<Loc EndOffset="4440" SrcFileId="2" StartOffset="4409"/>
</LocList>
<BasicStmnt CovItemId="S76" CovItemPrefix="org.jfree.data.test.DefaultKeyedValuesTest.java" Intrnl_Id="158">
<LocList>
<Loc EndOffset="4243" SrcFileId="2" StartOffset="4189"/>
</LocList>
</BasicStmnt>
<LoopStmnt CovItemId="S77" CovItemPrefix="org.jfree.data.test.DefaultKeyedValuesTest.java" Intrnl_Id="159" MltplExecId="L11-2" MltplExecPrefix="org.jfree.data.test.DefaultKeyedValuesTest.java" NvrExecId="L11-0" NvrExecPrefix="org.jfree.data.test.DefaultKeyedValuesTest.java" OnceExecutedId="L11-1" OnceExecutedPrefix="org.jfree.data.test.DefaultKeyedValuesTest.java" OptBodyExec="true">
<StmntSeq Intrnl_Id="160">
<LocList>
<Loc EndOffset="4314" SrcFileId="2" StartOffset="4278"/>
</LocList>
<BasicStmnt CovItemId="S78" CovItemPrefix="org.jfree.data.test.DefaultKeyedValuesTest.java" Intrnl_Id="161">
<LocList>
<Loc EndOffset="4314" SrcFileId="2" StartOffset="4278"/>
</LocList>
</BasicStmnt>
</StmntSeq>
<Keyword EndOffset="4249" SrcFileId="2" StartOffset="4246"/>
<LocList>
<Loc EndOffset="4318" SrcFileId="2" StartOffset="4246"/>
</LocList>
<RootTerm CovItemId="C11" CovItemPrefix="org.jfree.data.test.DefaultKeyedValuesTest.java" Intrnl_Id="162">
<BasicBoolTerm Intrnl_Id="163">
<LocList>
<Loc EndOffset="4266" SrcFileId="2" StartOffset="4261"/>
</LocList>
</BasicBoolTerm>
</RootTerm>
</LoopStmnt>
<BasicStmnt CovItemId="S79" CovItemPrefix="org.jfree.data.test.DefaultKeyedValuesTest.java" Intrnl_Id="164">
<LocList>
<Loc EndOffset="4343" SrcFileId="2" StartOffset="4325"/>
</LocList>
</BasicStmnt>
<BasicStmnt CovItemId="S80" CovItemPrefix="org.jfree.data.test.DefaultKeyedValuesTest.java" Intrnl_Id="165">
<LocList>
<Loc EndOffset="4403" SrcFileId="2" StartOffset="4346"/>
</LocList>
</BasicStmnt>
<BasicStmnt CovItemId="S81" CovItemPrefix="org.jfree.data.test.DefaultKeyedValuesTest.java" Intrnl_Id="166">
<LocList>
<Loc EndOffset="4440" SrcFileId="2" StartOffset="4409"/>
</LocList>
</BasicStmnt>
</StmntSeq>
</HierarchyLvl>
<HierarchyLvl HierarchyLvlId="425" HierarchyLvlTypeId="8" Intrnl_Id="167" Name="testGetKeys_emptyDKVUsed">
<Header>
<Loc EndOffset="4514" SrcFileId="2" StartOffset="4469"/>
</Header>
<LocList>
<Loc EndOffset="4677" SrcFileId="2" StartOffset="4469"/>
</LocList>
<StmntSeq Intrnl_Id="168">
<LocList>
<Loc EndOffset="4573" SrcFileId="2" StartOffset="4519"/>
<Loc EndOffset="4596" SrcFileId="2" StartOffset="4579"/>
<Loc EndOffset="4637" SrcFileId="2" StartOffset="4599"/>
<Loc EndOffset="4674" SrcFileId="2" StartOffset="4643"/>
</LocList>
<BasicStmnt CovItemId="S82" CovItemPrefix="org.jfree.data.test.DefaultKeyedValuesTest.java" Intrnl_Id="169">
<LocList>
<Loc EndOffset="4573" SrcFileId="2" StartOffset="4519"/>
</LocList>
</BasicStmnt>
<BasicStmnt CovItemId="S83" CovItemPrefix="org.jfree.data.test.DefaultKeyedValuesTest.java" Intrnl_Id="170">
<LocList>
<Loc EndOffset="4596" SrcFileId="2" StartOffset="4579"/>
</LocList>
</BasicStmnt>
<BasicStmnt CovItemId="S84" CovItemPrefix="org.jfree.data.test.DefaultKeyedValuesTest.java" Intrnl_Id="171">
<LocList>
<Loc EndOffset="4637" SrcFileId="2" StartOffset="4599"/>
</LocList>
</BasicStmnt>
<BasicStmnt CovItemId="S85" CovItemPrefix="org.jfree.data.test.DefaultKeyedValuesTest.java" Intrnl_Id="172">
<LocList>
<Loc EndOffset="4674" SrcFileId="2" StartOffset="4643"/>
</LocList>
</BasicStmnt>
</StmntSeq>
</HierarchyLvl>
<HierarchyLvl HierarchyLvlId="426" HierarchyLvlTypeId="8" Intrnl_Id="173" Name="testGetKeys_oneElementDKVUsed">
<Header>
<Loc EndOffset="4731" SrcFileId="2" StartOffset="4681"/>
</Header>
<LocList>
<Loc EndOffset="4983" SrcFileId="2" StartOffset="4681"/>
</LocList>
<StmntSeq Intrnl_Id="174">
<LocList>
<Loc EndOffset="4790" SrcFileId="2" StartOffset="4736"/>
<Loc EndOffset="4831" SrcFileId="2" StartOffset="4793"/>
<Loc EndOffset="4854" SrcFileId="2" StartOffset="4837"/>
<Loc EndOffset="4895" SrcFileId="2" StartOffset="4857"/>
<Loc EndOffset="4932" SrcFileId="2" StartOffset="4901"/>
<Loc EndOffset="4980" SrcFileId="2" StartOffset="4938"/>
</LocList>
<BasicStmnt CovItemId="S86" CovItemPrefix="org.jfree.data.test.DefaultKeyedValuesTest.java" Intrnl_Id="175">
<LocList>
<Loc EndOffset="4790" SrcFileId="2" StartOffset="4736"/>
</LocList>
</BasicStmnt>
<BasicStmnt CovItemId="S87" CovItemPrefix="org.jfree.data.test.DefaultKeyedValuesTest.java" Intrnl_Id="176">
<LocList>
<Loc EndOffset="4831" SrcFileId="2" StartOffset="4793"/>
</LocList>
</BasicStmnt>
<BasicStmnt CovItemId="S88" CovItemPrefix="org.jfree.data.test.DefaultKeyedValuesTest.java" Intrnl_Id="177">
<LocList>
<Loc EndOffset="4854" SrcFileId="2" StartOffset="4837"/>
</LocList>
</BasicStmnt>
<BasicStmnt CovItemId="S89" CovItemPrefix="org.jfree.data.test.DefaultKeyedValuesTest.java" Intrnl_Id="178">
<LocList>
<Loc EndOffset="4895" SrcFileId="2" StartOffset="4857"/>
</LocList>
</BasicStmnt>
<BasicStmnt CovItemId="S90" CovItemPrefix="org.jfree.data.test.DefaultKeyedValuesTest.java" Intrnl_Id="179">
<LocList>
<Loc EndOffset="4932" SrcFileId="2" StartOffset="4901"/>
</LocList>
</BasicStmnt>
<BasicStmnt CovItemId="S91" CovItemPrefix="org.jfree.data.test.DefaultKeyedValuesTest.java" Intrnl_Id="180">
<LocList>
<Loc EndOffset="4980" SrcFileId="2" StartOffset="4938"/>
</LocList>
</BasicStmnt>
</StmntSeq>
</HierarchyLvl>
<HierarchyLvl HierarchyLvlId="427" HierarchyLvlTypeId="8" Intrnl_Id="181" Name="testGetKeys_fiveElementDKVUsed">
<Header>
<Loc EndOffset="5038" SrcFileId="2" StartOffset="4987"/>
</Header>
<LocList>
<Loc EndOffset="5360" SrcFileId="2" StartOffset="4987"/>
</LocList>
<StmntSeq Intrnl_Id="182">
<LocList>
<Loc EndOffset="5097" SrcFileId="2" StartOffset="5043"/>
<Loc EndOffset="5172" SrcFileId="2" StartOffset="5100"/>
<Loc EndOffset="5195" SrcFileId="2" StartOffset="5178"/>
<Loc EndOffset="5236" SrcFileId="2" StartOffset="5198"/>
<Loc EndOffset="5273" SrcFileId="2" StartOffset="5242"/>
<Loc EndOffset="5357" SrcFileId="2" StartOffset="5279"/>
</LocList>
<BasicStmnt CovItemId="S92" CovItemPrefix="org.jfree.data.test.DefaultKeyedValuesTest.java" Intrnl_Id="183">
<LocList>
<Loc EndOffset="5097" SrcFileId="2" StartOffset="5043"/>
</LocList>
</BasicStmnt>
<LoopStmnt CovItemId="S93" CovItemPrefix="org.jfree.data.test.DefaultKeyedValuesTest.java" Intrnl_Id="184" MltplExecId="L12-2" MltplExecPrefix="org.jfree.data.test.DefaultKeyedValuesTest.java" NvrExecId="L12-0" NvrExecPrefix="org.jfree.data.test.DefaultKeyedValuesTest.java" OnceExecutedId="L12-1" OnceExecutedPrefix="org.jfree.data.test.DefaultKeyedValuesTest.java" OptBodyExec="true">
<StmntSeq Intrnl_Id="185">
<LocList>
<Loc EndOffset="5168" SrcFileId="2" StartOffset="5132"/>
</LocList>
<BasicStmnt CovItemId="S94" CovItemPrefix="org.jfree.data.test.DefaultKeyedValuesTest.java" Intrnl_Id="186">
<LocList>
<Loc EndOffset="5168" SrcFileId="2" StartOffset="5132"/>
</LocList>
</BasicStmnt>
</StmntSeq>
<Keyword EndOffset="5103" SrcFileId="2" StartOffset="5100"/>
<LocList>
<Loc EndOffset="5172" SrcFileId="2" StartOffset="5100"/>
</LocList>
<RootTerm CovItemId="C12" CovItemPrefix="org.jfree.data.test.DefaultKeyedValuesTest.java" Intrnl_Id="187">
<BasicBoolTerm Intrnl_Id="188">
<LocList>
<Loc EndOffset="5120" SrcFileId="2" StartOffset="5115"/>
</LocList>
</BasicBoolTerm>
</RootTerm>
</LoopStmnt>
<BasicStmnt CovItemId="S95" CovItemPrefix="org.jfree.data.test.DefaultKeyedValuesTest.java" Intrnl_Id="189">
<LocList>
<Loc EndOffset="5195" SrcFileId="2" StartOffset="5178"/>
</LocList>
</BasicStmnt>
<BasicStmnt CovItemId="S96" CovItemPrefix="org.jfree.data.test.DefaultKeyedValuesTest.java" Intrnl_Id="190">
<LocList>
<Loc EndOffset="5236" SrcFileId="2" StartOffset="5198"/>
</LocList>
</BasicStmnt>
<BasicStmnt CovItemId="S97" CovItemPrefix="org.jfree.data.test.DefaultKeyedValuesTest.java" Intrnl_Id="191">
<LocList>
<Loc EndOffset="5273" SrcFileId="2" StartOffset="5242"/>
</LocList>
</BasicStmnt>
<LoopStmnt CovItemId="S98" CovItemPrefix="org.jfree.data.test.DefaultKeyedValuesTest.java" Intrnl_Id="192" MltplExecId="L13-2" MltplExecPrefix="org.jfree.data.test.DefaultKeyedValuesTest.java" NvrExecId="L13-0" NvrExecPrefix="org.jfree.data.test.DefaultKeyedValuesTest.java" OnceExecutedId="L13-1" OnceExecutedPrefix="org.jfree.data.test.DefaultKeyedValuesTest.java" OptBodyExec="true">
<StmntSeq Intrnl_Id="193">
<LocList>
<Loc EndOffset="5353" SrcFileId="2" StartOffset="5311"/>
</LocList>
<BasicStmnt CovItemId="S99" CovItemPrefix="org.jfree.data.test.DefaultKeyedValuesTest.java" Intrnl_Id="194">
<LocList>
<Loc EndOffset="5353" SrcFileId="2" StartOffset="5311"/>
</LocList>
</BasicStmnt>
</StmntSeq>
<Keyword EndOffset="5282" SrcFileId="2" StartOffset="5279"/>
<LocList>
<Loc EndOffset="5357" SrcFileId="2" StartOffset="5279"/>
</LocList>
<RootTerm CovItemId="C13" CovItemPrefix="org.jfree.data.test.DefaultKeyedValuesTest.java" Intrnl_Id="195">
<BasicBoolTerm Intrnl_Id="196">
<LocList>
<Loc EndOffset="5299" SrcFileId="2" StartOffset="5294"/>
</LocList>
</BasicBoolTerm>
</RootTerm>
</LoopStmnt>
</StmntSeq>
</HierarchyLvl>
<HierarchyLvl HierarchyLvlId="428" HierarchyLvlTypeId="8" Intrnl_Id="197" Name="testGetValue_validKeyNullValue">
<Header>
<Loc EndOffset="5437" SrcFileId="2" StartOffset="5386"/>
</Header>
<LocList>
<Loc EndOffset="5744" SrcFileId="2" StartOffset="5386"/>
</LocList>
<StmntSeq Intrnl_Id="198">
<LocList>
<Loc EndOffset="5496" SrcFileId="2" StartOffset="5442"/>
<Loc EndOffset="5571" SrcFileId="2" StartOffset="5499"/>
<Loc EndOffset="5613" SrcFileId="2" StartOffset="5574"/>
<Loc EndOffset="5643" SrcFileId="2" StartOffset="5620"/>
<Loc EndOffset="5704" SrcFileId="2" StartOffset="5646"/>
<Loc EndOffset="5741" SrcFileId="2" StartOffset="5710"/>
</LocList>
<BasicStmnt CovItemId="S100" CovItemPrefix="org.jfree.data.test.DefaultKeyedValuesTest.java" Intrnl_Id="199">
<LocList>
<Loc EndOffset="5496" SrcFileId="2" StartOffset="5442"/>
</LocList>
</BasicStmnt>
<LoopStmnt CovItemId="S101" CovItemPrefix="org.jfree.data.test.DefaultKeyedValuesTest.java" Intrnl_Id="200" MltplExecId="L14-2" MltplExecPrefix="org.jfree.data.test.DefaultKeyedValuesTest.java" NvrExecId="L14-0" NvrExecPrefix="org.jfree.data.test.DefaultKeyedValuesTest.java" OnceExecutedId="L14-1" OnceExecutedPrefix="org.jfree.data.test.DefaultKeyedValuesTest.java" OptBodyExec="true">
<StmntSeq Intrnl_Id="201">
<LocList>
<Loc EndOffset="5567" SrcFileId="2" StartOffset="5531"/>
</LocList>
<BasicStmnt CovItemId="S102" CovItemPrefix="org.jfree.data.test.DefaultKeyedValuesTest.java" Intrnl_Id="202">
<LocList>
<Loc EndOffset="5567" SrcFileId="2" StartOffset="5531"/>
</LocList>
</BasicStmnt>
</StmntSeq>
<Keyword EndOffset="5502" SrcFileId="2" StartOffset="5499"/>
<LocList>
<Loc EndOffset="5571" SrcFileId="2" StartOffset="5499"/>
</LocList>
<RootTerm CovItemId="C14" CovItemPrefix="org.jfree.data.test.DefaultKeyedValuesTest.java" Intrnl_Id="203">
<BasicBoolTerm Intrnl_Id="204">
<LocList>
<Loc EndOffset="5519" SrcFileId="2" StartOffset="5514"/>
</LocList>
</BasicBoolTerm>
</RootTerm>
</LoopStmnt>
<BasicStmnt CovItemId="S103" CovItemPrefix="org.jfree.data.test.DefaultKeyedValuesTest.java" Intrnl_Id="205">
<LocList>
<Loc EndOffset="5613" SrcFileId="2" StartOffset="5574"/>
</LocList>
</BasicStmnt>
<BasicStmnt CovItemId="S104" CovItemPrefix="org.jfree.data.test.DefaultKeyedValuesTest.java" Intrnl_Id="206">
<LocList>
<Loc EndOffset="5643" SrcFileId="2" StartOffset="5620"/>
</LocList>
</BasicStmnt>
<BasicStmnt CovItemId="S105" CovItemPrefix="org.jfree.data.test.DefaultKeyedValuesTest.java" Intrnl_Id="207">
<LocList>
<Loc EndOffset="5704" SrcFileId="2" StartOffset="5646"/>
</LocList>
</BasicStmnt>
<BasicStmnt CovItemId="S106" CovItemPrefix="org.jfree.data.test.DefaultKeyedValuesTest.java" Intrnl_Id="208">
<LocList>
<Loc EndOffset="5741" SrcFileId="2" StartOffset="5710"/>
</LocList>
</BasicStmnt>
</StmntSeq>
</HierarchyLvl>
<HierarchyLvl HierarchyLvlId="429" HierarchyLvlTypeId="8" Intrnl_Id="209" Name="testGetValue_validKeyNonNullValue">
<Header>
<Loc EndOffset="5802" SrcFileId="2" StartOffset="5748"/>
</Header>
<LocList>
<Loc EndOffset="6066" SrcFileId="2" StartOffset="5748"/>
</LocList>
<StmntSeq Intrnl_Id="210">
<LocList>
<Loc EndOffset="5861" SrcFileId="2" StartOffset="5807"/>
<Loc EndOffset="5936" SrcFileId="2" StartOffset="5864"/>
<Loc EndOffset="5965" SrcFileId="2" StartOffset="5943"/>
<Loc EndOffset="6026" SrcFileId="2" StartOffset="5968"/>
<Loc EndOffset="6063" SrcFileId="2" StartOffset="6032"/>
</LocList>
<BasicStmnt CovItemId="S107" CovItemPrefix="org.jfree.data.test.DefaultKeyedValuesTest.java" Intrnl_Id="211">
<LocList>
<Loc EndOffset="5861" SrcFileId="2" StartOffset="5807"/>
</LocList>
</BasicStmnt>
<LoopStmnt CovItemId="S108" CovItemPrefix="org.jfree.data.test.DefaultKeyedValuesTest.java" Intrnl_Id="212" MltplExecId="L15-2" MltplExecPrefix="org.jfree.data.test.DefaultKeyedValuesTest.java" NvrExecId="L15-0" NvrExecPrefix="org.jfree.data.test.DefaultKeyedValuesTest.java" OnceExecutedId="L15-1" OnceExecutedPrefix="org.jfree.data.test.DefaultKeyedValuesTest.java" OptBodyExec="true">
<StmntSeq Intrnl_Id="213">
<LocList>
<Loc EndOffset="5932" SrcFileId="2" StartOffset="5896"/>
</LocList>
<BasicStmnt CovItemId="S109" CovItemPrefix="org.jfree.data.test.DefaultKeyedValuesTest.java" Intrnl_Id="214">
<LocList>
<Loc EndOffset="5932" SrcFileId="2" StartOffset="5896"/>
</LocList>
</BasicStmnt>
</StmntSeq>
<Keyword EndOffset="5867" SrcFileId="2" StartOffset="5864"/>
<LocList>
<Loc EndOffset="5936" SrcFileId="2" StartOffset="5864"/>
</LocList>
<RootTerm CovItemId="C15" CovItemPrefix="org.jfree.data.test.DefaultKeyedValuesTest.java" Intrnl_Id="215">
<BasicBoolTerm Intrnl_Id="216">
<LocList>
<Loc EndOffset="5884" SrcFileId="2" StartOffset="5879"/>
</LocList>
</BasicBoolTerm>
</RootTerm>
</LoopStmnt>
<BasicStmnt CovItemId="S110" CovItemPrefix="org.jfree.data.test.DefaultKeyedValuesTest.java" Intrnl_Id="217">
<LocList>
<Loc EndOffset="5965" SrcFileId="2" StartOffset="5943"/>
</LocList>
</BasicStmnt>
<BasicStmnt CovItemId="S111" CovItemPrefix="org.jfree.data.test.DefaultKeyedValuesTest.java" Intrnl_Id="218">
<LocList>
<Loc EndOffset="6026" SrcFileId="2" StartOffset="5968"/>
</LocList>
</BasicStmnt>
<BasicStmnt CovItemId="S112" CovItemPrefix="org.jfree.data.test.DefaultKeyedValuesTest.java" Intrnl_Id="219">
<LocList>
<Loc EndOffset="6063" SrcFileId="2" StartOffset="6032"/>
</LocList>
</BasicStmnt>
</StmntSeq>
</HierarchyLvl>
<HierarchyLvl HierarchyLvlId="430" HierarchyLvlTypeId="8" Intrnl_Id="220" Name="testGetValue_invalidKey">
<Header>
<Loc EndOffset="6114" SrcFileId="2" StartOffset="6070"/>
</Header>
<LocList>
<Loc EndOffset="6436" SrcFileId="2" StartOffset="6070"/>
</LocList>
<StmntSeq Intrnl_Id="221">
<LocList>
<Loc EndOffset="6173" SrcFileId="2" StartOffset="6119"/>
<Loc EndOffset="6248" SrcFileId="2" StartOffset="6176"/>
<Loc EndOffset="6282" SrcFileId="2" StartOffset="6255"/>
<Loc EndOffset="6330" SrcFileId="2" StartOffset="6297"/>
<Loc EndOffset="6392" SrcFileId="2" StartOffset="6288"/>
<Loc EndOffset="6429" SrcFileId="2" StartOffset="6406"/>
</LocList>
<BasicStmnt CovItemId="S113" CovItemPrefix="org.jfree.data.test.DefaultKeyedValuesTest.java" Intrnl_Id="222">
<LocList>
<Loc EndOffset="6173" SrcFileId="2" StartOffset="6119"/>
</LocList>
</BasicStmnt>
<LoopStmnt CovItemId="S114" CovItemPrefix="org.jfree.data.test.DefaultKeyedValuesTest.java" Intrnl_Id="223" MltplExecId="L16-2" MltplExecPrefix="org.jfree.data.test.DefaultKeyedValuesTest.java" NvrExecId="L16-0" NvrExecPrefix="org.jfree.data.test.DefaultKeyedValuesTest.java" OnceExecutedId="L16-1" OnceExecutedPrefix="org.jfree.data.test.DefaultKeyedValuesTest.java" OptBodyExec="true">
<StmntSeq Intrnl_Id="224">
<LocList>
<Loc EndOffset="6244" SrcFileId="2" StartOffset="6208"/>
</LocList>
<BasicStmnt CovItemId="S115" CovItemPrefix="org.jfree.data.test.DefaultKeyedValuesTest.java" Intrnl_Id="225">
<LocList>
<Loc EndOffset="6244" SrcFileId="2" StartOffset="6208"/>
</LocList>
</BasicStmnt>
</StmntSeq>
<Keyword EndOffset="6179" SrcFileId="2" StartOffset="6176"/>
<LocList>
<Loc EndOffset="6248" SrcFileId="2" StartOffset="6176"/>
</LocList>
<RootTerm CovItemId="C16" CovItemPrefix="org.jfree.data.test.DefaultKeyedValuesTest.java" Intrnl_Id="226">
<BasicBoolTerm Intrnl_Id="227">
<LocList>
<Loc EndOffset="6196" SrcFileId="2" StartOffset="6191"/>
</LocList>
</BasicBoolTerm>
</RootTerm>
</LoopStmnt>
<BasicStmnt CovItemId="S116" CovItemPrefix="org.jfree.data.test.DefaultKeyedValuesTest.java" Intrnl_Id="228">
<LocList>
<Loc EndOffset="6282" SrcFileId="2" StartOffset="6255"/>
</LocList>
</BasicStmnt>
<BasicStmnt CovItemId="S118" CovItemPrefix="org.jfree.data.test.DefaultKeyedValuesTest.java" Intrnl_Id="229">
<LocList>
<Loc EndOffset="6330" SrcFileId="2" StartOffset="6297"/>
</LocList>
</BasicStmnt>
<CondStmnt CovItemId="S117" CovItemPrefix="org.jfree.data.test.DefaultKeyedValuesTest.java" Intrnl_Id="230">
<Branch CovItemId="B5" CovItemPrefix="org.jfree.data.test.DefaultKeyedValuesTest.java" Implct="true" Intrnl_Id="231">
<Cond/>
<LocList/>
<StmntSeq Intrnl_Id="232">
<LocList/>
</StmntSeq>
</Branch>
<Branch CovItemId="B6" CovItemPrefix="org.jfree.data.test.DefaultKeyedValuesTest.java" Implct="false" Intrnl_Id="233">
<Cond>
<Loc EndOffset="6364" SrcFileId="2" StartOffset="6335"/>
</Cond>
<LocList>
<Loc EndOffset="6392" SrcFileId="2" StartOffset="6365"/>
</LocList>
<StmntSeq Intrnl_Id="234">
<LocList>
<Loc EndOffset="6388" SrcFileId="2" StartOffset="6370"/>
</LocList>
<BasicStmnt CovItemId="S119" CovItemPrefix="org.jfree.data.test.DefaultKeyedValuesTest.java" Intrnl_Id="235">
<LocList>
<Loc EndOffset="6388" SrcFileId="2" StartOffset="6370"/>
</LocList>
</BasicStmnt>
</StmntSeq>
</Branch>
<Keyword EndOffset="6291" SrcFileId="2" StartOffset="6288"/>
<LocList>
<Loc EndOffset="6392" SrcFileId="2" StartOffset="6288"/>
</LocList>
</CondStmnt>
<BasicStmnt CovItemId="S120" CovItemPrefix="org.jfree.data.test.DefaultKeyedValuesTest.java" Intrnl_Id="236">
<LocList>
<Loc EndOffset="6429" SrcFileId="2" StartOffset="6406"/>
</LocList>
</BasicStmnt>
</StmntSeq>
</HierarchyLvl>
<HierarchyLvl HierarchyLvlId="431" HierarchyLvlTypeId="8" Intrnl_Id="237" Name="testAddValue_ValueAndKeyNotInTable">
<Header>
<Loc EndOffset="6517" SrcFileId="2" StartOffset="6462"/>
</Header>
<LocList>
<Loc EndOffset="6818" SrcFileId="2" StartOffset="6462"/>
</LocList>
<StmntSeq Intrnl_Id="238">
<LocList>
<Loc EndOffset="6576" SrcFileId="2" StartOffset="6522"/>
<Loc EndOffset="6651" SrcFileId="2" StartOffset="6579"/>
<Loc EndOffset="6692" SrcFileId="2" StartOffset="6657"/>
<Loc EndOffset="6721" SrcFileId="2" StartOffset="6698"/>
<Loc EndOffset="6778" SrcFileId="2" StartOffset="6724"/>
<Loc EndOffset="6815" SrcFileId="2" StartOffset="6784"/>
</LocList>
<BasicStmnt CovItemId="S121" CovItemPrefix="org.jfree.data.test.DefaultKeyedValuesTest.java" Intrnl_Id="239">
<LocList>
<Loc EndOffset="6576" SrcFileId="2" StartOffset="6522"/>
</LocList>
</BasicStmnt>
<LoopStmnt CovItemId="S122" CovItemPrefix="org.jfree.data.test.DefaultKeyedValuesTest.java" Intrnl_Id="240" MltplExecId="L17-2" MltplExecPrefix="org.jfree.data.test.DefaultKeyedValuesTest.java" NvrExecId="L17-0" NvrExecPrefix="org.jfree.data.test.DefaultKeyedValuesTest.java" OnceExecutedId="L17-1" OnceExecutedPrefix="org.jfree.data.test.DefaultKeyedValuesTest.java" OptBodyExec="true">
<StmntSeq Intrnl_Id="241">
<LocList>
<Loc EndOffset="6647" SrcFileId="2" StartOffset="6611"/>
</LocList>
<BasicStmnt CovItemId="S123" CovItemPrefix="org.jfree.data.test.DefaultKeyedValuesTest.java" Intrnl_Id="242">
<LocList>
<Loc EndOffset="6647" SrcFileId="2" StartOffset="6611"/>
</LocList>
</BasicStmnt>
</StmntSeq>
<Keyword EndOffset="6582" SrcFileId="2" StartOffset="6579"/>
<LocList>
<Loc EndOffset="6651" SrcFileId="2" StartOffset="6579"/>
</LocList>
<RootTerm CovItemId="C17" CovItemPrefix="org.jfree.data.test.DefaultKeyedValuesTest.java" Intrnl_Id="243">
<BasicBoolTerm Intrnl_Id="244">
<LocList>
<Loc EndOffset="6599" SrcFileId="2" StartOffset="6594"/>
</LocList>
</BasicBoolTerm>
</RootTerm>
</LoopStmnt>
<BasicStmnt CovItemId="S124" CovItemPrefix="org.jfree.data.test.DefaultKeyedValuesTest.java" Intrnl_Id="245">
<LocList>
<Loc EndOffset="6692" SrcFileId="2" StartOffset="6657"/>
</LocList>
</BasicStmnt>
<BasicStmnt CovItemId="S125" CovItemPrefix="org.jfree.data.test.DefaultKeyedValuesTest.java" Intrnl_Id="246">
<LocList>
<Loc EndOffset="6721" SrcFileId="2" StartOffset="6698"/>
</LocList>
</BasicStmnt>
<BasicStmnt CovItemId="S126" CovItemPrefix="org.jfree.data.test.DefaultKeyedValuesTest.java" Intrnl_Id="247">
<LocList>
<Loc EndOffset="6778" SrcFileId="2" StartOffset="6724"/>
</LocList>
</BasicStmnt>
<BasicStmnt CovItemId="S127" CovItemPrefix="org.jfree.data.test.DefaultKeyedValuesTest.java" Intrnl_Id="248">
<LocList>
<Loc EndOffset="6815" SrcFileId="2" StartOffset="6784"/>
</LocList>
</BasicStmnt>
</StmntSeq>
</HierarchyLvl>
<HierarchyLvl HierarchyLvlId="432" HierarchyLvlTypeId="8" Intrnl_Id="249" Name="testAddValue_NullKeyPassed">
<Header>
<Loc EndOffset="6869" SrcFileId="2" StartOffset="6822"/>
</Header>
<LocList>
<Loc EndOffset="7176" SrcFileId="2" StartOffset="6822"/>
</LocList>
<StmntSeq Intrnl_Id="250">
<LocList>
<Loc EndOffset="6928" SrcFileId="2" StartOffset="6874"/>
<Loc EndOffset="7003" SrcFileId="2" StartOffset="6931"/>
<Loc EndOffset="7036" SrcFileId="2" StartOffset="7009"/>
<Loc EndOffset="7080" SrcFileId="2" StartOffset="7051"/>
<Loc EndOffset="7132" SrcFileId="2" StartOffset="7042"/>
<Loc EndOffset="7169" SrcFileId="2" StartOffset="7146"/>
</LocList>
<BasicStmnt CovItemId="S128" CovItemPrefix="org.jfree.data.test.DefaultKeyedValuesTest.java" Intrnl_Id="251">
<LocList>
<Loc EndOffset="6928" SrcFileId="2" StartOffset="6874"/>
</LocList>
</BasicStmnt>
<LoopStmnt CovItemId="S129" CovItemPrefix="org.jfree.data.test.DefaultKeyedValuesTest.java" Intrnl_Id="252" MltplExecId="L18-2" MltplExecPrefix="org.jfree.data.test.DefaultKeyedValuesTest.java" NvrExecId="L18-0" NvrExecPrefix="org.jfree.data.test.DefaultKeyedValuesTest.java" OnceExecutedId="L18-1" OnceExecutedPrefix="org.jfree.data.test.DefaultKeyedValuesTest.java" OptBodyExec="true">
<StmntSeq Intrnl_Id="253">
<LocList>
<Loc EndOffset="6999" SrcFileId="2" StartOffset="6963"/>
</LocList>
<BasicStmnt CovItemId="S130" CovItemPrefix="org.jfree.data.test.DefaultKeyedValuesTest.java" Intrnl_Id="254">
<LocList>
<Loc EndOffset="6999" SrcFileId="2" StartOffset="6963"/>
</LocList>
</BasicStmnt>
</StmntSeq>
<Keyword EndOffset="6934" SrcFileId="2" StartOffset="6931"/>
<LocList>
<Loc EndOffset="7003" SrcFileId="2" StartOffset="6931"/>
</LocList>
<RootTerm CovItemId="C18" CovItemPrefix="org.jfree.data.test.DefaultKeyedValuesTest.java" Intrnl_Id="255">
<BasicBoolTerm Intrnl_Id="256">
<LocList>
<Loc EndOffset="6951" SrcFileId="2" StartOffset="6946"/>
</LocList>
</BasicBoolTerm>
</RootTerm>
</LoopStmnt>
<BasicStmnt CovItemId="S131" CovItemPrefix="org.jfree.data.test.DefaultKeyedValuesTest.java" Intrnl_Id="257">
<LocList>
<Loc EndOffset="7036" SrcFileId="2" StartOffset="7009"/>
</LocList>
</BasicStmnt>
<BasicStmnt CovItemId="S133" CovItemPrefix="org.jfree.data.test.DefaultKeyedValuesTest.java" Intrnl_Id="258">
<LocList>
<Loc EndOffset="7080" SrcFileId="2" StartOffset="7051"/>
</LocList>
</BasicStmnt>
<CondStmnt CovItemId="S132" CovItemPrefix="org.jfree.data.test.DefaultKeyedValuesTest.java" Intrnl_Id="259">
<Branch CovItemId="B7" CovItemPrefix="org.jfree.data.test.DefaultKeyedValuesTest.java" Implct="true" Intrnl_Id="260">
<Cond/>
<LocList/>
<StmntSeq Intrnl_Id="261">
<LocList/>
</StmntSeq>
</Branch>
<Branch CovItemId="B8" CovItemPrefix="org.jfree.data.test.DefaultKeyedValuesTest.java" Implct="false" Intrnl_Id="262">
<Cond>
<Loc EndOffset="7104" SrcFileId="2" StartOffset="7085"/>
</Cond>
<LocList>
<Loc EndOffset="7132" SrcFileId="2" StartOffset="7105"/>
</LocList>
<StmntSeq Intrnl_Id="263">
<LocList>
<Loc EndOffset="7128" SrcFileId="2" StartOffset="7110"/>
</LocList>
<BasicStmnt CovItemId="S134" CovItemPrefix="org.jfree.data.test.DefaultKeyedValuesTest.java" Intrnl_Id="264">
<LocList>
<Loc EndOffset="7128" SrcFileId="2" StartOffset="7110"/>
</LocList>
</BasicStmnt>
</StmntSeq>
</Branch>
<Keyword EndOffset="7045" SrcFileId="2" StartOffset="7042"/>
<LocList>
<Loc EndOffset="7132" SrcFileId="2" StartOffset="7042"/>
</LocList>
</CondStmnt>
<BasicStmnt CovItemId="S135" CovItemPrefix="org.jfree.data.test.DefaultKeyedValuesTest.java" Intrnl_Id="265">
<LocList>
<Loc EndOffset="7169" SrcFileId="2" StartOffset="7146"/>
</LocList>
</BasicStmnt>
</StmntSeq>
</HierarchyLvl>
<HierarchyLvl HierarchyLvlId="433" HierarchyLvlTypeId="8" Intrnl_Id="266" Name="testAddValue_ValueNotInTableKeyInTable">
<Header>
<Loc EndOffset="7239" SrcFileId="2" StartOffset="7180"/>
</Header>
<LocList>
<Loc EndOffset="7540" SrcFileId="2" StartOffset="7180"/>
</LocList>
<StmntSeq Intrnl_Id="267">
<LocList>
<Loc EndOffset="7298" SrcFileId="2" StartOffset="7244"/>
<Loc EndOffset="7373" SrcFileId="2" StartOffset="7301"/>
<Loc EndOffset="7414" SrcFileId="2" StartOffset="7379"/>
<Loc EndOffset="7443" SrcFileId="2" StartOffset="7420"/>
<Loc EndOffset="7500" SrcFileId="2" StartOffset="7446"/>
<Loc EndOffset="7537" SrcFileId="2" StartOffset="7506"/>
</LocList>
<BasicStmnt CovItemId="S136" CovItemPrefix="org.jfree.data.test.DefaultKeyedValuesTest.java" Intrnl_Id="268">
<LocList>
<Loc EndOffset="7298" SrcFileId="2" StartOffset="7244"/>
</LocList>
</BasicStmnt>
<LoopStmnt CovItemId="S137" CovItemPrefix="org.jfree.data.test.DefaultKeyedValuesTest.java" Intrnl_Id="269" MltplExecId="L19-2" MltplExecPrefix="org.jfree.data.test.DefaultKeyedValuesTest.java" NvrExecId="L19-0" NvrExecPrefix="org.jfree.data.test.DefaultKeyedValuesTest.java" OnceExecutedId="L19-1" OnceExecutedPrefix="org.jfree.data.test.DefaultKeyedValuesTest.java" OptBodyExec="true">
<StmntSeq Intrnl_Id="270">
<LocList>
<Loc EndOffset="7369" SrcFileId="2" StartOffset="7333"/>
</LocList>
<BasicStmnt CovItemId="S138" CovItemPrefix="org.jfree.data.test.DefaultKeyedValuesTest.java" Intrnl_Id="271">
<LocList>
<Loc EndOffset="7369" SrcFileId="2" StartOffset="7333"/>
</LocList>
</BasicStmnt>
</StmntSeq>
<Keyword EndOffset="7304" SrcFileId="2" StartOffset="7301"/>
<LocList>
<Loc EndOffset="7373" SrcFileId="2" StartOffset="7301"/>
</LocList>
<RootTerm CovItemId="C19" CovItemPrefix="org.jfree.data.test.DefaultKeyedValuesTest.java" Intrnl_Id="272">
<BasicBoolTerm Intrnl_Id="273">
<LocList>
<Loc EndOffset="7321" SrcFileId="2" StartOffset="7316"/>
</LocList>
</BasicBoolTerm>
</RootTerm>
</LoopStmnt>
<BasicStmnt CovItemId="S139" CovItemPrefix="org.jfree.data.test.DefaultKeyedValuesTest.java" Intrnl_Id="274">
<LocList>
<Loc EndOffset="7414" SrcFileId="2" StartOffset="7379"/>
</LocList>
</BasicStmnt>
<BasicStmnt CovItemId="S140" CovItemPrefix="org.jfree.data.test.DefaultKeyedValuesTest.java" Intrnl_Id="275">
<LocList>
<Loc EndOffset="7443" SrcFileId="2" StartOffset="7420"/>
</LocList>
</BasicStmnt>
<BasicStmnt CovItemId="S141" CovItemPrefix="org.jfree.data.test.DefaultKeyedValuesTest.java" Intrnl_Id="276">
<LocList>
<Loc EndOffset="7500" SrcFileId="2" StartOffset="7446"/>
</LocList>
</BasicStmnt>
<BasicStmnt CovItemId="S142" CovItemPrefix="org.jfree.data.test.DefaultKeyedValuesTest.java" Intrnl_Id="277">
<LocList>
<Loc EndOffset="7537" SrcFileId="2" StartOffset="7506"/>
</LocList>
</BasicStmnt>
</StmntSeq>
</HierarchyLvl>
<HierarchyLvl HierarchyLvlId="434" HierarchyLvlTypeId="8" Intrnl_Id="278" Name="testAddValueOverloaded_ValueAndKeyNotInTable">
<Header>
<Loc EndOffset="7631" SrcFileId="2" StartOffset="7566"/>
</Header>
<LocList>
<Loc EndOffset="7945" SrcFileId="2" StartOffset="7566"/>
</LocList>
<StmntSeq Intrnl_Id="279">
<LocList>
<Loc EndOffset="7690" SrcFileId="2" StartOffset="7636"/>
<Loc EndOffset="7765" SrcFileId="2" StartOffset="7693"/>
<Loc EndOffset="7814" SrcFileId="2" StartOffset="7771"/>
<Loc EndOffset="7843" SrcFileId="2" StartOffset="7820"/>
<Loc EndOffset="7900" SrcFileId="2" StartOffset="7846"/>
<Loc EndOffset="7942" SrcFileId="2" StartOffset="7906"/>
</LocList>
<BasicStmnt CovItemId="S143" CovItemPrefix="org.jfree.data.test.DefaultKeyedValuesTest.java" Intrnl_Id="280">
<LocList>
<Loc EndOffset="7690" SrcFileId="2" StartOffset="7636"/>
</LocList>
</BasicStmnt>
<LoopStmnt CovItemId="S144" CovItemPrefix="org.jfree.data.test.DefaultKeyedValuesTest.java" Intrnl_Id="281" MltplExecId="L20-2" MltplExecPrefix="org.jfree.data.test.DefaultKeyedValuesTest.java" NvrExecId="L20-0" NvrExecPrefix="org.jfree.data.test.DefaultKeyedValuesTest.java" OnceExecutedId="L20-1" OnceExecutedPrefix="org.jfree.data.test.DefaultKeyedValuesTest.java" OptBodyExec="true">
<StmntSeq Intrnl_Id="282">
<LocList>
<Loc EndOffset="7761" SrcFileId="2" StartOffset="7725"/>
</LocList>
<BasicStmnt CovItemId="S145" CovItemPrefix="org.jfree.data.test.DefaultKeyedValuesTest.java" Intrnl_Id="283">
<LocList>
<Loc EndOffset="7761" SrcFileId="2" StartOffset="7725"/>
</LocList>
</BasicStmnt>
</StmntSeq>
<Keyword EndOffset="7696" SrcFileId="2" StartOffset="7693"/>
<LocList>
<Loc EndOffset="7765" SrcFileId="2" StartOffset="7693"/>
</LocList>
<RootTerm CovItemId="C20" CovItemPrefix="org.jfree.data.test.DefaultKeyedValuesTest.java" Intrnl_Id="284">
<BasicBoolTerm Intrnl_Id="285">
<LocList>
<Loc EndOffset="7713" SrcFileId="2" StartOffset="7708"/>
</LocList>
</BasicBoolTerm>
</RootTerm>
</LoopStmnt>
<BasicStmnt CovItemId="S146" CovItemPrefix="org.jfree.data.test.DefaultKeyedValuesTest.java" Intrnl_Id="286">
<LocList>
<Loc EndOffset="7814" SrcFileId="2" StartOffset="7771"/>
</LocList>
</BasicStmnt>
<BasicStmnt CovItemId="S147" CovItemPrefix="org.jfree.data.test.DefaultKeyedValuesTest.java" Intrnl_Id="287">
<LocList>
<Loc EndOffset="7843" SrcFileId="2" StartOffset="7820"/>
</LocList>
</BasicStmnt>
<BasicStmnt CovItemId="S148" CovItemPrefix="org.jfree.data.test.DefaultKeyedValuesTest.java" Intrnl_Id="288">
<LocList>
<Loc EndOffset="7900" SrcFileId="2" StartOffset="7846"/>
</LocList>
</BasicStmnt>
<BasicStmnt CovItemId="S149" CovItemPrefix="org.jfree.data.test.DefaultKeyedValuesTest.java" Intrnl_Id="289">
<LocList>
<Loc EndOffset="7942" SrcFileId="2" StartOffset="7906"/>
</LocList>
</BasicStmnt>
</StmntSeq>
</HierarchyLvl>
<HierarchyLvl HierarchyLvlId="435" HierarchyLvlTypeId="8" Intrnl_Id="290" Name="testAddValueOverloaded_NullKeyPassed">
<Header>
<Loc EndOffset="8006" SrcFileId="2" StartOffset="7949"/>
</Header>
<LocList>
<Loc EndOffset="8321" SrcFileId="2" StartOffset="7949"/>
</LocList>
<StmntSeq Intrnl_Id="291">
<LocList>
<Loc EndOffset="8065" SrcFileId="2" StartOffset="8011"/>
<Loc EndOffset="8140" SrcFileId="2" StartOffset="8068"/>
<Loc EndOffset="8173" SrcFileId="2" StartOffset="8146"/>
<Loc EndOffset="8225" SrcFileId="2" StartOffset="8188"/>
<Loc EndOffset="8277" SrcFileId="2" StartOffset="8179"/>
<Loc EndOffset="8314" SrcFileId="2" StartOffset="8291"/>
</LocList>
<BasicStmnt CovItemId="S150" CovItemPrefix="org.jfree.data.test.DefaultKeyedValuesTest.java" Intrnl_Id="292">
<LocList>
<Loc EndOffset="8065" SrcFileId="2" StartOffset="8011"/>
</LocList>
</BasicStmnt>
<LoopStmnt CovItemId="S151" CovItemPrefix="org.jfree.data.test.DefaultKeyedValuesTest.java" Intrnl_Id="293" MltplExecId="L21-2" MltplExecPrefix="org.jfree.data.test.DefaultKeyedValuesTest.java" NvrExecId="L21-0" NvrExecPrefix="org.jfree.data.test.DefaultKeyedValuesTest.java" OnceExecutedId="L21-1" OnceExecutedPrefix="org.jfree.data.test.DefaultKeyedValuesTest.java" OptBodyExec="true">
<StmntSeq Intrnl_Id="294">
<LocList>
<Loc EndOffset="8136" SrcFileId="2" StartOffset="8100"/>
</LocList>
<BasicStmnt CovItemId="S152" CovItemPrefix="org.jfree.data.test.DefaultKeyedValuesTest.java" Intrnl_Id="295">
<LocList>
<Loc EndOffset="8136" SrcFileId="2" StartOffset="8100"/>
</LocList>
</BasicStmnt>
</StmntSeq>
<Keyword EndOffset="8071" SrcFileId="2" StartOffset="8068"/>
<LocList>
<Loc EndOffset="8140" SrcFileId="2" StartOffset="8068"/>
</LocList>
<RootTerm CovItemId="C21" CovItemPrefix="org.jfree.data.test.DefaultKeyedValuesTest.java" Intrnl_Id="296">
<BasicBoolTerm Intrnl_Id="297">
<LocList>
<Loc EndOffset="8088" SrcFileId="2" StartOffset="8083"/>
</LocList>
</BasicBoolTerm>
</RootTerm>
</LoopStmnt>
<BasicStmnt CovItemId="S153" CovItemPrefix="org.jfree.data.test.DefaultKeyedValuesTest.java" Intrnl_Id="298">
<LocList>
<Loc EndOffset="8173" SrcFileId="2" StartOffset="8146"/>
</LocList>
</BasicStmnt>
<BasicStmnt CovItemId="S155" CovItemPrefix="org.jfree.data.test.DefaultKeyedValuesTest.java" Intrnl_Id="299">
<LocList>
<Loc EndOffset="8225" SrcFileId="2" StartOffset="8188"/>
</LocList>
</BasicStmnt>
<CondStmnt CovItemId="S154" CovItemPrefix="org.jfree.data.test.DefaultKeyedValuesTest.java" Intrnl_Id="300">
<Branch CovItemId="B9" CovItemPrefix="org.jfree.data.test.DefaultKeyedValuesTest.java" Implct="true" Intrnl_Id="301">
<Cond/>
<LocList/>
<StmntSeq Intrnl_Id="302">
<LocList/>
</StmntSeq>
</Branch>
<Branch CovItemId="B10" CovItemPrefix="org.jfree.data.test.DefaultKeyedValuesTest.java" Implct="false" Intrnl_Id="303">
<Cond>
<Loc EndOffset="8249" SrcFileId="2" StartOffset="8230"/>
</Cond>
<LocList>
<Loc EndOffset="8277" SrcFileId="2" StartOffset="8250"/>
</LocList>
<StmntSeq Intrnl_Id="304">
<LocList>
<Loc EndOffset="8273" SrcFileId="2" StartOffset="8255"/>
</LocList>
<BasicStmnt CovItemId="S156" CovItemPrefix="org.jfree.data.test.DefaultKeyedValuesTest.java" Intrnl_Id="305">
<LocList>
<Loc EndOffset="8273" SrcFileId="2" StartOffset="8255"/>
</LocList>
</BasicStmnt>
</StmntSeq>
</Branch>
<Keyword EndOffset="8182" SrcFileId="2" StartOffset="8179"/>
<LocList>
<Loc EndOffset="8277" SrcFileId="2" StartOffset="8179"/>
</LocList>
</CondStmnt>
<BasicStmnt CovItemId="S157" CovItemPrefix="org.jfree.data.test.DefaultKeyedValuesTest.java" Intrnl_Id="306">
<LocList>
<Loc EndOffset="8314" SrcFileId="2" StartOffset="8291"/>
</LocList>
</BasicStmnt>
</StmntSeq>
</HierarchyLvl>
<HierarchyLvl HierarchyLvlId="436" HierarchyLvlTypeId="8" Intrnl_Id="307" Name="testAddValueOverloaded_ValueNotInTableKeyInTable">
<Header>
<Loc EndOffset="8394" SrcFileId="2" StartOffset="8325"/>
</Header>
<LocList>
<Loc EndOffset="8708" SrcFileId="2" StartOffset="8325"/>
</LocList>
<StmntSeq Intrnl_Id="308">
<LocList>
<Loc EndOffset="8453" SrcFileId="2" StartOffset="8399"/>
<Loc EndOffset="8528" SrcFileId="2" StartOffset="8456"/>
<Loc EndOffset="8577" SrcFileId="2" StartOffset="8534"/>
<Loc EndOffset="8606" SrcFileId="2" StartOffset="8583"/>
<Loc EndOffset="8663" SrcFileId="2" StartOffset="8609"/>
<Loc EndOffset="8705" SrcFileId="2" StartOffset="8669"/>
</LocList>
<BasicStmnt CovItemId="S158" CovItemPrefix="org.jfree.data.test.DefaultKeyedValuesTest.java" Intrnl_Id="309">
<LocList>
<Loc EndOffset="8453" SrcFileId="2" StartOffset="8399"/>
</LocList>
</BasicStmnt>
<LoopStmnt CovItemId="S159" CovItemPrefix="org.jfree.data.test.DefaultKeyedValuesTest.java" Intrnl_Id="310" MltplExecId="L22-2" MltplExecPrefix="org.jfree.data.test.DefaultKeyedValuesTest.java" NvrExecId="L22-0" NvrExecPrefix="org.jfree.data.test.DefaultKeyedValuesTest.java" OnceExecutedId="L22-1" OnceExecutedPrefix="org.jfree.data.test.DefaultKeyedValuesTest.java" OptBodyExec="true">
<StmntSeq Intrnl_Id="311">
<LocList>
<Loc EndOffset="8524" SrcFileId="2" StartOffset="8488"/>
</LocList>
<BasicStmnt CovItemId="S160" CovItemPrefix="org.jfree.data.test.DefaultKeyedValuesTest.java" Intrnl_Id="312">
<LocList>
<Loc EndOffset="8524" SrcFileId="2" StartOffset="8488"/>
</LocList>
</BasicStmnt>
</StmntSeq>
<Keyword EndOffset="8459" SrcFileId="2" StartOffset="8456"/>
<LocList>
<Loc EndOffset="8528" SrcFileId="2" StartOffset="8456"/>
</LocList>
<RootTerm CovItemId="C22" CovItemPrefix="org.jfree.data.test.DefaultKeyedValuesTest.java" Intrnl_Id="313">
<BasicBoolTerm Intrnl_Id="314">
<LocList>
<Loc EndOffset="8476" SrcFileId="2" StartOffset="8471"/>
</LocList>
</BasicBoolTerm>
</RootTerm>
</LoopStmnt>
<BasicStmnt CovItemId="S161" CovItemPrefix="org.jfree.data.test.DefaultKeyedValuesTest.java" Intrnl_Id="315">
<LocList>
<Loc EndOffset="8577" SrcFileId="2" StartOffset="8534"/>
</LocList>
</BasicStmnt>
<BasicStmnt CovItemId="S162" CovItemPrefix="org.jfree.data.test.DefaultKeyedValuesTest.java" Intrnl_Id="316">
<LocList>
<Loc EndOffset="8606" SrcFileId="2" StartOffset="8583"/>
</LocList>
</BasicStmnt>
<BasicStmnt CovItemId="S163" CovItemPrefix="org.jfree.data.test.DefaultKeyedValuesTest.java" Intrnl_Id="317">
<LocList>
<Loc EndOffset="8663" SrcFileId="2" StartOffset="8609"/>
</LocList>
</BasicStmnt>
<BasicStmnt CovItemId="S164" CovItemPrefix="org.jfree.data.test.DefaultKeyedValuesTest.java" Intrnl_Id="318">
<LocList>
<Loc EndOffset="8705" SrcFileId="2" StartOffset="8669"/>
</LocList>
</BasicStmnt>
</StmntSeq>
</HierarchyLvl>
<HierarchyLvl HierarchyLvlId="437" HierarchyLvlTypeId="8" Intrnl_Id="319" Name="testSetValue_ValueAndKeyNotInTable">
<Header>
<Loc EndOffset="8790" SrcFileId="2" StartOffset="8735"/>
</Header>
<LocList>
<Loc EndOffset="9091" SrcFileId="2" StartOffset="8735"/>
</LocList>
<StmntSeq Intrnl_Id="320">
<LocList>
<Loc EndOffset="8849" SrcFileId="2" StartOffset="8795"/>
<Loc EndOffset="8924" SrcFileId="2" StartOffset="8852"/>
<Loc EndOffset="8965" SrcFileId="2" StartOffset="8930"/>
<Loc EndOffset="8994" SrcFileId="2" StartOffset="8971"/>
<Loc EndOffset="9051" SrcFileId="2" StartOffset="8997"/>
<Loc EndOffset="9088" SrcFileId="2" StartOffset="9057"/>
</LocList>
<BasicStmnt CovItemId="S165" CovItemPrefix="org.jfree.data.test.DefaultKeyedValuesTest.java" Intrnl_Id="321">
<LocList>
<Loc EndOffset="8849" SrcFileId="2" StartOffset="8795"/>
</LocList>
</BasicStmnt>
<LoopStmnt CovItemId="S166" CovItemPrefix="org.jfree.data.test.DefaultKeyedValuesTest.java" Intrnl_Id="322" MltplExecId="L23-2" MltplExecPrefix="org.jfree.data.test.DefaultKeyedValuesTest.java" NvrExecId="L23-0" NvrExecPrefix="org.jfree.data.test.DefaultKeyedValuesTest.java" OnceExecutedId="L23-1" OnceExecutedPrefix="org.jfree.data.test.DefaultKeyedValuesTest.java" OptBodyExec="true">
<StmntSeq Intrnl_Id="323">
<LocList>
<Loc EndOffset="8920" SrcFileId="2" StartOffset="8884"/>
</LocList>
<BasicStmnt CovItemId="S167" CovItemPrefix="org.jfree.data.test.DefaultKeyedValuesTest.java" Intrnl_Id="324">
<LocList>
<Loc EndOffset="8920" SrcFileId="2" StartOffset="8884"/>
</LocList>
</BasicStmnt>
</StmntSeq>
<Keyword EndOffset="8855" SrcFileId="2" StartOffset="8852"/>
<LocList>
<Loc EndOffset="8924" SrcFileId="2" StartOffset="8852"/>
</LocList>
<RootTerm CovItemId="C23" CovItemPrefix="org.jfree.data.test.DefaultKeyedValuesTest.java" Intrnl_Id="325">
<BasicBoolTerm Intrnl_Id="326">
<LocList>
<Loc EndOffset="8872" SrcFileId="2" StartOffset="8867"/>
</LocList>
</BasicBoolTerm>
</RootTerm>
</LoopStmnt>
<BasicStmnt CovItemId="S168" CovItemPrefix="org.jfree.data.test.DefaultKeyedValuesTest.java" Intrnl_Id="327">
<LocList>
<Loc EndOffset="8965" SrcFileId="2" StartOffset="8930"/>
</LocList>
</BasicStmnt>
<BasicStmnt CovItemId="S169" CovItemPrefix="org.jfree.data.test.DefaultKeyedValuesTest.java" Intrnl_Id="328">
<LocList>
<Loc EndOffset="8994" SrcFileId="2" StartOffset="8971"/>
</LocList>
</BasicStmnt>
<BasicStmnt CovItemId="S170" CovItemPrefix="org.jfree.data.test.DefaultKeyedValuesTest.java" Intrnl_Id="329">
<LocList>
<Loc EndOffset="9051" SrcFileId="2" StartOffset="8997"/>
</LocList>
</BasicStmnt>
<BasicStmnt CovItemId="S171" CovItemPrefix="org.jfree.data.test.DefaultKeyedValuesTest.java" Intrnl_Id="330">
<LocList>
<Loc EndOffset="9088" SrcFileId="2" StartOffset="9057"/>
</LocList>
</BasicStmnt>
</StmntSeq>
</HierarchyLvl>
<HierarchyLvl HierarchyLvlId="438" HierarchyLvlTypeId="8" Intrnl_Id="331" Name="testSetValue_NullKeyPassed">
<Header>
<Loc EndOffset="9142" SrcFileId="2" StartOffset="9095"/>
</Header>
<LocList>
<Loc EndOffset="9449" SrcFileId="2" StartOffset="9095"/>
</LocList>
<StmntSeq Intrnl_Id="332">
<LocList>
<Loc EndOffset="9201" SrcFileId="2" StartOffset="9147"/>
<Loc EndOffset="9276" SrcFileId="2" StartOffset="9204"/>
<Loc EndOffset="9309" SrcFileId="2" StartOffset="9282"/>
<Loc EndOffset="9353" SrcFileId="2" StartOffset="9324"/>
<Loc EndOffset="9405" SrcFileId="2" StartOffset="9315"/>
<Loc EndOffset="9442" SrcFileId="2" StartOffset="9419"/>
</LocList>
<BasicStmnt CovItemId="S172" CovItemPrefix="org.jfree.data.test.DefaultKeyedValuesTest.java" Intrnl_Id="333">
<LocList>
<Loc EndOffset="9201" SrcFileId="2" StartOffset="9147"/>
</LocList>
</BasicStmnt>
<LoopStmnt CovItemId="S173" CovItemPrefix="org.jfree.data.test.DefaultKeyedValuesTest.java" Intrnl_Id="334" MltplExecId="L24-2" MltplExecPrefix="org.jfree.data.test.DefaultKeyedValuesTest.java" NvrExecId="L24-0" NvrExecPrefix="org.jfree.data.test.DefaultKeyedValuesTest.java" OnceExecutedId="L24-1" OnceExecutedPrefix="org.jfree.data.test.DefaultKeyedValuesTest.java" OptBodyExec="true">
<StmntSeq Intrnl_Id="335">
<LocList>
<Loc EndOffset="9272" SrcFileId="2" StartOffset="9236"/>
</LocList>
<BasicStmnt CovItemId="S174" CovItemPrefix="org.jfree.data.test.DefaultKeyedValuesTest.java" Intrnl_Id="336">
<LocList>
<Loc EndOffset="9272" SrcFileId="2" StartOffset="9236"/>
</LocList>
</BasicStmnt>
</StmntSeq>
<Keyword EndOffset="9207" SrcFileId="2" StartOffset="9204"/>
<LocList>
<Loc EndOffset="9276" SrcFileId="2" StartOffset="9204"/>
</LocList>
<RootTerm CovItemId="C24" CovItemPrefix="org.jfree.data.test.DefaultKeyedValuesTest.java" Intrnl_Id="337">
<BasicBoolTerm Intrnl_Id="338">
<LocList>
<Loc EndOffset="9224" SrcFileId="2" StartOffset="9219"/>
</LocList>
</BasicBoolTerm>
</RootTerm>
</LoopStmnt>
<BasicStmnt CovItemId="S175" CovItemPrefix="org.jfree.data.test.DefaultKeyedValuesTest.java" Intrnl_Id="339">
<LocList>
<Loc EndOffset="9309" SrcFileId="2" StartOffset="9282"/>
</LocList>
</BasicStmnt>
<BasicStmnt CovItemId="S177" CovItemPrefix="org.jfree.data.test.DefaultKeyedValuesTest.java" Intrnl_Id="340">
<LocList>
<Loc EndOffset="9353" SrcFileId="2" StartOffset="9324"/>
</LocList>
</BasicStmnt>
<CondStmnt CovItemId="S176" CovItemPrefix="org.jfree.data.test.DefaultKeyedValuesTest.java" Intrnl_Id="341">
<Branch CovItemId="B11" CovItemPrefix="org.jfree.data.test.DefaultKeyedValuesTest.java" Implct="true" Intrnl_Id="342">
<Cond/>
<LocList/>
<StmntSeq Intrnl_Id="343">
<LocList/>
</StmntSeq>
</Branch>
<Branch CovItemId="B12" CovItemPrefix="org.jfree.data.test.DefaultKeyedValuesTest.java" Implct="false" Intrnl_Id="344">
<Cond>
<Loc EndOffset="9377" SrcFileId="2" StartOffset="9358"/>
</Cond>
<LocList>
<Loc EndOffset="9405" SrcFileId="2" StartOffset="9378"/>
</LocList>
<StmntSeq Intrnl_Id="345">
<LocList>
<Loc EndOffset="9401" SrcFileId="2" StartOffset="9383"/>
</LocList>
<BasicStmnt CovItemId="S178" CovItemPrefix="org.jfree.data.test.DefaultKeyedValuesTest.java" Intrnl_Id="346">
<LocList>
<Loc EndOffset="9401" SrcFileId="2" StartOffset="9383"/>
</LocList>
</BasicStmnt>
</StmntSeq>
</Branch>
<Keyword EndOffset="9318" SrcFileId="2" StartOffset="9315"/>
<LocList>
<Loc EndOffset="9405" SrcFileId="2" StartOffset="9315"/>
</LocList>
</CondStmnt>
<BasicStmnt CovItemId="S179" CovItemPrefix="org.jfree.data.test.DefaultKeyedValuesTest.java" Intrnl_Id="347">
<LocList>
<Loc EndOffset="9442" SrcFileId="2" StartOffset="9419"/>
</LocList>
</BasicStmnt>
</StmntSeq>
</HierarchyLvl>
<HierarchyLvl HierarchyLvlId="439" HierarchyLvlTypeId="8" Intrnl_Id="348" Name="testSetValue_ValueNotInTableKeyInTable">
<Header>
<Loc EndOffset="9512" SrcFileId="2" StartOffset="9453"/>
</Header>
<LocList>
<Loc EndOffset="9813" SrcFileId="2" StartOffset="9453"/>
</LocList>
<StmntSeq Intrnl_Id="349">
<LocList>
<Loc EndOffset="9571" SrcFileId="2" StartOffset="9517"/>
<Loc EndOffset="9646" SrcFileId="2" StartOffset="9574"/>
<Loc EndOffset="9687" SrcFileId="2" StartOffset="9652"/>
<Loc EndOffset="9716" SrcFileId="2" StartOffset="9693"/>
<Loc EndOffset="9773" SrcFileId="2" StartOffset="9719"/>
<Loc EndOffset="9810" SrcFileId="2" StartOffset="9779"/>
</LocList>
<BasicStmnt CovItemId="S180" CovItemPrefix="org.jfree.data.test.DefaultKeyedValuesTest.java" Intrnl_Id="350">
<LocList>
<Loc EndOffset="9571" SrcFileId="2" StartOffset="9517"/>
</LocList>
</BasicStmnt>
<LoopStmnt CovItemId="S181" CovItemPrefix="org.jfree.data.test.DefaultKeyedValuesTest.java" Intrnl_Id="351" MltplExecId="L25-2" MltplExecPrefix="org.jfree.data.test.DefaultKeyedValuesTest.java" NvrExecId="L25-0" NvrExecPrefix="org.jfree.data.test.DefaultKeyedValuesTest.java" OnceExecutedId="L25-1" OnceExecutedPrefix="org.jfree.data.test.DefaultKeyedValuesTest.java" OptBodyExec="true">
<StmntSeq Intrnl_Id="352">
<LocList>
<Loc EndOffset="9642" SrcFileId="2" StartOffset="9606"/>
</LocList>
<BasicStmnt CovItemId="S182" CovItemPrefix="org.jfree.data.test.DefaultKeyedValuesTest.java" Intrnl_Id="353">
<LocList>
<Loc EndOffset="9642" SrcFileId="2" StartOffset="9606"/>
</LocList>
</BasicStmnt>
</StmntSeq>
<Keyword EndOffset="9577" SrcFileId="2" StartOffset="9574"/>
<LocList>
<Loc EndOffset="9646" SrcFileId="2" StartOffset="9574"/>
</LocList>
<RootTerm CovItemId="C25" CovItemPrefix="org.jfree.data.test.DefaultKeyedValuesTest.java" Intrnl_Id="354">
<BasicBoolTerm Intrnl_Id="355">
<LocList>
<Loc EndOffset="9594" SrcFileId="2" StartOffset="9589"/>
</LocList>
</BasicBoolTerm>
</RootTerm>
</LoopStmnt>
<BasicStmnt CovItemId="S183" CovItemPrefix="org.jfree.data.test.DefaultKeyedValuesTest.java" Intrnl_Id="356">
<LocList>
<Loc EndOffset="9687" SrcFileId="2" StartOffset="9652"/>
</LocList>
</BasicStmnt>
<BasicStmnt CovItemId="S184" CovItemPrefix="org.jfree.data.test.DefaultKeyedValuesTest.java" Intrnl_Id="357">
<LocList>
<Loc EndOffset="9716" SrcFileId="2" StartOffset="9693"/>
</LocList>
</BasicStmnt>
<BasicStmnt CovItemId="S185" CovItemPrefix="org.jfree.data.test.DefaultKeyedValuesTest.java" Intrnl_Id="358">
<LocList>
<Loc EndOffset="9773" SrcFileId="2" StartOffset="9719"/>
</LocList>
</BasicStmnt>
<BasicStmnt CovItemId="S186" CovItemPrefix="org.jfree.data.test.DefaultKeyedValuesTest.java" Intrnl_Id="359">
<LocList>
<Loc EndOffset="9810" SrcFileId="2" StartOffset="9779"/>
</LocList>
</BasicStmnt>
</StmntSeq>
</HierarchyLvl>
<HierarchyLvl HierarchyLvlId="440" HierarchyLvlTypeId="8" Intrnl_Id="360" Name="testSetValueOverloaded_ValueAndKeyNotInTable">
<Header>
<Loc EndOffset="9905" SrcFileId="2" StartOffset="9840"/>
</Header>
<LocList>
<Loc EndOffset="10219" SrcFileId="2" StartOffset="9840"/>
</LocList>
<StmntSeq Intrnl_Id="361">
<LocList>
<Loc EndOffset="9964" SrcFileId="2" StartOffset="9910"/>
<Loc EndOffset="10039" SrcFileId="2" StartOffset="9967"/>
<Loc EndOffset="10088" SrcFileId="2" StartOffset="10045"/>
<Loc EndOffset="10117" SrcFileId="2" StartOffset="10094"/>
<Loc EndOffset="10174" SrcFileId="2" StartOffset="10120"/>
<Loc EndOffset="10216" SrcFileId="2" StartOffset="10180"/>
</LocList>
<BasicStmnt CovItemId="S187" CovItemPrefix="org.jfree.data.test.DefaultKeyedValuesTest.java" Intrnl_Id="362">
<LocList>
<Loc EndOffset="9964" SrcFileId="2" StartOffset="9910"/>
</LocList>
</BasicStmnt>
<LoopStmnt CovItemId="S188" CovItemPrefix="org.jfree.data.test.DefaultKeyedValuesTest.java" Intrnl_Id="363" MltplExecId="L26-2" MltplExecPrefix="org.jfree.data.test.DefaultKeyedValuesTest.java" NvrExecId="L26-0" NvrExecPrefix="org.jfree.data.test.DefaultKeyedValuesTest.java" OnceExecutedId="L26-1" OnceExecutedPrefix="org.jfree.data.test.DefaultKeyedValuesTest.java" OptBodyExec="true">
<StmntSeq Intrnl_Id="364">
<LocList>
<Loc EndOffset="10035" SrcFileId="2" StartOffset="9999"/>
</LocList>
<BasicStmnt CovItemId="S189" CovItemPrefix="org.jfree.data.test.DefaultKeyedValuesTest.java" Intrnl_Id="365">
<LocList>
<Loc EndOffset="10035" SrcFileId="2" StartOffset="9999"/>
</LocList>
</BasicStmnt>
</StmntSeq>
<Keyword EndOffset="9970" SrcFileId="2" StartOffset="9967"/>
<LocList>
<Loc EndOffset="10039" SrcFileId="2" StartOffset="9967"/>
</LocList>
<RootTerm CovItemId="C26" CovItemPrefix="org.jfree.data.test.DefaultKeyedValuesTest.java" Intrnl_Id="366">
<BasicBoolTerm Intrnl_Id="367">
<LocList>
<Loc EndOffset="9987" SrcFileId="2" StartOffset="9982"/>
</LocList>
</BasicBoolTerm>
</RootTerm>
</LoopStmnt>
<BasicStmnt CovItemId="S190" CovItemPrefix="org.jfree.data.test.DefaultKeyedValuesTest.java" Intrnl_Id="368">
<LocList>
<Loc EndOffset="10088" SrcFileId="2" StartOffset="10045"/>
</LocList>
</BasicStmnt>
<BasicStmnt CovItemId="S191" CovItemPrefix="org.jfree.data.test.DefaultKeyedValuesTest.java" Intrnl_Id="369">
<LocList>
<Loc EndOffset="10117" SrcFileId="2" StartOffset="10094"/>
</LocList>
</BasicStmnt>
<BasicStmnt CovItemId="S192" CovItemPrefix="org.jfree.data.test.DefaultKeyedValuesTest.java" Intrnl_Id="370">
<LocList>
<Loc EndOffset="10174" SrcFileId="2" StartOffset="10120"/>
</LocList>
</BasicStmnt>
<BasicStmnt CovItemId="S193" CovItemPrefix="org.jfree.data.test.DefaultKeyedValuesTest.java" Intrnl_Id="371">
<LocList>
<Loc EndOffset="10216" SrcFileId="2" StartOffset="10180"/>
</LocList>
</BasicStmnt>
</StmntSeq>
</HierarchyLvl>
<HierarchyLvl HierarchyLvlId="441" HierarchyLvlTypeId="8" Intrnl_Id="372" Name="testSetValueOverloaded_NullKeyPassed">
<Header>
<Loc EndOffset="10280" SrcFileId="2" StartOffset="10223"/>
</Header>
<LocList>
<Loc EndOffset="10595" SrcFileId="2" StartOffset="10223"/>
</LocList>
<StmntSeq Intrnl_Id="373">
<LocList>
<Loc EndOffset="10339" SrcFileId="2" StartOffset="10285"/>
<Loc EndOffset="10414" SrcFileId="2" StartOffset="10342"/>
<Loc EndOffset="10447" SrcFileId="2" StartOffset="10420"/>
<Loc EndOffset="10499" SrcFileId="2" StartOffset="10462"/>
<Loc EndOffset="10551" SrcFileId="2" StartOffset="10453"/>
<Loc EndOffset="10588" SrcFileId="2" StartOffset="10565"/>
</LocList>
<BasicStmnt CovItemId="S194" CovItemPrefix="org.jfree.data.test.DefaultKeyedValuesTest.java" Intrnl_Id="374">
<LocList>
<Loc EndOffset="10339" SrcFileId="2" StartOffset="10285"/>
</LocList>
</BasicStmnt>
<LoopStmnt CovItemId="S195" CovItemPrefix="org.jfree.data.test.DefaultKeyedValuesTest.java" Intrnl_Id="375" MltplExecId="L27-2" MltplExecPrefix="org.jfree.data.test.DefaultKeyedValuesTest.java" NvrExecId="L27-0" NvrExecPrefix="org.jfree.data.test.DefaultKeyedValuesTest.java" OnceExecutedId="L27-1" OnceExecutedPrefix="org.jfree.data.test.DefaultKeyedValuesTest.java" OptBodyExec="true">
<StmntSeq Intrnl_Id="376">
<LocList>
<Loc EndOffset="10410" SrcFileId="2" StartOffset="10374"/>
</LocList>
<BasicStmnt CovItemId="S196" CovItemPrefix="org.jfree.data.test.DefaultKeyedValuesTest.java" Intrnl_Id="377">
<LocList>
<Loc EndOffset="10410" SrcFileId="2" StartOffset="10374"/>
</LocList>
</BasicStmnt>
</StmntSeq>
<Keyword EndOffset="10345" SrcFileId="2" StartOffset="10342"/>
<LocList>
<Loc EndOffset="10414" SrcFileId="2" StartOffset="10342"/>
</LocList>
<RootTerm CovItemId="C27" CovItemPrefix="org.jfree.data.test.DefaultKeyedValuesTest.java" Intrnl_Id="378">
<BasicBoolTerm Intrnl_Id="379">
<LocList>
<Loc EndOffset="10362" SrcFileId="2" StartOffset="10357"/>
</LocList>
</BasicBoolTerm>
</RootTerm>
</LoopStmnt>
<BasicStmnt CovItemId="S197" CovItemPrefix="org.jfree.data.test.DefaultKeyedValuesTest.java" Intrnl_Id="380">
<LocList>
<Loc EndOffset="10447" SrcFileId="2" StartOffset="10420"/>
</LocList>
</BasicStmnt>
<BasicStmnt CovItemId="S199" CovItemPrefix="org.jfree.data.test.DefaultKeyedValuesTest.java" Intrnl_Id="381">
<LocList>
<Loc EndOffset="10499" SrcFileId="2" StartOffset="10462"/>
</LocList>
</BasicStmnt>
<CondStmnt CovItemId="S198" CovItemPrefix="org.jfree.data.test.DefaultKeyedValuesTest.java" Intrnl_Id="382">
<Branch CovItemId="B13" CovItemPrefix="org.jfree.data.test.DefaultKeyedValuesTest.java" Implct="true" Intrnl_Id="383">
<Cond/>
<LocList/>
<StmntSeq Intrnl_Id="384">
<LocList/>
</StmntSeq>
</Branch>
<Branch CovItemId="B14" CovItemPrefix="org.jfree.data.test.DefaultKeyedValuesTest.java" Implct="false" Intrnl_Id="385">
<Cond>
<Loc EndOffset="10523" SrcFileId="2" StartOffset="10504"/>
</Cond>
<LocList>
<Loc EndOffset="10551" SrcFileId="2" StartOffset="10524"/>
</LocList>
<StmntSeq Intrnl_Id="386">
<LocList>
<Loc EndOffset="10547" SrcFileId="2" StartOffset="10529"/>
</LocList>
<BasicStmnt CovItemId="S200" CovItemPrefix="org.jfree.data.test.DefaultKeyedValuesTest.java" Intrnl_Id="387">
<LocList>
<Loc EndOffset="10547" SrcFileId="2" StartOffset="10529"/>
</LocList>
</BasicStmnt>
</StmntSeq>
</Branch>
<Keyword EndOffset="10456" SrcFileId="2" StartOffset="10453"/>
<LocList>
<Loc EndOffset="10551" SrcFileId="2" StartOffset="10453"/>
</LocList>
</CondStmnt>
<BasicStmnt CovItemId="S201" CovItemPrefix="org.jfree.data.test.DefaultKeyedValuesTest.java" Intrnl_Id="388">
<LocList>
<Loc EndOffset="10588" SrcFileId="2" StartOffset="10565"/>
</LocList>
</BasicStmnt>
</StmntSeq>
</HierarchyLvl>
<HierarchyLvl HierarchyLvlId="442" HierarchyLvlTypeId="8" Intrnl_Id="389" Name="testSetValueOverloaded_ValueNotInTableKeyInTable">
<Header>
<Loc EndOffset="10668" SrcFileId="2" StartOffset="10599"/>
</Header>
<LocList>
<Loc EndOffset="10982" SrcFileId="2" StartOffset="10599"/>
</LocList>
<StmntSeq Intrnl_Id="390">
<LocList>
<Loc EndOffset="10727" SrcFileId="2" StartOffset="10673"/>
<Loc EndOffset="10802" SrcFileId="2" StartOffset="10730"/>
<Loc EndOffset="10851" SrcFileId="2" StartOffset="10808"/>
<Loc EndOffset="10880" SrcFileId="2" StartOffset="10857"/>
<Loc EndOffset="10937" SrcFileId="2" StartOffset="10883"/>
<Loc EndOffset="10979" SrcFileId="2" StartOffset="10943"/>
</LocList>
<BasicStmnt CovItemId="S202" CovItemPrefix="org.jfree.data.test.DefaultKeyedValuesTest.java" Intrnl_Id="391">
<LocList>
<Loc EndOffset="10727" SrcFileId="2" StartOffset="10673"/>
</LocList>
</BasicStmnt>
<LoopStmnt CovItemId="S203" CovItemPrefix="org.jfree.data.test.DefaultKeyedValuesTest.java" Intrnl_Id="392" MltplExecId="L28-2" MltplExecPrefix="org.jfree.data.test.DefaultKeyedValuesTest.java" NvrExecId="L28-0" NvrExecPrefix="org.jfree.data.test.DefaultKeyedValuesTest.java" OnceExecutedId="L28-1" OnceExecutedPrefix="org.jfree.data.test.DefaultKeyedValuesTest.java" OptBodyExec="true">
<StmntSeq Intrnl_Id="393">
<LocList>
<Loc EndOffset="10798" SrcFileId="2" StartOffset="10762"/>
</LocList>
<BasicStmnt CovItemId="S204" CovItemPrefix="org.jfree.data.test.DefaultKeyedValuesTest.java" Intrnl_Id="394">
<LocList>
<Loc EndOffset="10798" SrcFileId="2" StartOffset="10762"/>
</LocList>
</BasicStmnt>
</StmntSeq>
<Keyword EndOffset="10733" SrcFileId="2" StartOffset="10730"/>
<LocList>
<Loc EndOffset="10802" SrcFileId="2" StartOffset="10730"/>
</LocList>
<RootTerm CovItemId="C28" CovItemPrefix="org.jfree.data.test.DefaultKeyedValuesTest.java" Intrnl_Id="395">
<BasicBoolTerm Intrnl_Id="396">
<LocList>
<Loc EndOffset="10750" SrcFileId="2" StartOffset="10745"/>
</LocList>
</BasicBoolTerm>
</RootTerm>
</LoopStmnt>
<BasicStmnt CovItemId="S205" CovItemPrefix="org.jfree.data.test.DefaultKeyedValuesTest.java" Intrnl_Id="397">
<LocList>
<Loc EndOffset="10851" SrcFileId="2" StartOffset="10808"/>
</LocList>
</BasicStmnt>
<BasicStmnt CovItemId="S206" CovItemPrefix="org.jfree.data.test.DefaultKeyedValuesTest.java" Intrnl_Id="398">
<LocList>
<Loc EndOffset="10880" SrcFileId="2" StartOffset="10857"/>
</LocList>
</BasicStmnt>
<BasicStmnt CovItemId="S207" CovItemPrefix="org.jfree.data.test.DefaultKeyedValuesTest.java" Intrnl_Id="399">
<LocList>
<Loc EndOffset="10937" SrcFileId="2" StartOffset="10883"/>
</LocList>
</BasicStmnt>
<BasicStmnt CovItemId="S208" CovItemPrefix="org.jfree.data.test.DefaultKeyedValuesTest.java" Intrnl_Id="400">
<LocList>
<Loc EndOffset="10979" SrcFileId="2" StartOffset="10943"/>
</LocList>
</BasicStmnt>
</StmntSeq>
</HierarchyLvl>
<HierarchyLvl HierarchyLvlId="443" HierarchyLvlTypeId="8" Intrnl_Id="401" Name="testRemoveValue_indexEqualsZero">
<Header>
<Loc EndOffset="11061" SrcFileId="2" StartOffset="11009"/>
</Header>
<LocList>
<Loc EndOffset="11272" SrcFileId="2" StartOffset="11009"/>
</LocList>
<StmntSeq Intrnl_Id="402">
<LocList>
<Loc EndOffset="11120" SrcFileId="2" StartOffset="11066"/>
<Loc EndOffset="11195" SrcFileId="2" StartOffset="11123"/>
<Loc EndOffset="11224" SrcFileId="2" StartOffset="11201"/>
<Loc EndOffset="11269" SrcFileId="2" StartOffset="11230"/>
</LocList>
<BasicStmnt CovItemId="S209" CovItemPrefix="org.jfree.data.test.DefaultKeyedValuesTest.java" Intrnl_Id="403">
<LocList>
<Loc EndOffset="11120" SrcFileId="2" StartOffset="11066"/>
</LocList>
</BasicStmnt>
<LoopStmnt CovItemId="S210" CovItemPrefix="org.jfree.data.test.DefaultKeyedValuesTest.java" Intrnl_Id="404" MltplExecId="L29-2" MltplExecPrefix="org.jfree.data.test.DefaultKeyedValuesTest.java" NvrExecId="L29-0" NvrExecPrefix="org.jfree.data.test.DefaultKeyedValuesTest.java" OnceExecutedId="L29-1" OnceExecutedPrefix="org.jfree.data.test.DefaultKeyedValuesTest.java" OptBodyExec="true">
<StmntSeq Intrnl_Id="405">
<LocList>
<Loc EndOffset="11191" SrcFileId="2" StartOffset="11155"/>
</LocList>
<BasicStmnt CovItemId="S211" CovItemPrefix="org.jfree.data.test.DefaultKeyedValuesTest.java" Intrnl_Id="406">
<LocList>
<Loc EndOffset="11191" SrcFileId="2" StartOffset="11155"/>
</LocList>
</BasicStmnt>
</StmntSeq>
<Keyword EndOffset="11126" SrcFileId="2" StartOffset="11123"/>
<LocList>
<Loc EndOffset="11195" SrcFileId="2" StartOffset="11123"/>
</LocList>
<RootTerm CovItemId="C29" CovItemPrefix="org.jfree.data.test.DefaultKeyedValuesTest.java" Intrnl_Id="407">
<BasicBoolTerm Intrnl_Id="408">
<LocList>
<Loc EndOffset="11143" SrcFileId="2" StartOffset="11138"/>
</LocList>
</BasicBoolTerm>
</RootTerm>
</LoopStmnt>
<BasicStmnt CovItemId="S212" CovItemPrefix="org.jfree.data.test.DefaultKeyedValuesTest.java" Intrnl_Id="409">
<LocList>
<Loc EndOffset="11224" SrcFileId="2" StartOffset="11201"/>
</LocList>
</BasicStmnt>
<BasicStmnt CovItemId="S213" CovItemPrefix="org.jfree.data.test.DefaultKeyedValuesTest.java" Intrnl_Id="410">
<LocList>
<Loc EndOffset="11269" SrcFileId="2" StartOffset="11230"/>
</LocList>
</BasicStmnt>
</StmntSeq>
</HierarchyLvl>
<HierarchyLvl HierarchyLvlId="444" HierarchyLvlTypeId="8" Intrnl_Id="411" Name="testRemoveValue_indexIsHighestIndex">
<Header>
<Loc EndOffset="11332" SrcFileId="2" StartOffset="11276"/>
</Header>
<LocList>
<Loc EndOffset="11673" SrcFileId="2" StartOffset="11276"/>
</LocList>
<StmntSeq Intrnl_Id="412">
<LocList>
<Loc EndOffset="11391" SrcFileId="2" StartOffset="11337"/>
<Loc EndOffset="11466" SrcFileId="2" StartOffset="11394"/>
<Loc EndOffset="11499" SrcFileId="2" StartOffset="11472"/>
<Loc EndOffset="11537" SrcFileId="2" StartOffset="11514"/>
<Loc EndOffset="11561" SrcFileId="2" StartOffset="11541"/>
<Loc EndOffset="11629" SrcFileId="2" StartOffset="11505"/>
<Loc EndOffset="11666" SrcFileId="2" StartOffset="11643"/>
</LocList>
<BasicStmnt CovItemId="S214" CovItemPrefix="org.jfree.data.test.DefaultKeyedValuesTest.java" Intrnl_Id="413">
<LocList>
<Loc EndOffset="11391" SrcFileId="2" StartOffset="11337"/>
</LocList>
</BasicStmnt>
<LoopStmnt CovItemId="S215" CovItemPrefix="org.jfree.data.test.DefaultKeyedValuesTest.java" Intrnl_Id="414" MltplExecId="L30-2" MltplExecPrefix="org.jfree.data.test.DefaultKeyedValuesTest.java" NvrExecId="L30-0" NvrExecPrefix="org.jfree.data.test.DefaultKeyedValuesTest.java" OnceExecutedId="L30-1" OnceExecutedPrefix="org.jfree.data.test.DefaultKeyedValuesTest.java" OptBodyExec="true">
<StmntSeq Intrnl_Id="415">
<LocList>
<Loc EndOffset="11462" SrcFileId="2" StartOffset="11426"/>
</LocList>
<BasicStmnt CovItemId="S216" CovItemPrefix="org.jfree.data.test.DefaultKeyedValuesTest.java" Intrnl_Id="416">
<LocList>
<Loc EndOffset="11462" SrcFileId="2" StartOffset="11426"/>
</LocList>
</BasicStmnt>
</StmntSeq>
<Keyword EndOffset="11397" SrcFileId="2" StartOffset="11394"/>
<LocList>
<Loc EndOffset="11466" SrcFileId="2" StartOffset="11394"/>
</LocList>
<RootTerm CovItemId="C30" CovItemPrefix="org.jfree.data.test.DefaultKeyedValuesTest.java" Intrnl_Id="417">
<BasicBoolTerm Intrnl_Id="418">
<LocList>
<Loc EndOffset="11414" SrcFileId="2" StartOffset="11409"/>
</LocList>
</BasicBoolTerm>
</RootTerm>
</LoopStmnt>
<BasicStmnt CovItemId="S217" CovItemPrefix="org.jfree.data.test.DefaultKeyedValuesTest.java" Intrnl_Id="419">
<LocList>
<Loc EndOffset="11499" SrcFileId="2" StartOffset="11472"/>
</LocList>
</BasicStmnt>
<BasicStmnt CovItemId="S219" CovItemPrefix="org.jfree.data.test.DefaultKeyedValuesTest.java" Intrnl_Id="420">
<LocList>
<Loc EndOffset="11537" SrcFileId="2" StartOffset="11514"/>
</LocList>
</BasicStmnt>
<BasicStmnt CovItemId="S220" CovItemPrefix="org.jfree.data.test.DefaultKeyedValuesTest.java" Intrnl_Id="421">
<LocList>
<Loc EndOffset="11561" SrcFileId="2" StartOffset="11541"/>
</LocList>
</BasicStmnt>
<CondStmnt CovItemId="S218" CovItemPrefix="org.jfree.data.test.DefaultKeyedValuesTest.java" Intrnl_Id="422">
<Branch CovItemId="B15" CovItemPrefix="org.jfree.data.test.DefaultKeyedValuesTest.java" Implct="true" Intrnl_Id="423">
<Cond/>
<LocList/>
<StmntSeq Intrnl_Id="424">
<LocList/>
</StmntSeq>
</Branch>
<Branch CovItemId="B16" CovItemPrefix="org.jfree.data.test.DefaultKeyedValuesTest.java" Implct="false" Intrnl_Id="425">
<Cond>
<Loc EndOffset="11601" SrcFileId="2" StartOffset="11566"/>
</Cond>
<LocList>
<Loc EndOffset="11629" SrcFileId="2" StartOffset="11602"/>
</LocList>
<StmntSeq Intrnl_Id="426">
<LocList>
<Loc EndOffset="11625" SrcFileId="2" StartOffset="11607"/>
</LocList>
<BasicStmnt CovItemId="S221" CovItemPrefix="org.jfree.data.test.DefaultKeyedValuesTest.java" Intrnl_Id="427">
<LocList>
<Loc EndOffset="11625" SrcFileId="2" StartOffset="11607"/>
</LocList>
</BasicStmnt>
</StmntSeq>
</Branch>
<Keyword EndOffset="11508" SrcFileId="2" StartOffset="11505"/>
<LocList>
<Loc EndOffset="11629" SrcFileId="2" StartOffset="11505"/>
</LocList>
</CondStmnt>
<BasicStmnt CovItemId="S222" CovItemPrefix="org.jfree.data.test.DefaultKeyedValuesTest.java" Intrnl_Id="428">
<LocList>
<Loc EndOffset="11666" SrcFileId="2" StartOffset="11643"/>
</LocList>
</BasicStmnt>
</StmntSeq>
</HierarchyLvl>
<HierarchyLvl HierarchyLvlId="445" HierarchyLvlTypeId="8" Intrnl_Id="429" Name="testRemoveValue_middleIndex">
<Header>
<Loc EndOffset="11725" SrcFileId="2" StartOffset="11677"/>
</Header>
<LocList>
<Loc EndOffset="11936" SrcFileId="2" StartOffset="11677"/>
</LocList>
<StmntSeq Intrnl_Id="430">
<LocList>
<Loc EndOffset="11784" SrcFileId="2" StartOffset="11730"/>
<Loc EndOffset="11859" SrcFileId="2" StartOffset="11787"/>
<Loc EndOffset="11888" SrcFileId="2" StartOffset="11865"/>
<Loc EndOffset="11933" SrcFileId="2" StartOffset="11894"/>
</LocList>
<BasicStmnt CovItemId="S223" CovItemPrefix="org.jfree.data.test.DefaultKeyedValuesTest.java" Intrnl_Id="431">
<LocList>
<Loc EndOffset="11784" SrcFileId="2" StartOffset="11730"/>
</LocList>
</BasicStmnt>
<LoopStmnt CovItemId="S224" CovItemPrefix="org.jfree.data.test.DefaultKeyedValuesTest.java" Intrnl_Id="432" MltplExecId="L31-2" MltplExecPrefix="org.jfree.data.test.DefaultKeyedValuesTest.java" NvrExecId="L31-0" NvrExecPrefix="org.jfree.data.test.DefaultKeyedValuesTest.java" OnceExecutedId="L31-1" OnceExecutedPrefix="org.jfree.data.test.DefaultKeyedValuesTest.java" OptBodyExec="true">
<StmntSeq Intrnl_Id="433">
<LocList>
<Loc EndOffset="11855" SrcFileId="2" StartOffset="11819"/>
</LocList>
<BasicStmnt CovItemId="S225" CovItemPrefix="org.jfree.data.test.DefaultKeyedValuesTest.java" Intrnl_Id="434">
<LocList>
<Loc EndOffset="11855" SrcFileId="2" StartOffset="11819"/>
</LocList>
</BasicStmnt>
</StmntSeq>
<Keyword EndOffset="11790" SrcFileId="2" StartOffset="11787"/>
<LocList>
<Loc EndOffset="11859" SrcFileId="2" StartOffset="11787"/>
</LocList>
<RootTerm CovItemId="C31" CovItemPrefix="org.jfree.data.test.DefaultKeyedValuesTest.java" Intrnl_Id="435">
<BasicBoolTerm Intrnl_Id="436">
<LocList>
<Loc EndOffset="11807" SrcFileId="2" StartOffset="11802"/>
</LocList>
</BasicBoolTerm>
</RootTerm>
</LoopStmnt>
<BasicStmnt CovItemId="S226" CovItemPrefix="org.jfree.data.test.DefaultKeyedValuesTest.java" Intrnl_Id="437">
<LocList>
<Loc EndOffset="11888" SrcFileId="2" StartOffset="11865"/>
</LocList>
</BasicStmnt>
<BasicStmnt CovItemId="S227" CovItemPrefix="org.jfree.data.test.DefaultKeyedValuesTest.java" Intrnl_Id="438">
<LocList>
<Loc EndOffset="11933" SrcFileId="2" StartOffset="11894"/>
</LocList>
</BasicStmnt>
</StmntSeq>
</HierarchyLvl>
<HierarchyLvl HierarchyLvlId="446" HierarchyLvlTypeId="8" Intrnl_Id="439" Name="testRemoveValue_indexOutOfBounds">
<Header>
<Loc EndOffset="11993" SrcFileId="2" StartOffset="11940"/>
</Header>
<LocList>
<Loc EndOffset="12310" SrcFileId="2" StartOffset="11940"/>
</LocList>
<StmntSeq Intrnl_Id="440">
<LocList>
<Loc EndOffset="12052" SrcFileId="2" StartOffset="11998"/>
<Loc EndOffset="12127" SrcFileId="2" StartOffset="12055"/>
<Loc EndOffset="12160" SrcFileId="2" StartOffset="12133"/>
<Loc EndOffset="12198" SrcFileId="2" StartOffset="12175"/>
<Loc EndOffset="12266" SrcFileId="2" StartOffset="12166"/>
<Loc EndOffset="12303" SrcFileId="2" StartOffset="12280"/>
</LocList>
<BasicStmnt CovItemId="S228" CovItemPrefix="org.jfree.data.test.DefaultKeyedValuesTest.java" Intrnl_Id="441">
<LocList>
<Loc EndOffset="12052" SrcFileId="2" StartOffset="11998"/>
</LocList>
</BasicStmnt>
<LoopStmnt CovItemId="S229" CovItemPrefix="org.jfree.data.test.DefaultKeyedValuesTest.java" Intrnl_Id="442" MltplExecId="L32-2" MltplExecPrefix="org.jfree.data.test.DefaultKeyedValuesTest.java" NvrExecId="L32-0" NvrExecPrefix="org.jfree.data.test.DefaultKeyedValuesTest.java" OnceExecutedId="L32-1" OnceExecutedPrefix="org.jfree.data.test.DefaultKeyedValuesTest.java" OptBodyExec="true">
<StmntSeq Intrnl_Id="443">
<LocList>
<Loc EndOffset="12123" SrcFileId="2" StartOffset="12087"/>
</LocList>
<BasicStmnt CovItemId="S230" CovItemPrefix="org.jfree.data.test.DefaultKeyedValuesTest.java" Intrnl_Id="444">
<LocList>
<Loc EndOffset="12123" SrcFileId="2" StartOffset="12087"/>
</LocList>
</BasicStmnt>
</StmntSeq>
<Keyword EndOffset="12058" SrcFileId="2" StartOffset="12055"/>
<LocList>
<Loc EndOffset="12127" SrcFileId="2" StartOffset="12055"/>
</LocList>
<RootTerm CovItemId="C32" CovItemPrefix="org.jfree.data.test.DefaultKeyedValuesTest.java" Intrnl_Id="445">
<BasicBoolTerm Intrnl_Id="446">
<LocList>
<Loc EndOffset="12075" SrcFileId="2" StartOffset="12070"/>
</LocList>
</BasicBoolTerm>
</RootTerm>
</LoopStmnt>
<BasicStmnt CovItemId="S231" CovItemPrefix="org.jfree.data.test.DefaultKeyedValuesTest.java" Intrnl_Id="447">
<LocList>
<Loc EndOffset="12160" SrcFileId="2" StartOffset="12133"/>
</LocList>
</BasicStmnt>
<BasicStmnt CovItemId="S233" CovItemPrefix="org.jfree.data.test.DefaultKeyedValuesTest.java" Intrnl_Id="448">
<LocList>
<Loc EndOffset="12198" SrcFileId="2" StartOffset="12175"/>
</LocList>
</BasicStmnt>
<CondStmnt CovItemId="S232" CovItemPrefix="org.jfree.data.test.DefaultKeyedValuesTest.java" Intrnl_Id="449">
<Branch CovItemId="B17" CovItemPrefix="org.jfree.data.test.DefaultKeyedValuesTest.java" Implct="true" Intrnl_Id="450">
<Cond/>
<LocList/>
<StmntSeq Intrnl_Id="451">
<LocList/>
</StmntSeq>
</Branch>
<Branch CovItemId="B18" CovItemPrefix="org.jfree.data.test.DefaultKeyedValuesTest.java" Implct="false" Intrnl_Id="452">
<Cond>
<Loc EndOffset="12238" SrcFileId="2" StartOffset="12203"/>
</Cond>
<LocList>
<Loc EndOffset="12266" SrcFileId="2" StartOffset="12239"/>
</LocList>
<StmntSeq Intrnl_Id="453">
<LocList>
<Loc EndOffset="12262" SrcFileId="2" StartOffset="12244"/>
</LocList>
<BasicStmnt CovItemId="S234" CovItemPrefix="org.jfree.data.test.DefaultKeyedValuesTest.java" Intrnl_Id="454">
<LocList>
<Loc EndOffset="12262" SrcFileId="2" StartOffset="12244"/>
</LocList>
</BasicStmnt>
</StmntSeq>
</Branch>
<Keyword EndOffset="12169" SrcFileId="2" StartOffset="12166"/>
<LocList>
<Loc EndOffset="12266" SrcFileId="2" StartOffset="12166"/>
</LocList>
</CondStmnt>
<BasicStmnt CovItemId="S235" CovItemPrefix="org.jfree.data.test.DefaultKeyedValuesTest.java" Intrnl_Id="455">
<LocList>
<Loc EndOffset="12303" SrcFileId="2" StartOffset="12280"/>
</LocList>
</BasicStmnt>
</StmntSeq>
</HierarchyLvl>
<HierarchyLvl HierarchyLvlId="447" HierarchyLvlTypeId="8" Intrnl_Id="456" Name="testRemoveValueOverloaded_indexEqualsZero">
<Header>
<Loc EndOffset="12399" SrcFileId="2" StartOffset="12337"/>
</Header>
<LocList>
<Loc EndOffset="12623" SrcFileId="2" StartOffset="12337"/>
</LocList>
<StmntSeq Intrnl_Id="457">
<LocList>
<Loc EndOffset="12458" SrcFileId="2" StartOffset="12404"/>
<Loc EndOffset="12533" SrcFileId="2" StartOffset="12461"/>
<Loc EndOffset="12575" SrcFileId="2" StartOffset="12539"/>
<Loc EndOffset="12620" SrcFileId="2" StartOffset="12581"/>
</LocList>
<BasicStmnt CovItemId="S236" CovItemPrefix="org.jfree.data.test.DefaultKeyedValuesTest.java" Intrnl_Id="458">
<LocList>
<Loc EndOffset="12458" SrcFileId="2" StartOffset="12404"/>
</LocList>
</BasicStmnt>
<LoopStmnt CovItemId="S237" CovItemPrefix="org.jfree.data.test.DefaultKeyedValuesTest.java" Intrnl_Id="459" MltplExecId="L33-2" MltplExecPrefix="org.jfree.data.test.DefaultKeyedValuesTest.java" NvrExecId="L33-0" NvrExecPrefix="org.jfree.data.test.DefaultKeyedValuesTest.java" OnceExecutedId="L33-1" OnceExecutedPrefix="org.jfree.data.test.DefaultKeyedValuesTest.java" OptBodyExec="true">
<StmntSeq Intrnl_Id="460">
<LocList>
<Loc EndOffset="12529" SrcFileId="2" StartOffset="12493"/>
</LocList>
<BasicStmnt CovItemId="S238" CovItemPrefix="org.jfree.data.test.DefaultKeyedValuesTest.java" Intrnl_Id="461">
<LocList>
<Loc EndOffset="12529" SrcFileId="2" StartOffset="12493"/>
</LocList>
</BasicStmnt>
</StmntSeq>
<Keyword EndOffset="12464" SrcFileId="2" StartOffset="12461"/>
<LocList>
<Loc EndOffset="12533" SrcFileId="2" StartOffset="12461"/>
</LocList>
<RootTerm CovItemId="C33" CovItemPrefix="org.jfree.data.test.DefaultKeyedValuesTest.java" Intrnl_Id="462">
<BasicBoolTerm Intrnl_Id="463">
<LocList>
<Loc EndOffset="12481" SrcFileId="2" StartOffset="12476"/>
</LocList>
</BasicBoolTerm>
</RootTerm>
</LoopStmnt>
<BasicStmnt CovItemId="S239" CovItemPrefix="org.jfree.data.test.DefaultKeyedValuesTest.java" Intrnl_Id="464">
<LocList>
<Loc EndOffset="12575" SrcFileId="2" StartOffset="12539"/>
</LocList>
</BasicStmnt>
<BasicStmnt CovItemId="S240" CovItemPrefix="org.jfree.data.test.DefaultKeyedValuesTest.java" Intrnl_Id="465">
<LocList>
<Loc EndOffset="12620" SrcFileId="2" StartOffset="12581"/>
</LocList>
</BasicStmnt>
</StmntSeq>
</HierarchyLvl>
<HierarchyLvl HierarchyLvlId="448" HierarchyLvlTypeId="8" Intrnl_Id="466" Name="testRemoveValueOverloaded_indexIsHighestIndex">
<Header>
<Loc EndOffset="12693" SrcFileId="2" StartOffset="12627"/>
</Header>
<LocList>
<Loc EndOffset="13047" SrcFileId="2" StartOffset="12627"/>
</LocList>
<StmntSeq Intrnl_Id="467">
<LocList>
<Loc EndOffset="12752" SrcFileId="2" StartOffset="12698"/>
<Loc EndOffset="12827" SrcFileId="2" StartOffset="12755"/>
<Loc EndOffset="12860" SrcFileId="2" StartOffset="12833"/>
<Loc EndOffset="12911" SrcFileId="2" StartOffset="12875"/>
<Loc EndOffset="12935" SrcFileId="2" StartOffset="12915"/>
<Loc EndOffset="13003" SrcFileId="2" StartOffset="12866"/>
<Loc EndOffset="13040" SrcFileId="2" StartOffset="13017"/>
</LocList>
<BasicStmnt CovItemId="S241" CovItemPrefix="org.jfree.data.test.DefaultKeyedValuesTest.java" Intrnl_Id="468">
<LocList>
<Loc EndOffset="12752" SrcFileId="2" StartOffset="12698"/>
</LocList>
</BasicStmnt>
<LoopStmnt CovItemId="S242" CovItemPrefix="org.jfree.data.test.DefaultKeyedValuesTest.java" Intrnl_Id="469" MltplExecId="L34-2" MltplExecPrefix="org.jfree.data.test.DefaultKeyedValuesTest.java" NvrExecId="L34-0" NvrExecPrefix="org.jfree.data.test.DefaultKeyedValuesTest.java" OnceExecutedId="L34-1" OnceExecutedPrefix="org.jfree.data.test.DefaultKeyedValuesTest.java" OptBodyExec="true">
<StmntSeq Intrnl_Id="470">
<LocList>
<Loc EndOffset="12823" SrcFileId="2" StartOffset="12787"/>
</LocList>
<BasicStmnt CovItemId="S243" CovItemPrefix="org.jfree.data.test.DefaultKeyedValuesTest.java" Intrnl_Id="471">
<LocList>
<Loc EndOffset="12823" SrcFileId="2" StartOffset="12787"/>
</LocList>
</BasicStmnt>
</StmntSeq>
<Keyword EndOffset="12758" SrcFileId="2" StartOffset="12755"/>
<LocList>
<Loc EndOffset="12827" SrcFileId="2" StartOffset="12755"/>
</LocList>
<RootTerm CovItemId="C34" CovItemPrefix="org.jfree.data.test.DefaultKeyedValuesTest.java" Intrnl_Id="472">
<BasicBoolTerm Intrnl_Id="473">
<LocList>
<Loc EndOffset="12775" SrcFileId="2" StartOffset="12770"/>
</LocList>
</BasicBoolTerm>
</RootTerm>
</LoopStmnt>
<BasicStmnt CovItemId="S244" CovItemPrefix="org.jfree.data.test.DefaultKeyedValuesTest.java" Intrnl_Id="474">
<LocList>
<Loc EndOffset="12860" SrcFileId="2" StartOffset="12833"/>
</LocList>
</BasicStmnt>
<BasicStmnt CovItemId="S246" CovItemPrefix="org.jfree.data.test.DefaultKeyedValuesTest.java" Intrnl_Id="475">
<LocList>
<Loc EndOffset="12911" SrcFileId="2" StartOffset="12875"/>
</LocList>
</BasicStmnt>
<BasicStmnt CovItemId="S247" CovItemPrefix="org.jfree.data.test.DefaultKeyedValuesTest.java" Intrnl_Id="476">
<LocList>
<Loc EndOffset="12935" SrcFileId="2" StartOffset="12915"/>
</LocList>
</BasicStmnt>
<CondStmnt CovItemId="S245" CovItemPrefix="org.jfree.data.test.DefaultKeyedValuesTest.java" Intrnl_Id="477">
<Branch CovItemId="B19" CovItemPrefix="org.jfree.data.test.DefaultKeyedValuesTest.java" Implct="true" Intrnl_Id="478">
<Cond/>
<LocList/>
<StmntSeq Intrnl_Id="479">
<LocList/>
</StmntSeq>
</Branch>
<Branch CovItemId="B20" CovItemPrefix="org.jfree.data.test.DefaultKeyedValuesTest.java" Implct="false" Intrnl_Id="480">
<Cond>
<Loc EndOffset="12975" SrcFileId="2" StartOffset="12940"/>
</Cond>
<LocList>
<Loc EndOffset="13003" SrcFileId="2" StartOffset="12976"/>
</LocList>
<StmntSeq Intrnl_Id="481">
<LocList>
<Loc EndOffset="12999" SrcFileId="2" StartOffset="12981"/>
</LocList>
<BasicStmnt CovItemId="S248" CovItemPrefix="org.jfree.data.test.DefaultKeyedValuesTest.java" Intrnl_Id="482">
<LocList>
<Loc EndOffset="12999" SrcFileId="2" StartOffset="12981"/>
</LocList>
</BasicStmnt>
</StmntSeq>
</Branch>
<Keyword EndOffset="12869" SrcFileId="2" StartOffset="12866"/>
<LocList>
<Loc EndOffset="13003" SrcFileId="2" StartOffset="12866"/>
</LocList>
</CondStmnt>
<BasicStmnt CovItemId="S249" CovItemPrefix="org.jfree.data.test.DefaultKeyedValuesTest.java" Intrnl_Id="483">
<LocList>
<Loc EndOffset="13040" SrcFileId="2" StartOffset="13017"/>
</LocList>
</BasicStmnt>
</StmntSeq>
</HierarchyLvl>
<HierarchyLvl HierarchyLvlId="449" HierarchyLvlTypeId="8" Intrnl_Id="484" Name="testRemoveValueOverloaded_middleIndex">
<Header>
<Loc EndOffset="13109" SrcFileId="2" StartOffset="13051"/>
</Header>
<LocList>
<Loc EndOffset="13333" SrcFileId="2" StartOffset="13051"/>
</LocList>
<StmntSeq Intrnl_Id="485">
<LocList>
<Loc EndOffset="13168" SrcFileId="2" StartOffset="13114"/>
<Loc EndOffset="13243" SrcFileId="2" StartOffset="13171"/>
<Loc EndOffset="13285" SrcFileId="2" StartOffset="13249"/>
<Loc EndOffset="13330" SrcFileId="2" StartOffset="13291"/>
</LocList>
<BasicStmnt CovItemId="S250" CovItemPrefix="org.jfree.data.test.DefaultKeyedValuesTest.java" Intrnl_Id="486">
<LocList>
<Loc EndOffset="13168" SrcFileId="2" StartOffset="13114"/>
</LocList>
</BasicStmnt>
<LoopStmnt CovItemId="S251" CovItemPrefix="org.jfree.data.test.DefaultKeyedValuesTest.java" Intrnl_Id="487" MltplExecId="L35-2" MltplExecPrefix="org.jfree.data.test.DefaultKeyedValuesTest.java" NvrExecId="L35-0" NvrExecPrefix="org.jfree.data.test.DefaultKeyedValuesTest.java" OnceExecutedId="L35-1" OnceExecutedPrefix="org.jfree.data.test.DefaultKeyedValuesTest.java" OptBodyExec="true">
<StmntSeq Intrnl_Id="488">
<LocList>
<Loc EndOffset="13239" SrcFileId="2" StartOffset="13203"/>
</LocList>
<BasicStmnt CovItemId="S252" CovItemPrefix="org.jfree.data.test.DefaultKeyedValuesTest.java" Intrnl_Id="489">
<LocList>
<Loc EndOffset="13239" SrcFileId="2" StartOffset="13203"/>
</LocList>
</BasicStmnt>
</StmntSeq>
<Keyword EndOffset="13174" SrcFileId="2" StartOffset="13171"/>
<LocList>
<Loc EndOffset="13243" SrcFileId="2" StartOffset="13171"/>
</LocList>
<RootTerm CovItemId="C35" CovItemPrefix="org.jfree.data.test.DefaultKeyedValuesTest.java" Intrnl_Id="490">
<BasicBoolTerm Intrnl_Id="491">
<LocList>
<Loc EndOffset="13191" SrcFileId="2" StartOffset="13186"/>
</LocList>
</BasicBoolTerm>
</RootTerm>
</LoopStmnt>
<BasicStmnt CovItemId="S253" CovItemPrefix="org.jfree.data.test.DefaultKeyedValuesTest.java" Intrnl_Id="492">
<LocList>
<Loc EndOffset="13285" SrcFileId="2" StartOffset="13249"/>
</LocList>
</BasicStmnt>
<BasicStmnt CovItemId="S254" CovItemPrefix="org.jfree.data.test.DefaultKeyedValuesTest.java" Intrnl_Id="493">
<LocList>
<Loc EndOffset="13330" SrcFileId="2" StartOffset="13291"/>
</LocList>
</BasicStmnt>
</StmntSeq>
</HierarchyLvl>
<HierarchyLvl HierarchyLvlId="450" HierarchyLvlTypeId="8" Intrnl_Id="494" Name="testRemoveValueOverloaded_indexOutOfBounds">
<Header>
<Loc EndOffset="13400" SrcFileId="2" StartOffset="13337"/>
</Header>
<LocList>
<Loc EndOffset="13808" SrcFileId="2" StartOffset="13337"/>
</LocList>
<StmntSeq Intrnl_Id="495">
<LocList>
<Loc EndOffset="13459" SrcFileId="2" StartOffset="13405"/>
<Loc EndOffset="13534" SrcFileId="2" StartOffset="13462"/>
<Loc EndOffset="13572" SrcFileId="2" StartOffset="13540"/>
<Loc EndOffset="13628" SrcFileId="2" StartOffset="13584"/>
<Loc EndOffset="13699" SrcFileId="2" StartOffset="13575"/>
<Loc EndOffset="13738" SrcFileId="2" StartOffset="13702"/>
<Loc EndOffset="13766" SrcFileId="2" StartOffset="13744"/>
</LocList>
<BasicStmnt CovItemId="S255" CovItemPrefix="org.jfree.data.test.DefaultKeyedValuesTest.java" Intrnl_Id="496">
<LocList>
<Loc EndOffset="13459" SrcFileId="2" StartOffset="13405"/>
</LocList>
</BasicStmnt>
<LoopStmnt CovItemId="S256" CovItemPrefix="org.jfree.data.test.DefaultKeyedValuesTest.java" Intrnl_Id="497" MltplExecId="L36-2" MltplExecPrefix="org.jfree.data.test.DefaultKeyedValuesTest.java" NvrExecId="L36-0" NvrExecPrefix="org.jfree.data.test.DefaultKeyedValuesTest.java" OnceExecutedId="L36-1" OnceExecutedPrefix="org.jfree.data.test.DefaultKeyedValuesTest.java" OptBodyExec="true">
<StmntSeq Intrnl_Id="498">
<LocList>
<Loc EndOffset="13530" SrcFileId="2" StartOffset="13494"/>
</LocList>
<BasicStmnt CovItemId="S257" CovItemPrefix="org.jfree.data.test.DefaultKeyedValuesTest.java" Intrnl_Id="499">
<LocList>
<Loc EndOffset="13530" SrcFileId="2" StartOffset="13494"/>
</LocList>
</BasicStmnt>
</StmntSeq>
<Keyword EndOffset="13465" SrcFileId="2" StartOffset="13462"/>
<LocList>
<Loc EndOffset="13534" SrcFileId="2" StartOffset="13462"/>
</LocList>
<RootTerm CovItemId="C36" CovItemPrefix="org.jfree.data.test.DefaultKeyedValuesTest.java" Intrnl_Id="500">
<BasicBoolTerm Intrnl_Id="501">
<LocList>
<Loc EndOffset="13482" SrcFileId="2" StartOffset="13477"/>
</LocList>
</BasicBoolTerm>
</RootTerm>
</LoopStmnt>
<BasicStmnt CovItemId="S258" CovItemPrefix="org.jfree.data.test.DefaultKeyedValuesTest.java" Intrnl_Id="502">
<LocList>
<Loc EndOffset="13572" SrcFileId="2" StartOffset="13540"/>
</LocList>
</BasicStmnt>
<BasicStmnt CovItemId="S260" CovItemPrefix="org.jfree.data.test.DefaultKeyedValuesTest.java" Intrnl_Id="503">
<LocList>
<Loc EndOffset="13628" SrcFileId="2" StartOffset="13584"/>
</LocList>
</BasicStmnt>
<CondStmnt CovItemId="S259" CovItemPrefix="org.jfree.data.test.DefaultKeyedValuesTest.java" Intrnl_Id="504">
<Branch CovItemId="B21" CovItemPrefix="org.jfree.data.test.DefaultKeyedValuesTest.java" Implct="true" Intrnl_Id="505">
<Cond/>
<LocList/>
<StmntSeq Intrnl_Id="506">
<LocList/>
</StmntSeq>
</Branch>
<Branch CovItemId="B22" CovItemPrefix="org.jfree.data.test.DefaultKeyedValuesTest.java" Implct="false" Intrnl_Id="507">
<Cond>
<Loc EndOffset="13669" SrcFileId="2" StartOffset="13633"/>
</Cond>
<LocList>
<Loc EndOffset="13699" SrcFileId="2" StartOffset="13670"/>
</LocList>
<StmntSeq Intrnl_Id="508">
<LocList>
<Loc EndOffset="13695" SrcFileId="2" StartOffset="13675"/>
</LocList>
<BasicStmnt CovItemId="S261" CovItemPrefix="org.jfree.data.test.DefaultKeyedValuesTest.java" Intrnl_Id="509">
<LocList>
<Loc EndOffset="13695" SrcFileId="2" StartOffset="13675"/>
</LocList>
</BasicStmnt>
</StmntSeq>
</Branch>
<Keyword EndOffset="13578" SrcFileId="2" StartOffset="13575"/>
<LocList>
<Loc EndOffset="13699" SrcFileId="2" StartOffset="13575"/>
</LocList>
</CondStmnt>
<BasicStmnt CovItemId="S262" CovItemPrefix="org.jfree.data.test.DefaultKeyedValuesTest.java" Intrnl_Id="510">
<LocList>
<Loc EndOffset="13738" SrcFileId="2" StartOffset="13702"/>
</LocList>
</BasicStmnt>
<BasicStmnt CovItemId="S263" CovItemPrefix="org.jfree.data.test.DefaultKeyedValuesTest.java" Intrnl_Id="511">
<LocList>
<Loc EndOffset="13766" SrcFileId="2" StartOffset="13744"/>
</LocList>
</BasicStmnt>
</StmntSeq>
</HierarchyLvl>
<HierarchyLvl HierarchyLvlId="451" HierarchyLvlTypeId="8" Intrnl_Id="512" Name="testSortByKeys_nullOrder">
<Header>
<Loc EndOffset="13881" SrcFileId="2" StartOffset="13835"/>
</Header>
<LocList>
<Loc EndOffset="14123" SrcFileId="2" StartOffset="13835"/>
</LocList>
<StmntSeq Intrnl_Id="513">
<LocList>
<Loc EndOffset="13940" SrcFileId="2" StartOffset="13886"/>
<Loc EndOffset="13973" SrcFileId="2" StartOffset="13946"/>
<Loc EndOffset="14013" SrcFileId="2" StartOffset="13988"/>
<Loc EndOffset="14079" SrcFileId="2" StartOffset="13979"/>
<Loc EndOffset="14116" SrcFileId="2" StartOffset="14093"/>
</LocList>
<BasicStmnt CovItemId="S264" CovItemPrefix="org.jfree.data.test.DefaultKeyedValuesTest.java" Intrnl_Id="514">
<LocList>
<Loc EndOffset="13940" SrcFileId="2" StartOffset="13886"/>
</LocList>
</BasicStmnt>
<BasicStmnt CovItemId="S265" CovItemPrefix="org.jfree.data.test.DefaultKeyedValuesTest.java" Intrnl_Id="515">
<LocList>
<Loc EndOffset="13973" SrcFileId="2" StartOffset="13946"/>
</LocList>
</BasicStmnt>
<BasicStmnt CovItemId="S267" CovItemPrefix="org.jfree.data.test.DefaultKeyedValuesTest.java" Intrnl_Id="516">
<LocList>
<Loc EndOffset="14013" SrcFileId="2" StartOffset="13988"/>
</LocList>
</BasicStmnt>
<CondStmnt CovItemId="S266" CovItemPrefix="org.jfree.data.test.DefaultKeyedValuesTest.java" Intrnl_Id="517">
<Branch CovItemId="B23" CovItemPrefix="org.jfree.data.test.DefaultKeyedValuesTest.java" Implct="true" Intrnl_Id="518">
<Cond/>
<LocList/>
<StmntSeq Intrnl_Id="519">
<LocList/>
</StmntSeq>
</Branch>
<Branch CovItemId="B24" CovItemPrefix="org.jfree.data.test.DefaultKeyedValuesTest.java" Implct="false" Intrnl_Id="520">
<Cond>
<Loc EndOffset="14051" SrcFileId="2" StartOffset="14018"/>
</Cond>
<LocList>
<Loc EndOffset="14079" SrcFileId="2" StartOffset="14052"/>
</LocList>
<StmntSeq Intrnl_Id="521">
<LocList>
<Loc EndOffset="14075" SrcFileId="2" StartOffset="14057"/>
</LocList>
<BasicStmnt CovItemId="S268" CovItemPrefix="org.jfree.data.test.DefaultKeyedValuesTest.java" Intrnl_Id="522">
<LocList>
<Loc EndOffset="14075" SrcFileId="2" StartOffset="14057"/>
</LocList>
</BasicStmnt>
</StmntSeq>
</Branch>
<Keyword EndOffset="13982" SrcFileId="2" StartOffset="13979"/>
<LocList>
<Loc EndOffset="14079" SrcFileId="2" StartOffset="13979"/>
</LocList>
</CondStmnt>
<BasicStmnt CovItemId="S269" CovItemPrefix="org.jfree.data.test.DefaultKeyedValuesTest.java" Intrnl_Id="523">
<LocList>
<Loc EndOffset="14116" SrcFileId="2" StartOffset="14093"/>
</LocList>
</BasicStmnt>
</StmntSeq>
</HierarchyLvl>
<HierarchyLvl HierarchyLvlId="452" HierarchyLvlTypeId="8" Intrnl_Id="524" Name="testSortByKeys_emptySet">
<Header>
<Loc EndOffset="14172" SrcFileId="2" StartOffset="14127"/>
</Header>
<LocList>
<Loc EndOffset="14414" SrcFileId="2" StartOffset="14127"/>
</LocList>
<StmntSeq Intrnl_Id="525">
<LocList>
<Loc EndOffset="14231" SrcFileId="2" StartOffset="14177"/>
<Loc EndOffset="14263" SrcFileId="2" StartOffset="14237"/>
<Loc EndOffset="14318" SrcFileId="2" StartOffset="14278"/>
<Loc EndOffset="14370" SrcFileId="2" StartOffset="14269"/>
<Loc EndOffset="14407" SrcFileId="2" StartOffset="14384"/>
</LocList>
<BasicStmnt CovItemId="S270" CovItemPrefix="org.jfree.data.test.DefaultKeyedValuesTest.java" Intrnl_Id="526">
<LocList>
<Loc EndOffset="14231" SrcFileId="2" StartOffset="14177"/>
</LocList>
</BasicStmnt>
<BasicStmnt CovItemId="S271" CovItemPrefix="org.jfree.data.test.DefaultKeyedValuesTest.java" Intrnl_Id="527">
<LocList>
<Loc EndOffset="14263" SrcFileId="2" StartOffset="14237"/>
</LocList>
</BasicStmnt>
<BasicStmnt CovItemId="S273" CovItemPrefix="org.jfree.data.test.DefaultKeyedValuesTest.java" Intrnl_Id="528">
<LocList>
<Loc EndOffset="14318" SrcFileId="2" StartOffset="14278"/>
</LocList>
</BasicStmnt>
<CondStmnt CovItemId="S272" CovItemPrefix="org.jfree.data.test.DefaultKeyedValuesTest.java" Intrnl_Id="529">
<Branch CovItemId="B25" CovItemPrefix="org.jfree.data.test.DefaultKeyedValuesTest.java" Implct="true" Intrnl_Id="530">
<Cond/>
<LocList/>
<StmntSeq Intrnl_Id="531">
<LocList/>
</StmntSeq>
</Branch>
<Branch CovItemId="B26" CovItemPrefix="org.jfree.data.test.DefaultKeyedValuesTest.java" Implct="false" Intrnl_Id="532">
<Cond>
<Loc EndOffset="14341" SrcFileId="2" StartOffset="14323"/>
</Cond>
<LocList>
<Loc EndOffset="14370" SrcFileId="2" StartOffset="14342"/>
</LocList>
<StmntSeq Intrnl_Id="533">
<LocList>
<Loc EndOffset="14366" SrcFileId="2" StartOffset="14347"/>
</LocList>
<BasicStmnt CovItemId="S274" CovItemPrefix="org.jfree.data.test.DefaultKeyedValuesTest.java" Intrnl_Id="534">
<LocList>
<Loc EndOffset="14366" SrcFileId="2" StartOffset="14347"/>
</LocList>
</BasicStmnt>
</StmntSeq>
</Branch>
<Keyword EndOffset="14272" SrcFileId="2" StartOffset="14269"/>
<LocList>
<Loc EndOffset="14370" SrcFileId="2" StartOffset="14269"/>
</LocList>
</CondStmnt>
<BasicStmnt CovItemId="S275" CovItemPrefix="org.jfree.data.test.DefaultKeyedValuesTest.java" Intrnl_Id="535">
<LocList>
<Loc EndOffset="14407" SrcFileId="2" StartOffset="14384"/>
</LocList>
</BasicStmnt>
</StmntSeq>
</HierarchyLvl>
<HierarchyLvl HierarchyLvlId="453" HierarchyLvlTypeId="8" Intrnl_Id="536" Name="testSortByKeys_oneElement">
<Header>
<Loc EndOffset="14499" SrcFileId="2" StartOffset="14418"/>
</Header>
<LocList>
<Loc EndOffset="14750" SrcFileId="2" StartOffset="14418"/>
</LocList>
<StmntSeq Intrnl_Id="537">
<LocList>
<Loc EndOffset="14558" SrcFileId="2" StartOffset="14504"/>
<Loc EndOffset="14594" SrcFileId="2" StartOffset="14561"/>
<Loc EndOffset="14664" SrcFileId="2" StartOffset="14597"/>
<Loc EndOffset="14707" SrcFileId="2" StartOffset="14667"/>
<Loc EndOffset="14747" SrcFileId="2" StartOffset="14710"/>
</LocList>
<BasicStmnt CovItemId="S276" CovItemPrefix="org.jfree.data.test.DefaultKeyedValuesTest.java" Intrnl_Id="538">
<LocList>
<Loc EndOffset="14558" SrcFileId="2" StartOffset="14504"/>
</LocList>
</BasicStmnt>
<BasicStmnt CovItemId="S277" CovItemPrefix="org.jfree.data.test.DefaultKeyedValuesTest.java" Intrnl_Id="539">
<LocList>
<Loc EndOffset="14594" SrcFileId="2" StartOffset="14561"/>
</LocList>
</BasicStmnt>
<BasicStmnt CovItemId="S278" CovItemPrefix="org.jfree.data.test.DefaultKeyedValuesTest.java" Intrnl_Id="540">
<LocList>
<Loc EndOffset="14664" SrcFileId="2" StartOffset="14597"/>
</LocList>
</BasicStmnt>
<BasicStmnt CovItemId="S279" CovItemPrefix="org.jfree.data.test.DefaultKeyedValuesTest.java" Intrnl_Id="541">
<LocList>
<Loc EndOffset="14707" SrcFileId="2" StartOffset="14667"/>
</LocList>
</BasicStmnt>
<BasicStmnt CovItemId="S280" CovItemPrefix="org.jfree.data.test.DefaultKeyedValuesTest.java" Intrnl_Id="542">
<LocList>
<Loc EndOffset="14747" SrcFileId="2" StartOffset="14710"/>
</LocList>
</BasicStmnt>
</StmntSeq>
</HierarchyLvl>
<HierarchyLvl HierarchyLvlId="454" HierarchyLvlTypeId="8" Intrnl_Id="543" Name="testSortByKeys_fiveElementsAscending">
<Header>
<Loc EndOffset="14846" SrcFileId="2" StartOffset="14754"/>
</Header>
<LocList>
<Loc EndOffset="15315" SrcFileId="2" StartOffset="14754"/>
</LocList>
<StmntSeq Intrnl_Id="544">
<LocList>
<Loc EndOffset="14905" SrcFileId="2" StartOffset="14851"/>
<Loc EndOffset="14941" SrcFileId="2" StartOffset="14908"/>
<Loc EndOffset="14977" SrcFileId="2" StartOffset="14944"/>
<Loc EndOffset="15013" SrcFileId="2" StartOffset="14980"/>
<Loc EndOffset="15049" SrcFileId="2" StartOffset="15016"/>
<Loc EndOffset="15085" SrcFileId="2" StartOffset="15052"/>
<Loc EndOffset="15146" SrcFileId="2" StartOffset="15091"/>
<Loc EndOffset="15226" SrcFileId="2" StartOffset="15152"/>
<Loc EndOffset="15272" SrcFileId="2" StartOffset="15232"/>
<Loc EndOffset="15312" SrcFileId="2" StartOffset="15275"/>
</LocList>
<BasicStmnt CovItemId="S281" CovItemPrefix="org.jfree.data.test.DefaultKeyedValuesTest.java" Intrnl_Id="545">
<LocList>
<Loc EndOffset="14905" SrcFileId="2" StartOffset="14851"/>
</LocList>
</BasicStmnt>
<BasicStmnt CovItemId="S282" CovItemPrefix="org.jfree.data.test.DefaultKeyedValuesTest.java" Intrnl_Id="546">
<LocList>
<Loc EndOffset="14941" SrcFileId="2" StartOffset="14908"/>
</LocList>
</BasicStmnt>
<BasicStmnt CovItemId="S283" CovItemPrefix="org.jfree.data.test.DefaultKeyedValuesTest.java" Intrnl_Id="547">
<LocList>
<Loc EndOffset="14977" SrcFileId="2" StartOffset="14944"/>
</LocList>
</BasicStmnt>
<BasicStmnt CovItemId="S284" CovItemPrefix="org.jfree.data.test.DefaultKeyedValuesTest.java" Intrnl_Id="548">
<LocList>
<Loc EndOffset="15013" SrcFileId="2" StartOffset="14980"/>
</LocList>
</BasicStmnt>
<BasicStmnt CovItemId="S285" CovItemPrefix="org.jfree.data.test.DefaultKeyedValuesTest.java" Intrnl_Id="549">
<LocList>
<Loc EndOffset="15049" SrcFileId="2" StartOffset="15016"/>
</LocList>
</BasicStmnt>
<BasicStmnt CovItemId="S286" CovItemPrefix="org.jfree.data.test.DefaultKeyedValuesTest.java" Intrnl_Id="550">
<LocList>
<Loc EndOffset="15085" SrcFileId="2" StartOffset="15052"/>
</LocList>
</BasicStmnt>
<BasicStmnt CovItemId="S287" CovItemPrefix="org.jfree.data.test.DefaultKeyedValuesTest.java" Intrnl_Id="551">
<LocList>
<Loc EndOffset="15146" SrcFileId="2" StartOffset="15091"/>
</LocList>
</BasicStmnt>
<LoopStmnt CovItemId="S288" CovItemPrefix="org.jfree.data.test.DefaultKeyedValuesTest.java" Intrnl_Id="552" MltplExecId="L37-2" MltplExecPrefix="org.jfree.data.test.DefaultKeyedValuesTest.java" NvrExecId="L37-0" NvrExecPrefix="org.jfree.data.test.DefaultKeyedValuesTest.java" OnceExecutedId="L37-1" OnceExecutedPrefix="org.jfree.data.test.DefaultKeyedValuesTest.java" OptBodyExec="true">
<StmntSeq Intrnl_Id="553">
<LocList>
<Loc EndOffset="15222" SrcFileId="2" StartOffset="15185"/>
</LocList>
<BasicStmnt CovItemId="S289" CovItemPrefix="org.jfree.data.test.DefaultKeyedValuesTest.java" Intrnl_Id="554">
<LocList>
<Loc EndOffset="15222" SrcFileId="2" StartOffset="15185"/>
</LocList>
</BasicStmnt>
</StmntSeq>
<Keyword EndOffset="15155" SrcFileId="2" StartOffset="15152"/>
<LocList>
<Loc EndOffset="15226" SrcFileId="2" StartOffset="15152"/>
</LocList>
<RootTerm CovItemId="C37" CovItemPrefix="org.jfree.data.test.DefaultKeyedValuesTest.java" Intrnl_Id="555">
<BasicBoolTerm Intrnl_Id="556">
<LocList>
<Loc EndOffset="15173" SrcFileId="2" StartOffset="15167"/>
</LocList>
</BasicBoolTerm>
</RootTerm>
</LoopStmnt>
<BasicStmnt CovItemId="S290" CovItemPrefix="org.jfree.data.test.DefaultKeyedValuesTest.java" Intrnl_Id="557">
<LocList>
<Loc EndOffset="15272" SrcFileId="2" StartOffset="15232"/>
</LocList>
</BasicStmnt>
<BasicStmnt CovItemId="S291" CovItemPrefix="org.jfree.data.test.DefaultKeyedValuesTest.java" Intrnl_Id="558">
<LocList>
<Loc EndOffset="15312" SrcFileId="2" StartOffset="15275"/>
</LocList>
</BasicStmnt>
</StmntSeq>
</HierarchyLvl>
<HierarchyLvl HierarchyLvlId="455" HierarchyLvlTypeId="8" Intrnl_Id="559" Name="testSortByKeys_fiveElementsDescending">
<Header>
<Loc EndOffset="15412" SrcFileId="2" StartOffset="15319"/>
</Header>
<LocList>
<Loc EndOffset="15886" SrcFileId="2" StartOffset="15319"/>
</LocList>
<StmntSeq Intrnl_Id="560">
<LocList>
<Loc EndOffset="15471" SrcFileId="2" StartOffset="15417"/>
<Loc EndOffset="15507" SrcFileId="2" StartOffset="15474"/>
<Loc EndOffset="15543" SrcFileId="2" StartOffset="15510"/>
<Loc EndOffset="15579" SrcFileId="2" StartOffset="15546"/>
<Loc EndOffset="15615" SrcFileId="2" StartOffset="15582"/>
<Loc EndOffset="15651" SrcFileId="2" StartOffset="15618"/>
<Loc EndOffset="15712" SrcFileId="2" StartOffset="15657"/>
<Loc EndOffset="15796" SrcFileId="2" StartOffset="15718"/>
<Loc EndOffset="15843" SrcFileId="2" StartOffset="15802"/>
<Loc EndOffset="15883" SrcFileId="2" StartOffset="15846"/>
</LocList>
<BasicStmnt CovItemId="S292" CovItemPrefix="org.jfree.data.test.DefaultKeyedValuesTest.java" Intrnl_Id="561">
<LocList>
<Loc EndOffset="15471" SrcFileId="2" StartOffset="15417"/>
</LocList>
</BasicStmnt>
<BasicStmnt CovItemId="S293" CovItemPrefix="org.jfree.data.test.DefaultKeyedValuesTest.java" Intrnl_Id="562">
<LocList>
<Loc EndOffset="15507" SrcFileId="2" StartOffset="15474"/>
</LocList>
</BasicStmnt>
<BasicStmnt CovItemId="S294" CovItemPrefix="org.jfree.data.test.DefaultKeyedValuesTest.java" Intrnl_Id="563">
<LocList>
<Loc EndOffset="15543" SrcFileId="2" StartOffset="15510"/>
</LocList>
</BasicStmnt>
<BasicStmnt CovItemId="S295" CovItemPrefix="org.jfree.data.test.DefaultKeyedValuesTest.java" Intrnl_Id="564">
<LocList>
<Loc EndOffset="15579" SrcFileId="2" StartOffset="15546"/>
</LocList>
</BasicStmnt>
<BasicStmnt CovItemId="S296" CovItemPrefix="org.jfree.data.test.DefaultKeyedValuesTest.java" Intrnl_Id="565">
<LocList>
<Loc EndOffset="15615" SrcFileId="2" StartOffset="15582"/>
</LocList>
</BasicStmnt>
<BasicStmnt CovItemId="S297" CovItemPrefix="org.jfree.data.test.DefaultKeyedValuesTest.java" Intrnl_Id="566">
<LocList>
<Loc EndOffset="15651" SrcFileId="2" StartOffset="15618"/>
</LocList>
</BasicStmnt>
<BasicStmnt CovItemId="S298" CovItemPrefix="org.jfree.data.test.DefaultKeyedValuesTest.java" Intrnl_Id="567">
<LocList>
<Loc EndOffset="15712" SrcFileId="2" StartOffset="15657"/>
</LocList>
</BasicStmnt>
<LoopStmnt CovItemId="S299" CovItemPrefix="org.jfree.data.test.DefaultKeyedValuesTest.java" Intrnl_Id="568" MltplExecId="L38-2" MltplExecPrefix="org.jfree.data.test.DefaultKeyedValuesTest.java" NvrExecId="L38-0" NvrExecPrefix="org.jfree.data.test.DefaultKeyedValuesTest.java" OnceExecutedId="L38-1" OnceExecutedPrefix="org.jfree.data.test.DefaultKeyedValuesTest.java" OptBodyExec="true">
<StmntSeq Intrnl_Id="569">
<LocList>
<Loc EndOffset="15792" SrcFileId="2" StartOffset="15751"/>
</LocList>
<BasicStmnt CovItemId="S300" CovItemPrefix="org.jfree.data.test.DefaultKeyedValuesTest.java" Intrnl_Id="570">
<LocList>
<Loc EndOffset="15792" SrcFileId="2" StartOffset="15751"/>
</LocList>
</BasicStmnt>
</StmntSeq>
<Keyword EndOffset="15721" SrcFileId="2" StartOffset="15718"/>
<LocList>
<Loc EndOffset="15796" SrcFileId="2" StartOffset="15718"/>
</LocList>
<RootTerm CovItemId="C38" CovItemPrefix="org.jfree.data.test.DefaultKeyedValuesTest.java" Intrnl_Id="571">
<BasicBoolTerm Intrnl_Id="572">
<LocList>
<Loc EndOffset="15739" SrcFileId="2" StartOffset="15733"/>
</LocList>
</BasicBoolTerm>
</RootTerm>
</LoopStmnt>
<BasicStmnt CovItemId="S301" CovItemPrefix="org.jfree.data.test.DefaultKeyedValuesTest.java" Intrnl_Id="573">
<LocList>
<Loc EndOffset="15843" SrcFileId="2" StartOffset="15802"/>
</LocList>
</BasicStmnt>
<BasicStmnt CovItemId="S302" CovItemPrefix="org.jfree.data.test.DefaultKeyedValuesTest.java" Intrnl_Id="574">
<LocList>
<Loc EndOffset="15883" SrcFileId="2" StartOffset="15846"/>
</LocList>
</BasicStmnt>
</StmntSeq>
</HierarchyLvl>
<HierarchyLvl HierarchyLvlId="456" HierarchyLvlTypeId="8" Intrnl_Id="575" Name="testSortByValues_nullOrder">
<Header>
<Loc EndOffset="15961" SrcFileId="2" StartOffset="15913"/>
</Header>
<LocList>
<Loc EndOffset="16205" SrcFileId="2" StartOffset="15913"/>
</LocList>
<StmntSeq Intrnl_Id="576">
<LocList>
<Loc EndOffset="16020" SrcFileId="2" StartOffset="15966"/>
<Loc EndOffset="16053" SrcFileId="2" StartOffset="16026"/>
<Loc EndOffset="16095" SrcFileId="2" StartOffset="16068"/>
<Loc EndOffset="16161" SrcFileId="2" StartOffset="16059"/>
<Loc EndOffset="16198" SrcFileId="2" StartOffset="16175"/>
</LocList>
<BasicStmnt CovItemId="S303" CovItemPrefix="org.jfree.data.test.DefaultKeyedValuesTest.java" Intrnl_Id="577">
<LocList>
<Loc EndOffset="16020" SrcFileId="2" StartOffset="15966"/>
</LocList>
</BasicStmnt>
<BasicStmnt CovItemId="S304" CovItemPrefix="org.jfree.data.test.DefaultKeyedValuesTest.java" Intrnl_Id="578">
<LocList>
<Loc EndOffset="16053" SrcFileId="2" StartOffset="16026"/>
</LocList>
</BasicStmnt>
<BasicStmnt CovItemId="S306" CovItemPrefix="org.jfree.data.test.DefaultKeyedValuesTest.java" Intrnl_Id="579">
<LocList>
<Loc EndOffset="16095" SrcFileId="2" StartOffset="16068"/>
</LocList>
</BasicStmnt>
<CondStmnt CovItemId="S305" CovItemPrefix="org.jfree.data.test.DefaultKeyedValuesTest.java" Intrnl_Id="580">
<Branch CovItemId="B27" CovItemPrefix="org.jfree.data.test.DefaultKeyedValuesTest.java" Implct="true" Intrnl_Id="581">
<Cond/>
<LocList/>
<StmntSeq Intrnl_Id="582">
<LocList/>
</StmntSeq>
</Branch>
<Branch CovItemId="B28" CovItemPrefix="org.jfree.data.test.DefaultKeyedValuesTest.java" Implct="false" Intrnl_Id="583">
<Cond>
<Loc EndOffset="16133" SrcFileId="2" StartOffset="16100"/>
</Cond>
<LocList>
<Loc EndOffset="16161" SrcFileId="2" StartOffset="16134"/>
</LocList>
<StmntSeq Intrnl_Id="584">
<LocList>
<Loc EndOffset="16157" SrcFileId="2" StartOffset="16139"/>
</LocList>
<BasicStmnt CovItemId="S307" CovItemPrefix="org.jfree.data.test.DefaultKeyedValuesTest.java" Intrnl_Id="585">
<LocList>
<Loc EndOffset="16157" SrcFileId="2" StartOffset="16139"/>
</LocList>
</BasicStmnt>
</StmntSeq>
</Branch>
<Keyword EndOffset="16062" SrcFileId="2" StartOffset="16059"/>
<LocList>
<Loc EndOffset="16161" SrcFileId="2" StartOffset="16059"/>
</LocList>
</CondStmnt>
<BasicStmnt CovItemId="S308" CovItemPrefix="org.jfree.data.test.DefaultKeyedValuesTest.java" Intrnl_Id="586">
<LocList>
<Loc EndOffset="16198" SrcFileId="2" StartOffset="16175"/>
</LocList>
</BasicStmnt>
</StmntSeq>
</HierarchyLvl>
<HierarchyLvl HierarchyLvlId="457" HierarchyLvlTypeId="8" Intrnl_Id="587" Name="testSortByValues_emptySet">
<Header>
<Loc EndOffset="16256" SrcFileId="2" StartOffset="16209"/>
</Header>
<LocList>
<Loc EndOffset="16500" SrcFileId="2" StartOffset="16209"/>
</LocList>
<StmntSeq Intrnl_Id="588">
<LocList>
<Loc EndOffset="16315" SrcFileId="2" StartOffset="16261"/>
<Loc EndOffset="16347" SrcFileId="2" StartOffset="16321"/>
<Loc EndOffset="16404" SrcFileId="2" StartOffset="16362"/>
<Loc EndOffset="16456" SrcFileId="2" StartOffset="16353"/>
<Loc EndOffset="16493" SrcFileId="2" StartOffset="16470"/>
</LocList>
<BasicStmnt CovItemId="S309" CovItemPrefix="org.jfree.data.test.DefaultKeyedValuesTest.java" Intrnl_Id="589">
<LocList>
<Loc EndOffset="16315" SrcFileId="2" StartOffset="16261"/>
</LocList>
</BasicStmnt>
<BasicStmnt CovItemId="S310" CovItemPrefix="org.jfree.data.test.DefaultKeyedValuesTest.java" Intrnl_Id="590">
<LocList>
<Loc EndOffset="16347" SrcFileId="2" StartOffset="16321"/>
</LocList>
</BasicStmnt>
<BasicStmnt CovItemId="S312" CovItemPrefix="org.jfree.data.test.DefaultKeyedValuesTest.java" Intrnl_Id="591">
<LocList>
<Loc EndOffset="16404" SrcFileId="2" StartOffset="16362"/>
</LocList>
</BasicStmnt>
<CondStmnt CovItemId="S311" CovItemPrefix="org.jfree.data.test.DefaultKeyedValuesTest.java" Intrnl_Id="592">
<Branch CovItemId="B29" CovItemPrefix="org.jfree.data.test.DefaultKeyedValuesTest.java" Implct="true" Intrnl_Id="593">
<Cond/>
<LocList/>
<StmntSeq Intrnl_Id="594">
<LocList/>
</StmntSeq>
</Branch>
<Branch CovItemId="B30" CovItemPrefix="org.jfree.data.test.DefaultKeyedValuesTest.java" Implct="false" Intrnl_Id="595">
<Cond>
<Loc EndOffset="16427" SrcFileId="2" StartOffset="16409"/>
</Cond>
<LocList>
<Loc EndOffset="16456" SrcFileId="2" StartOffset="16428"/>
</LocList>
<StmntSeq Intrnl_Id="596">
<LocList>
<Loc EndOffset="16452" SrcFileId="2" StartOffset="16433"/>
</LocList>
<BasicStmnt CovItemId="S313" CovItemPrefix="org.jfree.data.test.DefaultKeyedValuesTest.java" Intrnl_Id="597">
<LocList>
<Loc EndOffset="16452" SrcFileId="2" StartOffset="16433"/>
</LocList>
</BasicStmnt>
</StmntSeq>
</Branch>
<Keyword EndOffset="16356" SrcFileId="2" StartOffset="16353"/>
<LocList>
<Loc EndOffset="16456" SrcFileId="2" StartOffset="16353"/>
</LocList>
</CondStmnt>
<BasicStmnt CovItemId="S314" CovItemPrefix="org.jfree.data.test.DefaultKeyedValuesTest.java" Intrnl_Id="598">
<LocList>
<Loc EndOffset="16493" SrcFileId="2" StartOffset="16470"/>
</LocList>
</BasicStmnt>
</StmntSeq>
</HierarchyLvl>
<HierarchyLvl HierarchyLvlId="458" HierarchyLvlTypeId="8" Intrnl_Id="599" Name="testSortByValues_oneElement">
<Header>
<Loc EndOffset="16587" SrcFileId="2" StartOffset="16504"/>
</Header>
<LocList>
<Loc EndOffset="16840" SrcFileId="2" StartOffset="16504"/>
</LocList>
<StmntSeq Intrnl_Id="600">
<LocList>
<Loc EndOffset="16646" SrcFileId="2" StartOffset="16592"/>
<Loc EndOffset="16682" SrcFileId="2" StartOffset="16649"/>
<Loc EndOffset="16752" SrcFileId="2" StartOffset="16685"/>
<Loc EndOffset="16797" SrcFileId="2" StartOffset="16755"/>
<Loc EndOffset="16837" SrcFileId="2" StartOffset="16800"/>
</LocList>
<BasicStmnt CovItemId="S315" CovItemPrefix="org.jfree.data.test.DefaultKeyedValuesTest.java" Intrnl_Id="601">
<LocList>
<Loc EndOffset="16646" SrcFileId="2" StartOffset="16592"/>
</LocList>
</BasicStmnt>
<BasicStmnt CovItemId="S316" CovItemPrefix="org.jfree.data.test.DefaultKeyedValuesTest.java" Intrnl_Id="602">
<LocList>
<Loc EndOffset="16682" SrcFileId="2" StartOffset="16649"/>
</LocList>
</BasicStmnt>
<BasicStmnt CovItemId="S317" CovItemPrefix="org.jfree.data.test.DefaultKeyedValuesTest.java" Intrnl_Id="603">
<LocList>
<Loc EndOffset="16752" SrcFileId="2" StartOffset="16685"/>
</LocList>
</BasicStmnt>
<BasicStmnt CovItemId="S318" CovItemPrefix="org.jfree.data.test.DefaultKeyedValuesTest.java" Intrnl_Id="604">
<LocList>
<Loc EndOffset="16797" SrcFileId="2" StartOffset="16755"/>
</LocList>
</BasicStmnt>
<BasicStmnt CovItemId="S319" CovItemPrefix="org.jfree.data.test.DefaultKeyedValuesTest.java" Intrnl_Id="605">
<LocList>
<Loc EndOffset="16837" SrcFileId="2" StartOffset="16800"/>
</LocList>
</BasicStmnt>
</StmntSeq>
</HierarchyLvl>
<HierarchyLvl HierarchyLvlId="459" HierarchyLvlTypeId="8" Intrnl_Id="606" Name="testSortByValues_fiveElementsAscending">
<Header>
<Loc EndOffset="16938" SrcFileId="2" StartOffset="16844"/>
</Header>
<LocList>
<Loc EndOffset="17409" SrcFileId="2" StartOffset="16844"/>
</LocList>
<StmntSeq Intrnl_Id="607">
<LocList>
<Loc EndOffset="16997" SrcFileId="2" StartOffset="16943"/>
<Loc EndOffset="17033" SrcFileId="2" StartOffset="17000"/>
<Loc EndOffset="17069" SrcFileId="2" StartOffset="17036"/>
<Loc EndOffset="17105" SrcFileId="2" StartOffset="17072"/>
<Loc EndOffset="17141" SrcFileId="2" StartOffset="17108"/>
<Loc EndOffset="17177" SrcFileId="2" StartOffset="17144"/>
<Loc EndOffset="17238" SrcFileId="2" StartOffset="17183"/>
<Loc EndOffset="17318" SrcFileId="2" StartOffset="17244"/>
<Loc EndOffset="17366" SrcFileId="2" StartOffset="17324"/>
<Loc EndOffset="17406" SrcFileId="2" StartOffset="17369"/>
</LocList>
<BasicStmnt CovItemId="S320" CovItemPrefix="org.jfree.data.test.DefaultKeyedValuesTest.java" Intrnl_Id="608">
<LocList>
<Loc EndOffset="16997" SrcFileId="2" StartOffset="16943"/>
</LocList>
</BasicStmnt>
<BasicStmnt CovItemId="S321" CovItemPrefix="org.jfree.data.test.DefaultKeyedValuesTest.java" Intrnl_Id="609">
<LocList>
<Loc EndOffset="17033" SrcFileId="2" StartOffset="17000"/>
</LocList>
</BasicStmnt>
<BasicStmnt CovItemId="S322" CovItemPrefix="org.jfree.data.test.DefaultKeyedValuesTest.java" Intrnl_Id="610">
<LocList>
<Loc EndOffset="17069" SrcFileId="2" StartOffset="17036"/>
</LocList>
</BasicStmnt>
<BasicStmnt CovItemId="S323" CovItemPrefix="org.jfree.data.test.DefaultKeyedValuesTest.java" Intrnl_Id="611">
<LocList>
<Loc EndOffset="17105" SrcFileId="2" StartOffset="17072"/>
</LocList>
</BasicStmnt>
<BasicStmnt CovItemId="S324" CovItemPrefix="org.jfree.data.test.DefaultKeyedValuesTest.java" Intrnl_Id="612">
<LocList>
<Loc EndOffset="17141" SrcFileId="2" StartOffset="17108"/>
</LocList>
</BasicStmnt>
<BasicStmnt CovItemId="S325" CovItemPrefix="org.jfree.data.test.DefaultKeyedValuesTest.java" Intrnl_Id="613">
<LocList>
<Loc EndOffset="17177" SrcFileId="2" StartOffset="17144"/>
</LocList>
</BasicStmnt>
<BasicStmnt CovItemId="S326" CovItemPrefix="org.jfree.data.test.DefaultKeyedValuesTest.java" Intrnl_Id="614">
<LocList>
<Loc EndOffset="17238" SrcFileId="2" StartOffset="17183"/>
</LocList>
</BasicStmnt>
<LoopStmnt CovItemId="S327" CovItemPrefix="org.jfree.data.test.DefaultKeyedValuesTest.java" Intrnl_Id="615" MltplExecId="L39-2" MltplExecPrefix="org.jfree.data.test.DefaultKeyedValuesTest.java" NvrExecId="L39-0" NvrExecPrefix="org.jfree.data.test.DefaultKeyedValuesTest.java" OnceExecutedId="L39-1" OnceExecutedPrefix="org.jfree.data.test.DefaultKeyedValuesTest.java" OptBodyExec="true">
<StmntSeq Intrnl_Id="616">
<LocList>
<Loc EndOffset="17314" SrcFileId="2" StartOffset="17277"/>
</LocList>
<BasicStmnt CovItemId="S328" CovItemPrefix="org.jfree.data.test.DefaultKeyedValuesTest.java" Intrnl_Id="617">
<LocList>
<Loc EndOffset="17314" SrcFileId="2" StartOffset="17277"/>
</LocList>
</BasicStmnt>
</StmntSeq>
<Keyword EndOffset="17247" SrcFileId="2" StartOffset="17244"/>
<LocList>
<Loc EndOffset="17318" SrcFileId="2" StartOffset="17244"/>
</LocList>
<RootTerm CovItemId="C39" CovItemPrefix="org.jfree.data.test.DefaultKeyedValuesTest.java" Intrnl_Id="618">
<BasicBoolTerm Intrnl_Id="619">
<LocList>
<Loc EndOffset="17265" SrcFileId="2" StartOffset="17259"/>
</LocList>
</BasicBoolTerm>
</RootTerm>
</LoopStmnt>
<BasicStmnt CovItemId="S329" CovItemPrefix="org.jfree.data.test.DefaultKeyedValuesTest.java" Intrnl_Id="620">
<LocList>
<Loc EndOffset="17366" SrcFileId="2" StartOffset="17324"/>
</LocList>
</BasicStmnt>
<BasicStmnt CovItemId="S330" CovItemPrefix="org.jfree.data.test.DefaultKeyedValuesTest.java" Intrnl_Id="621">
<LocList>
<Loc EndOffset="17406" SrcFileId="2" StartOffset="17369"/>
</LocList>
</BasicStmnt>
</StmntSeq>
</HierarchyLvl>
<HierarchyLvl HierarchyLvlId="460" HierarchyLvlTypeId="8" Intrnl_Id="622" Name="testSortByValues_fiveElementsDescending">
<Header>
<Loc EndOffset="17508" SrcFileId="2" StartOffset="17413"/>
</Header>
<LocList>
<Loc EndOffset="17984" SrcFileId="2" StartOffset="17413"/>
</LocList>
<StmntSeq Intrnl_Id="623">
<LocList>
<Loc EndOffset="17567" SrcFileId="2" StartOffset="17513"/>
<Loc EndOffset="17603" SrcFileId="2" StartOffset="17570"/>
<Loc EndOffset="17639" SrcFileId="2" StartOffset="17606"/>
<Loc EndOffset="17675" SrcFileId="2" StartOffset="17642"/>
<Loc EndOffset="17711" SrcFileId="2" StartOffset="17678"/>
<Loc EndOffset="17747" SrcFileId="2" StartOffset="17714"/>
<Loc EndOffset="17808" SrcFileId="2" StartOffset="17753"/>
<Loc EndOffset="17892" SrcFileId="2" StartOffset="17814"/>
<Loc EndOffset="17941" SrcFileId="2" StartOffset="17898"/>
<Loc EndOffset="17981" SrcFileId="2" StartOffset="17944"/>
</LocList>
<BasicStmnt CovItemId="S331" CovItemPrefix="org.jfree.data.test.DefaultKeyedValuesTest.java" Intrnl_Id="624">
<LocList>
<Loc EndOffset="17567" SrcFileId="2" StartOffset="17513"/>
</LocList>
</BasicStmnt>
<BasicStmnt CovItemId="S332" CovItemPrefix="org.jfree.data.test.DefaultKeyedValuesTest.java" Intrnl_Id="625">
<LocList>
<Loc EndOffset="17603" SrcFileId="2" StartOffset="17570"/>
</LocList>
</BasicStmnt>
<BasicStmnt CovItemId="S333" CovItemPrefix="org.jfree.data.test.DefaultKeyedValuesTest.java" Intrnl_Id="626">
<LocList>
<Loc EndOffset="17639" SrcFileId="2" StartOffset="17606"/>
</LocList>
</BasicStmnt>
<BasicStmnt CovItemId="S334" CovItemPrefix="org.jfree.data.test.DefaultKeyedValuesTest.java" Intrnl_Id="627">
<LocList>
<Loc EndOffset="17675" SrcFileId="2" StartOffset="17642"/>
</LocList>
</BasicStmnt>
<BasicStmnt CovItemId="S335" CovItemPrefix="org.jfree.data.test.DefaultKeyedValuesTest.java" Intrnl_Id="628">
<LocList>
<Loc EndOffset="17711" SrcFileId="2" StartOffset="17678"/>
</LocList>
</BasicStmnt>
<BasicStmnt CovItemId="S336" CovItemPrefix="org.jfree.data.test.DefaultKeyedValuesTest.java" Intrnl_Id="629">
<LocList>
<Loc EndOffset="17747" SrcFileId="2" StartOffset="17714"/>
</LocList>
</BasicStmnt>
<BasicStmnt CovItemId="S337" CovItemPrefix="org.jfree.data.test.DefaultKeyedValuesTest.java" Intrnl_Id="630">
<LocList>
<Loc EndOffset="17808" SrcFileId="2" StartOffset="17753"/>
</LocList>
</BasicStmnt>
<LoopStmnt CovItemId="S338" CovItemPrefix="org.jfree.data.test.DefaultKeyedValuesTest.java" Intrnl_Id="631" MltplExecId="L40-2" MltplExecPrefix="org.jfree.data.test.DefaultKeyedValuesTest.java" NvrExecId="L40-0" NvrExecPrefix="org.jfree.data.test.DefaultKeyedValuesTest.java" OnceExecutedId="L40-1" OnceExecutedPrefix="org.jfree.data.test.DefaultKeyedValuesTest.java" OptBodyExec="true">
<StmntSeq Intrnl_Id="632">
<LocList>
<Loc EndOffset="17888" SrcFileId="2" StartOffset="17847"/>
</LocList>
<BasicStmnt CovItemId="S339" CovItemPrefix="org.jfree.data.test.DefaultKeyedValuesTest.java" Intrnl_Id="633">
<LocList>
<Loc EndOffset="17888" SrcFileId="2" StartOffset="17847"/>
</LocList>
</BasicStmnt>
</StmntSeq>
<Keyword EndOffset="17817" SrcFileId="2" StartOffset="17814"/>
<LocList>
<Loc EndOffset="17892" SrcFileId="2" StartOffset="17814"/>
</LocList>
<RootTerm CovItemId="C40" CovItemPrefix="org.jfree.data.test.DefaultKeyedValuesTest.java" Intrnl_Id="634">
<BasicBoolTerm Intrnl_Id="635">
<LocList>
<Loc EndOffset="17835" SrcFileId="2" StartOffset="17829"/>
</LocList>
</BasicBoolTerm>
</RootTerm>
</LoopStmnt>
<BasicStmnt CovItemId="S340" CovItemPrefix="org.jfree.data.test.DefaultKeyedValuesTest.java" Intrnl_Id="636">
<LocList>
<Loc EndOffset="17941" SrcFileId="2" StartOffset="17898"/>
</LocList>
</BasicStmnt>
<BasicStmnt CovItemId="S341" CovItemPrefix="org.jfree.data.test.DefaultKeyedValuesTest.java" Intrnl_Id="637">
<LocList>
<Loc EndOffset="17981" SrcFileId="2" StartOffset="17944"/>
</LocList>
</BasicStmnt>
</StmntSeq>
</HierarchyLvl>
<HierarchyLvl HierarchyLvlId="461" HierarchyLvlTypeId="8" Intrnl_Id="638" Name="testSortByValues_oneNullValueAmidFive">
<Header>
<Loc EndOffset="18081" SrcFileId="2" StartOffset="17988"/>
</Header>
<LocList>
<Loc EndOffset="18596" SrcFileId="2" StartOffset="17988"/>
</LocList>
<StmntSeq Intrnl_Id="639">
<LocList>
<Loc EndOffset="18140" SrcFileId="2" StartOffset="18086"/>
<Loc EndOffset="18176" SrcFileId="2" StartOffset="18143"/>
<Loc EndOffset="18212" SrcFileId="2" StartOffset="18179"/>
<Loc EndOffset="18248" SrcFileId="2" StartOffset="18215"/>
<Loc EndOffset="18284" SrcFileId="2" StartOffset="18251"/>
<Loc EndOffset="18323" SrcFileId="2" StartOffset="18287"/>
<Loc EndOffset="18384" SrcFileId="2" StartOffset="18329"/>
<Loc EndOffset="18463" SrcFileId="2" StartOffset="18390"/>
<Loc EndOffset="18505" SrcFileId="2" StartOffset="18469"/>
<Loc EndOffset="18553" SrcFileId="2" StartOffset="18511"/>
<Loc EndOffset="18593" SrcFileId="2" StartOffset="18556"/>
</LocList>
<BasicStmnt CovItemId="S342" CovItemPrefix="org.jfree.data.test.DefaultKeyedValuesTest.java" Intrnl_Id="640">
<LocList>
<Loc EndOffset="18140" SrcFileId="2" StartOffset="18086"/>
</LocList>
</BasicStmnt>
<BasicStmnt CovItemId="S343" CovItemPrefix="org.jfree.data.test.DefaultKeyedValuesTest.java" Intrnl_Id="641">
<LocList>
<Loc EndOffset="18176" SrcFileId="2" StartOffset="18143"/>
</LocList>
</BasicStmnt>
<BasicStmnt CovItemId="S344" CovItemPrefix="org.jfree.data.test.DefaultKeyedValuesTest.java" Intrnl_Id="642">
<LocList>
<Loc EndOffset="18212" SrcFileId="2" StartOffset="18179"/>
</LocList>
</BasicStmnt>
<BasicStmnt CovItemId="S345" CovItemPrefix="org.jfree.data.test.DefaultKeyedValuesTest.java" Intrnl_Id="643">
<LocList>
<Loc EndOffset="18248" SrcFileId="2" StartOffset="18215"/>
</LocList>
</BasicStmnt>
<BasicStmnt CovItemId="S346" CovItemPrefix="org.jfree.data.test.DefaultKeyedValuesTest.java" Intrnl_Id="644">
<LocList>
<Loc EndOffset="18284" SrcFileId="2" StartOffset="18251"/>
</LocList>
</BasicStmnt>
<BasicStmnt CovItemId="S347" CovItemPrefix="org.jfree.data.test.DefaultKeyedValuesTest.java" Intrnl_Id="645">
<LocList>
<Loc EndOffset="18323" SrcFileId="2" StartOffset="18287"/>
</LocList>
</BasicStmnt>
<BasicStmnt CovItemId="S348" CovItemPrefix="org.jfree.data.test.DefaultKeyedValuesTest.java" Intrnl_Id="646">
<LocList>
<Loc EndOffset="18384" SrcFileId="2" StartOffset="18329"/>
</LocList>
</BasicStmnt>
<LoopStmnt CovItemId="S349" CovItemPrefix="org.jfree.data.test.DefaultKeyedValuesTest.java" Intrnl_Id="647" MltplExecId="L41-2" MltplExecPrefix="org.jfree.data.test.DefaultKeyedValuesTest.java" NvrExecId="L41-0" NvrExecPrefix="org.jfree.data.test.DefaultKeyedValuesTest.java" OnceExecutedId="L41-1" OnceExecutedPrefix="org.jfree.data.test.DefaultKeyedValuesTest.java" OptBodyExec="true">
<StmntSeq Intrnl_Id="648">
<LocList>
<Loc EndOffset="18459" SrcFileId="2" StartOffset="18422"/>
</LocList>
<BasicStmnt CovItemId="S350" CovItemPrefix="org.jfree.data.test.DefaultKeyedValuesTest.java" Intrnl_Id="649">
<LocList>
<Loc EndOffset="18459" SrcFileId="2" StartOffset="18422"/>
</LocList>
</BasicStmnt>
</StmntSeq>
<Keyword EndOffset="18393" SrcFileId="2" StartOffset="18390"/>
<LocList>
<Loc EndOffset="18463" SrcFileId="2" StartOffset="18390"/>
</LocList>
<RootTerm CovItemId="C41" CovItemPrefix="org.jfree.data.test.DefaultKeyedValuesTest.java" Intrnl_Id="650">
<BasicBoolTerm Intrnl_Id="651">
<LocList>
<Loc EndOffset="18410" SrcFileId="2" StartOffset="18405"/>
</LocList>
</BasicBoolTerm>
</RootTerm>
</LoopStmnt>
<BasicStmnt CovItemId="S351" CovItemPrefix="org.jfree.data.test.DefaultKeyedValuesTest.java" Intrnl_Id="652">
<LocList>
<Loc EndOffset="18505" SrcFileId="2" StartOffset="18469"/>
</LocList>
</BasicStmnt>
<BasicStmnt CovItemId="S352" CovItemPrefix="org.jfree.data.test.DefaultKeyedValuesTest.java" Intrnl_Id="653">
<LocList>
<Loc EndOffset="18553" SrcFileId="2" StartOffset="18511"/>
</LocList>
</BasicStmnt>
<BasicStmnt CovItemId="S353" CovItemPrefix="org.jfree.data.test.DefaultKeyedValuesTest.java" Intrnl_Id="654">
<LocList>
<Loc EndOffset="18593" SrcFileId="2" StartOffset="18556"/>
</LocList>
</BasicStmnt>
</StmntSeq>
</HierarchyLvl>
<HierarchyLvl HierarchyLvlId="462" HierarchyLvlTypeId="8" Intrnl_Id="655" Name="testSortByValues_twoNullValuesAmidFiveAscending">
<Header>
<Loc EndOffset="18703" SrcFileId="2" StartOffset="18600"/>
</Header>
<LocList>
<Loc EndOffset="19289" SrcFileId="2" StartOffset="18600"/>
</LocList>
<StmntSeq Intrnl_Id="656">
<LocList>
<Loc EndOffset="18762" SrcFileId="2" StartOffset="18708"/>
<Loc EndOffset="18798" SrcFileId="2" StartOffset="18765"/>
<Loc EndOffset="18837" SrcFileId="2" StartOffset="18801"/>
<Loc EndOffset="18873" SrcFileId="2" StartOffset="18840"/>
<Loc EndOffset="18909" SrcFileId="2" StartOffset="18876"/>
<Loc EndOffset="18948" SrcFileId="2" StartOffset="18912"/>
<Loc EndOffset="19009" SrcFileId="2" StartOffset="18954"/>
<Loc EndOffset="19048" SrcFileId="2" StartOffset="19015"/>
<Loc EndOffset="19084" SrcFileId="2" StartOffset="19051"/>
<Loc EndOffset="19120" SrcFileId="2" StartOffset="19087"/>
<Loc EndOffset="19159" SrcFileId="2" StartOffset="19123"/>
<Loc EndOffset="19198" SrcFileId="2" StartOffset="19162"/>
<Loc EndOffset="19246" SrcFileId="2" StartOffset="19204"/>
<Loc EndOffset="19286" SrcFileId="2" StartOffset="19249"/>
</LocList>
<BasicStmnt CovItemId="S354" CovItemPrefix="org.jfree.data.test.DefaultKeyedValuesTest.java" Intrnl_Id="657">
<LocList>
<Loc EndOffset="18762" SrcFileId="2" StartOffset="18708"/>
</LocList>
</BasicStmnt>
<BasicStmnt CovItemId="S355" CovItemPrefix="org.jfree.data.test.DefaultKeyedValuesTest.java" Intrnl_Id="658">
<LocList>
<Loc EndOffset="18798" SrcFileId="2" StartOffset="18765"/>
</LocList>
</BasicStmnt>
<BasicStmnt CovItemId="S356" CovItemPrefix="org.jfree.data.test.DefaultKeyedValuesTest.java" Intrnl_Id="659">
<LocList>
<Loc EndOffset="18837" SrcFileId="2" StartOffset="18801"/>
</LocList>
</BasicStmnt>
<BasicStmnt CovItemId="S357" CovItemPrefix="org.jfree.data.test.DefaultKeyedValuesTest.java" Intrnl_Id="660">
<LocList>
<Loc EndOffset="18873" SrcFileId="2" StartOffset="18840"/>
</LocList>
</BasicStmnt>
<BasicStmnt CovItemId="S358" CovItemPrefix="org.jfree.data.test.DefaultKeyedValuesTest.java" Intrnl_Id="661">
<LocList>
<Loc EndOffset="18909" SrcFileId="2" StartOffset="18876"/>
</LocList>
</BasicStmnt>
<BasicStmnt CovItemId="S359" CovItemPrefix="org.jfree.data.test.DefaultKeyedValuesTest.java" Intrnl_Id="662">
<LocList>
<Loc EndOffset="18948" SrcFileId="2" StartOffset="18912"/>
</LocList>
</BasicStmnt>
<BasicStmnt CovItemId="S360" CovItemPrefix="org.jfree.data.test.DefaultKeyedValuesTest.java" Intrnl_Id="663">
<LocList>
<Loc EndOffset="19009" SrcFileId="2" StartOffset="18954"/>
</LocList>
</BasicStmnt>
<BasicStmnt CovItemId="S361" CovItemPrefix="org.jfree.data.test.DefaultKeyedValuesTest.java" Intrnl_Id="664">
<LocList>
<Loc EndOffset="19048" SrcFileId="2" StartOffset="19015"/>
</LocList>
</BasicStmnt>
<BasicStmnt CovItemId="S362" CovItemPrefix="org.jfree.data.test.DefaultKeyedValuesTest.java" Intrnl_Id="665">
<LocList>
<Loc EndOffset="19084" SrcFileId="2" StartOffset="19051"/>
</LocList>
</BasicStmnt>
<BasicStmnt CovItemId="S363" CovItemPrefix="org.jfree.data.test.DefaultKeyedValuesTest.java" Intrnl_Id="666">
<LocList>
<Loc EndOffset="19120" SrcFileId="2" StartOffset="19087"/>
</LocList>
</BasicStmnt>
<BasicStmnt CovItemId="S364" CovItemPrefix="org.jfree.data.test.DefaultKeyedValuesTest.java" Intrnl_Id="667">
<LocList>
<Loc EndOffset="19159" SrcFileId="2" StartOffset="19123"/>
</LocList>
</BasicStmnt>
<BasicStmnt CovItemId="S365" CovItemPrefix="org.jfree.data.test.DefaultKeyedValuesTest.java" Intrnl_Id="668">
<LocList>
<Loc EndOffset="19198" SrcFileId="2" StartOffset="19162"/>
</LocList>
</BasicStmnt>
<BasicStmnt CovItemId="S366" CovItemPrefix="org.jfree.data.test.DefaultKeyedValuesTest.java" Intrnl_Id="669">
<LocList>
<Loc EndOffset="19246" SrcFileId="2" StartOffset="19204"/>
</LocList>
</BasicStmnt>
<BasicStmnt CovItemId="S367" CovItemPrefix="org.jfree.data.test.DefaultKeyedValuesTest.java" Intrnl_Id="670">
<LocList>
<Loc EndOffset="19286" SrcFileId="2" StartOffset="19249"/>
</LocList>
</BasicStmnt>
</StmntSeq>
</HierarchyLvl>
<HierarchyLvl HierarchyLvlId="463" HierarchyLvlTypeId="8" Intrnl_Id="671" Name="testSortByValues_twoNullValuesAmidFiveDescending">
<Header>
<Loc EndOffset="19397" SrcFileId="2" StartOffset="19293"/>
</Header>
<LocList>
<Loc EndOffset="19984" SrcFileId="2" StartOffset="19293"/>
</LocList>
<StmntSeq Intrnl_Id="672">
<LocList>
<Loc EndOffset="19456" SrcFileId="2" StartOffset="19402"/>
<Loc EndOffset="19492" SrcFileId="2" StartOffset="19459"/>
<Loc EndOffset="19531" SrcFileId="2" StartOffset="19495"/>
<Loc EndOffset="19567" SrcFileId="2" StartOffset="19534"/>
<Loc EndOffset="19603" SrcFileId="2" StartOffset="19570"/>
<Loc EndOffset="19642" SrcFileId="2" StartOffset="19606"/>
<Loc EndOffset="19703" SrcFileId="2" StartOffset="19648"/>
<Loc EndOffset="19742" SrcFileId="2" StartOffset="19709"/>
<Loc EndOffset="19778" SrcFileId="2" StartOffset="19745"/>
<Loc EndOffset="19814" SrcFileId="2" StartOffset="19781"/>
<Loc EndOffset="19853" SrcFileId="2" StartOffset="19817"/>
<Loc EndOffset="19892" SrcFileId="2" StartOffset="19856"/>
<Loc EndOffset="19941" SrcFileId="2" StartOffset="19898"/>
<Loc EndOffset="19981" SrcFileId="2" StartOffset="19944"/>
</LocList>
<BasicStmnt CovItemId="S368" CovItemPrefix="org.jfree.data.test.DefaultKeyedValuesTest.java" Intrnl_Id="673">
<LocList>
<Loc EndOffset="19456" SrcFileId="2" StartOffset="19402"/>
</LocList>
</BasicStmnt>
<BasicStmnt CovItemId="S369" CovItemPrefix="org.jfree.data.test.DefaultKeyedValuesTest.java" Intrnl_Id="674">
<LocList>
<Loc EndOffset="19492" SrcFileId="2" StartOffset="19459"/>
</LocList>
</BasicStmnt>
<BasicStmnt CovItemId="S370" CovItemPrefix="org.jfree.data.test.DefaultKeyedValuesTest.java" Intrnl_Id="675">
<LocList>
<Loc EndOffset="19531" SrcFileId="2" StartOffset="19495"/>
</LocList>
</BasicStmnt>
<BasicStmnt CovItemId="S371" CovItemPrefix="org.jfree.data.test.DefaultKeyedValuesTest.java" Intrnl_Id="676">
<LocList>
<Loc EndOffset="19567" SrcFileId="2" StartOffset="19534"/>
</LocList>
</BasicStmnt>
<BasicStmnt CovItemId="S372" CovItemPrefix="org.jfree.data.test.DefaultKeyedValuesTest.java" Intrnl_Id="677">
<LocList>
<Loc EndOffset="19603" SrcFileId="2" StartOffset="19570"/>
</LocList>
</BasicStmnt>
<BasicStmnt CovItemId="S373" CovItemPrefix="org.jfree.data.test.DefaultKeyedValuesTest.java" Intrnl_Id="678">
<LocList>
<Loc EndOffset="19642" SrcFileId="2" StartOffset="19606"/>
</LocList>
</BasicStmnt>
<BasicStmnt CovItemId="S374" CovItemPrefix="org.jfree.data.test.DefaultKeyedValuesTest.java" Intrnl_Id="679">
<LocList>
<Loc EndOffset="19703" SrcFileId="2" StartOffset="19648"/>
</LocList>
</BasicStmnt>
<BasicStmnt CovItemId="S375" CovItemPrefix="org.jfree.data.test.DefaultKeyedValuesTest.java" Intrnl_Id="680">
<LocList>
<Loc EndOffset="19742" SrcFileId="2" StartOffset="19709"/>
</LocList>
</BasicStmnt>
<BasicStmnt CovItemId="S376" CovItemPrefix="org.jfree.data.test.DefaultKeyedValuesTest.java" Intrnl_Id="681">
<LocList>
<Loc EndOffset="19778" SrcFileId="2" StartOffset="19745"/>
</LocList>
</BasicStmnt>
<BasicStmnt CovItemId="S377" CovItemPrefix="org.jfree.data.test.DefaultKeyedValuesTest.java" Intrnl_Id="682">
<LocList>
<Loc EndOffset="19814" SrcFileId="2" StartOffset="19781"/>
</LocList>
</BasicStmnt>
<BasicStmnt CovItemId="S378" CovItemPrefix="org.jfree.data.test.DefaultKeyedValuesTest.java" Intrnl_Id="683">
<LocList>
<Loc EndOffset="19853" SrcFileId="2" StartOffset="19817"/>
</LocList>
</BasicStmnt>
<BasicStmnt CovItemId="S379" CovItemPrefix="org.jfree.data.test.DefaultKeyedValuesTest.java" Intrnl_Id="684">
<LocList>
<Loc EndOffset="19892" SrcFileId="2" StartOffset="19856"/>
</LocList>
</BasicStmnt>
<BasicStmnt CovItemId="S380" CovItemPrefix="org.jfree.data.test.DefaultKeyedValuesTest.java" Intrnl_Id="685">
<LocList>
<Loc EndOffset="19941" SrcFileId="2" StartOffset="19898"/>
</LocList>
</BasicStmnt>
<BasicStmnt CovItemId="S381" CovItemPrefix="org.jfree.data.test.DefaultKeyedValuesTest.java" Intrnl_Id="686">
<LocList>
<Loc EndOffset="19981" SrcFileId="2" StartOffset="19944"/>
</LocList>
</BasicStmnt>
</StmntSeq>
</HierarchyLvl>
<HierarchyLvl HierarchyLvlId="464" HierarchyLvlTypeId="8" Intrnl_Id="687" Name="testSortByValues_allNullValues">
<Header>
<Loc EndOffset="20074" SrcFileId="2" StartOffset="19988"/>
</Header>
<LocList>
<Loc EndOffset="20493" SrcFileId="2" StartOffset="19988"/>
</LocList>
<StmntSeq Intrnl_Id="688">
<LocList>
<Loc EndOffset="20133" SrcFileId="2" StartOffset="20079"/>
<Loc EndOffset="20172" SrcFileId="2" StartOffset="20136"/>
<Loc EndOffset="20211" SrcFileId="2" StartOffset="20175"/>
<Loc EndOffset="20250" SrcFileId="2" StartOffset="20214"/>
<Loc EndOffset="20289" SrcFileId="2" StartOffset="20253"/>
<Loc EndOffset="20328" SrcFileId="2" StartOffset="20292"/>
<Loc EndOffset="20401" SrcFileId="2" StartOffset="20334"/>
<Loc EndOffset="20450" SrcFileId="2" StartOffset="20407"/>
<Loc EndOffset="20490" SrcFileId="2" StartOffset="20453"/>
</LocList>
<BasicStmnt CovItemId="S382" CovItemPrefix="org.jfree.data.test.DefaultKeyedValuesTest.java" Intrnl_Id="689">
<LocList>
<Loc EndOffset="20133" SrcFileId="2" StartOffset="20079"/>
</LocList>
</BasicStmnt>
<BasicStmnt CovItemId="S383" CovItemPrefix="org.jfree.data.test.DefaultKeyedValuesTest.java" Intrnl_Id="690">
<LocList>
<Loc EndOffset="20172" SrcFileId="2" StartOffset="20136"/>
</LocList>
</BasicStmnt>
<BasicStmnt CovItemId="S384" CovItemPrefix="org.jfree.data.test.DefaultKeyedValuesTest.java" Intrnl_Id="691">
<LocList>
<Loc EndOffset="20211" SrcFileId="2" StartOffset="20175"/>
</LocList>
</BasicStmnt>
<BasicStmnt CovItemId="S385" CovItemPrefix="org.jfree.data.test.DefaultKeyedValuesTest.java" Intrnl_Id="692">
<LocList>
<Loc EndOffset="20250" SrcFileId="2" StartOffset="20214"/>
</LocList>
</BasicStmnt>
<BasicStmnt CovItemId="S386" CovItemPrefix="org.jfree.data.test.DefaultKeyedValuesTest.java" Intrnl_Id="693">
<LocList>
<Loc EndOffset="20289" SrcFileId="2" StartOffset="20253"/>
</LocList>
</BasicStmnt>
<BasicStmnt CovItemId="S387" CovItemPrefix="org.jfree.data.test.DefaultKeyedValuesTest.java" Intrnl_Id="694">
<LocList>
<Loc EndOffset="20328" SrcFileId="2" StartOffset="20292"/>
</LocList>
</BasicStmnt>
<BasicStmnt CovItemId="S388" CovItemPrefix="org.jfree.data.test.DefaultKeyedValuesTest.java" Intrnl_Id="695">
<LocList>
<Loc EndOffset="20401" SrcFileId="2" StartOffset="20334"/>
</LocList>
</BasicStmnt>
<BasicStmnt CovItemId="S389" CovItemPrefix="org.jfree.data.test.DefaultKeyedValuesTest.java" Intrnl_Id="696">
<LocList>
<Loc EndOffset="20450" SrcFileId="2" StartOffset="20407"/>
</LocList>
</BasicStmnt>
<BasicStmnt CovItemId="S390" CovItemPrefix="org.jfree.data.test.DefaultKeyedValuesTest.java" Intrnl_Id="697">
<LocList>
<Loc EndOffset="20490" SrcFileId="2" StartOffset="20453"/>
</LocList>
</BasicStmnt>
</StmntSeq>
</HierarchyLvl>
<HierarchyLvl HierarchyLvlId="465" HierarchyLvlTypeId="8" Intrnl_Id="698" Name="testEquals_twoEqualObjects">
<Header>
<Loc EndOffset="20601" SrcFileId="2" StartOffset="20520"/>
</Header>
<LocList>
<Loc EndOffset="20967" SrcFileId="2" StartOffset="20520"/>
</LocList>
<StmntSeq Intrnl_Id="699">
<LocList>
<Loc EndOffset="20661" SrcFileId="2" StartOffset="20606"/>
<Loc EndOffset="20698" SrcFileId="2" StartOffset="20664"/>
<Loc EndOffset="20735" SrcFileId="2" StartOffset="20701"/>
<Loc EndOffset="20772" SrcFileId="2" StartOffset="20738"/>
<Loc EndOffset="20809" SrcFileId="2" StartOffset="20775"/>
<Loc EndOffset="20846" SrcFileId="2" StartOffset="20812"/>
<Loc EndOffset="20920" SrcFileId="2" StartOffset="20852"/>
<Loc EndOffset="20964" SrcFileId="2" StartOffset="20926"/>
</LocList>
<BasicStmnt CovItemId="S391" CovItemPrefix="org.jfree.data.test.DefaultKeyedValuesTest.java" Intrnl_Id="700">
<LocList>
<Loc EndOffset="20661" SrcFileId="2" StartOffset="20606"/>
</LocList>
</BasicStmnt>
<BasicStmnt CovItemId="S392" CovItemPrefix="org.jfree.data.test.DefaultKeyedValuesTest.java" Intrnl_Id="701">
<LocList>
<Loc EndOffset="20698" SrcFileId="2" StartOffset="20664"/>
</LocList>
</BasicStmnt>
<BasicStmnt CovItemId="S393" CovItemPrefix="org.jfree.data.test.DefaultKeyedValuesTest.java" Intrnl_Id="702">
<LocList>
<Loc EndOffset="20735" SrcFileId="2" StartOffset="20701"/>
</LocList>
</BasicStmnt>
<BasicStmnt CovItemId="S394" CovItemPrefix="org.jfree.data.test.DefaultKeyedValuesTest.java" Intrnl_Id="703">
<LocList>
<Loc EndOffset="20772" SrcFileId="2" StartOffset="20738"/>
</LocList>
</BasicStmnt>
<BasicStmnt CovItemId="S395" CovItemPrefix="org.jfree.data.test.DefaultKeyedValuesTest.java" Intrnl_Id="704">
<LocList>
<Loc EndOffset="20809" SrcFileId="2" StartOffset="20775"/>
</LocList>
</BasicStmnt>
<BasicStmnt CovItemId="S396" CovItemPrefix="org.jfree.data.test.DefaultKeyedValuesTest.java" Intrnl_Id="705">
<LocList>
<Loc EndOffset="20846" SrcFileId="2" StartOffset="20812"/>
</LocList>
</BasicStmnt>
<BasicStmnt CovItemId="S397" CovItemPrefix="org.jfree.data.test.DefaultKeyedValuesTest.java" Intrnl_Id="706">
<LocList>
<Loc EndOffset="20920" SrcFileId="2" StartOffset="20852"/>
</LocList>
</BasicStmnt>
<BasicStmnt CovItemId="S398" CovItemPrefix="org.jfree.data.test.DefaultKeyedValuesTest.java" Intrnl_Id="707">
<LocList>
<Loc EndOffset="20964" SrcFileId="2" StartOffset="20926"/>
</LocList>
</BasicStmnt>
</StmntSeq>
</HierarchyLvl>
<HierarchyLvl HierarchyLvlId="466" HierarchyLvlTypeId="8" Intrnl_Id="708" Name="testEquals_oneValueDifferent">
<Header>
<Loc EndOffset="21054" SrcFileId="2" StartOffset="20971"/>
</Header>
<LocList>
<Loc EndOffset="21461" SrcFileId="2" StartOffset="20971"/>
</LocList>
<StmntSeq Intrnl_Id="709">
<LocList>
<Loc EndOffset="21114" SrcFileId="2" StartOffset="21059"/>
<Loc EndOffset="21151" SrcFileId="2" StartOffset="21117"/>
<Loc EndOffset="21188" SrcFileId="2" StartOffset="21154"/>
<Loc EndOffset="21225" SrcFileId="2" StartOffset="21191"/>
<Loc EndOffset="21262" SrcFileId="2" StartOffset="21228"/>
<Loc EndOffset="21299" SrcFileId="2" StartOffset="21265"/>
<Loc EndOffset="21373" SrcFileId="2" StartOffset="21305"/>
<Loc EndOffset="21413" SrcFileId="2" StartOffset="21379"/>
<Loc EndOffset="21458" SrcFileId="2" StartOffset="21419"/>
</LocList>
<BasicStmnt CovItemId="S399" CovItemPrefix="org.jfree.data.test.DefaultKeyedValuesTest.java" Intrnl_Id="710">
<LocList>
<Loc EndOffset="21114" SrcFileId="2" StartOffset="21059"/>
</LocList>
</BasicStmnt>
<BasicStmnt CovItemId="S400" CovItemPrefix="org.jfree.data.test.DefaultKeyedValuesTest.java" Intrnl_Id="711">
<LocList>
<Loc EndOffset="21151" SrcFileId="2" StartOffset="21117"/>
</LocList>
</BasicStmnt>
<BasicStmnt CovItemId="S401" CovItemPrefix="org.jfree.data.test.DefaultKeyedValuesTest.java" Intrnl_Id="712">
<LocList>
<Loc EndOffset="21188" SrcFileId="2" StartOffset="21154"/>
</LocList>
</BasicStmnt>
<BasicStmnt CovItemId="S402" CovItemPrefix="org.jfree.data.test.DefaultKeyedValuesTest.java" Intrnl_Id="713">
<LocList>
<Loc EndOffset="21225" SrcFileId="2" StartOffset="21191"/>
</LocList>
</BasicStmnt>
<BasicStmnt CovItemId="S403" CovItemPrefix="org.jfree.data.test.DefaultKeyedValuesTest.java" Intrnl_Id="714">
<LocList>
<Loc EndOffset="21262" SrcFileId="2" StartOffset="21228"/>
</LocList>
</BasicStmnt>
<BasicStmnt CovItemId="S404" CovItemPrefix="org.jfree.data.test.DefaultKeyedValuesTest.java" Intrnl_Id="715">
<LocList>
<Loc EndOffset="21299" SrcFileId="2" StartOffset="21265"/>
</LocList>
</BasicStmnt>
<BasicStmnt CovItemId="S405" CovItemPrefix="org.jfree.data.test.DefaultKeyedValuesTest.java" Intrnl_Id="716">
<LocList>
<Loc EndOffset="21373" SrcFileId="2" StartOffset="21305"/>
</LocList>
</BasicStmnt>
<BasicStmnt CovItemId="S406" CovItemPrefix="org.jfree.data.test.DefaultKeyedValuesTest.java" Intrnl_Id="717">
<LocList>
<Loc EndOffset="21413" SrcFileId="2" StartOffset="21379"/>
</LocList>
</BasicStmnt>
<BasicStmnt CovItemId="S407" CovItemPrefix="org.jfree.data.test.DefaultKeyedValuesTest.java" Intrnl_Id="718">
<LocList>
<Loc EndOffset="21458" SrcFileId="2" StartOffset="21419"/>
</LocList>
</BasicStmnt>
</StmntSeq>
</HierarchyLvl>
<HierarchyLvl HierarchyLvlId="467" HierarchyLvlTypeId="8" Intrnl_Id="719" Name="testEquals_oneKeyDifferent">
<Header>
<Loc EndOffset="21546" SrcFileId="2" StartOffset="21465"/>
</Header>
<LocList>
<Loc EndOffset="21988" SrcFileId="2" StartOffset="21465"/>
</LocList>
<StmntSeq Intrnl_Id="720">
<LocList>
<Loc EndOffset="21606" SrcFileId="2" StartOffset="21551"/>
<Loc EndOffset="21643" SrcFileId="2" StartOffset="21609"/>
<Loc EndOffset="21680" SrcFileId="2" StartOffset="21646"/>
<Loc EndOffset="21717" SrcFileId="2" StartOffset="21683"/>
<Loc EndOffset="21754" SrcFileId="2" StartOffset="21720"/>
<Loc EndOffset="21791" SrcFileId="2" StartOffset="21757"/>
<Loc EndOffset="21865" SrcFileId="2" StartOffset="21797"/>
<Loc EndOffset="21904" SrcFileId="2" StartOffset="21871"/>
<Loc EndOffset="21940" SrcFileId="2" StartOffset="21907"/>
<Loc EndOffset="21985" SrcFileId="2" StartOffset="21946"/>
</LocList>
<BasicStmnt CovItemId="S408" CovItemPrefix="org.jfree.data.test.DefaultKeyedValuesTest.java" Intrnl_Id="721">
<LocList>
<Loc EndOffset="21606" SrcFileId="2" StartOffset="21551"/>
</LocList>
</BasicStmnt>
<BasicStmnt CovItemId="S409" CovItemPrefix="org.jfree.data.test.DefaultKeyedValuesTest.java" Intrnl_Id="722">
<LocList>
<Loc EndOffset="21643" SrcFileId="2" StartOffset="21609"/>
</LocList>
</BasicStmnt>
<BasicStmnt CovItemId="S410" CovItemPrefix="org.jfree.data.test.DefaultKeyedValuesTest.java" Intrnl_Id="723">
<LocList>
<Loc EndOffset="21680" SrcFileId="2" StartOffset="21646"/>
</LocList>
</BasicStmnt>
<BasicStmnt CovItemId="S411" CovItemPrefix="org.jfree.data.test.DefaultKeyedValuesTest.java" Intrnl_Id="724">
<LocList>
<Loc EndOffset="21717" SrcFileId="2" StartOffset="21683"/>
</LocList>
</BasicStmnt>
<BasicStmnt CovItemId="S412" CovItemPrefix="org.jfree.data.test.DefaultKeyedValuesTest.java" Intrnl_Id="725">
<LocList>
<Loc EndOffset="21754" SrcFileId="2" StartOffset="21720"/>
</LocList>
</BasicStmnt>
<BasicStmnt CovItemId="S413" CovItemPrefix="org.jfree.data.test.DefaultKeyedValuesTest.java" Intrnl_Id="726">
<LocList>
<Loc EndOffset="21791" SrcFileId="2" StartOffset="21757"/>
</LocList>
</BasicStmnt>
<BasicStmnt CovItemId="S414" CovItemPrefix="org.jfree.data.test.DefaultKeyedValuesTest.java" Intrnl_Id="727">
<LocList>
<Loc EndOffset="21865" SrcFileId="2" StartOffset="21797"/>
</LocList>
</BasicStmnt>
<BasicStmnt CovItemId="S415" CovItemPrefix="org.jfree.data.test.DefaultKeyedValuesTest.java" Intrnl_Id="728">
<LocList>
<Loc EndOffset="21904" SrcFileId="2" StartOffset="21871"/>
</LocList>
</BasicStmnt>
<BasicStmnt CovItemId="S416" CovItemPrefix="org.jfree.data.test.DefaultKeyedValuesTest.java" Intrnl_Id="729">
<LocList>
<Loc EndOffset="21940" SrcFileId="2" StartOffset="21907"/>
</LocList>
</BasicStmnt>
<BasicStmnt CovItemId="S417" CovItemPrefix="org.jfree.data.test.DefaultKeyedValuesTest.java" Intrnl_Id="730">
<LocList>
<Loc EndOffset="21985" SrcFileId="2" StartOffset="21946"/>
</LocList>
</BasicStmnt>
</StmntSeq>
</HierarchyLvl>
<HierarchyLvl HierarchyLvlId="468" HierarchyLvlTypeId="8" Intrnl_Id="731" Name="testEquals_noSimilarValues">
<Header>
<Loc EndOffset="22039" SrcFileId="2" StartOffset="21992"/>
</Header>
<LocList>
<Loc EndOffset="22581" SrcFileId="2" StartOffset="21992"/>
</LocList>
<StmntSeq Intrnl_Id="732">
<LocList>
<Loc EndOffset="22099" SrcFileId="2" StartOffset="22044"/>
<Loc EndOffset="22136" SrcFileId="2" StartOffset="22102"/>
<Loc EndOffset="22173" SrcFileId="2" StartOffset="22139"/>
<Loc EndOffset="22210" SrcFileId="2" StartOffset="22176"/>
<Loc EndOffset="22247" SrcFileId="2" StartOffset="22213"/>
<Loc EndOffset="22284" SrcFileId="2" StartOffset="22250"/>
<Loc EndOffset="22345" SrcFileId="2" StartOffset="22290"/>
<Loc EndOffset="22385" SrcFileId="2" StartOffset="22351"/>
<Loc EndOffset="22422" SrcFileId="2" StartOffset="22388"/>
<Loc EndOffset="22459" SrcFileId="2" StartOffset="22425"/>
<Loc EndOffset="22496" SrcFileId="2" StartOffset="22462"/>
<Loc EndOffset="22533" SrcFileId="2" StartOffset="22499"/>
<Loc EndOffset="22578" SrcFileId="2" StartOffset="22539"/>
</LocList>
<BasicStmnt CovItemId="S418" CovItemPrefix="org.jfree.data.test.DefaultKeyedValuesTest.java" Intrnl_Id="733">
<LocList>
<Loc EndOffset="22099" SrcFileId="2" StartOffset="22044"/>
</LocList>
</BasicStmnt>
<BasicStmnt CovItemId="S419" CovItemPrefix="org.jfree.data.test.DefaultKeyedValuesTest.java" Intrnl_Id="734">
<LocList>
<Loc EndOffset="22136" SrcFileId="2" StartOffset="22102"/>
</LocList>
</BasicStmnt>
<BasicStmnt CovItemId="S420" CovItemPrefix="org.jfree.data.test.DefaultKeyedValuesTest.java" Intrnl_Id="735">
<LocList>
<Loc EndOffset="22173" SrcFileId="2" StartOffset="22139"/>
</LocList>
</BasicStmnt>
<BasicStmnt CovItemId="S421" CovItemPrefix="org.jfree.data.test.DefaultKeyedValuesTest.java" Intrnl_Id="736">
<LocList>
<Loc EndOffset="22210" SrcFileId="2" StartOffset="22176"/>
</LocList>
</BasicStmnt>
<BasicStmnt CovItemId="S422" CovItemPrefix="org.jfree.data.test.DefaultKeyedValuesTest.java" Intrnl_Id="737">
<LocList>
<Loc EndOffset="22247" SrcFileId="2" StartOffset="22213"/>
</LocList>
</BasicStmnt>
<BasicStmnt CovItemId="S423" CovItemPrefix="org.jfree.data.test.DefaultKeyedValuesTest.java" Intrnl_Id="738">
<LocList>
<Loc EndOffset="22284" SrcFileId="2" StartOffset="22250"/>
</LocList>
</BasicStmnt>
<BasicStmnt CovItemId="S424" CovItemPrefix="org.jfree.data.test.DefaultKeyedValuesTest.java" Intrnl_Id="739">
<LocList>
<Loc EndOffset="22345" SrcFileId="2" StartOffset="22290"/>
</LocList>
</BasicStmnt>
<BasicStmnt CovItemId="S425" CovItemPrefix="org.jfree.data.test.DefaultKeyedValuesTest.java" Intrnl_Id="740">
<LocList>
<Loc EndOffset="22385" SrcFileId="2" StartOffset="22351"/>
</LocList>
</BasicStmnt>
<BasicStmnt CovItemId="S426" CovItemPrefix="org.jfree.data.test.DefaultKeyedValuesTest.java" Intrnl_Id="741">
<LocList>
<Loc EndOffset="22422" SrcFileId="2" StartOffset="22388"/>
</LocList>
</BasicStmnt>
<BasicStmnt CovItemId="S427" CovItemPrefix="org.jfree.data.test.DefaultKeyedValuesTest.java" Intrnl_Id="742">
<LocList>
<Loc EndOffset="22459" SrcFileId="2" StartOffset="22425"/>
</LocList>
</BasicStmnt>
<BasicStmnt CovItemId="S428" CovItemPrefix="org.jfree.data.test.DefaultKeyedValuesTest.java" Intrnl_Id="743">
<LocList>
<Loc EndOffset="22496" SrcFileId="2" StartOffset="22462"/>
</LocList>
</BasicStmnt>
<BasicStmnt CovItemId="S429" CovItemPrefix="org.jfree.data.test.DefaultKeyedValuesTest.java" Intrnl_Id="744">
<LocList>
<Loc EndOffset="22533" SrcFileId="2" StartOffset="22499"/>
</LocList>
</BasicStmnt>
<BasicStmnt CovItemId="S430" CovItemPrefix="org.jfree.data.test.DefaultKeyedValuesTest.java" Intrnl_Id="745">
<LocList>
<Loc EndOffset="22578" SrcFileId="2" StartOffset="22539"/>
</LocList>
</BasicStmnt>
</StmntSeq>
</HierarchyLvl>
<HierarchyLvl HierarchyLvlId="469" HierarchyLvlTypeId="8" Intrnl_Id="746" Name="testEquals_noSimilarKeys">
<Header>
<Loc EndOffset="22630" SrcFileId="2" StartOffset="22585"/>
</Header>
<LocList>
<Loc EndOffset="23172" SrcFileId="2" StartOffset="22585"/>
</LocList>
<StmntSeq Intrnl_Id="747">
<LocList>
<Loc EndOffset="22690" SrcFileId="2" StartOffset="22635"/>
<Loc EndOffset="22727" SrcFileId="2" StartOffset="22693"/>
<Loc EndOffset="22764" SrcFileId="2" StartOffset="22730"/>
<Loc EndOffset="22801" SrcFileId="2" StartOffset="22767"/>
<Loc EndOffset="22838" SrcFileId="2" StartOffset="22804"/>
<Loc EndOffset="22875" SrcFileId="2" StartOffset="22841"/>
<Loc EndOffset="22936" SrcFileId="2" StartOffset="22881"/>
<Loc EndOffset="22976" SrcFileId="2" StartOffset="22942"/>
<Loc EndOffset="23013" SrcFileId="2" StartOffset="22979"/>
<Loc EndOffset="23050" SrcFileId="2" StartOffset="23016"/>
<Loc EndOffset="23087" SrcFileId="2" StartOffset="23053"/>
<Loc EndOffset="23124" SrcFileId="2" StartOffset="23090"/>
<Loc EndOffset="23169" SrcFileId="2" StartOffset="23130"/>
</LocList>
<BasicStmnt CovItemId="S431" CovItemPrefix="org.jfree.data.test.DefaultKeyedValuesTest.java" Intrnl_Id="748">
<LocList>
<Loc EndOffset="22690" SrcFileId="2" StartOffset="22635"/>
</LocList>
</BasicStmnt>
<BasicStmnt CovItemId="S432" CovItemPrefix="org.jfree.data.test.DefaultKeyedValuesTest.java" Intrnl_Id="749">
<LocList>
<Loc EndOffset="22727" SrcFileId="2" StartOffset="22693"/>
</LocList>
</BasicStmnt>
<BasicStmnt CovItemId="S433" CovItemPrefix="org.jfree.data.test.DefaultKeyedValuesTest.java" Intrnl_Id="750">
<LocList>
<Loc EndOffset="22764" SrcFileId="2" StartOffset="22730"/>
</LocList>
</BasicStmnt>
<BasicStmnt CovItemId="S434" CovItemPrefix="org.jfree.data.test.DefaultKeyedValuesTest.java" Intrnl_Id="751">
<LocList>
<Loc EndOffset="22801" SrcFileId="2" StartOffset="22767"/>
</LocList>
</BasicStmnt>
<BasicStmnt CovItemId="S435" CovItemPrefix="org.jfree.data.test.DefaultKeyedValuesTest.java" Intrnl_Id="752">
<LocList>
<Loc EndOffset="22838" SrcFileId="2" StartOffset="22804"/>
</LocList>
</BasicStmnt>
<BasicStmnt CovItemId="S436" CovItemPrefix="org.jfree.data.test.DefaultKeyedValuesTest.java" Intrnl_Id="753">
<LocList>
<Loc EndOffset="22875" SrcFileId="2" StartOffset="22841"/>
</LocList>
</BasicStmnt>
<BasicStmnt CovItemId="S437" CovItemPrefix="org.jfree.data.test.DefaultKeyedValuesTest.java" Intrnl_Id="754">
<LocList>
<Loc EndOffset="22936" SrcFileId="2" StartOffset="22881"/>
</LocList>
</BasicStmnt>
<BasicStmnt CovItemId="S438" CovItemPrefix="org.jfree.data.test.DefaultKeyedValuesTest.java" Intrnl_Id="755">
<LocList>
<Loc EndOffset="22976" SrcFileId="2" StartOffset="22942"/>
</LocList>
</BasicStmnt>
<BasicStmnt CovItemId="S439" CovItemPrefix="org.jfree.data.test.DefaultKeyedValuesTest.java" Intrnl_Id="756">
<LocList>
<Loc EndOffset="23013" SrcFileId="2" StartOffset="22979"/>
</LocList>
</BasicStmnt>
<BasicStmnt CovItemId="S440" CovItemPrefix="org.jfree.data.test.DefaultKeyedValuesTest.java" Intrnl_Id="757">
<LocList>
<Loc EndOffset="23050" SrcFileId="2" StartOffset="23016"/>
</LocList>
</BasicStmnt>
<BasicStmnt CovItemId="S441" CovItemPrefix="org.jfree.data.test.DefaultKeyedValuesTest.java" Intrnl_Id="758">
<LocList>
<Loc EndOffset="23087" SrcFileId="2" StartOffset="23053"/>
</LocList>
</BasicStmnt>
<BasicStmnt CovItemId="S442" CovItemPrefix="org.jfree.data.test.DefaultKeyedValuesTest.java" Intrnl_Id="759">
<LocList>
<Loc EndOffset="23124" SrcFileId="2" StartOffset="23090"/>
</LocList>
</BasicStmnt>
<BasicStmnt CovItemId="S443" CovItemPrefix="org.jfree.data.test.DefaultKeyedValuesTest.java" Intrnl_Id="760">
<LocList>
<Loc EndOffset="23169" SrcFileId="2" StartOffset="23130"/>
</LocList>
</BasicStmnt>
</StmntSeq>
</HierarchyLvl>
<HierarchyLvl HierarchyLvlId="470" HierarchyLvlTypeId="8" Intrnl_Id="761" Name="testEquals_noSimilarities">
<Header>
<Loc EndOffset="23222" SrcFileId="2" StartOffset="23176"/>
</Header>
<LocList>
<Loc EndOffset="23764" SrcFileId="2" StartOffset="23176"/>
</LocList>
<StmntSeq Intrnl_Id="762">
<LocList>
<Loc EndOffset="23282" SrcFileId="2" StartOffset="23227"/>
<Loc EndOffset="23319" SrcFileId="2" StartOffset="23285"/>
<Loc EndOffset="23356" SrcFileId="2" StartOffset="23322"/>
<Loc EndOffset="23393" SrcFileId="2" StartOffset="23359"/>
<Loc EndOffset="23430" SrcFileId="2" StartOffset="23396"/>
<Loc EndOffset="23467" SrcFileId="2" StartOffset="23433"/>
<Loc EndOffset="23528" SrcFileId="2" StartOffset="23473"/>
<Loc EndOffset="23568" SrcFileId="2" StartOffset="23534"/>
<Loc EndOffset="23605" SrcFileId="2" StartOffset="23571"/>
<Loc EndOffset="23642" SrcFileId="2" StartOffset="23608"/>
<Loc EndOffset="23679" SrcFileId="2" StartOffset="23645"/>
<Loc EndOffset="23716" SrcFileId="2" StartOffset="23682"/>
<Loc EndOffset="23761" SrcFileId="2" StartOffset="23722"/>
</LocList>
<BasicStmnt CovItemId="S444" CovItemPrefix="org.jfree.data.test.DefaultKeyedValuesTest.java" Intrnl_Id="763">
<LocList>
<Loc EndOffset="23282" SrcFileId="2" StartOffset="23227"/>
</LocList>
</BasicStmnt>
<BasicStmnt CovItemId="S445" CovItemPrefix="org.jfree.data.test.DefaultKeyedValuesTest.java" Intrnl_Id="764">
<LocList>
<Loc EndOffset="23319" SrcFileId="2" StartOffset="23285"/>
</LocList>
</BasicStmnt>
<BasicStmnt CovItemId="S446" CovItemPrefix="org.jfree.data.test.DefaultKeyedValuesTest.java" Intrnl_Id="765">
<LocList>
<Loc EndOffset="23356" SrcFileId="2" StartOffset="23322"/>
</LocList>
</BasicStmnt>
<BasicStmnt CovItemId="S447" CovItemPrefix="org.jfree.data.test.DefaultKeyedValuesTest.java" Intrnl_Id="766">
<LocList>
<Loc EndOffset="23393" SrcFileId="2" StartOffset="23359"/>
</LocList>
</BasicStmnt>
<BasicStmnt CovItemId="S448" CovItemPrefix="org.jfree.data.test.DefaultKeyedValuesTest.java" Intrnl_Id="767">
<LocList>
<Loc EndOffset="23430" SrcFileId="2" StartOffset="23396"/>
</LocList>
</BasicStmnt>
<BasicStmnt CovItemId="S449" CovItemPrefix="org.jfree.data.test.DefaultKeyedValuesTest.java" Intrnl_Id="768">
<LocList>
<Loc EndOffset="23467" SrcFileId="2" StartOffset="23433"/>
</LocList>
</BasicStmnt>
<BasicStmnt CovItemId="S450" CovItemPrefix="org.jfree.data.test.DefaultKeyedValuesTest.java" Intrnl_Id="769">
<LocList>
<Loc EndOffset="23528" SrcFileId="2" StartOffset="23473"/>
</LocList>
</BasicStmnt>
<BasicStmnt CovItemId="S451" CovItemPrefix="org.jfree.data.test.DefaultKeyedValuesTest.java" Intrnl_Id="770">
<LocList>
<Loc EndOffset="23568" SrcFileId="2" StartOffset="23534"/>
</LocList>
</BasicStmnt>
<BasicStmnt CovItemId="S452" CovItemPrefix="org.jfree.data.test.DefaultKeyedValuesTest.java" Intrnl_Id="771">
<LocList>
<Loc EndOffset="23605" SrcFileId="2" StartOffset="23571"/>
</LocList>
</BasicStmnt>
<BasicStmnt CovItemId="S453" CovItemPrefix="org.jfree.data.test.DefaultKeyedValuesTest.java" Intrnl_Id="772">
<LocList>
<Loc EndOffset="23642" SrcFileId="2" StartOffset="23608"/>
</LocList>
</BasicStmnt>
<BasicStmnt CovItemId="S454" CovItemPrefix="org.jfree.data.test.DefaultKeyedValuesTest.java" Intrnl_Id="773">
<LocList>
<Loc EndOffset="23679" SrcFileId="2" StartOffset="23645"/>
</LocList>
</BasicStmnt>
<BasicStmnt CovItemId="S455" CovItemPrefix="org.jfree.data.test.DefaultKeyedValuesTest.java" Intrnl_Id="774">
<LocList>
<Loc EndOffset="23716" SrcFileId="2" StartOffset="23682"/>
</LocList>
</BasicStmnt>
<BasicStmnt CovItemId="S456" CovItemPrefix="org.jfree.data.test.DefaultKeyedValuesTest.java" Intrnl_Id="775">
<LocList>
<Loc EndOffset="23761" SrcFileId="2" StartOffset="23722"/>
</LocList>
</BasicStmnt>
</StmntSeq>
</HierarchyLvl>
<HierarchyLvl HierarchyLvlId="471" HierarchyLvlTypeId="8" Intrnl_Id="776" Name="testClone_noValues">
<Header>
<Loc EndOffset="23947" SrcFileId="2" StartOffset="23874"/>
</Header>
<LocList>
<Loc EndOffset="24115" SrcFileId="2" StartOffset="23874"/>
</LocList>
<StmntSeq Intrnl_Id="777">
<LocList>
<Loc EndOffset="24006" SrcFileId="2" StartOffset="23952"/>
<Loc EndOffset="24072" SrcFileId="2" StartOffset="24009"/>
<Loc EndOffset="24112" SrcFileId="2" StartOffset="24078"/>
</LocList>
<BasicStmnt CovItemId="S457" CovItemPrefix="org.jfree.data.test.DefaultKeyedValuesTest.java" Intrnl_Id="778">
<LocList>
<Loc EndOffset="24006" SrcFileId="2" StartOffset="23952"/>
</LocList>
</BasicStmnt>
<BasicStmnt CovItemId="S458" CovItemPrefix="org.jfree.data.test.DefaultKeyedValuesTest.java" Intrnl_Id="779">
<LocList>
<Loc EndOffset="24072" SrcFileId="2" StartOffset="24009"/>
</LocList>
</BasicStmnt>
<BasicStmnt CovItemId="S459" CovItemPrefix="org.jfree.data.test.DefaultKeyedValuesTest.java" Intrnl_Id="780">
<LocList>
<Loc EndOffset="24112" SrcFileId="2" StartOffset="24078"/>
</LocList>
</BasicStmnt>
</StmntSeq>
</HierarchyLvl>
<HierarchyLvl HierarchyLvlId="472" HierarchyLvlTypeId="8" Intrnl_Id="781" Name="testClone_fiveValues">
<Header>
<Loc EndOffset="24194" SrcFileId="2" StartOffset="24119"/>
</Header>
<LocList>
<Loc EndOffset="24438" SrcFileId="2" StartOffset="24119"/>
</LocList>
<StmntSeq Intrnl_Id="782">
<LocList>
<Loc EndOffset="24253" SrcFileId="2" StartOffset="24199"/>
<Loc EndOffset="24328" SrcFileId="2" StartOffset="24256"/>
<Loc EndOffset="24395" SrcFileId="2" StartOffset="24332"/>
<Loc EndOffset="24435" SrcFileId="2" StartOffset="24401"/>
</LocList>
<BasicStmnt CovItemId="S460" CovItemPrefix="org.jfree.data.test.DefaultKeyedValuesTest.java" Intrnl_Id="783">
<LocList>
<Loc EndOffset="24253" SrcFileId="2" StartOffset="24199"/>
</LocList>
</BasicStmnt>
<LoopStmnt CovItemId="S461" CovItemPrefix="org.jfree.data.test.DefaultKeyedValuesTest.java" Intrnl_Id="784" MltplExecId="L42-2" MltplExecPrefix="org.jfree.data.test.DefaultKeyedValuesTest.java" NvrExecId="L42-0" NvrExecPrefix="org.jfree.data.test.DefaultKeyedValuesTest.java" OnceExecutedId="L42-1" OnceExecutedPrefix="org.jfree.data.test.DefaultKeyedValuesTest.java" OptBodyExec="true">
<StmntSeq Intrnl_Id="785">
<LocList>
<Loc EndOffset="24324" SrcFileId="2" StartOffset="24288"/>
</LocList>
<BasicStmnt CovItemId="S462" CovItemPrefix="org.jfree.data.test.DefaultKeyedValuesTest.java" Intrnl_Id="786">
<LocList>
<Loc EndOffset="24324" SrcFileId="2" StartOffset="24288"/>
</LocList>
</BasicStmnt>
</StmntSeq>
<Keyword EndOffset="24259" SrcFileId="2" StartOffset="24256"/>
<LocList>
<Loc EndOffset="24328" SrcFileId="2" StartOffset="24256"/>
</LocList>
<RootTerm CovItemId="C42" CovItemPrefix="org.jfree.data.test.DefaultKeyedValuesTest.java" Intrnl_Id="787">
<BasicBoolTerm Intrnl_Id="788">
<LocList>
<Loc EndOffset="24276" SrcFileId="2" StartOffset="24271"/>
</LocList>
</BasicBoolTerm>
</RootTerm>
</LoopStmnt>
<BasicStmnt CovItemId="S463" CovItemPrefix="org.jfree.data.test.DefaultKeyedValuesTest.java" Intrnl_Id="789">
<LocList>
<Loc EndOffset="24395" SrcFileId="2" StartOffset="24332"/>
</LocList>
</BasicStmnt>
<BasicStmnt CovItemId="S464" CovItemPrefix="org.jfree.data.test.DefaultKeyedValuesTest.java" Intrnl_Id="790">
<LocList>
<Loc EndOffset="24435" SrcFileId="2" StartOffset="24401"/>
</LocList>
</BasicStmnt>
</StmntSeq>
</HierarchyLvl>
</HierarchyLvl>
<HierarchyLvl HierarchyLvlId="518" HierarchyLvlTypeId="7" Intrnl_Id="791" Name="DataUtilitiesTest">
<Header>
<Loc EndOffset="340" SrcFileId="3" StartOffset="310"/>
</Header>
<LocList>
<Loc EndOffset="15939" SrcFileId="3" StartOffset="310"/>
</LocList>
<HierarchyLvl HierarchyLvlId="474" HierarchyLvlTypeId="8" Intrnl_Id="792" Name="testCalculateColumnTotal_nullDataObjectPassed">
<Header>
<Loc EndOffset="411" SrcFileId="3" StartOffset="345"/>
</Header>
<LocList>
<Loc EndOffset="656" SrcFileId="3" StartOffset="345"/>
</LocList>
<StmntSeq Intrnl_Id="793">
<LocList>
<Loc EndOffset="443" SrcFileId="3" StartOffset="416"/>
<Loc EndOffset="502" SrcFileId="3" StartOffset="458"/>
<Loc EndOffset="570" SrcFileId="3" StartOffset="449"/>
<Loc EndOffset="649" SrcFileId="3" StartOffset="584"/>
</LocList>
<BasicStmnt CovItemId="S1" CovItemPrefix="org.jfree.data.test.DataUtilitiesTest.java" Intrnl_Id="794">
<LocList>
<Loc EndOffset="443" SrcFileId="3" StartOffset="416"/>
</LocList>
</BasicStmnt>
<BasicStmnt CovItemId="S3" CovItemPrefix="org.jfree.data.test.DataUtilitiesTest.java" Intrnl_Id="795">
<LocList>
<Loc EndOffset="502" SrcFileId="3" StartOffset="458"/>
</LocList>
</BasicStmnt>
<CondStmnt CovItemId="S2" CovItemPrefix="org.jfree.data.test.DataUtilitiesTest.java" Intrnl_Id="796">
<Branch CovItemId="B1" CovItemPrefix="org.jfree.data.test.DataUtilitiesTest.java" Implct="true" Intrnl_Id="797">
<Cond/>
<LocList/>
<StmntSeq Intrnl_Id="798">
<LocList/>
</StmntSeq>
</Branch>
<Branch CovItemId="B2" CovItemPrefix="org.jfree.data.test.DataUtilitiesTest.java" Implct="false" Intrnl_Id="799">
<Cond>
<Loc EndOffset="542" SrcFileId="3" StartOffset="507"/>
</Cond>
<LocList>
<Loc EndOffset="570" SrcFileId="3" StartOffset="543"/>
</LocList>
<StmntSeq Intrnl_Id="800">
<LocList>
<Loc EndOffset="566" SrcFileId="3" StartOffset="548"/>
</LocList>
<BasicStmnt CovItemId="S4" CovItemPrefix="org.jfree.data.test.DataUtilitiesTest.java" Intrnl_Id="801">
<LocList>
<Loc EndOffset="566" SrcFileId="3" StartOffset="548"/>
</LocList>
</BasicStmnt>
</StmntSeq>
</Branch>
<Keyword EndOffset="452" SrcFileId="3" StartOffset="449"/>
<LocList>
<Loc EndOffset="570" SrcFileId="3" StartOffset="449"/>
</LocList>
</CondStmnt>
<BasicStmnt CovItemId="S5" CovItemPrefix="org.jfree.data.test.DataUtilitiesTest.java" Intrnl_Id="802">
<LocList>
<Loc EndOffset="649" SrcFileId="3" StartOffset="584"/>
</LocList>
</BasicStmnt>
</StmntSeq>
</HierarchyLvl>
<HierarchyLvl HierarchyLvlId="476" HierarchyLvlTypeId="8" Intrnl_Id="803" Name="testCalculateColumnTotal_invalidDataPassed">
<Header>
<Loc EndOffset="723" SrcFileId="3" StartOffset="660"/>
</Header>
<LocList>
<Loc EndOffset="1194" SrcFileId="3" StartOffset="660"/>
</LocList>
<StmntSeq Intrnl_Id="804">
<LocList>
<Loc EndOffset="767" SrcFileId="3" StartOffset="728"/>
<Loc EndOffset="830" SrcFileId="3" StartOffset="770"/>
<Loc EndOffset="857" SrcFileId="3" StartOffset="833"/>
<Loc EndOffset="1085" SrcFileId="3" StartOffset="1083"/>
<Loc EndOffset="1150" SrcFileId="3" StartOffset="1088"/>
<Loc EndOffset="1191" SrcFileId="3" StartOffset="1153"/>
</LocList>
<BasicStmnt CovItemId="S6" CovItemPrefix="org.jfree.data.test.DataUtilitiesTest.java" Intrnl_Id="805">
<LocList>
<Loc EndOffset="767" SrcFileId="3" StartOffset="728"/>
</LocList>
</BasicStmnt>
<BasicStmnt CovItemId="S7" CovItemPrefix="org.jfree.data.test.DataUtilitiesTest.java" Intrnl_Id="806">
<LocList>
<Loc EndOffset="830" SrcFileId="3" StartOffset="770"/>
</LocList>
</BasicStmnt>
<BasicStmnt CovItemId="S8" CovItemPrefix="org.jfree.data.test.DataUtilitiesTest.java" Intrnl_Id="807">
<LocList>
<Loc EndOffset="857" SrcFileId="3" StartOffset="833"/>
<Loc EndOffset="1085" SrcFileId="3" StartOffset="1083"/>
</LocList>
</BasicStmnt>
<BasicStmnt CovItemId="S15" CovItemPrefix="org.jfree.data.test.DataUtilitiesTest.java" Intrnl_Id="808">
<LocList>
<Loc EndOffset="1150" SrcFileId="3" StartOffset="1088"/>
</LocList>
</BasicStmnt>
<BasicStmnt CovItemId="S16" CovItemPrefix="org.jfree.data.test.DataUtilitiesTest.java" Intrnl_Id="809">
<LocList>
<Loc EndOffset="1191" SrcFileId="3" StartOffset="1153"/>
</LocList>
</BasicStmnt>
</StmntSeq>
<HierarchyLvl HierarchyLvlId="475" HierarchyLvlTypeId="10" Intrnl_Id="810" Name="Expectations">
<Header>
<Loc EndOffset="875" SrcFileId="3" StartOffset="861"/>
</Header>
<LocList>
<Loc EndOffset="1083" SrcFileId="3" StartOffset="857"/>
</LocList>
<StmntSeq Intrnl_Id="811">
<LocList>
<Loc EndOffset="913" SrcFileId="3" StartOffset="887"/>
<Loc EndOffset="939" SrcFileId="3" StartOffset="918"/>
<Loc EndOffset="971" SrcFileId="3" StartOffset="944"/>
<Loc EndOffset="1004" SrcFileId="3" StartOffset="980"/>
<Loc EndOffset="1040" SrcFileId="3" StartOffset="1013"/>
<Loc EndOffset="1074" SrcFileId="3" StartOffset="1049"/>
</LocList>
<BasicStmnt CovItemId="S9" CovItemPrefix="org.jfree.data.test.DataUtilitiesTest.java" Intrnl_Id="812">
<LocList>
<Loc EndOffset="913" SrcFileId="3" StartOffset="887"/>
</LocList>
</BasicStmnt>
<BasicStmnt CovItemId="S10" CovItemPrefix="org.jfree.data.test.DataUtilitiesTest.java" Intrnl_Id="813">
<LocList>
<Loc EndOffset="939" SrcFileId="3" StartOffset="918"/>
</LocList>
</BasicStmnt>
<BasicStmnt CovItemId="S11" CovItemPrefix="org.jfree.data.test.DataUtilitiesTest.java" Intrnl_Id="814">
<LocList>
<Loc EndOffset="971" SrcFileId="3" StartOffset="944"/>
</LocList>
</BasicStmnt>
<BasicStmnt CovItemId="S12" CovItemPrefix="org.jfree.data.test.DataUtilitiesTest.java" Intrnl_Id="815">
<LocList>
<Loc EndOffset="1004" SrcFileId="3" StartOffset="980"/>
</LocList>
</BasicStmnt>
<BasicStmnt CovItemId="S13" CovItemPrefix="org.jfree.data.test.DataUtilitiesTest.java" Intrnl_Id="816">
<LocList>
<Loc EndOffset="1040" SrcFileId="3" StartOffset="1013"/>
</LocList>
</BasicStmnt>
<BasicStmnt CovItemId="S14" CovItemPrefix="org.jfree.data.test.DataUtilitiesTest.java" Intrnl_Id="817">
<LocList>
<Loc EndOffset="1074" SrcFileId="3" StartOffset="1049"/>
</LocList>
</BasicStmnt>
</StmntSeq>
</HierarchyLvl>
</HierarchyLvl>
<HierarchyLvl HierarchyLvlId="478" HierarchyLvlTypeId="8" Intrnl_Id="818" Name="testCalculateColumnTotal_columnIsLastColumnInTable">
<Header>
<Loc EndOffset="1269" SrcFileId="3" StartOffset="1198"/>
</Header>
<LocList>
<Loc EndOffset="1806" SrcFileId="3" StartOffset="1198"/>
</LocList>
<StmntSeq Intrnl_Id="819">
<LocList>
<Loc EndOffset="1313" SrcFileId="3" StartOffset="1274"/>
<Loc EndOffset="1376" SrcFileId="3" StartOffset="1316"/>
<Loc EndOffset="1403" SrcFileId="3" StartOffset="1379"/>
<Loc EndOffset="1695" SrcFileId="3" StartOffset="1693"/>
<Loc EndOffset="1760" SrcFileId="3" StartOffset="1698"/>
<Loc EndOffset="1803" SrcFileId="3" StartOffset="1763"/>
</LocList>
<BasicStmnt CovItemId="S17" CovItemPrefix="org.jfree.data.test.DataUtilitiesTest.java" Intrnl_Id="820">
<LocList>
<Loc EndOffset="1313" SrcFileId="3" StartOffset="1274"/>
</LocList>
</BasicStmnt>
<BasicStmnt CovItemId="S18" CovItemPrefix="org.jfree.data.test.DataUtilitiesTest.java" Intrnl_Id="821">
<LocList>
<Loc EndOffset="1376" SrcFileId="3" StartOffset="1316"/>
</LocList>
</BasicStmnt>
<BasicStmnt CovItemId="S19" CovItemPrefix="org.jfree.data.test.DataUtilitiesTest.java" Intrnl_Id="822">
<LocList>
<Loc EndOffset="1403" SrcFileId="3" StartOffset="1379"/>
<Loc EndOffset="1695" SrcFileId="3" StartOffset="1693"/>
</LocList>
</BasicStmnt>
<BasicStmnt CovItemId="S28" CovItemPrefix="org.jfree.data.test.DataUtilitiesTest.java" Intrnl_Id="823">
<LocList>
<Loc EndOffset="1760" SrcFileId="3" StartOffset="1698"/>
</LocList>
</BasicStmnt>
<BasicStmnt CovItemId="S29" CovItemPrefix="org.jfree.data.test.DataUtilitiesTest.java" Intrnl_Id="824">
<LocList>
<Loc EndOffset="1803" SrcFileId="3" StartOffset="1763"/>
</LocList>
</BasicStmnt>
</StmntSeq>
<HierarchyLvl HierarchyLvlId="477" HierarchyLvlTypeId="10" Intrnl_Id="825" Name="Expectations">
<Header>
<Loc EndOffset="1421" SrcFileId="3" StartOffset="1407"/>
</Header>
<LocList>
<Loc EndOffset="1693" SrcFileId="3" StartOffset="1403"/>
</LocList>
<StmntSeq Intrnl_Id="826">
<LocList>
<Loc EndOffset="1459" SrcFileId="3" StartOffset="1433"/>
<Loc EndOffset="1485" SrcFileId="3" StartOffset="1464"/>
<Loc EndOffset="1517" SrcFileId="3" StartOffset="1490"/>
<Loc EndOffset="1549" SrcFileId="3" StartOffset="1526"/>
<Loc EndOffset="1585" SrcFileId="3" StartOffset="1558"/>
<Loc EndOffset="1617" SrcFileId="3" StartOffset="1594"/>
<Loc EndOffset="1652" SrcFileId="3" StartOffset="1625"/>
<Loc EndOffset="1684" SrcFileId="3" StartOffset="1661"/>
</LocList>
<BasicStmnt CovItemId="S20" CovItemPrefix="org.jfree.data.test.DataUtilitiesTest.java" Intrnl_Id="827">
<LocList>
<Loc EndOffset="1459" SrcFileId="3" StartOffset="1433"/>
</LocList>
</BasicStmnt>
<BasicStmnt CovItemId="S21" CovItemPrefix="org.jfree.data.test.DataUtilitiesTest.java" Intrnl_Id="828">
<LocList>
<Loc EndOffset="1485" SrcFileId="3" StartOffset="1464"/>
</LocList>
</BasicStmnt>
<BasicStmnt CovItemId="S22" CovItemPrefix="org.jfree.data.test.DataUtilitiesTest.java" Intrnl_Id="829">
<LocList>
<Loc EndOffset="1517" SrcFileId="3" StartOffset="1490"/>
</LocList>
</BasicStmnt>
<BasicStmnt CovItemId="S23" CovItemPrefix="org.jfree.data.test.DataUtilitiesTest.java" Intrnl_Id="830">
<LocList>
<Loc EndOffset="1549" SrcFileId="3" StartOffset="1526"/>
</LocList>
</BasicStmnt>
<BasicStmnt CovItemId="S24" CovItemPrefix="org.jfree.data.test.DataUtilitiesTest.java" Intrnl_Id="831">
<LocList>
<Loc EndOffset="1585" SrcFileId="3" StartOffset="1558"/>
</LocList>
</BasicStmnt>
<BasicStmnt CovItemId="S25" CovItemPrefix="org.jfree.data.test.DataUtilitiesTest.java" Intrnl_Id="832">
<LocList>
<Loc EndOffset="1617" SrcFileId="3" StartOffset="1594"/>
</LocList>
</BasicStmnt>
<BasicStmnt CovItemId="S26" CovItemPrefix="org.jfree.data.test.DataUtilitiesTest.java" Intrnl_Id="833">
<LocList>
<Loc EndOffset="1652" SrcFileId="3" StartOffset="1625"/>
</LocList>
</BasicStmnt>
<BasicStmnt CovItemId="S27" CovItemPrefix="org.jfree.data.test.DataUtilitiesTest.java" Intrnl_Id="834">
<LocList>
<Loc EndOffset="1684" SrcFileId="3" StartOffset="1661"/>
</LocList>
</BasicStmnt>
</StmntSeq>
</HierarchyLvl>
</HierarchyLvl>
<HierarchyLvl HierarchyLvlId="480" HierarchyLvlTypeId="8" Intrnl_Id="835" Name="testCalculateColumnTotal_columnIsFirstInTable">
<Header>
<Loc EndOffset="1876" SrcFileId="3" StartOffset="1810"/>
</Header>
<LocList>
<Loc EndOffset="2413" SrcFileId="3" StartOffset="1810"/>
</LocList>
<StmntSeq Intrnl_Id="836">
<LocList>
<Loc EndOffset="1920" SrcFileId="3" StartOffset="1881"/>
<Loc EndOffset="1983" SrcFileId="3" StartOffset="1923"/>
<Loc EndOffset="2010" SrcFileId="3" StartOffset="1986"/>
<Loc EndOffset="2302" SrcFileId="3" StartOffset="2300"/>
<Loc EndOffset="2367" SrcFileId="3" StartOffset="2305"/>
<Loc EndOffset="2410" SrcFileId="3" StartOffset="2370"/>
</LocList>
<BasicStmnt CovItemId="S30" CovItemPrefix="org.jfree.data.test.DataUtilitiesTest.java" Intrnl_Id="837">
<LocList>
<Loc EndOffset="1920" SrcFileId="3" StartOffset="1881"/>
</LocList>
</BasicStmnt>
<BasicStmnt CovItemId="S31" CovItemPrefix="org.jfree.data.test.DataUtilitiesTest.java" Intrnl_Id="838">
<LocList>
<Loc EndOffset="1983" SrcFileId="3" StartOffset="1923"/>
</LocList>
</BasicStmnt>
<BasicStmnt CovItemId="S32" CovItemPrefix="org.jfree.data.test.DataUtilitiesTest.java" Intrnl_Id="839">
<LocList>
<Loc EndOffset="2010" SrcFileId="3" StartOffset="1986"/>
<Loc EndOffset="2302" SrcFileId="3" StartOffset="2300"/>
</LocList>
</BasicStmnt>
<BasicStmnt CovItemId="S41" CovItemPrefix="org.jfree.data.test.DataUtilitiesTest.java" Intrnl_Id="840">
<LocList>
<Loc EndOffset="2367" SrcFileId="3" StartOffset="2305"/>
</LocList>
</BasicStmnt>
<BasicStmnt CovItemId="S42" CovItemPrefix="org.jfree.data.test.DataUtilitiesTest.java" Intrnl_Id="841">
<LocList>
<Loc EndOffset="2410" SrcFileId="3" StartOffset="2370"/>
</LocList>
</BasicStmnt>
</StmntSeq>
<HierarchyLvl HierarchyLvlId="479" HierarchyLvlTypeId="10" Intrnl_Id="842" Name="Expectations">
<Header>
<Loc EndOffset="2028" SrcFileId="3" StartOffset="2014"/>
</Header>
<LocList>
<Loc EndOffset="2300" SrcFileId="3" StartOffset="2010"/>
</LocList>
<StmntSeq Intrnl_Id="843">
<LocList>
<Loc EndOffset="2066" SrcFileId="3" StartOffset="2040"/>
<Loc EndOffset="2092" SrcFileId="3" StartOffset="2071"/>
<Loc EndOffset="2124" SrcFileId="3" StartOffset="2097"/>
<Loc EndOffset="2156" SrcFileId="3" StartOffset="2133"/>
<Loc EndOffset="2192" SrcFileId="3" StartOffset="2165"/>
<Loc EndOffset="2224" SrcFileId="3" StartOffset="2201"/>
<Loc EndOffset="2259" SrcFileId="3" StartOffset="2232"/>
<Loc EndOffset="2291" SrcFileId="3" StartOffset="2268"/>
</LocList>
<BasicStmnt CovItemId="S33" CovItemPrefix="org.jfree.data.test.DataUtilitiesTest.java" Intrnl_Id="844">
<LocList>
<Loc EndOffset="2066" SrcFileId="3" StartOffset="2040"/>
</LocList>
</BasicStmnt>
<BasicStmnt CovItemId="S34" CovItemPrefix="org.jfree.data.test.DataUtilitiesTest.java" Intrnl_Id="845">
<LocList>
<Loc EndOffset="2092" SrcFileId="3" StartOffset="2071"/>
</LocList>
</BasicStmnt>
<BasicStmnt CovItemId="S35" CovItemPrefix="org.jfree.data.test.DataUtilitiesTest.java" Intrnl_Id="846">
<LocList>
<Loc EndOffset="2124" SrcFileId="3" StartOffset="2097"/>
</LocList>
</BasicStmnt>
<BasicStmnt CovItemId="S36" CovItemPrefix="org.jfree.data.test.DataUtilitiesTest.java" Intrnl_Id="847">
<LocList>
<Loc EndOffset="2156" SrcFileId="3" StartOffset="2133"/>
</LocList>
</BasicStmnt>
<BasicStmnt CovItemId="S37" CovItemPrefix="org.jfree.data.test.DataUtilitiesTest.java" Intrnl_Id="848">
<LocList>
<Loc EndOffset="2192" SrcFileId="3" StartOffset="2165"/>
</LocList>
</BasicStmnt>
<BasicStmnt CovItemId="S38" CovItemPrefix="org.jfree.data.test.DataUtilitiesTest.java" Intrnl_Id="849">
<LocList>
<Loc EndOffset="2224" SrcFileId="3" StartOffset="2201"/>
</LocList>
</BasicStmnt>
<BasicStmnt CovItemId="S39" CovItemPrefix="org.jfree.data.test.DataUtilitiesTest.java" Intrnl_Id="850">
<LocList>
<Loc EndOffset="2259" SrcFileId="3" StartOffset="2232"/>
</LocList>
</BasicStmnt>
<BasicStmnt CovItemId="S40" CovItemPrefix="org.jfree.data.test.DataUtilitiesTest.java" Intrnl_Id="851">
<LocList>
<Loc EndOffset="2291" SrcFileId="3" StartOffset="2268"/>
</LocList>
</BasicStmnt>
</StmntSeq>
</HierarchyLvl>
</HierarchyLvl>
<HierarchyLvl HierarchyLvlId="482" HierarchyLvlTypeId="8" Intrnl_Id="852" Name="testCalculateColumnTotal_columnIsNegativeOne">
<Header>
<Loc EndOffset="2482" SrcFileId="3" StartOffset="2417"/>
</Header>
<LocList>
<Loc EndOffset="2819" SrcFileId="3" StartOffset="2417"/>
</LocList>
<StmntSeq Intrnl_Id="853">
<LocList>
<Loc EndOffset="2526" SrcFileId="3" StartOffset="2487"/>
<Loc EndOffset="2589" SrcFileId="3" StartOffset="2529"/>
<Loc EndOffset="2616" SrcFileId="3" StartOffset="2592"/>
<Loc EndOffset="2709" SrcFileId="3" StartOffset="2707"/>
<Loc EndOffset="2775" SrcFileId="3" StartOffset="2712"/>
<Loc EndOffset="2816" SrcFileId="3" StartOffset="2778"/>
</LocList>
<BasicStmnt CovItemId="S43" CovItemPrefix="org.jfree.data.test.DataUtilitiesTest.java" Intrnl_Id="854">
<LocList>
<Loc EndOffset="2526" SrcFileId="3" StartOffset="2487"/>
</LocList>
</BasicStmnt>
<BasicStmnt CovItemId="S44" CovItemPrefix="org.jfree.data.test.DataUtilitiesTest.java" Intrnl_Id="855">
<LocList>
<Loc EndOffset="2589" SrcFileId="3" StartOffset="2529"/>
</LocList>
</BasicStmnt>
<BasicStmnt CovItemId="S45" CovItemPrefix="org.jfree.data.test.DataUtilitiesTest.java" Intrnl_Id="856">
<LocList>
<Loc EndOffset="2616" SrcFileId="3" StartOffset="2592"/>
<Loc EndOffset="2709" SrcFileId="3" StartOffset="2707"/>
</LocList>
</BasicStmnt>
<BasicStmnt CovItemId="S48" CovItemPrefix="org.jfree.data.test.DataUtilitiesTest.java" Intrnl_Id="857">
<LocList>
<Loc EndOffset="2775" SrcFileId="3" StartOffset="2712"/>
</LocList>
</BasicStmnt>
<BasicStmnt CovItemId="S49" CovItemPrefix="org.jfree.data.test.DataUtilitiesTest.java" Intrnl_Id="858">
<LocList>
<Loc EndOffset="2816" SrcFileId="3" StartOffset="2778"/>
</LocList>
</BasicStmnt>
</StmntSeq>
<HierarchyLvl HierarchyLvlId="481" HierarchyLvlTypeId="10" Intrnl_Id="859" Name="Expectations">
<Header>
<Loc EndOffset="2634" SrcFileId="3" StartOffset="2620"/>
</Header>
<LocList>
<Loc EndOffset="2707" SrcFileId="3" StartOffset="2616"/>
</LocList>
<StmntSeq Intrnl_Id="860">
<LocList>
<Loc EndOffset="2672" SrcFileId="3" StartOffset="2646"/>
<Loc EndOffset="2698" SrcFileId="3" StartOffset="2677"/>
</LocList>
<BasicStmnt CovItemId="S46" CovItemPrefix="org.jfree.data.test.DataUtilitiesTest.java" Intrnl_Id="861">
<LocList>
<Loc EndOffset="2672" SrcFileId="3" StartOffset="2646"/>
</LocList>
</BasicStmnt>
<BasicStmnt CovItemId="S47" CovItemPrefix="org.jfree.data.test.DataUtilitiesTest.java" Intrnl_Id="862">
<LocList>
<Loc EndOffset="2698" SrcFileId="3" StartOffset="2677"/>
</LocList>
</BasicStmnt>
</StmntSeq>
</HierarchyLvl>
</HierarchyLvl>
<HierarchyLvl HierarchyLvlId="484" HierarchyLvlTypeId="8" Intrnl_Id="863" Name="testCalculateColumnTotal_columnIsOneMoreThanMax">
<Header>
<Loc EndOffset="2891" SrcFileId="3" StartOffset="2823"/>
</Header>
<LocList>
<Loc EndOffset="3227" SrcFileId="3" StartOffset="2823"/>
</LocList>
<StmntSeq Intrnl_Id="864">
<LocList>
<Loc EndOffset="2935" SrcFileId="3" StartOffset="2896"/>
<Loc EndOffset="2998" SrcFileId="3" StartOffset="2938"/>
<Loc EndOffset="3025" SrcFileId="3" StartOffset="3001"/>
<Loc EndOffset="3118" SrcFileId="3" StartOffset="3116"/>
<Loc EndOffset="3183" SrcFileId="3" StartOffset="3121"/>
<Loc EndOffset="3224" SrcFileId="3" StartOffset="3186"/>
</LocList>
<BasicStmnt CovItemId="S50" CovItemPrefix="org.jfree.data.test.DataUtilitiesTest.java" Intrnl_Id="865">
<LocList>
<Loc EndOffset="2935" SrcFileId="3" StartOffset="2896"/>
</LocList>
</BasicStmnt>
<BasicStmnt CovItemId="S51" CovItemPrefix="org.jfree.data.test.DataUtilitiesTest.java" Intrnl_Id="866">
<LocList>
<Loc EndOffset="2998" SrcFileId="3" StartOffset="2938"/>
</LocList>
</BasicStmnt>
<BasicStmnt CovItemId="S52" CovItemPrefix="org.jfree.data.test.DataUtilitiesTest.java" Intrnl_Id="867">
<LocList>
<Loc EndOffset="3025" SrcFileId="3" StartOffset="3001"/>
<Loc EndOffset="3118" SrcFileId="3" StartOffset="3116"/>
</LocList>
</BasicStmnt>
<BasicStmnt CovItemId="S55" CovItemPrefix="org.jfree.data.test.DataUtilitiesTest.java" Intrnl_Id="868">
<LocList>
<Loc EndOffset="3183" SrcFileId="3" StartOffset="3121"/>
</LocList>
</BasicStmnt>
<BasicStmnt CovItemId="S56" CovItemPrefix="org.jfree.data.test.DataUtilitiesTest.java" Intrnl_Id="869">
<LocList>
<Loc EndOffset="3224" SrcFileId="3" StartOffset="3186"/>
</LocList>
</BasicStmnt>
</StmntSeq>
<HierarchyLvl HierarchyLvlId="483" HierarchyLvlTypeId="10" Intrnl_Id="870" Name="Expectations">
<Header>
<Loc EndOffset="3043" SrcFileId="3" StartOffset="3029"/>
</Header>
<LocList>
<Loc EndOffset="3116" SrcFileId="3" StartOffset="3025"/>
</LocList>
<StmntSeq Intrnl_Id="871">
<LocList>
<Loc EndOffset="3081" SrcFileId="3" StartOffset="3055"/>
<Loc EndOffset="3107" SrcFileId="3" StartOffset="3086"/>
</LocList>
<BasicStmnt CovItemId="S53" CovItemPrefix="org.jfree.data.test.DataUtilitiesTest.java" Intrnl_Id="872">
<LocList>
<Loc EndOffset="3081" SrcFileId="3" StartOffset="3055"/>
</LocList>
</BasicStmnt>
<BasicStmnt CovItemId="S54" CovItemPrefix="org.jfree.data.test.DataUtilitiesTest.java" Intrnl_Id="873">
<LocList>
<Loc EndOffset="3107" SrcFileId="3" StartOffset="3086"/>
</LocList>
</BasicStmnt>
</StmntSeq>
</HierarchyLvl>
</HierarchyLvl>
<HierarchyLvl HierarchyLvlId="486" HierarchyLvlTypeId="8" Intrnl_Id="874" Name="testCalculateColumnTotal_columnIsCentralInTable">
<Header>
<Loc EndOffset="3299" SrcFileId="3" StartOffset="3231"/>
</Header>
<LocList>
<Loc EndOffset="3836" SrcFileId="3" StartOffset="3231"/>
</LocList>
<StmntSeq Intrnl_Id="875">
<LocList>
<Loc EndOffset="3343" SrcFileId="3" StartOffset="3304"/>
<Loc EndOffset="3406" SrcFileId="3" StartOffset="3346"/>
<Loc EndOffset="3433" SrcFileId="3" StartOffset="3409"/>
<Loc EndOffset="3725" SrcFileId="3" StartOffset="3723"/>
<Loc EndOffset="3790" SrcFileId="3" StartOffset="3728"/>
<Loc EndOffset="3833" SrcFileId="3" StartOffset="3793"/>
</LocList>
<BasicStmnt CovItemId="S57" CovItemPrefix="org.jfree.data.test.DataUtilitiesTest.java" Intrnl_Id="876">
<LocList>
<Loc EndOffset="3343" SrcFileId="3" StartOffset="3304"/>
</LocList>
</BasicStmnt>
<BasicStmnt CovItemId="S58" CovItemPrefix="org.jfree.data.test.DataUtilitiesTest.java" Intrnl_Id="877">
<LocList>
<Loc EndOffset="3406" SrcFileId="3" StartOffset="3346"/>
</LocList>
</BasicStmnt>
<BasicStmnt CovItemId="S59" CovItemPrefix="org.jfree.data.test.DataUtilitiesTest.java" Intrnl_Id="878">
<LocList>
<Loc EndOffset="3433" SrcFileId="3" StartOffset="3409"/>
<Loc EndOffset="3725" SrcFileId="3" StartOffset="3723"/>
</LocList>
</BasicStmnt>
<BasicStmnt CovItemId="S68" CovItemPrefix="org.jfree.data.test.DataUtilitiesTest.java" Intrnl_Id="879">
<LocList>
<Loc EndOffset="3790" SrcFileId="3" StartOffset="3728"/>
</LocList>
</BasicStmnt>
<BasicStmnt CovItemId="S69" CovItemPrefix="org.jfree.data.test.DataUtilitiesTest.java" Intrnl_Id="880">
<LocList>
<Loc EndOffset="3833" SrcFileId="3" StartOffset="3793"/>
</LocList>
</BasicStmnt>
</StmntSeq>
<HierarchyLvl HierarchyLvlId="485" HierarchyLvlTypeId="10" Intrnl_Id="881" Name="Expectations">
<Header>
<Loc EndOffset="3451" SrcFileId="3" StartOffset="3437"/>
</Header>
<LocList>
<Loc EndOffset="3723" SrcFileId="3" StartOffset="3433"/>
</LocList>
<StmntSeq Intrnl_Id="882">
<LocList>
<Loc EndOffset="3489" SrcFileId="3" StartOffset="3463"/>
<Loc EndOffset="3515" SrcFileId="3" StartOffset="3494"/>
<Loc EndOffset="3547" SrcFileId="3" StartOffset="3520"/>
<Loc EndOffset="3579" SrcFileId="3" StartOffset="3556"/>
<Loc EndOffset="3615" SrcFileId="3" StartOffset="3588"/>
<Loc EndOffset="3647" SrcFileId="3" StartOffset="3624"/>
<Loc EndOffset="3682" SrcFileId="3" StartOffset="3655"/>
<Loc EndOffset="3714" SrcFileId="3" StartOffset="3691"/>
</LocList>
<BasicStmnt CovItemId="S60" CovItemPrefix="org.jfree.data.test.DataUtilitiesTest.java" Intrnl_Id="883">
<LocList>
<Loc EndOffset="3489" SrcFileId="3" StartOffset="3463"/>
</LocList>
</BasicStmnt>
<BasicStmnt CovItemId="S61" CovItemPrefix="org.jfree.data.test.DataUtilitiesTest.java" Intrnl_Id="884">
<LocList>
<Loc EndOffset="3515" SrcFileId="3" StartOffset="3494"/>
</LocList>
</BasicStmnt>
<BasicStmnt CovItemId="S62" CovItemPrefix="org.jfree.data.test.DataUtilitiesTest.java" Intrnl_Id="885">
<LocList>
<Loc EndOffset="3547" SrcFileId="3" StartOffset="3520"/>
</LocList>
</BasicStmnt>
<BasicStmnt CovItemId="S63" CovItemPrefix="org.jfree.data.test.DataUtilitiesTest.java" Intrnl_Id="886">
<LocList>
<Loc EndOffset="3579" SrcFileId="3" StartOffset="3556"/>
</LocList>
</BasicStmnt>
<BasicStmnt CovItemId="S64" CovItemPrefix="org.jfree.data.test.DataUtilitiesTest.java" Intrnl_Id="887">
<LocList>
<Loc EndOffset="3615" SrcFileId="3" StartOffset="3588"/>
</LocList>
</BasicStmnt>
<BasicStmnt CovItemId="S65" CovItemPrefix="org.jfree.data.test.DataUtilitiesTest.java" Intrnl_Id="888">
<LocList>
<Loc EndOffset="3647" SrcFileId="3" StartOffset="3624"/>
</LocList>
</BasicStmnt>
<BasicStmnt CovItemId="S66" CovItemPrefix="org.jfree.data.test.DataUtilitiesTest.java" Intrnl_Id="889">
<LocList>
<Loc EndOffset="3682" SrcFileId="3" StartOffset="3655"/>
</LocList>
</BasicStmnt>
<BasicStmnt CovItemId="S67" CovItemPrefix="org.jfree.data.test.DataUtilitiesTest.java" Intrnl_Id="890">
<LocList>
<Loc EndOffset="3714" SrcFileId="3" StartOffset="3691"/>
</LocList>
</BasicStmnt>
</StmntSeq>
</HierarchyLvl>
</HierarchyLvl>
<HierarchyLvl HierarchyLvlId="487" HierarchyLvlTypeId="8" Intrnl_Id="891" Name="testCalculateRowTotal_nullDataObjectPassed">
<Header>
<Loc EndOffset="3903" SrcFileId="3" StartOffset="3840"/>
</Header>
<LocList>
<Loc EndOffset="4145" SrcFileId="3" StartOffset="3840"/>
</LocList>
<StmntSeq Intrnl_Id="892">
<LocList>
<Loc EndOffset="3935" SrcFileId="3" StartOffset="3908"/>
<Loc EndOffset="3991" SrcFileId="3" StartOffset="3950"/>
<Loc EndOffset="4059" SrcFileId="3" StartOffset="3941"/>
<Loc EndOffset="4138" SrcFileId="3" StartOffset="4073"/>
</LocList>
<BasicStmnt CovItemId="S70" CovItemPrefix="org.jfree.data.test.DataUtilitiesTest.java" Intrnl_Id="893">
<LocList>
<Loc EndOffset="3935" SrcFileId="3" StartOffset="3908"/>
</LocList>
</BasicStmnt>
<BasicStmnt CovItemId="S72" CovItemPrefix="org.jfree.data.test.DataUtilitiesTest.java" Intrnl_Id="894">
<LocList>
<Loc EndOffset="3991" SrcFileId="3" StartOffset="3950"/>
</LocList>
</BasicStmnt>
<CondStmnt CovItemId="S71" CovItemPrefix="org.jfree.data.test.DataUtilitiesTest.java" Intrnl_Id="895">
<Branch CovItemId="B3" CovItemPrefix="org.jfree.data.test.DataUtilitiesTest.java" Implct="true" Intrnl_Id="896">
<Cond/>
<LocList/>
<StmntSeq Intrnl_Id="897">
<LocList/>
</StmntSeq>
</Branch>
<Branch CovItemId="B4" CovItemPrefix="org.jfree.data.test.DataUtilitiesTest.java" Implct="false" Intrnl_Id="898">
<Cond>
<Loc EndOffset="4031" SrcFileId="3" StartOffset="3996"/>
</Cond>
<LocList>
<Loc EndOffset="4059" SrcFileId="3" StartOffset="4032"/>
</LocList>
<StmntSeq Intrnl_Id="899">
<LocList>
<Loc EndOffset="4055" SrcFileId="3" StartOffset="4037"/>
</LocList>
<BasicStmnt CovItemId="S73" CovItemPrefix="org.jfree.data.test.DataUtilitiesTest.java" Intrnl_Id="900">
<LocList>
<Loc EndOffset="4055" SrcFileId="3" StartOffset="4037"/>
</LocList>
</BasicStmnt>
</StmntSeq>
</Branch>
<Keyword EndOffset="3944" SrcFileId="3" StartOffset="3941"/>
<LocList>
<Loc EndOffset="4059" SrcFileId="3" StartOffset="3941"/>
</LocList>
</CondStmnt>
<BasicStmnt CovItemId="S74" CovItemPrefix="org.jfree.data.test.DataUtilitiesTest.java" Intrnl_Id="901">
<LocList>
<Loc EndOffset="4138" SrcFileId="3" StartOffset="4073"/>
</LocList>
</BasicStmnt>
</StmntSeq>
</HierarchyLvl>
<HierarchyLvl HierarchyLvlId="489" HierarchyLvlTypeId="8" Intrnl_Id="902" Name="testCalculateRowTotal_invalidDataPassed">
<Header>
<Loc EndOffset="4209" SrcFileId="3" StartOffset="4149"/>
</Header>
<LocList>
<Loc EndOffset="4680" SrcFileId="3" StartOffset="4149"/>
</LocList>
<StmntSeq Intrnl_Id="903">
<LocList>
<Loc EndOffset="4253" SrcFileId="3" StartOffset="4214"/>
<Loc EndOffset="4316" SrcFileId="3" StartOffset="4256"/>
<Loc EndOffset="4343" SrcFileId="3" StartOffset="4319"/>
<Loc EndOffset="4574" SrcFileId="3" StartOffset="4572"/>
<Loc EndOffset="4636" SrcFileId="3" StartOffset="4577"/>
<Loc EndOffset="4677" SrcFileId="3" StartOffset="4639"/>
</LocList>
<BasicStmnt CovItemId="S75" CovItemPrefix="org.jfree.data.test.DataUtilitiesTest.java" Intrnl_Id="904">
<LocList>
<Loc EndOffset="4253" SrcFileId="3" StartOffset="4214"/>
</LocList>
</BasicStmnt>
<BasicStmnt CovItemId="S76" CovItemPrefix="org.jfree.data.test.DataUtilitiesTest.java" Intrnl_Id="905">
<LocList>
<Loc EndOffset="4316" SrcFileId="3" StartOffset="4256"/>
</LocList>
</BasicStmnt>
<BasicStmnt CovItemId="S77" CovItemPrefix="org.jfree.data.test.DataUtilitiesTest.java" Intrnl_Id="906">
<LocList>
<Loc EndOffset="4343" SrcFileId="3" StartOffset="4319"/>
<Loc EndOffset="4574" SrcFileId="3" StartOffset="4572"/>
</LocList>
</BasicStmnt>
<BasicStmnt CovItemId="S84" CovItemPrefix="org.jfree.data.test.DataUtilitiesTest.java" Intrnl_Id="907">
<LocList>
<Loc EndOffset="4636" SrcFileId="3" StartOffset="4577"/>
</LocList>
</BasicStmnt>
<BasicStmnt CovItemId="S85" CovItemPrefix="org.jfree.data.test.DataUtilitiesTest.java" Intrnl_Id="908">
<LocList>
<Loc EndOffset="4677" SrcFileId="3" StartOffset="4639"/>
</LocList>
</BasicStmnt>
</StmntSeq>
<HierarchyLvl HierarchyLvlId="488" HierarchyLvlTypeId="10" Intrnl_Id="909" Name="Expectations">
<Header>
<Loc EndOffset="4361" SrcFileId="3" StartOffset="4347"/>
</Header>
<LocList>
<Loc EndOffset="4572" SrcFileId="3" StartOffset="4343"/>
</LocList>
<StmntSeq Intrnl_Id="910">
<LocList>
<Loc EndOffset="4402" SrcFileId="3" StartOffset="4373"/>
<Loc EndOffset="4428" SrcFileId="3" StartOffset="4407"/>
<Loc EndOffset="4460" SrcFileId="3" StartOffset="4433"/>
<Loc EndOffset="4493" SrcFileId="3" StartOffset="4469"/>
<Loc EndOffset="4529" SrcFileId="3" StartOffset="4502"/>
<Loc EndOffset="4563" SrcFileId="3" StartOffset="4538"/>
</LocList>
<BasicStmnt CovItemId="S78" CovItemPrefix="org.jfree.data.test.DataUtilitiesTest.java" Intrnl_Id="911">
<LocList>
<Loc EndOffset="4402" SrcFileId="3" StartOffset="4373"/>
</LocList>
</BasicStmnt>
<BasicStmnt CovItemId="S79" CovItemPrefix="org.jfree.data.test.DataUtilitiesTest.java" Intrnl_Id="912">
<LocList>
<Loc EndOffset="4428" SrcFileId="3" StartOffset="4407"/>
</LocList>
</BasicStmnt>
<BasicStmnt CovItemId="S80" CovItemPrefix="org.jfree.data.test.DataUtilitiesTest.java" Intrnl_Id="913">
<LocList>
<Loc EndOffset="4460" SrcFileId="3" StartOffset="4433"/>
</LocList>
</BasicStmnt>
<BasicStmnt CovItemId="S81" CovItemPrefix="org.jfree.data.test.DataUtilitiesTest.java" Intrnl_Id="914">
<LocList>
<Loc EndOffset="4493" SrcFileId="3" StartOffset="4469"/>
</LocList>
</BasicStmnt>
<BasicStmnt CovItemId="S82" CovItemPrefix="org.jfree.data.test.DataUtilitiesTest.java" Intrnl_Id="915">
<LocList>
<Loc EndOffset="4529" SrcFileId="3" StartOffset="4502"/>
</LocList>
</BasicStmnt>
<BasicStmnt CovItemId="S83" CovItemPrefix="org.jfree.data.test.DataUtilitiesTest.java" Intrnl_Id="916">
<LocList>
<Loc EndOffset="4563" SrcFileId="3" StartOffset="4538"/>
</LocList>
</BasicStmnt>
</StmntSeq>
</HierarchyLvl>
</HierarchyLvl>
<HierarchyLvl HierarchyLvlId="491" HierarchyLvlTypeId="8" Intrnl_Id="917" Name="testCalculateRowTotal_columnIsLastColumnInTable">
<Header>
<Loc EndOffset="4752" SrcFileId="3" StartOffset="4684"/>
</Header>
<LocList>
<Loc EndOffset="5289" SrcFileId="3" StartOffset="4684"/>
</LocList>
<StmntSeq Intrnl_Id="918">
<LocList>
<Loc EndOffset="4796" SrcFileId="3" StartOffset="4757"/>
<Loc EndOffset="4859" SrcFileId="3" StartOffset="4799"/>
<Loc EndOffset="4886" SrcFileId="3" StartOffset="4862"/>
<Loc EndOffset="5181" SrcFileId="3" StartOffset="5179"/>
<Loc EndOffset="5243" SrcFileId="3" StartOffset="5184"/>
<Loc EndOffset="5286" SrcFileId="3" StartOffset="5246"/>
</LocList>
<BasicStmnt CovItemId="S86" CovItemPrefix="org.jfree.data.test.DataUtilitiesTest.java" Intrnl_Id="919">
<LocList>
<Loc EndOffset="4796" SrcFileId="3" StartOffset="4757"/>
</LocList>
</BasicStmnt>
<BasicStmnt CovItemId="S87" CovItemPrefix="org.jfree.data.test.DataUtilitiesTest.java" Intrnl_Id="920">
<LocList>
<Loc EndOffset="4859" SrcFileId="3" StartOffset="4799"/>
</LocList>
</BasicStmnt>
<BasicStmnt CovItemId="S88" CovItemPrefix="org.jfree.data.test.DataUtilitiesTest.java" Intrnl_Id="921">
<LocList>
<Loc EndOffset="4886" SrcFileId="3" StartOffset="4862"/>
<Loc EndOffset="5181" SrcFileId="3" StartOffset="5179"/>
</LocList>
</BasicStmnt>
<BasicStmnt CovItemId="S97" CovItemPrefix="org.jfree.data.test.DataUtilitiesTest.java" Intrnl_Id="922">
<LocList>
<Loc EndOffset="5243" SrcFileId="3" StartOffset="5184"/>
</LocList>
</BasicStmnt>
<BasicStmnt CovItemId="S98" CovItemPrefix="org.jfree.data.test.DataUtilitiesTest.java" Intrnl_Id="923">
<LocList>
<Loc EndOffset="5286" SrcFileId="3" StartOffset="5246"/>
</LocList>
</BasicStmnt>
</StmntSeq>
<HierarchyLvl HierarchyLvlId="490" HierarchyLvlTypeId="10" Intrnl_Id="924" Name="Expectations">
<Header>
<Loc EndOffset="4904" SrcFileId="3" StartOffset="4890"/>
</Header>
<LocList>
<Loc EndOffset="5179" SrcFileId="3" StartOffset="4886"/>
</LocList>
<StmntSeq Intrnl_Id="925">
<LocList>
<Loc EndOffset="4945" SrcFileId="3" StartOffset="4916"/>
<Loc EndOffset="4971" SrcFileId="3" StartOffset="4950"/>
<Loc EndOffset="5003" SrcFileId="3" StartOffset="4976"/>
<Loc EndOffset="5035" SrcFileId="3" StartOffset="5012"/>
<Loc EndOffset="5071" SrcFileId="3" StartOffset="5044"/>
<Loc EndOffset="5103" SrcFileId="3" StartOffset="5080"/>
<Loc EndOffset="5138" SrcFileId="3" StartOffset="5111"/>
<Loc EndOffset="5170" SrcFileId="3" StartOffset="5147"/>
</LocList>
<BasicStmnt CovItemId="S89" CovItemPrefix="org.jfree.data.test.DataUtilitiesTest.java" Intrnl_Id="926">
<LocList>
<Loc EndOffset="4945" SrcFileId="3" StartOffset="4916"/>
</LocList>
</BasicStmnt>
<BasicStmnt CovItemId="S90" CovItemPrefix="org.jfree.data.test.DataUtilitiesTest.java" Intrnl_Id="927">
<LocList>
<Loc EndOffset="4971" SrcFileId="3" StartOffset="4950"/>
</LocList>
</BasicStmnt>
<BasicStmnt CovItemId="S91" CovItemPrefix="org.jfree.data.test.DataUtilitiesTest.java" Intrnl_Id="928">
<LocList>
<Loc EndOffset="5003" SrcFileId="3" StartOffset="4976"/>
</LocList>
</BasicStmnt>
<BasicStmnt CovItemId="S92" CovItemPrefix="org.jfree.data.test.DataUtilitiesTest.java" Intrnl_Id="929">
<LocList>
<Loc EndOffset="5035" SrcFileId="3" StartOffset="5012"/>
</LocList>
</BasicStmnt>
<BasicStmnt CovItemId="S93" CovItemPrefix="org.jfree.data.test.DataUtilitiesTest.java" Intrnl_Id="930">
<LocList>
<Loc EndOffset="5071" SrcFileId="3" StartOffset="5044"/>
</LocList>
</BasicStmnt>
<BasicStmnt CovItemId="S94" CovItemPrefix="org.jfree.data.test.DataUtilitiesTest.java" Intrnl_Id="931">
<LocList>
<Loc EndOffset="5103" SrcFileId="3" StartOffset="5080"/>
</LocList>
</BasicStmnt>
<BasicStmnt CovItemId="S95" CovItemPrefix="org.jfree.data.test.DataUtilitiesTest.java" Intrnl_Id="932">
<LocList>
<Loc EndOffset="5138" SrcFileId="3" StartOffset="5111"/>
</LocList>
</BasicStmnt>
<BasicStmnt CovItemId="S96" CovItemPrefix="org.jfree.data.test.DataUtilitiesTest.java" Intrnl_Id="933">
<LocList>
<Loc EndOffset="5170" SrcFileId="3" StartOffset="5147"/>
</LocList>
</BasicStmnt>
</StmntSeq>
</HierarchyLvl>
</HierarchyLvl>
<HierarchyLvl HierarchyLvlId="493" HierarchyLvlTypeId="8" Intrnl_Id="934" Name="testCalculateRowTotal_columnIsFirstInTable">
<Header>
<Loc EndOffset="5356" SrcFileId="3" StartOffset="5293"/>
</Header>
<LocList>
<Loc EndOffset="5893" SrcFileId="3" StartOffset="5293"/>
</LocList>
<StmntSeq Intrnl_Id="935">
<LocList>
<Loc EndOffset="5400" SrcFileId="3" StartOffset="5361"/>
<Loc EndOffset="5463" SrcFileId="3" StartOffset="5403"/>
<Loc EndOffset="5490" SrcFileId="3" StartOffset="5466"/>
<Loc EndOffset="5785" SrcFileId="3" StartOffset="5783"/>
<Loc EndOffset="5847" SrcFileId="3" StartOffset="5788"/>
<Loc EndOffset="5890" SrcFileId="3" StartOffset="5850"/>
</LocList>
<BasicStmnt CovItemId="S99" CovItemPrefix="org.jfree.data.test.DataUtilitiesTest.java" Intrnl_Id="936">
<LocList>
<Loc EndOffset="5400" SrcFileId="3" StartOffset="5361"/>
</LocList>
</BasicStmnt>
<BasicStmnt CovItemId="S100" CovItemPrefix="org.jfree.data.test.DataUtilitiesTest.java" Intrnl_Id="937">
<LocList>
<Loc EndOffset="5463" SrcFileId="3" StartOffset="5403"/>
</LocList>
</BasicStmnt>
<BasicStmnt CovItemId="S101" CovItemPrefix="org.jfree.data.test.DataUtilitiesTest.java" Intrnl_Id="938">
<LocList>
<Loc EndOffset="5490" SrcFileId="3" StartOffset="5466"/>
<Loc EndOffset="5785" SrcFileId="3" StartOffset="5783"/>
</LocList>
</BasicStmnt>
<BasicStmnt CovItemId="S110" CovItemPrefix="org.jfree.data.test.DataUtilitiesTest.java" Intrnl_Id="939">
<LocList>
<Loc EndOffset="5847" SrcFileId="3" StartOffset="5788"/>
</LocList>
</BasicStmnt>
<BasicStmnt CovItemId="S111" CovItemPrefix="org.jfree.data.test.DataUtilitiesTest.java" Intrnl_Id="940">
<LocList>
<Loc EndOffset="5890" SrcFileId="3" StartOffset="5850"/>
</LocList>
</BasicStmnt>
</StmntSeq>
<HierarchyLvl HierarchyLvlId="492" HierarchyLvlTypeId="10" Intrnl_Id="941" Name="Expectations">
<Header>
<Loc EndOffset="5508" SrcFileId="3" StartOffset="5494"/>
</Header>
<LocList>
<Loc EndOffset="5783" SrcFileId="3" StartOffset="5490"/>
</LocList>
<StmntSeq Intrnl_Id="942">
<LocList>
<Loc EndOffset="5549" SrcFileId="3" StartOffset="5520"/>
<Loc EndOffset="5575" SrcFileId="3" StartOffset="5554"/>
<Loc EndOffset="5607" SrcFileId="3" StartOffset="5580"/>
<Loc EndOffset="5639" SrcFileId="3" StartOffset="5616"/>
<Loc EndOffset="5675" SrcFileId="3" StartOffset="5648"/>
<Loc EndOffset="5707" SrcFileId="3" StartOffset="5684"/>
<Loc EndOffset="5742" SrcFileId="3" StartOffset="5715"/>
<Loc EndOffset="5774" SrcFileId="3" StartOffset="5751"/>
</LocList>
<BasicStmnt CovItemId="S102" CovItemPrefix="org.jfree.data.test.DataUtilitiesTest.java" Intrnl_Id="943">
<LocList>
<Loc EndOffset="5549" SrcFileId="3" StartOffset="5520"/>
</LocList>
</BasicStmnt>
<BasicStmnt CovItemId="S103" CovItemPrefix="org.jfree.data.test.DataUtilitiesTest.java" Intrnl_Id="944">
<LocList>
<Loc EndOffset="5575" SrcFileId="3" StartOffset="5554"/>
</LocList>
</BasicStmnt>
<BasicStmnt CovItemId="S104" CovItemPrefix="org.jfree.data.test.DataUtilitiesTest.java" Intrnl_Id="945">
<LocList>
<Loc EndOffset="5607" SrcFileId="3" StartOffset="5580"/>
</LocList>
</BasicStmnt>
<BasicStmnt CovItemId="S105" CovItemPrefix="org.jfree.data.test.DataUtilitiesTest.java" Intrnl_Id="946">
<LocList>
<Loc EndOffset="5639" SrcFileId="3" StartOffset="5616"/>
</LocList>
</BasicStmnt>
<BasicStmnt CovItemId="S106" CovItemPrefix="org.jfree.data.test.DataUtilitiesTest.java" Intrnl_Id="947">
<LocList>
<Loc EndOffset="5675" SrcFileId="3" StartOffset="5648"/>
</LocList>
</BasicStmnt>
<BasicStmnt CovItemId="S107" CovItemPrefix="org.jfree.data.test.DataUtilitiesTest.java" Intrnl_Id="948">
<LocList>
<Loc EndOffset="5707" SrcFileId="3" StartOffset="5684"/>
</LocList>
</BasicStmnt>
<BasicStmnt CovItemId="S108" CovItemPrefix="org.jfree.data.test.DataUtilitiesTest.java" Intrnl_Id="949">
<LocList>
<Loc EndOffset="5742" SrcFileId="3" StartOffset="5715"/>
</LocList>
</BasicStmnt>
<BasicStmnt CovItemId="S109" CovItemPrefix="org.jfree.data.test.DataUtilitiesTest.java" Intrnl_Id="950">
<LocList>
<Loc EndOffset="5774" SrcFileId="3" StartOffset="5751"/>
</LocList>
</BasicStmnt>
</StmntSeq>
</HierarchyLvl>
</HierarchyLvl>
<HierarchyLvl HierarchyLvlId="495" HierarchyLvlTypeId="8" Intrnl_Id="951" Name="testCalculateRowTotal_columnIsNegativeOne">
<Header>
<Loc EndOffset="5959" SrcFileId="3" StartOffset="5897"/>
</Header>
<LocList>
<Loc EndOffset="6296" SrcFileId="3" StartOffset="5897"/>
</LocList>
<StmntSeq Intrnl_Id="952">
<LocList>
<Loc EndOffset="6003" SrcFileId="3" StartOffset="5964"/>
<Loc EndOffset="6066" SrcFileId="3" StartOffset="6006"/>
<Loc EndOffset="6093" SrcFileId="3" StartOffset="6069"/>
<Loc EndOffset="6189" SrcFileId="3" StartOffset="6187"/>
<Loc EndOffset="6252" SrcFileId="3" StartOffset="6192"/>
<Loc EndOffset="6293" SrcFileId="3" StartOffset="6255"/>
</LocList>
<BasicStmnt CovItemId="S112" CovItemPrefix="org.jfree.data.test.DataUtilitiesTest.java" Intrnl_Id="953">
<LocList>
<Loc EndOffset="6003" SrcFileId="3" StartOffset="5964"/>
</LocList>
</BasicStmnt>
<BasicStmnt CovItemId="S113" CovItemPrefix="org.jfree.data.test.DataUtilitiesTest.java" Intrnl_Id="954">
<LocList>
<Loc EndOffset="6066" SrcFileId="3" StartOffset="6006"/>
</LocList>
</BasicStmnt>
<BasicStmnt CovItemId="S114" CovItemPrefix="org.jfree.data.test.DataUtilitiesTest.java" Intrnl_Id="955">
<LocList>
<Loc EndOffset="6093" SrcFileId="3" StartOffset="6069"/>
<Loc EndOffset="6189" SrcFileId="3" StartOffset="6187"/>
</LocList>
</BasicStmnt>
<BasicStmnt CovItemId="S117" CovItemPrefix="org.jfree.data.test.DataUtilitiesTest.java" Intrnl_Id="956">
<LocList>
<Loc EndOffset="6252" SrcFileId="3" StartOffset="6192"/>
</LocList>
</BasicStmnt>
<BasicStmnt CovItemId="S118" CovItemPrefix="org.jfree.data.test.DataUtilitiesTest.java" Intrnl_Id="957">
<LocList>
<Loc EndOffset="6293" SrcFileId="3" StartOffset="6255"/>
</LocList>
</BasicStmnt>
</StmntSeq>
<HierarchyLvl HierarchyLvlId="494" HierarchyLvlTypeId="10" Intrnl_Id="958" Name="Expectations">
<Header>
<Loc EndOffset="6111" SrcFileId="3" StartOffset="6097"/>
</Header>
<LocList>
<Loc EndOffset="6187" SrcFileId="3" StartOffset="6093"/>
</LocList>
<StmntSeq Intrnl_Id="959">
<LocList>
<Loc EndOffset="6152" SrcFileId="3" StartOffset="6123"/>
<Loc EndOffset="6178" SrcFileId="3" StartOffset="6157"/>
</LocList>
<BasicStmnt CovItemId="S115" CovItemPrefix="org.jfree.data.test.DataUtilitiesTest.java" Intrnl_Id="960">
<LocList>
<Loc EndOffset="6152" SrcFileId="3" StartOffset="6123"/>
</LocList>
</BasicStmnt>
<BasicStmnt CovItemId="S116" CovItemPrefix="org.jfree.data.test.DataUtilitiesTest.java" Intrnl_Id="961">
<LocList>
<Loc EndOffset="6178" SrcFileId="3" StartOffset="6157"/>
</LocList>
</BasicStmnt>
</StmntSeq>
</HierarchyLvl>
</HierarchyLvl>
<HierarchyLvl HierarchyLvlId="497" HierarchyLvlTypeId="8" Intrnl_Id="962" Name="testCalculateRowTotal_columnIsOneMoreThanMax">
<Header>
<Loc EndOffset="6365" SrcFileId="3" StartOffset="6300"/>
</Header>
<LocList>
<Loc EndOffset="6701" SrcFileId="3" StartOffset="6300"/>
</LocList>
<StmntSeq Intrnl_Id="963">
<LocList>
<Loc EndOffset="6409" SrcFileId="3" StartOffset="6370"/>
<Loc EndOffset="6472" SrcFileId="3" StartOffset="6412"/>
<Loc EndOffset="6499" SrcFileId="3" StartOffset="6475"/>
<Loc EndOffset="6595" SrcFileId="3" StartOffset="6593"/>
<Loc EndOffset="6657" SrcFileId="3" StartOffset="6598"/>
<Loc EndOffset="6698" SrcFileId="3" StartOffset="6660"/>
</LocList>
<BasicStmnt CovItemId="S119" CovItemPrefix="org.jfree.data.test.DataUtilitiesTest.java" Intrnl_Id="964">
<LocList>
<Loc EndOffset="6409" SrcFileId="3" StartOffset="6370"/>
</LocList>
</BasicStmnt>
<BasicStmnt CovItemId="S120" CovItemPrefix="org.jfree.data.test.DataUtilitiesTest.java" Intrnl_Id="965">
<LocList>
<Loc EndOffset="6472" SrcFileId="3" StartOffset="6412"/>
</LocList>
</BasicStmnt>
<BasicStmnt CovItemId="S121" CovItemPrefix="org.jfree.data.test.DataUtilitiesTest.java" Intrnl_Id="966">
<LocList>
<Loc EndOffset="6499" SrcFileId="3" StartOffset="6475"/>
<Loc EndOffset="6595" SrcFileId="3" StartOffset="6593"/>
</LocList>
</BasicStmnt>
<BasicStmnt CovItemId="S124" CovItemPrefix="org.jfree.data.test.DataUtilitiesTest.java" Intrnl_Id="967">
<LocList>
<Loc EndOffset="6657" SrcFileId="3" StartOffset="6598"/>
</LocList>
</BasicStmnt>
<BasicStmnt CovItemId="S125" CovItemPrefix="org.jfree.data.test.DataUtilitiesTest.java" Intrnl_Id="968">
<LocList>
<Loc EndOffset="6698" SrcFileId="3" StartOffset="6660"/>
</LocList>
</BasicStmnt>
</StmntSeq>
<HierarchyLvl HierarchyLvlId="496" HierarchyLvlTypeId="10" Intrnl_Id="969" Name="Expectations">
<Header>
<Loc EndOffset="6517" SrcFileId="3" StartOffset="6503"/>
</Header>
<LocList>
<Loc EndOffset="6593" SrcFileId="3" StartOffset="6499"/>
</LocList>
<StmntSeq Intrnl_Id="970">
<LocList>
<Loc EndOffset="6558" SrcFileId="3" StartOffset="6529"/>
<Loc EndOffset="6584" SrcFileId="3" StartOffset="6563"/>
</LocList>
<BasicStmnt CovItemId="S122" CovItemPrefix="org.jfree.data.test.DataUtilitiesTest.java" Intrnl_Id="971">
<LocList>
<Loc EndOffset="6558" SrcFileId="3" StartOffset="6529"/>
</LocList>
</BasicStmnt>
<BasicStmnt CovItemId="S123" CovItemPrefix="org.jfree.data.test.DataUtilitiesTest.java" Intrnl_Id="972">
<LocList>
<Loc EndOffset="6584" SrcFileId="3" StartOffset="6563"/>
</LocList>
</BasicStmnt>
</StmntSeq>
</HierarchyLvl>
</HierarchyLvl>
<HierarchyLvl HierarchyLvlId="499" HierarchyLvlTypeId="8" Intrnl_Id="973" Name="testCalculateRowTotal_columnIsCentralInTable">
<Header>
<Loc EndOffset="6770" SrcFileId="3" StartOffset="6705"/>
</Header>
<LocList>
<Loc EndOffset="7307" SrcFileId="3" StartOffset="6705"/>
</LocList>
<StmntSeq Intrnl_Id="974">
<LocList>
<Loc EndOffset="6814" SrcFileId="3" StartOffset="6775"/>
<Loc EndOffset="6877" SrcFileId="3" StartOffset="6817"/>
<Loc EndOffset="6904" SrcFileId="3" StartOffset="6880"/>
<Loc EndOffset="7199" SrcFileId="3" StartOffset="7197"/>
<Loc EndOffset="7261" SrcFileId="3" StartOffset="7202"/>
<Loc EndOffset="7304" SrcFileId="3" StartOffset="7264"/>
</LocList>
<BasicStmnt CovItemId="S126" CovItemPrefix="org.jfree.data.test.DataUtilitiesTest.java" Intrnl_Id="975">
<LocList>
<Loc EndOffset="6814" SrcFileId="3" StartOffset="6775"/>
</LocList>
</BasicStmnt>
<BasicStmnt CovItemId="S127" CovItemPrefix="org.jfree.data.test.DataUtilitiesTest.java" Intrnl_Id="976">
<LocList>
<Loc EndOffset="6877" SrcFileId="3" StartOffset="6817"/>
</LocList>
</BasicStmnt>
<BasicStmnt CovItemId="S128" CovItemPrefix="org.jfree.data.test.DataUtilitiesTest.java" Intrnl_Id="977">
<LocList>
<Loc EndOffset="6904" SrcFileId="3" StartOffset="6880"/>
<Loc EndOffset="7199" SrcFileId="3" StartOffset="7197"/>
</LocList>
</BasicStmnt>
<BasicStmnt CovItemId="S137" CovItemPrefix="org.jfree.data.test.DataUtilitiesTest.java" Intrnl_Id="978">
<LocList>
<Loc EndOffset="7261" SrcFileId="3" StartOffset="7202"/>
</LocList>
</BasicStmnt>
<BasicStmnt CovItemId="S138" CovItemPrefix="org.jfree.data.test.DataUtilitiesTest.java" Intrnl_Id="979">
<LocList>
<Loc EndOffset="7304" SrcFileId="3" StartOffset="7264"/>
</LocList>
</BasicStmnt>
</StmntSeq>
<HierarchyLvl HierarchyLvlId="498" HierarchyLvlTypeId="10" Intrnl_Id="980" Name="Expectations">
<Header>
<Loc EndOffset="6922" SrcFileId="3" StartOffset="6908"/>
</Header>
<LocList>
<Loc EndOffset="7197" SrcFileId="3" StartOffset="6904"/>
</LocList>
<StmntSeq Intrnl_Id="981">
<LocList>
<Loc EndOffset="6963" SrcFileId="3" StartOffset="6934"/>
<Loc EndOffset="6989" SrcFileId="3" StartOffset="6968"/>
<Loc EndOffset="7021" SrcFileId="3" StartOffset="6994"/>
<Loc EndOffset="7053" SrcFileId="3" StartOffset="7030"/>
<Loc EndOffset="7089" SrcFileId="3" StartOffset="7062"/>
<Loc EndOffset="7121" SrcFileId="3" StartOffset="7098"/>
<Loc EndOffset="7156" SrcFileId="3" StartOffset="7129"/>
<Loc EndOffset="7188" SrcFileId="3" StartOffset="7165"/>
</LocList>
<BasicStmnt CovItemId="S129" CovItemPrefix="org.jfree.data.test.DataUtilitiesTest.java" Intrnl_Id="982">
<LocList>
<Loc EndOffset="6963" SrcFileId="3" StartOffset="6934"/>
</LocList>
</BasicStmnt>
<BasicStmnt CovItemId="S130" CovItemPrefix="org.jfree.data.test.DataUtilitiesTest.java" Intrnl_Id="983">
<LocList>
<Loc EndOffset="6989" SrcFileId="3" StartOffset="6968"/>
</LocList>
</BasicStmnt>
<BasicStmnt CovItemId="S131" CovItemPrefix="org.jfree.data.test.DataUtilitiesTest.java" Intrnl_Id="984">
<LocList>
<Loc EndOffset="7021" SrcFileId="3" StartOffset="6994"/>
</LocList>
</BasicStmnt>
<BasicStmnt CovItemId="S132" CovItemPrefix="org.jfree.data.test.DataUtilitiesTest.java" Intrnl_Id="985">
<LocList>
<Loc EndOffset="7053" SrcFileId="3" StartOffset="7030"/>
</LocList>
</BasicStmnt>
<BasicStmnt CovItemId="S133" CovItemPrefix="org.jfree.data.test.DataUtilitiesTest.java" Intrnl_Id="986">
<LocList>
<Loc EndOffset="7089" SrcFileId="3" StartOffset="7062"/>
</LocList>
</BasicStmnt>
<BasicStmnt CovItemId="S134" CovItemPrefix="org.jfree.data.test.DataUtilitiesTest.java" Intrnl_Id="987">
<LocList>
<Loc EndOffset="7121" SrcFileId="3" StartOffset="7098"/>
</LocList>
</BasicStmnt>
<BasicStmnt CovItemId="S135" CovItemPrefix="org.jfree.data.test.DataUtilitiesTest.java" Intrnl_Id="988">
<LocList>
<Loc EndOffset="7156" SrcFileId="3" StartOffset="7129"/>
</LocList>
</BasicStmnt>
<BasicStmnt CovItemId="S136" CovItemPrefix="org.jfree.data.test.DataUtilitiesTest.java" Intrnl_Id="989">
<LocList>
<Loc EndOffset="7188" SrcFileId="3" StartOffset="7165"/>
</LocList>
</BasicStmnt>
</StmntSeq>
</HierarchyLvl>
</HierarchyLvl>
<HierarchyLvl HierarchyLvlId="500" HierarchyLvlTypeId="8" Intrnl_Id="990" Name="testcreateNumberArray_nullDataObjectPassed">
<Header>
<Loc EndOffset="7374" SrcFileId="3" StartOffset="7311"/>
</Header>
<LocList>
<Loc EndOffset="7613" SrcFileId="3" StartOffset="7311"/>
</LocList>
<StmntSeq Intrnl_Id="991">
<LocList>
<Loc EndOffset="7406" SrcFileId="3" StartOffset="7379"/>
<Loc EndOffset="7459" SrcFileId="3" StartOffset="7421"/>
<Loc EndOffset="7527" SrcFileId="3" StartOffset="7412"/>
<Loc EndOffset="7606" SrcFileId="3" StartOffset="7541"/>
</LocList>
<BasicStmnt CovItemId="S139" CovItemPrefix="org.jfree.data.test.DataUtilitiesTest.java" Intrnl_Id="992">
<LocList>
<Loc EndOffset="7406" SrcFileId="3" StartOffset="7379"/>
</LocList>
</BasicStmnt>
<BasicStmnt CovItemId="S141" CovItemPrefix="org.jfree.data.test.DataUtilitiesTest.java" Intrnl_Id="993">
<LocList>
<Loc EndOffset="7459" SrcFileId="3" StartOffset="7421"/>
</LocList>
</BasicStmnt>
<CondStmnt CovItemId="S140" CovItemPrefix="org.jfree.data.test.DataUtilitiesTest.java" Intrnl_Id="994">
<Branch CovItemId="B5" CovItemPrefix="org.jfree.data.test.DataUtilitiesTest.java" Implct="true" Intrnl_Id="995">
<Cond/>
<LocList/>
<StmntSeq Intrnl_Id="996">
<LocList/>
</StmntSeq>
</Branch>
<Branch CovItemId="B6" CovItemPrefix="org.jfree.data.test.DataUtilitiesTest.java" Implct="false" Intrnl_Id="997">
<Cond>
<Loc EndOffset="7499" SrcFileId="3" StartOffset="7464"/>
</Cond>
<LocList>
<Loc EndOffset="7527" SrcFileId="3" StartOffset="7500"/>
</LocList>
<StmntSeq Intrnl_Id="998">
<LocList>
<Loc EndOffset="7523" SrcFileId="3" StartOffset="7505"/>
</LocList>
<BasicStmnt CovItemId="S142" CovItemPrefix="org.jfree.data.test.DataUtilitiesTest.java" Intrnl_Id="999">
<LocList>
<Loc EndOffset="7523" SrcFileId="3" StartOffset="7505"/>
</LocList>
</BasicStmnt>
</StmntSeq>
</Branch>
<Keyword EndOffset="7415" SrcFileId="3" StartOffset="7412"/>
<LocList>
<Loc EndOffset="7527" SrcFileId="3" StartOffset="7412"/>
</LocList>
</CondStmnt>
<BasicStmnt CovItemId="S143" CovItemPrefix="org.jfree.data.test.DataUtilitiesTest.java" Intrnl_Id="1000">
<LocList>
<Loc EndOffset="7606" SrcFileId="3" StartOffset="7541"/>
</LocList>
</BasicStmnt>
</StmntSeq>
</HierarchyLvl>
<HierarchyLvl HierarchyLvlId="501" HierarchyLvlTypeId="8" Intrnl_Id="1001" Name="testcreateNumberArray_oneElementArrayPassed">
<Header>
<Loc EndOffset="7681" SrcFileId="3" StartOffset="7617"/>
</Header>
<LocList>
<Loc EndOffset="7908" SrcFileId="3" StartOffset="7617"/>
</LocList>
<StmntSeq Intrnl_Id="1002">
<LocList>
<Loc EndOffset="7710" SrcFileId="3" StartOffset="7686"/>
<Loc EndOffset="7740" SrcFileId="3" StartOffset="7713"/>
<Loc EndOffset="7801" SrcFileId="3" StartOffset="7743"/>
<Loc EndOffset="7831" SrcFileId="3" StartOffset="7804"/>
<Loc EndOffset="7871" SrcFileId="3" StartOffset="7834"/>
<Loc EndOffset="7905" SrcFileId="3" StartOffset="7874"/>
</LocList>
<BasicStmnt CovItemId="S144" CovItemPrefix="org.jfree.data.test.DataUtilitiesTest.java" Intrnl_Id="1003">
<LocList>
<Loc EndOffset="7710" SrcFileId="3" StartOffset="7686"/>
</LocList>
</BasicStmnt>
<BasicStmnt CovItemId="S145" CovItemPrefix="org.jfree.data.test.DataUtilitiesTest.java" Intrnl_Id="1004">
<LocList>
<Loc EndOffset="7740" SrcFileId="3" StartOffset="7713"/>
</LocList>
</BasicStmnt>
<BasicStmnt CovItemId="S146" CovItemPrefix="org.jfree.data.test.DataUtilitiesTest.java" Intrnl_Id="1005">
<LocList>
<Loc EndOffset="7801" SrcFileId="3" StartOffset="7743"/>
</LocList>
</BasicStmnt>
<BasicStmnt CovItemId="S147" CovItemPrefix="org.jfree.data.test.DataUtilitiesTest.java" Intrnl_Id="1006">
<LocList>
<Loc EndOffset="7831" SrcFileId="3" StartOffset="7804"/>
</LocList>
</BasicStmnt>
<BasicStmnt CovItemId="S148" CovItemPrefix="org.jfree.data.test.DataUtilitiesTest.java" Intrnl_Id="1007">
<LocList>
<Loc EndOffset="7871" SrcFileId="3" StartOffset="7834"/>
</LocList>
</BasicStmnt>
<BasicStmnt CovItemId="S149" CovItemPrefix="org.jfree.data.test.DataUtilitiesTest.java" Intrnl_Id="1008">
<LocList>
<Loc EndOffset="7905" SrcFileId="3" StartOffset="7874"/>
</LocList>
</BasicStmnt>
</StmntSeq>
</HierarchyLvl>
<HierarchyLvl HierarchyLvlId="502" HierarchyLvlTypeId="8" Intrnl_Id="1009" Name="testcreateNumberArray_tenElementArrayPassed">
<Header>
<Loc EndOffset="7976" SrcFileId="3" StartOffset="7912"/>
</Header>
<LocList>
<Loc EndOffset="8293" SrcFileId="3" StartOffset="7912"/>
</LocList>
<StmntSeq Intrnl_Id="1010">
<LocList>
<Loc EndOffset="8050" SrcFileId="3" StartOffset="7981"/>
<Loc EndOffset="8125" SrcFileId="3" StartOffset="8053"/>
<Loc EndOffset="8186" SrcFileId="3" StartOffset="8128"/>
<Loc EndOffset="8216" SrcFileId="3" StartOffset="8189"/>
<Loc EndOffset="8256" SrcFileId="3" StartOffset="8219"/>
<Loc EndOffset="8290" SrcFileId="3" StartOffset="8259"/>
</LocList>
<BasicStmnt CovItemId="S150" CovItemPrefix="org.jfree.data.test.DataUtilitiesTest.java" Intrnl_Id="1011">
<LocList>
<Loc EndOffset="8050" SrcFileId="3" StartOffset="7981"/>
</LocList>
</BasicStmnt>
<BasicStmnt CovItemId="S151" CovItemPrefix="org.jfree.data.test.DataUtilitiesTest.java" Intrnl_Id="1012">
<LocList>
<Loc EndOffset="8125" SrcFileId="3" StartOffset="8053"/>
</LocList>
</BasicStmnt>
<BasicStmnt CovItemId="S152" CovItemPrefix="org.jfree.data.test.DataUtilitiesTest.java" Intrnl_Id="1013">
<LocList>
<Loc EndOffset="8186" SrcFileId="3" StartOffset="8128"/>
</LocList>
</BasicStmnt>
<BasicStmnt CovItemId="S153" CovItemPrefix="org.jfree.data.test.DataUtilitiesTest.java" Intrnl_Id="1014">
<LocList>
<Loc EndOffset="8216" SrcFileId="3" StartOffset="8189"/>
</LocList>
</BasicStmnt>
<BasicStmnt CovItemId="S154" CovItemPrefix="org.jfree.data.test.DataUtilitiesTest.java" Intrnl_Id="1015">
<LocList>
<Loc EndOffset="8256" SrcFileId="3" StartOffset="8219"/>
</LocList>
</BasicStmnt>
<BasicStmnt CovItemId="S155" CovItemPrefix="org.jfree.data.test.DataUtilitiesTest.java" Intrnl_Id="1016">
<LocList>
<Loc EndOffset="8290" SrcFileId="3" StartOffset="8259"/>
</LocList>
</BasicStmnt>
</StmntSeq>
</HierarchyLvl>
<HierarchyLvl HierarchyLvlId="503" HierarchyLvlTypeId="8" Intrnl_Id="1017" Name="testcreateNumberArray2D_nullDataObjectPassed">
<Header>
<Loc EndOffset="8362" SrcFileId="3" StartOffset="8297"/>
</Header>
<LocList>
<Loc EndOffset="8603" SrcFileId="3" StartOffset="8297"/>
</LocList>
<StmntSeq Intrnl_Id="1018">
<LocList>
<Loc EndOffset="8394" SrcFileId="3" StartOffset="8367"/>
<Loc EndOffset="8449" SrcFileId="3" StartOffset="8409"/>
<Loc EndOffset="8517" SrcFileId="3" StartOffset="8400"/>
<Loc EndOffset="8596" SrcFileId="3" StartOffset="8531"/>
</LocList>
<BasicStmnt CovItemId="S156" CovItemPrefix="org.jfree.data.test.DataUtilitiesTest.java" Intrnl_Id="1019">
<LocList>
<Loc EndOffset="8394" SrcFileId="3" StartOffset="8367"/>
</LocList>
</BasicStmnt>
<BasicStmnt CovItemId="S158" CovItemPrefix="org.jfree.data.test.DataUtilitiesTest.java" Intrnl_Id="1020">
<LocList>
<Loc EndOffset="8449" SrcFileId="3" StartOffset="8409"/>
</LocList>
</BasicStmnt>
<CondStmnt CovItemId="S157" CovItemPrefix="org.jfree.data.test.DataUtilitiesTest.java" Intrnl_Id="1021">
<Branch CovItemId="B7" CovItemPrefix="org.jfree.data.test.DataUtilitiesTest.java" Implct="true" Intrnl_Id="1022">
<Cond/>
<LocList/>
<StmntSeq Intrnl_Id="1023">
<LocList/>
</StmntSeq>
</Branch>
<Branch CovItemId="B8" CovItemPrefix="org.jfree.data.test.DataUtilitiesTest.java" Implct="false" Intrnl_Id="1024">
<Cond>
<Loc EndOffset="8489" SrcFileId="3" StartOffset="8454"/>
</Cond>
<LocList>
<Loc EndOffset="8517" SrcFileId="3" StartOffset="8490"/>
</LocList>
<StmntSeq Intrnl_Id="1025">
<LocList>
<Loc EndOffset="8513" SrcFileId="3" StartOffset="8495"/>
</LocList>
<BasicStmnt CovItemId="S159" CovItemPrefix="org.jfree.data.test.DataUtilitiesTest.java" Intrnl_Id="1026">
<LocList>
<Loc EndOffset="8513" SrcFileId="3" StartOffset="8495"/>
</LocList>
</BasicStmnt>
</StmntSeq>
</Branch>
<Keyword EndOffset="8403" SrcFileId="3" StartOffset="8400"/>
<LocList>
<Loc EndOffset="8517" SrcFileId="3" StartOffset="8400"/>
</LocList>
</CondStmnt>
<BasicStmnt CovItemId="S160" CovItemPrefix="org.jfree.data.test.DataUtilitiesTest.java" Intrnl_Id="1027">
<LocList>
<Loc EndOffset="8596" SrcFileId="3" StartOffset="8531"/>
</LocList>
</BasicStmnt>
</StmntSeq>
</HierarchyLvl>
<HierarchyLvl HierarchyLvlId="504" HierarchyLvlTypeId="8" Intrnl_Id="1028" Name="testcreateNumberArray2D_oneByOneArrayPassed">
<Header>
<Loc EndOffset="8671" SrcFileId="3" StartOffset="8607"/>
</Header>
<LocList>
<Loc EndOffset="8910" SrcFileId="3" StartOffset="8607"/>
</LocList>
<StmntSeq Intrnl_Id="1029">
<LocList>
<Loc EndOffset="8704" SrcFileId="3" StartOffset="8676"/>
<Loc EndOffset="8738" SrcFileId="3" StartOffset="8707"/>
<Loc EndOffset="8803" SrcFileId="3" StartOffset="8741"/>
<Loc EndOffset="8833" SrcFileId="3" StartOffset="8806"/>
<Loc EndOffset="8873" SrcFileId="3" StartOffset="8836"/>
<Loc EndOffset="8907" SrcFileId="3" StartOffset="8876"/>
</LocList>
<BasicStmnt CovItemId="S161" CovItemPrefix="org.jfree.data.test.DataUtilitiesTest.java" Intrnl_Id="1030">
<LocList>
<Loc EndOffset="8704" SrcFileId="3" StartOffset="8676"/>
</LocList>
</BasicStmnt>
<BasicStmnt CovItemId="S162" CovItemPrefix="org.jfree.data.test.DataUtilitiesTest.java" Intrnl_Id="1031">
<LocList>
<Loc EndOffset="8738" SrcFileId="3" StartOffset="8707"/>
</LocList>
</BasicStmnt>
<BasicStmnt CovItemId="S163" CovItemPrefix="org.jfree.data.test.DataUtilitiesTest.java" Intrnl_Id="1032">
<LocList>
<Loc EndOffset="8803" SrcFileId="3" StartOffset="8741"/>
</LocList>
</BasicStmnt>
<BasicStmnt CovItemId="S164" CovItemPrefix="org.jfree.data.test.DataUtilitiesTest.java" Intrnl_Id="1033">
<LocList>
<Loc EndOffset="8833" SrcFileId="3" StartOffset="8806"/>
</LocList>
</BasicStmnt>
<BasicStmnt CovItemId="S165" CovItemPrefix="org.jfree.data.test.DataUtilitiesTest.java" Intrnl_Id="1034">
<LocList>
<Loc EndOffset="8873" SrcFileId="3" StartOffset="8836"/>
</LocList>
</BasicStmnt>
<BasicStmnt CovItemId="S166" CovItemPrefix="org.jfree.data.test.DataUtilitiesTest.java" Intrnl_Id="1035">
<LocList>
<Loc EndOffset="8907" SrcFileId="3" StartOffset="8876"/>
</LocList>
</BasicStmnt>
</StmntSeq>
</HierarchyLvl>
<HierarchyLvl HierarchyLvlId="505" HierarchyLvlTypeId="8" Intrnl_Id="1036" Name="testcreateNumberArray2D_oneByTenElementArrayPassed">
<Header>
<Loc EndOffset="8985" SrcFileId="3" StartOffset="8914"/>
</Header>
<LocList>
<Loc EndOffset="9314" SrcFileId="3" StartOffset="8914"/>
</LocList>
<StmntSeq Intrnl_Id="1037">
<LocList>
<Loc EndOffset="9063" SrcFileId="3" StartOffset="8990"/>
<Loc EndOffset="9142" SrcFileId="3" StartOffset="9066"/>
<Loc EndOffset="9207" SrcFileId="3" StartOffset="9145"/>
<Loc EndOffset="9237" SrcFileId="3" StartOffset="9210"/>
<Loc EndOffset="9277" SrcFileId="3" StartOffset="9240"/>
<Loc EndOffset="9311" SrcFileId="3" StartOffset="9280"/>
</LocList>
<BasicStmnt CovItemId="S167" CovItemPrefix="org.jfree.data.test.DataUtilitiesTest.java" Intrnl_Id="1038">
<LocList>
<Loc EndOffset="9063" SrcFileId="3" StartOffset="8990"/>
</LocList>
</BasicStmnt>
<BasicStmnt CovItemId="S168" CovItemPrefix="org.jfree.data.test.DataUtilitiesTest.java" Intrnl_Id="1039">
<LocList>
<Loc EndOffset="9142" SrcFileId="3" StartOffset="9066"/>
</LocList>
</BasicStmnt>
<BasicStmnt CovItemId="S169" CovItemPrefix="org.jfree.data.test.DataUtilitiesTest.java" Intrnl_Id="1040">
<LocList>
<Loc EndOffset="9207" SrcFileId="3" StartOffset="9145"/>
</LocList>
</BasicStmnt>
<BasicStmnt CovItemId="S170" CovItemPrefix="org.jfree.data.test.DataUtilitiesTest.java" Intrnl_Id="1041">
<LocList>
<Loc EndOffset="9237" SrcFileId="3" StartOffset="9210"/>
</LocList>
</BasicStmnt>
<BasicStmnt CovItemId="S171" CovItemPrefix="org.jfree.data.test.DataUtilitiesTest.java" Intrnl_Id="1042">
<LocList>
<Loc EndOffset="9277" SrcFileId="3" StartOffset="9240"/>
</LocList>
</BasicStmnt>
<BasicStmnt CovItemId="S172" CovItemPrefix="org.jfree.data.test.DataUtilitiesTest.java" Intrnl_Id="1043">
<LocList>
<Loc EndOffset="9311" SrcFileId="3" StartOffset="9280"/>
</LocList>
</BasicStmnt>
</StmntSeq>
</HierarchyLvl>
<HierarchyLvl HierarchyLvlId="506" HierarchyLvlTypeId="8" Intrnl_Id="1044" Name="testcreateNumberArray2D_tenByOneElementArrayPassed">
<Header>
<Loc EndOffset="9389" SrcFileId="3" StartOffset="9318"/>
</Header>
<LocList>
<Loc EndOffset="9846" SrcFileId="3" StartOffset="9318"/>
</LocList>
<StmntSeq Intrnl_Id="1045">
<LocList>
<Loc EndOffset="9531" SrcFileId="3" StartOffset="9394"/>
<Loc EndOffset="9674" SrcFileId="3" StartOffset="9534"/>
<Loc EndOffset="9739" SrcFileId="3" StartOffset="9677"/>
<Loc EndOffset="9769" SrcFileId="3" StartOffset="9742"/>
<Loc EndOffset="9809" SrcFileId="3" StartOffset="9772"/>
<Loc EndOffset="9843" SrcFileId="3" StartOffset="9812"/>
</LocList>
<BasicStmnt CovItemId="S173" CovItemPrefix="org.jfree.data.test.DataUtilitiesTest.java" Intrnl_Id="1046">
<LocList>
<Loc EndOffset="9531" SrcFileId="3" StartOffset="9394"/>
</LocList>
</BasicStmnt>
<BasicStmnt CovItemId="S174" CovItemPrefix="org.jfree.data.test.DataUtilitiesTest.java" Intrnl_Id="1047">
<LocList>
<Loc EndOffset="9674" SrcFileId="3" StartOffset="9534"/>
</LocList>
</BasicStmnt>
<BasicStmnt CovItemId="S175" CovItemPrefix="org.jfree.data.test.DataUtilitiesTest.java" Intrnl_Id="1048">
<LocList>
<Loc EndOffset="9739" SrcFileId="3" StartOffset="9677"/>
</LocList>
</BasicStmnt>
<BasicStmnt CovItemId="S176" CovItemPrefix="org.jfree.data.test.DataUtilitiesTest.java" Intrnl_Id="1049">
<LocList>
<Loc EndOffset="9769" SrcFileId="3" StartOffset="9742"/>
</LocList>
</BasicStmnt>
<BasicStmnt CovItemId="S177" CovItemPrefix="org.jfree.data.test.DataUtilitiesTest.java" Intrnl_Id="1050">
<LocList>
<Loc EndOffset="9809" SrcFileId="3" StartOffset="9772"/>
</LocList>
</BasicStmnt>
<BasicStmnt CovItemId="S178" CovItemPrefix="org.jfree.data.test.DataUtilitiesTest.java" Intrnl_Id="1051">
<LocList>
<Loc EndOffset="9843" SrcFileId="3" StartOffset="9812"/>
</LocList>
</BasicStmnt>
</StmntSeq>
</HierarchyLvl>
<HierarchyLvl HierarchyLvlId="507" HierarchyLvlTypeId="8" Intrnl_Id="1052" Name="testcreateNumberArray2D_tenByTenElementArrayPassed">
<Header>
<Loc EndOffset="9921" SrcFileId="3" StartOffset="9850"/>
</Header>
<LocList>
<Loc EndOffset="11278" SrcFileId="3" StartOffset="9850"/>
</LocList>
<StmntSeq Intrnl_Id="1053">
<LocList>
<Loc EndOffset="10513" SrcFileId="3" StartOffset="9926"/>
<Loc EndOffset="11106" SrcFileId="3" StartOffset="10516"/>
<Loc EndOffset="11171" SrcFileId="3" StartOffset="11109"/>
<Loc EndOffset="11201" SrcFileId="3" StartOffset="11174"/>
<Loc EndOffset="11241" SrcFileId="3" StartOffset="11204"/>
<Loc EndOffset="11275" SrcFileId="3" StartOffset="11244"/>
</LocList>
<BasicStmnt CovItemId="S179" CovItemPrefix="org.jfree.data.test.DataUtilitiesTest.java" Intrnl_Id="1054">
<LocList>
<Loc EndOffset="10513" SrcFileId="3" StartOffset="9926"/>
</LocList>
</BasicStmnt>
<BasicStmnt CovItemId="S180" CovItemPrefix="org.jfree.data.test.DataUtilitiesTest.java" Intrnl_Id="1055">
<LocList>
<Loc EndOffset="11106" SrcFileId="3" StartOffset="10516"/>
</LocList>
</BasicStmnt>
<BasicStmnt CovItemId="S181" CovItemPrefix="org.jfree.data.test.DataUtilitiesTest.java" Intrnl_Id="1056">
<LocList>
<Loc EndOffset="11171" SrcFileId="3" StartOffset="11109"/>
</LocList>
</BasicStmnt>
<BasicStmnt CovItemId="S182" CovItemPrefix="org.jfree.data.test.DataUtilitiesTest.java" Intrnl_Id="1057">
<LocList>
<Loc EndOffset="11201" SrcFileId="3" StartOffset="11174"/>
</LocList>
</BasicStmnt>
<BasicStmnt CovItemId="S183" CovItemPrefix="org.jfree.data.test.DataUtilitiesTest.java" Intrnl_Id="1058">
<LocList>
<Loc EndOffset="11241" SrcFileId="3" StartOffset="11204"/>
</LocList>
</BasicStmnt>
<BasicStmnt CovItemId="S184" CovItemPrefix="org.jfree.data.test.DataUtilitiesTest.java" Intrnl_Id="1059">
<LocList>
<Loc EndOffset="11275" SrcFileId="3" StartOffset="11244"/>
</LocList>
</BasicStmnt>
</StmntSeq>
</HierarchyLvl>
<HierarchyLvl HierarchyLvlId="509" HierarchyLvlTypeId="8" Intrnl_Id="1060" Name="testGetCumulativePercentages_dataHasOneRow">
<Header>
<Loc EndOffset="11345" SrcFileId="3" StartOffset="11282"/>
</Header>
<LocList>
<Loc EndOffset="11819" SrcFileId="3" StartOffset="11282"/>
</LocList>
<StmntSeq Intrnl_Id="1061">
<LocList>
<Loc EndOffset="11388" SrcFileId="3" StartOffset="11349"/>
<Loc EndOffset="11457" SrcFileId="3" StartOffset="11391"/>
<Loc EndOffset="11484" SrcFileId="3" StartOffset="11460"/>
<Loc EndOffset="11701" SrcFileId="3" StartOffset="11699"/>
<Loc EndOffset="11775" SrcFileId="3" StartOffset="11707"/>
<Loc EndOffset="11816" SrcFileId="3" StartOffset="11778"/>
</LocList>
<BasicStmnt CovItemId="S185" CovItemPrefix="org.jfree.data.test.DataUtilitiesTest.java" Intrnl_Id="1062">
<LocList>
<Loc EndOffset="11388" SrcFileId="3" StartOffset="11349"/>
</LocList>
</BasicStmnt>
<BasicStmnt CovItemId="S186" CovItemPrefix="org.jfree.data.test.DataUtilitiesTest.java" Intrnl_Id="1063">
<LocList>
<Loc EndOffset="11457" SrcFileId="3" StartOffset="11391"/>
</LocList>
</BasicStmnt>
<BasicStmnt CovItemId="S187" CovItemPrefix="org.jfree.data.test.DataUtilitiesTest.java" Intrnl_Id="1064">
<LocList>
<Loc EndOffset="11484" SrcFileId="3" StartOffset="11460"/>
<Loc EndOffset="11701" SrcFileId="3" StartOffset="11699"/>
</LocList>
</BasicStmnt>
<BasicStmnt CovItemId="S194" CovItemPrefix="org.jfree.data.test.DataUtilitiesTest.java" Intrnl_Id="1065">
<LocList>
<Loc EndOffset="11775" SrcFileId="3" StartOffset="11707"/>
</LocList>
</BasicStmnt>
<BasicStmnt CovItemId="S195" CovItemPrefix="org.jfree.data.test.DataUtilitiesTest.java" Intrnl_Id="1066">
<LocList>
<Loc EndOffset="11816" SrcFileId="3" StartOffset="11778"/>
</LocList>
</BasicStmnt>
</StmntSeq>
<HierarchyLvl HierarchyLvlId="508" HierarchyLvlTypeId="10" Intrnl_Id="1067" Name="Expectations">
<Header>
<Loc EndOffset="11502" SrcFileId="3" StartOffset="11488"/>
</Header>
<LocList>
<Loc EndOffset="11699" SrcFileId="3" StartOffset="11484"/>
</LocList>
<StmntSeq Intrnl_Id="1068">
<LocList>
<Loc EndOffset="11546" SrcFileId="3" StartOffset="11514"/>
<Loc EndOffset="11572" SrcFileId="3" StartOffset="11551"/>
<Loc EndOffset="11606" SrcFileId="3" StartOffset="11577"/>
<Loc EndOffset="11632" SrcFileId="3" StartOffset="11611"/>
<Loc EndOffset="11664" SrcFileId="3" StartOffset="11637"/>
<Loc EndOffset="11690" SrcFileId="3" StartOffset="11669"/>
</LocList>
<BasicStmnt CovItemId="S188" CovItemPrefix="org.jfree.data.test.DataUtilitiesTest.java" Intrnl_Id="1069">
<LocList>
<Loc EndOffset="11546" SrcFileId="3" StartOffset="11514"/>
</LocList>
</BasicStmnt>
<BasicStmnt CovItemId="S189" CovItemPrefix="org.jfree.data.test.DataUtilitiesTest.java" Intrnl_Id="1070">
<LocList>
<Loc EndOffset="11572" SrcFileId="3" StartOffset="11551"/>
</LocList>
</BasicStmnt>
<BasicStmnt CovItemId="S190" CovItemPrefix="org.jfree.data.test.DataUtilitiesTest.java" Intrnl_Id="1071">
<LocList>
<Loc EndOffset="11606" SrcFileId="3" StartOffset="11577"/>
</LocList>
</BasicStmnt>
<BasicStmnt CovItemId="S191" CovItemPrefix="org.jfree.data.test.DataUtilitiesTest.java" Intrnl_Id="1072">
<LocList>
<Loc EndOffset="11632" SrcFileId="3" StartOffset="11611"/>
</LocList>
</BasicStmnt>
<BasicStmnt CovItemId="S192" CovItemPrefix="org.jfree.data.test.DataUtilitiesTest.java" Intrnl_Id="1073">
<LocList>
<Loc EndOffset="11664" SrcFileId="3" StartOffset="11637"/>
</LocList>
</BasicStmnt>
<BasicStmnt CovItemId="S193" CovItemPrefix="org.jfree.data.test.DataUtilitiesTest.java" Intrnl_Id="1074">
<LocList>
<Loc EndOffset="11690" SrcFileId="3" StartOffset="11669"/>
</LocList>
</BasicStmnt>
</StmntSeq>
</HierarchyLvl>
</HierarchyLvl>
<HierarchyLvl HierarchyLvlId="511" HierarchyLvlTypeId="8" Intrnl_Id="1075" Name="testGetCumulativePercentages_dataHasFourRows">
<Header>
<Loc EndOffset="11888" SrcFileId="3" StartOffset="11823"/>
</Header>
<LocList>
<Loc EndOffset="12841" SrcFileId="3" StartOffset="11823"/>
</LocList>
<StmntSeq Intrnl_Id="1076">
<LocList>
<Loc EndOffset="11931" SrcFileId="3" StartOffset="11892"/>
<Loc EndOffset="12000" SrcFileId="3" StartOffset="11934"/>
<Loc EndOffset="12027" SrcFileId="3" StartOffset="12003"/>
<Loc EndOffset="12598" SrcFileId="3" StartOffset="12596"/>
<Loc EndOffset="12672" SrcFileId="3" StartOffset="12604"/>
<Loc EndOffset="12714" SrcFileId="3" StartOffset="12675"/>
<Loc EndOffset="12755" SrcFileId="3" StartOffset="12717"/>
<Loc EndOffset="12797" SrcFileId="3" StartOffset="12758"/>
<Loc EndOffset="12838" SrcFileId="3" StartOffset="12800"/>
</LocList>
<BasicStmnt CovItemId="S196" CovItemPrefix="org.jfree.data.test.DataUtilitiesTest.java" Intrnl_Id="1077">
<LocList>
<Loc EndOffset="11931" SrcFileId="3" StartOffset="11892"/>
</LocList>
</BasicStmnt>
<BasicStmnt CovItemId="S197" CovItemPrefix="org.jfree.data.test.DataUtilitiesTest.java" Intrnl_Id="1078">
<LocList>
<Loc EndOffset="12000" SrcFileId="3" StartOffset="11934"/>
</LocList>
</BasicStmnt>
<BasicStmnt CovItemId="S198" CovItemPrefix="org.jfree.data.test.DataUtilitiesTest.java" Intrnl_Id="1079">
<LocList>
<Loc EndOffset="12027" SrcFileId="3" StartOffset="12003"/>
<Loc EndOffset="12598" SrcFileId="3" StartOffset="12596"/>
</LocList>
</BasicStmnt>
<BasicStmnt CovItemId="S217" CovItemPrefix="org.jfree.data.test.DataUtilitiesTest.java" Intrnl_Id="1080">
<LocList>
<Loc EndOffset="12672" SrcFileId="3" StartOffset="12604"/>
</LocList>
</BasicStmnt>
<BasicStmnt CovItemId="S218" CovItemPrefix="org.jfree.data.test.DataUtilitiesTest.java" Intrnl_Id="1081">
<LocList>
<Loc EndOffset="12714" SrcFileId="3" StartOffset="12675"/>
</LocList>
</BasicStmnt>
<BasicStmnt CovItemId="S219" CovItemPrefix="org.jfree.data.test.DataUtilitiesTest.java" Intrnl_Id="1082">
<LocList>
<Loc EndOffset="12755" SrcFileId="3" StartOffset="12717"/>
</LocList>
</BasicStmnt>
<BasicStmnt CovItemId="S220" CovItemPrefix="org.jfree.data.test.DataUtilitiesTest.java" Intrnl_Id="1083">
<LocList>
<Loc EndOffset="12797" SrcFileId="3" StartOffset="12758"/>
</LocList>
</BasicStmnt>
<BasicStmnt CovItemId="S221" CovItemPrefix="org.jfree.data.test.DataUtilitiesTest.java" Intrnl_Id="1084">
<LocList>
<Loc EndOffset="12838" SrcFileId="3" StartOffset="12800"/>
</LocList>
</BasicStmnt>
</StmntSeq>
<HierarchyLvl HierarchyLvlId="510" HierarchyLvlTypeId="10" Intrnl_Id="1085" Name="Expectations">
<Header>
<Loc EndOffset="12045" SrcFileId="3" StartOffset="12031"/>
</Header>
<LocList>
<Loc EndOffset="12596" SrcFileId="3" StartOffset="12027"/>
</LocList>
<StmntSeq Intrnl_Id="1086">
<LocList>
<Loc EndOffset="12089" SrcFileId="3" StartOffset="12057"/>
<Loc EndOffset="12115" SrcFileId="3" StartOffset="12094"/>
<Loc EndOffset="12149" SrcFileId="3" StartOffset="12120"/>
<Loc EndOffset="12175" SrcFileId="3" StartOffset="12154"/>
<Loc EndOffset="12209" SrcFileId="3" StartOffset="12180"/>
<Loc EndOffset="12235" SrcFileId="3" StartOffset="12214"/>
<Loc EndOffset="12269" SrcFileId="3" StartOffset="12240"/>
<Loc EndOffset="12295" SrcFileId="3" StartOffset="12274"/>
<Loc EndOffset="12329" SrcFileId="3" StartOffset="12300"/>
<Loc EndOffset="12355" SrcFileId="3" StartOffset="12334"/>
<Loc EndOffset="12387" SrcFileId="3" StartOffset="12360"/>
<Loc EndOffset="12413" SrcFileId="3" StartOffset="12392"/>
<Loc EndOffset="12445" SrcFileId="3" StartOffset="12418"/>
<Loc EndOffset="12471" SrcFileId="3" StartOffset="12450"/>
<Loc EndOffset="12503" SrcFileId="3" StartOffset="12476"/>
<Loc EndOffset="12529" SrcFileId="3" StartOffset="12508"/>
<Loc EndOffset="12561" SrcFileId="3" StartOffset="12534"/>
<Loc EndOffset="12587" SrcFileId="3" StartOffset="12566"/>
</LocList>
<BasicStmnt CovItemId="S199" CovItemPrefix="org.jfree.data.test.DataUtilitiesTest.java" Intrnl_Id="1087">
<LocList>
<Loc EndOffset="12089" SrcFileId="3" StartOffset="12057"/>
</LocList>
</BasicStmnt>
<BasicStmnt CovItemId="S200" CovItemPrefix="org.jfree.data.test.DataUtilitiesTest.java" Intrnl_Id="1088">
<LocList>
<Loc EndOffset="12115" SrcFileId="3" StartOffset="12094"/>
</LocList>
</BasicStmnt>
<BasicStmnt CovItemId="S201" CovItemPrefix="org.jfree.data.test.DataUtilitiesTest.java" Intrnl_Id="1089">
<LocList>
<Loc EndOffset="12149" SrcFileId="3" StartOffset="12120"/>
</LocList>
</BasicStmnt>
<BasicStmnt CovItemId="S202" CovItemPrefix="org.jfree.data.test.DataUtilitiesTest.java" Intrnl_Id="1090">
<LocList>
<Loc EndOffset="12175" SrcFileId="3" StartOffset="12154"/>
</LocList>
</BasicStmnt>
<BasicStmnt CovItemId="S203" CovItemPrefix="org.jfree.data.test.DataUtilitiesTest.java" Intrnl_Id="1091">
<LocList>
<Loc EndOffset="12209" SrcFileId="3" StartOffset="12180"/>
</LocList>
</BasicStmnt>
<BasicStmnt CovItemId="S204" CovItemPrefix="org.jfree.data.test.DataUtilitiesTest.java" Intrnl_Id="1092">
<LocList>
<Loc EndOffset="12235" SrcFileId="3" StartOffset="12214"/>
</LocList>
</BasicStmnt>
<BasicStmnt CovItemId="S205" CovItemPrefix="org.jfree.data.test.DataUtilitiesTest.java" Intrnl_Id="1093">
<LocList>
<Loc EndOffset="12269" SrcFileId="3" StartOffset="12240"/>
</LocList>
</BasicStmnt>
<BasicStmnt CovItemId="S206" CovItemPrefix="org.jfree.data.test.DataUtilitiesTest.java" Intrnl_Id="1094">
<LocList>
<Loc EndOffset="12295" SrcFileId="3" StartOffset="12274"/>
</LocList>
</BasicStmnt>
<BasicStmnt CovItemId="S207" CovItemPrefix="org.jfree.data.test.DataUtilitiesTest.java" Intrnl_Id="1095">
<LocList>
<Loc EndOffset="12329" SrcFileId="3" StartOffset="12300"/>
</LocList>
</BasicStmnt>
<BasicStmnt CovItemId="S208" CovItemPrefix="org.jfree.data.test.DataUtilitiesTest.java" Intrnl_Id="1096">
<LocList>
<Loc EndOffset="12355" SrcFileId="3" StartOffset="12334"/>
</LocList>
</BasicStmnt>
<BasicStmnt CovItemId="S209" CovItemPrefix="org.jfree.data.test.DataUtilitiesTest.java" Intrnl_Id="1097">
<LocList>
<Loc EndOffset="12387" SrcFileId="3" StartOffset="12360"/>
</LocList>
</BasicStmnt>
<BasicStmnt CovItemId="S210" CovItemPrefix="org.jfree.data.test.DataUtilitiesTest.java" Intrnl_Id="1098">
<LocList>
<Loc EndOffset="12413" SrcFileId="3" StartOffset="12392"/>
</LocList>
</BasicStmnt>
<BasicStmnt CovItemId="S211" CovItemPrefix="org.jfree.data.test.DataUtilitiesTest.java" Intrnl_Id="1099">
<LocList>
<Loc EndOffset="12445" SrcFileId="3" StartOffset="12418"/>
</LocList>
</BasicStmnt>
<BasicStmnt CovItemId="S212" CovItemPrefix="org.jfree.data.test.DataUtilitiesTest.java" Intrnl_Id="1100">
<LocList>
<Loc EndOffset="12471" SrcFileId="3" StartOffset="12450"/>
</LocList>
</BasicStmnt>
<BasicStmnt CovItemId="S213" CovItemPrefix="org.jfree.data.test.DataUtilitiesTest.java" Intrnl_Id="1101">
<LocList>
<Loc EndOffset="12503" SrcFileId="3" StartOffset="12476"/>
</LocList>
</BasicStmnt>
<BasicStmnt CovItemId="S214" CovItemPrefix="org.jfree.data.test.DataUtilitiesTest.java" Intrnl_Id="1102">
<LocList>
<Loc EndOffset="12529" SrcFileId="3" StartOffset="12508"/>
</LocList>
</BasicStmnt>
<BasicStmnt CovItemId="S215" CovItemPrefix="org.jfree.data.test.DataUtilitiesTest.java" Intrnl_Id="1103">
<LocList>
<Loc EndOffset="12561" SrcFileId="3" StartOffset="12534"/>
</LocList>
</BasicStmnt>
<BasicStmnt CovItemId="S216" CovItemPrefix="org.jfree.data.test.DataUtilitiesTest.java" Intrnl_Id="1104">
<LocList>
<Loc EndOffset="12587" SrcFileId="3" StartOffset="12566"/>
</LocList>
</BasicStmnt>
</StmntSeq>
</HierarchyLvl>
</HierarchyLvl>
<HierarchyLvl HierarchyLvlId="513" HierarchyLvlTypeId="8" Intrnl_Id="1105" Name="testGetCumulativePercentages_firstThreeRowsAreZero">
<Header>
<Loc EndOffset="12916" SrcFileId="3" StartOffset="12845"/>
</Header>
<LocList>
<Loc EndOffset="13867" SrcFileId="3" StartOffset="12845"/>
</LocList>
<StmntSeq Intrnl_Id="1106">
<LocList>
<Loc EndOffset="12959" SrcFileId="3" StartOffset="12920"/>
<Loc EndOffset="13028" SrcFileId="3" StartOffset="12962"/>
<Loc EndOffset="13055" SrcFileId="3" StartOffset="13031"/>
<Loc EndOffset="13626" SrcFileId="3" StartOffset="13624"/>
<Loc EndOffset="13700" SrcFileId="3" StartOffset="13632"/>
<Loc EndOffset="13741" SrcFileId="3" StartOffset="13703"/>
<Loc EndOffset="13782" SrcFileId="3" StartOffset="13744"/>
<Loc EndOffset="13823" SrcFileId="3" StartOffset="13785"/>
<Loc EndOffset="13864" SrcFileId="3" StartOffset="13826"/>
</LocList>
<BasicStmnt CovItemId="S222" CovItemPrefix="org.jfree.data.test.DataUtilitiesTest.java" Intrnl_Id="1107">
<LocList>
<Loc EndOffset="12959" SrcFileId="3" StartOffset="12920"/>
</LocList>
</BasicStmnt>
<BasicStmnt CovItemId="S223" CovItemPrefix="org.jfree.data.test.DataUtilitiesTest.java" Intrnl_Id="1108">
<LocList>
<Loc EndOffset="13028" SrcFileId="3" StartOffset="12962"/>
</LocList>
</BasicStmnt>
<BasicStmnt CovItemId="S224" CovItemPrefix="org.jfree.data.test.DataUtilitiesTest.java" Intrnl_Id="1109">
<LocList>
<Loc EndOffset="13055" SrcFileId="3" StartOffset="13031"/>
<Loc EndOffset="13626" SrcFileId="3" StartOffset="13624"/>
</LocList>
</BasicStmnt>
<BasicStmnt CovItemId="S243" CovItemPrefix="org.jfree.data.test.DataUtilitiesTest.java" Intrnl_Id="1110">
<LocList>
<Loc EndOffset="13700" SrcFileId="3" StartOffset="13632"/>
</LocList>
</BasicStmnt>
<BasicStmnt CovItemId="S244" CovItemPrefix="org.jfree.data.test.DataUtilitiesTest.java" Intrnl_Id="1111">
<LocList>
<Loc EndOffset="13741" SrcFileId="3" StartOffset="13703"/>
</LocList>
</BasicStmnt>
<BasicStmnt CovItemId="S245" CovItemPrefix="org.jfree.data.test.DataUtilitiesTest.java" Intrnl_Id="1112">
<LocList>
<Loc EndOffset="13782" SrcFileId="3" StartOffset="13744"/>
</LocList>
</BasicStmnt>
<BasicStmnt CovItemId="S246" CovItemPrefix="org.jfree.data.test.DataUtilitiesTest.java" Intrnl_Id="1113">
<LocList>
<Loc EndOffset="13823" SrcFileId="3" StartOffset="13785"/>
</LocList>
</BasicStmnt>
<BasicStmnt CovItemId="S247" CovItemPrefix="org.jfree.data.test.DataUtilitiesTest.java" Intrnl_Id="1114">
<LocList>
<Loc EndOffset="13864" SrcFileId="3" StartOffset="13826"/>
</LocList>
</BasicStmnt>
</StmntSeq>
<HierarchyLvl HierarchyLvlId="512" HierarchyLvlTypeId="10" Intrnl_Id="1115" Name="Expectations">
<Header>
<Loc EndOffset="13073" SrcFileId="3" StartOffset="13059"/>
</Header>
<LocList>
<Loc EndOffset="13624" SrcFileId="3" StartOffset="13055"/>
</LocList>
<StmntSeq Intrnl_Id="1116">
<LocList>
<Loc EndOffset="13117" SrcFileId="3" StartOffset="13085"/>
<Loc EndOffset="13143" SrcFileId="3" StartOffset="13122"/>
<Loc EndOffset="13177" SrcFileId="3" StartOffset="13148"/>
<Loc EndOffset="13203" SrcFileId="3" StartOffset="13182"/>
<Loc EndOffset="13237" SrcFileId="3" StartOffset="13208"/>
<Loc EndOffset="13263" SrcFileId="3" StartOffset="13242"/>
<Loc EndOffset="13297" SrcFileId="3" StartOffset="13268"/>
<Loc EndOffset="13323" SrcFileId="3" StartOffset="13302"/>
<Loc EndOffset="13357" SrcFileId="3" StartOffset="13328"/>
<Loc EndOffset="13383" SrcFileId="3" StartOffset="13362"/>
<Loc EndOffset="13415" SrcFileId="3" StartOffset="13388"/>
<Loc EndOffset="13441" SrcFileId="3" StartOffset="13420"/>
<Loc EndOffset="13473" SrcFileId="3" StartOffset="13446"/>
<Loc EndOffset="13499" SrcFileId="3" StartOffset="13478"/>
<Loc EndOffset="13531" SrcFileId="3" StartOffset="13504"/>
<Loc EndOffset="13557" SrcFileId="3" StartOffset="13536"/>
<Loc EndOffset="13589" SrcFileId="3" StartOffset="13562"/>
<Loc EndOffset="13615" SrcFileId="3" StartOffset="13594"/>
</LocList>
<BasicStmnt CovItemId="S225" CovItemPrefix="org.jfree.data.test.DataUtilitiesTest.java" Intrnl_Id="1117">
<LocList>
<Loc EndOffset="13117" SrcFileId="3" StartOffset="13085"/>
</LocList>
</BasicStmnt>
<BasicStmnt CovItemId="S226" CovItemPrefix="org.jfree.data.test.DataUtilitiesTest.java" Intrnl_Id="1118">
<LocList>
<Loc EndOffset="13143" SrcFileId="3" StartOffset="13122"/>
</LocList>
</BasicStmnt>
<BasicStmnt CovItemId="S227" CovItemPrefix="org.jfree.data.test.DataUtilitiesTest.java" Intrnl_Id="1119">
<LocList>
<Loc EndOffset="13177" SrcFileId="3" StartOffset="13148"/>
</LocList>
</BasicStmnt>
<BasicStmnt CovItemId="S228" CovItemPrefix="org.jfree.data.test.DataUtilitiesTest.java" Intrnl_Id="1120">
<LocList>
<Loc EndOffset="13203" SrcFileId="3" StartOffset="13182"/>
</LocList>
</BasicStmnt>
<BasicStmnt CovItemId="S229" CovItemPrefix="org.jfree.data.test.DataUtilitiesTest.java" Intrnl_Id="1121">
<LocList>
<Loc EndOffset="13237" SrcFileId="3" StartOffset="13208"/>
</LocList>
</BasicStmnt>
<BasicStmnt CovItemId="S230" CovItemPrefix="org.jfree.data.test.DataUtilitiesTest.java" Intrnl_Id="1122">
<LocList>
<Loc EndOffset="13263" SrcFileId="3" StartOffset="13242"/>
</LocList>
</BasicStmnt>
<BasicStmnt CovItemId="S231" CovItemPrefix="org.jfree.data.test.DataUtilitiesTest.java" Intrnl_Id="1123">
<LocList>
<Loc EndOffset="13297" SrcFileId="3" StartOffset="13268"/>
</LocList>
</BasicStmnt>
<BasicStmnt CovItemId="S232" CovItemPrefix="org.jfree.data.test.DataUtilitiesTest.java" Intrnl_Id="1124">
<LocList>
<Loc EndOffset="13323" SrcFileId="3" StartOffset="13302"/>
</LocList>
</BasicStmnt>
<BasicStmnt CovItemId="S233" CovItemPrefix="org.jfree.data.test.DataUtilitiesTest.java" Intrnl_Id="1125">
<LocList>
<Loc EndOffset="13357" SrcFileId="3" StartOffset="13328"/>
</LocList>
</BasicStmnt>
<BasicStmnt CovItemId="S234" CovItemPrefix="org.jfree.data.test.DataUtilitiesTest.java" Intrnl_Id="1126">
<LocList>
<Loc EndOffset="13383" SrcFileId="3" StartOffset="13362"/>
</LocList>
</BasicStmnt>
<BasicStmnt CovItemId="S235" CovItemPrefix="org.jfree.data.test.DataUtilitiesTest.java" Intrnl_Id="1127">
<LocList>
<Loc EndOffset="13415" SrcFileId="3" StartOffset="13388"/>
</LocList>
</BasicStmnt>
<BasicStmnt CovItemId="S236" CovItemPrefix="org.jfree.data.test.DataUtilitiesTest.java" Intrnl_Id="1128">
<LocList>
<Loc EndOffset="13441" SrcFileId="3" StartOffset="13420"/>
</LocList>
</BasicStmnt>
<BasicStmnt CovItemId="S237" CovItemPrefix="org.jfree.data.test.DataUtilitiesTest.java" Intrnl_Id="1129">
<LocList>
<Loc EndOffset="13473" SrcFileId="3" StartOffset="13446"/>
</LocList>
</BasicStmnt>
<BasicStmnt CovItemId="S238" CovItemPrefix="org.jfree.data.test.DataUtilitiesTest.java" Intrnl_Id="1130">
<LocList>
<Loc EndOffset="13499" SrcFileId="3" StartOffset="13478"/>
</LocList>
</BasicStmnt>
<BasicStmnt CovItemId="S239" CovItemPrefix="org.jfree.data.test.DataUtilitiesTest.java" Intrnl_Id="1131">
<LocList>
<Loc EndOffset="13531" SrcFileId="3" StartOffset="13504"/>
</LocList>
</BasicStmnt>
<BasicStmnt CovItemId="S240" CovItemPrefix="org.jfree.data.test.DataUtilitiesTest.java" Intrnl_Id="1132">
<LocList>
<Loc EndOffset="13557" SrcFileId="3" StartOffset="13536"/>
</LocList>
</BasicStmnt>
<BasicStmnt CovItemId="S241" CovItemPrefix="org.jfree.data.test.DataUtilitiesTest.java" Intrnl_Id="1133">
<LocList>
<Loc EndOffset="13589" SrcFileId="3" StartOffset="13562"/>
</LocList>
</BasicStmnt>
<BasicStmnt CovItemId="S242" CovItemPrefix="org.jfree.data.test.DataUtilitiesTest.java" Intrnl_Id="1134">
<LocList>
<Loc EndOffset="13615" SrcFileId="3" StartOffset="13594"/>
</LocList>
</BasicStmnt>
</StmntSeq>
</HierarchyLvl>
</HierarchyLvl>
<HierarchyLvl HierarchyLvlId="515" HierarchyLvlTypeId="8" Intrnl_Id="1135" Name="testGetCumulativePercentages_lastThreeRowsAreZero">
<Header>
<Loc EndOffset="13941" SrcFileId="3" StartOffset="13871"/>
</Header>
<LocList>
<Loc EndOffset="14892" SrcFileId="3" StartOffset="13871"/>
</LocList>
<StmntSeq Intrnl_Id="1136">
<LocList>
<Loc EndOffset="13984" SrcFileId="3" StartOffset="13945"/>
<Loc EndOffset="14053" SrcFileId="3" StartOffset="13987"/>
<Loc EndOffset="14080" SrcFileId="3" StartOffset="14056"/>
<Loc EndOffset="14651" SrcFileId="3" StartOffset="14649"/>
<Loc EndOffset="14725" SrcFileId="3" StartOffset="14657"/>
<Loc EndOffset="14766" SrcFileId="3" StartOffset="14728"/>
<Loc EndOffset="14807" SrcFileId="3" StartOffset="14769"/>
<Loc EndOffset="14848" SrcFileId="3" StartOffset="14810"/>
<Loc EndOffset="14889" SrcFileId="3" StartOffset="14851"/>
</LocList>
<BasicStmnt CovItemId="S248" CovItemPrefix="org.jfree.data.test.DataUtilitiesTest.java" Intrnl_Id="1137">
<LocList>
<Loc EndOffset="13984" SrcFileId="3" StartOffset="13945"/>
</LocList>
</BasicStmnt>
<BasicStmnt CovItemId="S249" CovItemPrefix="org.jfree.data.test.DataUtilitiesTest.java" Intrnl_Id="1138">
<LocList>
<Loc EndOffset="14053" SrcFileId="3" StartOffset="13987"/>
</LocList>
</BasicStmnt>
<BasicStmnt CovItemId="S250" CovItemPrefix="org.jfree.data.test.DataUtilitiesTest.java" Intrnl_Id="1139">
<LocList>
<Loc EndOffset="14080" SrcFileId="3" StartOffset="14056"/>
<Loc EndOffset="14651" SrcFileId="3" StartOffset="14649"/>
</LocList>
</BasicStmnt>
<BasicStmnt CovItemId="S269" CovItemPrefix="org.jfree.data.test.DataUtilitiesTest.java" Intrnl_Id="1140">
<LocList>
<Loc EndOffset="14725" SrcFileId="3" StartOffset="14657"/>
</LocList>
</BasicStmnt>
<BasicStmnt CovItemId="S270" CovItemPrefix="org.jfree.data.test.DataUtilitiesTest.java" Intrnl_Id="1141">
<LocList>
<Loc EndOffset="14766" SrcFileId="3" StartOffset="14728"/>
</LocList>
</BasicStmnt>
<BasicStmnt CovItemId="S271" CovItemPrefix="org.jfree.data.test.DataUtilitiesTest.java" Intrnl_Id="1142">
<LocList>
<Loc EndOffset="14807" SrcFileId="3" StartOffset="14769"/>
</LocList>
</BasicStmnt>
<BasicStmnt CovItemId="S272" CovItemPrefix="org.jfree.data.test.DataUtilitiesTest.java" Intrnl_Id="1143">
<LocList>
<Loc EndOffset="14848" SrcFileId="3" StartOffset="14810"/>
</LocList>
</BasicStmnt>
<BasicStmnt CovItemId="S273" CovItemPrefix="org.jfree.data.test.DataUtilitiesTest.java" Intrnl_Id="1144">
<LocList>
<Loc EndOffset="14889" SrcFileId="3" StartOffset="14851"/>
</LocList>
</BasicStmnt>
</StmntSeq>
<HierarchyLvl HierarchyLvlId="514" HierarchyLvlTypeId="10" Intrnl_Id="1145" Name="Expectations">
<Header>
<Loc EndOffset="14098" SrcFileId="3" StartOffset="14084"/>
</Header>
<LocList>
<Loc EndOffset="14649" SrcFileId="3" StartOffset="14080"/>
</LocList>
<StmntSeq Intrnl_Id="1146">
<LocList>
<Loc EndOffset="14142" SrcFileId="3" StartOffset="14110"/>
<Loc EndOffset="14168" SrcFileId="3" StartOffset="14147"/>
<Loc EndOffset="14202" SrcFileId="3" StartOffset="14173"/>
<Loc EndOffset="14228" SrcFileId="3" StartOffset="14207"/>
<Loc EndOffset="14262" SrcFileId="3" StartOffset="14233"/>
<Loc EndOffset="14288" SrcFileId="3" StartOffset="14267"/>
<Loc EndOffset="14322" SrcFileId="3" StartOffset="14293"/>
<Loc EndOffset="14348" SrcFileId="3" StartOffset="14327"/>
<Loc EndOffset="14382" SrcFileId="3" StartOffset="14353"/>
<Loc EndOffset="14408" SrcFileId="3" StartOffset="14387"/>
<Loc EndOffset="14440" SrcFileId="3" StartOffset="14413"/>
<Loc EndOffset="14466" SrcFileId="3" StartOffset="14445"/>
<Loc EndOffset="14498" SrcFileId="3" StartOffset="14471"/>
<Loc EndOffset="14524" SrcFileId="3" StartOffset="14503"/>
<Loc EndOffset="14556" SrcFileId="3" StartOffset="14529"/>
<Loc EndOffset="14582" SrcFileId="3" StartOffset="14561"/>
<Loc EndOffset="14614" SrcFileId="3" StartOffset="14587"/>
<Loc EndOffset="14640" SrcFileId="3" StartOffset="14619"/>
</LocList>
<BasicStmnt CovItemId="S251" CovItemPrefix="org.jfree.data.test.DataUtilitiesTest.java" Intrnl_Id="1147">
<LocList>
<Loc EndOffset="14142" SrcFileId="3" StartOffset="14110"/>
</LocList>
</BasicStmnt>
<BasicStmnt CovItemId="S252" CovItemPrefix="org.jfree.data.test.DataUtilitiesTest.java" Intrnl_Id="1148">
<LocList>
<Loc EndOffset="14168" SrcFileId="3" StartOffset="14147"/>
</LocList>
</BasicStmnt>
<BasicStmnt CovItemId="S253" CovItemPrefix="org.jfree.data.test.DataUtilitiesTest.java" Intrnl_Id="1149">
<LocList>
<Loc EndOffset="14202" SrcFileId="3" StartOffset="14173"/>
</LocList>
</BasicStmnt>
<BasicStmnt CovItemId="S254" CovItemPrefix="org.jfree.data.test.DataUtilitiesTest.java" Intrnl_Id="1150">
<LocList>
<Loc EndOffset="14228" SrcFileId="3" StartOffset="14207"/>
</LocList>
</BasicStmnt>
<BasicStmnt CovItemId="S255" CovItemPrefix="org.jfree.data.test.DataUtilitiesTest.java" Intrnl_Id="1151">
<LocList>
<Loc EndOffset="14262" SrcFileId="3" StartOffset="14233"/>
</LocList>
</BasicStmnt>
<BasicStmnt CovItemId="S256" CovItemPrefix="org.jfree.data.test.DataUtilitiesTest.java" Intrnl_Id="1152">
<LocList>
<Loc EndOffset="14288" SrcFileId="3" StartOffset="14267"/>
</LocList>
</BasicStmnt>
<BasicStmnt CovItemId="S257" CovItemPrefix="org.jfree.data.test.DataUtilitiesTest.java" Intrnl_Id="1153">
<LocList>
<Loc EndOffset="14322" SrcFileId="3" StartOffset="14293"/>
</LocList>
</BasicStmnt>
<BasicStmnt CovItemId="S258" CovItemPrefix="org.jfree.data.test.DataUtilitiesTest.java" Intrnl_Id="1154">
<LocList>
<Loc EndOffset="14348" SrcFileId="3" StartOffset="14327"/>
</LocList>
</BasicStmnt>
<BasicStmnt CovItemId="S259" CovItemPrefix="org.jfree.data.test.DataUtilitiesTest.java" Intrnl_Id="1155">
<LocList>
<Loc EndOffset="14382" SrcFileId="3" StartOffset="14353"/>
</LocList>
</BasicStmnt>
<BasicStmnt CovItemId="S260" CovItemPrefix="org.jfree.data.test.DataUtilitiesTest.java" Intrnl_Id="1156">
<LocList>
<Loc EndOffset="14408" SrcFileId="3" StartOffset="14387"/>
</LocList>
</BasicStmnt>
<BasicStmnt CovItemId="S261" CovItemPrefix="org.jfree.data.test.DataUtilitiesTest.java" Intrnl_Id="1157">
<LocList>
<Loc EndOffset="14440" SrcFileId="3" StartOffset="14413"/>
</LocList>
</BasicStmnt>
<BasicStmnt CovItemId="S262" CovItemPrefix="org.jfree.data.test.DataUtilitiesTest.java" Intrnl_Id="1158">
<LocList>
<Loc EndOffset="14466" SrcFileId="3" StartOffset="14445"/>
</LocList>
</BasicStmnt>
<BasicStmnt CovItemId="S263" CovItemPrefix="org.jfree.data.test.DataUtilitiesTest.java" Intrnl_Id="1159">
<LocList>
<Loc EndOffset="14498" SrcFileId="3" StartOffset="14471"/>
</LocList>
</BasicStmnt>
<BasicStmnt CovItemId="S264" CovItemPrefix="org.jfree.data.test.DataUtilitiesTest.java" Intrnl_Id="1160">
<LocList>
<Loc EndOffset="14524" SrcFileId="3" StartOffset="14503"/>
</LocList>
</BasicStmnt>
<BasicStmnt CovItemId="S265" CovItemPrefix="org.jfree.data.test.DataUtilitiesTest.java" Intrnl_Id="1161">
<LocList>
<Loc EndOffset="14556" SrcFileId="3" StartOffset="14529"/>
</LocList>
</BasicStmnt>
<BasicStmnt CovItemId="S266" CovItemPrefix="org.jfree.data.test.DataUtilitiesTest.java" Intrnl_Id="1162">
<LocList>
<Loc EndOffset="14582" SrcFileId="3" StartOffset="14561"/>
</LocList>
</BasicStmnt>
<BasicStmnt CovItemId="S267" CovItemPrefix="org.jfree.data.test.DataUtilitiesTest.java" Intrnl_Id="1163">
<LocList>
<Loc EndOffset="14614" SrcFileId="3" StartOffset="14587"/>
</LocList>
</BasicStmnt>
<BasicStmnt CovItemId="S268" CovItemPrefix="org.jfree.data.test.DataUtilitiesTest.java" Intrnl_Id="1164">
<LocList>
<Loc EndOffset="14640" SrcFileId="3" StartOffset="14619"/>
</LocList>
</BasicStmnt>
</StmntSeq>
</HierarchyLvl>
</HierarchyLvl>
<HierarchyLvl HierarchyLvlId="517" HierarchyLvlTypeId="8" Intrnl_Id="1165" Name="testGetCumulativePercentages_allRowsAreZero">
<Header>
<Loc EndOffset="14960" SrcFileId="3" StartOffset="14896"/>
</Header>
<LocList>
<Loc EndOffset="15935" SrcFileId="3" StartOffset="14896"/>
</LocList>
<StmntSeq Intrnl_Id="1166">
<LocList>
<Loc EndOffset="15003" SrcFileId="3" StartOffset="14964"/>
<Loc EndOffset="15072" SrcFileId="3" StartOffset="15006"/>
<Loc EndOffset="15099" SrcFileId="3" StartOffset="15075"/>
<Loc EndOffset="15670" SrcFileId="3" StartOffset="15668"/>
<Loc EndOffset="15744" SrcFileId="3" StartOffset="15676"/>
<Loc EndOffset="15791" SrcFileId="3" StartOffset="15747"/>
<Loc EndOffset="15838" SrcFileId="3" StartOffset="15794"/>
<Loc EndOffset="15885" SrcFileId="3" StartOffset="15841"/>
<Loc EndOffset="15932" SrcFileId="3" StartOffset="15888"/>
</LocList>
<BasicStmnt CovItemId="S274" CovItemPrefix="org.jfree.data.test.DataUtilitiesTest.java" Intrnl_Id="1167">
<LocList>
<Loc EndOffset="15003" SrcFileId="3" StartOffset="14964"/>
</LocList>
</BasicStmnt>
<BasicStmnt CovItemId="S275" CovItemPrefix="org.jfree.data.test.DataUtilitiesTest.java" Intrnl_Id="1168">
<LocList>
<Loc EndOffset="15072" SrcFileId="3" StartOffset="15006"/>
</LocList>
</BasicStmnt>
<BasicStmnt CovItemId="S276" CovItemPrefix="org.jfree.data.test.DataUtilitiesTest.java" Intrnl_Id="1169">
<LocList>
<Loc EndOffset="15099" SrcFileId="3" StartOffset="15075"/>
<Loc EndOffset="15670" SrcFileId="3" StartOffset="15668"/>
</LocList>
</BasicStmnt>
<BasicStmnt CovItemId="S295" CovItemPrefix="org.jfree.data.test.DataUtilitiesTest.java" Intrnl_Id="1170">
<LocList>
<Loc EndOffset="15744" SrcFileId="3" StartOffset="15676"/>
</LocList>
</BasicStmnt>
<BasicStmnt CovItemId="S296" CovItemPrefix="org.jfree.data.test.DataUtilitiesTest.java" Intrnl_Id="1171">
<LocList>
<Loc EndOffset="15791" SrcFileId="3" StartOffset="15747"/>
</LocList>
</BasicStmnt>
<BasicStmnt CovItemId="S297" CovItemPrefix="org.jfree.data.test.DataUtilitiesTest.java" Intrnl_Id="1172">
<LocList>
<Loc EndOffset="15838" SrcFileId="3" StartOffset="15794"/>
</LocList>
</BasicStmnt>
<BasicStmnt CovItemId="S298" CovItemPrefix="org.jfree.data.test.DataUtilitiesTest.java" Intrnl_Id="1173">
<LocList>
<Loc EndOffset="15885" SrcFileId="3" StartOffset="15841"/>
</LocList>
</BasicStmnt>
<BasicStmnt CovItemId="S299" CovItemPrefix="org.jfree.data.test.DataUtilitiesTest.java" Intrnl_Id="1174">
<LocList>
<Loc EndOffset="15932" SrcFileId="3" StartOffset="15888"/>
</LocList>
</BasicStmnt>
</StmntSeq>
<HierarchyLvl HierarchyLvlId="516" HierarchyLvlTypeId="10" Intrnl_Id="1175" Name="Expectations">
<Header>
<Loc EndOffset="15117" SrcFileId="3" StartOffset="15103"/>
</Header>
<LocList>
<Loc EndOffset="15668" SrcFileId="3" StartOffset="15099"/>
</LocList>
<StmntSeq Intrnl_Id="1176">
<LocList>
<Loc EndOffset="15161" SrcFileId="3" StartOffset="15129"/>
<Loc EndOffset="15187" SrcFileId="3" StartOffset="15166"/>
<Loc EndOffset="15221" SrcFileId="3" StartOffset="15192"/>
<Loc EndOffset="15247" SrcFileId="3" StartOffset="15226"/>
<Loc EndOffset="15281" SrcFileId="3" StartOffset="15252"/>
<Loc EndOffset="15307" SrcFileId="3" StartOffset="15286"/>
<Loc EndOffset="15341" SrcFileId="3" StartOffset="15312"/>
<Loc EndOffset="15367" SrcFileId="3" StartOffset="15346"/>
<Loc EndOffset="15401" SrcFileId="3" StartOffset="15372"/>
<Loc EndOffset="15427" SrcFileId="3" StartOffset="15406"/>
<Loc EndOffset="15459" SrcFileId="3" StartOffset="15432"/>
<Loc EndOffset="15485" SrcFileId="3" StartOffset="15464"/>
<Loc EndOffset="15517" SrcFileId="3" StartOffset="15490"/>
<Loc EndOffset="15543" SrcFileId="3" StartOffset="15522"/>
<Loc EndOffset="15575" SrcFileId="3" StartOffset="15548"/>
<Loc EndOffset="15601" SrcFileId="3" StartOffset="15580"/>
<Loc EndOffset="15633" SrcFileId="3" StartOffset="15606"/>
<Loc EndOffset="15659" SrcFileId="3" StartOffset="15638"/>
</LocList>
<BasicStmnt CovItemId="S277" CovItemPrefix="org.jfree.data.test.DataUtilitiesTest.java" Intrnl_Id="1177">
<LocList>
<Loc EndOffset="15161" SrcFileId="3" StartOffset="15129"/>
</LocList>
</BasicStmnt>
<BasicStmnt CovItemId="S278" CovItemPrefix="org.jfree.data.test.DataUtilitiesTest.java" Intrnl_Id="1178">
<LocList>
<Loc EndOffset="15187" SrcFileId="3" StartOffset="15166"/>
</LocList>
</BasicStmnt>
<BasicStmnt CovItemId="S279" CovItemPrefix="org.jfree.data.test.DataUtilitiesTest.java" Intrnl_Id="1179">
<LocList>
<Loc EndOffset="15221" SrcFileId="3" StartOffset="15192"/>
</LocList>
</BasicStmnt>
<BasicStmnt CovItemId="S280" CovItemPrefix="org.jfree.data.test.DataUtilitiesTest.java" Intrnl_Id="1180">
<LocList>
<Loc EndOffset="15247" SrcFileId="3" StartOffset="15226"/>
</LocList>
</BasicStmnt>
<BasicStmnt CovItemId="S281" CovItemPrefix="org.jfree.data.test.DataUtilitiesTest.java" Intrnl_Id="1181">
<LocList>
<Loc EndOffset="15281" SrcFileId="3" StartOffset="15252"/>
</LocList>
</BasicStmnt>
<BasicStmnt CovItemId="S282" CovItemPrefix="org.jfree.data.test.DataUtilitiesTest.java" Intrnl_Id="1182">
<LocList>
<Loc EndOffset="15307" SrcFileId="3" StartOffset="15286"/>
</LocList>
</BasicStmnt>
<BasicStmnt CovItemId="S283" CovItemPrefix="org.jfree.data.test.DataUtilitiesTest.java" Intrnl_Id="1183">
<LocList>
<Loc EndOffset="15341" SrcFileId="3" StartOffset="15312"/>
</LocList>
</BasicStmnt>
<BasicStmnt CovItemId="S284" CovItemPrefix="org.jfree.data.test.DataUtilitiesTest.java" Intrnl_Id="1184">
<LocList>
<Loc EndOffset="15367" SrcFileId="3" StartOffset="15346"/>
</LocList>
</BasicStmnt>
<BasicStmnt CovItemId="S285" CovItemPrefix="org.jfree.data.test.DataUtilitiesTest.java" Intrnl_Id="1185">
<LocList>
<Loc EndOffset="15401" SrcFileId="3" StartOffset="15372"/>
</LocList>
</BasicStmnt>
<BasicStmnt CovItemId="S286" CovItemPrefix="org.jfree.data.test.DataUtilitiesTest.java" Intrnl_Id="1186">
<LocList>
<Loc EndOffset="15427" SrcFileId="3" StartOffset="15406"/>
</LocList>
</BasicStmnt>
<BasicStmnt CovItemId="S287" CovItemPrefix="org.jfree.data.test.DataUtilitiesTest.java" Intrnl_Id="1187">
<LocList>
<Loc EndOffset="15459" SrcFileId="3" StartOffset="15432"/>
</LocList>
</BasicStmnt>
<BasicStmnt CovItemId="S288" CovItemPrefix="org.jfree.data.test.DataUtilitiesTest.java" Intrnl_Id="1188">
<LocList>
<Loc EndOffset="15485" SrcFileId="3" StartOffset="15464"/>
</LocList>
</BasicStmnt>
<BasicStmnt CovItemId="S289" CovItemPrefix="org.jfree.data.test.DataUtilitiesTest.java" Intrnl_Id="1189">
<LocList>
<Loc EndOffset="15517" SrcFileId="3" StartOffset="15490"/>
</LocList>
</BasicStmnt>
<BasicStmnt CovItemId="S290" CovItemPrefix="org.jfree.data.test.DataUtilitiesTest.java" Intrnl_Id="1190">
<LocList>
<Loc EndOffset="15543" SrcFileId="3" StartOffset="15522"/>
</LocList>
</BasicStmnt>
<BasicStmnt CovItemId="S291" CovItemPrefix="org.jfree.data.test.DataUtilitiesTest.java" Intrnl_Id="1191">
<LocList>
<Loc EndOffset="15575" SrcFileId="3" StartOffset="15548"/>
</LocList>
</BasicStmnt>
<BasicStmnt CovItemId="S292" CovItemPrefix="org.jfree.data.test.DataUtilitiesTest.java" Intrnl_Id="1192">
<LocList>
<Loc EndOffset="15601" SrcFileId="3" StartOffset="15580"/>
</LocList>
</BasicStmnt>
<BasicStmnt CovItemId="S293" CovItemPrefix="org.jfree.data.test.DataUtilitiesTest.java" Intrnl_Id="1193">
<LocList>
<Loc EndOffset="15633" SrcFileId="3" StartOffset="15606"/>
</LocList>
</BasicStmnt>
<BasicStmnt CovItemId="S294" CovItemPrefix="org.jfree.data.test.DataUtilitiesTest.java" Intrnl_Id="1194">
<LocList>
<Loc EndOffset="15659" SrcFileId="3" StartOffset="15638"/>
</LocList>
</BasicStmnt>
</StmntSeq>
</HierarchyLvl>
</HierarchyLvl>
</HierarchyLvl>
</HierarchyLvl>
<HierarchyLvl HierarchyLvlId="410" HierarchyLvlTypeId="7" Intrnl_Id="1195" Name="Range">
<Header>
<Loc EndOffset="2802" SrcFileId="1" StartOffset="2751"/>
</Header>
<LocList>
<Loc EndOffset="12856" SrcFileId="1" StartOffset="2751"/>
</LocList>
<StmntSeq Intrnl_Id="1196">
<LocList>
<Loc EndOffset="2909" SrcFileId="1" StartOffset="2843"/>
</LocList>
<BasicStmnt CovItemId="S1" CovItemPrefix="org.jfree.data.Range.java" Intrnl_Id="1197">
<LocList>
<Loc EndOffset="2909" SrcFileId="1" StartOffset="2843"/>
</LocList>
</BasicStmnt>
</StmntSeq>
<HierarchyLvl HierarchyLvlId="393" HierarchyLvlTypeId="8" Intrnl_Id="1198" Name="Range">
<Header>
<Loc EndOffset="3286" SrcFileId="1" StartOffset="3246"/>
</Header>
<LocList>
<Loc EndOffset="3574" SrcFileId="1" StartOffset="3246"/>
</LocList>
<StmntSeq Intrnl_Id="1199">
<LocList>
<Loc EndOffset="3509" SrcFileId="1" StartOffset="3298"/>
<Loc EndOffset="3538" SrcFileId="1" StartOffset="3519"/>
<Loc EndOffset="3567" SrcFileId="1" StartOffset="3548"/>
</LocList>
<CondStmnt CovItemId="S2" CovItemPrefix="org.jfree.data.Range.java" Intrnl_Id="1200">
<Branch CovItemId="B1" CovItemPrefix="org.jfree.data.Range.java" Implct="false" Intrnl_Id="1201">
<Cond/>
<LocList>
<Loc EndOffset="3509" SrcFileId="1" StartOffset="3317"/>
</LocList>
<StmntSeq Intrnl_Id="1202">
<LocList>
<Loc EndOffset="3444" SrcFileId="1" StartOffset="3332"/>
<Loc EndOffset="3498" SrcFileId="1" StartOffset="3458"/>
</LocList>
<BasicStmnt CovItemId="S3" CovItemPrefix="org.jfree.data.Range.java" Intrnl_Id="1203">
<LocList>
<Loc EndOffset="3444" SrcFileId="1" StartOffset="3332"/>
</LocList>
</BasicStmnt>
<BasicStmnt CovItemId="S4" CovItemPrefix="org.jfree.data.Range.java" Intrnl_Id="1204">
<LocList>
<Loc EndOffset="3498" SrcFileId="1" StartOffset="3458"/>
</LocList>
</BasicStmnt>
</StmntSeq>
</Branch>
<Branch CovItemId="B2" CovItemPrefix="org.jfree.data.Range.java" Implct="true" Intrnl_Id="1205">
<Cond/>
<LocList/>
<StmntSeq Intrnl_Id="1206">
<LocList/>
</StmntSeq>
</Branch>
<Keyword EndOffset="3300" SrcFileId="1" StartOffset="3298"/>
<LocList>
<Loc EndOffset="3509" SrcFileId="1" StartOffset="3298"/>
</LocList>
<RootTerm CovItemId="C1" CovItemPrefix="org.jfree.data.Range.java" Intrnl_Id="1207">
<BasicBoolTerm Intrnl_Id="1208">
<LocList>
<Loc EndOffset="3315" SrcFileId="1" StartOffset="3302"/>
</LocList>
</BasicBoolTerm>
</RootTerm>
</CondStmnt>
<BasicStmnt CovItemId="S5" CovItemPrefix="org.jfree.data.Range.java" Intrnl_Id="1209">
<LocList>
<Loc EndOffset="3538" SrcFileId="1" StartOffset="3519"/>
</LocList>
</BasicStmnt>
<BasicStmnt CovItemId="S6" CovItemPrefix="org.jfree.data.Range.java" Intrnl_Id="1210">
<LocList>
<Loc EndOffset="3567" SrcFileId="1" StartOffset="3548"/>
</LocList>
</BasicStmnt>
</StmntSeq>
</HierarchyLvl>
<HierarchyLvl HierarchyLvlId="394" HierarchyLvlTypeId="8" Intrnl_Id="1211" Name="getLowerBound">
<Header>
<Loc EndOffset="3717" SrcFileId="1" StartOffset="3688"/>
</Header>
<LocList>
<Loc EndOffset="3754" SrcFileId="1" StartOffset="3688"/>
</LocList>
<StmntSeq Intrnl_Id="1212">
<LocList>
<Loc EndOffset="3747" SrcFileId="1" StartOffset="3729"/>
</LocList>
<BasicStmnt CovItemId="S7" CovItemPrefix="org.jfree.data.Range.java" Intrnl_Id="1213">
<LocList>
<Loc EndOffset="3747" SrcFileId="1" StartOffset="3729"/>
</LocList>
</BasicStmnt>
</StmntSeq>
</HierarchyLvl>
<HierarchyLvl HierarchyLvlId="395" HierarchyLvlTypeId="8" Intrnl_Id="1214" Name="getUpperBound">
<Header>
<Loc EndOffset="3897" SrcFileId="1" StartOffset="3868"/>
</Header>
<LocList>
<Loc EndOffset="3934" SrcFileId="1" StartOffset="3868"/>
</LocList>
<StmntSeq Intrnl_Id="1215">
<LocList>
<Loc EndOffset="3927" SrcFileId="1" StartOffset="3909"/>
</LocList>
<BasicStmnt CovItemId="S8" CovItemPrefix="org.jfree.data.Range.java" Intrnl_Id="1216">
<LocList>
<Loc EndOffset="3927" SrcFileId="1" StartOffset="3909"/>
</LocList>
</BasicStmnt>
</StmntSeq>
</HierarchyLvl>
<HierarchyLvl HierarchyLvlId="396" HierarchyLvlTypeId="8" Intrnl_Id="1217" Name="getLength">
<Header>
<Loc EndOffset="4062" SrcFileId="1" StartOffset="4037"/>
</Header>
<LocList>
<Loc EndOffset="4112" SrcFileId="1" StartOffset="4037"/>
</LocList>
<StmntSeq Intrnl_Id="1218">
<LocList>
<Loc EndOffset="4105" SrcFileId="1" StartOffset="4074"/>
</LocList>
<BasicStmnt CovItemId="S9" CovItemPrefix="org.jfree.data.Range.java" Intrnl_Id="1219">
<LocList>
<Loc EndOffset="4105" SrcFileId="1" StartOffset="4074"/>
</LocList>
</BasicStmnt>
</StmntSeq>
</HierarchyLvl>
<HierarchyLvl HierarchyLvlId="397" HierarchyLvlTypeId="8" Intrnl_Id="1220" Name="getCentralValue">
<Header>
<Loc EndOffset="4273" SrcFileId="1" StartOffset="4242"/>
</Header>
<LocList>
<Loc EndOffset="4335" SrcFileId="1" StartOffset="4242"/>
</LocList>
<StmntSeq Intrnl_Id="1221">
<LocList>
<Loc EndOffset="4328" SrcFileId="1" StartOffset="4285"/>
</LocList>
<BasicStmnt CovItemId="S10" CovItemPrefix="org.jfree.data.Range.java" Intrnl_Id="1222">
<LocList>
<Loc EndOffset="4328" SrcFileId="1" StartOffset="4285"/>
</LocList>
</BasicStmnt>
</StmntSeq>
</HierarchyLvl>
<HierarchyLvl HierarchyLvlId="398" HierarchyLvlTypeId="8" Intrnl_Id="1223" Name="contains">
<Header>
<Loc EndOffset="4656" SrcFileId="1" StartOffset="4619"/>
</Header>
<LocList>
<Loc EndOffset="4727" SrcFileId="1" StartOffset="4619"/>
</LocList>
<StmntSeq Intrnl_Id="1224">
<LocList>
<Loc EndOffset="4720" SrcFileId="1" StartOffset="4668"/>
</LocList>
<BasicStmnt CovItemId="S11" CovItemPrefix="org.jfree.data.Range.java" Intrnl_Id="1225">
<LocList>
<Loc EndOffset="4720" SrcFileId="1" StartOffset="4668"/>
</LocList>
</BasicStmnt>
</StmntSeq>
</HierarchyLvl>
<HierarchyLvl HierarchyLvlId="399" HierarchyLvlTypeId="8" Intrnl_Id="1226" Name="intersects">
<Header>
<Loc EndOffset="5156" SrcFileId="1" StartOffset="5103"/>
</Header>
<LocList>
<Loc EndOffset="5341" SrcFileId="1" StartOffset="5103"/>
</LocList>
<StmntSeq Intrnl_Id="1227">
<LocList>
<Loc EndOffset="5334" SrcFileId="1" StartOffset="5168"/>
</LocList>
<CondStmnt CovItemId="S12" CovItemPrefix="org.jfree.data.Range.java" Intrnl_Id="1228">
<Branch CovItemId="B3" CovItemPrefix="org.jfree.data.Range.java" Implct="false" Intrnl_Id="1229">
<Cond/>
<LocList>
<Loc EndOffset="5247" SrcFileId="1" StartOffset="5193"/>
</LocList>
<StmntSeq Intrnl_Id="1230">
<LocList>
<Loc EndOffset="5236" SrcFileId="1" StartOffset="5208"/>
</LocList>
<BasicStmnt CovItemId="S13" CovItemPrefix="org.jfree.data.Range.java" Intrnl_Id="1231">
<LocList>
<Loc EndOffset="5236" SrcFileId="1" StartOffset="5208"/>
</LocList>
</BasicStmnt>
</StmntSeq>
</Branch>
<Branch CovItemId="B4" CovItemPrefix="org.jfree.data.Range.java" Implct="false" Intrnl_Id="1232">
<Cond>
<Loc EndOffset="5261" SrcFileId="1" StartOffset="5257"/>
</Cond>
<LocList>
<Loc EndOffset="5334" SrcFileId="1" StartOffset="5262"/>
</LocList>
<StmntSeq Intrnl_Id="1233">
<LocList>
<Loc EndOffset="5323" SrcFileId="1" StartOffset="5277"/>
</LocList>
<BasicStmnt CovItemId="S14" CovItemPrefix="org.jfree.data.Range.java" Intrnl_Id="1234">
<LocList>
<Loc EndOffset="5323" SrcFileId="1" StartOffset="5277"/>
</LocList>
</BasicStmnt>
</StmntSeq>
</Branch>
<Keyword EndOffset="5170" SrcFileId="1" StartOffset="5168"/>
<LocList>
<Loc EndOffset="5334" SrcFileId="1" StartOffset="5168"/>
</LocList>
<RootTerm CovItemId="C2" CovItemPrefix="org.jfree.data.Range.java" Intrnl_Id="1235">
<BasicBoolTerm Intrnl_Id="1236">
<LocList>
<Loc EndOffset="5191" SrcFileId="1" StartOffset="5172"/>
</LocList>
</BasicBoolTerm>
</RootTerm>
</CondStmnt>
</StmntSeq>
</HierarchyLvl>
<HierarchyLvl HierarchyLvlId="400" HierarchyLvlTypeId="8" Intrnl_Id="1237" Name="constrain">
<Header>
<Loc EndOffset="5692" SrcFileId="1" StartOffset="5655"/>
</Header>
<LocList>
<Loc EndOffset="5996" SrcFileId="1" StartOffset="5655"/>
</LocList>
<StmntSeq Intrnl_Id="1238">
<LocList>
<Loc EndOffset="5726" SrcFileId="1" StartOffset="5704"/>
<Loc EndOffset="5965" SrcFileId="1" StartOffset="5736"/>
<Loc EndOffset="5989" SrcFileId="1" StartOffset="5975"/>
</LocList>
<BasicStmnt CovItemId="S15" CovItemPrefix="org.jfree.data.Range.java" Intrnl_Id="1239">
<LocList>
<Loc EndOffset="5726" SrcFileId="1" StartOffset="5704"/>
</LocList>
</BasicStmnt>
<CondStmnt CovItemId="S16" CovItemPrefix="org.jfree.data.Range.java" Intrnl_Id="1240">
<Branch CovItemId="B5" CovItemPrefix="org.jfree.data.Range.java" Implct="false" Intrnl_Id="1241">
<Cond/>
<LocList>
<Loc EndOffset="5965" SrcFileId="1" StartOffset="5758"/>
</LocList>
<StmntSeq Intrnl_Id="1242">
<LocList>
<Loc EndOffset="5954" SrcFileId="1" StartOffset="5773"/>
</LocList>
<CondStmnt CovItemId="S17" CovItemPrefix="org.jfree.data.Range.java" Intrnl_Id="1243">
<Branch CovItemId="B7" CovItemPrefix="org.jfree.data.Range.java" Implct="false" Intrnl_Id="1244">
<Cond/>
<LocList>
<Loc EndOffset="5854" SrcFileId="1" StartOffset="5797"/>
</LocList>
<StmntSeq Intrnl_Id="1245">
<LocList>
<Loc EndOffset="5836" SrcFileId="1" StartOffset="5816"/>
</LocList>
<BasicStmnt CovItemId="S18" CovItemPrefix="org.jfree.data.Range.java" Intrnl_Id="1246">
<LocList>
<Loc EndOffset="5836" SrcFileId="1" StartOffset="5816"/>
</LocList>
</BasicStmnt>
</StmntSeq>
</Branch>
<Branch CovItemId="B8" CovItemPrefix="org.jfree.data.Range.java" Implct="false" Intrnl_Id="1247">
<Cond>
<Loc EndOffset="5872" SrcFileId="1" StartOffset="5868"/>
</Cond>
<LocList>
<Loc EndOffset="5954" SrcFileId="1" StartOffset="5873"/>
</LocList>
<StmntSeq Intrnl_Id="1248">
<LocList>
<Loc EndOffset="5954" SrcFileId="1" StartOffset="5873"/>
</LocList>
<CondStmnt CovItemId="S19" CovItemPrefix="org.jfree.data.Range.java" Intrnl_Id="1249">
<Branch CovItemId="B9" CovItemPrefix="org.jfree.data.Range.java" Implct="false" Intrnl_Id="1250">
<Cond/>
<LocList>
<Loc EndOffset="5954" SrcFileId="1" StartOffset="5897"/>
</LocList>
<StmntSeq Intrnl_Id="1251">
<LocList>
<Loc EndOffset="5936" SrcFileId="1" StartOffset="5916"/>
</LocList>
<BasicStmnt CovItemId="S20" CovItemPrefix="org.jfree.data.Range.java" Intrnl_Id="1252">
<LocList>
<Loc EndOffset="5936" SrcFileId="1" StartOffset="5916"/>
</LocList>
</BasicStmnt>
</StmntSeq>
</Branch>
<Branch CovItemId="B10" CovItemPrefix="org.jfree.data.Range.java" Implct="true" Intrnl_Id="1253">
<Cond/>
<LocList/>
<StmntSeq Intrnl_Id="1254">
<LocList/>
</StmntSeq>
</Branch>
<Keyword EndOffset="5875" SrcFileId="1" StartOffset="5873"/>
<LocList>
<Loc EndOffset="5954" SrcFileId="1" StartOffset="5873"/>
</LocList>
<RootTerm CovItemId="C5" CovItemPrefix="org.jfree.data.Range.java" Intrnl_Id="1255">
<BasicBoolTerm Intrnl_Id="1256">
<LocList>
<Loc EndOffset="5895" SrcFileId="1" StartOffset="5877"/>
</LocList>
</BasicBoolTerm>
</RootTerm>
</CondStmnt>
</StmntSeq>
</Branch>
<Keyword EndOffset="5775" SrcFileId="1" StartOffset="5773"/>
<LocList>
<Loc EndOffset="5954" SrcFileId="1" StartOffset="5773"/>
</LocList>
<RootTerm CovItemId="C4" CovItemPrefix="org.jfree.data.Range.java" Intrnl_Id="1257">
<BasicBoolTerm Intrnl_Id="1258">
<LocList>
<Loc EndOffset="5795" SrcFileId="1" StartOffset="5777"/>
</LocList>
</BasicBoolTerm>
</RootTerm>
</CondStmnt>
</StmntSeq>
</Branch>
<Branch CovItemId="B6" CovItemPrefix="org.jfree.data.Range.java" Implct="true" Intrnl_Id="1259">
<Cond/>
<LocList/>
<StmntSeq Intrnl_Id="1260">
<LocList/>
</StmntSeq>
</Branch>
<Keyword EndOffset="5738" SrcFileId="1" StartOffset="5736"/>
<LocList>
<Loc EndOffset="5965" SrcFileId="1" StartOffset="5736"/>
</LocList>
<RootTerm CovItemId="C3" CovItemPrefix="org.jfree.data.Range.java" Intrnl_Id="1261">
<OpTerm BooleanOpId="5" Intrnl_Id="1262">
<BasicBoolTerm Intrnl_Id="1263">
<LocList>
<Loc EndOffset="5756" SrcFileId="1" StartOffset="5741"/>
</LocList>
</BasicBoolTerm>
<LocList>
<Loc EndOffset="5741" SrcFileId="1" StartOffset="5740"/>
</LocList>
</OpTerm>
</RootTerm>
</CondStmnt>
<BasicStmnt CovItemId="S21" CovItemPrefix="org.jfree.data.Range.java" Intrnl_Id="1264">
<LocList>
<Loc EndOffset="5989" SrcFileId="1" StartOffset="5975"/>
</LocList>
</BasicStmnt>
</StmntSeq>
</HierarchyLvl>
<HierarchyLvl HierarchyLvlId="401" HierarchyLvlTypeId="8" Intrnl_Id="1265" Name="combine">
<Header>
<Loc EndOffset="6670" SrcFileId="1" StartOffset="6615"/>
</Header>
<LocList>
<Loc EndOffset="7158" SrcFileId="1" StartOffset="6615"/>
</LocList>
<StmntSeq Intrnl_Id="1266">
<LocList>
<Loc EndOffset="7151" SrcFileId="1" StartOffset="6682"/>
</LocList>
<CondStmnt CovItemId="S22" CovItemPrefix="org.jfree.data.Range.java" Intrnl_Id="1267">
<Branch CovItemId="B11" CovItemPrefix="org.jfree.data.Range.java" Implct="false" Intrnl_Id="1268">
<Cond/>
<LocList>
<Loc EndOffset="6742" SrcFileId="1" StartOffset="6702"/>
</LocList>
<StmntSeq Intrnl_Id="1269">
<LocList>
<Loc EndOffset="6731" SrcFileId="1" StartOffset="6717"/>
</LocList>
<BasicStmnt CovItemId="S23" CovItemPrefix="org.jfree.data.Range.java" Intrnl_Id="1270">
<LocList>
<Loc EndOffset="6731" SrcFileId="1" StartOffset="6717"/>
</LocList>
</BasicStmnt>
</StmntSeq>
</Branch>
<Branch CovItemId="B12" CovItemPrefix="org.jfree.data.Range.java" Implct="false" Intrnl_Id="1271">
<Cond>
<Loc EndOffset="6756" SrcFileId="1" StartOffset="6752"/>
</Cond>
<LocList>
<Loc EndOffset="7151" SrcFileId="1" StartOffset="6757"/>
</LocList>
<StmntSeq Intrnl_Id="1272">
<LocList>
<Loc EndOffset="7140" SrcFileId="1" StartOffset="6772"/>
</LocList>
<CondStmnt CovItemId="S24" CovItemPrefix="org.jfree.data.Range.java" Intrnl_Id="1273">
<Branch CovItemId="B13" CovItemPrefix="org.jfree.data.Range.java" Implct="false" Intrnl_Id="1274">
<Cond/>
<LocList>
<Loc EndOffset="6840" SrcFileId="1" StartOffset="6792"/>
</LocList>
<StmntSeq Intrnl_Id="1275">
<LocList>
<Loc EndOffset="6825" SrcFileId="1" StartOffset="6811"/>
</LocList>
<BasicStmnt CovItemId="S25" CovItemPrefix="org.jfree.data.Range.java" Intrnl_Id="1276">
<LocList>
<Loc EndOffset="6825" SrcFileId="1" StartOffset="6811"/>
</LocList>
</BasicStmnt>
</StmntSeq>
</Branch>
<Branch CovItemId="B14" CovItemPrefix="org.jfree.data.Range.java" Implct="false" Intrnl_Id="1277">
<Cond>
<Loc EndOffset="6858" SrcFileId="1" StartOffset="6854"/>
</Cond>
<LocList>
<Loc EndOffset="7140" SrcFileId="1" StartOffset="6859"/>
</LocList>
<StmntSeq Intrnl_Id="1278">
<LocList>
<Loc EndOffset="6972" SrcFileId="1" StartOffset="6878"/>
<Loc EndOffset="7084" SrcFileId="1" StartOffset="6990"/>
<Loc EndOffset="7125" SrcFileId="1" StartOffset="7102"/>
</LocList>
<BasicStmnt CovItemId="S26" CovItemPrefix="org.jfree.data.Range.java" Intrnl_Id="1279">
<LocList>
<Loc EndOffset="6972" SrcFileId="1" StartOffset="6878"/>
</LocList>
</BasicStmnt>
<BasicStmnt CovItemId="S27" CovItemPrefix="org.jfree.data.Range.java" Intrnl_Id="1280">
<LocList>
<Loc EndOffset="7084" SrcFileId="1" StartOffset="6990"/>
</LocList>
</BasicStmnt>
<BasicStmnt CovItemId="S28" CovItemPrefix="org.jfree.data.Range.java" Intrnl_Id="1281">
<LocList>
<Loc EndOffset="7125" SrcFileId="1" StartOffset="7102"/>
</LocList>
</BasicStmnt>
</StmntSeq>
</Branch>
<Keyword EndOffset="6774" SrcFileId="1" StartOffset="6772"/>
<LocList>
<Loc EndOffset="7140" SrcFileId="1" StartOffset="6772"/>
</LocList>
<RootTerm CovItemId="C7" CovItemPrefix="org.jfree.data.Range.java" Intrnl_Id="1282">
<BasicBoolTerm Intrnl_Id="1283">
<LocList>
<Loc EndOffset="6790" SrcFileId="1" StartOffset="6776"/>
</LocList>
</BasicBoolTerm>
</RootTerm>
</CondStmnt>
</StmntSeq>
</Branch>
<Keyword EndOffset="6684" SrcFileId="1" StartOffset="6682"/>
<LocList>
<Loc EndOffset="7151" SrcFileId="1" StartOffset="6682"/>
</LocList>
<RootTerm CovItemId="C6" CovItemPrefix="org.jfree.data.Range.java" Intrnl_Id="1284">
<BasicBoolTerm Intrnl_Id="1285">
<LocList>
<Loc EndOffset="6700" SrcFileId="1" StartOffset="6686"/>
</LocList>
</BasicBoolTerm>
</RootTerm>
</CondStmnt>
</StmntSeq>
</HierarchyLvl>
<HierarchyLvl HierarchyLvlId="402" HierarchyLvlTypeId="8" Intrnl_Id="1286" Name="expandToInclude">
<Header>
<Loc EndOffset="7639" SrcFileId="1" StartOffset="7577"/>
</Header>
<LocList>
<Loc EndOffset="8029" SrcFileId="1" StartOffset="7577"/>
</LocList>
<StmntSeq Intrnl_Id="1287">
<LocList>
<Loc EndOffset="7727" SrcFileId="1" StartOffset="7651"/>
<Loc EndOffset="8022" SrcFileId="1" StartOffset="7737"/>
</LocList>
<CondStmnt CovItemId="S29" CovItemPrefix="org.jfree.data.Range.java" Intrnl_Id="1288">
<Branch CovItemId="B15" CovItemPrefix="org.jfree.data.Range.java" Implct="false" Intrnl_Id="1289">
<Cond/>
<LocList>
<Loc EndOffset="7727" SrcFileId="1" StartOffset="7670"/>
</LocList>
<StmntSeq Intrnl_Id="1290">
<LocList>
<Loc EndOffset="7716" SrcFileId="1" StartOffset="7685"/>
</LocList>
<BasicStmnt CovItemId="S30" CovItemPrefix="org.jfree.data.Range.java" Intrnl_Id="1291">
<LocList>
<Loc EndOffset="7716" SrcFileId="1" StartOffset="7685"/>
</LocList>
</BasicStmnt>
</StmntSeq>
</Branch>
<Branch CovItemId="B16" CovItemPrefix="org.jfree.data.Range.java" Implct="true" Intrnl_Id="1292">
<Cond/>
<LocList/>
<StmntSeq Intrnl_Id="1293">
<LocList/>
</StmntSeq>
</Branch>
<Keyword EndOffset="7653" SrcFileId="1" StartOffset="7651"/>
<LocList>
<Loc EndOffset="7727" SrcFileId="1" StartOffset="7651"/>
</LocList>
<RootTerm CovItemId="C8" CovItemPrefix="org.jfree.data.Range.java" Intrnl_Id="1294">
<BasicBoolTerm Intrnl_Id="1295">
<LocList>
<Loc EndOffset="7668" SrcFileId="1" StartOffset="7655"/>
</LocList>
</BasicBoolTerm>
</RootTerm>
</CondStmnt>
<CondStmnt CovItemId="S31" CovItemPrefix="org.jfree.data.Range.java" Intrnl_Id="1296">
<Branch CovItemId="B17" CovItemPrefix="org.jfree.data.Range.java" Implct="false" Intrnl_Id="1297">
<Cond/>
<LocList>
<Loc EndOffset="7845" SrcFileId="1" StartOffset="7772"/>
</LocList>
<StmntSeq Intrnl_Id="1298">
<LocList>
<Loc EndOffset="7834" SrcFileId="1" StartOffset="7787"/>
</LocList>
<BasicStmnt CovItemId="S32" CovItemPrefix="org.jfree.data.Range.java" Intrnl_Id="1299">
<LocList>
<Loc EndOffset="7834" SrcFileId="1" StartOffset="7787"/>
</LocList>
</BasicStmnt>
</StmntSeq>
</Branch>
<Branch CovItemId="B18" CovItemPrefix="org.jfree.data.Range.java" Implct="false" Intrnl_Id="1300">
<Cond>
<Loc EndOffset="7859" SrcFileId="1" StartOffset="7855"/>
</Cond>
<LocList>
<Loc EndOffset="8022" SrcFileId="1" StartOffset="7860"/>
</LocList>
<StmntSeq Intrnl_Id="1301">
<LocList>
<Loc EndOffset="8022" SrcFileId="1" StartOffset="7860"/>
</LocList>
<CondStmnt CovItemId="S33" CovItemPrefix="org.jfree.data.Range.java" Intrnl_Id="1302">
<Branch CovItemId="B19" CovItemPrefix="org.jfree.data.Range.java" Implct="false" Intrnl_Id="1303">
<Cond/>
<LocList>
<Loc EndOffset="7968" SrcFileId="1" StartOffset="7895"/>
</LocList>
<StmntSeq Intrnl_Id="1304">
<LocList>
<Loc EndOffset="7957" SrcFileId="1" StartOffset="7910"/>
</LocList>
<BasicStmnt CovItemId="S34" CovItemPrefix="org.jfree.data.Range.java" Intrnl_Id="1305">
<LocList>
<Loc EndOffset="7957" SrcFileId="1" StartOffset="7910"/>
</LocList>
</BasicStmnt>
</StmntSeq>
</Branch>
<Branch CovItemId="B20" CovItemPrefix="org.jfree.data.Range.java" Implct="false" Intrnl_Id="1306">
<Cond>
<Loc EndOffset="7982" SrcFileId="1" StartOffset="7978"/>
</Cond>
<LocList>
<Loc EndOffset="8022" SrcFileId="1" StartOffset="7983"/>
</LocList>
<StmntSeq Intrnl_Id="1307">
<LocList>
<Loc EndOffset="8011" SrcFileId="1" StartOffset="7998"/>
</LocList>
<BasicStmnt CovItemId="S35" CovItemPrefix="org.jfree.data.Range.java" Intrnl_Id="1308">
<LocList>
<Loc EndOffset="8011" SrcFileId="1" StartOffset="7998"/>
</LocList>
</BasicStmnt>
</StmntSeq>
</Branch>
<Keyword EndOffset="7862" SrcFileId="1" StartOffset="7860"/>
<LocList>
<Loc EndOffset="8022" SrcFileId="1" StartOffset="7860"/>
</LocList>
<RootTerm CovItemId="C10" CovItemPrefix="org.jfree.data.Range.java" Intrnl_Id="1309">
<BasicBoolTerm Intrnl_Id="1310">
<LocList>
<Loc EndOffset="7893" SrcFileId="1" StartOffset="7864"/>
</LocList>
</BasicBoolTerm>
</RootTerm>
</CondStmnt>
</StmntSeq>
</Branch>
<Keyword EndOffset="7739" SrcFileId="1" StartOffset="7737"/>
<LocList>
<Loc EndOffset="8022" SrcFileId="1" StartOffset="7737"/>
</LocList>
<RootTerm CovItemId="C9" CovItemPrefix="org.jfree.data.Range.java" Intrnl_Id="1311">
<BasicBoolTerm Intrnl_Id="1312">
<LocList>
<Loc EndOffset="7770" SrcFileId="1" StartOffset="7741"/>
</LocList>
</BasicBoolTerm>
</RootTerm>
</CondStmnt>
</StmntSeq>
</HierarchyLvl>
<HierarchyLvl HierarchyLvlId="403" HierarchyLvlTypeId="8" Intrnl_Id="1313" Name="expand">
<Header>
<Loc EndOffset="8691" SrcFileId="1" StartOffset="8579"/>
</Header>
<LocList>
<Loc EndOffset="9062" SrcFileId="1" StartOffset="8579"/>
</LocList>
<StmntSeq Intrnl_Id="1314">
<LocList>
<Loc EndOffset="8812" SrcFileId="1" StartOffset="8703"/>
<Loc EndOffset="8856" SrcFileId="1" StartOffset="8822"/>
<Loc EndOffset="8902" SrcFileId="1" StartOffset="8866"/>
<Loc EndOffset="8948" SrcFileId="1" StartOffset="8912"/>
<Loc EndOffset="9055" SrcFileId="1" StartOffset="8958"/>
</LocList>
<CondStmnt CovItemId="S36" CovItemPrefix="org.jfree.data.Range.java" Intrnl_Id="1315">
<Branch CovItemId="B21" CovItemPrefix="org.jfree.data.Range.java" Implct="false" Intrnl_Id="1316">
<Cond/>
<LocList>
<Loc EndOffset="8812" SrcFileId="1" StartOffset="8722"/>
</LocList>
<StmntSeq Intrnl_Id="1317">
<LocList>
<Loc EndOffset="8798" SrcFileId="1" StartOffset="8737"/>
</LocList>
<BasicStmnt CovItemId="S37" CovItemPrefix="org.jfree.data.Range.java" Intrnl_Id="1318">
<LocList>
<Loc EndOffset="8798" SrcFileId="1" StartOffset="8737"/>
</LocList>
</BasicStmnt>
</StmntSeq>
</Branch>
<Branch CovItemId="B22" CovItemPrefix="org.jfree.data.Range.java" Implct="true" Intrnl_Id="1319">
<Cond/>
<LocList/>
<StmntSeq Intrnl_Id="1320">
<LocList/>
</StmntSeq>
</Branch>
<Keyword EndOffset="8705" SrcFileId="1" StartOffset="8703"/>
<LocList>
<Loc EndOffset="8812" SrcFileId="1" StartOffset="8703"/>
</LocList>
<RootTerm CovItemId="C11" CovItemPrefix="org.jfree.data.Range.java" Intrnl_Id="1321">
<BasicBoolTerm Intrnl_Id="1322">
<LocList>
<Loc EndOffset="8720" SrcFileId="1" StartOffset="8707"/>
</LocList>
</BasicBoolTerm>
</RootTerm>
</CondStmnt>
<BasicStmnt CovItemId="S38" CovItemPrefix="org.jfree.data.Range.java" Intrnl_Id="1323">
<LocList>
<Loc EndOffset="8856" SrcFileId="1" StartOffset="8822"/>
</LocList>
</BasicStmnt>
<BasicStmnt CovItemId="S39" CovItemPrefix="org.jfree.data.Range.java" Intrnl_Id="1324">
<LocList>
<Loc EndOffset="8902" SrcFileId="1" StartOffset="8866"/>
</LocList>
</BasicStmnt>
<BasicStmnt CovItemId="S40" CovItemPrefix="org.jfree.data.Range.java" Intrnl_Id="1325">
<LocList>
<Loc EndOffset="8948" SrcFileId="1" StartOffset="8912"/>
</LocList>
</BasicStmnt>
<BasicStmnt CovItemId="S41" CovItemPrefix="org.jfree.data.Range.java" Intrnl_Id="1326">
<LocList>
<Loc EndOffset="9055" SrcFileId="1" StartOffset="8958"/>
</LocList>
</BasicStmnt>
</StmntSeq>
</HierarchyLvl>
<HierarchyLvl HierarchyLvlId="404" HierarchyLvlTypeId="8" Intrnl_Id="1327" Name="shift">
<Header>
<Loc EndOffset="9533" SrcFileId="1" StartOffset="9482"/>
</Header>
<LocList>
<Loc EndOffset="9585" SrcFileId="1" StartOffset="9482"/>
</LocList>
<StmntSeq Intrnl_Id="1328">
<LocList>
<Loc EndOffset="9578" SrcFileId="1" StartOffset="9545"/>
</LocList>
<BasicStmnt CovItemId="S42" CovItemPrefix="org.jfree.data.Range.java" Intrnl_Id="1329">
<LocList>
<Loc EndOffset="9578" SrcFileId="1" StartOffset="9545"/>
</LocList>
</BasicStmnt>
</StmntSeq>
</HierarchyLvl>
<HierarchyLvl HierarchyLvlId="405" HierarchyLvlTypeId="8" Intrnl_Id="1330" Name="shift">
<Header>
<Loc EndOffset="10413" SrcFileId="1" StartOffset="10303"/>
</Header>
<LocList>
<Loc EndOffset="10790" SrcFileId="1" StartOffset="10303"/>
</LocList>
<StmntSeq Intrnl_Id="1331">
<LocList>
<Loc EndOffset="10783" SrcFileId="1" StartOffset="10425"/>
</LocList>
<CondStmnt CovItemId="S43" CovItemPrefix="org.jfree.data.Range.java" Intrnl_Id="1332">
<Branch CovItemId="B23" CovItemPrefix="org.jfree.data.Range.java" Implct="false" Intrnl_Id="1333">
<Cond/>
<LocList>
<Loc EndOffset="10573" SrcFileId="1" StartOffset="10448"/>
</LocList>
<StmntSeq Intrnl_Id="1334">
<LocList>
<Loc EndOffset="10562" SrcFileId="1" StartOffset="10463"/>
</LocList>
<BasicStmnt CovItemId="S44" CovItemPrefix="org.jfree.data.Range.java" Intrnl_Id="1335">
<LocList>
<Loc EndOffset="10562" SrcFileId="1" StartOffset="10463"/>
</LocList>
</BasicStmnt>
</StmntSeq>
</Branch>
<Branch CovItemId="B24" CovItemPrefix="org.jfree.data.Range.java" Implct="false" Intrnl_Id="1336">
<Cond>
<Loc EndOffset="10587" SrcFileId="1" StartOffset="10583"/>
</Cond>
<LocList>
<Loc EndOffset="10783" SrcFileId="1" StartOffset="10588"/>
</LocList>
<StmntSeq Intrnl_Id="1337">
<LocList>
<Loc EndOffset="10772" SrcFileId="1" StartOffset="10603"/>
</LocList>
<BasicStmnt CovItemId="S45" CovItemPrefix="org.jfree.data.Range.java" Intrnl_Id="1338">
<LocList>
<Loc EndOffset="10772" SrcFileId="1" StartOffset="10603"/>
</LocList>
</BasicStmnt>
</StmntSeq>
</Branch>
<Keyword EndOffset="10427" SrcFileId="1" StartOffset="10425"/>
<LocList>
<Loc EndOffset="10783" SrcFileId="1" StartOffset="10425"/>
</LocList>
<RootTerm CovItemId="C12" CovItemPrefix="org.jfree.data.Range.java" Intrnl_Id="1339">
<BasicBoolTerm Intrnl_Id="1340">
<LocList>
<Loc EndOffset="10446" SrcFileId="1" StartOffset="10429"/>
</LocList>
</BasicBoolTerm>
</RootTerm>
</CondStmnt>
</StmntSeq>
</HierarchyLvl>
<HierarchyLvl HierarchyLvlId="406" HierarchyLvlTypeId="8" Intrnl_Id="1341" Name="shiftWithNoZeroCrossing">
<Header>
<Loc EndOffset="11169" SrcFileId="1" StartOffset="11096"/>
</Header>
<LocList>
<Loc EndOffset="11428" SrcFileId="1" StartOffset="11096"/>
</LocList>
<StmntSeq Intrnl_Id="1342">
<LocList>
<Loc EndOffset="11421" SrcFileId="1" StartOffset="11181"/>
</LocList>
<CondStmnt CovItemId="S46" CovItemPrefix="org.jfree.data.Range.java" Intrnl_Id="1343">
<Branch CovItemId="B25" CovItemPrefix="org.jfree.data.Range.java" Implct="false" Intrnl_Id="1344">
<Cond/>
<LocList>
<Loc EndOffset="11262" SrcFileId="1" StartOffset="11198"/>
</LocList>
<StmntSeq Intrnl_Id="1345">
<LocList>
<Loc EndOffset="11249" SrcFileId="1" StartOffset="11213"/>
</LocList>
<BasicStmnt CovItemId="S47" CovItemPrefix="org.jfree.data.Range.java" Intrnl_Id="1346">
<LocList>
<Loc EndOffset="11249" SrcFileId="1" StartOffset="11213"/>
</LocList>
</BasicStmnt>
</StmntSeq>
</Branch>
<Branch CovItemId="B26" CovItemPrefix="org.jfree.data.Range.java" Implct="false" Intrnl_Id="1347">
<Cond>
<Loc EndOffset="11276" SrcFileId="1" StartOffset="11272"/>
</Cond>
<LocList>
<Loc EndOffset="11421" SrcFileId="1" StartOffset="11277"/>
</LocList>
<StmntSeq Intrnl_Id="1348">
<LocList>
<Loc EndOffset="11421" SrcFileId="1" StartOffset="11277"/>
</LocList>
<CondStmnt CovItemId="S48" CovItemPrefix="org.jfree.data.Range.java" Intrnl_Id="1349">
<Branch CovItemId="B27" CovItemPrefix="org.jfree.data.Range.java" Implct="false" Intrnl_Id="1350">
<Cond/>
<LocList>
<Loc EndOffset="11356" SrcFileId="1" StartOffset="11294"/>
</LocList>
<StmntSeq Intrnl_Id="1351">
<LocList>
<Loc EndOffset="11345" SrcFileId="1" StartOffset="11309"/>
</LocList>
<BasicStmnt CovItemId="S49" CovItemPrefix="org.jfree.data.Range.java" Intrnl_Id="1352">
<LocList>
<Loc EndOffset="11345" SrcFileId="1" StartOffset="11309"/>
</LocList>
</BasicStmnt>
</StmntSeq>
</Branch>
<Branch CovItemId="B28" CovItemPrefix="org.jfree.data.Range.java" Implct="false" Intrnl_Id="1353">
<Cond>
<Loc EndOffset="11370" SrcFileId="1" StartOffset="11366"/>
</Cond>
<LocList>
<Loc EndOffset="11421" SrcFileId="1" StartOffset="11371"/>
</LocList>
<StmntSeq Intrnl_Id="1354">
<LocList>
<Loc EndOffset="11407" SrcFileId="1" StartOffset="11386"/>
</LocList>
<BasicStmnt CovItemId="S50" CovItemPrefix="org.jfree.data.Range.java" Intrnl_Id="1355">
<LocList>
<Loc EndOffset="11407" SrcFileId="1" StartOffset="11386"/>
</LocList>
</BasicStmnt>
</StmntSeq>
</Branch>
<Keyword EndOffset="11279" SrcFileId="1" StartOffset="11277"/>
<LocList>
<Loc EndOffset="11421" SrcFileId="1" StartOffset="11277"/>
</LocList>
<RootTerm CovItemId="C14" CovItemPrefix="org.jfree.data.Range.java" Intrnl_Id="1356">
<BasicBoolTerm Intrnl_Id="1357">
<LocList>
<Loc EndOffset="11292" SrcFileId="1" StartOffset="11281"/>
</LocList>
</BasicBoolTerm>
</RootTerm>
</CondStmnt>
</StmntSeq>
</Branch>
<Keyword EndOffset="11183" SrcFileId="1" StartOffset="11181"/>
<LocList>
<Loc EndOffset="11421" SrcFileId="1" StartOffset="11181"/>
</LocList>
<RootTerm CovItemId="C13" CovItemPrefix="org.jfree.data.Range.java" Intrnl_Id="1358">
<BasicBoolTerm Intrnl_Id="1359">
<LocList>
<Loc EndOffset="11196" SrcFileId="1" StartOffset="11185"/>
</LocList>
</BasicBoolTerm>
</RootTerm>
</CondStmnt>
</StmntSeq>
</HierarchyLvl>
<HierarchyLvl HierarchyLvlId="407" HierarchyLvlTypeId="8" Intrnl_Id="1360" Name="equals">
<Header>
<Loc EndOffset="11728" SrcFileId="1" StartOffset="11695"/>
</Header>
<LocList>
<Loc EndOffset="12038" SrcFileId="1" StartOffset="11695"/>
</LocList>
<StmntSeq Intrnl_Id="1361">
<LocList>
<Loc EndOffset="11808" SrcFileId="1" StartOffset="11740"/>
<Loc EndOffset="11844" SrcFileId="1" StartOffset="11818"/>
<Loc EndOffset="11927" SrcFileId="1" StartOffset="11854"/>
<Loc EndOffset="12009" SrcFileId="1" StartOffset="11937"/>
<Loc EndOffset="12031" SrcFileId="1" StartOffset="12019"/>
</LocList>
<CondStmnt CovItemId="S51" CovItemPrefix="org.jfree.data.Range.java" Intrnl_Id="1362">
<Branch CovItemId="B29" CovItemPrefix="org.jfree.data.Range.java" Implct="false" Intrnl_Id="1363">
<Cond/>
<LocList>
<Loc EndOffset="11808" SrcFileId="1" StartOffset="11769"/>
</LocList>
<StmntSeq Intrnl_Id="1364">
<LocList>
<Loc EndOffset="11797" SrcFileId="1" StartOffset="11784"/>
</LocList>
<BasicStmnt CovItemId="S52" CovItemPrefix="org.jfree.data.Range.java" Intrnl_Id="1365">
<LocList>
<Loc EndOffset="11797" SrcFileId="1" StartOffset="11784"/>
</LocList>
</BasicStmnt>
</StmntSeq>
</Branch>
<Branch CovItemId="B30" CovItemPrefix="org.jfree.data.Range.java" Implct="true" Intrnl_Id="1366">
<Cond/>
<LocList/>
<StmntSeq Intrnl_Id="1367">
<LocList/>
</StmntSeq>
</Branch>
<Keyword EndOffset="11742" SrcFileId="1" StartOffset="11740"/>
<LocList>
<Loc EndOffset="11808" SrcFileId="1" StartOffset="11740"/>
</LocList>
<RootTerm CovItemId="C15" CovItemPrefix="org.jfree.data.Range.java" Intrnl_Id="1368">
<OpTerm BooleanOpId="5" Intrnl_Id="1369">
<BasicBoolTerm Intrnl_Id="1370">
<LocList>
<Loc EndOffset="11766" SrcFileId="1" StartOffset="11746"/>
</LocList>
</BasicBoolTerm>
<LocList>
<Loc EndOffset="11745" SrcFileId="1" StartOffset="11744"/>
</LocList>
</OpTerm>
</RootTerm>
</CondStmnt>
<BasicStmnt CovItemId="S53" CovItemPrefix="org.jfree.data.Range.java" Intrnl_Id="1371">
<LocList>
<Loc EndOffset="11844" SrcFileId="1" StartOffset="11818"/>
</LocList>
</BasicStmnt>
<CondStmnt CovItemId="S54" CovItemPrefix="org.jfree.data.Range.java" Intrnl_Id="1372">
<Branch CovItemId="B31" CovItemPrefix="org.jfree.data.Range.java" Implct="false" Intrnl_Id="1373">
<Cond/>
<LocList>
<Loc EndOffset="11927" SrcFileId="1" StartOffset="11888"/>
</LocList>
<StmntSeq Intrnl_Id="1374">
<LocList>
<Loc EndOffset="11916" SrcFileId="1" StartOffset="11903"/>
</LocList>
<BasicStmnt CovItemId="S55" CovItemPrefix="org.jfree.data.Range.java" Intrnl_Id="1375">
<LocList>
<Loc EndOffset="11916" SrcFileId="1" StartOffset="11903"/>
</LocList>
</BasicStmnt>
</StmntSeq>
</Branch>
<Branch CovItemId="B32" CovItemPrefix="org.jfree.data.Range.java" Implct="true" Intrnl_Id="1376">
<Cond/>
<LocList/>
<StmntSeq Intrnl_Id="1377">
<LocList/>
</StmntSeq>
</Branch>
<Keyword EndOffset="11856" SrcFileId="1" StartOffset="11854"/>
<LocList>
<Loc EndOffset="11927" SrcFileId="1" StartOffset="11854"/>
</LocList>
<RootTerm CovItemId="C16" CovItemPrefix="org.jfree.data.Range.java" Intrnl_Id="1378">
<OpTerm BooleanOpId="5" Intrnl_Id="1379">
<BasicBoolTerm Intrnl_Id="1380">
<LocList>
<Loc EndOffset="11885" SrcFileId="1" StartOffset="11860"/>
</LocList>
</BasicBoolTerm>
<LocList>
<Loc EndOffset="11859" SrcFileId="1" StartOffset="11858"/>
</LocList>
</OpTerm>
</RootTerm>
</CondStmnt>
<CondStmnt CovItemId="S56" CovItemPrefix="org.jfree.data.Range.java" Intrnl_Id="1381">
<Branch CovItemId="B33" CovItemPrefix="org.jfree.data.Range.java" Implct="false" Intrnl_Id="1382">
<Cond/>
<LocList>
<Loc EndOffset="12009" SrcFileId="1" StartOffset="11971"/>
</LocList>
<StmntSeq Intrnl_Id="1383">
<LocList>
<Loc EndOffset="11998" SrcFileId="1" StartOffset="11986"/>
</LocList>
<BasicStmnt CovItemId="S57" CovItemPrefix="org.jfree.data.Range.java" Intrnl_Id="1384">
<LocList>
<Loc EndOffset="11998" SrcFileId="1" StartOffset="11986"/>
</LocList>
</BasicStmnt>
</StmntSeq>
</Branch>
<Branch CovItemId="B34" CovItemPrefix="org.jfree.data.Range.java" Implct="true" Intrnl_Id="1385">
<Cond/>
<LocList/>
<StmntSeq Intrnl_Id="1386">
<LocList/>
</StmntSeq>
</Branch>
<Keyword EndOffset="11939" SrcFileId="1" StartOffset="11937"/>
<LocList>
<Loc EndOffset="12009" SrcFileId="1" StartOffset="11937"/>
</LocList>
<RootTerm CovItemId="C17" CovItemPrefix="org.jfree.data.Range.java" Intrnl_Id="1387">
<OpTerm BooleanOpId="5" Intrnl_Id="1388">
<BasicBoolTerm Intrnl_Id="1389">
<LocList>
<Loc EndOffset="11968" SrcFileId="1" StartOffset="11943"/>
</LocList>
</BasicBoolTerm>
<LocList>
<Loc EndOffset="11942" SrcFileId="1" StartOffset="11941"/>
</LocList>
</OpTerm>
</RootTerm>
</CondStmnt>
<BasicStmnt CovItemId="S58" CovItemPrefix="org.jfree.data.Range.java" Intrnl_Id="1390">
<LocList>
<Loc EndOffset="12031" SrcFileId="1" StartOffset="12019"/>
</LocList>
</BasicStmnt>
</StmntSeq>
</HierarchyLvl>
<HierarchyLvl HierarchyLvlId="408" HierarchyLvlTypeId="8" Intrnl_Id="1391" Name="hashCode">
<Header>
<Loc EndOffset="12263" SrcFileId="1" StartOffset="12242"/>
</Header>
<LocList>
<Loc EndOffset="12553" SrcFileId="1" StartOffset="12242"/>
</LocList>
<StmntSeq Intrnl_Id="1392">
<LocList>
<Loc EndOffset="12359" SrcFileId="1" StartOffset="12316"/>
<Loc EndOffset="12407" SrcFileId="1" StartOffset="12369"/>
<Loc EndOffset="12460" SrcFileId="1" StartOffset="12417"/>
<Loc EndOffset="12522" SrcFileId="1" StartOffset="12470"/>
<Loc EndOffset="12546" SrcFileId="1" StartOffset="12532"/>
</LocList>
<BasicStmnt CovItemId="S59" CovItemPrefix="org.jfree.data.Range.java" Intrnl_Id="1393">
<LocList>
<Loc EndOffset="12359" SrcFileId="1" StartOffset="12316"/>
</LocList>
</BasicStmnt>
<BasicStmnt CovItemId="S60" CovItemPrefix="org.jfree.data.Range.java" Intrnl_Id="1394">
<LocList>
<Loc EndOffset="12407" SrcFileId="1" StartOffset="12369"/>
</LocList>
</BasicStmnt>
<BasicStmnt CovItemId="S61" CovItemPrefix="org.jfree.data.Range.java" Intrnl_Id="1395">
<LocList>
<Loc EndOffset="12460" SrcFileId="1" StartOffset="12417"/>
</LocList>
</BasicStmnt>
<BasicStmnt CovItemId="S62" CovItemPrefix="org.jfree.data.Range.java" Intrnl_Id="1396">
<LocList>
<Loc EndOffset="12522" SrcFileId="1" StartOffset="12470"/>
</LocList>
</BasicStmnt>
<BasicStmnt CovItemId="S63" CovItemPrefix="org.jfree.data.Range.java" Intrnl_Id="1397">
<LocList>
<Loc EndOffset="12546" SrcFileId="1" StartOffset="12532"/>
</LocList>
</BasicStmnt>
</StmntSeq>
</HierarchyLvl>
<HierarchyLvl HierarchyLvlId="409" HierarchyLvlTypeId="8" Intrnl_Id="1398" Name="toString">
<Header>
<Loc EndOffset="12776" SrcFileId="1" StartOffset="12752"/>
</Header>
<LocList>
<Loc EndOffset="12851" SrcFileId="1" StartOffset="12752"/>
</LocList>
<StmntSeq Intrnl_Id="1399">
<LocList>
<Loc EndOffset="12844" SrcFileId="1" StartOffset="12788"/>
</LocList>
<BasicStmnt CovItemId="S64" CovItemPrefix="org.jfree.data.Range.java" Intrnl_Id="1400">
<LocList>
<Loc EndOffset="12844" SrcFileId="1" StartOffset="12788"/>
</LocList>
</BasicStmnt>
</StmntSeq>
</HierarchyLvl>
</HierarchyLvl>
<HierarchyLvl HierarchyLvlId="524" HierarchyLvlTypeId="7" Intrnl_Id="1401" Name="DataUtilities">
<Header>
<Loc EndOffset="2073" SrcFileId="4" StartOffset="2038"/>
</Header>
<LocList>
<Loc EndOffset="6916" SrcFileId="4" StartOffset="2038"/>
</LocList>
<HierarchyLvl HierarchyLvlId="519" HierarchyLvlTypeId="8" Intrnl_Id="1402" Name="calculateColumnTotal">
<Header>
<Loc EndOffset="2522" SrcFileId="4" StartOffset="2454"/>
</Header>
<LocList>
<Loc EndOffset="2825" SrcFileId="4" StartOffset="2454"/>
</LocList>
<StmntSeq Intrnl_Id="1403">
<LocList>
<Loc EndOffset="2553" SrcFileId="4" StartOffset="2534"/>
<Loc EndOffset="2597" SrcFileId="4" StartOffset="2563"/>
<Loc EndOffset="2795" SrcFileId="4" StartOffset="2607"/>
<Loc EndOffset="2818" SrcFileId="4" StartOffset="2805"/>
</LocList>
<BasicStmnt CovItemId="S1" CovItemPrefix="org.jfree.data.DataUtilities.java" Intrnl_Id="1404">
<LocList>
<Loc EndOffset="2553" SrcFileId="4" StartOffset="2534"/>
</LocList>
</BasicStmnt>
<BasicStmnt CovItemId="S2" CovItemPrefix="org.jfree.data.DataUtilities.java" Intrnl_Id="1405">
<LocList>
<Loc EndOffset="2597" SrcFileId="4" StartOffset="2563"/>
</LocList>
</BasicStmnt>
<LoopStmnt CovItemId="S3" CovItemPrefix="org.jfree.data.DataUtilities.java" Intrnl_Id="1406" MltplExecId="L1-2" MltplExecPrefix="org.jfree.data.DataUtilities.java" NvrExecId="L1-0" NvrExecPrefix="org.jfree.data.DataUtilities.java" OnceExecutedId="L1-1" OnceExecutedPrefix="org.jfree.data.DataUtilities.java" OptBodyExec="true">
<StmntSeq Intrnl_Id="1407">
<LocList>
<Loc EndOffset="2693" SrcFileId="4" StartOffset="2657"/>
<Loc EndOffset="2784" SrcFileId="4" StartOffset="2707"/>
</LocList>
<BasicStmnt CovItemId="S4" CovItemPrefix="org.jfree.data.DataUtilities.java" Intrnl_Id="1408">
<LocList>
<Loc EndOffset="2693" SrcFileId="4" StartOffset="2657"/>
</LocList>
</BasicStmnt>
<CondStmnt CovItemId="S5" CovItemPrefix="org.jfree.data.DataUtilities.java" Intrnl_Id="1409">
<Branch CovItemId="B1" CovItemPrefix="org.jfree.data.DataUtilities.java" Implct="false" Intrnl_Id="1410">
<Cond/>
<LocList>
<Loc EndOffset="2784" SrcFileId="4" StartOffset="2722"/>
</LocList>
<StmntSeq Intrnl_Id="1411">
<LocList>
<Loc EndOffset="2766" SrcFileId="4" StartOffset="2741"/>
</LocList>
<BasicStmnt CovItemId="S6" CovItemPrefix="org.jfree.data.DataUtilities.java" Intrnl_Id="1412">
<LocList>
<Loc EndOffset="2766" SrcFileId="4" StartOffset="2741"/>
</LocList>
</BasicStmnt>
</StmntSeq>
</Branch>
<Branch CovItemId="B2" CovItemPrefix="org.jfree.data.DataUtilities.java" Implct="true" Intrnl_Id="1413">
<Cond/>
<LocList/>
<StmntSeq Intrnl_Id="1414">
<LocList/>
</StmntSeq>
</Branch>
<Keyword EndOffset="2709" SrcFileId="4" StartOffset="2707"/>
<LocList>
<Loc EndOffset="2784" SrcFileId="4" StartOffset="2707"/>
</LocList>
<RootTerm CovItemId="C2" CovItemPrefix="org.jfree.data.DataUtilities.java" Intrnl_Id="1415">
<BasicBoolTerm Intrnl_Id="1416">
<LocList>
<Loc EndOffset="2720" SrcFileId="4" StartOffset="2711"/>
</LocList>
</BasicBoolTerm>
</RootTerm>
</CondStmnt>
</StmntSeq>
<Keyword EndOffset="2610" SrcFileId="4" StartOffset="2607"/>
<LocList>
<Loc EndOffset="2795" SrcFileId="4" StartOffset="2607"/>
</LocList>
<RootTerm CovItemId="C1" CovItemPrefix="org.jfree.data.DataUtilities.java" Intrnl_Id="1417">
<BasicBoolTerm Intrnl_Id="1418">
<LocList>
<Loc EndOffset="2635" SrcFileId="4" StartOffset="2623"/>
</LocList>
</BasicBoolTerm>
</RootTerm>
</LoopStmnt>
<BasicStmnt CovItemId="S7" CovItemPrefix="org.jfree.data.DataUtilities.java" Intrnl_Id="1419">
<LocList>
<Loc EndOffset="2818" SrcFileId="4" StartOffset="2805"/>
</LocList>
</BasicStmnt>
</StmntSeq>
</HierarchyLvl>
<HierarchyLvl HierarchyLvlId="520" HierarchyLvlTypeId="8" Intrnl_Id="1420" Name="calculateRowTotal">
<Header>
<Loc EndOffset="3260" SrcFileId="4" StartOffset="3198"/>
</Header>
<LocList>
<Loc EndOffset="3569" SrcFileId="4" StartOffset="3198"/>
</LocList>
<StmntSeq Intrnl_Id="1421">
<LocList>
<Loc EndOffset="3291" SrcFileId="4" StartOffset="3272"/>
<Loc EndOffset="3341" SrcFileId="4" StartOffset="3301"/>
<Loc EndOffset="3539" SrcFileId="4" StartOffset="3351"/>
<Loc EndOffset="3562" SrcFileId="4" StartOffset="3549"/>
</LocList>
<BasicStmnt CovItemId="S8" CovItemPrefix="org.jfree.data.DataUtilities.java" Intrnl_Id="1422">
<LocList>
<Loc EndOffset="3291" SrcFileId="4" StartOffset="3272"/>
</LocList>
</BasicStmnt>
<BasicStmnt CovItemId="S9" CovItemPrefix="org.jfree.data.DataUtilities.java" Intrnl_Id="1423">
<LocList>
<Loc EndOffset="3341" SrcFileId="4" StartOffset="3301"/>
</LocList>
</BasicStmnt>
<LoopStmnt CovItemId="S10" CovItemPrefix="org.jfree.data.DataUtilities.java" Intrnl_Id="1424" MltplExecId="L2-2" MltplExecPrefix="org.jfree.data.DataUtilities.java" NvrExecId="L2-0" NvrExecPrefix="org.jfree.data.DataUtilities.java" OnceExecutedId="L2-1" OnceExecutedPrefix="org.jfree.data.DataUtilities.java" OptBodyExec="true">
<StmntSeq Intrnl_Id="1425">
<LocList>
<Loc EndOffset="3437" SrcFileId="4" StartOffset="3404"/>
<Loc EndOffset="3528" SrcFileId="4" StartOffset="3451"/>
</LocList>
<BasicStmnt CovItemId="S11" CovItemPrefix="org.jfree.data.DataUtilities.java" Intrnl_Id="1426">
<LocList>
<Loc EndOffset="3437" SrcFileId="4" StartOffset="3404"/>
</LocList>
</BasicStmnt>
<CondStmnt CovItemId="S12" CovItemPrefix="org.jfree.data.DataUtilities.java" Intrnl_Id="1427">
<Branch CovItemId="B3" CovItemPrefix="org.jfree.data.DataUtilities.java" Implct="false" Intrnl_Id="1428">
<Cond/>
<LocList>
<Loc EndOffset="3528" SrcFileId="4" StartOffset="3466"/>
</LocList>
<StmntSeq Intrnl_Id="1429">
<LocList>
<Loc EndOffset="3510" SrcFileId="4" StartOffset="3485"/>
</LocList>
<BasicStmnt CovItemId="S13" CovItemPrefix="org.jfree.data.DataUtilities.java" Intrnl_Id="1430">
<LocList>
<Loc EndOffset="3510" SrcFileId="4" StartOffset="3485"/>
</LocList>
</BasicStmnt>
</StmntSeq>
</Branch>
<Branch CovItemId="B4" CovItemPrefix="org.jfree.data.DataUtilities.java" Implct="true" Intrnl_Id="1431">
<Cond/>
<LocList/>
<StmntSeq Intrnl_Id="1432">
<LocList/>
</StmntSeq>
</Branch>
<Keyword EndOffset="3453" SrcFileId="4" StartOffset="3451"/>
<LocList>
<Loc EndOffset="3528" SrcFileId="4" StartOffset="3451"/>
</LocList>
<RootTerm CovItemId="C4" CovItemPrefix="org.jfree.data.DataUtilities.java" Intrnl_Id="1433">
<BasicBoolTerm Intrnl_Id="1434">
<LocList>
<Loc EndOffset="3464" SrcFileId="4" StartOffset="3455"/>
</LocList>
</BasicBoolTerm>
</RootTerm>
</CondStmnt>
</StmntSeq>
<Keyword EndOffset="3354" SrcFileId="4" StartOffset="3351"/>
<LocList>
<Loc EndOffset="3539" SrcFileId="4" StartOffset="3351"/>
</LocList>
<RootTerm CovItemId="C3" CovItemPrefix="org.jfree.data.DataUtilities.java" Intrnl_Id="1435">
<BasicBoolTerm Intrnl_Id="1436">
<LocList>
<Loc EndOffset="3382" SrcFileId="4" StartOffset="3367"/>
</LocList>
</BasicBoolTerm>
</RootTerm>
</LoopStmnt>
<BasicStmnt CovItemId="S14" CovItemPrefix="org.jfree.data.DataUtilities.java" Intrnl_Id="1437">
<LocList>
<Loc EndOffset="3562" SrcFileId="4" StartOffset="3549"/>
</LocList>
</BasicStmnt>
</StmntSeq>
</HierarchyLvl>
<HierarchyLvl HierarchyLvlId="521" HierarchyLvlTypeId="8" Intrnl_Id="1438" Name="createNumberArray">
<Header>
<Loc EndOffset="3943" SrcFileId="4" StartOffset="3888"/>
</Header>
<LocList>
<Loc EndOffset="4251" SrcFileId="4" StartOffset="3888"/>
</LocList>
<StmntSeq Intrnl_Id="1439">
<LocList>
<Loc EndOffset="4062" SrcFileId="4" StartOffset="3955"/>
<Loc EndOffset="4114" SrcFileId="4" StartOffset="4072"/>
<Loc EndOffset="4220" SrcFileId="4" StartOffset="4124"/>
<Loc EndOffset="4244" SrcFileId="4" StartOffset="4230"/>
</LocList>
<CondStmnt CovItemId="S15" CovItemPrefix="org.jfree.data.DataUtilities.java" Intrnl_Id="1440">
<Branch CovItemId="B5" CovItemPrefix="org.jfree.data.DataUtilities.java" Implct="false" Intrnl_Id="1441">
<Cond/>
<LocList>
<Loc EndOffset="4062" SrcFileId="4" StartOffset="3973"/>
</LocList>
<StmntSeq Intrnl_Id="1442">
<LocList>
<Loc EndOffset="4048" SrcFileId="4" StartOffset="3988"/>
</LocList>
<BasicStmnt CovItemId="S16" CovItemPrefix="org.jfree.data.DataUtilities.java" Intrnl_Id="1443">
<LocList>
<Loc EndOffset="4048" SrcFileId="4" StartOffset="3988"/>
</LocList>
</BasicStmnt>
</StmntSeq>
</Branch>
<Branch CovItemId="B6" CovItemPrefix="org.jfree.data.DataUtilities.java" Implct="true" Intrnl_Id="1444">
<Cond/>
<LocList/>
<StmntSeq Intrnl_Id="1445">
<LocList/>
</StmntSeq>
</Branch>
<Keyword EndOffset="3957" SrcFileId="4" StartOffset="3955"/>
<LocList>
<Loc EndOffset="4062" SrcFileId="4" StartOffset="3955"/>
</LocList>
<RootTerm CovItemId="C5" CovItemPrefix="org.jfree.data.DataUtilities.java" Intrnl_Id="1446">
<BasicBoolTerm Intrnl_Id="1447">
<LocList>
<Loc EndOffset="3971" SrcFileId="4" StartOffset="3959"/>
</LocList>
</BasicBoolTerm>
</RootTerm>
</CondStmnt>
<BasicStmnt CovItemId="S17" CovItemPrefix="org.jfree.data.DataUtilities.java" Intrnl_Id="1448">
<LocList>
<Loc EndOffset="4114" SrcFileId="4" StartOffset="4072"/>
</LocList>
</BasicStmnt>
<LoopStmnt CovItemId="S18" CovItemPrefix="org.jfree.data.DataUtilities.java" Intrnl_Id="1449" MltplExecId="L3-2" MltplExecPrefix="org.jfree.data.DataUtilities.java" NvrExecId="L3-0" NvrExecPrefix="org.jfree.data.DataUtilities.java" OnceExecutedId="L3-1" OnceExecutedPrefix="org.jfree.data.DataUtilities.java" OptBodyExec="true">
<StmntSeq Intrnl_Id="1450">
<LocList>
<Loc EndOffset="4209" SrcFileId="4" StartOffset="4177"/>
</LocList>
<BasicStmnt CovItemId="S19" CovItemPrefix="org.jfree.data.DataUtilities.java" Intrnl_Id="1451">
<LocList>
<Loc EndOffset="4209" SrcFileId="4" StartOffset="4177"/>
</LocList>
</BasicStmnt>
</StmntSeq>
<Keyword EndOffset="4127" SrcFileId="4" StartOffset="4124"/>
<LocList>
<Loc EndOffset="4220" SrcFileId="4" StartOffset="4124"/>
</LocList>
<RootTerm CovItemId="C6" CovItemPrefix="org.jfree.data.DataUtilities.java" Intrnl_Id="1452">
<BasicBoolTerm Intrnl_Id="1453">
<LocList>
<Loc EndOffset="4155" SrcFileId="4" StartOffset="4140"/>
</LocList>
</BasicBoolTerm>
</RootTerm>
</LoopStmnt>
<BasicStmnt CovItemId="S20" CovItemPrefix="org.jfree.data.DataUtilities.java" Intrnl_Id="1454">
<LocList>
<Loc EndOffset="4244" SrcFileId="4" StartOffset="4230"/>
</LocList>
</BasicStmnt>
</StmntSeq>
</HierarchyLvl>
<HierarchyLvl HierarchyLvlId="522" HierarchyLvlTypeId="8" Intrnl_Id="1455" Name="createNumberArray2D">
<Header>
<Loc EndOffset="4662" SrcFileId="4" StartOffset="4601"/>
</Header>
<LocList>
<Loc EndOffset="4994" SrcFileId="4" StartOffset="4601"/>
</LocList>
<StmntSeq Intrnl_Id="1456">
<LocList>
<Loc EndOffset="4781" SrcFileId="4" StartOffset="4674"/>
<Loc EndOffset="4812" SrcFileId="4" StartOffset="4791"/>
<Loc EndOffset="4859" SrcFileId="4" StartOffset="4822"/>
<Loc EndOffset="4963" SrcFileId="4" StartOffset="4869"/>
<Loc EndOffset="4987" SrcFileId="4" StartOffset="4973"/>
</LocList>
<CondStmnt CovItemId="S21" CovItemPrefix="org.jfree.data.DataUtilities.java" Intrnl_Id="1457">
<Branch CovItemId="B7" CovItemPrefix="org.jfree.data.DataUtilities.java" Implct="false" Intrnl_Id="1458">
<Cond/>
<LocList>
<Loc EndOffset="4781" SrcFileId="4" StartOffset="4692"/>
</LocList>
<StmntSeq Intrnl_Id="1459">
<LocList>
<Loc EndOffset="4767" SrcFileId="4" StartOffset="4707"/>
</LocList>
<BasicStmnt CovItemId="S22" CovItemPrefix="org.jfree.data.DataUtilities.java" Intrnl_Id="1460">
<LocList>
<Loc EndOffset="4767" SrcFileId="4" StartOffset="4707"/>
</LocList>
</BasicStmnt>
</StmntSeq>
</Branch>
<Branch CovItemId="B8" CovItemPrefix="org.jfree.data.DataUtilities.java" Implct="true" Intrnl_Id="1461">
<Cond/>
<LocList/>
<StmntSeq Intrnl_Id="1462">
<LocList/>
</StmntSeq>
</Branch>
<Keyword EndOffset="4676" SrcFileId="4" StartOffset="4674"/>
<LocList>
<Loc EndOffset="4781" SrcFileId="4" StartOffset="4674"/>
</LocList>
<RootTerm CovItemId="C7" CovItemPrefix="org.jfree.data.DataUtilities.java" Intrnl_Id="1463">
<BasicBoolTerm Intrnl_Id="1464">
<LocList>
<Loc EndOffset="4690" SrcFileId="4" StartOffset="4678"/>
</LocList>
</BasicBoolTerm>
</RootTerm>
</CondStmnt>
<BasicStmnt CovItemId="S23" CovItemPrefix="org.jfree.data.DataUtilities.java" Intrnl_Id="1465">
<LocList>
<Loc EndOffset="4812" SrcFileId="4" StartOffset="4791"/>
</LocList>
</BasicStmnt>
<BasicStmnt CovItemId="S24" CovItemPrefix="org.jfree.data.DataUtilities.java" Intrnl_Id="1466">
<LocList>
<Loc EndOffset="4859" SrcFileId="4" StartOffset="4822"/>
</LocList>
</BasicStmnt>
<LoopStmnt CovItemId="S25" CovItemPrefix="org.jfree.data.DataUtilities.java" Intrnl_Id="1467" MltplExecId="L4-2" MltplExecPrefix="org.jfree.data.DataUtilities.java" NvrExecId="L4-0" NvrExecPrefix="org.jfree.data.DataUtilities.java" OnceExecutedId="L4-1" OnceExecutedPrefix="org.jfree.data.DataUtilities.java" OptBodyExec="true">
<StmntSeq Intrnl_Id="1468">
<LocList>
<Loc EndOffset="4952" SrcFileId="4" StartOffset="4913"/>
</LocList>
<BasicStmnt CovItemId="S26" CovItemPrefix="org.jfree.data.DataUtilities.java" Intrnl_Id="1469">
<LocList>
<Loc EndOffset="4952" SrcFileId="4" StartOffset="4913"/>
</LocList>
</BasicStmnt>
</StmntSeq>
<Keyword EndOffset="4872" SrcFileId="4" StartOffset="4869"/>
<LocList>
<Loc EndOffset="4963" SrcFileId="4" StartOffset="4869"/>
</LocList>
<RootTerm CovItemId="C8" CovItemPrefix="org.jfree.data.DataUtilities.java" Intrnl_Id="1470">
<BasicBoolTerm Intrnl_Id="1471">
<LocList>
<Loc EndOffset="4891" SrcFileId="4" StartOffset="4885"/>
</LocList>
</BasicBoolTerm>
</RootTerm>
</LoopStmnt>
<BasicStmnt CovItemId="S27" CovItemPrefix="org.jfree.data.DataUtilities.java" Intrnl_Id="1472">
<LocList>
<Loc EndOffset="4987" SrcFileId="4" StartOffset="4973"/>
</LocList>
</BasicStmnt>
</StmntSeq>
</HierarchyLvl>
<HierarchyLvl HierarchyLvlId="523" HierarchyLvlTypeId="8" Intrnl_Id="1473" Name="getCumulativePercentages">
<Header>
<Loc EndOffset="6122" SrcFileId="4" StartOffset="6054"/>
</Header>
<LocList>
<Loc EndOffset="6911" SrcFileId="4" StartOffset="6054"/>
</LocList>
<StmntSeq Intrnl_Id="1474">
<LocList>
<Loc EndOffset="6241" SrcFileId="4" StartOffset="6134"/>
<Loc EndOffset="6304" SrcFileId="4" StartOffset="6251"/>
<Loc EndOffset="6333" SrcFileId="4" StartOffset="6314"/>
<Loc EndOffset="6538" SrcFileId="4" StartOffset="6343"/>
<Loc EndOffset="6574" SrcFileId="4" StartOffset="6548"/>
<Loc EndOffset="6880" SrcFileId="4" StartOffset="6584"/>
<Loc EndOffset="6904" SrcFileId="4" StartOffset="6890"/>
</LocList>
<CondStmnt CovItemId="S28" CovItemPrefix="org.jfree.data.DataUtilities.java" Intrnl_Id="1475">
<Branch CovItemId="B9" CovItemPrefix="org.jfree.data.DataUtilities.java" Implct="false" Intrnl_Id="1476">
<Cond/>
<LocList>
<Loc EndOffset="6241" SrcFileId="4" StartOffset="6152"/>
</LocList>
<StmntSeq Intrnl_Id="1477">
<LocList>
<Loc EndOffset="6227" SrcFileId="4" StartOffset="6167"/>
</LocList>
<BasicStmnt CovItemId="S29" CovItemPrefix="org.jfree.data.DataUtilities.java" Intrnl_Id="1478">
<LocList>
<Loc EndOffset="6227" SrcFileId="4" StartOffset="6167"/>
</LocList>
</BasicStmnt>
</StmntSeq>
</Branch>
<Branch CovItemId="B10" CovItemPrefix="org.jfree.data.DataUtilities.java" Implct="true" Intrnl_Id="1479">
<Cond/>
<LocList/>
<StmntSeq Intrnl_Id="1480">
<LocList/>
</StmntSeq>
</Branch>
<Keyword EndOffset="6136" SrcFileId="4" StartOffset="6134"/>
<LocList>
<Loc EndOffset="6241" SrcFileId="4" StartOffset="6134"/>
</LocList>
<RootTerm CovItemId="C9" CovItemPrefix="org.jfree.data.DataUtilities.java" Intrnl_Id="1481">
<BasicBoolTerm Intrnl_Id="1482">
<LocList>
<Loc EndOffset="6150" SrcFileId="4" StartOffset="6138"/>
</LocList>
</BasicBoolTerm>
</RootTerm>
</CondStmnt>
<BasicStmnt CovItemId="S30" CovItemPrefix="org.jfree.data.DataUtilities.java" Intrnl_Id="1483">
<LocList>
<Loc EndOffset="6304" SrcFileId="4" StartOffset="6251"/>
</LocList>
</BasicStmnt>
<BasicStmnt CovItemId="S31" CovItemPrefix="org.jfree.data.DataUtilities.java" Intrnl_Id="1484">
<LocList>
<Loc EndOffset="6333" SrcFileId="4" StartOffset="6314"/>
</LocList>
</BasicStmnt>
<LoopStmnt CovItemId="S32" CovItemPrefix="org.jfree.data.DataUtilities.java" Intrnl_Id="1485" MltplExecId="L5-2" MltplExecPrefix="org.jfree.data.DataUtilities.java" NvrExecId="L5-0" NvrExecPrefix="org.jfree.data.DataUtilities.java" OnceExecutedId="L5-1" OnceExecutedPrefix="org.jfree.data.DataUtilities.java" OptBodyExec="true">
<StmntSeq Intrnl_Id="1486">
<LocList>
<Loc EndOffset="6432" SrcFileId="4" StartOffset="6404"/>
<Loc EndOffset="6527" SrcFileId="4" StartOffset="6446"/>
</LocList>
<BasicStmnt CovItemId="S33" CovItemPrefix="org.jfree.data.DataUtilities.java" Intrnl_Id="1487">
<LocList>
<Loc EndOffset="6432" SrcFileId="4" StartOffset="6404"/>
</LocList>
</BasicStmnt>
<CondStmnt CovItemId="S34" CovItemPrefix="org.jfree.data.DataUtilities.java" Intrnl_Id="1488">
<Branch CovItemId="B11" CovItemPrefix="org.jfree.data.DataUtilities.java" Implct="false" Intrnl_Id="1489">
<Cond/>
<LocList>
<Loc EndOffset="6527" SrcFileId="4" StartOffset="6461"/>
</LocList>
<StmntSeq Intrnl_Id="1490">
<LocList>
<Loc EndOffset="6512" SrcFileId="4" StartOffset="6480"/>
</LocList>
<BasicStmnt CovItemId="S35" CovItemPrefix="org.jfree.data.DataUtilities.java" Intrnl_Id="1491">
<LocList>
<Loc EndOffset="6512" SrcFileId="4" StartOffset="6480"/>
</LocList>
</BasicStmnt>
</StmntSeq>
</Branch>
<Branch CovItemId="B12" CovItemPrefix="org.jfree.data.DataUtilities.java" Implct="true" Intrnl_Id="1492">
<Cond/>
<LocList/>
<StmntSeq Intrnl_Id="1493">
<LocList/>
</StmntSeq>
</Branch>
<Keyword EndOffset="6448" SrcFileId="4" StartOffset="6446"/>
<LocList>
<Loc EndOffset="6527" SrcFileId="4" StartOffset="6446"/>
</LocList>
<RootTerm CovItemId="C11" CovItemPrefix="org.jfree.data.DataUtilities.java" Intrnl_Id="1494">
<BasicBoolTerm Intrnl_Id="1495">
<LocList>
<Loc EndOffset="6459" SrcFileId="4" StartOffset="6450"/>
</LocList>
</BasicBoolTerm>
</RootTerm>
</CondStmnt>
</StmntSeq>
<Keyword EndOffset="6346" SrcFileId="4" StartOffset="6343"/>
<LocList>
<Loc EndOffset="6538" SrcFileId="4" StartOffset="6343"/>
</LocList>
<RootTerm CovItemId="C10" CovItemPrefix="org.jfree.data.DataUtilities.java" Intrnl_Id="1496">
<BasicBoolTerm Intrnl_Id="1497">
<LocList>
<Loc EndOffset="6382" SrcFileId="4" StartOffset="6359"/>
</LocList>
</BasicBoolTerm>
</RootTerm>
</LoopStmnt>
<BasicStmnt CovItemId="S36" CovItemPrefix="org.jfree.data.DataUtilities.java" Intrnl_Id="1498">
<LocList>
<Loc EndOffset="6574" SrcFileId="4" StartOffset="6548"/>
</LocList>
</BasicStmnt>
<LoopStmnt CovItemId="S37" CovItemPrefix="org.jfree.data.DataUtilities.java" Intrnl_Id="1499" MltplExecId="L6-2" MltplExecPrefix="org.jfree.data.DataUtilities.java" NvrExecId="L6-0" NvrExecPrefix="org.jfree.data.DataUtilities.java" OnceExecutedId="L6-1" OnceExecutedPrefix="org.jfree.data.DataUtilities.java" OptBodyExec="true">
<StmntSeq Intrnl_Id="1500">
<LocList>
<Loc EndOffset="6673" SrcFileId="4" StartOffset="6645"/>
<Loc EndOffset="6789" SrcFileId="4" StartOffset="6687"/>
<Loc EndOffset="6869" SrcFileId="4" StartOffset="6803"/>
</LocList>
<BasicStmnt CovItemId="S38" CovItemPrefix="org.jfree.data.DataUtilities.java" Intrnl_Id="1501">
<LocList>
<Loc EndOffset="6673" SrcFileId="4" StartOffset="6645"/>
</LocList>
</BasicStmnt>
<CondStmnt CovItemId="S39" CovItemPrefix="org.jfree.data.DataUtilities.java" Intrnl_Id="1502">
<Branch CovItemId="B13" CovItemPrefix="org.jfree.data.DataUtilities.java" Implct="false" Intrnl_Id="1503">
<Cond/>
<LocList>
<Loc EndOffset="6789" SrcFileId="4" StartOffset="6702"/>
</LocList>
<StmntSeq Intrnl_Id="1504">
<LocList>
<Loc EndOffset="6774" SrcFileId="4" StartOffset="6721"/>
</LocList>
<BasicStmnt CovItemId="S40" CovItemPrefix="org.jfree.data.DataUtilities.java" Intrnl_Id="1505">
<LocList>
<Loc EndOffset="6774" SrcFileId="4" StartOffset="6721"/>
</LocList>
</BasicStmnt>
</StmntSeq>
</Branch>
<Branch CovItemId="B14" CovItemPrefix="org.jfree.data.DataUtilities.java" Implct="true" Intrnl_Id="1506">
<Cond/>
<LocList/>
<StmntSeq Intrnl_Id="1507">
<LocList/>
</StmntSeq>
</Branch>
<Keyword EndOffset="6689" SrcFileId="4" StartOffset="6687"/>
<LocList>
<Loc EndOffset="6789" SrcFileId="4" StartOffset="6687"/>
</LocList>
<RootTerm CovItemId="C13" CovItemPrefix="org.jfree.data.DataUtilities.java" Intrnl_Id="1508">
<BasicBoolTerm Intrnl_Id="1509">
<LocList>
<Loc EndOffset="6700" SrcFileId="4" StartOffset="6691"/>
</LocList>
</BasicBoolTerm>
</RootTerm>
</CondStmnt>
<BasicStmnt CovItemId="S41" CovItemPrefix="org.jfree.data.DataUtilities.java" Intrnl_Id="1510">
<LocList>
<Loc EndOffset="6869" SrcFileId="4" StartOffset="6803"/>
</LocList>
</BasicStmnt>
</StmntSeq>
<Keyword EndOffset="6587" SrcFileId="4" StartOffset="6584"/>
<LocList>
<Loc EndOffset="6880" SrcFileId="4" StartOffset="6584"/>
</LocList>
<RootTerm CovItemId="C12" CovItemPrefix="org.jfree.data.DataUtilities.java" Intrnl_Id="1511">
<BasicBoolTerm Intrnl_Id="1512">
<LocList>
<Loc EndOffset="6623" SrcFileId="4" StartOffset="6600"/>
</LocList>
</BasicBoolTerm>
</RootTerm>
</LoopStmnt>
<BasicStmnt CovItemId="S42" CovItemPrefix="org.jfree.data.DataUtilities.java" Intrnl_Id="1513">
<LocList>
<Loc EndOffset="6904" SrcFileId="4" StartOffset="6890"/>
</LocList>
</BasicStmnt>
</StmntSeq>
</HierarchyLvl>
</HierarchyLvl>
</HierarchyLvl>
</HierarchyLvl>
</HierarchyLvl>
</HierarchyLvl>
</MASTRoot>
</TestSessionContainer>
